INFO:faiss.loader:Loading faiss with AVX2 support.
INFO:faiss.loader:Successfully loaded faiss with AVX2 support.
INFO:faiss.loader:Loading faiss with AVX2 support.
INFO:faiss.loader:Successfully loaded faiss with AVX2 support.
INFO:root:called-params configs/in1k_vith14_ep300_FGDCC.yaml
INFO:root:loaded params...
{   'data': {   'batch_size': 96,
                'color_jitter_strength': 0.0,
                'crop_scale': [0.3, 1.0],
                'crop_size': 224,
                'cutmix': 0.0,
                'drop_path': 0.25,
                'image_folder': '/home/rtcalumby/adam/luciano/plantnet_300K/',
                'mixup': 0.0,
                'nb_classes': 1081,
                'num_workers': 16,
                'pin_mem': True,
                'reprob': 0.25,
                'resume_epoch': 0,
                'root_path': '/home/rtcalumby/adam/luciano/',
                'use_color_distortion': False,
                'use_gaussian_blur': False,
                'use_horizontal_flip': False},
    'logging': {   'folder': '/home/rtcalumby/adam/luciano/LifeCLEFPlant2022/logs/PlantNet300k_exp40',
                   'write_tag': 'jepa'},
    'mask': {   'allow_overlap': False,
                'aspect_ratio': [0.75, 1.5],
                'enc_mask_scale': [0.85, 1.0],
                'min_keep': 10,
                'num_enc_masks': 1,
                'num_pred_masks': 4,
                'patch_size': 14,
                'pred_mask_scale': [0.15, 0.2]},
    'meta': {   'copy_data': False,
                'load_checkpoint': True,
                'model_name': 'vit_huge',
                'pred_depth': 12,
                'pred_emb_dim': 384,
                'read_checkpoint': None,
                'use_bfloat16': True},
    'optimization': {   'ema': [0.9, 0.999],
                        'epochs': 75,
                        'final_lr': 1e-05,
                        'final_weight_decay': 0.4,
                        'ipe_scale': 1.0,
                        'label_smoothing': 0.1,
                        'lr': 2.5e-05,
                        'start_lr': 8.5e-05,
                        'warmup': 5,
                        'weight_decay': 0.05}}
INFO:root:Running... (rank: 0/1)
INFO:root:Initialized (rank/world-size) 0/1
INFO:root:MaskedAutoEncoder(
  (encoder): Sequential(
    (0): Linear(in_features=1280, out_features=1152, bias=True)
    (1): GELU(approximate='none')
    (2): Linear(in_features=1152, out_features=1024, bias=True)
    (3): GELU(approximate='none')
    (4): Linear(in_features=1024, out_features=768, bias=True)
  )
  (decoder): Sequential(
    (0): Linear(in_features=768, out_features=1024, bias=True)
    (1): GELU(approximate='none')
    (2): Linear(in_features=1024, out_features=1152, bias=True)
    (3): GELU(approximate='none')
    (4): Linear(in_features=1152, out_features=1280, bias=True)
  )
)
INFO:root:making imagenet data transforms
INFO:root:making imagenet data transforms
INFO:root:Finetuning dataset created
Training dataset, length: 245952
INFO:root:Finetuning dataset created
Val dataset, length: 31200
INFO:root:Using AdamW
['encoder', 'predictor', 'opt', 'scaler', 'target_encoder', 'epoch', 'loss', 'batch_size', 'world_size', 'lr']
INFO:root:loaded pretrained encoder from epoch 66 with msg: <All keys matched successfully>
INFO:root:PairedCrossAttentionClassifier(
  (act): GELU(approximate='none')
  (subclass_proj): Sequential(
    (0): Linear(in_features=1280, out_features=1280, bias=True)
    (1): GELU(approximate='none')
  )
  (parent_cross_attention): MultiHeadCrossAttention(
    (query): Linear(in_features=1280, out_features=1280, bias=True)
    (key): Linear(in_features=1280, out_features=1280, bias=True)
    (value): Linear(in_features=1280, out_features=1280, bias=True)
  )
  (subclass_cross_attention): MultiHeadCrossAttention(
    (query): Linear(in_features=1280, out_features=1280, bias=True)
    (key): Linear(in_features=1280, out_features=1280, bias=True)
    (value): Linear(in_features=1280, out_features=1280, bias=True)
  )
  (parent_feature_selection): Linear(in_features=2560, out_features=1280, bias=True)
  (subclass_feature_selection): Linear(in_features=2560, out_features=1280, bias=True)
  (parent_classifier): Linear(in_features=2560, out_features=1081, bias=True)
  (subclass_classifier): Linear(in_features=1280, out_features=4324, bias=True)
  (head_drop): Dropout(p=0.25, inplace=False)
)
INFO:root:Using AdamW
INFO:root:VisionTransformer(
  (patch_embed): PatchEmbed(
    (proj): Conv2d(3, 1280, kernel_size=(14, 14), stride=(14, 14))
  )
  (blocks): ModuleList(
    (0-31): 32 x Block(
      (norm1): LayerNorm((1280,), eps=1e-06, elementwise_affine=True)
      (attn): Attention(
        (qkv): Linear(in_features=1280, out_features=3840, bias=True)
        (attn_drop): Dropout(p=0.0, inplace=False)
        (proj): Linear(in_features=1280, out_features=1280, bias=True)
        (proj_drop): Dropout(p=0.0, inplace=False)
      )
      (drop_path): Identity()
      (norm2): LayerNorm((1280,), eps=1e-06, elementwise_affine=True)
      (mlp): MLP(
        (fc1): Linear(in_features=1280, out_features=5120, bias=True)
        (act): GELU(approximate='none')
        (fc2): Linear(in_features=5120, out_features=1280, bias=True)
        (drop): Dropout(p=0.0, inplace=False)
      )
    )
  )
  (norm): LayerNorm((1280,), eps=1e-06, elementwise_affine=True)
)
INFO:root:Autoencoder Training...
INFO:root: - - Epoch: 1 - - 
INFO:faiss.loader:Loading faiss with AVX2 support.
INFO:faiss.loader:Successfully loaded faiss with AVX2 support.
INFO:faiss.loader:Loading faiss with AVX2 support.
INFO:faiss.loader:Successfully loaded faiss with AVX2 support.
INFO:faiss.loader:Loading faiss with AVX2 support.
INFO:faiss.loader:Successfully loaded faiss with AVX2 support.
INFO:faiss.loader:Loading faiss with AVX2 support.
INFO:faiss.loader:Successfully loaded faiss with AVX2 support.
INFO:faiss.loader:Loading faiss with AVX2 support.
INFO:faiss.loader:Successfully loaded faiss with AVX2 support.
INFO:faiss.loader:Loading faiss with AVX2 support.
INFO:faiss.loader:Successfully loaded faiss with AVX2 support.
INFO:faiss.loader:Loading faiss with AVX2 support.
INFO:faiss.loader:Successfully loaded faiss with AVX2 support.
INFO:faiss.loader:Loading faiss with AVX2 support.
INFO:faiss.loader:Successfully loaded faiss with AVX2 support.
INFO:faiss.loader:Loading faiss with AVX2 support.
INFO:faiss.loader:Successfully loaded faiss with AVX2 support.
INFO:faiss.loader:Loading faiss with AVX2 support.
INFO:faiss.loader:Successfully loaded faiss with AVX2 support.
INFO:faiss.loader:Loading faiss with AVX2 support.
INFO:faiss.loader:Successfully loaded faiss with AVX2 support.
INFO:faiss.loader:Loading faiss with AVX2 support.
INFO:faiss.loader:Successfully loaded faiss with AVX2 support.
INFO:faiss.loader:Loading faiss with AVX2 support.
INFO:faiss.loader:Successfully loaded faiss with AVX2 support.
INFO:faiss.loader:Loading faiss with AVX2 support.
INFO:faiss.loader:Successfully loaded faiss with AVX2 support.
INFO:faiss.loader:Loading faiss with AVX2 support.
INFO:faiss.loader:Successfully loaded faiss with AVX2 support.
INFO:faiss.loader:Loading faiss with AVX2 support.
INFO:faiss.loader:Successfully loaded faiss with AVX2 support.
INFO:root:[1,     0/ 2562] - [Autoencoder Training] [Autoencoder Loss: 1.9893] [autoencoder lr: 1.50e-04][mem: 7.85e+03](2585.5 ms)
INFO:root:[1,   100/ 2562] - [Autoencoder Training] [Autoencoder Loss: 1.9905] [autoencoder lr: 1.51e-04][mem: 7.98e+03](325.0 ms)
INFO:root:[1,   200/ 2562] - [Autoencoder Training] [Autoencoder Loss: 1.9908] [autoencoder lr: 1.53e-04][mem: 7.98e+03](314.8 ms)
INFO:root:[1,   300/ 2562] - [Autoencoder Training] [Autoencoder Loss: 1.9908] [autoencoder lr: 1.54e-04][mem: 7.98e+03](311.5 ms)
INFO:root:[1,   400/ 2562] - [Autoencoder Training] [Autoencoder Loss: 1.9908] [autoencoder lr: 1.55e-04][mem: 7.98e+03](309.9 ms)
INFO:root:[1,   500/ 2562] - [Autoencoder Training] [Autoencoder Loss: 1.9908] [autoencoder lr: 1.57e-04][mem: 7.98e+03](308.9 ms)
INFO:root:[1,   600/ 2562] - [Autoencoder Training] [Autoencoder Loss: 1.9908] [autoencoder lr: 1.58e-04][mem: 7.98e+03](308.3 ms)
INFO:root:[1,   700/ 2562] - [Autoencoder Training] [Autoencoder Loss: 1.9908] [autoencoder lr: 1.60e-04][mem: 7.98e+03](307.9 ms)
INFO:root:[1,   800/ 2562] - [Autoencoder Training] [Autoencoder Loss: 1.9907] [autoencoder lr: 1.61e-04][mem: 7.98e+03](307.5 ms)
INFO:root:[1,   900/ 2562] - [Autoencoder Training] [Autoencoder Loss: 1.9908] [autoencoder lr: 1.62e-04][mem: 7.98e+03](307.3 ms)
INFO:root:[1,  1000/ 2562] - [Autoencoder Training] [Autoencoder Loss: 1.9908] [autoencoder lr: 1.64e-04][mem: 7.98e+03](307.1 ms)
INFO:root:[1,  1100/ 2562] - [Autoencoder Training] [Autoencoder Loss: 1.9908] [autoencoder lr: 1.65e-04][mem: 7.98e+03](306.9 ms)
INFO:root:[1,  1200/ 2562] - [Autoencoder Training] [Autoencoder Loss: 1.9908] [autoencoder lr: 1.66e-04][mem: 7.98e+03](306.7 ms)
INFO:root:[1,  1300/ 2562] - [Autoencoder Training] [Autoencoder Loss: 1.9908] [autoencoder lr: 1.68e-04][mem: 7.98e+03](306.5 ms)
INFO:root:[1,  1400/ 2562] - [Autoencoder Training] [Autoencoder Loss: 1.9908] [autoencoder lr: 1.69e-04][mem: 7.98e+03](306.4 ms)
INFO:root:[1,  1500/ 2562] - [Autoencoder Training] [Autoencoder Loss: 1.9908] [autoencoder lr: 1.71e-04][mem: 7.98e+03](306.2 ms)
INFO:root:[1,  1600/ 2562] - [Autoencoder Training] [Autoencoder Loss: 1.9908] [autoencoder lr: 1.72e-04][mem: 7.98e+03](306.1 ms)
INFO:root:[1,  1700/ 2562] - [Autoencoder Training] [Autoencoder Loss: 1.9908] [autoencoder lr: 1.73e-04][mem: 7.98e+03](306.0 ms)
INFO:root:[1,  1800/ 2562] - [Autoencoder Training] [Autoencoder Loss: 1.9908] [autoencoder lr: 1.75e-04][mem: 7.98e+03](305.9 ms)
INFO:root:[1,  1900/ 2562] - [Autoencoder Training] [Autoencoder Loss: 1.9908] [autoencoder lr: 1.76e-04][mem: 7.98e+03](305.8 ms)
INFO:root:[1,  2000/ 2562] - [Autoencoder Training] [Autoencoder Loss: 1.9908] [autoencoder lr: 1.77e-04][mem: 7.98e+03](305.7 ms)
INFO:root:[1,  2100/ 2562] - [Autoencoder Training] [Autoencoder Loss: 1.9908] [autoencoder lr: 1.79e-04][mem: 7.98e+03](305.6 ms)
INFO:root:[1,  2200/ 2562] - [Autoencoder Training] [Autoencoder Loss: 1.9908] [autoencoder lr: 1.80e-04][mem: 7.98e+03](305.6 ms)
INFO:root:[1,  2300/ 2562] - [Autoencoder Training] [Autoencoder Loss: 1.9908] [autoencoder lr: 1.81e-04][mem: 7.98e+03](305.5 ms)
INFO:root:[1,  2400/ 2562] - [Autoencoder Training] [Autoencoder Loss: 1.9907] [autoencoder lr: 1.83e-04][mem: 7.98e+03](305.5 ms)
INFO:root:[1,  2500/ 2562] - [Autoencoder Training] [Autoencoder Loss: 1.9908] [autoencoder lr: 1.84e-04][mem: 7.98e+03](305.4 ms)
INFO:root: - - Epoch: 2 - - 
INFO:faiss.loader:Loading faiss with AVX2 support.
INFO:faiss.loader:Successfully loaded faiss with AVX2 support.
INFO:faiss.loader:Loading faiss with AVX2 support.
INFO:faiss.loader:Successfully loaded faiss with AVX2 support.
INFO:faiss.loader:Loading faiss with AVX2 support.
INFO:faiss.loader:Successfully loaded faiss with AVX2 support.
INFO:faiss.loader:Loading faiss with AVX2 support.
INFO:faiss.loader:Successfully loaded faiss with AVX2 support.
INFO:faiss.loader:Loading faiss with AVX2 support.
INFO:faiss.loader:Successfully loaded faiss with AVX2 support.
INFO:faiss.loader:Loading faiss with AVX2 support.
INFO:faiss.loader:Successfully loaded faiss with AVX2 support.
INFO:faiss.loader:Loading faiss with AVX2 support.
INFO:faiss.loader:Successfully loaded faiss with AVX2 support.
INFO:faiss.loader:Loading faiss with AVX2 support.
INFO:faiss.loader:Successfully loaded faiss with AVX2 support.
INFO:faiss.loader:Loading faiss with AVX2 support.
INFO:faiss.loader:Successfully loaded faiss with AVX2 support.
INFO:faiss.loader:Loading faiss with AVX2 support.
INFO:faiss.loader:Successfully loaded faiss with AVX2 support.
INFO:faiss.loader:Loading faiss with AVX2 support.
INFO:faiss.loader:Successfully loaded faiss with AVX2 support.
INFO:faiss.loader:Loading faiss with AVX2 support.
INFO:faiss.loader:Successfully loaded faiss with AVX2 support.
INFO:faiss.loader:Loading faiss with AVX2 support.
INFO:faiss.loader:Successfully loaded faiss with AVX2 support.
INFO:faiss.loader:Loading faiss with AVX2 support.
INFO:faiss.loader:Successfully loaded faiss with AVX2 support.
INFO:faiss.loader:Loading faiss with AVX2 support.
INFO:faiss.loader:Successfully loaded faiss with AVX2 support.
INFO:faiss.loader:Loading faiss with AVX2 support.
INFO:faiss.loader:Successfully loaded faiss with AVX2 support.
INFO:root:[2,     0/ 2562] - [Autoencoder Training] [Autoencoder Loss: 1.9906] [autoencoder lr: 1.85e-04][mem: 7.98e+03](305.3 ms)
INFO:root:[2,   100/ 2562] - [Autoencoder Training] [Autoencoder Loss: 1.9725] [autoencoder lr: 1.86e-04][mem: 7.98e+03](305.2 ms)
INFO:root:[2,   200/ 2562] - [Autoencoder Training] [Autoencoder Loss: 1.9558] [autoencoder lr: 1.88e-04][mem: 7.98e+03](305.2 ms)
INFO:root:[2,   300/ 2562] - [Autoencoder Training] [Autoencoder Loss: 1.9403] [autoencoder lr: 1.89e-04][mem: 7.98e+03](305.2 ms)
INFO:root:[2,   400/ 2562] - [Autoencoder Training] [Autoencoder Loss: 1.9258] [autoencoder lr: 1.90e-04][mem: 7.98e+03](305.2 ms)
INFO:root:[2,   500/ 2562] - [Autoencoder Training] [Autoencoder Loss: 1.9122] [autoencoder lr: 1.92e-04][mem: 7.98e+03](305.1 ms)
INFO:root:[2,   600/ 2562] - [Autoencoder Training] [Autoencoder Loss: 1.8993] [autoencoder lr: 1.93e-04][mem: 7.98e+03](305.1 ms)
INFO:root:[2,   700/ 2562] - [Autoencoder Training] [Autoencoder Loss: 1.8874] [autoencoder lr: 1.95e-04][mem: 7.98e+03](305.1 ms)
INFO:root:[2,   800/ 2562] - [Autoencoder Training] [Autoencoder Loss: 1.8761] [autoencoder lr: 1.96e-04][mem: 7.98e+03](305.1 ms)
INFO:root:[2,   900/ 2562] - [Autoencoder Training] [Autoencoder Loss: 1.8655] [autoencoder lr: 1.97e-04][mem: 7.98e+03](305.1 ms)
INFO:root:[2,  1000/ 2562] - [Autoencoder Training] [Autoencoder Loss: 1.8555] [autoencoder lr: 1.99e-04][mem: 7.98e+03](305.1 ms)
INFO:root:[2,  1100/ 2562] - [Autoencoder Training] [Autoencoder Loss: 1.8462] [autoencoder lr: 2.00e-04][mem: 7.98e+03](305.1 ms)
INFO:root:[2,  1200/ 2562] - [Autoencoder Training] [Autoencoder Loss: 1.8372] [autoencoder lr: 2.01e-04][mem: 7.98e+03](305.1 ms)
INFO:root:[2,  1300/ 2562] - [Autoencoder Training] [Autoencoder Loss: 1.8288] [autoencoder lr: 2.03e-04][mem: 7.98e+03](305.1 ms)
INFO:root:[2,  1400/ 2562] - [Autoencoder Training] [Autoencoder Loss: 1.8208] [autoencoder lr: 2.04e-04][mem: 7.98e+03](305.1 ms)
INFO:root:[2,  1500/ 2562] - [Autoencoder Training] [Autoencoder Loss: 1.8132] [autoencoder lr: 2.06e-04][mem: 7.98e+03](305.1 ms)
INFO:root:[2,  1600/ 2562] - [Autoencoder Training] [Autoencoder Loss: 1.8058] [autoencoder lr: 2.07e-04][mem: 7.98e+03](305.1 ms)
INFO:root:[2,  1700/ 2562] - [Autoencoder Training] [Autoencoder Loss: 1.7989] [autoencoder lr: 2.08e-04][mem: 7.98e+03](305.1 ms)
INFO:root:[2,  1800/ 2562] - [Autoencoder Training] [Autoencoder Loss: 1.7923] [autoencoder lr: 2.10e-04][mem: 7.98e+03](305.1 ms)
INFO:root:[2,  1900/ 2562] - [Autoencoder Training] [Autoencoder Loss: 1.7860] [autoencoder lr: 2.11e-04][mem: 7.98e+03](305.1 ms)
INFO:root:[2,  2000/ 2562] - [Autoencoder Training] [Autoencoder Loss: 1.7799] [autoencoder lr: 2.12e-04][mem: 7.98e+03](305.0 ms)
INFO:root:[2,  2100/ 2562] - [Autoencoder Training] [Autoencoder Loss: 1.7741] [autoencoder lr: 2.14e-04][mem: 7.98e+03](305.0 ms)
INFO:root:[2,  2200/ 2562] - [Autoencoder Training] [Autoencoder Loss: 1.7686] [autoencoder lr: 2.15e-04][mem: 7.98e+03](305.0 ms)
INFO:root:[2,  2300/ 2562] - [Autoencoder Training] [Autoencoder Loss: 1.7632] [autoencoder lr: 2.16e-04][mem: 7.98e+03](305.0 ms)
INFO:root:[2,  2400/ 2562] - [Autoencoder Training] [Autoencoder Loss: 1.7582] [autoencoder lr: 2.18e-04][mem: 7.98e+03](305.0 ms)
INFO:root:[2,  2500/ 2562] - [Autoencoder Training] [Autoencoder Loss: 1.7533] [autoencoder lr: 2.19e-04][mem: 7.98e+03](305.0 ms)
INFO:root: - - Epoch: 3 - - 
INFO:faiss.loader:Loading faiss with AVX2 support.
INFO:faiss.loader:Successfully loaded faiss with AVX2 support.
INFO:faiss.loader:Loading faiss with AVX2 support.
INFO:faiss.loader:Successfully loaded faiss with AVX2 support.
INFO:faiss.loader:Loading faiss with AVX2 support.
INFO:faiss.loader:Successfully loaded faiss with AVX2 support.
INFO:faiss.loader:Loading faiss with AVX2 support.
INFO:faiss.loader:Successfully loaded faiss with AVX2 support.
INFO:faiss.loader:Loading faiss with AVX2 support.
INFO:faiss.loader:Successfully loaded faiss with AVX2 support.
INFO:faiss.loader:Loading faiss with AVX2 support.
INFO:faiss.loader:Successfully loaded faiss with AVX2 support.
INFO:faiss.loader:Loading faiss with AVX2 support.
INFO:faiss.loader:Successfully loaded faiss with AVX2 support.
INFO:faiss.loader:Loading faiss with AVX2 support.
INFO:faiss.loader:Successfully loaded faiss with AVX2 support.
INFO:faiss.loader:Loading faiss with AVX2 support.
INFO:faiss.loader:Successfully loaded faiss with AVX2 support.
INFO:faiss.loader:Loading faiss with AVX2 support.
INFO:faiss.loader:Successfully loaded faiss with AVX2 support.
INFO:faiss.loader:Loading faiss with AVX2 support.
INFO:faiss.loader:Successfully loaded faiss with AVX2 support.
INFO:faiss.loader:Loading faiss with AVX2 support.
INFO:faiss.loader:Successfully loaded faiss with AVX2 support.
INFO:faiss.loader:Loading faiss with AVX2 support.
INFO:faiss.loader:Successfully loaded faiss with AVX2 support.
INFO:faiss.loader:Loading faiss with AVX2 support.
INFO:faiss.loader:Successfully loaded faiss with AVX2 support.
INFO:faiss.loader:Loading faiss with AVX2 support.
INFO:faiss.loader:Successfully loaded faiss with AVX2 support.
INFO:faiss.loader:Loading faiss with AVX2 support.
INFO:faiss.loader:Successfully loaded faiss with AVX2 support.
INFO:root:[3,     0/ 2562] - [Autoencoder Training] [Autoencoder Loss: 1.7503] [autoencoder lr: 2.20e-04][mem: 7.98e+03](304.9 ms)
INFO:root:[3,   100/ 2562] - [Autoencoder Training] [Autoencoder Loss: 1.7456] [autoencoder lr: 2.21e-04][mem: 7.98e+03](304.9 ms)
INFO:root:[3,   200/ 2562] - [Autoencoder Training] [Autoencoder Loss: 1.7412] [autoencoder lr: 2.23e-04][mem: 7.98e+03](304.9 ms)
INFO:root:[3,   300/ 2562] - [Autoencoder Training] [Autoencoder Loss: 1.7368] [autoencoder lr: 2.24e-04][mem: 7.98e+03](304.8 ms)
INFO:root:[3,   400/ 2562] - [Autoencoder Training] [Autoencoder Loss: 1.7326] [autoencoder lr: 2.25e-04][mem: 7.98e+03](304.8 ms)
INFO:root:[3,   500/ 2562] - [Autoencoder Training] [Autoencoder Loss: 1.7287] [autoencoder lr: 2.27e-04][mem: 7.98e+03](304.8 ms)
INFO:root:[3,   600/ 2562] - [Autoencoder Training] [Autoencoder Loss: 1.7248] [autoencoder lr: 2.28e-04][mem: 7.98e+03](304.8 ms)
INFO:root:[3,   700/ 2562] - [Autoencoder Training] [Autoencoder Loss: 1.7212] [autoencoder lr: 2.30e-04][mem: 7.98e+03](304.8 ms)
INFO:root:[3,   800/ 2562] - [Autoencoder Training] [Autoencoder Loss: 1.7176] [autoencoder lr: 2.31e-04][mem: 7.98e+03](304.8 ms)
INFO:root:[3,   900/ 2562] - [Autoencoder Training] [Autoencoder Loss: 1.7141] [autoencoder lr: 2.32e-04][mem: 7.98e+03](304.8 ms)
INFO:root:[3,  1000/ 2562] - [Autoencoder Training] [Autoencoder Loss: 1.7107] [autoencoder lr: 2.34e-04][mem: 7.98e+03](304.8 ms)
INFO:root:[3,  1100/ 2562] - [Autoencoder Training] [Autoencoder Loss: 1.7076] [autoencoder lr: 2.35e-04][mem: 7.98e+03](304.8 ms)
INFO:root:[3,  1200/ 2562] - [Autoencoder Training] [Autoencoder Loss: 1.7045] [autoencoder lr: 2.36e-04][mem: 7.98e+03](304.8 ms)
INFO:root:[3,  1300/ 2562] - [Autoencoder Training] [Autoencoder Loss: 1.7014] [autoencoder lr: 2.38e-04][mem: 7.98e+03](304.8 ms)
INFO:root:[3,  1400/ 2562] - [Autoencoder Training] [Autoencoder Loss: 1.6984] [autoencoder lr: 2.39e-04][mem: 7.98e+03](304.8 ms)
INFO:root:[3,  1500/ 2562] - [Autoencoder Training] [Autoencoder Loss: 1.6956] [autoencoder lr: 2.41e-04][mem: 7.98e+03](304.8 ms)
INFO:root:[3,  1600/ 2562] - [Autoencoder Training] [Autoencoder Loss: 1.6928] [autoencoder lr: 2.42e-04][mem: 7.98e+03](304.8 ms)
INFO:root:[3,  1700/ 2562] - [Autoencoder Training] [Autoencoder Loss: 1.6901] [autoencoder lr: 2.43e-04][mem: 7.98e+03](304.8 ms)
INFO:root:[3,  1800/ 2562] - [Autoencoder Training] [Autoencoder Loss: 1.6875] [autoencoder lr: 2.45e-04][mem: 7.98e+03](304.8 ms)
INFO:root:[3,  1900/ 2562] - [Autoencoder Training] [Autoencoder Loss: 1.6849] [autoencoder lr: 2.46e-04][mem: 7.98e+03](304.8 ms)
INFO:root:[3,  2000/ 2562] - [Autoencoder Training] [Autoencoder Loss: 1.6825] [autoencoder lr: 2.47e-04][mem: 7.98e+03](304.8 ms)
INFO:root:[3,  2100/ 2562] - [Autoencoder Training] [Autoencoder Loss: 1.6801] [autoencoder lr: 2.49e-04][mem: 7.98e+03](304.8 ms)
INFO:root:[3,  2200/ 2562] - [Autoencoder Training] [Autoencoder Loss: 1.6778] [autoencoder lr: 2.50e-04][mem: 7.98e+03](304.8 ms)
INFO:root:[3,  2300/ 2562] - [Autoencoder Training] [Autoencoder Loss: 1.6755] [autoencoder lr: 2.51e-04][mem: 7.98e+03](304.8 ms)
INFO:root:[3,  2400/ 2562] - [Autoencoder Training] [Autoencoder Loss: 1.6733] [autoencoder lr: 2.53e-04][mem: 7.98e+03](304.8 ms)
INFO:root:[3,  2500/ 2562] - [Autoencoder Training] [Autoencoder Loss: 1.6712] [autoencoder lr: 2.54e-04][mem: 7.98e+03](304.8 ms)
INFO:root: - - Epoch: 4 - - 
INFO:faiss.loader:Loading faiss with AVX2 support.
INFO:faiss.loader:Successfully loaded faiss with AVX2 support.
INFO:faiss.loader:Loading faiss with AVX2 support.
INFO:faiss.loader:Successfully loaded faiss with AVX2 support.
INFO:faiss.loader:Loading faiss with AVX2 support.
INFO:faiss.loader:Successfully loaded faiss with AVX2 support.
INFO:faiss.loader:Loading faiss with AVX2 support.
INFO:faiss.loader:Successfully loaded faiss with AVX2 support.
INFO:faiss.loader:Loading faiss with AVX2 support.
INFO:faiss.loader:Successfully loaded faiss with AVX2 support.
INFO:faiss.loader:Loading faiss with AVX2 support.
INFO:faiss.loader:Successfully loaded faiss with AVX2 support.
INFO:faiss.loader:Loading faiss with AVX2 support.
INFO:faiss.loader:Successfully loaded faiss with AVX2 support.
INFO:faiss.loader:Loading faiss with AVX2 support.
INFO:faiss.loader:Successfully loaded faiss with AVX2 support.
INFO:faiss.loader:Loading faiss with AVX2 support.
INFO:faiss.loader:Successfully loaded faiss with AVX2 support.
INFO:faiss.loader:Loading faiss with AVX2 support.
INFO:faiss.loader:Successfully loaded faiss with AVX2 support.
INFO:faiss.loader:Loading faiss with AVX2 support.
INFO:faiss.loader:Successfully loaded faiss with AVX2 support.
INFO:faiss.loader:Loading faiss with AVX2 support.
INFO:faiss.loader:Successfully loaded faiss with AVX2 support.
INFO:faiss.loader:Loading faiss with AVX2 support.
INFO:faiss.loader:Successfully loaded faiss with AVX2 support.
INFO:faiss.loader:Loading faiss with AVX2 support.
INFO:faiss.loader:Successfully loaded faiss with AVX2 support.
INFO:faiss.loader:Loading faiss with AVX2 support.
INFO:faiss.loader:Successfully loaded faiss with AVX2 support.
INFO:faiss.loader:Loading faiss with AVX2 support.
INFO:faiss.loader:Successfully loaded faiss with AVX2 support.
INFO:root:[4,     0/ 2562] - [Autoencoder Training] [Autoencoder Loss: 1.6699] [autoencoder lr: 2.55e-04][mem: 7.98e+03](304.8 ms)
INFO:root:[4,   100/ 2562] - [Autoencoder Training] [Autoencoder Loss: 1.6679] [autoencoder lr: 2.56e-04][mem: 7.98e+03](304.7 ms)
INFO:root:[4,   200/ 2562] - [Autoencoder Training] [Autoencoder Loss: 1.6659] [autoencoder lr: 2.58e-04][mem: 7.98e+03](304.7 ms)
INFO:root:[4,   300/ 2562] - [Autoencoder Training] [Autoencoder Loss: 1.6639] [autoencoder lr: 2.59e-04][mem: 7.98e+03](304.7 ms)
INFO:root:[4,   400/ 2562] - [Autoencoder Training] [Autoencoder Loss: 1.6620] [autoencoder lr: 2.60e-04][mem: 7.98e+03](304.7 ms)
INFO:root:[4,   500/ 2562] - [Autoencoder Training] [Autoencoder Loss: 1.6602] [autoencoder lr: 2.62e-04][mem: 7.98e+03](304.7 ms)
INFO:root:[4,   600/ 2562] - [Autoencoder Training] [Autoencoder Loss: 1.6583] [autoencoder lr: 2.63e-04][mem: 7.98e+03](304.7 ms)
INFO:root:[4,   700/ 2562] - [Autoencoder Training] [Autoencoder Loss: 1.6565] [autoencoder lr: 2.65e-04][mem: 7.98e+03](304.6 ms)
INFO:root:[4,   800/ 2562] - [Autoencoder Training] [Autoencoder Loss: 1.6548] [autoencoder lr: 2.66e-04][mem: 7.98e+03](304.6 ms)
INFO:root:[4,   900/ 2562] - [Autoencoder Training] [Autoencoder Loss: 1.6532] [autoencoder lr: 2.67e-04][mem: 7.98e+03](304.6 ms)
INFO:root:[4,  1000/ 2562] - [Autoencoder Training] [Autoencoder Loss: 1.6515] [autoencoder lr: 2.69e-04][mem: 7.98e+03](304.6 ms)
INFO:root:[4,  1100/ 2562] - [Autoencoder Training] [Autoencoder Loss: 1.6499] [autoencoder lr: 2.70e-04][mem: 7.98e+03](304.6 ms)
INFO:root:[4,  1200/ 2562] - [Autoencoder Training] [Autoencoder Loss: 1.6484] [autoencoder lr: 2.71e-04][mem: 7.98e+03](304.6 ms)
INFO:root:[4,  1300/ 2562] - [Autoencoder Training] [Autoencoder Loss: 1.6468] [autoencoder lr: 2.73e-04][mem: 7.98e+03](304.6 ms)
INFO:root:[4,  1400/ 2562] - [Autoencoder Training] [Autoencoder Loss: 1.6453] [autoencoder lr: 2.74e-04][mem: 7.98e+03](304.6 ms)
INFO:root:[4,  1500/ 2562] - [Autoencoder Training] [Autoencoder Loss: 1.6439] [autoencoder lr: 2.76e-04][mem: 7.98e+03](304.6 ms)
INFO:root:[4,  1600/ 2562] - [Autoencoder Training] [Autoencoder Loss: 1.6424] [autoencoder lr: 2.77e-04][mem: 7.98e+03](304.6 ms)
INFO:root:[4,  1700/ 2562] - [Autoencoder Training] [Autoencoder Loss: 1.6411] [autoencoder lr: 2.78e-04][mem: 7.98e+03](304.6 ms)
INFO:root:[4,  1800/ 2562] - [Autoencoder Training] [Autoencoder Loss: 1.6397] [autoencoder lr: 2.80e-04][mem: 7.98e+03](304.6 ms)
INFO:root:[4,  1900/ 2562] - [Autoencoder Training] [Autoencoder Loss: 1.6383] [autoencoder lr: 2.81e-04][mem: 7.98e+03](304.6 ms)
INFO:root:[4,  2000/ 2562] - [Autoencoder Training] [Autoencoder Loss: 1.6370] [autoencoder lr: 2.82e-04][mem: 7.98e+03](304.6 ms)
INFO:root:[4,  2100/ 2562] - [Autoencoder Training] [Autoencoder Loss: 1.6357] [autoencoder lr: 2.84e-04][mem: 7.98e+03](304.6 ms)
INFO:root:[4,  2200/ 2562] - [Autoencoder Training] [Autoencoder Loss: 1.6345] [autoencoder lr: 2.85e-04][mem: 7.98e+03](304.6 ms)
INFO:root:[4,  2300/ 2562] - [Autoencoder Training] [Autoencoder Loss: 1.6332] [autoencoder lr: 2.86e-04][mem: 7.98e+03](304.6 ms)
INFO:root:[4,  2400/ 2562] - [Autoencoder Training] [Autoencoder Loss: 1.6320] [autoencoder lr: 2.88e-04][mem: 7.98e+03](304.6 ms)
INFO:root:[4,  2500/ 2562] - [Autoencoder Training] [Autoencoder Loss: 1.6309] [autoencoder lr: 2.89e-04][mem: 7.98e+03](304.6 ms)
INFO:root: - - Epoch: 5 - - 
INFO:faiss.loader:Loading faiss with AVX2 support.
INFO:faiss.loader:Successfully loaded faiss with AVX2 support.
INFO:faiss.loader:Loading faiss with AVX2 support.
INFO:faiss.loader:Successfully loaded faiss with AVX2 support.
INFO:faiss.loader:Loading faiss with AVX2 support.
INFO:faiss.loader:Successfully loaded faiss with AVX2 support.
INFO:faiss.loader:Loading faiss with AVX2 support.
INFO:faiss.loader:Successfully loaded faiss with AVX2 support.
INFO:faiss.loader:Loading faiss with AVX2 support.
INFO:faiss.loader:Successfully loaded faiss with AVX2 support.
INFO:faiss.loader:Loading faiss with AVX2 support.
INFO:faiss.loader:Successfully loaded faiss with AVX2 support.
INFO:faiss.loader:Loading faiss with AVX2 support.
INFO:faiss.loader:Successfully loaded faiss with AVX2 support.
INFO:faiss.loader:Loading faiss with AVX2 support.
INFO:faiss.loader:Successfully loaded faiss with AVX2 support.
INFO:faiss.loader:Loading faiss with AVX2 support.
INFO:faiss.loader:Successfully loaded faiss with AVX2 support.
INFO:faiss.loader:Loading faiss with AVX2 support.
INFO:faiss.loader:Successfully loaded faiss with AVX2 support.
INFO:faiss.loader:Loading faiss with AVX2 support.
INFO:faiss.loader:Successfully loaded faiss with AVX2 support.
INFO:faiss.loader:Loading faiss with AVX2 support.
INFO:faiss.loader:Successfully loaded faiss with AVX2 support.
INFO:faiss.loader:Loading faiss with AVX2 support.
INFO:faiss.loader:Successfully loaded faiss with AVX2 support.
INFO:faiss.loader:Loading faiss with AVX2 support.
INFO:faiss.loader:Successfully loaded faiss with AVX2 support.
INFO:faiss.loader:Loading faiss with AVX2 support.
INFO:faiss.loader:Successfully loaded faiss with AVX2 support.
INFO:faiss.loader:Loading faiss with AVX2 support.
INFO:faiss.loader:Successfully loaded faiss with AVX2 support.
INFO:root:[5,     0/ 2562] - [Autoencoder Training] [Autoencoder Loss: 1.6301] [autoencoder lr: 2.90e-04][mem: 7.98e+03](304.6 ms)
INFO:root:[5,   100/ 2562] - [Autoencoder Training] [Autoencoder Loss: 1.6290] [autoencoder lr: 2.91e-04][mem: 7.98e+03](304.6 ms)
INFO:root:[5,   200/ 2562] - [Autoencoder Training] [Autoencoder Loss: 1.6278] [autoencoder lr: 2.93e-04][mem: 7.98e+03](304.6 ms)
INFO:root:[5,   300/ 2562] - [Autoencoder Training] [Autoencoder Loss: 1.6267] [autoencoder lr: 2.94e-04][mem: 7.98e+03](304.6 ms)
INFO:root:[5,   400/ 2562] - [Autoencoder Training] [Autoencoder Loss: 1.6256] [autoencoder lr: 2.95e-04][mem: 7.98e+03](304.6 ms)
INFO:root:[5,   500/ 2562] - [Autoencoder Training] [Autoencoder Loss: 1.6245] [autoencoder lr: 2.97e-04][mem: 7.98e+03](304.5 ms)
INFO:root:[5,   600/ 2562] - [Autoencoder Training] [Autoencoder Loss: 1.6234] [autoencoder lr: 2.98e-04][mem: 7.98e+03](304.5 ms)
INFO:root:[5,   700/ 2562] - [Autoencoder Training] [Autoencoder Loss: 1.6224] [autoencoder lr: 3.00e-04][mem: 7.98e+03](304.5 ms)
INFO:root:[5,   800/ 2562] - [Autoencoder Training] [Autoencoder Loss: 1.6214] [autoencoder lr: 3.01e-04][mem: 7.98e+03](304.5 ms)
INFO:root:[5,   900/ 2562] - [Autoencoder Training] [Autoencoder Loss: 1.6204] [autoencoder lr: 3.02e-04][mem: 7.98e+03](304.5 ms)
INFO:root:[5,  1000/ 2562] - [Autoencoder Training] [Autoencoder Loss: 1.6194] [autoencoder lr: 3.04e-04][mem: 7.98e+03](304.5 ms)
INFO:root:[5,  1100/ 2562] - [Autoencoder Training] [Autoencoder Loss: 1.6185] [autoencoder lr: 3.05e-04][mem: 7.98e+03](304.5 ms)
INFO:root:[5,  1200/ 2562] - [Autoencoder Training] [Autoencoder Loss: 1.6175] [autoencoder lr: 3.06e-04][mem: 7.98e+03](304.4 ms)
INFO:root:[5,  1300/ 2562] - [Autoencoder Training] [Autoencoder Loss: 1.6166] [autoencoder lr: 3.08e-04][mem: 7.98e+03](304.4 ms)
INFO:root:[5,  1400/ 2562] - [Autoencoder Training] [Autoencoder Loss: 1.6156] [autoencoder lr: 3.09e-04][mem: 7.98e+03](304.4 ms)
INFO:root:[5,  1500/ 2562] - [Autoencoder Training] [Autoencoder Loss: 1.6147] [autoencoder lr: 3.11e-04][mem: 7.98e+03](304.4 ms)
INFO:root:[5,  1600/ 2562] - [Autoencoder Training] [Autoencoder Loss: 1.6139] [autoencoder lr: 3.12e-04][mem: 7.98e+03](304.4 ms)
INFO:root:[5,  1700/ 2562] - [Autoencoder Training] [Autoencoder Loss: 1.6130] [autoencoder lr: 3.13e-04][mem: 7.98e+03](304.4 ms)
INFO:root:[5,  1800/ 2562] - [Autoencoder Training] [Autoencoder Loss: 1.6122] [autoencoder lr: 3.15e-04][mem: 7.98e+03](304.4 ms)
INFO:root:[5,  1900/ 2562] - [Autoencoder Training] [Autoencoder Loss: 1.6113] [autoencoder lr: 3.16e-04][mem: 7.98e+03](304.4 ms)
INFO:root:[5,  2000/ 2562] - [Autoencoder Training] [Autoencoder Loss: 1.6105] [autoencoder lr: 3.17e-04][mem: 7.98e+03](304.3 ms)
