INFO:faiss.loader:Loading faiss with AVX2 support.
INFO:faiss.loader:Successfully loaded faiss with AVX2 support.
INFO:faiss.loader:Loading faiss with AVX2 support.
INFO:faiss.loader:Successfully loaded faiss with AVX2 support.
INFO:root:called-params configs/in1k_vith14_ep300_FGDCC.yaml
INFO:root:loaded params...
{   'data': {   'batch_size': 64,
                'color_jitter_strength': 0.0,
                'crop_scale': [0.3, 1.0],
                'crop_size': 224,
                'cutmix': 0.0,
                'drop_path': 0.25,
                'image_folder': '/home/rtcalumby/adam/luciano/plantnet_300K/',
                'mixup': 0.0,
                'nb_classes': 1081,
                'num_workers': 8,
                'pin_mem': True,
                'reprob': 0.25,
                'resume_epoch': 0,
                'root_path': '/home/rtcalumby/adam/luciano/',
                'use_color_distortion': False,
                'use_gaussian_blur': False,
                'use_horizontal_flip': False},
    'logging': {   'folder': '/home/rtcalumby/adam/luciano/LifeCLEFPlant2022/logs/PlantNet300k_exp23',
                   'write_tag': 'jepa'},
    'mask': {   'allow_overlap': False,
                'aspect_ratio': [0.75, 1.5],
                'enc_mask_scale': [0.85, 1.0],
                'min_keep': 10,
                'num_enc_masks': 1,
                'num_pred_masks': 4,
                'patch_size': 14,
                'pred_mask_scale': [0.15, 0.2]},
    'meta': {   'copy_data': False,
                'load_checkpoint': True,
                'model_name': 'vit_huge',
                'pred_depth': 12,
                'pred_emb_dim': 384,
                'read_checkpoint': None,
                'use_bfloat16': True},
    'optimization': {   'ema': [0.9, 0.999],
                        'epochs': 50,
                        'final_lr': 1e-05,
                        'final_weight_decay': 0.4,
                        'ipe_scale': 1.0,
                        'label_smoothing': 0.1,
                        'lr': 0.0003,
                        'start_lr': 0.0001,
                        'warmup': 5,
                        'weight_decay': 0.05}}
INFO:root:Running... (rank: 0/1)
INFO:root:Initialized (rank/world-size) 0/1
INFO:root:MaskedAutoEncoder(
  (encoder): Sequential(
    (0): Linear(in_features=1280, out_features=1024, bias=True)
    (1): GELU(approximate='none')
    (2): Linear(in_features=1024, out_features=768, bias=True)
    (3): GELU(approximate='none')
    (4): Linear(in_features=768, out_features=512, bias=True)
    (5): GELU(approximate='none')
    (6): Linear(in_features=512, out_features=384, bias=True)
    (7): GELU(approximate='none')
  )
  (decoder): Sequential(
    (0): Linear(in_features=384, out_features=512, bias=True)
    (1): GELU(approximate='none')
    (2): Linear(in_features=512, out_features=768, bias=True)
    (3): GELU(approximate='none')
    (4): Linear(in_features=768, out_features=1024, bias=True)
    (5): GELU(approximate='none')
    (6): Linear(in_features=1024, out_features=1280, bias=True)
  )
)
INFO:root:making imagenet data transforms
INFO:root:making imagenet data transforms
INFO:root:Finetuning dataset created
Training dataset, length: 245952
INFO:root:Finetuning dataset created
Val dataset, length: 31168
INFO:root:Using AdamW
['encoder', 'predictor', 'opt', 'scaler', 'target_encoder', 'epoch', 'loss', 'batch_size', 'world_size', 'lr']
INFO:root:loaded pretrained encoder from epoch 66 with msg: <All keys matched successfully>
INFO:root:MultiHeadAttentionClassifier(
  (act): GELU(approximate='none')
  (parent_proj): Sequential(
    (0): Linear(in_features=1280, out_features=5120, bias=True)
    (1): GELU(approximate='none')
  )
  (subclass_proj): Sequential(
    (0): Linear(in_features=1280, out_features=5120, bias=True)
    (1): GELU(approximate='none')
  )
  (cross_attention): MultiHeadCrossAttention(
    (query): Linear(in_features=5120, out_features=5120, bias=True)
    (key): Linear(in_features=5120, out_features=5120, bias=True)
    (value): Linear(in_features=5120, out_features=5120, bias=True)
  )
  (parent_classifier): Linear(in_features=1280, out_features=1081, bias=True)
  (subclass_classifier): Linear(in_features=1280, out_features=4324, bias=True)
  (parent_feature_selection): Sequential(
    (0): LayerNorm((6400,), eps=1e-05, elementwise_affine=True)
    (1): Linear(in_features=6400, out_features=1280, bias=True)
  )
  (subclass_feature_selection): Sequential(
    (0): LayerNorm((5120,), eps=1e-05, elementwise_affine=True)
    (1): Linear(in_features=5120, out_features=1280, bias=True)
  )
  (head_drop): Dropout(p=0.25, inplace=False)
)
INFO:root:Using AdamW
INFO:root:VisionTransformer(
  (patch_embed): PatchEmbed(
    (proj): Conv2d(3, 1280, kernel_size=(14, 14), stride=(14, 14))
  )
  (blocks): ModuleList(
    (0-31): 32 x Block(
      (norm1): LayerNorm((1280,), eps=1e-06, elementwise_affine=True)
      (attn): Attention(
        (qkv): Linear(in_features=1280, out_features=3840, bias=True)
        (attn_drop): Dropout(p=0.0, inplace=False)
        (proj): Linear(in_features=1280, out_features=1280, bias=True)
        (proj_drop): Dropout(p=0.0, inplace=False)
      )
      (drop_path): Identity()
      (norm2): LayerNorm((1280,), eps=1e-06, elementwise_affine=True)
      (mlp): MLP(
        (fc1): Linear(in_features=1280, out_features=5120, bias=True)
        (act): GELU(approximate='none')
        (fc2): Linear(in_features=5120, out_features=1280, bias=True)
        (drop): Dropout(p=0.0, inplace=False)
      )
    )
  )
  (norm): LayerNorm((1280,), eps=1e-06, elementwise_affine=True)
)
INFO:root:Building cache...
INFO:root:Initializing centroids...
INFO:root:Update Step...
/home/rtcalumby/miniconda3/envs/py382/lib/python3.12/site-packages/faiss/contrib/torch_utils.py:51: UserWarning: TypedStorage is deprecated. It will be removed in the future and UntypedStorage will be the only storage class. This should only matter to you if you are using storages directly.  To access UntypedStorage directly, use tensor.untyped_storage() instead of tensor.storage()
  x.storage().data_ptr() + x.storage_offset() * 4)
INFO:root:Epoch 1
INFO:faiss.loader:Loading faiss with AVX2 support.
INFO:faiss.loader:Successfully loaded faiss with AVX2 support.
INFO:faiss.loader:Loading faiss with AVX2 support.
INFO:faiss.loader:Successfully loaded faiss with AVX2 support.
INFO:faiss.loader:Loading faiss with AVX2 support.
INFO:faiss.loader:Successfully loaded faiss with AVX2 support.
INFO:faiss.loader:Loading faiss with AVX2 support.
INFO:faiss.loader:Successfully loaded faiss with AVX2 support.
INFO:faiss.loader:Loading faiss with AVX2 support.
INFO:faiss.loader:Successfully loaded faiss with AVX2 support.
INFO:faiss.loader:Loading faiss with AVX2 support.
INFO:faiss.loader:Successfully loaded faiss with AVX2 support.
INFO:faiss.loader:Loading faiss with AVX2 support.
INFO:faiss.loader:Successfully loaded faiss with AVX2 support.
INFO:faiss.loader:Loading faiss with AVX2 support.
INFO:faiss.loader:Successfully loaded faiss with AVX2 support.
INFO:root:[1,     0/ 3843] - train_losses - Parent Class: 6.9856 - Children class: 8.3719 -Autoencoder Loss (total): 704.3653 - Reconstruction/K-Means Loss: [1.0639 / 703.3014] - Consistency Loss: [0.0000] - VICReg Loss: [0.0000][wd: 5.00e-02] [lr: 1.00e-04] [autoencoder lr: 1.00e-04][mem: 4.63e+04] (2670.0 ms)
INFO:root:[1,     0] grad_stats: [6.58e-04 6.74e-04] (3.59e-08, 2.10e+00)
INFO:root:[1,    50/ 3843] - train_losses - Parent Class: 6.0398 - Children class: 7.3280 -Autoencoder Loss (total): 722.1343 - Reconstruction/K-Means Loss: [0.6092 / 721.5252] - Consistency Loss: [0.0000] - VICReg Loss: [0.0000][wd: 5.00e-02] [lr: 1.01e-04] [autoencoder lr: 1.02e-04][mem: 5.26e+04] (943.4 ms)
INFO:root:[1,    50] grad_stats: [2.27e-04 7.15e-04] (4.55e-09, 5.37e+00)
INFO:root:[1,   100/ 3843] - train_losses - Parent Class: 5.8940 - Children class: 7.3074 -Autoencoder Loss (total): 742.8938 - Reconstruction/K-Means Loss: [0.5097 / 742.3841] - Consistency Loss: [0.0000] - VICReg Loss: [0.0000][wd: 5.00e-02] [lr: 1.01e-04] [autoencoder lr: 1.03e-04][mem: 5.32e+04] (943.5 ms)
INFO:root:[1,   100] grad_stats: [2.96e-05 6.12e-04] (4.19e-10, 4.90e+00)
INFO:root:[1,   150/ 3843] - train_losses - Parent Class: 5.8337 - Children class: 7.0696 -Autoencoder Loss (total): 743.3898 - Reconstruction/K-Means Loss: [0.4617 / 742.9282] - Consistency Loss: [0.0000] - VICReg Loss: [0.0000][wd: 5.00e-02] [lr: 1.02e-04] [autoencoder lr: 1.05e-04][mem: 5.37e+04] (969.1 ms)
INFO:root:[1,   150] grad_stats: [1.33e-04 2.01e-03] (6.23e-10, 5.19e+00)
INFO:root:[1,   200/ 3843] - train_losses - Parent Class: 5.7904 - Children class: 6.9048 -Autoencoder Loss (total): 743.4517 - Reconstruction/K-Means Loss: [0.4346 / 743.0171] - Consistency Loss: [0.0000] - VICReg Loss: [0.0000][wd: 5.00e-02] [lr: 1.02e-04] [autoencoder lr: 1.07e-04][mem: 5.42e+04] (990.1 ms)
INFO:root:[1,   200] grad_stats: [6.55e-05 1.07e-03] (8.31e-10, 4.90e+00)
INFO:root:[1,   250/ 3843] - train_losses - Parent Class: 5.7700 - Children class: 6.7777 -Autoencoder Loss (total): 744.0306 - Reconstruction/K-Means Loss: [0.4162 / 743.6144] - Consistency Loss: [0.0000] - VICReg Loss: [0.0000][wd: 5.00e-02] [lr: 1.03e-04] [autoencoder lr: 1.08e-04][mem: 5.48e+04] (1005.1 ms)
INFO:root:[1,   250] grad_stats: [3.58e-05 1.09e-03] (7.22e-11, 4.54e+00)
INFO:root:[1,   300/ 3843] - train_losses - Parent Class: 5.7603 - Children class: 6.6974 -Autoencoder Loss (total): 744.2912 - Reconstruction/K-Means Loss: [0.4038 / 743.8874] - Consistency Loss: [0.0000] - VICReg Loss: [0.0000][wd: 5.00e-02] [lr: 1.03e-04] [autoencoder lr: 1.10e-04][mem: 5.53e+04] (1016.5 ms)
INFO:root:[1,   300] grad_stats: [1.40e-05 2.33e-04] (2.21e-10, 4.70e+00)
INFO:root:[1,   350/ 3843] - train_losses - Parent Class: 5.7482 - Children class: 6.6258 -Autoencoder Loss (total): 744.1149 - Reconstruction/K-Means Loss: [0.3946 / 743.7204] - Consistency Loss: [0.0000] - VICReg Loss: [0.0000][wd: 5.00e-02] [lr: 1.04e-04] [autoencoder lr: 1.12e-04][mem: 5.58e+04] (1026.3 ms)
INFO:root:[1,   350] grad_stats: [1.46e-05 1.36e-04] (1.00e-10, 5.01e+00)
INFO:root:[1,   400/ 3843] - train_losses - Parent Class: 5.7392 - Children class: 6.5631 -Autoencoder Loss (total): 743.8784 - Reconstruction/K-Means Loss: [0.3875 / 743.4910] - Consistency Loss: [0.0000] - VICReg Loss: [0.0000][wd: 5.00e-02] [lr: 1.04e-04] [autoencoder lr: 1.14e-04][mem: 5.63e+04] (1034.0 ms)
INFO:root:[1,   400] grad_stats: [4.05e-05 9.01e-05] (1.71e-10, 5.19e+00)
INFO:root:[1,   450/ 3843] - train_losses - Parent Class: 5.7296 - Children class: 6.5119 -Autoencoder Loss (total): 743.0690 - Reconstruction/K-Means Loss: [0.3819 / 742.6871] - Consistency Loss: [0.0000] - VICReg Loss: [0.0000][wd: 5.00e-02] [lr: 1.05e-04] [autoencoder lr: 1.15e-04][mem: 5.68e+04] (1040.1 ms)
INFO:root:[1,   450] grad_stats: [2.69e-04 1.71e-04] (6.03e-09, 4.70e+00)
INFO:root:[1,   500/ 3843] - train_losses - Parent Class: 5.7270 - Children class: 6.4737 -Autoencoder Loss (total): 742.2036 - Reconstruction/K-Means Loss: [0.3775 / 741.8261] - Consistency Loss: [0.0000] - VICReg Loss: [0.0000][wd: 5.00e-02] [lr: 1.05e-04] [autoencoder lr: 1.17e-04][mem: 5.74e+04] (1046.0 ms)
INFO:root:[1,   500] grad_stats: [2.88e-04 8.17e-05] (5.03e-10, 4.53e+00)
INFO:root:[1,   550/ 3843] - train_losses - Parent Class: 5.7245 - Children class: 6.4414 -Autoencoder Loss (total): 741.2648 - Reconstruction/K-Means Loss: [0.3756 / 740.8892] - Consistency Loss: [0.0000] - VICReg Loss: [0.0000][wd: 5.00e-02] [lr: 1.06e-04] [autoencoder lr: 1.19e-04][mem: 5.79e+04] (1051.3 ms)
INFO:root:[1,   550] grad_stats: [5.13e-03 6.24e-04] (8.49e-08, 4.57e+00)
INFO:root:[1,   600/ 3843] - train_losses - Parent Class: 5.7241 - Children class: 6.4126 -Autoencoder Loss (total): 739.8030 - Reconstruction/K-Means Loss: [0.3724 / 739.4306] - Consistency Loss: [0.0000] - VICReg Loss: [0.0000][wd: 5.00e-02] [lr: 1.06e-04] [autoencoder lr: 1.20e-04][mem: 5.84e+04] (1055.3 ms)
INFO:root:[1,   600] grad_stats: [1.21e-03 8.55e-04] (3.74e-07, 4.91e+00)
INFO:root:[1,   650/ 3843] - train_losses - Parent Class: 5.7212 - Children class: 6.3866 -Autoencoder Loss (total): 738.8354 - Reconstruction/K-Means Loss: [0.3696 / 738.4659] - Consistency Loss: [0.0000] - VICReg Loss: [0.0000][wd: 5.00e-02] [lr: 1.07e-04] [autoencoder lr: 1.22e-04][mem: 5.89e+04] (1059.1 ms)
INFO:root:[1,   650] grad_stats: [1.81e-03 1.86e-04] (4.26e-07, 4.60e+00)
INFO:root:[1,   700/ 3843] - train_losses - Parent Class: 5.7188 - Children class: 6.3641 -Autoencoder Loss (total): 737.7375 - Reconstruction/K-Means Loss: [0.3672 / 737.3704] - Consistency Loss: [0.0000] - VICReg Loss: [0.0000][wd: 5.00e-02] [lr: 1.07e-04] [autoencoder lr: 1.24e-04][mem: 5.94e+04] (1062.8 ms)
INFO:root:[1,   700] grad_stats: [1.21e-03 8.03e-04] (5.23e-07, 4.92e+00)
INFO:root:[1,   750/ 3843] - train_losses - Parent Class: 5.7183 - Children class: 6.3436 -Autoencoder Loss (total): 736.4423 - Reconstruction/K-Means Loss: [0.3651 / 736.0771] - Consistency Loss: [0.0000] - VICReg Loss: [0.0000][wd: 5.00e-02] [lr: 1.08e-04] [autoencoder lr: 1.25e-04][mem: 5.99e+04] (1066.0 ms)
INFO:root:[1,   750] grad_stats: [1.07e-03 3.90e-04] (3.17e-07, 4.87e+00)
INFO:root:[1,   800/ 3843] - train_losses - Parent Class: 5.7158 - Children class: 6.3230 -Autoencoder Loss (total): 734.9999 - Reconstruction/K-Means Loss: [0.3633 / 734.6366] - Consistency Loss: [0.0000] - VICReg Loss: [0.0000][wd: 5.00e-02] [lr: 1.08e-04] [autoencoder lr: 1.27e-04][mem: 6.05e+04] (1069.0 ms)
INFO:root:[1,   800] grad_stats: [1.15e-03 8.02e-04] (2.72e-07, 4.69e+00)
INFO:root:[1,   850/ 3843] - train_losses - Parent Class: 5.7159 - Children class: 6.3058 -Autoencoder Loss (total): 733.2243 - Reconstruction/K-Means Loss: [0.3616 / 732.8627] - Consistency Loss: [0.0000] - VICReg Loss: [0.0000][wd: 5.00e-02] [lr: 1.09e-04] [autoencoder lr: 1.29e-04][mem: 6.10e+04] (1072.0 ms)
INFO:root:[1,   850] grad_stats: [7.18e-04 4.55e-04] (7.77e-07, 4.91e+00)
INFO:root:[1,   900/ 3843] - train_losses - Parent Class: 5.7135 - Children class: 6.2880 -Autoencoder Loss (total): 731.6542 - Reconstruction/K-Means Loss: [0.3601 / 731.2941] - Consistency Loss: [0.0000] - VICReg Loss: [0.0000][wd: 5.00e-02] [lr: 1.09e-04] [autoencoder lr: 1.30e-04][mem: 6.15e+04] (1074.8 ms)
INFO:root:[1,   900] grad_stats: [1.05e-03 2.50e-04] (1.76e-06, 4.47e+00)
INFO:root:[1,   950/ 3843] - train_losses - Parent Class: 5.7138 - Children class: 6.2752 -Autoencoder Loss (total): 731.2595 - Reconstruction/K-Means Loss: [0.3588 / 730.9007] - Consistency Loss: [0.0000] - VICReg Loss: [0.0000][wd: 5.00e-02] [lr: 1.10e-04] [autoencoder lr: 1.32e-04][mem: 6.20e+04] (1077.3 ms)
INFO:root:[1,   950] grad_stats: [1.37e-03 2.56e-04] (1.20e-06, 4.49e+00)
INFO:root:[1,  1000/ 3843] - train_losses - Parent Class: 5.7129 - Children class: 6.2641 -Autoencoder Loss (total): 731.4308 - Reconstruction/K-Means Loss: [0.3577 / 731.0731] - Consistency Loss: [0.0000] - VICReg Loss: [0.0000][wd: 5.00e-02] [lr: 1.10e-04] [autoencoder lr: 1.34e-04][mem: 6.25e+04] (1080.9 ms)
INFO:root:[1,  1000] grad_stats: [1.51e-03 2.08e-04] (9.88e-06, 4.51e+00)
INFO:root:[1,  1050/ 3843] - train_losses - Parent Class: 5.7139 - Children class: 6.2565 -Autoencoder Loss (total): 731.2838 - Reconstruction/K-Means Loss: [0.3566 / 730.9272] - Consistency Loss: [0.0000] - VICReg Loss: [0.0000][wd: 5.00e-02] [lr: 1.11e-04] [autoencoder lr: 1.36e-04][mem: 6.30e+04] (1082.9 ms)
INFO:root:[1,  1050] grad_stats: [1.73e-03 4.06e-04] (9.32e-06, 5.20e+00)
INFO:root:[1,  1100/ 3843] - train_losses - Parent Class: 5.7126 - Children class: 6.2460 -Autoencoder Loss (total): 730.8468 - Reconstruction/K-Means Loss: [0.3557 / 730.4911] - Consistency Loss: [0.0000] - VICReg Loss: [0.0000][wd: 5.00e-02] [lr: 1.11e-04] [autoencoder lr: 1.37e-04][mem: 6.36e+04] (1086.6 ms)
INFO:root:[1,  1100] grad_stats: [1.17e-03 6.40e-05] (8.70e-07, 4.49e+00)
INFO:root:[1,  1150/ 3843] - train_losses - Parent Class: 5.7124 - Children class: 6.2369 -Autoencoder Loss (total): 729.5709 - Reconstruction/K-Means Loss: [0.3548 / 729.2161] - Consistency Loss: [0.0000] - VICReg Loss: [0.0000][wd: 5.00e-02] [lr: 1.12e-04] [autoencoder lr: 1.39e-04][mem: 6.41e+04] (1092.9 ms)
INFO:root:[1,  1150] grad_stats: [2.30e-03 4.23e-04] (1.03e-05, 4.68e+00)
INFO:root:[1,  1200/ 3843] - train_losses - Parent Class: 5.7117 - Children class: 6.2291 -Autoencoder Loss (total): 727.9547 - Reconstruction/K-Means Loss: [0.3549 / 727.5998] - Consistency Loss: [0.0000] - VICReg Loss: [0.0000][wd: 5.00e-02] [lr: 1.13e-04] [autoencoder lr: 1.41e-04][mem: 6.46e+04] (1098.9 ms)
INFO:root:[1,  1200] grad_stats: [2.95e-03 4.33e-03] (1.32e-04, 4.58e+00)
INFO:root:[1,  1250/ 3843] - train_losses - Parent Class: 5.7116 - Children class: 6.2214 -Autoencoder Loss (total): 726.7307 - Reconstruction/K-Means Loss: [0.3542 / 726.3764] - Consistency Loss: [0.0000] - VICReg Loss: [0.0000][wd: 5.00e-02] [lr: 1.13e-04] [autoencoder lr: 1.42e-04][mem: 6.51e+04] (1104.5 ms)
INFO:root:[1,  1250] grad_stats: [4.93e-03 4.38e-04] (1.57e-06, 4.60e+00)
INFO:root:[1,  1300/ 3843] - train_losses - Parent Class: 5.7119 - Children class: 6.2133 -Autoencoder Loss (total): 725.7858 - Reconstruction/K-Means Loss: [0.3534 / 725.4324] - Consistency Loss: [0.0000] - VICReg Loss: [0.0000][wd: 5.00e-02] [lr: 1.14e-04] [autoencoder lr: 1.44e-04][mem: 6.56e+04] (1106.1 ms)
INFO:root:[1,  1300] grad_stats: [1.20e-03 4.18e-04] (1.04e-06, 4.28e+00)
INFO:root:[1,  1350/ 3843] - train_losses - Parent Class: 5.7108 - Children class: 6.2043 -Autoencoder Loss (total): 725.2772 - Reconstruction/K-Means Loss: [0.3526 / 724.9245] - Consistency Loss: [0.0000] - VICReg Loss: [0.0000][wd: 5.00e-02] [lr: 1.14e-04] [autoencoder lr: 1.46e-04][mem: 6.61e+04] (1107.4 ms)
INFO:root:[1,  1350] grad_stats: [2.84e-03 2.65e-04] (1.32e-06, 4.90e+00)
INFO:root:[1,  1400/ 3843] - train_losses - Parent Class: 5.7101 - Children class: 6.1970 -Autoencoder Loss (total): 723.6644 - Reconstruction/K-Means Loss: [0.3516 / 723.3127] - Consistency Loss: [0.0000] - VICReg Loss: [0.0000][wd: 5.00e-02] [lr: 1.15e-04] [autoencoder lr: 1.47e-04][mem: 6.66e+04] (1108.5 ms)
INFO:root:[1,  1400] grad_stats: [1.67e-03 9.04e-04] (2.56e-06, 4.95e+00)
INFO:root:[1,  1450/ 3843] - train_losses - Parent Class: 5.7100 - Children class: 6.1926 -Autoencoder Loss (total): 721.8690 - Reconstruction/K-Means Loss: [0.3504 / 721.5186] - Consistency Loss: [0.0000] - VICReg Loss: [0.0000][wd: 5.00e-02] [lr: 1.15e-04] [autoencoder lr: 1.49e-04][mem: 6.71e+04] (1109.5 ms)
INFO:root:[1,  1450] grad_stats: [2.31e-03 2.58e-04] (1.21e-06, 5.18e+00)
INFO:root:[1,  1500/ 3843] - train_losses - Parent Class: 5.7080 - Children class: 6.1852 -Autoencoder Loss (total): 720.4784 - Reconstruction/K-Means Loss: [0.3488 / 720.1296] - Consistency Loss: [0.0000] - VICReg Loss: [0.0000][wd: 5.01e-02] [lr: 1.16e-04] [autoencoder lr: 1.51e-04][mem: 6.77e+04] (1110.7 ms)
INFO:root:[1,  1500] grad_stats: [1.52e-02 1.56e-04] (2.13e-06, 4.63e+00)
INFO:root:[1,  1550/ 3843] - train_losses - Parent Class: 5.7082 - Children class: 6.1816 -Autoencoder Loss (total): 719.2528 - Reconstruction/K-Means Loss: [0.3470 / 718.9058] - Consistency Loss: [0.0000] - VICReg Loss: [0.0000][wd: 5.01e-02] [lr: 1.16e-04] [autoencoder lr: 1.52e-04][mem: 6.82e+04] (1111.9 ms)
INFO:root:[1,  1550] grad_stats: [1.15e-02 2.17e-04] (2.40e-06, 4.57e+00)
INFO:root:[1,  1600/ 3843] - train_losses - Parent Class: 5.7076 - Children class: 6.1759 -Autoencoder Loss (total): 718.2399 - Reconstruction/K-Means Loss: [0.3450 / 717.8948] - Consistency Loss: [0.0000] - VICReg Loss: [0.0000][wd: 5.01e-02] [lr: 1.17e-04] [autoencoder lr: 1.54e-04][mem: 6.87e+04] (1113.0 ms)
INFO:root:[1,  1600] grad_stats: [5.07e-02 7.08e-04] (4.69e-05, 4.65e+00)
INFO:root:[1,  1650/ 3843] - train_losses - Parent Class: 5.7067 - Children class: 6.1708 -Autoencoder Loss (total): 717.2476 - Reconstruction/K-Means Loss: [0.3429 / 716.9047] - Consistency Loss: [0.0000] - VICReg Loss: [0.0000][wd: 5.01e-02] [lr: 1.17e-04] [autoencoder lr: 1.56e-04][mem: 6.92e+04] (1114.1 ms)
INFO:root:[1,  1650] grad_stats: [4.68e-03 1.64e-04] (1.03e-06, 4.92e+00)
INFO:root:[1,  1700/ 3843] - train_losses - Parent Class: 5.7065 - Children class: 6.1665 -Autoencoder Loss (total): 716.5045 - Reconstruction/K-Means Loss: [0.3407 / 716.1638] - Consistency Loss: [0.0000] - VICReg Loss: [0.0000][wd: 5.01e-02] [lr: 1.18e-04] [autoencoder lr: 1.58e-04][mem: 6.97e+04] (1115.2 ms)
INFO:root:[1,  1700] grad_stats: [1.57e-02 3.29e-04] (1.31e-06, 4.50e+00)
INFO:root:[1,  1750/ 3843] - train_losses - Parent Class: 5.7069 - Children class: 6.1629 -Autoencoder Loss (total): 715.6836 - Reconstruction/K-Means Loss: [0.3385 / 715.3451] - Consistency Loss: [0.0000] - VICReg Loss: [0.0000][wd: 5.01e-02] [lr: 1.18e-04] [autoencoder lr: 1.59e-04][mem: 7.02e+04] (1116.3 ms)
INFO:root:[1,  1750] grad_stats: [5.46e-03 4.53e-04] (3.74e-06, 4.58e+00)
INFO:root:[1,  1800/ 3843] - train_losses - Parent Class: 5.7069 - Children class: 6.1606 -Autoencoder Loss (total): 714.8922 - Reconstruction/K-Means Loss: [0.3363 / 714.5559] - Consistency Loss: [0.0000] - VICReg Loss: [0.0000][wd: 5.01e-02] [lr: 1.19e-04] [autoencoder lr: 1.61e-04][mem: 7.07e+04] (1117.5 ms)
INFO:root:[1,  1800] grad_stats: [1.47e-02 3.64e-04] (5.29e-05, 4.59e+00)
INFO:root:[1,  1850/ 3843] - train_losses - Parent Class: 5.7065 - Children class: 6.1572 -Autoencoder Loss (total): 714.1979 - Reconstruction/K-Means Loss: [0.3341 / 713.8638] - Consistency Loss: [0.0000] - VICReg Loss: [0.0000][wd: 5.01e-02] [lr: 1.19e-04] [autoencoder lr: 1.63e-04][mem: 7.13e+04] (1118.8 ms)
INFO:root:[1,  1850] grad_stats: [1.20e-01 1.54e-03] (1.43e-04, 4.84e+00)
INFO:root:[1,  1900/ 3843] - train_losses - Parent Class: 5.7069 - Children class: 6.1545 -Autoencoder Loss (total): 713.5135 - Reconstruction/K-Means Loss: [0.3320 / 713.1814] - Consistency Loss: [0.0000] - VICReg Loss: [0.0000][wd: 5.01e-02] [lr: 1.20e-04] [autoencoder lr: 1.64e-04][mem: 7.18e+04] (1120.0 ms)
INFO:root:[1,  1900] grad_stats: [1.31e-02 1.43e-03] (3.71e-05, 4.59e+00)
INFO:root:[1,  1950/ 3843] - train_losses - Parent Class: 5.7070 - Children class: 6.1530 -Autoencoder Loss (total): 712.9570 - Reconstruction/K-Means Loss: [0.3299 / 712.6270] - Consistency Loss: [0.0000] - VICReg Loss: [0.0000][wd: 5.01e-02] [lr: 1.20e-04] [autoencoder lr: 1.66e-04][mem: 7.23e+04] (1121.0 ms)
INFO:root:[1,  1950] grad_stats: [2.90e-02 5.83e-04] (4.60e-05, 4.76e+00)
INFO:root:[1,  2000/ 3843] - train_losses - Parent Class: 5.7061 - Children class: 6.1496 -Autoencoder Loss (total): 712.3690 - Reconstruction/K-Means Loss: [0.3280 / 712.0410] - Consistency Loss: [0.0000] - VICReg Loss: [0.0000][wd: 5.01e-02] [lr: 1.21e-04] [autoencoder lr: 1.68e-04][mem: 7.28e+04] (1122.4 ms)
INFO:root:[1,  2000] grad_stats: [7.11e-02 3.61e-04] (5.74e-06, 4.83e+00)
INFO:root:[1,  2050/ 3843] - train_losses - Parent Class: 5.7061 - Children class: 6.1470 -Autoencoder Loss (total): 711.7785 - Reconstruction/K-Means Loss: [0.3260 / 711.4525] - Consistency Loss: [0.0000] - VICReg Loss: [0.0000][wd: 5.01e-02] [lr: 1.21e-04] [autoencoder lr: 1.69e-04][mem: 7.33e+04] (1123.6 ms)
INFO:root:[1,  2050] grad_stats: [7.97e-02 2.50e-04] (1.76e-05, 4.73e+00)
INFO:root:[1,  2100/ 3843] - train_losses - Parent Class: 5.7067 - Children class: 6.1469 -Autoencoder Loss (total): 711.1635 - Reconstruction/K-Means Loss: [0.3241 / 710.8394] - Consistency Loss: [0.0000] - VICReg Loss: [0.0000][wd: 5.01e-02] [lr: 1.22e-04] [autoencoder lr: 1.71e-04][mem: 7.38e+04] (1124.8 ms)
INFO:root:[1,  2100] grad_stats: [3.16e-02 5.78e-05] (1.42e-05, 4.92e+00)
INFO:root:[1,  2150/ 3843] - train_losses - Parent Class: 5.7064 - Children class: 6.1453 -Autoencoder Loss (total): 710.6531 - Reconstruction/K-Means Loss: [0.3223 / 710.3308] - Consistency Loss: [0.0000] - VICReg Loss: [0.0000][wd: 5.01e-02] [lr: 1.22e-04] [autoencoder lr: 1.73e-04][mem: 7.43e+04] (1125.8 ms)
INFO:root:[1,  2150] grad_stats: [7.91e-02 7.80e-04] (4.16e-05, 4.75e+00)
INFO:root:[1,  2200/ 3843] - train_losses - Parent Class: 5.7052 - Children class: 6.1429 -Autoencoder Loss (total): 710.1285 - Reconstruction/K-Means Loss: [0.3206 / 709.8079] - Consistency Loss: [0.0000] - VICReg Loss: [0.0000][wd: 5.01e-02] [lr: 1.23e-04] [autoencoder lr: 1.74e-04][mem: 7.49e+04] (1127.0 ms)
INFO:root:[1,  2200] grad_stats: [6.74e-01 5.24e-04] (4.56e-05, 4.57e+00)
INFO:root:[1,  2250/ 3843] - train_losses - Parent Class: 5.7035 - Children class: 6.1403 -Autoencoder Loss (total): 709.6997 - Reconstruction/K-Means Loss: [0.3191 / 709.3806] - Consistency Loss: [0.0000] - VICReg Loss: [0.0000][wd: 5.01e-02] [lr: 1.23e-04] [autoencoder lr: 1.76e-04][mem: 7.54e+04] (1128.2 ms)
INFO:root:[1,  2250] grad_stats: [2.77e-01 2.96e-03] (1.99e-04, 5.03e+00)
INFO:root:[1,  2300/ 3843] - train_losses - Parent Class: 5.7027 - Children class: 6.1385 -Autoencoder Loss (total): 709.3291 - Reconstruction/K-Means Loss: [0.3177 / 709.0114] - Consistency Loss: [0.0000] - VICReg Loss: [0.0000][wd: 5.01e-02] [lr: 1.24e-04] [autoencoder lr: 1.78e-04][mem: 7.59e+04] (1129.5 ms)
INFO:root:[1,  2300] grad_stats: [1.48e-01 1.36e-03] (2.85e-04, 4.39e+00)
terminate called without an active exception
Exception ignored in: <function _MultiProcessingDataLoaderIter.__del__ at 0x7f44fa0b80e0>
Traceback (most recent call last):
  File "/home/rtcalumby/miniconda3/envs/py382/lib/python3.12/site-packages/torch/utils/data/dataloader.py", line 1479, in __del__
    self._shutdown_workers()
  File "/home/rtcalumby/miniconda3/envs/py382/lib/python3.12/site-packages/torch/utils/data/dataloader.py", line 1443, in _shutdown_workers
    w.join(timeout=_utils.MP_STATUS_CHECK_INTERVAL)
  File "/home/rtcalumby/miniconda3/envs/py382/lib/python3.12/multiprocessing/process.py", line 149, in join
    res = self._popen.wait(timeout)
          ^^^^^^^^^^^^^^^^^^^^^^^^^
  File "/home/rtcalumby/miniconda3/envs/py382/lib/python3.12/multiprocessing/popen_fork.py", line 40, in wait
    if not wait([self.sentinel], timeout):
           ^^^^^^^^^^^^^^^^^^^^^^^^^^^^^^
  File "/home/rtcalumby/miniconda3/envs/py382/lib/python3.12/multiprocessing/connection.py", line 1136, in wait
    ready = selector.select(timeout)
            ^^^^^^^^^^^^^^^^^^^^^^^^
  File "/home/rtcalumby/miniconda3/envs/py382/lib/python3.12/selectors.py", line 415, in select
    fd_event_list = self._selector.poll(timeout)
                    ^^^^^^^^^^^^^^^^^^^^^^^^^^^^
  File "/home/rtcalumby/miniconda3/envs/py382/lib/python3.12/site-packages/torch/utils/data/_utils/signal_handling.py", line 66, in handler
    _error_if_any_worker_fails()
RuntimeError: DataLoader worker (pid 448165) is killed by signal: Aborted. 
Process Process-1:
Traceback (most recent call last):
  File "/home/rtcalumby/miniconda3/envs/py382/lib/python3.12/multiprocessing/process.py", line 314, in _bootstrap
    self.run()
  File "/home/rtcalumby/miniconda3/envs/py382/lib/python3.12/multiprocessing/process.py", line 108, in run
    self._target(*self._args, **self._kwargs)
  File "/home/rtcalumby/adam/luciano/LifeCLEFPlant2022/DeepCluster/main_FGDCC.py", line 52, in process_main
    app_main(args=params)
  File "/home/rtcalumby/adam/luciano/LifeCLEFPlant2022/DeepCluster/engine_FGDCC.py", line 626, in main
    (loss, k_means_loss, ae_lr, _new_lr, _new_wd, grad_stats, bottleneck_output), etime = gpu_timer(train_step)
                                                                                          ^^^^^^^^^^^^^^^^^^^^^
  File "/home/rtcalumby/adam/luciano/LifeCLEFPlant2022/DeepCluster/src/utils/logging.py", line 21, in gpu_timer
    result = closure()
             ^^^^^^^^^
  File "/home/rtcalumby/adam/luciano/LifeCLEFPlant2022/DeepCluster/engine_FGDCC.py", line 524, in train_step
    best_K_classifiers = k_means_module.cosine_cluster_index(bottleneck_output, target, cached_features, cached_features_last_epoch, device)
                         ^^^^^^^^^^^^^^^^^^^^^^^^^^^^^^^^^^^^^^^^^^^^^^^^^^^^^^^^^^^^^^^^^^^^^^^^^^^^^^^^^^^^^^^^^^^^^^^^^^^^^^^^^^^^^^^^^^^
  File "/home/rtcalumby/adam/luciano/LifeCLEFPlant2022/DeepCluster/src/KMeans.py", line 98, in cosine_cluster_index
    C_score = F.cosine_similarity(batch_x, centroid_list)
              ^^^^^^^^^^^^^^^^^^^^^^^^^^^^^^^^^^^^^^^^^^^
torch.cuda.OutOfMemoryError: CUDA out of memory. Tried to allocate 2.00 MiB. GPU 
