INFO:faiss.loader:Loading faiss with AVX2 support.
INFO:faiss.loader:Successfully loaded faiss with AVX2 support.
INFO:faiss.loader:Loading faiss with AVX2 support.
INFO:faiss.loader:Successfully loaded faiss with AVX2 support.
INFO:root:called-params configs/in1k_vith14_ep300_FGDCC.yaml
INFO:root:loaded params...
{   'data': {   'batch_size': 96,
                'color_jitter_strength': 0.0,
                'crop_scale': [0.3, 1.0],
                'crop_size': 224,
                'cutmix': 0.0,
                'drop_path': 0.25,
                'image_folder': '/home/rtcalumby/adam/luciano/plantnet_300K/',
                'mixup': 0.0,
                'nb_classes': 1081,
                'num_workers': 16,
                'pin_mem': True,
                'reprob': 0.25,
                'resume_epoch': 0,
                'root_path': '/home/rtcalumby/adam/luciano/',
                'use_color_distortion': False,
                'use_gaussian_blur': False,
                'use_horizontal_flip': False},
    'logging': {   'folder': '/home/rtcalumby/adam/luciano/LifeCLEFPlant2022/logs/PlantNet300k_exp45',
                   'write_tag': 'jepa'},
    'mask': {   'allow_overlap': False,
                'aspect_ratio': [0.75, 1.5],
                'enc_mask_scale': [0.85, 1.0],
                'min_keep': 10,
                'num_enc_masks': 1,
                'num_pred_masks': 4,
                'patch_size': 14,
                'pred_mask_scale': [0.15, 0.2]},
    'meta': {   'copy_data': False,
                'load_checkpoint': True,
                'model_name': 'vit_huge',
                'pred_depth': 12,
                'pred_emb_dim': 384,
                'read_checkpoint': None,
                'use_bfloat16': True},
    'optimization': {   'ema': [0.9, 0.999],
                        'epochs': 50,
                        'final_lr': 1e-05,
                        'final_weight_decay': 0.4,
                        'ipe_scale': 1.0,
                        'label_smoothing': 0.1,
                        'lr': 0.00035,
                        'start_lr': 9e-05,
                        'warmup': 35,
                        'weight_decay': 0.05}}
INFO:root:Running... (rank: 0/1)
INFO:root:Initialized (rank/world-size) 0/1
INFO:root:making imagenet data transforms
INFO:root:making imagenet data transforms
INFO:root:Finetuning dataset created
INFO:root:PairedDataset created
Training dataset, length: 245952
INFO:root:Finetuning dataset created
Val dataset, length: 31200
INFO:root:Using AdamW
['encoder', 'predictor', 'opt', 'scaler', 'target_encoder', 'epoch', 'loss', 'batch_size', 'world_size', 'lr']
INFO:root:loaded pretrained encoder from epoch 66 with msg: <All keys matched successfully>
INFO:root:PairedCrossAttentionClassifier(
  (act): GELU(approximate='none')
  (subclass_proj): Block(
    (norm1): LayerNorm((1280,), eps=1e-05, elementwise_affine=True)
    (attn): Attention(
      (qkv): Linear(in_features=1280, out_features=3840, bias=False)
      (attn_drop): Dropout(p=0.0, inplace=False)
      (proj): Linear(in_features=1280, out_features=1280, bias=True)
      (proj_drop): Dropout(p=0.2, inplace=False)
    )
    (drop_path): Identity()
    (norm2): LayerNorm((1280,), eps=1e-05, elementwise_affine=True)
    (mlp): MLP(
      (fc1): Linear(in_features=1280, out_features=5120, bias=True)
      (act): GELU(approximate='none')
      (fc2): Linear(in_features=5120, out_features=1280, bias=True)
      (drop): Dropout(p=0.2, inplace=False)
    )
  )
  (parent_cross_attention): MultiHeadCrossAttention(
    (query): Linear(in_features=1280, out_features=1280, bias=True)
    (key): Linear(in_features=1280, out_features=1280, bias=True)
    (value): Linear(in_features=1280, out_features=1280, bias=True)
  )
  (parent_classifier): Linear(in_features=1280, out_features=15134, bias=True)
  (subclass_classifier): Linear(in_features=1280, out_features=15134, bias=True)
  (head_drop): Dropout(p=0.25, inplace=False)
)
INFO:root:Using AdamW
INFO:root:VisionTransformer(
  (patch_embed): PatchEmbed(
    (proj): Conv2d(3, 1280, kernel_size=(14, 14), stride=(14, 14))
  )
  (blocks): ModuleList(
    (0-31): 32 x Block(
      (norm1): LayerNorm((1280,), eps=1e-06, elementwise_affine=True)
      (attn): Attention(
        (qkv): Linear(in_features=1280, out_features=3840, bias=True)
        (attn_drop): Dropout(p=0.0, inplace=False)
        (proj): Linear(in_features=1280, out_features=1280, bias=True)
        (proj_drop): Dropout(p=0.0, inplace=False)
      )
      (drop_path): Identity()
      (norm2): LayerNorm((1280,), eps=1e-06, elementwise_affine=True)
      (mlp): MLP(
        (fc1): Linear(in_features=1280, out_features=5120, bias=True)
        (act): GELU(approximate='none')
        (fc2): Linear(in_features=5120, out_features=1280, bias=True)
        (drop): Dropout(p=0.0, inplace=False)
      )
    )
  )
  (norm): LayerNorm((1280,), eps=1e-06, elementwise_affine=True)
)
INFO:root:Setting up cache...
INFO:root:Done...
INFO:root:Initializing centroids...
INFO:root:Update Step...
/home/rtcalumby/miniconda3/envs/py382/lib/python3.12/site-packages/faiss/contrib/torch_utils.py:51: UserWarning: TypedStorage is deprecated. It will be removed in the future and UntypedStorage will be the only storage class. This should only matter to you if you are using storages directly.  To access UntypedStorage directly, use tensor.untyped_storage() instead of tensor.storage()
  x.storage().data_ptr() + x.storage_offset() * 4)
INFO:root:Epoch 1
INFO:faiss.loader:Loading faiss with AVX2 support.
INFO:faiss.loader:Successfully loaded faiss with AVX2 support.
INFO:faiss.loader:Loading faiss with AVX2 support.
INFO:faiss.loader:Successfully loaded faiss with AVX2 support.
INFO:faiss.loader:Loading faiss with AVX2 support.
INFO:faiss.loader:Successfully loaded faiss with AVX2 support.
INFO:faiss.loader:Loading faiss with AVX2 support.
INFO:faiss.loader:Successfully loaded faiss with AVX2 support.
INFO:faiss.loader:Loading faiss with AVX2 support.
INFO:faiss.loader:Successfully loaded faiss with AVX2 support.
INFO:faiss.loader:Loading faiss with AVX2 support.
INFO:faiss.loader:Successfully loaded faiss with AVX2 support.
INFO:faiss.loader:Loading faiss with AVX2 support.
INFO:faiss.loader:Successfully loaded faiss with AVX2 support.
INFO:faiss.loader:Loading faiss with AVX2 support.
INFO:faiss.loader:Successfully loaded faiss with AVX2 support.
INFO:faiss.loader:Loading faiss with AVX2 support.
INFO:faiss.loader:Successfully loaded faiss with AVX2 support.
INFO:faiss.loader:Loading faiss with AVX2 support.
INFO:faiss.loader:Successfully loaded faiss with AVX2 support.
INFO:faiss.loader:Loading faiss with AVX2 support.
INFO:faiss.loader:Successfully loaded faiss with AVX2 support.
INFO:faiss.loader:Loading faiss with AVX2 support.
INFO:faiss.loader:Successfully loaded faiss with AVX2 support.
INFO:faiss.loader:Loading faiss with AVX2 support.
INFO:faiss.loader:Successfully loaded faiss with AVX2 support.
INFO:faiss.loader:Loading faiss with AVX2 support.
INFO:faiss.loader:Successfully loaded faiss with AVX2 support.
INFO:faiss.loader:Loading faiss with AVX2 support.
INFO:faiss.loader:Successfully loaded faiss with AVX2 support.
INFO:faiss.loader:Loading faiss with AVX2 support.
INFO:faiss.loader:Successfully loaded faiss with AVX2 support.
INFO:root:[1,     0/ 2562] - train_losses - Parent Class: 9.6247 - Children class: 9.6249 -Autoencoder Loss (total): 154.5900 - Reconstruction/K-Means Loss: [0.0000 / 154.5900] - Consistency Loss: [0.0000] - VICReg Loss: [21.0293][wd: 5.00e-02] [lr: 9.00e-05] [autoencoder lr: 0.00e+00][mem: 6.41e+04] (5102.1 ms)
INFO:root:[1,     0] grad_stats: [2.10e-03 6.82e-03] (3.77e-08, 2.43e+00)
INFO:root:[1,    50/ 2562] - train_losses - Parent Class: 7.1096 - Children class: 7.6344 -Autoencoder Loss (total): 422.4422 - Reconstruction/K-Means Loss: [0.0000 / 422.4422] - Consistency Loss: [0.0000] - VICReg Loss: [24.2873][wd: 5.00e-02] [lr: 9.01e-05] [autoencoder lr: 0.00e+00][mem: 6.95e+04] (1553.9 ms)
INFO:root:[1,    50] grad_stats: [4.06e-04 2.24e-01] (9.58e-08, 6.60e+00)
INFO:root:[1,   100/ 2562] - train_losses - Parent Class: 6.6786 - Children class: 7.2205 -Autoencoder Loss (total): 454.1611 - Reconstruction/K-Means Loss: [0.0000 / 454.1611] - Consistency Loss: [0.0000] - VICReg Loss: [24.3687][wd: 5.00e-02] [lr: 9.03e-05] [autoencoder lr: 0.00e+00][mem: 6.95e+04] (1521.4 ms)
INFO:root:[1,   100] grad_stats: [1.07e-03 6.52e-02] (7.97e-07, 6.02e+00)
INFO:root:[1,   150/ 2562] - train_losses - Parent Class: 6.5038 - Children class: 7.2101 -Autoencoder Loss (total): 465.1838 - Reconstruction/K-Means Loss: [0.0000 / 465.1838] - Consistency Loss: [0.0000] - VICReg Loss: [24.3934][wd: 5.00e-02] [lr: 9.04e-05] [autoencoder lr: 0.00e+00][mem: 6.95e+04] (1513.3 ms)
INFO:root:[1,   150] grad_stats: [9.81e-04 1.88e-01] (3.97e-05, 5.77e+00)
INFO:root:[1,   200/ 2562] - train_losses - Parent Class: 6.4190 - Children class: 7.0015 -Autoencoder Loss (total): 475.6076 - Reconstruction/K-Means Loss: [0.0000 / 475.6076] - Consistency Loss: [0.0000] - VICReg Loss: [24.4045][wd: 5.00e-02] [lr: 9.06e-05] [autoencoder lr: 0.00e+00][mem: 6.95e+04] (1511.6 ms)
INFO:root:[1,   200] grad_stats: [8.74e-03 9.66e-02] (5.25e-05, 4.69e+00)
INFO:root:[1,   250/ 2562] - train_losses - Parent Class: 6.3656 - Children class: 6.8536 -Autoencoder Loss (total): 481.1205 - Reconstruction/K-Means Loss: [0.0000 / 481.1205] - Consistency Loss: [0.0000] - VICReg Loss: [27.9774][wd: 5.00e-02] [lr: 9.07e-05] [autoencoder lr: 0.00e+00][mem: 6.95e+04] (1514.9 ms)
INFO:root:[1,   250] grad_stats: [4.92e-03 3.33e-02] (1.60e-05, 4.68e+00)
INFO:root:[1,   300/ 2562] - train_losses - Parent Class: 6.3185 - Children class: 6.7493 -Autoencoder Loss (total): 486.2415 - Reconstruction/K-Means Loss: [0.0000 / 486.2415] - Consistency Loss: [0.0000] - VICReg Loss: [27.2767][wd: 5.00e-02] [lr: 9.09e-05] [autoencoder lr: 0.00e+00][mem: 6.95e+04] (1517.8 ms)
INFO:root:[1,   300] grad_stats: [6.22e-02 8.88e-02] (6.68e-05, 4.60e+00)
INFO:root:[1,   350/ 2562] - train_losses - Parent Class: 6.2829 - Children class: 6.6835 -Autoencoder Loss (total): 491.2016 - Reconstruction/K-Means Loss: [0.0000 / 491.2016] - Consistency Loss: [0.0000] - VICReg Loss: [27.3871][wd: 5.00e-02] [lr: 9.10e-05] [autoencoder lr: 0.00e+00][mem: 6.95e+04] (1521.4 ms)
INFO:root:[1,   350] grad_stats: [2.12e-01 9.49e-02] (1.14e-03, 4.36e+00)
INFO:root:[1,   400/ 2562] - train_losses - Parent Class: 6.2551 - Children class: 6.6536 -Autoencoder Loss (total): 495.1361 - Reconstruction/K-Means Loss: [0.0000 / 495.1361] - Consistency Loss: [0.0000] - VICReg Loss: [30.2424][wd: 5.00e-02] [lr: 9.12e-05] [autoencoder lr: 0.00e+00][mem: 6.95e+04] (1526.5 ms)
INFO:root:[1,   400] grad_stats: [1.37e-01 8.84e-02] (1.28e-03, 4.71e+00)
INFO:root:[1,   450/ 2562] - train_losses - Parent Class: 6.2277 - Children class: 6.6505 -Autoencoder Loss (total): 497.8208 - Reconstruction/K-Means Loss: [0.0000 / 497.8208] - Consistency Loss: [0.0000] - VICReg Loss: [32.8366][wd: 5.00e-02] [lr: 9.13e-05] [autoencoder lr: 0.00e+00][mem: 6.95e+04] (1531.6 ms)
INFO:root:[1,   450] grad_stats: [3.30e-01 1.31e-01] (2.26e-03, 4.73e+00)
INFO:root:[1,   500/ 2562] - train_losses - Parent Class: 6.2066 - Children class: 6.6844 -Autoencoder Loss (total): 500.8705 - Reconstruction/K-Means Loss: [0.0000 / 500.8705] - Consistency Loss: [0.0000] - VICReg Loss: [34.8284][wd: 5.00e-02] [lr: 9.15e-05] [autoencoder lr: 0.00e+00][mem: 6.95e+04] (1537.5 ms)
INFO:root:[1,   500] grad_stats: [3.73e-01 1.40e-01] (9.30e-04, 5.01e+00)
INFO:root:[1,   550/ 2562] - train_losses - Parent Class: 6.1889 - Children class: 6.7110 -Autoencoder Loss (total): 503.3951 - Reconstruction/K-Means Loss: [0.0000 / 503.3951] - Consistency Loss: [0.0000] - VICReg Loss: [35.5261][wd: 5.00e-02] [lr: 9.16e-05] [autoencoder lr: 0.00e+00][mem: 6.95e+04] (1543.9 ms)
INFO:root:[1,   550] grad_stats: [2.69e-01 2.03e-01] (2.13e-03, 4.48e+00)
INFO:root:[1,   600/ 2562] - train_losses - Parent Class: 6.1694 - Children class: 6.7007 -Autoencoder Loss (total): 504.8348 - Reconstruction/K-Means Loss: [0.0000 / 504.8348] - Consistency Loss: [0.0000] - VICReg Loss: [36.2883][wd: 5.00e-02] [lr: 9.17e-05] [autoencoder lr: 0.00e+00][mem: 6.95e+04] (1550.4 ms)
INFO:root:[1,   600] grad_stats: [4.97e-01 1.69e-01] (1.15e-03, 4.54e+00)
INFO:root:[1,   650/ 2562] - train_losses - Parent Class: 6.1545 - Children class: 6.6853 -Autoencoder Loss (total): 506.7276 - Reconstruction/K-Means Loss: [0.0000 / 506.7276] - Consistency Loss: [0.0000] - VICReg Loss: [37.0177][wd: 5.00e-02] [lr: 9.19e-05] [autoencoder lr: 0.00e+00][mem: 6.95e+04] (1556.8 ms)
INFO:root:[1,   650] grad_stats: [2.72e-01 1.22e-01] (6.96e-04, 4.44e+00)
INFO:root:[1,   700/ 2562] - train_losses - Parent Class: 6.1444 - Children class: 6.6683 -Autoencoder Loss (total): 508.3467 - Reconstruction/K-Means Loss: [0.0000 / 508.3467] - Consistency Loss: [0.0000] - VICReg Loss: [37.5544][wd: 5.00e-02] [lr: 9.20e-05] [autoencoder lr: 0.00e+00][mem: 6.95e+04] (1563.7 ms)
INFO:root:[1,   700] grad_stats: [2.34e-01 8.25e-02] (9.09e-04, 4.38e+00)
INFO:root:[1,   750/ 2562] - train_losses - Parent Class: 6.1296 - Children class: 6.6440 -Autoencoder Loss (total): 509.7791 - Reconstruction/K-Means Loss: [0.0000 / 509.7791] - Consistency Loss: [0.0000] - VICReg Loss: [38.7333][wd: 5.00e-02] [lr: 9.22e-05] [autoencoder lr: 0.00e+00][mem: 6.95e+04] (1571.0 ms)
INFO:root:[1,   750] grad_stats: [4.48e-01 2.17e-01] (3.56e-03, 4.51e+00)
INFO:root:[1,   800/ 2562] - train_losses - Parent Class: 6.1169 - Children class: 6.6253 -Autoencoder Loss (total): 511.0692 - Reconstruction/K-Means Loss: [0.0000 / 511.0692] - Consistency Loss: [0.0000] - VICReg Loss: [39.5421][wd: 5.00e-02] [lr: 9.23e-05] [autoencoder lr: 0.00e+00][mem: 6.95e+04] (1578.1 ms)
INFO:root:[1,   800] grad_stats: [5.23e-01 1.20e-01] (1.35e-03, 4.66e+00)
INFO:root:[1,   850/ 2562] - train_losses - Parent Class: 6.1044 - Children class: 6.6053 -Autoencoder Loss (total): 512.3041 - Reconstruction/K-Means Loss: [0.0000 / 512.3041] - Consistency Loss: [0.0000] - VICReg Loss: [40.3650][wd: 5.00e-02] [lr: 9.25e-05] [autoencoder lr: 0.00e+00][mem: 6.95e+04] (1585.5 ms)
INFO:root:[1,   850] grad_stats: [5.33e-01 2.27e-01] (2.97e-03, 4.59e+00)
INFO:root:[1,   900/ 2562] - train_losses - Parent Class: 6.0899 - Children class: 6.5881 -Autoencoder Loss (total): 513.1469 - Reconstruction/K-Means Loss: [0.0000 / 513.1469] - Consistency Loss: [0.0000] - VICReg Loss: [41.3412][wd: 5.00e-02] [lr: 9.26e-05] [autoencoder lr: 0.00e+00][mem: 6.95e+04] (1592.8 ms)
INFO:root:[1,   900] grad_stats: [5.91e-01 2.40e-01] (4.24e-03, 5.04e+00)
INFO:root:[1,   950/ 2562] - train_losses - Parent Class: 6.0757 - Children class: 6.5684 -Autoencoder Loss (total): 513.8877 - Reconstruction/K-Means Loss: [0.0000 / 513.8877] - Consistency Loss: [0.0000] - VICReg Loss: [42.8851][wd: 5.00e-02] [lr: 9.28e-05] [autoencoder lr: 0.00e+00][mem: 6.95e+04] (1600.3 ms)
INFO:root:[1,   950] grad_stats: [8.55e-01 2.86e-01] (2.40e-03, 4.45e+00)
INFO:root:[1,  1000/ 2562] - train_losses - Parent Class: 6.0600 - Children class: 6.5473 -Autoencoder Loss (total): 514.3774 - Reconstruction/K-Means Loss: [0.0000 / 514.3774] - Consistency Loss: [0.0000] - VICReg Loss: [44.3743][wd: 5.01e-02] [lr: 9.29e-05] [autoencoder lr: 0.00e+00][mem: 6.95e+04] (1608.0 ms)
INFO:root:[1,  1000] grad_stats: [6.57e-01 3.10e-01] (5.56e-03, 4.25e+00)
INFO:root:[1,  1050/ 2562] - train_losses - Parent Class: 6.0472 - Children class: 6.5293 -Autoencoder Loss (total): 515.1869 - Reconstruction/K-Means Loss: [0.0000 / 515.1869] - Consistency Loss: [0.0000] - VICReg Loss: [45.6921][wd: 5.01e-02] [lr: 9.30e-05] [autoencoder lr: 0.00e+00][mem: 6.95e+04] (1615.5 ms)
INFO:root:[1,  1050] grad_stats: [7.50e-01 3.24e-01] (2.33e-03, 4.69e+00)
INFO:root:[1,  1100/ 2562] - train_losses - Parent Class: 6.0335 - Children class: 6.5056 -Autoencoder Loss (total): 515.7762 - Reconstruction/K-Means Loss: [0.0000 / 515.7762] - Consistency Loss: [0.0000] - VICReg Loss: [47.0574][wd: 5.01e-02] [lr: 9.32e-05] [autoencoder lr: 0.00e+00][mem: 6.95e+04] (1623.8 ms)
INFO:root:[1,  1100] grad_stats: [6.90e-01 4.07e-01] (2.89e-03, 4.52e+00)
INFO:root:[1,  1150/ 2562] - train_losses - Parent Class: 6.0217 - Children class: 6.4833 -Autoencoder Loss (total): 516.6483 - Reconstruction/K-Means Loss: [0.0000 / 516.6483] - Consistency Loss: [0.0000] - VICReg Loss: [48.1054][wd: 5.01e-02] [lr: 9.33e-05] [autoencoder lr: 0.00e+00][mem: 6.95e+04] (1631.7 ms)
INFO:root:[1,  1150] grad_stats: [5.97e-01 2.69e-01] (7.32e-03, 4.74e+00)
INFO:root:[1,  1200/ 2562] - train_losses - Parent Class: 6.0104 - Children class: 6.4643 -Autoencoder Loss (total): 517.5239 - Reconstruction/K-Means Loss: [0.0000 / 517.5239] - Consistency Loss: [0.0000] - VICReg Loss: [49.4039][wd: 5.01e-02] [lr: 9.35e-05] [autoencoder lr: 0.00e+00][mem: 6.95e+04] (1639.7 ms)
INFO:root:[1,  1200] grad_stats: [4.79e-01 2.15e-01] (3.62e-03, 4.49e+00)
INFO:root:[1,  1250/ 2562] - train_losses - Parent Class: 5.9996 - Children class: 6.4462 -Autoencoder Loss (total): 518.3522 - Reconstruction/K-Means Loss: [0.0000 / 518.3522] - Consistency Loss: [0.0000] - VICReg Loss: [50.4530][wd: 5.01e-02] [lr: 9.36e-05] [autoencoder lr: 0.00e+00][mem: 6.95e+04] (1647.6 ms)
INFO:root:[1,  1250] grad_stats: [7.13e-01 2.06e-01] (1.94e-03, 4.09e+00)
INFO:root:[1,  1300/ 2562] - train_losses - Parent Class: 5.9890 - Children class: 6.4279 -Autoencoder Loss (total): 518.9609 - Reconstruction/K-Means Loss: [0.0000 / 518.9609] - Consistency Loss: [0.0000] - VICReg Loss: [51.4157][wd: 5.01e-02] [lr: 9.38e-05] [autoencoder lr: 0.00e+00][mem: 6.95e+04] (1655.7 ms)
INFO:root:[1,  1300] grad_stats: [1.32e+00 3.89e-01] (7.97e-03, 4.92e+00)
INFO:root:[1,  1350/ 2562] - train_losses - Parent Class: 5.9774 - Children class: 6.4072 -Autoencoder Loss (total): 519.3806 - Reconstruction/K-Means Loss: [0.0000 / 519.3806] - Consistency Loss: [0.0000] - VICReg Loss: [52.3193][wd: 5.01e-02] [lr: 9.39e-05] [autoencoder lr: 0.00e+00][mem: 6.95e+04] (1664.0 ms)
INFO:root:[1,  1350] grad_stats: [6.44e-01 2.10e-01] (1.60e-03, 4.41e+00)
INFO:root:[1,  1400/ 2562] - train_losses - Parent Class: 5.9678 - Children class: 6.3911 -Autoencoder Loss (total): 519.9252 - Reconstruction/K-Means Loss: [0.0000 / 519.9252] - Consistency Loss: [0.0000] - VICReg Loss: [53.0190][wd: 5.01e-02] [lr: 9.41e-05] [autoencoder lr: 0.00e+00][mem: 6.95e+04] (1672.5 ms)
INFO:root:[1,  1400] grad_stats: [7.57e-01 2.43e-01] (3.40e-03, 4.68e+00)
INFO:root:[1,  1450/ 2562] - train_losses - Parent Class: 5.9559 - Children class: 6.3743 -Autoencoder Loss (total): 520.2496 - Reconstruction/K-Means Loss: [0.0000 / 520.2496] - Consistency Loss: [0.0000] - VICReg Loss: [53.8588][wd: 5.01e-02] [lr: 9.42e-05] [autoencoder lr: 0.00e+00][mem: 6.95e+04] (1681.7 ms)
INFO:root:[1,  1450] grad_stats: [7.77e-01 2.24e-01] (9.81e-03, 4.24e+00)
INFO:root:[1,  1500/ 2562] - train_losses - Parent Class: 5.9450 - Children class: 6.3577 -Autoencoder Loss (total): 520.4405 - Reconstruction/K-Means Loss: [0.0000 / 520.4405] - Consistency Loss: [0.0000] - VICReg Loss: [54.3445][wd: 5.01e-02] [lr: 9.44e-05] [autoencoder lr: 0.00e+00][mem: 6.95e+04] (1690.2 ms)
INFO:root:[1,  1500] grad_stats: [1.07e+00 3.24e-01] (9.86e-03, 4.31e+00)
INFO:root:[1,  1550/ 2562] - train_losses - Parent Class: 5.9351 - Children class: 6.3421 -Autoencoder Loss (total): 520.6576 - Reconstruction/K-Means Loss: [0.0000 / 520.6576] - Consistency Loss: [0.0000] - VICReg Loss: [54.7348][wd: 5.01e-02] [lr: 9.45e-05] [autoencoder lr: 0.00e+00][mem: 6.95e+04] (1698.7 ms)
INFO:root:[1,  1550] grad_stats: [7.73e-01 2.82e-01] (5.09e-03, 4.65e+00)
INFO:root:[1,  1600/ 2562] - train_losses - Parent Class: 5.9256 - Children class: 6.3280 -Autoencoder Loss (total): 521.0248 - Reconstruction/K-Means Loss: [0.0000 / 521.0248] - Consistency Loss: [0.0000] - VICReg Loss: [55.3051][wd: 5.01e-02] [lr: 9.46e-05] [autoencoder lr: 0.00e+00][mem: 6.95e+04] (1707.2 ms)
INFO:root:[1,  1600] grad_stats: [5.28e-01 2.51e-01] (5.14e-03, 4.52e+00)
INFO:root:[1,  1650/ 2562] - train_losses - Parent Class: 5.9152 - Children class: 6.3144 -Autoencoder Loss (total): 521.4134 - Reconstruction/K-Means Loss: [0.0000 / 521.4134] - Consistency Loss: [0.0000] - VICReg Loss: [56.1907][wd: 5.01e-02] [lr: 9.48e-05] [autoencoder lr: 0.00e+00][mem: 6.95e+04] (1715.6 ms)
INFO:root:[1,  1650] grad_stats: [7.21e-01 3.46e-01] (1.10e-02, 4.88e+00)
INFO:root:[1,  1700/ 2562] - train_losses - Parent Class: 5.9062 - Children class: 6.3014 -Autoencoder Loss (total): 521.8293 - Reconstruction/K-Means Loss: [0.0000 / 521.8293] - Consistency Loss: [0.0000] - VICReg Loss: [56.8191][wd: 5.02e-02] [lr: 9.49e-05] [autoencoder lr: 0.00e+00][mem: 6.95e+04] (1724.1 ms)
INFO:root:[1,  1700] grad_stats: [6.22e-01 2.50e-01] (5.91e-03, 4.31e+00)
INFO:root:[1,  1750/ 2562] - train_losses - Parent Class: 5.8966 - Children class: 6.2889 -Autoencoder Loss (total): 522.0934 - Reconstruction/K-Means Loss: [0.0000 / 522.0934] - Consistency Loss: [0.0000] - VICReg Loss: [57.6619][wd: 5.02e-02] [lr: 9.51e-05] [autoencoder lr: 0.00e+00][mem: 6.95e+04] (1732.5 ms)
INFO:root:[1,  1750] grad_stats: [7.33e-01 3.10e-01] (5.73e-03, 4.71e+00)
INFO:root:[1,  1800/ 2562] - train_losses - Parent Class: 5.8869 - Children class: 6.2765 -Autoencoder Loss (total): 522.4202 - Reconstruction/K-Means Loss: [0.0000 / 522.4202] - Consistency Loss: [0.0000] - VICReg Loss: [58.3189][wd: 5.02e-02] [lr: 9.52e-05] [autoencoder lr: 0.00e+00][mem: 6.95e+04] (1740.7 ms)
INFO:root:[1,  1800] grad_stats: [6.62e-01 2.91e-01] (7.78e-03, 4.64e+00)
INFO:root:[1,  1850/ 2562] - train_losses - Parent Class: 5.8776 - Children class: 6.2637 -Autoencoder Loss (total): 522.4654 - Reconstruction/K-Means Loss: [0.0000 / 522.4654] - Consistency Loss: [0.0000] - VICReg Loss: [58.7785][wd: 5.02e-02] [lr: 9.54e-05] [autoencoder lr: 0.00e+00][mem: 6.95e+04] (1748.5 ms)
INFO:root:[1,  1850] grad_stats: [6.86e-01 3.48e-01] (5.53e-03, 4.53e+00)
INFO:root:[1,  1900/ 2562] - train_losses - Parent Class: 5.8684 - Children class: 6.2520 -Autoencoder Loss (total): 522.8125 - Reconstruction/K-Means Loss: [0.0000 / 522.8125] - Consistency Loss: [0.0000] - VICReg Loss: [59.1054][wd: 5.02e-02] [lr: 9.55e-05] [autoencoder lr: 0.00e+00][mem: 6.95e+04] (1754.7 ms)
INFO:root:[1,  1900] grad_stats: [6.26e-01 3.58e-01] (7.78e-03, 4.59e+00)
