INFO:faiss.loader:Loading faiss with AVX2 support.
INFO:faiss.loader:Successfully loaded faiss with AVX2 support.
INFO:faiss.loader:Loading faiss with AVX2 support.
INFO:faiss.loader:Successfully loaded faiss with AVX2 support.
INFO:root:called-params configs/in1k_vith14_ep300_FGDCC.yaml
INFO:root:loaded params...
{   'data': {   'batch_size': 96,
                'color_jitter_strength': 0.0,
                'crop_scale': [0.3, 1.0],
                'crop_size': 224,
                'cutmix': 0.0,
                'drop_path': 0.25,
                'image_folder': '/home/rtcalumby/adam/luciano/plantnet_300K/',
                'mixup': 0.0,
                'nb_classes': 1081,
                'num_workers': 8,
                'pin_mem': True,
                'reprob': 0.25,
                'resume_epoch': 0,
                'root_path': '/home/rtcalumby/adam/luciano/',
                'use_color_distortion': False,
                'use_gaussian_blur': False,
                'use_horizontal_flip': False},
    'logging': {   'folder': '/home/rtcalumby/adam/luciano/LifeCLEFPlant2022/logs/PlantNet300k_exp21',
                   'write_tag': 'jepa'},
    'mask': {   'allow_overlap': False,
                'aspect_ratio': [0.75, 1.5],
                'enc_mask_scale': [0.85, 1.0],
                'min_keep': 10,
                'num_enc_masks': 1,
                'num_pred_masks': 4,
                'patch_size': 14,
                'pred_mask_scale': [0.15, 0.2]},
    'meta': {   'copy_data': False,
                'load_checkpoint': True,
                'model_name': 'vit_huge',
                'pred_depth': 12,
                'pred_emb_dim': 384,
                'read_checkpoint': None,
                'use_bfloat16': True},
    'optimization': {   'ema': [0.9, 0.999],
                        'epochs': 50,
                        'final_lr': 3e-06,
                        'final_weight_decay': 0.4,
                        'ipe_scale': 1.0,
                        'label_smoothing': 0.1,
                        'lr': 0.0006,
                        'start_lr': 0.00015,
                        'warmup': 5,
                        'weight_decay': 0.05}}
INFO:root:Running... (rank: 0/1)
INFO:root:Initialized (rank/world-size) 0/1
INFO:root:MaskedAutoEncoder(
  (encoder): Sequential(
    (0): Linear(in_features=1024, out_features=768, bias=True)
    (1): GELU(approximate='none')
    (2): Linear(in_features=768, out_features=512, bias=True)
    (3): GELU(approximate='none')
    (4): Linear(in_features=512, out_features=384, bias=True)
    (5): GELU(approximate='none')
  )
  (decoder): Sequential(
    (0): Linear(in_features=384, out_features=512, bias=True)
    (1): GELU(approximate='none')
    (2): Linear(in_features=512, out_features=768, bias=True)
    (3): GELU(approximate='none')
    (4): Linear(in_features=768, out_features=1024, bias=True)
  )
)
INFO:root:making imagenet data transforms
INFO:root:making imagenet data transforms
INFO:root:Finetuning dataset created
Training dataset, length: 245952
INFO:root:Finetuning dataset created
Val dataset, length: 31200
INFO:root:Using AdamW
['encoder', 'predictor', 'opt', 'scaler', 'target_encoder', 'epoch', 'loss', 'batch_size', 'world_size', 'lr']
INFO:root:loaded pretrained encoder from epoch 66 with msg: <All keys matched successfully>
INFO:root:Using AdamW
INFO:root:VisionTransformer(
  (patch_embed): PatchEmbed(
    (proj): Conv2d(3, 1280, kernel_size=(14, 14), stride=(14, 14))
  )
  (blocks): ModuleList(
    (0-31): 32 x Block(
      (norm1): LayerNorm((1280,), eps=1e-06, elementwise_affine=True)
      (attn): Attention(
        (qkv): Linear(in_features=1280, out_features=3840, bias=True)
        (attn_drop): Dropout(p=0.0, inplace=False)
        (proj): Linear(in_features=1280, out_features=1280, bias=True)
        (proj_drop): Dropout(p=0.0, inplace=False)
      )
      (drop_path): Identity()
      (norm2): LayerNorm((1280,), eps=1e-06, elementwise_affine=True)
      (mlp): MLP(
        (fc1): Linear(in_features=1280, out_features=5120, bias=True)
        (act): GELU(approximate='none')
        (fc2): Linear(in_features=5120, out_features=1280, bias=True)
        (drop): Dropout(p=0.0, inplace=False)
      )
    )
  )
  (norm): LayerNorm((1280,), eps=1e-06, elementwise_affine=True)
)
INFO:root:Building cache...
INFO:root:Done.
INFO:root:Initializing centroids...
INFO:root:Done.
INFO:root:M - Step...
/home/rtcalumby/miniconda3/envs/py382/lib/python3.12/site-packages/faiss/contrib/torch_utils.py:51: UserWarning: TypedStorage is deprecated. It will be removed in the future and UntypedStorage will be the only storage class. This should only matter to you if you are using storages directly.  To access UntypedStorage directly, use tensor.untyped_storage() instead of tensor.storage()
  x.storage().data_ptr() + x.storage_offset() * 4)
INFO:root:Epoch 1
INFO:faiss.loader:Loading faiss with AVX2 support.
INFO:faiss.loader:Successfully loaded faiss with AVX2 support.
INFO:faiss.loader:Loading faiss with AVX2 support.
INFO:faiss.loader:Successfully loaded faiss with AVX2 support.
INFO:faiss.loader:Loading faiss with AVX2 support.
INFO:faiss.loader:Successfully loaded faiss with AVX2 support.
INFO:faiss.loader:Loading faiss with AVX2 support.
INFO:faiss.loader:Successfully loaded faiss with AVX2 support.
INFO:faiss.loader:Loading faiss with AVX2 support.
INFO:faiss.loader:Successfully loaded faiss with AVX2 support.
INFO:faiss.loader:Loading faiss with AVX2 support.
INFO:faiss.loader:Successfully loaded faiss with AVX2 support.
INFO:faiss.loader:Loading faiss with AVX2 support.
INFO:faiss.loader:Successfully loaded faiss with AVX2 support.
INFO:faiss.loader:Loading faiss with AVX2 support.
INFO:faiss.loader:Successfully loaded faiss with AVX2 support.
INFO:root:[1,     0/ 2562] - train_losses - Parent Class: 6.9856 - Children class: 1.6094 -Autoencoder Loss (total): 469.1575 - Reconstruction/K-Means Loss: [0.9974 / 468.1601] - Consistency Loss: [0.0000] - VICReg Loss: [24.7500][wd: 5.00e-02] [lr: 1.50e-04] [autoencoder lr: 1.00e-04][mem: 6.00e+04] (3357.4 ms)
INFO:root:[1,     0] grad_stats: [4.94e-05 3.51e-04] (0.00e+00, 1.62e-01)
INFO:root:[1,    50/ 2562] - train_losses - Parent Class: 6.2655 - Children class: 1.1310 -Autoencoder Loss (total): 452.1897 - Reconstruction/K-Means Loss: [0.4022 / 451.7875] - Consistency Loss: [0.0000] - VICReg Loss: [23.0296][wd: 5.00e-02] [lr: 1.52e-04] [autoencoder lr: 1.03e-04][mem: 6.50e+04] (1498.0 ms)
INFO:root:[1,    50] grad_stats: [1.08e-01 1.60e-01] (0.00e+00, 3.46e+00)
INFO:root:[1,   100/ 2562] - train_losses - Parent Class: 6.0289 - Children class: 0.7795 -Autoencoder Loss (total): 449.0061 - Reconstruction/K-Means Loss: [0.2232 / 448.7829] - Consistency Loss: [0.0000] - VICReg Loss: [22.4534][wd: 5.00e-02] [lr: 1.54e-04] [autoencoder lr: 1.05e-04][mem: 6.50e+04] (1476.6 ms)
INFO:root:[1,   100] grad_stats: [8.20e-02 1.39e-01] (0.00e+00, 3.31e+00)
INFO:root:[1,   150/ 2562] - train_losses - Parent Class: 5.9222 - Children class: 0.6362 -Autoencoder Loss (total): 448.4275 - Reconstruction/K-Means Loss: [0.1717 / 448.2558] - Consistency Loss: [0.0000] - VICReg Loss: [21.8474][wd: 5.00e-02] [lr: 1.55e-04] [autoencoder lr: 1.08e-04][mem: 6.50e+04] (1471.2 ms)
INFO:root:[1,   150] grad_stats: [1.34e-02 6.69e-02] (0.00e+00, 2.87e+00)
INFO:root:[1,   200/ 2562] - train_losses - Parent Class: 5.8722 - Children class: 0.5560 -Autoencoder Loss (total): 448.1980 - Reconstruction/K-Means Loss: [0.1519 / 448.0461] - Consistency Loss: [0.0000] - VICReg Loss: [21.3333][wd: 5.00e-02] [lr: 1.57e-04] [autoencoder lr: 1.10e-04][mem: 6.50e+04] (1469.1 ms)
INFO:root:[1,   200] grad_stats: [1.33e-02 5.76e-02] (0.00e+00, 2.61e+00)
INFO:root:[1,   250/ 2562] - train_losses - Parent Class: 5.8347 - Children class: 0.5240 -Autoencoder Loss (total): 448.6516 - Reconstruction/K-Means Loss: [0.1433 / 448.5083] - Consistency Loss: [0.0000] - VICReg Loss: [20.9160][wd: 5.00e-02] [lr: 1.59e-04] [autoencoder lr: 1.13e-04][mem: 6.50e+04] (1471.1 ms)
INFO:root:[1,   250] grad_stats: [2.34e-02 5.00e-02] (0.00e+00, 2.68e+00)
INFO:root:[1,   300/ 2562] - train_losses - Parent Class: 5.8099 - Children class: 0.5029 -Autoencoder Loss (total): 448.4959 - Reconstruction/K-Means Loss: [0.1338 / 448.3621] - Consistency Loss: [0.0000] - VICReg Loss: [20.5964][wd: 5.00e-02] [lr: 1.61e-04] [autoencoder lr: 1.15e-04][mem: 6.50e+04] (1471.5 ms)
INFO:root:[1,   300] grad_stats: [2.26e-02 4.95e-02] (0.00e+00, 2.72e+00)
INFO:root:[1,   350/ 2562] - train_losses - Parent Class: 5.7961 - Children class: 0.4759 -Autoencoder Loss (total): 447.6682 - Reconstruction/K-Means Loss: [0.1214 / 447.5468] - Consistency Loss: [0.0000] - VICReg Loss: [20.3613][wd: 5.00e-02] [lr: 1.62e-04] [autoencoder lr: 1.18e-04][mem: 6.50e+04] (1472.8 ms)
INFO:root:[1,   350] grad_stats: [2.11e-02 3.77e-02] (0.00e+00, 2.62e+00)
INFO:root:[1,   400/ 2562] - train_losses - Parent Class: 5.7886 - Children class: 0.4520 -Autoencoder Loss (total): 446.9444 - Reconstruction/K-Means Loss: [0.1119 / 446.8324] - Consistency Loss: [0.0000] - VICReg Loss: [20.1755][wd: 5.00e-02] [lr: 1.64e-04] [autoencoder lr: 1.20e-04][mem: 6.50e+04] (1474.7 ms)
INFO:root:[1,   400] grad_stats: [2.12e-02 5.10e-02] (0.00e+00, 2.80e+00)
INFO:root:[1,   450/ 2562] - train_losses - Parent Class: 5.7793 - Children class: 0.4301 -Autoencoder Loss (total): 446.3015 - Reconstruction/K-Means Loss: [0.1074 / 446.1942] - Consistency Loss: [0.0000] - VICReg Loss: [19.9898][wd: 5.00e-02] [lr: 1.66e-04] [autoencoder lr: 1.23e-04][mem: 6.50e+04] (1477.0 ms)
INFO:root:[1,   450] grad_stats: [2.42e-02 4.88e-02] (0.00e+00, 2.63e+00)
INFO:root:[1,   500/ 2562] - train_losses - Parent Class: 5.7730 - Children class: 0.4154 -Autoencoder Loss (total): 445.8800 - Reconstruction/K-Means Loss: [0.1037 / 445.7764] - Consistency Loss: [0.0000] - VICReg Loss: [19.8346][wd: 5.00e-02] [lr: 1.68e-04] [autoencoder lr: 1.25e-04][mem: 6.50e+04] (1479.2 ms)
INFO:root:[1,   500] grad_stats: [3.32e-02 4.28e-02] (0.00e+00, 2.87e+00)
INFO:root:[1,   550/ 2562] - train_losses - Parent Class: 5.7677 - Children class: 0.4014 -Autoencoder Loss (total): 445.4619 - Reconstruction/K-Means Loss: [0.0985 / 445.3634] - Consistency Loss: [0.0000] - VICReg Loss: [19.7067][wd: 5.00e-02] [lr: 1.69e-04] [autoencoder lr: 1.28e-04][mem: 6.50e+04] (1481.8 ms)
INFO:root:[1,   550] grad_stats: [2.12e-02 4.59e-02] (0.00e+00, 2.65e+00)
INFO:root:[1,   600/ 2562] - train_losses - Parent Class: 5.7602 - Children class: 0.3866 -Autoencoder Loss (total): 445.0702 - Reconstruction/K-Means Loss: [0.0945 / 444.9756] - Consistency Loss: [0.0000] - VICReg Loss: [19.5885][wd: 5.00e-02] [lr: 1.71e-04] [autoencoder lr: 1.30e-04][mem: 6.50e+04] (1484.4 ms)
INFO:root:[1,   600] grad_stats: [2.76e-02 4.44e-02] (0.00e+00, 2.69e+00)
INFO:root:[1,   650/ 2562] - train_losses - Parent Class: 5.7546 - Children class: 0.3740 -Autoencoder Loss (total): 444.7873 - Reconstruction/K-Means Loss: [0.0923 / 444.6950] - Consistency Loss: [0.0000] - VICReg Loss: [19.4752][wd: 5.00e-02] [lr: 1.73e-04] [autoencoder lr: 1.33e-04][mem: 6.50e+04] (1486.7 ms)
INFO:root:[1,   650] grad_stats: [2.09e-01 7.76e-02] (0.00e+00, 2.65e+00)
INFO:root:[1,   700/ 2562] - train_losses - Parent Class: 5.7515 - Children class: 0.3637 -Autoencoder Loss (total): 444.5770 - Reconstruction/K-Means Loss: [0.0901 / 444.4869] - Consistency Loss: [0.0000] - VICReg Loss: [19.3746][wd: 5.00e-02] [lr: 1.75e-04] [autoencoder lr: 1.36e-04][mem: 6.50e+04] (1488.9 ms)
INFO:root:[1,   700] grad_stats: [8.85e-02 5.96e-02] (0.00e+00, 2.79e+00)
INFO:root:[1,   750/ 2562] - train_losses - Parent Class: 5.7442 - Children class: 0.3536 -Autoencoder Loss (total): 444.3473 - Reconstruction/K-Means Loss: [0.0882 / 444.2590] - Consistency Loss: [0.0000] - VICReg Loss: [19.2756][wd: 5.00e-02] [lr: 1.76e-04] [autoencoder lr: 1.38e-04][mem: 6.50e+04] (1491.1 ms)
INFO:root:[1,   750] grad_stats: [9.23e-02 5.94e-02] (0.00e+00, 2.92e+00)
INFO:root:[1,   800/ 2562] - train_losses - Parent Class: 5.7388 - Children class: 0.3443 -Autoencoder Loss (total): 444.1261 - Reconstruction/K-Means Loss: [0.0869 / 444.0393] - Consistency Loss: [0.0000] - VICReg Loss: [19.1828][wd: 5.00e-02] [lr: 1.78e-04] [autoencoder lr: 1.41e-04][mem: 6.50e+04] (1494.0 ms)
INFO:root:[1,   800] grad_stats: [9.96e-02 3.94e-02] (0.00e+00, 2.72e+00)
INFO:root:[1,   850/ 2562] - train_losses - Parent Class: 5.7338 - Children class: 0.3355 -Autoencoder Loss (total): 443.9907 - Reconstruction/K-Means Loss: [0.0854 / 443.9053] - Consistency Loss: [0.0000] - VICReg Loss: [19.0949][wd: 5.00e-02] [lr: 1.80e-04] [autoencoder lr: 1.43e-04][mem: 6.50e+04] (1496.4 ms)
INFO:root:[1,   850] grad_stats: [6.84e-02 3.46e-02] (0.00e+00, 2.83e+00)
INFO:root:[1,   900/ 2562] - train_losses - Parent Class: 5.7278 - Children class: 0.3273 -Autoencoder Loss (total): 443.9068 - Reconstruction/K-Means Loss: [0.0835 / 443.8233] - Consistency Loss: [0.0000] - VICReg Loss: [19.0165][wd: 5.00e-02] [lr: 1.82e-04] [autoencoder lr: 1.46e-04][mem: 6.50e+04] (1499.1 ms)
INFO:root:[1,   900] grad_stats: [6.30e-02 3.72e-02] (0.00e+00, 2.69e+00)
INFO:root:[1,   950/ 2562] - train_losses - Parent Class: 5.7219 - Children class: 0.3193 -Autoencoder Loss (total): 443.7078 - Reconstruction/K-Means Loss: [0.0814 / 443.6264] - Consistency Loss: [0.0000] - VICReg Loss: [18.9457][wd: 5.00e-02] [lr: 1.83e-04] [autoencoder lr: 1.48e-04][mem: 6.50e+04] (1502.2 ms)
INFO:root:[1,   950] grad_stats: [6.72e-02 3.22e-02] (0.00e+00, 2.69e+00)
INFO:root:[1,  1000/ 2562] - train_losses - Parent Class: 5.7142 - Children class: 0.3133 -Autoencoder Loss (total): 443.6492 - Reconstruction/K-Means Loss: [0.0798 / 443.5694] - Consistency Loss: [0.0000] - VICReg Loss: [18.8812][wd: 5.01e-02] [lr: 1.85e-04] [autoencoder lr: 1.51e-04][mem: 6.50e+04] (1505.3 ms)
INFO:root:[1,  1000] grad_stats: [1.11e-01 3.89e-02] (0.00e+00, 2.66e+00)
INFO:root:[1,  1050/ 2562] - train_losses - Parent Class: 5.7084 - Children class: 0.3064 -Autoencoder Loss (total): 443.5523 - Reconstruction/K-Means Loss: [0.0786 / 443.4737] - Consistency Loss: [0.0000] - VICReg Loss: [18.8198][wd: 5.01e-02] [lr: 1.87e-04] [autoencoder lr: 1.53e-04][mem: 6.50e+04] (1508.0 ms)
INFO:root:[1,  1050] grad_stats: [1.30e-01 4.37e-02] (0.00e+00, 2.66e+00)
INFO:root:[1,  1100/ 2562] - train_losses - Parent Class: 5.7012 - Children class: 0.3002 -Autoencoder Loss (total): 443.4526 - Reconstruction/K-Means Loss: [0.0777 / 443.3749] - Consistency Loss: [0.0000] - VICReg Loss: [18.7596][wd: 5.01e-02] [lr: 1.89e-04] [autoencoder lr: 1.56e-04][mem: 6.50e+04] (1511.0 ms)
INFO:root:[1,  1100] grad_stats: [1.06e-01 5.02e-02] (0.00e+00, 2.82e+00)
INFO:root:[1,  1150/ 2562] - train_losses - Parent Class: 5.6963 - Children class: 0.2946 -Autoencoder Loss (total): 443.3687 - Reconstruction/K-Means Loss: [0.0768 / 443.2919] - Consistency Loss: [0.0000] - VICReg Loss: [18.7017][wd: 5.01e-02] [lr: 1.90e-04] [autoencoder lr: 1.58e-04][mem: 6.50e+04] (1514.1 ms)
INFO:root:[1,  1150] grad_stats: [2.74e-01 6.80e-02] (0.00e+00, 2.92e+00)
INFO:root:[1,  1200/ 2562] - train_losses - Parent Class: 5.6903 - Children class: 0.2888 -Autoencoder Loss (total): 443.3041 - Reconstruction/K-Means Loss: [0.0758 / 443.2283] - Consistency Loss: [0.0000] - VICReg Loss: [18.6471][wd: 5.01e-02] [lr: 1.92e-04] [autoencoder lr: 1.61e-04][mem: 6.50e+04] (1517.8 ms)
INFO:root:[1,  1200] grad_stats: [1.62e-01 4.60e-02] (0.00e+00, 2.63e+00)
INFO:root:[1,  1250/ 2562] - train_losses - Parent Class: 5.6839 - Children class: 0.2837 -Autoencoder Loss (total): 443.2712 - Reconstruction/K-Means Loss: [0.0751 / 443.1961] - Consistency Loss: [0.0000] - VICReg Loss: [18.5942][wd: 5.01e-02] [lr: 1.94e-04] [autoencoder lr: 1.63e-04][mem: 6.50e+04] (1521.0 ms)
INFO:root:[1,  1250] grad_stats: [1.77e-01 4.46e-02] (0.00e+00, 2.52e+00)
INFO:root:[1,  1300/ 2562] - train_losses - Parent Class: 5.6771 - Children class: 0.2787 -Autoencoder Loss (total): 443.2604 - Reconstruction/K-Means Loss: [0.0744 / 443.1860] - Consistency Loss: [0.0000] - VICReg Loss: [18.5428][wd: 5.01e-02] [lr: 1.96e-04] [autoencoder lr: 1.66e-04][mem: 6.50e+04] (1524.0 ms)
INFO:root:[1,  1300] grad_stats: [1.71e-01 5.10e-02] (0.00e+00, 2.52e+00)
INFO:root:[1,  1350/ 2562] - train_losses - Parent Class: 5.6699 - Children class: 0.2738 -Autoencoder Loss (total): 443.1862 - Reconstruction/K-Means Loss: [0.0738 / 443.1124] - Consistency Loss: [0.0000] - VICReg Loss: [18.4940][wd: 5.01e-02] [lr: 1.97e-04] [autoencoder lr: 1.69e-04][mem: 6.50e+04] (1527.2 ms)
INFO:root:[1,  1350] grad_stats: [1.91e-01 4.68e-02] (0.00e+00, 2.70e+00)
INFO:root:[1,  1400/ 2562] - train_losses - Parent Class: 5.6673 - Children class: 0.2708 -Autoencoder Loss (total): 443.2145 - Reconstruction/K-Means Loss: [0.0736 / 443.1409] - Consistency Loss: [0.0000] - VICReg Loss: [18.4454][wd: 5.01e-02] [lr: 1.99e-04] [autoencoder lr: 1.71e-04][mem: 6.50e+04] (1530.5 ms)
INFO:root:[1,  1400] grad_stats: [2.80e-01 8.34e-02] (0.00e+00, 2.94e+00)
INFO:root:[1,  1450/ 2562] - train_losses - Parent Class: 5.6620 - Children class: 0.2660 -Autoencoder Loss (total): 443.1435 - Reconstruction/K-Means Loss: [0.0732 / 443.0703] - Consistency Loss: [0.0000] - VICReg Loss: [18.3983][wd: 5.01e-02] [lr: 2.01e-04] [autoencoder lr: 1.74e-04][mem: 6.50e+04] (1533.9 ms)
INFO:root:[1,  1450] grad_stats: [3.07e-01 5.44e-02] (0.00e+00, 2.64e+00)
INFO:root:[1,  1500/ 2562] - train_losses - Parent Class: 5.6555 - Children class: 0.2628 -Autoencoder Loss (total): 443.2072 - Reconstruction/K-Means Loss: [0.0728 / 443.1344] - Consistency Loss: [0.0000] - VICReg Loss: [18.3529][wd: 5.01e-02] [lr: 2.03e-04] [autoencoder lr: 1.76e-04][mem: 6.50e+04] (1537.3 ms)
INFO:root:[1,  1500] grad_stats: [2.05e-01 4.53e-02] (0.00e+00, 2.64e+00)
INFO:root:[1,  1550/ 2562] - train_losses - Parent Class: 5.6500 - Children class: 0.2585 -Autoencoder Loss (total): 443.1685 - Reconstruction/K-Means Loss: [0.0724 / 443.0960] - Consistency Loss: [0.0000] - VICReg Loss: [18.3085][wd: 5.01e-02] [lr: 2.04e-04] [autoencoder lr: 1.79e-04][mem: 6.50e+04] (1540.8 ms)
INFO:root:[1,  1550] grad_stats: [1.84e-01 5.83e-02] (0.00e+00, 2.78e+00)
INFO:root:[1,  1600/ 2562] - train_losses - Parent Class: 5.6438 - Children class: 0.2554 -Autoencoder Loss (total): 443.2252 - Reconstruction/K-Means Loss: [0.0723 / 443.1529] - Consistency Loss: [0.0000] - VICReg Loss: [18.2644][wd: 5.01e-02] [lr: 2.06e-04] [autoencoder lr: 1.81e-04][mem: 6.50e+04] (1544.3 ms)
INFO:root:[1,  1600] grad_stats: [2.26e-01 3.56e-02] (0.00e+00, 2.64e+00)
INFO:root:[1,  1650/ 2562] - train_losses - Parent Class: 5.6374 - Children class: 0.2516 -Autoencoder Loss (total): 443.1983 - Reconstruction/K-Means Loss: [0.0722 / 443.1262] - Consistency Loss: [0.0000] - VICReg Loss: [18.2214][wd: 5.01e-02] [lr: 2.08e-04] [autoencoder lr: 1.84e-04][mem: 6.50e+04] (1547.7 ms)
INFO:root:[1,  1650] grad_stats: [1.82e-01 4.19e-02] (0.00e+00, 2.85e+00)
INFO:root:[1,  1700/ 2562] - train_losses - Parent Class: 5.6321 - Children class: 0.2484 -Autoencoder Loss (total): 443.2320 - Reconstruction/K-Means Loss: [0.0721 / 443.1600] - Consistency Loss: [0.0000] - VICReg Loss: [18.1800][wd: 5.02e-02] [lr: 2.10e-04] [autoencoder lr: 1.86e-04][mem: 6.50e+04] (1551.3 ms)
INFO:root:[1,  1700] grad_stats: [2.35e-01 4.80e-02] (0.00e+00, 2.50e+00)
INFO:root:[1,  1750/ 2562] - train_losses - Parent Class: 5.6257 - Children class: 0.2453 -Autoencoder Loss (total): 443.2414 - Reconstruction/K-Means Loss: [0.0719 / 443.1695] - Consistency Loss: [0.0000] - VICReg Loss: [18.1391][wd: 5.02e-02] [lr: 2.12e-04] [autoencoder lr: 1.89e-04][mem: 6.50e+04] (1554.8 ms)
INFO:root:[1,  1750] grad_stats: [2.61e-01 5.13e-02] (0.00e+00, 2.64e+00)
INFO:root:[1,  1800/ 2562] - train_losses - Parent Class: 5.6192 - Children class: 0.2423 -Autoencoder Loss (total): 443.2888 - Reconstruction/K-Means Loss: [0.0718 / 443.2170] - Consistency Loss: [0.0000] - VICReg Loss: [18.0993][wd: 5.02e-02] [lr: 2.13e-04] [autoencoder lr: 1.91e-04][mem: 6.50e+04] (1558.4 ms)
INFO:root:[1,  1800] grad_stats: [2.53e-01 3.93e-02] (0.00e+00, 2.57e+00)
INFO:root:[1,  1850/ 2562] - train_losses - Parent Class: 5.6128 - Children class: 0.2391 -Autoencoder Loss (total): 443.2778 - Reconstruction/K-Means Loss: [0.0717 / 443.2061] - Consistency Loss: [0.0000] - VICReg Loss: [18.0610][wd: 5.02e-02] [lr: 2.15e-04] [autoencoder lr: 1.94e-04][mem: 6.50e+04] (1561.9 ms)
INFO:root:[1,  1850] grad_stats: [2.21e-01 5.69e-02] (0.00e+00, 2.77e+00)
INFO:root:[1,  1900/ 2562] - train_losses - Parent Class: 5.6062 - Children class: 0.2366 -Autoencoder Loss (total): 443.3114 - Reconstruction/K-Means Loss: [0.0715 / 443.2399] - Consistency Loss: [0.0000] - VICReg Loss: [18.0248][wd: 5.02e-02] [lr: 2.17e-04] [autoencoder lr: 1.96e-04][mem: 6.50e+04] (1565.6 ms)
INFO:root:[1,  1900] grad_stats: [1.81e-01 3.94e-02] (0.00e+00, 2.51e+00)
INFO:root:[1,  1950/ 2562] - train_losses - Parent Class: 5.6001 - Children class: 0.2337 -Autoencoder Loss (total): 443.3496 - Reconstruction/K-Means Loss: [0.0715 / 443.2781] - Consistency Loss: [0.0000] - VICReg Loss: [17.9890][wd: 5.02e-02] [lr: 2.19e-04] [autoencoder lr: 1.99e-04][mem: 6.50e+04] (1569.2 ms)
INFO:root:[1,  1950] grad_stats: [1.57e-01 4.07e-02] (0.00e+00, 2.48e+00)
INFO:root:[1,  2000/ 2562] - train_losses - Parent Class: 5.5941 - Children class: 0.2308 -Autoencoder Loss (total): 443.3834 - Reconstruction/K-Means Loss: [0.0715 / 443.3119] - Consistency Loss: [0.0000] - VICReg Loss: [17.9529][wd: 5.02e-02] [lr: 2.20e-04] [autoencoder lr: 2.02e-04][mem: 6.50e+04] (1572.8 ms)
INFO:root:[1,  2000] grad_stats: [2.98e-01 4.27e-02] (0.00e+00, 2.62e+00)
INFO:root:[1,  2050/ 2562] - train_losses - Parent Class: 5.5881 - Children class: 0.2282 -Autoencoder Loss (total): 443.4329 - Reconstruction/K-Means Loss: [0.0716 / 443.3613] - Consistency Loss: [0.0000] - VICReg Loss: [17.9183][wd: 5.02e-02] [lr: 2.22e-04] [autoencoder lr: 2.04e-04][mem: 6.50e+04] (1576.8 ms)
INFO:root:[1,  2050] grad_stats: [1.87e-01 2.88e-02] (0.00e+00, 2.55e+00)
INFO:root:[1,  2100/ 2562] - train_losses - Parent Class: 5.5821 - Children class: 0.2254 -Autoencoder Loss (total): 443.4435 - Reconstruction/K-Means Loss: [0.0716 / 443.3718] - Consistency Loss: [0.0000] - VICReg Loss: [17.8847][wd: 5.02e-02] [lr: 2.24e-04] [autoencoder lr: 2.07e-04][mem: 6.50e+04] (1580.3 ms)
INFO:root:[1,  2100] grad_stats: [1.45e-01 3.41e-02] (0.00e+00, 2.59e+00)
INFO:root:[1,  2150/ 2562] - train_losses - Parent Class: 5.5766 - Children class: 0.2234 -Autoencoder Loss (total): 443.4638 - Reconstruction/K-Means Loss: [0.0717 / 443.3922] - Consistency Loss: [0.0000] - VICReg Loss: [17.8518][wd: 5.02e-02] [lr: 2.26e-04] [autoencoder lr: 2.09e-04][mem: 6.50e+04] (1583.8 ms)
INFO:root:[1,  2150] grad_stats: [2.39e-01 3.78e-02] (0.00e+00, 2.64e+00)
INFO:root:[1,  2200/ 2562] - train_losses - Parent Class: 5.5710 - Children class: 0.2211 -Autoencoder Loss (total): 443.4737 - Reconstruction/K-Means Loss: [0.0716 / 443.4020] - Consistency Loss: [0.0000] - VICReg Loss: [17.8197][wd: 5.03e-02] [lr: 2.27e-04] [autoencoder lr: 2.12e-04][mem: 6.50e+04] (1587.7 ms)
INFO:root:[1,  2200] grad_stats: [2.06e-01 3.44e-02] (0.00e+00, 2.47e+00)
INFO:root:[1,  2250/ 2562] - train_losses - Parent Class: 5.5653 - Children class: 0.2186 -Autoencoder Loss (total): 443.4860 - Reconstruction/K-Means Loss: [0.0717 / 443.4144] - Consistency Loss: [0.0000] - VICReg Loss: [17.7881][wd: 5.03e-02] [lr: 2.29e-04] [autoencoder lr: 2.14e-04][mem: 6.50e+04] (1591.4 ms)
INFO:root:[1,  2250] grad_stats: [2.85e-01 3.54e-02] (0.00e+00, 2.55e+00)
INFO:root:[1,  2300/ 2562] - train_losses - Parent Class: 5.5593 - Children class: 0.2167 -Autoencoder Loss (total): 443.4905 - Reconstruction/K-Means Loss: [0.0718 / 443.4187] - Consistency Loss: [0.0000] - VICReg Loss: [17.7567][wd: 5.03e-02] [lr: 2.31e-04] [autoencoder lr: 2.17e-04][mem: 6.50e+04] (1595.2 ms)
INFO:root:[1,  2300] grad_stats: [2.34e-01 4.67e-02] (0.00e+00, 2.63e+00)
INFO:root:[1,  2350/ 2562] - train_losses - Parent Class: 5.5541 - Children class: 0.2147 -Autoencoder Loss (total): 443.4968 - Reconstruction/K-Means Loss: [0.0719 / 443.4249] - Consistency Loss: [0.0000] - VICReg Loss: [17.7262][wd: 5.03e-02] [lr: 2.33e-04] [autoencoder lr: 2.19e-04][mem: 6.50e+04] (1598.9 ms)
INFO:root:[1,  2350] grad_stats: [2.14e-01 4.86e-02] (0.00e+00, 2.51e+00)
INFO:root:[1,  2400/ 2562] - train_losses - Parent Class: 5.5495 - Children class: 0.2129 -Autoencoder Loss (total): 443.5173 - Reconstruction/K-Means Loss: [0.0721 / 443.4452] - Consistency Loss: [0.0000] - VICReg Loss: [17.6966][wd: 5.03e-02] [lr: 2.34e-04] [autoencoder lr: 2.22e-04][mem: 6.50e+04] (1602.4 ms)
INFO:root:[1,  2400] grad_stats: [2.10e-01 3.31e-02] (0.00e+00, 2.56e+00)
INFO:root:[1,  2450/ 2562] - train_losses - Parent Class: 5.5442 - Children class: 0.2109 -Autoencoder Loss (total): 443.5224 - Reconstruction/K-Means Loss: [0.0720 / 443.4503] - Consistency Loss: [0.0000] - VICReg Loss: [17.6672][wd: 5.03e-02] [lr: 2.36e-04] [autoencoder lr: 2.24e-04][mem: 6.50e+04] (1606.2 ms)
INFO:root:[1,  2450] grad_stats: [1.99e-01 6.30e-02] (0.00e+00, 2.45e+00)
INFO:root:[1,  2500/ 2562] - train_losses - Parent Class: 5.5380 - Children class: 0.2089 -Autoencoder Loss (total): 443.5311 - Reconstruction/K-Means Loss: [0.0722 / 443.4588] - Consistency Loss: [0.0000] - VICReg Loss: [17.6386][wd: 5.03e-02] [lr: 2.38e-04] [autoencoder lr: 2.27e-04][mem: 6.50e+04] (1609.8 ms)
INFO:root:[1,  2500] grad_stats: [2.34e-01 5.68e-02] (0.00e+00, 2.53e+00)
INFO:root:[1,  2550/ 2562] - train_losses - Parent Class: 5.5327 - Children class: 0.2069 -Autoencoder Loss (total): 443.5424 - Reconstruction/K-Means Loss: [0.0724 / 443.4699] - Consistency Loss: [0.0000] - VICReg Loss: [17.6105][wd: 5.03e-02] [lr: 2.40e-04] [autoencoder lr: 2.29e-04][mem: 6.50e+04] (1613.7 ms)
INFO:root:[1,  2550] grad_stats: [2.92e-01 5.60e-02] (0.00e+00, 2.49e+00)
INFO:root:Asserting cache length
Avg no of empty clusters: 19.476410730804812
INFO:faiss.loader:Loading faiss with AVX2 support.
INFO:faiss.loader:Successfully loaded faiss with AVX2 support.
INFO:faiss.loader:Loading faiss with AVX2 support.
INFO:faiss.loader:Successfully loaded faiss with AVX2 support.
INFO:faiss.loader:Loading faiss with AVX2 support.
INFO:faiss.loader:Successfully loaded faiss with AVX2 support.
INFO:faiss.loader:Loading faiss with AVX2 support.
INFO:faiss.loader:Successfully loaded faiss with AVX2 support.
INFO:faiss.loader:Loading faiss with AVX2 support.
INFO:faiss.loader:Successfully loaded faiss with AVX2 support.
INFO:faiss.loader:Loading faiss with AVX2 support.
INFO:faiss.loader:Successfully loaded faiss with AVX2 support.
INFO:faiss.loader:Loading faiss with AVX2 support.
INFO:faiss.loader:Successfully loaded faiss with AVX2 support.
INFO:faiss.loader:Loading faiss with AVX2 support.
INFO:faiss.loader:Successfully loaded faiss with AVX2 support.
INFO:root:avg. train_loss 23.343
INFO:root:avg. test_loss 4.709 avg. Accuracy@1 12.525 - avg. Accuracy@5 30.453
INFO:root:Loss 23.1608
INFO:root:Epoch 2
INFO:faiss.loader:Loading faiss with AVX2 support.
INFO:faiss.loader:Successfully loaded faiss with AVX2 support.
INFO:faiss.loader:Loading faiss with AVX2 support.
INFO:faiss.loader:Successfully loaded faiss with AVX2 support.
INFO:faiss.loader:Loading faiss with AVX2 support.
INFO:faiss.loader:Successfully loaded faiss with AVX2 support.
INFO:faiss.loader:Loading faiss with AVX2 support.
INFO:faiss.loader:Successfully loaded faiss with AVX2 support.
INFO:faiss.loader:Loading faiss with AVX2 support.
INFO:faiss.loader:Successfully loaded faiss with AVX2 support.
INFO:faiss.loader:Loading faiss with AVX2 support.
INFO:faiss.loader:Successfully loaded faiss with AVX2 support.
INFO:faiss.loader:Loading faiss with AVX2 support.
INFO:faiss.loader:Successfully loaded faiss with AVX2 support.
INFO:faiss.loader:Loading faiss with AVX2 support.
INFO:faiss.loader:Successfully loaded faiss with AVX2 support.
INFO:root:[2,     0/ 2562] - train_losses - Parent Class: 5.1871 - Children class: 2.3739 -Autoencoder Loss (total): 16.5138 - Reconstruction/K-Means Loss: [0.0829 / 16.4309] - Consistency Loss: [0.0000] - VICReg Loss: [16.1477][wd: 5.03e-02] [lr: 2.40e-04] [autoencoder lr: 2.30e-04][mem: 6.50e+04] (1983.7 ms)
INFO:root:[2,     0] grad_stats: [2.05e-01 7.98e-02] (0.00e+00, 4.51e+00)
INFO:root:[2,    50/ 2562] - train_losses - Parent Class: 5.2530 - Children class: 0.6206 -Autoencoder Loss (total): 33.5990 - Reconstruction/K-Means Loss: [0.1216 / 33.4774] - Consistency Loss: [0.0000] - VICReg Loss: [16.2239][wd: 5.04e-02] [lr: 2.42e-04] [autoencoder lr: 2.33e-04][mem: 6.50e+04] (1488.3 ms)
INFO:root:[2,    50] grad_stats: [2.50e-01 3.91e-02] (0.00e+00, 2.91e+00)
INFO:root:[2,   100/ 2562] - train_losses - Parent Class: 5.2687 - Children class: 0.4125 -Autoencoder Loss (total): 29.2450 - Reconstruction/K-Means Loss: [0.0889 / 29.1561] - Consistency Loss: [0.0000] - VICReg Loss: [16.1926][wd: 5.04e-02] [lr: 2.44e-04] [autoencoder lr: 2.35e-04][mem: 6.50e+04] (1486.5 ms)
INFO:root:[2,   100] grad_stats: [2.38e-01 3.95e-02] (0.00e+00, 2.79e+00)
INFO:root:[2,   150/ 2562] - train_losses - Parent Class: 5.2650 - Children class: 0.3237 -Autoencoder Loss (total): 27.1026 - Reconstruction/K-Means Loss: [0.0788 / 27.0237] - Consistency Loss: [0.0000] - VICReg Loss: [16.1773][wd: 5.04e-02] [lr: 2.45e-04] [autoencoder lr: 2.38e-04][mem: 6.50e+04] (1486.9 ms)
INFO:root:[2,   150] grad_stats: [2.17e-01 2.57e-02] (0.00e+00, 2.65e+00)
INFO:root:[2,   200/ 2562] - train_losses - Parent Class: 5.2571 - Children class: 0.2739 -Autoencoder Loss (total): 25.7918 - Reconstruction/K-Means Loss: [0.0738 / 25.7180] - Consistency Loss: [0.0000] - VICReg Loss: [16.1663][wd: 5.04e-02] [lr: 2.47e-04] [autoencoder lr: 2.40e-04][mem: 6.50e+04] (1488.0 ms)
INFO:root:[2,   200] grad_stats: [2.53e-01 3.99e-02] (0.00e+00, 2.82e+00)
INFO:root:[2,   250/ 2562] - train_losses - Parent Class: 5.2523 - Children class: 0.2412 -Autoencoder Loss (total): 24.9877 - Reconstruction/K-Means Loss: [0.0710 / 24.9168] - Consistency Loss: [0.0000] - VICReg Loss: [16.1613][wd: 5.04e-02] [lr: 2.49e-04] [autoencoder lr: 2.43e-04][mem: 6.50e+04] (1489.7 ms)
INFO:root:[2,   250] grad_stats: [2.82e-01 5.16e-02] (0.00e+00, 2.66e+00)
INFO:root:[2,   300/ 2562] - train_losses - Parent Class: 5.2517 - Children class: 0.2163 -Autoencoder Loss (total): 24.4581 - Reconstruction/K-Means Loss: [0.0692 / 24.3889] - Consistency Loss: [0.0000] - VICReg Loss: [16.1514][wd: 5.04e-02] [lr: 2.51e-04] [autoencoder lr: 2.45e-04][mem: 6.50e+04] (1492.1 ms)
INFO:root:[2,   300] grad_stats: [2.35e-01 3.89e-02] (0.00e+00, 2.67e+00)
INFO:root:[2,   350/ 2562] - train_losses - Parent Class: 5.2453 - Children class: 0.1975 -Autoencoder Loss (total): 24.0356 - Reconstruction/K-Means Loss: [0.0686 / 23.9669] - Consistency Loss: [0.0000] - VICReg Loss: [16.1407][wd: 5.04e-02] [lr: 2.52e-04] [autoencoder lr: 2.48e-04][mem: 6.50e+04] (1493.6 ms)
INFO:root:[2,   350] grad_stats: [3.44e-01 5.39e-02] (0.00e+00, 2.99e+00)
INFO:root:[2,   400/ 2562] - train_losses - Parent Class: 5.2474 - Children class: 0.1830 -Autoencoder Loss (total): 23.8263 - Reconstruction/K-Means Loss: [0.0694 / 23.7569] - Consistency Loss: [0.0000] - VICReg Loss: [16.1285][wd: 5.05e-02] [lr: 2.54e-04] [autoencoder lr: 2.50e-04][mem: 6.50e+04] (1495.6 ms)
INFO:root:[2,   400] grad_stats: [2.47e-01 5.03e-02] (0.00e+00, 2.44e+00)
INFO:root:[2,   450/ 2562] - train_losses - Parent Class: 5.2434 - Children class: 0.1722 -Autoencoder Loss (total): 23.7809 - Reconstruction/K-Means Loss: [0.0709 / 23.7100] - Consistency Loss: [0.0000] - VICReg Loss: [16.1140][wd: 5.05e-02] [lr: 2.56e-04] [autoencoder lr: 2.53e-04][mem: 6.50e+04] (1497.1 ms)
INFO:root:[2,   450] grad_stats: [2.25e-01 4.49e-02] (0.00e+00, 2.68e+00)
INFO:root:[2,   500/ 2562] - train_losses - Parent Class: 5.2357 - Children class: 0.1615 -Autoencoder Loss (total): 23.7615 - Reconstruction/K-Means Loss: [0.0725 / 23.6890] - Consistency Loss: [0.0000] - VICReg Loss: [16.0986][wd: 5.05e-02] [lr: 2.58e-04] [autoencoder lr: 2.55e-04][mem: 6.50e+04] (1499.3 ms)
INFO:root:[2,   500] grad_stats: [2.35e-01 2.85e-02] (0.00e+00, 2.59e+00)
INFO:root:[2,   550/ 2562] - train_losses - Parent Class: 5.2365 - Children class: 0.1536 -Autoencoder Loss (total): 23.8143 - Reconstruction/K-Means Loss: [0.0740 / 23.7404] - Consistency Loss: [0.0000] - VICReg Loss: [16.0859][wd: 5.05e-02] [lr: 2.59e-04] [autoencoder lr: 2.58e-04][mem: 6.50e+04] (1501.2 ms)
INFO:root:[2,   550] grad_stats: [3.49e-01 8.48e-02] (0.00e+00, 2.56e+00)
INFO:root:[2,   600/ 2562] - train_losses - Parent Class: 5.2311 - Children class: 0.1462 -Autoencoder Loss (total): 24.0519 - Reconstruction/K-Means Loss: [0.0752 / 23.9767] - Consistency Loss: [0.0000] - VICReg Loss: [16.0721][wd: 5.05e-02] [lr: 2.61e-04] [autoencoder lr: 2.60e-04][mem: 6.50e+04] (1502.8 ms)
INFO:root:[2,   600] grad_stats: [2.15e-01 3.37e-02] (0.00e+00, 2.50e+00)
INFO:root:[2,   650/ 2562] - train_losses - Parent Class: 5.2267 - Children class: 0.1395 -Autoencoder Loss (total): 24.3275 - Reconstruction/K-Means Loss: [0.0760 / 24.2515] - Consistency Loss: [0.0000] - VICReg Loss: [16.0582][wd: 5.05e-02] [lr: 2.63e-04] [autoencoder lr: 2.63e-04][mem: 6.50e+04] (1505.2 ms)
INFO:root:[2,   650] grad_stats: [2.84e-01 3.02e-02] (0.00e+00, 2.57e+00)
INFO:root:[2,   700/ 2562] - train_losses - Parent Class: 5.2238 - Children class: 0.1340 -Autoencoder Loss (total): 24.6356 - Reconstruction/K-Means Loss: [0.0768 / 24.5587] - Consistency Loss: [0.0000] - VICReg Loss: [16.0434][wd: 5.06e-02] [lr: 2.65e-04] [autoencoder lr: 2.66e-04][mem: 6.50e+04] (1507.1 ms)
INFO:root:[2,   700] grad_stats: [3.12e-01 3.30e-02] (0.00e+00, 2.50e+00)
INFO:root:[2,   750/ 2562] - train_losses - Parent Class: 5.2187 - Children class: 0.1288 -Autoencoder Loss (total): 24.9545 - Reconstruction/K-Means Loss: [0.0773 / 24.8772] - Consistency Loss: [0.0000] - VICReg Loss: [16.0299][wd: 5.06e-02] [lr: 2.66e-04] [autoencoder lr: 2.68e-04][mem: 6.50e+04] (1509.4 ms)
INFO:root:[2,   750] grad_stats: [2.34e-01 3.93e-02] (0.00e+00, 2.65e+00)
INFO:root:[2,   800/ 2562] - train_losses - Parent Class: 5.2172 - Children class: 0.1245 -Autoencoder Loss (total): 25.2949 - Reconstruction/K-Means Loss: [0.0780 / 25.2168] - Consistency Loss: [0.0000] - VICReg Loss: [16.0183][wd: 5.06e-02] [lr: 2.68e-04] [autoencoder lr: 2.71e-04][mem: 6.50e+04] (1511.5 ms)
INFO:root:[2,   800] grad_stats: [2.34e-01 2.91e-02] (0.00e+00, 2.69e+00)
INFO:root:[2,   850/ 2562] - train_losses - Parent Class: 5.2171 - Children class: 0.1204 -Autoencoder Loss (total): 25.6650 - Reconstruction/K-Means Loss: [0.0787 / 25.5864] - Consistency Loss: [0.0000] - VICReg Loss: [16.0056][wd: 5.06e-02] [lr: 2.70e-04] [autoencoder lr: 2.73e-04][mem: 6.50e+04] (1513.6 ms)
INFO:root:[2,   850] grad_stats: [2.76e-01 3.73e-02] (0.00e+00, 2.69e+00)
INFO:root:[2,   900/ 2562] - train_losses - Parent Class: 5.2138 - Children class: 0.1164 -Autoencoder Loss (total): 26.0552 - Reconstruction/K-Means Loss: [0.0789 / 25.9762] - Consistency Loss: [0.0000] - VICReg Loss: [15.9944][wd: 5.06e-02] [lr: 2.72e-04] [autoencoder lr: 2.76e-04][mem: 6.50e+04] (1515.8 ms)
INFO:root:[2,   900] grad_stats: [2.95e-01 3.73e-02] (0.00e+00, 2.46e+00)
INFO:root:[2,   950/ 2562] - train_losses - Parent Class: 5.2110 - Children class: 0.1131 -Autoencoder Loss (total): 26.4507 - Reconstruction/K-Means Loss: [0.0793 / 26.3714] - Consistency Loss: [0.0000] - VICReg Loss: [15.9825][wd: 5.06e-02] [lr: 2.73e-04] [autoencoder lr: 2.78e-04][mem: 6.50e+04] (1518.3 ms)
INFO:root:[2,   950] grad_stats: [2.56e-01 2.97e-02] (0.00e+00, 2.96e+00)
INFO:root:[2,  1000/ 2562] - train_losses - Parent Class: 5.2075 - Children class: 0.1102 -Autoencoder Loss (total): 26.8255 - Reconstruction/K-Means Loss: [0.0797 / 26.7458] - Consistency Loss: [0.0000] - VICReg Loss: [15.9718][wd: 5.07e-02] [lr: 2.75e-04] [autoencoder lr: 2.81e-04][mem: 6.50e+04] (1521.0 ms)
INFO:root:[2,  1000] grad_stats: [2.36e-01 2.81e-02] (0.00e+00, 2.59e+00)
INFO:root:[2,  1050/ 2562] - train_losses - Parent Class: 5.2050 - Children class: 0.1073 -Autoencoder Loss (total): 27.2089 - Reconstruction/K-Means Loss: [0.0800 / 27.1288] - Consistency Loss: [0.0000] - VICReg Loss: [15.9616][wd: 5.07e-02] [lr: 2.77e-04] [autoencoder lr: 2.83e-04][mem: 6.50e+04] (1523.1 ms)
INFO:root:[2,  1050] grad_stats: [2.46e-01 7.18e-02] (0.00e+00, 2.61e+00)
INFO:root:[2,  1100/ 2562] - train_losses - Parent Class: 5.2022 - Children class: 0.1047 -Autoencoder Loss (total): 27.6271 - Reconstruction/K-Means Loss: [0.0804 / 27.5468] - Consistency Loss: [0.0000] - VICReg Loss: [15.9522][wd: 5.07e-02] [lr: 2.79e-04] [autoencoder lr: 2.86e-04][mem: 6.50e+04] (1525.6 ms)
INFO:root:[2,  1100] grad_stats: [2.53e-01 3.40e-02] (0.00e+00, 2.69e+00)
INFO:root:[2,  1150/ 2562] - train_losses - Parent Class: 5.1985 - Children class: 0.1022 -Autoencoder Loss (total): 28.0536 - Reconstruction/K-Means Loss: [0.0806 / 27.9730] - Consistency Loss: [0.0000] - VICReg Loss: [15.9438][wd: 5.07e-02] [lr: 2.80e-04] [autoencoder lr: 2.88e-04][mem: 6.50e+04] (1528.3 ms)
INFO:root:[2,  1150] grad_stats: [2.22e-01 4.17e-02] (0.00e+00, 2.53e+00)
INFO:root:[2,  1200/ 2562] - train_losses - Parent Class: 5.1947 - Children class: 0.0998 -Autoencoder Loss (total): 28.4983 - Reconstruction/K-Means Loss: [0.0808 / 28.4175] - Consistency Loss: [0.0000] - VICReg Loss: [15.9357][wd: 5.07e-02] [lr: 2.82e-04] [autoencoder lr: 2.91e-04][mem: 6.50e+04] (1530.7 ms)
INFO:root:[2,  1200] grad_stats: [2.68e-01 4.45e-02] (0.00e+00, 2.85e+00)
INFO:root:[2,  1250/ 2562] - train_losses - Parent Class: 5.1909 - Children class: 0.0977 -Autoencoder Loss (total): 28.9480 - Reconstruction/K-Means Loss: [0.0812 / 28.8668] - Consistency Loss: [0.0000] - VICReg Loss: [15.9273][wd: 5.08e-02] [lr: 2.84e-04] [autoencoder lr: 2.93e-04][mem: 6.50e+04] (1533.4 ms)
INFO:root:[2,  1250] grad_stats: [2.42e-01 2.88e-02] (0.00e+00, 2.47e+00)
INFO:root:[2,  1300/ 2562] - train_losses - Parent Class: 5.1875 - Children class: 0.0956 -Autoencoder Loss (total): 29.4363 - Reconstruction/K-Means Loss: [0.0819 / 29.3544] - Consistency Loss: [0.0000] - VICReg Loss: [15.9183][wd: 5.08e-02] [lr: 2.86e-04] [autoencoder lr: 2.96e-04][mem: 6.50e+04] (1536.4 ms)
INFO:root:[2,  1300] grad_stats: [2.16e-01 4.18e-02] (0.00e+00, 2.42e+00)
INFO:root:[2,  1350/ 2562] - train_losses - Parent Class: 5.1846 - Children class: 0.0936 -Autoencoder Loss (total): 29.9391 - Reconstruction/K-Means Loss: [0.0826 / 29.8565] - Consistency Loss: [0.0000] - VICReg Loss: [15.9085][wd: 5.08e-02] [lr: 2.87e-04] [autoencoder lr: 2.99e-04][mem: 6.50e+04] (1539.3 ms)
INFO:root:[2,  1350] grad_stats: [2.86e-01 5.18e-02] (0.00e+00, 3.15e+00)
INFO:root:[2,  1400/ 2562] - train_losses - Parent Class: 5.1815 - Children class: 0.0918 -Autoencoder Loss (total): 30.4354 - Reconstruction/K-Means Loss: [0.0836 / 30.3518] - Consistency Loss: [0.0000] - VICReg Loss: [15.8986][wd: 5.08e-02] [lr: 2.89e-04] [autoencoder lr: 3.01e-04][mem: 6.50e+04] (1542.2 ms)
INFO:root:[2,  1400] grad_stats: [3.93e-01 7.13e-02] (0.00e+00, 2.54e+00)
INFO:root:[2,  1450/ 2562] - train_losses - Parent Class: 5.1782 - Children class: 0.0900 -Autoencoder Loss (total): 30.9218 - Reconstruction/K-Means Loss: [0.0847 / 30.8371] - Consistency Loss: [0.0000] - VICReg Loss: [15.8883][wd: 5.08e-02] [lr: 2.91e-04] [autoencoder lr: 3.04e-04][mem: 6.50e+04] (1545.5 ms)
INFO:root:[2,  1450] grad_stats: [2.86e-01 3.94e-02] (0.00e+00, 2.58e+00)
INFO:root:[2,  1500/ 2562] - train_losses - Parent Class: 5.1746 - Children class: 0.0882 -Autoencoder Loss (total): 31.4923 - Reconstruction/K-Means Loss: [0.0858 / 31.4066] - Consistency Loss: [0.0000] - VICReg Loss: [15.8776][wd: 5.09e-02] [lr: 2.93e-04] [autoencoder lr: 3.06e-04][mem: 6.50e+04] (1548.5 ms)
INFO:root:[2,  1500] grad_stats: [2.71e-01 5.38e-02] (0.00e+00, 2.50e+00)
INFO:root:[2,  1550/ 2562] - train_losses - Parent Class: 5.1719 - Children class: 0.0866 -Autoencoder Loss (total): 32.0858 - Reconstruction/K-Means Loss: [0.0867 / 31.9991] - Consistency Loss: [0.0000] - VICReg Loss: [15.8669][wd: 5.09e-02] [lr: 2.94e-04] [autoencoder lr: 3.09e-04][mem: 6.50e+04] (1551.5 ms)
INFO:root:[2,  1550] grad_stats: [3.24e-01 6.53e-02] (0.00e+00, 2.97e+00)
INFO:root:[2,  1600/ 2562] - train_losses - Parent Class: 5.1688 - Children class: 0.0852 -Autoencoder Loss (total): 32.6892 - Reconstruction/K-Means Loss: [0.0875 / 32.6017] - Consistency Loss: [0.0000] - VICReg Loss: [15.8566][wd: 5.09e-02] [lr: 2.96e-04] [autoencoder lr: 3.11e-04][mem: 6.50e+04] (1554.8 ms)
INFO:root:[2,  1600] grad_stats: [2.77e-01 3.99e-02] (0.00e+00, 2.62e+00)
INFO:root:[2,  1650/ 2562] - train_losses - Parent Class: 5.1665 - Children class: 0.0838 -Autoencoder Loss (total): 33.3055 - Reconstruction/K-Means Loss: [0.0883 / 33.2172] - Consistency Loss: [0.0000] - VICReg Loss: [15.8466][wd: 5.09e-02] [lr: 2.98e-04] [autoencoder lr: 3.14e-04][mem: 6.50e+04] (1558.0 ms)
INFO:root:[2,  1650] grad_stats: [3.23e-01 2.87e-02] (0.00e+00, 2.63e+00)
INFO:root:[2,  1700/ 2562] - train_losses - Parent Class: 5.1622 - Children class: 0.0826 -Autoencoder Loss (total): 33.9152 - Reconstruction/K-Means Loss: [0.0890 / 33.8262] - Consistency Loss: [0.0000] - VICReg Loss: [15.8363][wd: 5.10e-02] [lr: 3.00e-04] [autoencoder lr: 3.16e-04][mem: 6.50e+04] (1561.3 ms)
INFO:root:[2,  1700] grad_stats: [2.05e-01 4.25e-02] (0.00e+00, 2.87e+00)
INFO:root:[2,  1750/ 2562] - train_losses - Parent Class: 5.1597 - Children class: 0.0813 -Autoencoder Loss (total): 34.5790 - Reconstruction/K-Means Loss: [0.0897 / 34.4894] - Consistency Loss: [0.0000] - VICReg Loss: [15.8261][wd: 5.10e-02] [lr: 3.02e-04] [autoencoder lr: 3.19e-04][mem: 6.50e+04] (1564.5 ms)
INFO:root:[2,  1750] grad_stats: [3.25e-01 4.59e-02] (0.00e+00, 2.85e+00)
INFO:root:[2,  1800/ 2562] - train_losses - Parent Class: 5.1574 - Children class: 0.0801 -Autoencoder Loss (total): 35.2466 - Reconstruction/K-Means Loss: [0.0905 / 35.1562] - Consistency Loss: [0.0000] - VICReg Loss: [15.8160][wd: 5.10e-02] [lr: 3.03e-04] [autoencoder lr: 3.21e-04][mem: 6.50e+04] (1567.8 ms)
INFO:root:[2,  1800] grad_stats: [4.11e-01 5.83e-02] (0.00e+00, 3.98e+00)
INFO:root:[2,  1850/ 2562] - train_losses - Parent Class: 5.1546 - Children class: 0.0790 -Autoencoder Loss (total): 35.9170 - Reconstruction/K-Means Loss: [0.0913 / 35.8257] - Consistency Loss: [0.0000] - VICReg Loss: [15.8061][wd: 5.10e-02] [lr: 3.05e-04] [autoencoder lr: 3.24e-04][mem: 6.50e+04] (1571.1 ms)
INFO:root:[2,  1850] grad_stats: [2.73e-01 4.02e-02] (0.00e+00, 2.57e+00)
INFO:root:[2,  1900/ 2562] - train_losses - Parent Class: 5.1515 - Children class: 0.0779 -Autoencoder Loss (total): 36.6059 - Reconstruction/K-Means Loss: [0.0919 / 36.5140] - Consistency Loss: [0.0000] - VICReg Loss: [15.7961][wd: 5.10e-02] [lr: 3.07e-04] [autoencoder lr: 3.26e-04][mem: 6.50e+04] (1574.7 ms)
INFO:root:[2,  1900] grad_stats: [2.48e-01 5.64e-02] (0.00e+00, 2.64e+00)
INFO:root:[2,  1950/ 2562] - train_losses - Parent Class: 5.1473 - Children class: 0.0767 -Autoencoder Loss (total): 37.3018 - Reconstruction/K-Means Loss: [0.0925 / 37.2093] - Consistency Loss: [0.0000] - VICReg Loss: [15.7867][wd: 5.11e-02] [lr: 3.09e-04] [autoencoder lr: 3.29e-04][mem: 6.50e+04] (1578.2 ms)
INFO:root:[2,  1950] grad_stats: [2.68e-01 5.53e-02] (0.00e+00, 2.69e+00)
INFO:root:[2,  2000/ 2562] - train_losses - Parent Class: 5.1434 - Children class: 0.0756 -Autoencoder Loss (total): 38.0113 - Reconstruction/K-Means Loss: [0.0931 / 37.9181] - Consistency Loss: [0.0000] - VICReg Loss: [15.7772][wd: 5.11e-02] [lr: 3.10e-04] [autoencoder lr: 3.32e-04][mem: 6.50e+04] (1581.8 ms)
INFO:root:[2,  2000] grad_stats: [2.60e-01 2.59e-02] (0.00e+00, 2.81e+00)
INFO:root:[2,  2050/ 2562] - train_losses - Parent Class: 5.1397 - Children class: 0.0747 -Autoencoder Loss (total): 38.7216 - Reconstruction/K-Means Loss: [0.0937 / 38.6279] - Consistency Loss: [0.0000] - VICReg Loss: [15.7676][wd: 5.11e-02] [lr: 3.12e-04] [autoencoder lr: 3.34e-04][mem: 6.50e+04] (1585.4 ms)
INFO:root:[2,  2050] grad_stats: [2.98e-01 3.51e-02] (0.00e+00, 2.77e+00)
INFO:root:[2,  2100/ 2562] - train_losses - Parent Class: 5.1372 - Children class: 0.0736 -Autoencoder Loss (total): 39.4277 - Reconstruction/K-Means Loss: [0.0943 / 39.3333] - Consistency Loss: [0.0000] - VICReg Loss: [15.7579][wd: 5.11e-02] [lr: 3.14e-04] [autoencoder lr: 3.37e-04][mem: 6.50e+04] (1589.0 ms)
INFO:root:[2,  2100] grad_stats: [2.39e-01 2.96e-02] (0.00e+00, 2.39e+00)
INFO:root:[2,  2150/ 2562] - train_losses - Parent Class: 5.1343 - Children class: 0.0728 -Autoencoder Loss (total): 40.1340 - Reconstruction/K-Means Loss: [0.0950 / 40.0390] - Consistency Loss: [0.0000] - VICReg Loss: [15.7486][wd: 5.12e-02] [lr: 3.16e-04] [autoencoder lr: 3.39e-04][mem: 6.50e+04] (1592.4 ms)
INFO:root:[2,  2150] grad_stats: [2.91e-01 4.38e-02] (0.00e+00, 2.50e+00)
INFO:root:[2,  2200/ 2562] - train_losses - Parent Class: 5.1320 - Children class: 0.0719 -Autoencoder Loss (total): 40.8478 - Reconstruction/K-Means Loss: [0.0957 / 40.7521] - Consistency Loss: [0.0000] - VICReg Loss: [15.7390][wd: 5.12e-02] [lr: 3.17e-04] [autoencoder lr: 3.42e-04][mem: 6.50e+04] (1596.1 ms)
INFO:root:[2,  2200] grad_stats: [2.47e-01 4.25e-02] (0.00e+00, 2.83e+00)
INFO:root:[2,  2250/ 2562] - train_losses - Parent Class: 5.1284 - Children class: 0.0710 -Autoencoder Loss (total): 41.5619 - Reconstruction/K-Means Loss: [0.0964 / 41.4654] - Consistency Loss: [0.0000] - VICReg Loss: [15.7297][wd: 5.12e-02] [lr: 3.19e-04] [autoencoder lr: 3.44e-04][mem: 6.50e+04] (1599.8 ms)
INFO:root:[2,  2250] grad_stats: [3.14e-01 3.55e-02] (0.00e+00, 3.86e+00)
INFO:root:[2,  2300/ 2562] - train_losses - Parent Class: 5.1251 - Children class: 0.0702 -Autoencoder Loss (total): 42.2839 - Reconstruction/K-Means Loss: [0.0972 / 42.1867] - Consistency Loss: [0.0000] - VICReg Loss: [15.7203][wd: 5.12e-02] [lr: 3.21e-04] [autoencoder lr: 3.47e-04][mem: 6.50e+04] (1603.5 ms)
INFO:root:[2,  2300] grad_stats: [2.50e-01 4.11e-02] (0.00e+00, 3.04e+00)
INFO:root:[2,  2350/ 2562] - train_losses - Parent Class: 5.1212 - Children class: 0.0693 -Autoencoder Loss (total): 43.0183 - Reconstruction/K-Means Loss: [0.0980 / 42.9203] - Consistency Loss: [0.0000] - VICReg Loss: [15.7107][wd: 5.13e-02] [lr: 3.23e-04] [autoencoder lr: 3.49e-04][mem: 6.50e+04] (1607.3 ms)
INFO:root:[2,  2350] grad_stats: [2.95e-01 5.52e-02] (0.00e+00, 3.44e+00)
INFO:root:[2,  2400/ 2562] - train_losses - Parent Class: 5.1183 - Children class: 0.0685 -Autoencoder Loss (total): 43.7505 - Reconstruction/K-Means Loss: [0.0988 / 43.6516] - Consistency Loss: [0.0000] - VICReg Loss: [15.7007][wd: 5.13e-02] [lr: 3.24e-04] [autoencoder lr: 3.52e-04][mem: 6.50e+04] (1611.0 ms)
INFO:root:[2,  2400] grad_stats: [2.67e-01 2.94e-02] (0.00e+00, 3.19e+00)
INFO:root:[2,  2450/ 2562] - train_losses - Parent Class: 5.1147 - Children class: 0.0677 -Autoencoder Loss (total): 44.4941 - Reconstruction/K-Means Loss: [0.0996 / 44.3945] - Consistency Loss: [0.0000] - VICReg Loss: [15.6909][wd: 5.13e-02] [lr: 3.26e-04] [autoencoder lr: 3.54e-04][mem: 6.50e+04] (1614.7 ms)
INFO:root:[2,  2450] grad_stats: [2.20e-01 3.10e-02] (0.00e+00, 2.62e+00)
INFO:root:[2,  2500/ 2562] - train_losses - Parent Class: 5.1122 - Children class: 0.0670 -Autoencoder Loss (total): 45.2400 - Reconstruction/K-Means Loss: [0.1005 / 45.1396] - Consistency Loss: [0.0000] - VICReg Loss: [15.6810][wd: 5.13e-02] [lr: 3.28e-04] [autoencoder lr: 3.57e-04][mem: 6.50e+04] (1618.4 ms)
INFO:root:[2,  2500] grad_stats: [2.51e-01 3.55e-02] (0.00e+00, 2.91e+00)
INFO:root:[2,  2550/ 2562] - train_losses - Parent Class: 5.1099 - Children class: 0.0663 -Autoencoder Loss (total): 46.0068 - Reconstruction/K-Means Loss: [0.1012 / 45.9055] - Consistency Loss: [0.0000] - VICReg Loss: [15.6710][wd: 5.14e-02] [lr: 3.30e-04] [autoencoder lr: 3.59e-04][mem: 6.50e+04] (1621.9 ms)
INFO:root:[2,  2550] grad_stats: [2.77e-01 2.79e-02] (0.00e+00, 2.57e+00)
INFO:root:Asserting cache length
Avg no of empty clusters: 23.09713228492137
INFO:faiss.loader:Loading faiss with AVX2 support.
INFO:faiss.loader:Successfully loaded faiss with AVX2 support.
INFO:faiss.loader:Loading faiss with AVX2 support.
INFO:faiss.loader:Successfully loaded faiss with AVX2 support.
INFO:faiss.loader:Loading faiss with AVX2 support.
INFO:faiss.loader:Successfully loaded faiss with AVX2 support.
INFO:faiss.loader:Loading faiss with AVX2 support.
INFO:faiss.loader:Successfully loaded faiss with AVX2 support.
INFO:faiss.loader:Loading faiss with AVX2 support.
INFO:faiss.loader:Successfully loaded faiss with AVX2 support.
INFO:faiss.loader:Loading faiss with AVX2 support.
INFO:faiss.loader:Successfully loaded faiss with AVX2 support.
INFO:faiss.loader:Loading faiss with AVX2 support.
INFO:faiss.loader:Successfully loaded faiss with AVX2 support.
INFO:faiss.loader:Loading faiss with AVX2 support.
INFO:faiss.loader:Successfully loaded faiss with AVX2 support.
INFO:root:avg. train_loss 20.846
INFO:root:avg. test_loss 4.240 avg. Accuracy@1 18.430 - avg. Accuracy@5 40.763
INFO:root:Loss 22.8993
INFO:root:Epoch 3
INFO:faiss.loader:Loading faiss with AVX2 support.
INFO:faiss.loader:Successfully loaded faiss with AVX2 support.
INFO:faiss.loader:Loading faiss with AVX2 support.
INFO:faiss.loader:Successfully loaded faiss with AVX2 support.
INFO:faiss.loader:Loading faiss with AVX2 support.
INFO:faiss.loader:Successfully loaded faiss with AVX2 support.
INFO:faiss.loader:Loading faiss with AVX2 support.
INFO:faiss.loader:Successfully loaded faiss with AVX2 support.
INFO:faiss.loader:Loading faiss with AVX2 support.
INFO:faiss.loader:Successfully loaded faiss with AVX2 support.
INFO:faiss.loader:Loading faiss with AVX2 support.
INFO:faiss.loader:Successfully loaded faiss with AVX2 support.
INFO:faiss.loader:Loading faiss with AVX2 support.
INFO:faiss.loader:Successfully loaded faiss with AVX2 support.
INFO:faiss.loader:Loading faiss with AVX2 support.
INFO:faiss.loader:Successfully loaded faiss with AVX2 support.
INFO:root:[3,     0/ 2562] - train_losses - Parent Class: 5.2293 - Children class: 2.1458 -Autoencoder Loss (total): 12.7162 - Reconstruction/K-Means Loss: [0.1408 / 12.5754] - Consistency Loss: [0.0000] - VICReg Loss: [15.2024][wd: 5.14e-02] [lr: 3.30e-04] [autoencoder lr: 3.60e-04][mem: 6.50e+04] (2077.5 ms)
INFO:root:[3,     0] grad_stats: [2.75e-01 1.03e-01] (0.00e+00, 4.68e+00)
INFO:root:[3,    50/ 2562] - train_losses - Parent Class: 4.9823 - Children class: 0.4725 -Autoencoder Loss (total): 19.0189 - Reconstruction/K-Means Loss: [0.1425 / 18.8764] - Consistency Loss: [0.0000] - VICReg Loss: [15.2276][wd: 5.14e-02] [lr: 3.32e-04] [autoencoder lr: 3.63e-04][mem: 6.50e+04] (1505.9 ms)
INFO:root:[3,    50] grad_stats: [2.73e-01 2.92e-02] (0.00e+00, 2.86e+00)
INFO:root:[3,   100/ 2562] - train_losses - Parent Class: 5.0085 - Children class: 0.3195 -Autoencoder Loss (total): 17.5391 - Reconstruction/K-Means Loss: [0.1274 / 17.4118] - Consistency Loss: [0.0000] - VICReg Loss: [15.1969][wd: 5.14e-02] [lr: 3.34e-04] [autoencoder lr: 3.65e-04][mem: 6.50e+04] (1498.2 ms)
INFO:root:[3,   100] grad_stats: [2.24e-01 3.19e-02] (0.00e+00, 3.10e+00)
INFO:root:[3,   150/ 2562] - train_losses - Parent Class: 5.0077 - Children class: 0.2516 -Autoencoder Loss (total): 17.1465 - Reconstruction/K-Means Loss: [0.1261 / 17.0204] - Consistency Loss: [0.0000] - VICReg Loss: [15.1786][wd: 5.15e-02] [lr: 3.35e-04] [autoencoder lr: 3.68e-04][mem: 6.50e+04] (1500.3 ms)
INFO:root:[3,   150] grad_stats: [2.41e-01 2.67e-02] (0.00e+00, 2.95e+00)
INFO:root:[3,   200/ 2562] - train_losses - Parent Class: 5.0020 - Children class: 0.2136 -Autoencoder Loss (total): 17.1414 - Reconstruction/K-Means Loss: [0.1281 / 17.0134] - Consistency Loss: [0.0000] - VICReg Loss: [15.1639][wd: 5.15e-02] [lr: 3.37e-04] [autoencoder lr: 3.70e-04][mem: 6.50e+04] (1502.0 ms)
INFO:root:[3,   200] grad_stats: [2.22e-01 3.58e-02] (0.00e+00, 2.86e+00)
INFO:root:[3,   250/ 2562] - train_losses - Parent Class: 4.9728 - Children class: 0.1867 -Autoencoder Loss (total): 17.1243 - Reconstruction/K-Means Loss: [0.1285 / 16.9958] - Consistency Loss: [0.0000] - VICReg Loss: [15.1524][wd: 5.15e-02] [lr: 3.39e-04] [autoencoder lr: 3.73e-04][mem: 6.50e+04] (1504.6 ms)
INFO:root:[3,   250] grad_stats: [4.23e-01 7.19e-02] (0.00e+00, 3.73e+00)
INFO:root:[3,   300/ 2562] - train_losses - Parent Class: 4.9761 - Children class: 0.1682 -Autoencoder Loss (total): 17.0951 - Reconstruction/K-Means Loss: [0.1298 / 16.9654] - Consistency Loss: [0.0000] - VICReg Loss: [15.1429][wd: 5.15e-02] [lr: 3.41e-04] [autoencoder lr: 3.75e-04][mem: 6.50e+04] (1507.1 ms)
INFO:root:[3,   300] grad_stats: [2.79e-01 6.56e-02] (0.00e+00, 3.29e+00)
INFO:root:[3,   350/ 2562] - train_losses - Parent Class: 4.9822 - Children class: 0.1540 -Autoencoder Loss (total): 17.1185 - Reconstruction/K-Means Loss: [0.1313 / 16.9872] - Consistency Loss: [0.0000] - VICReg Loss: [15.1395][wd: 5.16e-02] [lr: 3.42e-04] [autoencoder lr: 3.78e-04][mem: 6.50e+04] (1510.6 ms)
INFO:root:[3,   350] grad_stats: [7.00e-01 3.95e-02] (0.00e+00, 4.10e+00)
