INFO:faiss.loader:Loading faiss with AVX2 support.
INFO:faiss.loader:Successfully loaded faiss with AVX2 support.
INFO:faiss.loader:Loading faiss with AVX2 support.
INFO:faiss.loader:Successfully loaded faiss with AVX2 support.
INFO:root:called-params configs/in1k_vith14_ep300_FGDCC.yaml
INFO:root:loaded params...
{   'data': {   'batch_size': 64,
                'color_jitter_strength': 0.0,
                'crop_scale': [0.3, 1.0],
                'crop_size': 224,
                'cutmix': 0.0,
                'drop_path': 0.25,
                'image_folder': '/home/rtcalumby/adam/luciano/plantnet_300K/',
                'mixup': 0.0,
                'nb_classes': 1081,
                'num_workers': 8,
                'pin_mem': True,
                'reprob': 0.25,
                'resume_epoch': 0,
                'root_path': '/home/rtcalumby/adam/luciano/',
                'use_color_distortion': False,
                'use_gaussian_blur': False,
                'use_horizontal_flip': False},
    'logging': {   'folder': '/home/rtcalumby/adam/luciano/LifeCLEFPlant2022/logs/PlantNet300k_exp24',
                   'write_tag': 'jepa'},
    'mask': {   'allow_overlap': False,
                'aspect_ratio': [0.75, 1.5],
                'enc_mask_scale': [0.85, 1.0],
                'min_keep': 10,
                'num_enc_masks': 1,
                'num_pred_masks': 4,
                'patch_size': 14,
                'pred_mask_scale': [0.15, 0.2]},
    'meta': {   'copy_data': False,
                'load_checkpoint': True,
                'model_name': 'vit_huge',
                'pred_depth': 12,
                'pred_emb_dim': 384,
                'read_checkpoint': None,
                'use_bfloat16': True},
    'optimization': {   'ema': [0.9, 0.999],
                        'epochs': 50,
                        'final_lr': 1e-05,
                        'final_weight_decay': 0.4,
                        'ipe_scale': 1.0,
                        'label_smoothing': 0.1,
                        'lr': 0.0003,
                        'start_lr': 0.0001,
                        'warmup': 5,
                        'weight_decay': 0.05}}
INFO:root:Running... (rank: 0/1)
INFO:root:Initialized (rank/world-size) 0/1
INFO:root:MaskedAutoEncoder(
  (encoder): Sequential(
    (0): Linear(in_features=1280, out_features=1024, bias=True)
    (1): GELU(approximate='none')
    (2): Linear(in_features=1024, out_features=768, bias=True)
    (3): GELU(approximate='none')
    (4): Linear(in_features=768, out_features=512, bias=True)
    (5): GELU(approximate='none')
    (6): Linear(in_features=512, out_features=384, bias=True)
    (7): GELU(approximate='none')
  )
  (decoder): Sequential(
    (0): Linear(in_features=384, out_features=512, bias=True)
    (1): GELU(approximate='none')
    (2): Linear(in_features=512, out_features=768, bias=True)
    (3): GELU(approximate='none')
    (4): Linear(in_features=768, out_features=1024, bias=True)
    (5): GELU(approximate='none')
    (6): Linear(in_features=1024, out_features=1280, bias=True)
  )
)
INFO:root:making imagenet data transforms
INFO:root:making imagenet data transforms
INFO:root:Finetuning dataset created
Training dataset, length: 245952
INFO:root:Finetuning dataset created
Val dataset, length: 31168
INFO:root:Using AdamW
['encoder', 'predictor', 'opt', 'scaler', 'target_encoder', 'epoch', 'loss', 'batch_size', 'world_size', 'lr']
INFO:root:loaded pretrained encoder from epoch 66 with msg: <All keys matched successfully>
INFO:root:MultiHeadAttentionClassifier(
  (act): GELU(approximate='none')
  (parent_proj): Sequential(
    (0): Linear(in_features=1280, out_features=5120, bias=True)
    (1): GELU(approximate='none')
  )
  (subclass_proj): Sequential(
    (0): Linear(in_features=1280, out_features=5120, bias=True)
    (1): GELU(approximate='none')
  )
  (cross_attention): MultiHeadCrossAttention(
    (query): Linear(in_features=5120, out_features=5120, bias=True)
    (key): Linear(in_features=5120, out_features=5120, bias=True)
    (value): Linear(in_features=5120, out_features=5120, bias=True)
  )
  (parent_classifier): Linear(in_features=1280, out_features=1081, bias=True)
  (subclass_classifier): Linear(in_features=1280, out_features=4324, bias=True)
  (parent_feature_selection): Sequential(
    (0): LayerNorm((6400,), eps=1e-05, elementwise_affine=True)
    (1): Linear(in_features=6400, out_features=1280, bias=True)
  )
  (subclass_feature_selection): Sequential(
    (0): LayerNorm((5120,), eps=1e-05, elementwise_affine=True)
    (1): Linear(in_features=5120, out_features=1280, bias=True)
  )
  (head_drop): Dropout(p=0.25, inplace=False)
)
INFO:root:Using AdamW
INFO:root:VisionTransformer(
  (patch_embed): PatchEmbed(
    (proj): Conv2d(3, 1280, kernel_size=(14, 14), stride=(14, 14))
  )
  (blocks): ModuleList(
    (0-31): 32 x Block(
      (norm1): LayerNorm((1280,), eps=1e-06, elementwise_affine=True)
      (attn): Attention(
        (qkv): Linear(in_features=1280, out_features=3840, bias=True)
        (attn_drop): Dropout(p=0.0, inplace=False)
        (proj): Linear(in_features=1280, out_features=1280, bias=True)
        (proj_drop): Dropout(p=0.0, inplace=False)
      )
      (drop_path): Identity()
      (norm2): LayerNorm((1280,), eps=1e-06, elementwise_affine=True)
      (mlp): MLP(
        (fc1): Linear(in_features=1280, out_features=5120, bias=True)
        (act): GELU(approximate='none')
        (fc2): Linear(in_features=5120, out_features=1280, bias=True)
        (drop): Dropout(p=0.0, inplace=False)
      )
    )
  )
  (norm): LayerNorm((1280,), eps=1e-06, elementwise_affine=True)
)
INFO:root:Building cache...
INFO:root:Initializing centroids...
INFO:root:Update Step...
/home/rtcalumby/miniconda3/envs/py382/lib/python3.12/site-packages/faiss/contrib/torch_utils.py:51: UserWarning: TypedStorage is deprecated. It will be removed in the future and UntypedStorage will be the only storage class. This should only matter to you if you are using storages directly.  To access UntypedStorage directly, use tensor.untyped_storage() instead of tensor.storage()
  x.storage().data_ptr() + x.storage_offset() * 4)
INFO:root:Epoch 1
INFO:faiss.loader:Loading faiss with AVX2 support.
INFO:faiss.loader:Successfully loaded faiss with AVX2 support.
INFO:faiss.loader:Loading faiss with AVX2 support.
INFO:faiss.loader:Successfully loaded faiss with AVX2 support.
INFO:faiss.loader:Loading faiss with AVX2 support.
INFO:faiss.loader:Successfully loaded faiss with AVX2 support.
INFO:faiss.loader:Loading faiss with AVX2 support.
INFO:faiss.loader:Successfully loaded faiss with AVX2 support.
INFO:faiss.loader:Loading faiss with AVX2 support.
INFO:faiss.loader:Successfully loaded faiss with AVX2 support.
INFO:faiss.loader:Loading faiss with AVX2 support.
INFO:faiss.loader:Successfully loaded faiss with AVX2 support.
INFO:faiss.loader:Loading faiss with AVX2 support.
INFO:faiss.loader:Successfully loaded faiss with AVX2 support.
INFO:faiss.loader:Loading faiss with AVX2 support.
INFO:faiss.loader:Successfully loaded faiss with AVX2 support.
INFO:root:[1,     0/ 3843] - train_losses - Parent Class: 6.9856 - Children class: 8.3719 -Autoencoder Loss (total): 704.3659 - Reconstruction/K-Means Loss: [1.0639 / 703.3020] - Consistency Loss: [0.0000] - VICReg Loss: [0.0000][wd: 5.00e-02] [lr: 1.00e-04] [autoencoder lr: 1.00e-04][mem: 4.64e+04] (2869.4 ms)
INFO:root:[1,     0] grad_stats: [6.59e-04 6.73e-04] (3.41e-08, 2.10e+00)
INFO:root:[1,    50/ 3843] - train_losses - Parent Class: 6.0398 - Children class: 7.3303 -Autoencoder Loss (total): 722.4346 - Reconstruction/K-Means Loss: [0.6096 / 721.8250] - Consistency Loss: [0.0000] - VICReg Loss: [0.0000][wd: 5.00e-02] [lr: 1.01e-04] [autoencoder lr: 1.02e-04][mem: 5.27e+04] (951.2 ms)
INFO:root:[1,    50] grad_stats: [2.29e-04 1.19e-03] (2.88e-09, 5.37e+00)
INFO:root:[1,   100/ 3843] - train_losses - Parent Class: 5.8940 - Children class: 7.3081 -Autoencoder Loss (total): 742.8098 - Reconstruction/K-Means Loss: [0.5053 / 742.3044] - Consistency Loss: [0.0000] - VICReg Loss: [0.0000][wd: 5.00e-02] [lr: 1.01e-04] [autoencoder lr: 1.03e-04][mem: 5.32e+04] (950.9 ms)
INFO:root:[1,   100] grad_stats: [6.05e-05 5.69e-04] (4.90e-10, 5.18e+00)
INFO:root:[1,   150/ 3843] - train_losses - Parent Class: 5.8338 - Children class: 7.1066 -Autoencoder Loss (total): 748.2090 - Reconstruction/K-Means Loss: [0.4614 / 747.7477] - Consistency Loss: [0.0000] - VICReg Loss: [0.0000][wd: 5.00e-02] [lr: 1.02e-04] [autoencoder lr: 1.05e-04][mem: 5.38e+04] (974.0 ms)
INFO:root:[1,   150] grad_stats: [4.39e-05 1.39e-03] (1.43e-10, 5.26e+00)
INFO:root:[1,   200/ 3843] - train_losses - Parent Class: 5.7905 - Children class: 6.9246 -Autoencoder Loss (total): 749.9095 - Reconstruction/K-Means Loss: [0.4327 / 749.4768] - Consistency Loss: [0.0000] - VICReg Loss: [0.0000][wd: 5.00e-02] [lr: 1.02e-04] [autoencoder lr: 1.07e-04][mem: 5.43e+04] (994.7 ms)
INFO:root:[1,   200] grad_stats: [2.99e-05 7.04e-04] (3.50e-10, 4.98e+00)
INFO:root:[1,   250/ 3843] - train_losses - Parent Class: 5.7700 - Children class: 6.8011 -Autoencoder Loss (total): 749.8421 - Reconstruction/K-Means Loss: [0.4144 / 749.4277] - Consistency Loss: [0.0000] - VICReg Loss: [0.0000][wd: 5.00e-02] [lr: 1.03e-04] [autoencoder lr: 1.08e-04][mem: 5.48e+04] (1010.8 ms)
INFO:root:[1,   250] grad_stats: [3.67e-05 1.30e-03] (1.88e-10, 4.49e+00)
INFO:root:[1,   300/ 3843] - train_losses - Parent Class: 5.7603 - Children class: 6.7073 -Autoencoder Loss (total): 749.7744 - Reconstruction/K-Means Loss: [0.4023 / 749.3721] - Consistency Loss: [0.0000] - VICReg Loss: [0.0000][wd: 5.00e-02] [lr: 1.03e-04] [autoencoder lr: 1.10e-04][mem: 5.53e+04] (1023.4 ms)
INFO:root:[1,   300] grad_stats: [1.77e-05 2.50e-04] (1.39e-10, 4.68e+00)
INFO:root:[1,   350/ 3843] - train_losses - Parent Class: 5.7482 - Children class: 6.6311 -Autoencoder Loss (total): 749.2328 - Reconstruction/K-Means Loss: [0.3933 / 748.8396] - Consistency Loss: [0.0000] - VICReg Loss: [0.0000][wd: 5.00e-02] [lr: 1.04e-04] [autoencoder lr: 1.12e-04][mem: 5.59e+04] (1033.3 ms)
INFO:root:[1,   350] grad_stats: [7.80e-05 4.75e-04] (1.09e-10, 5.01e+00)
INFO:root:[1,   400/ 3843] - train_losses - Parent Class: 5.7392 - Children class: 6.5702 -Autoencoder Loss (total): 748.7498 - Reconstruction/K-Means Loss: [0.3864 / 748.3634] - Consistency Loss: [0.0000] - VICReg Loss: [0.0000][wd: 5.00e-02] [lr: 1.04e-04] [autoencoder lr: 1.14e-04][mem: 5.64e+04] (1041.4 ms)
INFO:root:[1,   400] grad_stats: [1.21e-04 9.63e-05] (5.22e-10, 5.16e+00)
INFO:root:[1,   450/ 3843] - train_losses - Parent Class: 5.7299 - Children class: 6.5156 -Autoencoder Loss (total): 747.6479 - Reconstruction/K-Means Loss: [0.3814 / 747.2665] - Consistency Loss: [0.0000] - VICReg Loss: [0.0000][wd: 5.00e-02] [lr: 1.05e-04] [autoencoder lr: 1.15e-04][mem: 5.69e+04] (1048.5 ms)
INFO:root:[1,   450] grad_stats: [6.28e-05 2.77e-04] (6.90e-09, 4.65e+00)
INFO:root:[1,   500/ 3843] - train_losses - Parent Class: 5.7273 - Children class: 6.4745 -Autoencoder Loss (total): 746.7028 - Reconstruction/K-Means Loss: [0.3770 / 746.3258] - Consistency Loss: [0.0000] - VICReg Loss: [0.0000][wd: 5.00e-02] [lr: 1.05e-04] [autoencoder lr: 1.17e-04][mem: 5.74e+04] (1053.9 ms)
INFO:root:[1,   500] grad_stats: [5.78e-05 3.05e-05] (1.51e-09, 4.58e+00)
INFO:root:[1,   550/ 3843] - train_losses - Parent Class: 5.7249 - Children class: 6.4411 -Autoencoder Loss (total): 745.6904 - Reconstruction/K-Means Loss: [0.3733 / 745.3171] - Consistency Loss: [0.0000] - VICReg Loss: [0.0000][wd: 5.00e-02] [lr: 1.06e-04] [autoencoder lr: 1.19e-04][mem: 5.79e+04] (1061.2 ms)
INFO:root:[1,   550] grad_stats: [9.38e-05 1.92e-04] (1.74e-09, 4.57e+00)
INFO:root:[1,   600/ 3843] - train_losses - Parent Class: 5.7244 - Children class: 6.4149 -Autoencoder Loss (total): 744.3779 - Reconstruction/K-Means Loss: [0.3702 / 744.0077] - Consistency Loss: [0.0000] - VICReg Loss: [0.0000][wd: 5.00e-02] [lr: 1.06e-04] [autoencoder lr: 1.20e-04][mem: 5.84e+04] (1065.4 ms)
INFO:root:[1,   600] grad_stats: [2.41e-04 2.18e-04] (4.08e-09, 4.94e+00)
INFO:root:[1,   650/ 3843] - train_losses - Parent Class: 5.7214 - Children class: 6.3878 -Autoencoder Loss (total): 742.9199 - Reconstruction/K-Means Loss: [0.3675 / 742.5524] - Consistency Loss: [0.0000] - VICReg Loss: [0.0000][wd: 5.00e-02] [lr: 1.07e-04] [autoencoder lr: 1.22e-04][mem: 5.90e+04] (1069.6 ms)
INFO:root:[1,   650] grad_stats: [4.08e-04 7.47e-05] (1.57e-09, 4.57e+00)
INFO:root:[1,   700/ 3843] - train_losses - Parent Class: 5.7263 - Children class: 6.3999 -Autoencoder Loss (total): 741.4194 - Reconstruction/K-Means Loss: [0.4021 / 741.0174] - Consistency Loss: [0.0000] - VICReg Loss: [0.0000][wd: 5.00e-02] [lr: 1.07e-04] [autoencoder lr: 1.24e-04][mem: 5.95e+04] (1079.3 ms)
INFO:root:[1,   700] grad_stats: [5.27e-04 4.75e-04] (3.09e-07, 4.97e+00)
INFO:root:[1,   750/ 3843] - train_losses - Parent Class: 5.7257 - Children class: 6.3788 -Autoencoder Loss (total): 738.8466 - Reconstruction/K-Means Loss: [0.3983 / 738.4484] - Consistency Loss: [0.0000] - VICReg Loss: [0.0000][wd: 5.00e-02] [lr: 1.08e-04] [autoencoder lr: 1.25e-04][mem: 6.00e+04] (1090.2 ms)
INFO:root:[1,   750] grad_stats: [5.27e-05 1.69e-04] (6.83e-08, 4.90e+00)
INFO:root:[1,   800/ 3843] - train_losses - Parent Class: 5.7230 - Children class: 6.3560 -Autoencoder Loss (total): 736.6416 - Reconstruction/K-Means Loss: [0.3943 / 736.2473] - Consistency Loss: [0.0000] - VICReg Loss: [0.0000][wd: 5.00e-02] [lr: 1.08e-04] [autoencoder lr: 1.27e-04][mem: 6.05e+04] (1097.8 ms)
INFO:root:[1,   800] grad_stats: [1.14e-04 2.47e-04] (5.09e-08, 4.72e+00)
INFO:root:[1,   850/ 3843] - train_losses - Parent Class: 5.7228 - Children class: 6.3374 -Autoencoder Loss (total): 734.6799 - Reconstruction/K-Means Loss: [0.3908 / 734.2891] - Consistency Loss: [0.0000] - VICReg Loss: [0.0000][wd: 5.00e-02] [lr: 1.09e-04] [autoencoder lr: 1.29e-04][mem: 6.10e+04] (1102.2 ms)
INFO:root:[1,   850] grad_stats: [1.14e-04 3.00e-04] (7.59e-08, 4.93e+00)
INFO:root:[1,   900/ 3843] - train_losses - Parent Class: 5.7201 - Children class: 6.3178 -Autoencoder Loss (total): 732.9722 - Reconstruction/K-Means Loss: [0.3877 / 732.5845] - Consistency Loss: [0.0000] - VICReg Loss: [0.0000][wd: 5.00e-02] [lr: 1.09e-04] [autoencoder lr: 1.30e-04][mem: 6.15e+04] (1103.3 ms)
INFO:root:[1,   900] grad_stats: [4.63e-05 1.09e-04] (2.34e-07, 4.51e+00)
INFO:root:[1,   950/ 3843] - train_losses - Parent Class: 5.7201 - Children class: 6.3023 -Autoencoder Loss (total): 731.4405 - Reconstruction/K-Means Loss: [0.3849 / 731.0556] - Consistency Loss: [0.0000] - VICReg Loss: [0.0000][wd: 5.00e-02] [lr: 1.10e-04] [autoencoder lr: 1.32e-04][mem: 6.21e+04] (1104.3 ms)
INFO:root:[1,   950] grad_stats: [5.55e-05 5.69e-05] (1.31e-07, 4.49e+00)
INFO:root:[1,  1000/ 3843] - train_losses - Parent Class: 5.7189 - Children class: 6.2871 -Autoencoder Loss (total): 730.0485 - Reconstruction/K-Means Loss: [0.3824 / 729.6662] - Consistency Loss: [0.0000] - VICReg Loss: [0.0000][wd: 5.00e-02] [lr: 1.10e-04] [autoencoder lr: 1.34e-04][mem: 6.26e+04] (1105.4 ms)
INFO:root:[1,  1000] grad_stats: [1.01e-04 2.75e-05] (6.99e-08, 4.53e+00)
INFO:root:[1,  1050/ 3843] - train_losses - Parent Class: 5.7196 - Children class: 6.2755 -Autoencoder Loss (total): 728.7538 - Reconstruction/K-Means Loss: [0.3801 / 728.3737] - Consistency Loss: [0.0000] - VICReg Loss: [0.0000][wd: 5.00e-02] [lr: 1.11e-04] [autoencoder lr: 1.36e-04][mem: 6.31e+04] (1106.5 ms)
INFO:root:[1,  1050] grad_stats: [2.58e-05 5.41e-05] (6.29e-08, 5.18e+00)
INFO:root:[1,  1100/ 3843] - train_losses - Parent Class: 5.7181 - Children class: 6.2626 -Autoencoder Loss (total): 727.5709 - Reconstruction/K-Means Loss: [0.3781 / 727.1929] - Consistency Loss: [0.0000] - VICReg Loss: [0.0000][wd: 5.00e-02] [lr: 1.11e-04] [autoencoder lr: 1.37e-04][mem: 6.36e+04] (1107.8 ms)
INFO:root:[1,  1100] grad_stats: [6.05e-05 1.48e-04] (1.85e-07, 4.53e+00)
INFO:root:[1,  1150/ 3843] - train_losses - Parent Class: 5.7177 - Children class: 6.2515 -Autoencoder Loss (total): 726.4811 - Reconstruction/K-Means Loss: [0.3762 / 726.1049] - Consistency Loss: [0.0000] - VICReg Loss: [0.0000][wd: 5.00e-02] [lr: 1.12e-04] [autoencoder lr: 1.39e-04][mem: 6.41e+04] (1108.8 ms)
INFO:root:[1,  1150] grad_stats: [6.41e-05 9.32e-05] (8.39e-08, 4.77e+00)
INFO:root:[1,  1200/ 3843] - train_losses - Parent Class: 5.7166 - Children class: 6.2410 -Autoencoder Loss (total): 725.5080 - Reconstruction/K-Means Loss: [0.3744 / 725.1336] - Consistency Loss: [0.0000] - VICReg Loss: [0.0000][wd: 5.00e-02] [lr: 1.13e-04] [autoencoder lr: 1.41e-04][mem: 6.46e+04] (1109.8 ms)
INFO:root:[1,  1200] grad_stats: [9.99e-05 1.06e-04] (3.71e-07, 4.58e+00)
INFO:root:[1,  1250/ 3843] - train_losses - Parent Class: 5.7163 - Children class: 6.2318 -Autoencoder Loss (total): 724.5959 - Reconstruction/K-Means Loss: [0.3729 / 724.2231] - Consistency Loss: [0.0000] - VICReg Loss: [0.0000][wd: 5.00e-02] [lr: 1.13e-04] [autoencoder lr: 1.42e-04][mem: 6.52e+04] (1110.8 ms)
INFO:root:[1,  1250] grad_stats: [9.79e-05 2.04e-04] (9.45e-08, 4.62e+00)
INFO:root:[1,  1300/ 3843] - train_losses - Parent Class: 5.7164 - Children class: 6.2236 -Autoencoder Loss (total): 723.7229 - Reconstruction/K-Means Loss: [0.3714 / 723.3515] - Consistency Loss: [0.0000] - VICReg Loss: [0.0000][wd: 5.00e-02] [lr: 1.14e-04] [autoencoder lr: 1.44e-04][mem: 6.57e+04] (1112.0 ms)
INFO:root:[1,  1300] grad_stats: [2.68e-05 1.03e-04] (5.64e-07, 4.29e+00)
INFO:root:[1,  1350/ 3843] - train_losses - Parent Class: 5.7151 - Children class: 6.2144 -Autoencoder Loss (total): 722.9329 - Reconstruction/K-Means Loss: [0.3700 / 722.5629] - Consistency Loss: [0.0000] - VICReg Loss: [0.0000][wd: 5.00e-02] [lr: 1.14e-04] [autoencoder lr: 1.46e-04][mem: 6.62e+04] (1113.0 ms)
INFO:root:[1,  1350] grad_stats: [5.59e-05 2.87e-05] (2.87e-07, 4.87e+00)
INFO:root:[1,  1400/ 3843] - train_losses - Parent Class: 5.7143 - Children class: 6.2061 -Autoencoder Loss (total): 722.1943 - Reconstruction/K-Means Loss: [0.3687 / 721.8255] - Consistency Loss: [0.0000] - VICReg Loss: [0.0000][wd: 5.00e-02] [lr: 1.15e-04] [autoencoder lr: 1.47e-04][mem: 6.67e+04] (1114.1 ms)
INFO:root:[1,  1400] grad_stats: [5.78e-05 1.25e-04] (2.72e-07, 4.99e+00)
INFO:root:[1,  1450/ 3843] - train_losses - Parent Class: 5.7141 - Children class: 6.1986 -Autoencoder Loss (total): 721.4753 - Reconstruction/K-Means Loss: [0.3675 / 721.1078] - Consistency Loss: [0.0000] - VICReg Loss: [0.0000][wd: 5.00e-02] [lr: 1.15e-04] [autoencoder lr: 1.49e-04][mem: 6.72e+04] (1115.0 ms)
INFO:root:[1,  1450] grad_stats: [2.17e-05 5.95e-05] (1.78e-07, 5.17e+00)
INFO:root:[1,  1500/ 3843] - train_losses - Parent Class: 5.7119 - Children class: 6.1895 -Autoencoder Loss (total): 720.8043 - Reconstruction/K-Means Loss: [0.3664 / 720.4379] - Consistency Loss: [0.0000] - VICReg Loss: [0.0000][wd: 5.01e-02] [lr: 1.16e-04] [autoencoder lr: 1.51e-04][mem: 6.77e+04] (1116.2 ms)
INFO:root:[1,  1500] grad_stats: [3.42e-05 1.11e-04] (1.23e-07, 4.62e+00)
INFO:root:[1,  1550/ 3843] - train_losses - Parent Class: 5.7120 - Children class: 6.1837 -Autoencoder Loss (total): 720.1622 - Reconstruction/K-Means Loss: [0.3654 / 719.7967] - Consistency Loss: [0.0000] - VICReg Loss: [0.0000][wd: 5.01e-02] [lr: 1.16e-04] [autoencoder lr: 1.52e-04][mem: 6.82e+04] (1117.1 ms)
INFO:root:[1,  1550] grad_stats: [3.72e-05 3.12e-05] (1.25e-07, 4.54e+00)
INFO:root:[1,  1600/ 3843] - train_losses - Parent Class: 5.7113 - Children class: 6.1769 -Autoencoder Loss (total): 719.5424 - Reconstruction/K-Means Loss: [0.3645 / 719.1779] - Consistency Loss: [0.0000] - VICReg Loss: [0.0000][wd: 5.01e-02] [lr: 1.17e-04] [autoencoder lr: 1.54e-04][mem: 6.87e+04] (1118.4 ms)
INFO:root:[1,  1600] grad_stats: [2.01e-05 2.74e-05] (1.67e-07, 4.66e+00)
INFO:root:[1,  1650/ 3843] - train_losses - Parent Class: 5.7103 - Children class: 6.1704 -Autoencoder Loss (total): 718.9178 - Reconstruction/K-Means Loss: [0.3636 / 718.5542] - Consistency Loss: [0.0000] - VICReg Loss: [0.0000][wd: 5.01e-02] [lr: 1.17e-04] [autoencoder lr: 1.56e-04][mem: 6.93e+04] (1119.6 ms)
INFO:root:[1,  1650] grad_stats: [1.58e-05 2.75e-05] (3.57e-07, 4.90e+00)
INFO:root:[1,  1700/ 3843] - train_losses - Parent Class: 5.7100 - Children class: 6.1651 -Autoencoder Loss (total): 718.1948 - Reconstruction/K-Means Loss: [0.3627 / 717.8321] - Consistency Loss: [0.0000] - VICReg Loss: [0.0000][wd: 5.01e-02] [lr: 1.18e-04] [autoencoder lr: 1.58e-04][mem: 6.98e+04] (1120.8 ms)
INFO:root:[1,  1700] grad_stats: [3.19e-05 3.41e-05] (2.63e-07, 4.53e+00)
INFO:root:[1,  1750/ 3843] - train_losses - Parent Class: 5.7103 - Children class: 6.1615 -Autoencoder Loss (total): 717.4001 - Reconstruction/K-Means Loss: [0.3619 / 717.0382] - Consistency Loss: [0.0000] - VICReg Loss: [0.0000][wd: 5.01e-02] [lr: 1.18e-04] [autoencoder lr: 1.59e-04][mem: 7.03e+04] (1121.9 ms)
INFO:root:[1,  1750] grad_stats: [5.29e-05 1.22e-04] (1.29e-07, 4.60e+00)
INFO:root:[1,  1800/ 3843] - train_losses - Parent Class: 5.7104 - Children class: 6.1586 -Autoencoder Loss (total): 716.7164 - Reconstruction/K-Means Loss: [0.3612 / 716.3553] - Consistency Loss: [0.0000] - VICReg Loss: [0.0000][wd: 5.01e-02] [lr: 1.19e-04] [autoencoder lr: 1.61e-04][mem: 7.08e+04] (1123.2 ms)
INFO:root:[1,  1800] grad_stats: [6.69e-05 2.86e-05] (2.96e-07, 4.58e+00)
INFO:root:[1,  1850/ 3843] - train_losses - Parent Class: 5.7100 - Children class: 6.1546 -Autoencoder Loss (total): 715.9572 - Reconstruction/K-Means Loss: [0.3603 / 715.5969] - Consistency Loss: [0.0000] - VICReg Loss: [0.0000][wd: 5.01e-02] [lr: 1.19e-04] [autoencoder lr: 1.63e-04][mem: 7.13e+04] (1124.3 ms)
INFO:root:[1,  1850] grad_stats: [4.89e-05 3.20e-05] (1.04e-06, 4.88e+00)
INFO:root:[1,  1900/ 3843] - train_losses - Parent Class: 5.7106 - Children class: 6.1519 -Autoencoder Loss (total): 715.2452 - Reconstruction/K-Means Loss: [0.3594 / 714.8858] - Consistency Loss: [0.0000] - VICReg Loss: [0.0000][wd: 5.01e-02] [lr: 1.20e-04] [autoencoder lr: 1.64e-04][mem: 7.18e+04] (1125.5 ms)
INFO:root:[1,  1900] grad_stats: [6.66e-05 1.37e-04] (6.08e-07, 4.63e+00)
INFO:root:[1,  1950/ 3843] - train_losses - Parent Class: 5.7107 - Children class: 6.1492 -Autoencoder Loss (total): 714.5851 - Reconstruction/K-Means Loss: [0.3585 / 714.2265] - Consistency Loss: [0.0000] - VICReg Loss: [0.0000][wd: 5.01e-02] [lr: 1.20e-04] [autoencoder lr: 1.66e-04][mem: 7.23e+04] (1126.6 ms)
INFO:root:[1,  1950] grad_stats: [3.00e-05 3.56e-05] (5.94e-07, 4.72e+00)
INFO:root:[1,  2000/ 3843] - train_losses - Parent Class: 5.7100 - Children class: 6.1450 -Autoencoder Loss (total): 713.9684 - Reconstruction/K-Means Loss: [0.3577 / 713.6107] - Consistency Loss: [0.0000] - VICReg Loss: [0.0000][wd: 5.01e-02] [lr: 1.21e-04] [autoencoder lr: 1.68e-04][mem: 7.29e+04] (1128.2 ms)
INFO:root:[1,  2000] grad_stats: [3.46e-05 3.71e-05] (6.12e-08, 4.84e+00)
INFO:root:[1,  2050/ 3843] - train_losses - Parent Class: 5.7096 - Children class: 6.1416 -Autoencoder Loss (total): 713.3334 - Reconstruction/K-Means Loss: [0.3569 / 712.9766] - Consistency Loss: [0.0000] - VICReg Loss: [0.0000][wd: 5.01e-02] [lr: 1.21e-04] [autoencoder lr: 1.69e-04][mem: 7.34e+04] (1129.5 ms)
INFO:root:[1,  2050] grad_stats: [2.28e-05 2.50e-05] (5.05e-08, 4.73e+00)
INFO:root:[1,  2100/ 3843] - train_losses - Parent Class: 5.7101 - Children class: 6.1408 -Autoencoder Loss (total): 712.7260 - Reconstruction/K-Means Loss: [0.3561 / 712.3699] - Consistency Loss: [0.0000] - VICReg Loss: [0.0000][wd: 5.01e-02] [lr: 1.22e-04] [autoencoder lr: 1.71e-04][mem: 7.39e+04] (1130.5 ms)
INFO:root:[1,  2100] grad_stats: [8.30e-05 1.82e-04] (5.62e-08, 5.04e+00)
INFO:root:[1,  2150/ 3843] - train_losses - Parent Class: 5.7097 - Children class: 6.1387 -Autoencoder Loss (total): 712.1130 - Reconstruction/K-Means Loss: [0.3553 / 711.7578] - Consistency Loss: [0.0000] - VICReg Loss: [0.0000][wd: 5.01e-02] [lr: 1.22e-04] [autoencoder lr: 1.73e-04][mem: 7.44e+04] (1131.9 ms)
INFO:root:[1,  2150] grad_stats: [8.59e-05 1.36e-04] (3.16e-08, 4.65e+00)
INFO:root:[1,  2200/ 3843] - train_losses - Parent Class: 5.7086 - Children class: 6.1358 -Autoencoder Loss (total): 711.5192 - Reconstruction/K-Means Loss: [0.3546 / 711.1646] - Consistency Loss: [0.0000] - VICReg Loss: [0.0000][wd: 5.01e-02] [lr: 1.23e-04] [autoencoder lr: 1.74e-04][mem: 7.49e+04] (1133.1 ms)
INFO:root:[1,  2200] grad_stats: [4.91e-05 5.47e-05] (1.12e-07, 4.61e+00)
INFO:root:[1,  2250/ 3843] - train_losses - Parent Class: 5.7070 - Children class: 6.1326 -Autoencoder Loss (total): 710.9014 - Reconstruction/K-Means Loss: [0.3539 / 710.5475] - Consistency Loss: [0.0000] - VICReg Loss: [0.0000][wd: 5.01e-02] [lr: 1.23e-04] [autoencoder lr: 1.76e-04][mem: 7.54e+04] (1134.3 ms)
INFO:root:[1,  2250] grad_stats: [5.44e-05 2.53e-05] (3.77e-08, 4.74e+00)
INFO:root:[1,  2300/ 3843] - train_losses - Parent Class: 5.7065 - Children class: 6.1322 -Autoencoder Loss (total): 710.3335 - Reconstruction/K-Means Loss: [0.3532 / 709.9803] - Consistency Loss: [0.0000] - VICReg Loss: [0.0000][wd: 5.01e-02] [lr: 1.24e-04] [autoencoder lr: 1.78e-04][mem: 7.59e+04] (1135.5 ms)
INFO:root:[1,  2300] grad_stats: [2.28e-04 3.33e-04] (1.34e-07, 4.52e+00)
terminate called without an active exception
Exception ignored in: <function _MultiProcessingDataLoaderIter.__del__ at 0x7fa321f680e0>
Traceback (most recent call last):
  File "/home/rtcalumby/miniconda3/envs/py382/lib/python3.12/site-packages/torch/utils/data/dataloader.py", line 1479, in __del__
    self._shutdown_workers()
  File "/home/rtcalumby/miniconda3/envs/py382/lib/python3.12/site-packages/torch/utils/data/dataloader.py", line 1443, in _shutdown_workers
    w.join(timeout=_utils.MP_STATUS_CHECK_INTERVAL)
  File "/home/rtcalumby/miniconda3/envs/py382/lib/python3.12/multiprocessing/process.py", line 149, in join
    res = self._popen.wait(timeout)
          ^^^^^^^^^^^^^^^^^^^^^^^^^
  File "/home/rtcalumby/miniconda3/envs/py382/lib/python3.12/multiprocessing/popen_fork.py", line 40, in wait
    if not wait([self.sentinel], timeout):
           ^^^^^^^^^^^^^^^^^^^^^^^^^^^^^^
  File "/home/rtcalumby/miniconda3/envs/py382/lib/python3.12/multiprocessing/connection.py", line 1136, in wait
    ready = selector.select(timeout)
            ^^^^^^^^^^^^^^^^^^^^^^^^
  File "/home/rtcalumby/miniconda3/envs/py382/lib/python3.12/selectors.py", line 415, in select
    fd_event_list = self._selector.poll(timeout)
                    ^^^^^^^^^^^^^^^^^^^^^^^^^^^^
  File "/home/rtcalumby/miniconda3/envs/py382/lib/python3.12/site-packages/torch/utils/data/_utils/signal_handling.py", line 66, in handler
    _error_if_any_worker_fails()
RuntimeError: DataLoader worker (pid 469809) is killed by signal: Aborted. 
Process Process-1:
Traceback (most recent call last):
  File "/home/rtcalumby/miniconda3/envs/py382/lib/python3.12/multiprocessing/process.py", line 314, in _bootstrap
    self.run()
  File "/home/rtcalumby/miniconda3/envs/py382/lib/python3.12/multiprocessing/process.py", line 108, in run
    self._target(*self._args, **self._kwargs)
  File "/home/rtcalumby/adam/luciano/LifeCLEFPlant2022/DeepCluster/main_FGDCC.py", line 52, in process_main
    app_main(args=params)
  File "/home/rtcalumby/adam/luciano/LifeCLEFPlant2022/DeepCluster/engine_FGDCC.py", line 626, in main
    (loss, k_means_loss, ae_lr, _new_lr, _new_wd, grad_stats, bottleneck_output), etime = gpu_timer(train_step)
                                                                                          ^^^^^^^^^^^^^^^^^^^^^
  File "/home/rtcalumby/adam/luciano/LifeCLEFPlant2022/DeepCluster/src/utils/logging.py", line 21, in gpu_timer
    result = closure()
             ^^^^^^^^^
  File "/home/rtcalumby/adam/luciano/LifeCLEFPlant2022/DeepCluster/engine_FGDCC.py", line 517, in train_step
    reconstruction_loss, bottleneck_output, parent_logits, child_logits, parent_proj_embed, child_proj_embed = fgdcc(imgs, device)
                                                                                                               ^^^^^^^^^^^^^^^^^^^
  File "/home/rtcalumby/miniconda3/envs/py382/lib/python3.12/site-packages/torch/nn/modules/module.py", line 1532, in _wrapped_call_impl
    return self._call_impl(*args, **kwargs)
           ^^^^^^^^^^^^^^^^^^^^^^^^^^^^^^^^
  File "/home/rtcalumby/miniconda3/envs/py382/lib/python3.12/site-packages/torch/nn/modules/module.py", line 1541, in _call_impl
    return forward_call(*args, **kwargs)
           ^^^^^^^^^^^^^^^^^^^^^^^^^^^^^
  File "/home/rtcalumby/miniconda3/envs/py382/lib/python3.12/site-packages/torch/nn/parallel/distributed.py", line 1593, in forward
    else self._run_ddp_forward(*inputs, **kwargs)
         ^^^^^^^^^^^^^^^^^^^^^^^^^^^^^^^^^^^^^^^^
  File "/home/rtcalumby/miniconda3/envs/py382/lib/python3.12/site-packages/torch/nn/parallel/distributed.py", line 1411, in _run_ddp_forward
    return self.module(*inputs, **kwargs)  # type: ignore[index]
           ^^^^^^^^^^^^^^^^^^^^^^^^^^^^^^
  File "/home/rtcalumby/miniconda3/envs/py382/lib/python3.12/site-packages/torch/nn/modules/module.py", line 1532, in _wrapped_call_impl
    return self._call_impl(*args, **kwargs)
           ^^^^^^^^^^^^^^^^^^^^^^^^^^^^^^^^
  File "/home/rtcalumby/miniconda3/envs/py382/lib/python3.12/site-packages/torch/nn/modules/module.py", line 1541, in _call_impl
    return forward_call(*args, **kwargs)
           ^^^^^^^^^^^^^^^^^^^^^^^^^^^^^
  File "/home/rtcalumby/adam/luciano/LifeCLEFPlant2022/DeepCluster/src/models/FGDCC.py", line 32, in forward
    parent_logits, child_logits, parent_proj_embed, child_proj_embed = self.classifier(h)
                                                                      ^^^^^^^^^^^^^^^^^^
  File "/home/rtcalumby/miniconda3/envs/py382/lib/python3.12/site-packages/torch/nn/modules/module.py", line 1532, in _wrapped_call_impl
    return self._call_impl(*args, **kwargs)
           ^^^^^^^^^^^^^^^^^^^^^^^^^^^^^^^^
  File "/home/rtcalumby/miniconda3/envs/py382/lib/python3.12/site-packages/torch/nn/modules/module.py", line 1541, in _call_impl
    return forward_call(*args, **kwargs)
           ^^^^^^^^^^^^^^^^^^^^^^^^^^^^^
  File "/home/rtcalumby/adam/luciano/LifeCLEFPlant2022/DeepCluster/src/models/multi_head_attention_classifier.py", line 111, in forward
    subclass_proj_embed = self.subclass_feature_selection(subclass_proj_embed)
                          ^^^^^^^^^^^^^^^^^^^^^^^^^^^^^^^^^^^^^^^^^^^^^^^^^^^^
  File "/home/rtcalumby/miniconda3/envs/py382/lib/python3.12/site-packages/torch/nn/modules/module.py", line 1532, in _wrapped_call_impl
    return self._call_impl(*args, **kwargs)
           ^^^^^^^^^^^^^^^^^^^^^^^^^^^^^^^^
  File "/home/rtcalumby/miniconda3/envs/py382/lib/python3.12/site-packages/torch/nn/modules/module.py", line 1541, in _call_impl
    return forward_call(*args, **kwargs)
           ^^^^^^^^^^^^^^^^^^^^^^^^^^^^^
  File "/home/rtcalumby/miniconda3/envs/py382/lib/python3.12/site-packages/torch/nn/modules/container.py", line 217, in forward
    input = module(input)
            ^^^^^^^^^^^^^
  File "/home/rtcalumby/miniconda3/envs/py382/lib/python3.12/site-packages/torch/nn/modules/module.py", line 1532, in _wrapped_call_impl
    return self._call_impl(*args, **kwargs)
           ^^^^^^^^^^^^^^^^^^^^^^^^^^^^^^^^
  File "/home/rtcalumby/miniconda3/envs/py382/lib/python3.12/site-packages/torch/nn/modules/module.py", line 1541, in _call_impl
    return forward_call(*args, **kwargs)
           ^^^^^^^^^^^^^^^^^^^^^^^^^^^^^
  File "/home/rtcalumby/miniconda3/envs/py382/lib/python3.12/site-packages/torch/nn/modules/normalization.py", line 201, in forward
    return F.layer_norm(
           ^^^^^^^^^^^^^
  File "/home/rtcalumby/miniconda3/envs/py382/lib/python3.12/site-packages/torch/nn/functional.py", line 2573, in layer_norm
    return torch.layer_norm(input, normalized_shape, weight, bias, eps, torch.backends.cudnn.enabled)
           ^^^^^^^^^^^^^^^^^^^^^^^^^^^^^^^^^^^^^^^^^^^^^^^^^^^^^^^^^^^^^^^^^^^^^^^^^^^^^^^^^^^^^^^^^^
torch.cuda.OutOfMemoryError: CUDA out of memory. Tried to allocate 320.00 MiB. GPU 
