INFO:faiss.loader:Loading faiss with AVX2 support.
INFO:faiss.loader:Successfully loaded faiss with AVX2 support.
INFO:faiss.loader:Loading faiss with AVX2 support.
INFO:faiss.loader:Successfully loaded faiss with AVX2 support.
INFO:root:called-params configs/in1k_vith14_ep300_FGDCC.yaml
INFO:root:loaded params...
{   'data': {   'batch_size': 96,
                'color_jitter_strength': 0.0,
                'crop_scale': [0.3, 1.0],
                'crop_size': 224,
                'cutmix': 0.0,
                'drop_path': 0.25,
                'image_folder': '/home/rtcalumby/adam/luciano/plantnet_300K/',
                'mixup': 0.0,
                'nb_classes': 1081,
                'num_workers': 16,
                'pin_mem': True,
                'reprob': 0.25,
                'resume_epoch': 0,
                'root_path': '/home/rtcalumby/adam/luciano/',
                'use_color_distortion': False,
                'use_gaussian_blur': False,
                'use_horizontal_flip': False},
    'logging': {   'folder': '/home/rtcalumby/adam/luciano/LifeCLEFPlant2022/logs/PlantNet300k_exp48',
                   'write_tag': 'jepa'},
    'mask': {   'allow_overlap': False,
                'aspect_ratio': [0.75, 1.5],
                'enc_mask_scale': [0.85, 1.0],
                'min_keep': 10,
                'num_enc_masks': 1,
                'num_pred_masks': 4,
                'patch_size': 14,
                'pred_mask_scale': [0.15, 0.2]},
    'meta': {   'copy_data': False,
                'load_checkpoint': True,
                'model_name': 'vit_huge',
                'pred_depth': 12,
                'pred_emb_dim': 384,
                'read_checkpoint': None,
                'use_bfloat16': True},
    'optimization': {   'ema': [0.9, 0.999],
                        'epochs': 50,
                        'final_lr': 1e-05,
                        'final_weight_decay': 0.4,
                        'ipe_scale': 1.0,
                        'label_smoothing': 0.1,
                        'lr': 0.00035,
                        'start_lr': 9e-05,
                        'warmup': 35,
                        'weight_decay': 0.05}}
INFO:root:Running... (rank: 0/1)
INFO:root:Initialized (rank/world-size) 0/1
INFO:root:making imagenet data transforms
INFO:root:making imagenet data transforms
INFO:root:Finetuning dataset created
INFO:root:PairedDataset created
Training dataset, length: 245952
INFO:root:Finetuning dataset created
Val dataset, length: 31200
INFO:root:Using AdamW
['encoder', 'predictor', 'opt', 'scaler', 'target_encoder', 'epoch', 'loss', 'batch_size', 'world_size', 'lr']
INFO:root:loaded pretrained encoder from epoch 66 with msg: <All keys matched successfully>
INFO:root:ClassificationHead(
  (classifier): Linear(in_features=1280, out_features=15134, bias=True)
)
INFO:root:Using AdamW
INFO:root:VisionTransformer(
  (patch_embed): PatchEmbed(
    (proj): Conv2d(3, 1280, kernel_size=(14, 14), stride=(14, 14))
  )
  (blocks): ModuleList(
    (0-31): 32 x Block(
      (norm1): LayerNorm((1280,), eps=1e-06, elementwise_affine=True)
      (attn): Attention(
        (qkv): Linear(in_features=1280, out_features=3840, bias=True)
        (attn_drop): Dropout(p=0.0, inplace=False)
        (proj): Linear(in_features=1280, out_features=1280, bias=True)
        (proj_drop): Dropout(p=0.0, inplace=False)
      )
      (drop_path): Identity()
      (norm2): LayerNorm((1280,), eps=1e-06, elementwise_affine=True)
      (mlp): MLP(
        (fc1): Linear(in_features=1280, out_features=5120, bias=True)
        (act): GELU(approximate='none')
        (fc2): Linear(in_features=5120, out_features=1280, bias=True)
        (drop): Dropout(p=0.0, inplace=False)
      )
    )
  )
  (norm): LayerNorm((1280,), eps=1e-06, elementwise_affine=True)
)
INFO:root:Setting up cache...
INFO:root:Done...
INFO:root:Initializing centroids...
INFO:root:Update Step...
/home/rtcalumby/miniconda3/envs/py382/lib/python3.12/site-packages/faiss/contrib/torch_utils.py:51: UserWarning: TypedStorage is deprecated. It will be removed in the future and UntypedStorage will be the only storage class. This should only matter to you if you are using storages directly.  To access UntypedStorage directly, use tensor.untyped_storage() instead of tensor.storage()
  x.storage().data_ptr() + x.storage_offset() * 4)
INFO:root:Epoch 1
INFO:faiss.loader:Loading faiss with AVX2 support.
INFO:faiss.loader:Successfully loaded faiss with AVX2 support.
INFO:faiss.loader:Loading faiss with AVX2 support.
INFO:faiss.loader:Successfully loaded faiss with AVX2 support.
INFO:faiss.loader:Loading faiss with AVX2 support.
INFO:faiss.loader:Successfully loaded faiss with AVX2 support.
INFO:faiss.loader:Loading faiss with AVX2 support.
INFO:faiss.loader:Successfully loaded faiss with AVX2 support.
INFO:faiss.loader:Loading faiss with AVX2 support.
INFO:faiss.loader:Successfully loaded faiss with AVX2 support.
INFO:faiss.loader:Loading faiss with AVX2 support.
INFO:faiss.loader:Successfully loaded faiss with AVX2 support.
INFO:faiss.loader:Loading faiss with AVX2 support.
INFO:faiss.loader:Successfully loaded faiss with AVX2 support.
INFO:faiss.loader:Loading faiss with AVX2 support.
INFO:faiss.loader:Successfully loaded faiss with AVX2 support.
INFO:faiss.loader:Loading faiss with AVX2 support.
INFO:faiss.loader:Successfully loaded faiss with AVX2 support.
INFO:faiss.loader:Loading faiss with AVX2 support.
INFO:faiss.loader:Successfully loaded faiss with AVX2 support.
INFO:faiss.loader:Loading faiss with AVX2 support.
INFO:faiss.loader:Successfully loaded faiss with AVX2 support.
INFO:faiss.loader:Loading faiss with AVX2 support.
INFO:faiss.loader:Successfully loaded faiss with AVX2 support.
INFO:faiss.loader:Loading faiss with AVX2 support.
INFO:faiss.loader:Successfully loaded faiss with AVX2 support.
INFO:faiss.loader:Loading faiss with AVX2 support.
INFO:faiss.loader:Successfully loaded faiss with AVX2 support.
INFO:faiss.loader:Loading faiss with AVX2 support.
INFO:faiss.loader:Successfully loaded faiss with AVX2 support.
INFO:faiss.loader:Loading faiss with AVX2 support.
INFO:faiss.loader:Successfully loaded faiss with AVX2 support.
INFO:root:[1,     0/ 2562] - train_losses - Parent Class: 0.0000 - Children class: 9.6247 -Autoencoder Loss (total): 154.5900 - Reconstruction/K-Means Loss: [0.0000 / 154.5900] - Consistency Loss: [0.0000] - VICReg Loss: [35.0204][wd: 5.00e-02] [lr: 9.00e-05] [autoencoder lr: 0.00e+00][mem: 6.12e+04] (5162.2 ms)
INFO:root:[1,     0] grad_stats: [1.87e+00 1.10e+01] (1.27e+00, 3.49e+01)
INFO:root:[1,    50/ 2562] - train_losses - Parent Class: 0.0000 - Children class: 8.4764 -Autoencoder Loss (total): 402.4045 - Reconstruction/K-Means Loss: [0.0000 / 402.4045] - Consistency Loss: [0.0000] - VICReg Loss: [24.1653][wd: 5.00e-02] [lr: 9.01e-05] [autoencoder lr: 0.00e+00][mem: 6.63e+04] (1502.2 ms)
INFO:root:[1,    50] grad_stats: [4.67e-02 1.73e-01] (1.72e-03, 4.05e+00)
INFO:root:[1,   100/ 2562] - train_losses - Parent Class: 0.0000 - Children class: 7.6366 -Autoencoder Loss (total): 438.4926 - Reconstruction/K-Means Loss: [0.0000 / 438.4926] - Consistency Loss: [0.0000] - VICReg Loss: [23.9733][wd: 5.00e-02] [lr: 9.03e-05] [autoencoder lr: 0.00e+00][mem: 6.63e+04] (1465.3 ms)
INFO:root:[1,   100] grad_stats: [9.07e-02 2.05e-01] (1.25e-03, 3.44e+00)
INFO:root:[1,   150/ 2562] - train_losses - Parent Class: 0.0000 - Children class: 7.2275 -Autoencoder Loss (total): 449.6523 - Reconstruction/K-Means Loss: [0.0000 / 449.6523] - Consistency Loss: [0.0000] - VICReg Loss: [23.8369][wd: 5.00e-02] [lr: 9.04e-05] [autoencoder lr: 0.00e+00][mem: 6.63e+04] (1456.8 ms)
INFO:root:[1,   150] grad_stats: [1.04e-01 1.81e-01] (3.07e-03, 3.43e+00)
INFO:root:[1,   200/ 2562] - train_losses - Parent Class: 0.0000 - Children class: 6.9920 -Autoencoder Loss (total): 460.9722 - Reconstruction/K-Means Loss: [0.0000 / 460.9722] - Consistency Loss: [0.0000] - VICReg Loss: [23.7367][wd: 5.00e-02] [lr: 9.06e-05] [autoencoder lr: 0.00e+00][mem: 6.63e+04] (1454.8 ms)
INFO:root:[1,   200] grad_stats: [7.40e-02 1.28e-01] (1.66e-03, 3.11e+00)
INFO:root:[1,   250/ 2562] - train_losses - Parent Class: 0.0000 - Children class: 6.8346 -Autoencoder Loss (total): 467.2482 - Reconstruction/K-Means Loss: [0.0000 / 467.2482] - Consistency Loss: [0.0000] - VICReg Loss: [23.6638][wd: 5.00e-02] [lr: 9.07e-05] [autoencoder lr: 0.00e+00][mem: 6.63e+04] (1455.6 ms)
INFO:root:[1,   250] grad_stats: [5.81e-02 9.94e-02] (1.43e-03, 3.39e+00)
INFO:root:[1,   300/ 2562] - train_losses - Parent Class: 0.0000 - Children class: 6.7266 -Autoencoder Loss (total): 472.2977 - Reconstruction/K-Means Loss: [0.0000 / 472.2977] - Consistency Loss: [0.0000] - VICReg Loss: [23.6122][wd: 5.00e-02] [lr: 9.09e-05] [autoencoder lr: 0.00e+00][mem: 6.63e+04] (1458.6 ms)
INFO:root:[1,   300] grad_stats: [3.75e-02 1.30e-01] (1.83e-03, 3.35e+00)
INFO:root:[1,   350/ 2562] - train_losses - Parent Class: 0.0000 - Children class: 6.6596 -Autoencoder Loss (total): 478.0954 - Reconstruction/K-Means Loss: [0.0000 / 478.0954] - Consistency Loss: [0.0000] - VICReg Loss: [23.5547][wd: 5.00e-02] [lr: 9.10e-05] [autoencoder lr: 0.00e+00][mem: 6.63e+04] (1462.7 ms)
INFO:root:[1,   350] grad_stats: [7.80e-02 2.04e-01] (5.24e-03, 3.28e+00)
INFO:root:[1,   400/ 2562] - train_losses - Parent Class: 0.0000 - Children class: 6.6309 -Autoencoder Loss (total): 482.5382 - Reconstruction/K-Means Loss: [0.0000 / 482.5382] - Consistency Loss: [0.0000] - VICReg Loss: [23.4769][wd: 5.00e-02] [lr: 9.12e-05] [autoencoder lr: 0.00e+00][mem: 6.63e+04] (1467.1 ms)
INFO:root:[1,   400] grad_stats: [1.55e-01 2.61e-01] (6.99e-03, 3.84e+00)
INFO:root:[1,   450/ 2562] - train_losses - Parent Class: 0.0000 - Children class: 6.6529 -Autoencoder Loss (total): 485.1858 - Reconstruction/K-Means Loss: [0.0000 / 485.1858] - Consistency Loss: [0.0000] - VICReg Loss: [23.4156][wd: 5.00e-02] [lr: 9.13e-05] [autoencoder lr: 0.00e+00][mem: 6.63e+04] (1472.7 ms)
INFO:root:[1,   450] grad_stats: [9.66e-02 1.98e-01] (7.80e-03, 3.32e+00)
INFO:root:[1,   500/ 2562] - train_losses - Parent Class: 0.0000 - Children class: 6.6256 -Autoencoder Loss (total): 487.6280 - Reconstruction/K-Means Loss: [0.0000 / 487.6280] - Consistency Loss: [0.0000] - VICReg Loss: [23.3501][wd: 5.00e-02] [lr: 9.15e-05] [autoencoder lr: 0.00e+00][mem: 6.63e+04] (1478.0 ms)
INFO:root:[1,   500] grad_stats: [6.95e-02 1.48e-01] (4.35e-03, 3.65e+00)
INFO:root:[1,   550/ 2562] - train_losses - Parent Class: 0.0000 - Children class: 6.6070 -Autoencoder Loss (total): 489.8749 - Reconstruction/K-Means Loss: [0.0000 / 489.8749] - Consistency Loss: [0.0000] - VICReg Loss: [23.2889][wd: 5.00e-02] [lr: 9.16e-05] [autoencoder lr: 0.00e+00][mem: 6.63e+04] (1483.2 ms)
INFO:root:[1,   550] grad_stats: [1.43e-01 2.56e-01] (6.44e-03, 3.56e+00)
INFO:root:[1,   600/ 2562] - train_losses - Parent Class: 0.0000 - Children class: 6.5905 -Autoencoder Loss (total): 490.9173 - Reconstruction/K-Means Loss: [0.0000 / 490.9173] - Consistency Loss: [0.0000] - VICReg Loss: [23.2350][wd: 5.00e-02] [lr: 9.17e-05] [autoencoder lr: 0.00e+00][mem: 6.63e+04] (1488.4 ms)
INFO:root:[1,   600] grad_stats: [2.13e-01 2.60e-01] (1.29e-02, 3.29e+00)
INFO:root:[1,   650/ 2562] - train_losses - Parent Class: 0.0000 - Children class: 6.5714 -Autoencoder Loss (total): 492.7921 - Reconstruction/K-Means Loss: [0.0000 / 492.7921] - Consistency Loss: [0.0000] - VICReg Loss: [23.1871][wd: 5.00e-02] [lr: 9.19e-05] [autoencoder lr: 0.00e+00][mem: 6.63e+04] (1493.5 ms)
INFO:root:[1,   650] grad_stats: [2.07e-01 2.27e-01] (1.27e-02, 3.46e+00)
INFO:root:[1,   700/ 2562] - train_losses - Parent Class: 0.0000 - Children class: 6.5491 -Autoencoder Loss (total): 494.2294 - Reconstruction/K-Means Loss: [0.0000 / 494.2294] - Consistency Loss: [0.0000] - VICReg Loss: [23.1443][wd: 5.00e-02] [lr: 9.20e-05] [autoencoder lr: 0.00e+00][mem: 6.63e+04] (1498.3 ms)
INFO:root:[1,   700] grad_stats: [1.14e-01 1.80e-01] (1.28e-02, 3.62e+00)
INFO:root:[1,   750/ 2562] - train_losses - Parent Class: 0.0000 - Children class: 6.5219 -Autoencoder Loss (total): 495.5363 - Reconstruction/K-Means Loss: [0.0000 / 495.5363] - Consistency Loss: [0.0000] - VICReg Loss: [23.1034][wd: 5.00e-02] [lr: 9.22e-05] [autoencoder lr: 0.00e+00][mem: 6.63e+04] (1503.7 ms)
INFO:root:[1,   750] grad_stats: [1.13e-01 1.41e-01] (1.77e-02, 3.57e+00)
INFO:root:[1,   800/ 2562] - train_losses - Parent Class: 0.0000 - Children class: 6.4996 -Autoencoder Loss (total): 497.0088 - Reconstruction/K-Means Loss: [0.0000 / 497.0088] - Consistency Loss: [0.0000] - VICReg Loss: [23.0674][wd: 5.00e-02] [lr: 9.23e-05] [autoencoder lr: 0.00e+00][mem: 6.63e+04] (1509.2 ms)
INFO:root:[1,   800] grad_stats: [1.25e-01 1.43e-01] (2.17e-02, 3.44e+00)
INFO:root:[1,   850/ 2562] - train_losses - Parent Class: 0.0000 - Children class: 6.4831 -Autoencoder Loss (total): 498.2600 - Reconstruction/K-Means Loss: [0.0000 / 498.2600] - Consistency Loss: [0.0000] - VICReg Loss: [23.0328][wd: 5.00e-02] [lr: 9.25e-05] [autoencoder lr: 0.00e+00][mem: 6.63e+04] (1514.6 ms)
INFO:root:[1,   850] grad_stats: [2.38e-01 1.95e-01] (2.57e-02, 3.43e+00)
INFO:root:[1,   900/ 2562] - train_losses - Parent Class: 0.0000 - Children class: 6.4666 -Autoencoder Loss (total): 499.0331 - Reconstruction/K-Means Loss: [0.0000 / 499.0331] - Consistency Loss: [0.0000] - VICReg Loss: [23.0022][wd: 5.00e-02] [lr: 9.26e-05] [autoencoder lr: 0.00e+00][mem: 6.63e+04] (1519.8 ms)
INFO:root:[1,   900] grad_stats: [2.17e-01 2.01e-01] (2.24e-02, 3.45e+00)
INFO:root:[1,   950/ 2562] - train_losses - Parent Class: 0.0000 - Children class: 6.4499 -Autoencoder Loss (total): 499.6600 - Reconstruction/K-Means Loss: [0.0000 / 499.6600] - Consistency Loss: [0.0000] - VICReg Loss: [22.9722][wd: 5.00e-02] [lr: 9.28e-05] [autoencoder lr: 0.00e+00][mem: 6.63e+04] (1525.1 ms)
INFO:root:[1,   950] grad_stats: [1.75e-01 1.72e-01] (2.85e-02, 3.08e+00)
INFO:root:[1,  1000/ 2562] - train_losses - Parent Class: 0.0000 - Children class: 6.4315 -Autoencoder Loss (total): 500.0791 - Reconstruction/K-Means Loss: [0.0000 / 500.0791] - Consistency Loss: [0.0000] - VICReg Loss: [22.9424][wd: 5.01e-02] [lr: 9.29e-05] [autoencoder lr: 0.00e+00][mem: 6.63e+04] (1530.2 ms)
INFO:root:[1,  1000] grad_stats: [2.03e-01 1.09e-01] (1.55e-02, 3.40e+00)
INFO:root:[1,  1050/ 2562] - train_losses - Parent Class: 0.0000 - Children class: 6.4125 -Autoencoder Loss (total): 500.7577 - Reconstruction/K-Means Loss: [0.0000 / 500.7577] - Consistency Loss: [0.0000] - VICReg Loss: [22.9139][wd: 5.01e-02] [lr: 9.30e-05] [autoencoder lr: 0.00e+00][mem: 6.63e+04] (1535.1 ms)
INFO:root:[1,  1050] grad_stats: [2.60e-01 2.26e-01] (3.12e-02, 3.44e+00)
INFO:root:[1,  1100/ 2562] - train_losses - Parent Class: 0.0000 - Children class: 6.3925 -Autoencoder Loss (total): 501.2345 - Reconstruction/K-Means Loss: [0.0000 / 501.2345] - Consistency Loss: [0.0000] - VICReg Loss: [22.8865][wd: 5.01e-02] [lr: 9.32e-05] [autoencoder lr: 0.00e+00][mem: 6.63e+04] (1540.5 ms)
INFO:root:[1,  1100] grad_stats: [2.02e-01 1.68e-01] (2.58e-02, 3.48e+00)
INFO:root:[1,  1150/ 2562] - train_losses - Parent Class: 0.0000 - Children class: 6.3788 -Autoencoder Loss (total): 502.0361 - Reconstruction/K-Means Loss: [0.0000 / 502.0361] - Consistency Loss: [0.0000] - VICReg Loss: [22.8616][wd: 5.01e-02] [lr: 9.33e-05] [autoencoder lr: 0.00e+00][mem: 6.63e+04] (1545.9 ms)
INFO:root:[1,  1150] grad_stats: [2.71e-01 1.34e-01] (1.81e-02, 3.79e+00)
INFO:root:[1,  1200/ 2562] - train_losses - Parent Class: 0.0000 - Children class: 6.3874 -Autoencoder Loss (total): 502.7543 - Reconstruction/K-Means Loss: [0.0000 / 502.7543] - Consistency Loss: [0.0000] - VICReg Loss: [22.8411][wd: 5.01e-02] [lr: 9.35e-05] [autoencoder lr: 0.00e+00][mem: 6.63e+04] (1551.5 ms)
INFO:root:[1,  1200] grad_stats: [1.83e-01 1.93e-01] (2.17e-02, 3.55e+00)
INFO:root:[1,  1250/ 2562] - train_losses - Parent Class: 0.0000 - Children class: 6.3813 -Autoencoder Loss (total): 503.4705 - Reconstruction/K-Means Loss: [0.0000 / 503.4705] - Consistency Loss: [0.0000] - VICReg Loss: [22.8203][wd: 5.01e-02] [lr: 9.36e-05] [autoencoder lr: 0.00e+00][mem: 6.63e+04] (1556.5 ms)
INFO:root:[1,  1250] grad_stats: [1.63e-01 1.21e-01] (1.35e-02, 3.08e+00)
INFO:root:[1,  1300/ 2562] - train_losses - Parent Class: 0.0000 - Children class: 6.3741 -Autoencoder Loss (total): 504.0481 - Reconstruction/K-Means Loss: [0.0000 / 504.0481] - Consistency Loss: [0.0000] - VICReg Loss: [22.7997][wd: 5.01e-02] [lr: 9.38e-05] [autoencoder lr: 0.00e+00][mem: 6.63e+04] (1561.7 ms)
INFO:root:[1,  1300] grad_stats: [5.32e-01 2.13e-01] (2.82e-02, 3.18e+00)
INFO:root:[1,  1350/ 2562] - train_losses - Parent Class: 0.0000 - Children class: 6.3776 -Autoencoder Loss (total): 504.3725 - Reconstruction/K-Means Loss: [0.0000 / 504.3725] - Consistency Loss: [0.0000] - VICReg Loss: [22.7799][wd: 5.01e-02] [lr: 9.39e-05] [autoencoder lr: 0.00e+00][mem: 6.63e+04] (1568.6 ms)
INFO:root:[1,  1350] grad_stats: [2.53e-01 2.35e-01] (2.45e-02, 4.18e+00)
INFO:root:[1,  1400/ 2562] - train_losses - Parent Class: 0.0000 - Children class: 6.3727 -Autoencoder Loss (total): 504.8860 - Reconstruction/K-Means Loss: [0.0000 / 504.8860] - Consistency Loss: [0.0000] - VICReg Loss: [22.7615][wd: 5.01e-02] [lr: 9.41e-05] [autoencoder lr: 0.00e+00][mem: 6.63e+04] (1575.8 ms)
INFO:root:[1,  1400] grad_stats: [2.99e-01 1.79e-01] (2.82e-02, 4.06e+00)
INFO:root:[1,  1450/ 2562] - train_losses - Parent Class: 0.0000 - Children class: 6.3600 -Autoencoder Loss (total): 505.1362 - Reconstruction/K-Means Loss: [0.0000 / 505.1362] - Consistency Loss: [0.0000] - VICReg Loss: [22.7430][wd: 5.01e-02] [lr: 9.42e-05] [autoencoder lr: 0.00e+00][mem: 6.63e+04] (1583.2 ms)
INFO:root:[1,  1450] grad_stats: [3.32e-01 1.62e-01] (2.65e-02, 3.10e+00)
INFO:root:[1,  1500/ 2562] - train_losses - Parent Class: 0.0000 - Children class: 6.3439 -Autoencoder Loss (total): 505.2420 - Reconstruction/K-Means Loss: [0.0000 / 505.2420] - Consistency Loss: [0.0000] - VICReg Loss: [22.7240][wd: 5.01e-02] [lr: 9.44e-05] [autoencoder lr: 0.00e+00][mem: 6.63e+04] (1590.1 ms)
INFO:root:[1,  1500] grad_stats: [2.81e-01 1.32e-01] (2.09e-02, 3.07e+00)
INFO:root:[1,  1550/ 2562] - train_losses - Parent Class: 0.0000 - Children class: 6.3310 -Autoencoder Loss (total): 505.4201 - Reconstruction/K-Means Loss: [0.0000 / 505.4201] - Consistency Loss: [0.0000] - VICReg Loss: [22.7069][wd: 5.01e-02] [lr: 9.45e-05] [autoencoder lr: 0.00e+00][mem: 6.63e+04] (1595.8 ms)
INFO:root:[1,  1550] grad_stats: [2.86e-01 1.85e-01] (3.08e-02, 3.37e+00)
INFO:root:[1,  1600/ 2562] - train_losses - Parent Class: 0.0000 - Children class: 6.3178 -Autoencoder Loss (total): 505.7318 - Reconstruction/K-Means Loss: [0.0000 / 505.7318] - Consistency Loss: [0.0000] - VICReg Loss: [22.6898][wd: 5.01e-02] [lr: 9.46e-05] [autoencoder lr: 0.00e+00][mem: 6.63e+04] (1601.6 ms)
INFO:root:[1,  1600] grad_stats: [4.00e-01 1.30e-01] (2.09e-02, 3.34e+00)
INFO:root:[1,  1650/ 2562] - train_losses - Parent Class: 0.0000 - Children class: 6.3026 -Autoencoder Loss (total): 506.0621 - Reconstruction/K-Means Loss: [0.0000 / 506.0621] - Consistency Loss: [0.0000] - VICReg Loss: [22.6735][wd: 5.01e-02] [lr: 9.48e-05] [autoencoder lr: 0.00e+00][mem: 6.63e+04] (1607.2 ms)
INFO:root:[1,  1650] grad_stats: [2.56e-01 3.08e-01] (3.44e-02, 3.33e+00)
INFO:root:[1,  1700/ 2562] - train_losses - Parent Class: 0.0000 - Children class: 6.2886 -Autoencoder Loss (total): 506.4344 - Reconstruction/K-Means Loss: [0.0000 / 506.4344] - Consistency Loss: [0.0000] - VICReg Loss: [22.6572][wd: 5.02e-02] [lr: 9.49e-05] [autoencoder lr: 0.00e+00][mem: 6.63e+04] (1612.8 ms)
INFO:root:[1,  1700] grad_stats: [2.74e-01 1.38e-01] (2.17e-02, 3.01e+00)
INFO:root:[1,  1750/ 2562] - train_losses - Parent Class: 0.0000 - Children class: 6.2736 -Autoencoder Loss (total): 506.6461 - Reconstruction/K-Means Loss: [0.0000 / 506.6461] - Consistency Loss: [0.0000] - VICReg Loss: [22.6408][wd: 5.02e-02] [lr: 9.51e-05] [autoencoder lr: 0.00e+00][mem: 6.63e+04] (1618.2 ms)
INFO:root:[1,  1750] grad_stats: [3.17e-01 1.38e-01] (1.94e-02, 3.21e+00)
INFO:root:[1,  1800/ 2562] - train_losses - Parent Class: 0.0000 - Children class: 6.2583 -Autoencoder Loss (total): 506.9553 - Reconstruction/K-Means Loss: [0.0000 / 506.9553] - Consistency Loss: [0.0000] - VICReg Loss: [22.6252][wd: 5.02e-02] [lr: 9.52e-05] [autoencoder lr: 0.00e+00][mem: 6.63e+04] (1623.7 ms)
INFO:root:[1,  1800] grad_stats: [3.56e-01 1.78e-01] (2.77e-02, 3.24e+00)
INFO:root:[1,  1850/ 2562] - train_losses - Parent Class: 0.0000 - Children class: 6.2435 -Autoencoder Loss (total): 506.8178 - Reconstruction/K-Means Loss: [0.0000 / 506.8178] - Consistency Loss: [0.0000] - VICReg Loss: [22.6103][wd: 5.02e-02] [lr: 9.54e-05] [autoencoder lr: 0.00e+00][mem: 6.63e+04] (1629.1 ms)
INFO:root:[1,  1850] grad_stats: [2.57e-01 1.51e-01] (2.14e-02, 3.45e+00)
INFO:root:[1,  1900/ 2562] - train_losses - Parent Class: 0.0000 - Children class: 6.2299 -Autoencoder Loss (total): 507.0767 - Reconstruction/K-Means Loss: [0.0000 / 507.0767] - Consistency Loss: [0.0000] - VICReg Loss: [22.5968][wd: 5.02e-02] [lr: 9.55e-05] [autoencoder lr: 0.00e+00][mem: 6.63e+04] (1634.9 ms)
INFO:root:[1,  1900] grad_stats: [3.68e-01 1.47e-01] (2.54e-02, 3.15e+00)
INFO:root:[1,  1950/ 2562] - train_losses - Parent Class: 0.0000 - Children class: 6.2158 -Autoencoder Loss (total): 507.2742 - Reconstruction/K-Means Loss: [0.0000 / 507.2742] - Consistency Loss: [0.0000] - VICReg Loss: [22.5827][wd: 5.02e-02] [lr: 9.57e-05] [autoencoder lr: 0.00e+00][mem: 6.63e+04] (1640.7 ms)
INFO:root:[1,  1950] grad_stats: [3.32e-01 1.26e-01] (2.30e-02, 3.05e+00)
INFO:root:[1,  2000/ 2562] - train_losses - Parent Class: 0.0000 - Children class: 6.2015 -Autoencoder Loss (total): 507.4760 - Reconstruction/K-Means Loss: [0.0000 / 507.4760] - Consistency Loss: [0.0000] - VICReg Loss: [22.5683][wd: 5.02e-02] [lr: 9.58e-05] [autoencoder lr: 0.00e+00][mem: 6.63e+04] (1646.4 ms)
INFO:root:[1,  2000] grad_stats: [2.45e-01 1.71e-01] (2.30e-02, 3.27e+00)
INFO:root:[1,  2050/ 2562] - train_losses - Parent Class: 0.0000 - Children class: 6.1878 -Autoencoder Loss (total): 507.6980 - Reconstruction/K-Means Loss: [0.0000 / 507.6980] - Consistency Loss: [0.0000] - VICReg Loss: [22.5553][wd: 5.02e-02] [lr: 9.59e-05] [autoencoder lr: 0.00e+00][mem: 6.63e+04] (1651.9 ms)
INFO:root:[1,  2050] grad_stats: [3.10e-01 1.75e-01] (3.40e-02, 3.22e+00)
INFO:root:[1,  2100/ 2562] - train_losses - Parent Class: 0.0000 - Children class: 6.1747 -Autoencoder Loss (total): 507.5915 - Reconstruction/K-Means Loss: [0.0000 / 507.5915] - Consistency Loss: [0.0000] - VICReg Loss: [22.5429][wd: 5.02e-02] [lr: 9.61e-05] [autoencoder lr: 0.00e+00][mem: 6.63e+04] (1657.7 ms)
INFO:root:[1,  2100] grad_stats: [3.32e-01 1.39e-01] (2.49e-02, 3.12e+00)
INFO:root:[1,  2150/ 2562] - train_losses - Parent Class: 0.0000 - Children class: 6.1619 -Autoencoder Loss (total): 507.8187 - Reconstruction/K-Means Loss: [0.0000 / 507.8187] - Consistency Loss: [0.0000] - VICReg Loss: [22.5297][wd: 5.02e-02] [lr: 9.62e-05] [autoencoder lr: 0.00e+00][mem: 6.63e+04] (1663.0 ms)
INFO:root:[1,  2150] grad_stats: [3.80e-01 1.47e-01] (2.95e-02, 3.37e+00)
INFO:root:[1,  2200/ 2562] - train_losses - Parent Class: 0.0000 - Children class: 6.1494 -Autoencoder Loss (total): 507.9027 - Reconstruction/K-Means Loss: [0.0000 / 507.9027] - Consistency Loss: [0.0000] - VICReg Loss: [22.5178][wd: 5.03e-02] [lr: 9.64e-05] [autoencoder lr: 0.00e+00][mem: 6.63e+04] (1668.6 ms)
INFO:root:[1,  2200] grad_stats: [5.11e-01 1.86e-01] (3.01e-02, 3.27e+00)
INFO:root:[1,  2250/ 2562] - train_losses - Parent Class: 0.0000 - Children class: 6.1365 -Autoencoder Loss (total): 508.1528 - Reconstruction/K-Means Loss: [0.0000 / 508.1528] - Consistency Loss: [0.0000] - VICReg Loss: [22.5057][wd: 5.03e-02] [lr: 9.65e-05] [autoencoder lr: 0.00e+00][mem: 6.63e+04] (1673.9 ms)
INFO:root:[1,  2250] grad_stats: [4.65e-01 2.46e-01] (4.18e-02, 3.85e+00)
INFO:root:[1,  2300/ 2562] - train_losses - Parent Class: 0.0000 - Children class: 6.1241 -Autoencoder Loss (total): 508.4044 - Reconstruction/K-Means Loss: [0.0000 / 508.4044] - Consistency Loss: [0.0000] - VICReg Loss: [22.4941][wd: 5.03e-02] [lr: 9.67e-05] [autoencoder lr: 0.00e+00][mem: 6.63e+04] (1679.3 ms)
INFO:root:[1,  2300] grad_stats: [3.76e-01 2.00e-01] (3.68e-02, 3.39e+00)
INFO:root:[1,  2350/ 2562] - train_losses - Parent Class: 0.0000 - Children class: 6.1119 -Autoencoder Loss (total): 508.4909 - Reconstruction/K-Means Loss: [0.0000 / 508.4909] - Consistency Loss: [0.0000] - VICReg Loss: [22.4829][wd: 5.03e-02] [lr: 9.68e-05] [autoencoder lr: 0.00e+00][mem: 6.63e+04] (1684.7 ms)
INFO:root:[1,  2350] grad_stats: [3.51e-01 1.55e-01] (4.25e-02, 3.91e+00)
INFO:root:[1,  2400/ 2562] - train_losses - Parent Class: 0.0000 - Children class: 6.1008 -Autoencoder Loss (total): 508.7604 - Reconstruction/K-Means Loss: [0.0000 / 508.7604] - Consistency Loss: [0.0000] - VICReg Loss: [22.4718][wd: 5.03e-02] [lr: 9.70e-05] [autoencoder lr: 0.00e+00][mem: 6.63e+04] (1689.8 ms)
INFO:root:[1,  2400] grad_stats: [3.99e-01 1.31e-01] (3.27e-02, 3.42e+00)
INFO:root:[1,  2450/ 2562] - train_losses - Parent Class: 0.0000 - Children class: 6.0888 -Autoencoder Loss (total): 508.7574 - Reconstruction/K-Means Loss: [0.0000 / 508.7574] - Consistency Loss: [0.0000] - VICReg Loss: [22.4615][wd: 5.03e-02] [lr: 9.71e-05] [autoencoder lr: 0.00e+00][mem: 6.63e+04] (1695.8 ms)
INFO:root:[1,  2450] grad_stats: [3.77e-01 1.47e-01] (3.30e-02, 3.14e+00)
INFO:root:[1,  2500/ 2562] - train_losses - Parent Class: 0.0000 - Children class: 6.0758 -Autoencoder Loss (total): 508.7747 - Reconstruction/K-Means Loss: [0.0000 / 508.7747] - Consistency Loss: [0.0000] - VICReg Loss: [22.4507][wd: 5.03e-02] [lr: 9.73e-05] [autoencoder lr: 0.00e+00][mem: 6.63e+04] (1702.7 ms)
INFO:root:[1,  2500] grad_stats: [4.81e-01 1.80e-01] (4.56e-02, 3.70e+00)
INFO:root:[1,  2550/ 2562] - train_losses - Parent Class: 0.0000 - Children class: 6.0641 -Autoencoder Loss (total): 508.8600 - Reconstruction/K-Means Loss: [0.0000 / 508.8600] - Consistency Loss: [0.0000] - VICReg Loss: [22.4403][wd: 5.03e-02] [lr: 9.74e-05] [autoencoder lr: 0.00e+00][mem: 6.63e+04] (1709.6 ms)
INFO:root:[1,  2550] grad_stats: [3.00e-01 1.82e-01] (3.17e-02, 3.56e+00)
INFO:root:Asserting cache length
INFO:root:Reinitializing centroids
Avg no of empty clusters: 8.944075829383886
INFO:faiss.loader:Loading faiss with AVX2 support.
INFO:faiss.loader:Successfully loaded faiss with AVX2 support.
INFO:faiss.loader:Loading faiss with AVX2 support.
INFO:faiss.loader:Successfully loaded faiss with AVX2 support.
INFO:faiss.loader:Loading faiss with AVX2 support.
INFO:faiss.loader:Successfully loaded faiss with AVX2 support.
INFO:faiss.loader:Loading faiss with AVX2 support.
INFO:faiss.loader:Successfully loaded faiss with AVX2 support.
INFO:faiss.loader:Loading faiss with AVX2 support.
INFO:faiss.loader:Successfully loaded faiss with AVX2 support.
INFO:faiss.loader:Loading faiss with AVX2 support.
INFO:faiss.loader:Successfully loaded faiss with AVX2 support.
INFO:faiss.loader:Loading faiss with AVX2 support.
INFO:faiss.loader:Successfully loaded faiss with AVX2 support.
INFO:faiss.loader:Loading faiss with AVX2 support.
INFO:faiss.loader:Successfully loaded faiss with AVX2 support.
INFO:faiss.loader:Loading faiss with AVX2 support.
INFO:faiss.loader:Successfully loaded faiss with AVX2 support.
INFO:faiss.loader:Loading faiss with AVX2 support.
INFO:faiss.loader:Successfully loaded faiss with AVX2 support.
INFO:faiss.loader:Loading faiss with AVX2 support.
INFO:faiss.loader:Successfully loaded faiss with AVX2 support.
INFO:faiss.loader:Loading faiss with AVX2 support.
INFO:faiss.loader:Successfully loaded faiss with AVX2 support.
INFO:faiss.loader:Loading faiss with AVX2 support.
INFO:faiss.loader:Successfully loaded faiss with AVX2 support.
INFO:faiss.loader:Loading faiss with AVX2 support.
INFO:faiss.loader:Successfully loaded faiss with AVX2 support.
INFO:faiss.loader:Loading faiss with AVX2 support.
INFO:faiss.loader:Successfully loaded faiss with AVX2 support.
INFO:faiss.loader:Loading faiss with AVX2 support.
INFO:faiss.loader:Successfully loaded faiss with AVX2 support.
Process Process-1:
Traceback (most recent call last):
  File "/home/rtcalumby/miniconda3/envs/py382/lib/python3.12/multiprocessing/process.py", line 314, in _bootstrap
    self.run()
  File "/home/rtcalumby/miniconda3/envs/py382/lib/python3.12/multiprocessing/process.py", line 108, in run
    self._target(*self._args, **self._kwargs)
  File "/home/rtcalumby/adam/luciano/LifeCLEFPlant2022/DeepCluster/main_FGDCC_v2.py", line 52, in process_main
    app_main(args=params)
  File "/home/rtcalumby/adam/luciano/LifeCLEFPlant2022/DeepCluster/engine_FGDCCv2.py", line 831, in main
    vtime = gpu_timer(evaluate)
            ^^^^^^^^^^^^^^^^^^^
  File "/home/rtcalumby/adam/luciano/LifeCLEFPlant2022/DeepCluster/src/utils/logging.py", line 21, in gpu_timer
    result = closure()
             ^^^^^^^^^
  File "/home/rtcalumby/miniconda3/envs/py382/lib/python3.12/site-packages/torch/utils/_contextlib.py", line 115, in decorate_context
    return func(*args, **kwargs)
           ^^^^^^^^^^^^^^^^^^^^^
  File "/home/rtcalumby/adam/luciano/LifeCLEFPlant2022/DeepCluster/engine_FGDCCv2.py", line 823, in evaluate
    acc1 = accuracy_score(y_true=labels, y_pred=subclass_predictions)
           ^^^^^^^^^^^^^^^^^^^^^^^^^^^^^^^^^^^^^^^^^^^^^^^^^^^^^^^^^^
  File "/home/rtcalumby/miniconda3/envs/py382/lib/python3.12/site-packages/sklearn/utils/_param_validation.py", line 216, in wrapper
    return func(*args, **kwargs)
           ^^^^^^^^^^^^^^^^^^^^^
  File "/home/rtcalumby/miniconda3/envs/py382/lib/python3.12/site-packages/sklearn/metrics/_classification.py", line 227, in accuracy_score
    y_type, y_true, y_pred = _check_targets(y_true, y_pred)
                             ^^^^^^^^^^^^^^^^^^^^^^^^^^^^^^
  File "/home/rtcalumby/miniconda3/envs/py382/lib/python3.12/site-packages/sklearn/metrics/_classification.py", line 99, in _check_targets
    type_true = type_of_target(y_true, input_name="y_true")
                ^^^^^^^^^^^^^^^^^^^^^^^^^^^^^^^^^^^^^^^^^^^
  File "/home/rtcalumby/miniconda3/envs/py382/lib/python3.12/site-packages/sklearn/utils/multiclass.py", line 333, in type_of_target
    if is_multilabel(y):
       ^^^^^^^^^^^^^^^^
  File "/home/rtcalumby/miniconda3/envs/py382/lib/python3.12/site-packages/sklearn/utils/multiclass.py", line 172, in is_multilabel
    y = check_array(y, dtype=None, **check_y_kwargs)
        ^^^^^^^^^^^^^^^^^^^^^^^^^^^^^^^^^^^^^^^^^^^^
  File "/home/rtcalumby/miniconda3/envs/py382/lib/python3.12/site-packages/sklearn/utils/validation.py", line 1055, in check_array
    array = _asarray_with_order(array, order=order, dtype=dtype, xp=xp)
            ^^^^^^^^^^^^^^^^^^^^^^^^^^^^^^^^^^^^^^^^^^^^^^^^^^^^^^^^^^^
  File "/home/rtcalumby/miniconda3/envs/py382/lib/python3.12/site-packages/sklearn/utils/_array_api.py", line 832, in _asarray_with_order
    array = numpy.asarray(array, order=order, dtype=dtype)
            ^^^^^^^^^^^^^^^^^^^^^^^^^^^^^^^^^^^^^^^^^^^^^^
  File "/home/rtcalumby/miniconda3/envs/py382/lib/python3.12/site-packages/torch/_tensor.py", line 1087, in __array__
    return self.numpy()
           ^^^^^^^^^^^^
TypeError: can't convert cuda:0 device type tensor to numpy. Use Tensor.cpu() to copy the tensor to host memory first.
