INFO:faiss.loader:Loading faiss with AVX2 support.
INFO:faiss.loader:Successfully loaded faiss with AVX2 support.
INFO:faiss.loader:Loading faiss with AVX2 support.
INFO:faiss.loader:Successfully loaded faiss with AVX2 support.
INFO:root:called-params configs/in1k_vith14_ep300_FGDCC.yaml
INFO:root:loaded params...
{   'data': {   'batch_size': 96,
                'color_jitter_strength': 0.0,
                'crop_scale': [0.3, 1.0],
                'crop_size': 224,
                'cutmix': 0.0,
                'drop_path': 0.25,
                'image_folder': '/home/rtcalumby/adam/luciano/plantnet_300K/',
                'mixup': 0.0,
                'nb_classes': 1081,
                'num_workers': 8,
                'pin_mem': True,
                'reprob': 0.25,
                'resume_epoch': 0,
                'root_path': '/home/rtcalumby/adam/luciano/',
                'use_color_distortion': False,
                'use_gaussian_blur': False,
                'use_horizontal_flip': False},
    'logging': {   'folder': '/home/rtcalumby/adam/luciano/LifeCLEFPlant2022/logs/PlantNet300k_exp28',
                   'write_tag': 'jepa'},
    'mask': {   'allow_overlap': False,
                'aspect_ratio': [0.75, 1.5],
                'enc_mask_scale': [0.85, 1.0],
                'min_keep': 10,
                'num_enc_masks': 1,
                'num_pred_masks': 4,
                'patch_size': 14,
                'pred_mask_scale': [0.15, 0.2]},
    'meta': {   'copy_data': False,
                'load_checkpoint': True,
                'model_name': 'vit_huge',
                'pred_depth': 12,
                'pred_emb_dim': 384,
                'read_checkpoint': None,
                'use_bfloat16': True},
    'optimization': {   'ema': [0.9, 0.999],
                        'epochs': 75,
                        'final_lr': 1e-05,
                        'final_weight_decay': 0.4,
                        'ipe_scale': 1.0,
                        'label_smoothing': 0.1,
                        'lr': 0.00025,
                        'start_lr': 8.5e-05,
                        'warmup': 5,
                        'weight_decay': 0.05}}
INFO:root:Running... (rank: 0/1)
INFO:root:Initialized (rank/world-size) 0/1
INFO:root:MaskedAutoEncoder(
  (encoder): Sequential(
    (0): Linear(in_features=1280, out_features=1024, bias=True)
    (1): GELU(approximate='none')
    (2): Linear(in_features=1024, out_features=768, bias=True)
    (3): GELU(approximate='none')
    (4): Linear(in_features=768, out_features=512, bias=True)
    (5): GELU(approximate='none')
    (6): Linear(in_features=512, out_features=384, bias=True)
    (7): GELU(approximate='none')
  )
  (decoder): Sequential(
    (0): Linear(in_features=384, out_features=512, bias=True)
    (1): GELU(approximate='none')
    (2): Linear(in_features=512, out_features=768, bias=True)
    (3): GELU(approximate='none')
    (4): Linear(in_features=768, out_features=1024, bias=True)
    (5): GELU(approximate='none')
    (6): Linear(in_features=1024, out_features=1280, bias=True)
  )
)
INFO:root:making imagenet data transforms
INFO:root:making imagenet data transforms
INFO:root:Finetuning dataset created
Training dataset, length: 245952
INFO:root:Finetuning dataset created
Val dataset, length: 31200
INFO:root:Using AdamW
['encoder', 'predictor', 'opt', 'scaler', 'target_encoder', 'epoch', 'loss', 'batch_size', 'world_size', 'lr']
INFO:root:loaded pretrained encoder from epoch 66 with msg: <All keys matched successfully>
INFO:root:MultiHeadAttentionClassifier(
  (act): GELU(approximate='none')
  (subclass_proj): Sequential(
    (0): Linear(in_features=1280, out_features=1280, bias=True)
    (1): GELU(approximate='none')
  )
  (cross_attention): MultiHeadCrossAttention(
    (query): Linear(in_features=1280, out_features=1280, bias=True)
    (key): Linear(in_features=1280, out_features=1280, bias=True)
    (value): Linear(in_features=1280, out_features=1280, bias=True)
  )
  (parent_feature_selection): Linear(in_features=2560, out_features=1280, bias=True)
  (parent_classifier): Linear(in_features=2560, out_features=1081, bias=True)
  (subclass_classifier): Linear(in_features=1280, out_features=4324, bias=True)
  (head_drop): Dropout(p=0.25, inplace=False)
)
INFO:root:Using AdamW
INFO:root:VisionTransformer(
  (patch_embed): PatchEmbed(
    (proj): Conv2d(3, 1280, kernel_size=(14, 14), stride=(14, 14))
  )
  (blocks): ModuleList(
    (0-31): 32 x Block(
      (norm1): LayerNorm((1280,), eps=1e-06, elementwise_affine=True)
      (attn): Attention(
        (qkv): Linear(in_features=1280, out_features=3840, bias=True)
        (attn_drop): Dropout(p=0.0, inplace=False)
        (proj): Linear(in_features=1280, out_features=1280, bias=True)
        (proj_drop): Dropout(p=0.0, inplace=False)
      )
      (drop_path): Identity()
      (norm2): LayerNorm((1280,), eps=1e-06, elementwise_affine=True)
      (mlp): MLP(
        (fc1): Linear(in_features=1280, out_features=5120, bias=True)
        (act): GELU(approximate='none')
        (fc2): Linear(in_features=5120, out_features=1280, bias=True)
        (drop): Dropout(p=0.0, inplace=False)
      )
    )
  )
  (norm): LayerNorm((1280,), eps=1e-06, elementwise_affine=True)
)
INFO:root:Building cache...
INFO:root:Initializing centroids...
INFO:root:Update Step...
/home/rtcalumby/miniconda3/envs/py382/lib/python3.12/site-packages/faiss/contrib/torch_utils.py:51: UserWarning: TypedStorage is deprecated. It will be removed in the future and UntypedStorage will be the only storage class. This should only matter to you if you are using storages directly.  To access UntypedStorage directly, use tensor.untyped_storage() instead of tensor.storage()
  x.storage().data_ptr() + x.storage_offset() * 4)
INFO:root:Epoch 1
INFO:faiss.loader:Loading faiss with AVX2 support.
INFO:faiss.loader:Successfully loaded faiss with AVX2 support.
INFO:faiss.loader:Loading faiss with AVX2 support.
INFO:faiss.loader:Successfully loaded faiss with AVX2 support.
INFO:faiss.loader:Loading faiss with AVX2 support.
INFO:faiss.loader:Successfully loaded faiss with AVX2 support.
INFO:faiss.loader:Loading faiss with AVX2 support.
INFO:faiss.loader:Successfully loaded faiss with AVX2 support.
INFO:faiss.loader:Loading faiss with AVX2 support.
INFO:faiss.loader:Successfully loaded faiss with AVX2 support.
INFO:faiss.loader:Loading faiss with AVX2 support.
INFO:faiss.loader:Successfully loaded faiss with AVX2 support.
INFO:faiss.loader:Loading faiss with AVX2 support.
INFO:faiss.loader:Successfully loaded faiss with AVX2 support.
INFO:faiss.loader:Loading faiss with AVX2 support.
INFO:faiss.loader:Successfully loaded faiss with AVX2 support.
INFO:root:[1,     0/ 2562] - train_losses - Parent Class: 6.9856 - Children class: 8.3719 -Autoencoder Loss (total): 40.6730 - Reconstruction/K-Means Loss: [0.9878 / 39.6852] - Consistency Loss: [0.0000] - VICReg Loss: [0.0000][wd: 5.00e-02] [lr: 8.50e-05] [autoencoder lr: 1.00e-04][mem: 6.14e+04] (3056.7 ms)
INFO:root:[1,     0] grad_stats: [1.67e-04 1.43e-03] (5.17e-10, 2.34e+00)
INFO:root:[1,    50/ 2562] - train_losses - Parent Class: 5.9491 - Children class: 6.7685 -Autoencoder Loss (total): 595.0039 - Reconstruction/K-Means Loss: [0.2227 / 594.7812] - Consistency Loss: [0.0000] - VICReg Loss: [0.0000][wd: 5.00e-02] [lr: 8.57e-05] [autoencoder lr: 1.03e-04][mem: 6.64e+04] (1253.4 ms)
INFO:root:[1,    50] grad_stats: [2.51e-04 9.90e-03] (1.46e-09, 5.41e+00)
INFO:root:[1,   100/ 2562] - train_losses - Parent Class: 5.8373 - Children class: 6.3920 -Autoencoder Loss (total): 623.9037 - Reconstruction/K-Means Loss: [0.1332 / 623.7705] - Consistency Loss: [0.0000] - VICReg Loss: [0.0000][wd: 5.00e-02] [lr: 8.63e-05] [autoencoder lr: 1.05e-04][mem: 6.64e+04] (1305.2 ms)
INFO:root:[1,   100] grad_stats: [5.51e-04 1.04e-02] (2.76e-08, 5.51e+00)
INFO:root:[1,   150/ 2562] - train_losses - Parent Class: 5.7829 - Children class: 6.2410 -Autoencoder Loss (total): 635.8326 - Reconstruction/K-Means Loss: [0.0999 / 635.7327] - Consistency Loss: [0.0000] - VICReg Loss: [0.0000][wd: 5.00e-02] [lr: 8.69e-05] [autoencoder lr: 1.08e-04][mem: 6.64e+04] (1361.4 ms)
INFO:root:[1,   150] grad_stats: [1.42e-03 9.80e-03] (1.10e-07, 5.40e+00)
INFO:root:[1,   200/ 2562] - train_losses - Parent Class: 5.7613 - Children class: 6.1721 -Autoencoder Loss (total): 643.6159 - Reconstruction/K-Means Loss: [0.0841 / 643.5319] - Consistency Loss: [0.0000] - VICReg Loss: [0.0000][wd: 5.00e-02] [lr: 8.76e-05] [autoencoder lr: 1.10e-04][mem: 6.64e+04] (1398.7 ms)
INFO:root:[1,   200] grad_stats: [7.57e-03 5.23e-03] (2.43e-06, 5.07e+00)
INFO:root:[1,   250/ 2562] - train_losses - Parent Class: 5.7389 - Children class: 6.1242 -Autoencoder Loss (total): 648.7210 - Reconstruction/K-Means Loss: [0.0761 / 648.6449] - Consistency Loss: [0.0000] - VICReg Loss: [0.0000][wd: 5.00e-02] [lr: 8.82e-05] [autoencoder lr: 1.13e-04][mem: 6.64e+04] (1424.9 ms)
INFO:root:[1,   250] grad_stats: [1.61e-01 4.17e-02] (3.60e-05, 5.45e+00)
INFO:root:[1,   300/ 2562] - train_losses - Parent Class: 5.7154 - Children class: 6.0833 -Autoencoder Loss (total): 652.1714 - Reconstruction/K-Means Loss: [0.0832 / 652.0882] - Consistency Loss: [0.0000] - VICReg Loss: [0.0000][wd: 5.00e-02] [lr: 8.89e-05] [autoencoder lr: 1.15e-04][mem: 6.64e+04] (1442.9 ms)
INFO:root:[1,   300] grad_stats: [1.28e-01 8.90e-03] (8.65e-04, 5.31e+00)
INFO:root:[1,   350/ 2562] - train_losses - Parent Class: 5.7012 - Children class: 6.0533 -Autoencoder Loss (total): 654.7288 - Reconstruction/K-Means Loss: [0.0747 / 654.6541] - Consistency Loss: [0.0000] - VICReg Loss: [0.0000][wd: 5.00e-02] [lr: 8.95e-05] [autoencoder lr: 1.18e-04][mem: 6.64e+04] (1456.9 ms)
INFO:root:[1,   350] grad_stats: [4.75e-01 1.60e-02] (6.26e-04, 5.21e+00)
INFO:root:[1,   400/ 2562] - train_losses - Parent Class: 5.6905 - Children class: 6.0311 -Autoencoder Loss (total): 656.7632 - Reconstruction/K-Means Loss: [0.0675 / 656.6957] - Consistency Loss: [0.0000] - VICReg Loss: [0.0000][wd: 5.00e-02] [lr: 9.02e-05] [autoencoder lr: 1.20e-04][mem: 6.64e+04] (1468.8 ms)
INFO:root:[1,   400] grad_stats: [2.02e-01 1.84e-02] (5.23e-04, 5.71e+00)
INFO:root:[1,   450/ 2562] - train_losses - Parent Class: 5.6779 - Children class: 6.0093 -Autoencoder Loss (total): 658.4147 - Reconstruction/K-Means Loss: [0.0630 / 658.3517] - Consistency Loss: [0.0000] - VICReg Loss: [0.0000][wd: 5.00e-02] [lr: 9.08e-05] [autoencoder lr: 1.23e-04][mem: 6.64e+04] (1478.6 ms)
INFO:root:[1,   450] grad_stats: [2.44e-01 1.28e-02] (7.48e-04, 5.20e+00)
INFO:root:[1,   500/ 2562] - train_losses - Parent Class: 5.6652 - Children class: 5.9891 -Autoencoder Loss (total): 659.6969 - Reconstruction/K-Means Loss: [0.0596 / 659.6373] - Consistency Loss: [0.0000] - VICReg Loss: [0.0000][wd: 5.00e-02] [lr: 9.15e-05] [autoencoder lr: 1.25e-04][mem: 6.64e+04] (1486.1 ms)
INFO:root:[1,   500] grad_stats: [2.89e-01 1.67e-02] (1.31e-03, 5.68e+00)
INFO:root:[1,   550/ 2562] - train_losses - Parent Class: 5.6533 - Children class: 5.9716 -Autoencoder Loss (total): 660.8929 - Reconstruction/K-Means Loss: [0.0556 / 660.8373] - Consistency Loss: [0.0000] - VICReg Loss: [0.0000][wd: 5.00e-02] [lr: 9.21e-05] [autoencoder lr: 1.28e-04][mem: 6.64e+04] (1492.9 ms)
INFO:root:[1,   550] grad_stats: [6.99e-01 2.21e-02] (2.05e-03, 5.36e+00)
INFO:root:[1,   600/ 2562] - train_losses - Parent Class: 5.6372 - Children class: 5.9517 -Autoencoder Loss (total): 661.9146 - Reconstruction/K-Means Loss: [0.0533 / 661.8612] - Consistency Loss: [0.0000] - VICReg Loss: [0.0000][wd: 5.00e-02] [lr: 9.27e-05] [autoencoder lr: 1.30e-04][mem: 6.64e+04] (1499.5 ms)
INFO:root:[1,   600] grad_stats: [7.78e-01 3.34e-02] (1.94e-03, 5.57e+00)
INFO:root:[1,   650/ 2562] - train_losses - Parent Class: 5.6254 - Children class: 5.9365 -Autoencoder Loss (total): 662.7368 - Reconstruction/K-Means Loss: [0.0522 / 662.6846] - Consistency Loss: [0.0000] - VICReg Loss: [0.0000][wd: 5.00e-02] [lr: 9.34e-05] [autoencoder lr: 1.33e-04][mem: 6.64e+04] (1504.9 ms)
INFO:root:[1,   650] grad_stats: [7.90e-01 2.45e-02] (3.52e-03, 5.24e+00)
INFO:root:[1,   700/ 2562] - train_losses - Parent Class: 5.6153 - Children class: 5.9233 -Autoencoder Loss (total): 663.4614 - Reconstruction/K-Means Loss: [0.0504 / 663.4111] - Consistency Loss: [0.0000] - VICReg Loss: [0.0000][wd: 5.00e-02] [lr: 9.40e-05] [autoencoder lr: 1.36e-04][mem: 6.64e+04] (1509.4 ms)
INFO:root:[1,   700] grad_stats: [4.24e-01 3.65e-02] (4.20e-03, 5.73e+00)
INFO:root:[1,   750/ 2562] - train_losses - Parent Class: 5.6017 - Children class: 5.9068 -Autoencoder Loss (total): 664.0873 - Reconstruction/K-Means Loss: [0.0482 / 664.0391] - Consistency Loss: [0.0000] - VICReg Loss: [0.0000][wd: 5.00e-02] [lr: 9.47e-05] [autoencoder lr: 1.38e-04][mem: 6.64e+04] (1513.8 ms)
INFO:root:[1,   750] grad_stats: [1.02e+00 3.96e-02] (5.12e-03, 5.57e+00)
INFO:root:[1,   800/ 2562] - train_losses - Parent Class: 5.5892 - Children class: 5.8916 -Autoencoder Loss (total): 664.6326 - Reconstruction/K-Means Loss: [0.0463 / 664.5863] - Consistency Loss: [0.0000] - VICReg Loss: [0.0000][wd: 5.00e-02] [lr: 9.53e-05] [autoencoder lr: 1.41e-04][mem: 6.64e+04] (1517.4 ms)
INFO:root:[1,   800] grad_stats: [7.20e-01 2.34e-02] (2.51e-03, 5.33e+00)
INFO:root:[1,   850/ 2562] - train_losses - Parent Class: 5.5762 - Children class: 5.8762 -Autoencoder Loss (total): 665.1600 - Reconstruction/K-Means Loss: [0.0447 / 665.1153] - Consistency Loss: [0.0000] - VICReg Loss: [0.0000][wd: 5.00e-02] [lr: 9.60e-05] [autoencoder lr: 1.43e-04][mem: 6.64e+04] (1520.9 ms)
INFO:root:[1,   850] grad_stats: [7.84e-01 2.94e-02] (4.94e-03, 5.41e+00)
INFO:root:[1,   900/ 2562] - train_losses - Parent Class: 5.5644 - Children class: 5.8627 -Autoencoder Loss (total): 665.6464 - Reconstruction/K-Means Loss: [0.0433 / 665.6031] - Consistency Loss: [0.0000] - VICReg Loss: [0.0000][wd: 5.00e-02] [lr: 9.66e-05] [autoencoder lr: 1.46e-04][mem: 6.64e+04] (1524.5 ms)
INFO:root:[1,   900] grad_stats: [4.92e-01 3.76e-02] (6.89e-03, 5.20e+00)
INFO:root:[1,   950/ 2562] - train_losses - Parent Class: 5.5519 - Children class: 5.8483 -Autoencoder Loss (total): 666.0662 - Reconstruction/K-Means Loss: [0.0423 / 666.0239] - Consistency Loss: [0.0000] - VICReg Loss: [0.0000][wd: 5.00e-02] [lr: 9.72e-05] [autoencoder lr: 1.48e-04][mem: 6.64e+04] (1527.9 ms)
INFO:root:[1,   950] grad_stats: [7.02e-01 5.45e-02] (5.53e-03, 5.04e+00)
INFO:root:[1,  1000/ 2562] - train_losses - Parent Class: 5.5392 - Children class: 5.8333 -Autoencoder Loss (total): 666.4515 - Reconstruction/K-Means Loss: [0.0419 / 666.4096] - Consistency Loss: [0.0000] - VICReg Loss: [0.0000][wd: 5.00e-02] [lr: 9.79e-05] [autoencoder lr: 1.51e-04][mem: 6.64e+04] (1532.0 ms)
INFO:root:[1,  1000] grad_stats: [7.35e-01 5.12e-02] (7.83e-03, 5.38e+00)
INFO:root:[1,  1050/ 2562] - train_losses - Parent Class: 5.5275 - Children class: 5.8199 -Autoencoder Loss (total): 666.8110 - Reconstruction/K-Means Loss: [0.0419 / 666.7691] - Consistency Loss: [0.0000] - VICReg Loss: [0.0000][wd: 5.00e-02] [lr: 9.85e-05] [autoencoder lr: 1.53e-04][mem: 6.64e+04] (1535.6 ms)
INFO:root:[1,  1050] grad_stats: [5.36e-01 5.13e-02] (4.91e-03, 5.40e+00)
INFO:root:[1,  1100/ 2562] - train_losses - Parent Class: 5.5145 - Children class: 5.8054 -Autoencoder Loss (total): 667.1091 - Reconstruction/K-Means Loss: [0.0417 / 667.0674] - Consistency Loss: [0.0000] - VICReg Loss: [0.0000][wd: 5.00e-02] [lr: 9.92e-05] [autoencoder lr: 1.56e-04][mem: 6.64e+04] (1538.5 ms)
INFO:root:[1,  1100] grad_stats: [8.02e-01 5.95e-02] (7.38e-03, 5.73e+00)
INFO:root:[1,  1150/ 2562] - train_losses - Parent Class: 5.5041 - Children class: 5.7935 -Autoencoder Loss (total): 667.3930 - Reconstruction/K-Means Loss: [0.0412 / 667.3518] - Consistency Loss: [0.0000] - VICReg Loss: [0.0000][wd: 5.00e-02] [lr: 9.98e-05] [autoencoder lr: 1.58e-04][mem: 6.64e+04] (1541.2 ms)
INFO:root:[1,  1150] grad_stats: [5.43e-01 3.67e-02] (4.72e-03, 5.63e+00)
INFO:root:[1,  1200/ 2562] - train_losses - Parent Class: 5.4942 - Children class: 5.7823 -Autoencoder Loss (total): 667.6621 - Reconstruction/K-Means Loss: [0.0407 / 667.6214] - Consistency Loss: [0.0000] - VICReg Loss: [0.0000][wd: 5.00e-02] [lr: 1.00e-04] [autoencoder lr: 1.61e-04][mem: 6.64e+04] (1544.3 ms)
INFO:root:[1,  1200] grad_stats: [8.76e-01 4.75e-02] (7.04e-03, 5.11e+00)
INFO:root:[1,  1250/ 2562] - train_losses - Parent Class: 5.4838 - Children class: 5.7706 -Autoencoder Loss (total): 667.9056 - Reconstruction/K-Means Loss: [0.0404 / 667.8651] - Consistency Loss: [0.0000] - VICReg Loss: [0.0000][wd: 5.00e-02] [lr: 1.01e-04] [autoencoder lr: 1.63e-04][mem: 6.64e+04] (1547.4 ms)
INFO:root:[1,  1250] grad_stats: [9.21e-01 5.95e-02] (8.37e-03, 4.98e+00)
INFO:root:[1,  1300/ 2562] - train_losses - Parent Class: 5.4738 - Children class: 5.7593 -Autoencoder Loss (total): 668.1401 - Reconstruction/K-Means Loss: [0.0403 / 668.0998] - Consistency Loss: [0.0000] - VICReg Loss: [0.0000][wd: 5.00e-02] [lr: 1.02e-04] [autoencoder lr: 1.66e-04][mem: 6.64e+04] (1550.8 ms)
INFO:root:[1,  1300] grad_stats: [7.57e-01 6.13e-02] (9.48e-03, 5.08e+00)
INFO:root:[1,  1350/ 2562] - train_losses - Parent Class: 5.4618 - Children class: 5.7460 -Autoencoder Loss (total): 668.3522 - Reconstruction/K-Means Loss: [0.0400 / 668.3122] - Consistency Loss: [0.0000] - VICReg Loss: [0.0000][wd: 5.00e-02] [lr: 1.02e-04] [autoencoder lr: 1.69e-04][mem: 6.64e+04] (1553.5 ms)
INFO:root:[1,  1350] grad_stats: [8.75e-01 5.74e-02] (6.56e-03, 5.33e+00)
INFO:root:[1,  1400/ 2562] - train_losses - Parent Class: 5.4530 - Children class: 5.7359 -Autoencoder Loss (total): 668.5516 - Reconstruction/K-Means Loss: [0.0396 / 668.5119] - Consistency Loss: [0.0000] - VICReg Loss: [0.0000][wd: 5.00e-02] [lr: 1.03e-04] [autoencoder lr: 1.71e-04][mem: 6.64e+04] (1556.2 ms)
INFO:root:[1,  1400] grad_stats: [7.21e-01 7.66e-02] (1.28e-02, 5.80e+00)
INFO:root:[1,  1450/ 2562] - train_losses - Parent Class: 5.4503 - Children class: 5.7321 -Autoencoder Loss (total): 668.7338 - Reconstruction/K-Means Loss: [0.0405 / 668.6933] - Consistency Loss: [0.0000] - VICReg Loss: [0.0000][wd: 5.00e-02] [lr: 1.04e-04] [autoencoder lr: 1.74e-04][mem: 6.64e+04] (1559.2 ms)
INFO:root:[1,  1450] grad_stats: [3.12e+00 4.63e-02] (1.06e-02, 5.76e+00)
INFO:root:[1,  1500/ 2562] - train_losses - Parent Class: 5.4542 - Children class: 5.7346 -Autoencoder Loss (total): 668.9119 - Reconstruction/K-Means Loss: [0.0415 / 668.8704] - Consistency Loss: [0.0000] - VICReg Loss: [0.0000][wd: 5.01e-02] [lr: 1.04e-04] [autoencoder lr: 1.76e-04][mem: 6.64e+04] (1562.1 ms)
INFO:root:[1,  1500] grad_stats: [8.71e-01 4.06e-02] (6.85e-03, 5.13e+00)
INFO:root:[1,  1550/ 2562] - train_losses - Parent Class: 5.4560 - Children class: 5.7351 -Autoencoder Loss (total): 669.0740 - Reconstruction/K-Means Loss: [0.0414 / 669.0325] - Consistency Loss: [0.0000] - VICReg Loss: [0.0000][wd: 5.01e-02] [lr: 1.05e-04] [autoencoder lr: 1.79e-04][mem: 6.64e+04] (1564.8 ms)
INFO:root:[1,  1550] grad_stats: [8.51e-01 3.94e-02] (5.41e-03, 5.27e+00)
INFO:root:[1,  1600/ 2562] - train_losses - Parent Class: 5.4569 - Children class: 5.7350 -Autoencoder Loss (total): 669.2267 - Reconstruction/K-Means Loss: [0.0411 / 669.1856] - Consistency Loss: [0.0000] - VICReg Loss: [0.0000][wd: 5.01e-02] [lr: 1.06e-04] [autoencoder lr: 1.81e-04][mem: 6.64e+04] (1567.8 ms)
INFO:root:[1,  1600] grad_stats: [2.97e+01 4.08e-02] (4.51e-03, 6.01e+01)
INFO:root:[1,  1650/ 2562] - train_losses - Parent Class: 5.4559 - Children class: 5.7328 -Autoencoder Loss (total): 669.3626 - Reconstruction/K-Means Loss: [0.0407 / 669.3218] - Consistency Loss: [0.0000] - VICReg Loss: [0.0000][wd: 5.01e-02] [lr: 1.06e-04] [autoencoder lr: 1.84e-04][mem: 6.64e+04] (1570.9 ms)
INFO:root:[1,  1650] grad_stats: [7.50e-01 6.12e-02] (1.12e-02, 5.37e+00)
INFO:root:[1,  1700/ 2562] - train_losses - Parent Class: 5.4548 - Children class: 5.7311 -Autoencoder Loss (total): 669.5016 - Reconstruction/K-Means Loss: [0.0408 / 669.4609] - Consistency Loss: [0.0000] - VICReg Loss: [0.0000][wd: 5.01e-02] [lr: 1.07e-04] [autoencoder lr: 1.86e-04][mem: 6.64e+04] (1573.6 ms)
INFO:root:[1,  1700] grad_stats: [1.18e+00 4.43e-02] (8.22e-03, 4.84e+00)
INFO:root:[1,  1750/ 2562] - train_losses - Parent Class: 5.4523 - Children class: 5.7276 -Autoencoder Loss (total): 669.6337 - Reconstruction/K-Means Loss: [0.0409 / 669.5928] - Consistency Loss: [0.0000] - VICReg Loss: [0.0000][wd: 5.01e-02] [lr: 1.08e-04] [autoencoder lr: 1.89e-04][mem: 6.64e+04] (1576.4 ms)
INFO:root:[1,  1750] grad_stats: [5.64e-01 5.44e-02] (1.34e-02, 5.04e+00)
INFO:root:[1,  1800/ 2562] - train_losses - Parent Class: 5.4491 - Children class: 5.7235 -Autoencoder Loss (total): 669.7590 - Reconstruction/K-Means Loss: [0.0407 / 669.7182] - Consistency Loss: [0.0000] - VICReg Loss: [0.0000][wd: 5.01e-02] [lr: 1.08e-04] [autoencoder lr: 1.91e-04][mem: 6.64e+04] (1579.0 ms)
INFO:root:[1,  1800] grad_stats: [7.97e-01 5.69e-02] (1.36e-02, 4.97e+00)
INFO:root:[1,  1850/ 2562] - train_losses - Parent Class: 5.4453 - Children class: 5.7187 -Autoencoder Loss (total): 669.8772 - Reconstruction/K-Means Loss: [0.0405 / 669.8366] - Consistency Loss: [0.0000] - VICReg Loss: [0.0000][wd: 5.01e-02] [lr: 1.09e-04] [autoencoder lr: 1.94e-04][mem: 6.64e+04] (1581.9 ms)
INFO:root:[1,  1850] grad_stats: [9.06e-01 9.50e-02] (1.70e-02, 5.50e+00)
INFO:root:[1,  1900/ 2562] - train_losses - Parent Class: 5.4404 - Children class: 5.7129 -Autoencoder Loss (total): 669.9878 - Reconstruction/K-Means Loss: [0.0404 / 669.9474] - Consistency Loss: [0.0000] - VICReg Loss: [0.0000][wd: 5.01e-02] [lr: 1.09e-04] [autoencoder lr: 1.96e-04][mem: 6.64e+04] (1584.6 ms)
INFO:root:[1,  1900] grad_stats: [6.35e-01 9.21e-02] (1.20e-02, 4.97e+00)
INFO:root:[1,  1950/ 2562] - train_losses - Parent Class: 5.4354 - Children class: 5.7071 -Autoencoder Loss (total): 670.0892 - Reconstruction/K-Means Loss: [0.0403 / 670.0490] - Consistency Loss: [0.0000] - VICReg Loss: [0.0000][wd: 5.01e-02] [lr: 1.10e-04] [autoencoder lr: 1.99e-04][mem: 6.64e+04] (1587.1 ms)
INFO:root:[1,  1950] grad_stats: [7.46e-01 7.82e-02] (1.56e-02, 5.03e+00)
INFO:root:[1,  2000/ 2562] - train_losses - Parent Class: 5.4298 - Children class: 5.7005 -Autoencoder Loss (total): 670.1832 - Reconstruction/K-Means Loss: [0.0400 / 670.1431] - Consistency Loss: [0.0000] - VICReg Loss: [0.0000][wd: 5.01e-02] [lr: 1.11e-04] [autoencoder lr: 2.02e-04][mem: 6.64e+04] (1589.9 ms)
INFO:root:[1,  2000] grad_stats: [8.73e-01 7.77e-02] (1.50e-02, 5.31e+00)
INFO:root:[1,  2050/ 2562] - train_losses - Parent Class: 5.4243 - Children class: 5.6940 -Autoencoder Loss (total): 670.2726 - Reconstruction/K-Means Loss: [0.0399 / 670.2327] - Consistency Loss: [0.0000] - VICReg Loss: [0.0000][wd: 5.01e-02] [lr: 1.11e-04] [autoencoder lr: 2.04e-04][mem: 6.64e+04] (1592.5 ms)
INFO:root:[1,  2050] grad_stats: [8.87e-01 7.39e-02] (1.82e-02, 5.08e+00)
INFO:root:[1,  2100/ 2562] - train_losses - Parent Class: 5.4185 - Children class: 5.6874 -Autoencoder Loss (total): 670.3607 - Reconstruction/K-Means Loss: [0.0397 / 670.3210] - Consistency Loss: [0.0000] - VICReg Loss: [0.0000][wd: 5.01e-02] [lr: 1.12e-04] [autoencoder lr: 2.07e-04][mem: 6.64e+04] (1595.5 ms)
INFO:root:[1,  2100] grad_stats: [5.03e-01 6.96e-02] (1.70e-02, 5.19e+00)
INFO:root:[1,  2150/ 2562] - train_losses - Parent Class: 5.4129 - Children class: 5.6811 -Autoencoder Loss (total): 670.4462 - Reconstruction/K-Means Loss: [0.0398 / 670.4065] - Consistency Loss: [0.0000] - VICReg Loss: [0.0000][wd: 5.01e-02] [lr: 1.13e-04] [autoencoder lr: 2.09e-04][mem: 6.64e+04] (1598.2 ms)
INFO:root:[1,  2150] grad_stats: [5.97e-01 8.42e-02] (1.07e-02, 5.13e+00)
INFO:root:[1,  2200/ 2562] - train_losses - Parent Class: 5.4072 - Children class: 5.6746 -Autoencoder Loss (total): 670.5242 - Reconstruction/K-Means Loss: [0.0398 / 670.4845] - Consistency Loss: [0.0000] - VICReg Loss: [0.0000][wd: 5.01e-02] [lr: 1.13e-04] [autoencoder lr: 2.12e-04][mem: 6.64e+04] (1600.9 ms)
INFO:root:[1,  2200] grad_stats: [6.96e-01 8.12e-02] (2.02e-02, 4.88e+00)
INFO:root:[1,  2250/ 2562] - train_losses - Parent Class: 5.4006 - Children class: 5.6671 -Autoencoder Loss (total): 670.6028 - Reconstruction/K-Means Loss: [0.0399 / 670.5629] - Consistency Loss: [0.0000] - VICReg Loss: [0.0000][wd: 5.01e-02] [lr: 1.14e-04] [autoencoder lr: 2.14e-04][mem: 6.64e+04] (1603.6 ms)
INFO:root:[1,  2250] grad_stats: [7.43e-01 8.25e-02] (1.34e-02, 4.87e+00)
INFO:root:[1,  2300/ 2562] - train_losses - Parent Class: 5.3943 - Children class: 5.6600 -Autoencoder Loss (total): 670.6676 - Reconstruction/K-Means Loss: [0.0400 / 670.6276] - Consistency Loss: [0.0000] - VICReg Loss: [0.0000][wd: 5.01e-02] [lr: 1.15e-04] [autoencoder lr: 2.17e-04][mem: 6.64e+04] (1606.5 ms)
INFO:root:[1,  2300] grad_stats: [5.97e-01 1.36e-01] (1.58e-02, 5.22e+00)
INFO:root:[1,  2350/ 2562] - train_losses - Parent Class: 5.3887 - Children class: 5.6536 -Autoencoder Loss (total): 670.7357 - Reconstruction/K-Means Loss: [0.0400 / 670.6957] - Consistency Loss: [0.0000] - VICReg Loss: [0.0000][wd: 5.01e-02] [lr: 1.15e-04] [autoencoder lr: 2.19e-04][mem: 6.64e+04] (1609.2 ms)
INFO:root:[1,  2350] grad_stats: [5.98e-01 1.19e-01] (1.49e-02, 5.05e+00)
INFO:root:[1,  2400/ 2562] - train_losses - Parent Class: 5.3836 - Children class: 5.6478 -Autoencoder Loss (total): 670.8025 - Reconstruction/K-Means Loss: [0.0399 / 670.7626] - Consistency Loss: [0.0000] - VICReg Loss: [0.0000][wd: 5.01e-02] [lr: 1.16e-04] [autoencoder lr: 2.22e-04][mem: 6.64e+04] (1611.8 ms)
INFO:root:[1,  2400] grad_stats: [8.26e-01 1.12e-01] (1.82e-02, 5.32e+00)
INFO:root:[1,  2450/ 2562] - train_losses - Parent Class: 5.3769 - Children class: 5.6406 -Autoencoder Loss (total): 670.8705 - Reconstruction/K-Means Loss: [0.0398 / 670.8307] - Consistency Loss: [0.0000] - VICReg Loss: [0.0000][wd: 5.01e-02] [lr: 1.17e-04] [autoencoder lr: 2.24e-04][mem: 6.64e+04] (1614.9 ms)
INFO:root:[1,  2450] grad_stats: [5.62e-01 8.54e-02] (1.30e-02, 5.08e+00)
INFO:root:[1,  2500/ 2562] - train_losses - Parent Class: 5.3699 - Children class: 5.6330 -Autoencoder Loss (total): 670.9286 - Reconstruction/K-Means Loss: [0.0398 / 670.8888] - Consistency Loss: [0.0000] - VICReg Loss: [0.0000][wd: 5.01e-02] [lr: 1.17e-04] [autoencoder lr: 2.27e-04][mem: 6.64e+04] (1617.7 ms)
INFO:root:[1,  2500] grad_stats: [5.98e-01 1.10e-01] (1.44e-02, 5.23e+00)
INFO:root:[1,  2550/ 2562] - train_losses - Parent Class: 5.3635 - Children class: 5.6261 -Autoencoder Loss (total): 670.9868 - Reconstruction/K-Means Loss: [0.0398 / 670.9470] - Consistency Loss: [0.0000] - VICReg Loss: [0.0000][wd: 5.02e-02] [lr: 1.18e-04] [autoencoder lr: 2.29e-04][mem: 6.64e+04] (1619.9 ms)
INFO:root:[1,  2550] grad_stats: [7.27e-01 9.99e-02] (1.66e-02, 5.06e+00)
INFO:root:Asserting cache length
Avg no of empty clusters: 7.6643990929705215
INFO:faiss.loader:Loading faiss with AVX2 support.
INFO:faiss.loader:Successfully loaded faiss with AVX2 support.
INFO:faiss.loader:Loading faiss with AVX2 support.
INFO:faiss.loader:Successfully loaded faiss with AVX2 support.
INFO:faiss.loader:Loading faiss with AVX2 support.
INFO:faiss.loader:Successfully loaded faiss with AVX2 support.
INFO:faiss.loader:Loading faiss with AVX2 support.
INFO:faiss.loader:Successfully loaded faiss with AVX2 support.
INFO:faiss.loader:Loading faiss with AVX2 support.
INFO:faiss.loader:Successfully loaded faiss with AVX2 support.
INFO:faiss.loader:Loading faiss with AVX2 support.
INFO:faiss.loader:Successfully loaded faiss with AVX2 support.
INFO:faiss.loader:Loading faiss with AVX2 support.
INFO:faiss.loader:Successfully loaded faiss with AVX2 support.
INFO:faiss.loader:Loading faiss with AVX2 support.
INFO:faiss.loader:Successfully loaded faiss with AVX2 support.
INFO:root:avg. train_loss 10.987
INFO:root:avg. test_loss 4.328 avg. Accuracy@1 16.784 - avg. Accuracy@5 37.552
INFO:root:Loss 10.3620
INFO:root:Epoch 2
INFO:faiss.loader:Loading faiss with AVX2 support.
INFO:faiss.loader:Successfully loaded faiss with AVX2 support.
INFO:faiss.loader:Loading faiss with AVX2 support.
INFO:faiss.loader:Successfully loaded faiss with AVX2 support.
INFO:faiss.loader:Loading faiss with AVX2 support.
INFO:faiss.loader:Successfully loaded faiss with AVX2 support.
INFO:faiss.loader:Loading faiss with AVX2 support.
INFO:faiss.loader:Successfully loaded faiss with AVX2 support.
INFO:faiss.loader:Loading faiss with AVX2 support.
INFO:faiss.loader:Successfully loaded faiss with AVX2 support.
INFO:faiss.loader:Loading faiss with AVX2 support.
INFO:faiss.loader:Successfully loaded faiss with AVX2 support.
INFO:faiss.loader:Loading faiss with AVX2 support.
INFO:faiss.loader:Successfully loaded faiss with AVX2 support.
INFO:faiss.loader:Loading faiss with AVX2 support.
INFO:faiss.loader:Successfully loaded faiss with AVX2 support.
INFO:root:[2,     0/ 2562] - train_losses - Parent Class: 4.7741 - Children class: 5.0159 -Autoencoder Loss (total): 240.0227 - Reconstruction/K-Means Loss: [0.0476 / 239.9750] - Consistency Loss: [0.0000] - VICReg Loss: [0.0000][wd: 5.02e-02] [lr: 1.18e-04] [autoencoder lr: 2.30e-04][mem: 6.64e+04] (2312.8 ms)
INFO:root:[2,     0] grad_stats: [7.36e-01 9.99e-02] (1.44e-02, 5.53e+00)
INFO:root:[2,    50/ 2562] - train_losses - Parent Class: 5.0109 - Children class: 5.2426 -Autoencoder Loss (total): 171.8998 - Reconstruction/K-Means Loss: [0.0521 / 171.8477] - Consistency Loss: [0.0000] - VICReg Loss: [0.0000][wd: 5.02e-02] [lr: 1.19e-04] [autoencoder lr: 2.33e-04][mem: 6.64e+04] (1249.5 ms)
INFO:root:[2,    50] grad_stats: [9.24e-01 9.49e-02] (1.87e-02, 4.86e+00)
INFO:root:[2,   100/ 2562] - train_losses - Parent Class: 5.0169 - Children class: 5.2496 -Autoencoder Loss (total): 172.1340 - Reconstruction/K-Means Loss: [0.0529 / 172.0811] - Consistency Loss: [0.0000] - VICReg Loss: [0.0000][wd: 5.02e-02] [lr: 1.19e-04] [autoencoder lr: 2.35e-04][mem: 6.64e+04] (1312.3 ms)
INFO:root:[2,   100] grad_stats: [6.48e-01 9.81e-02] (1.71e-02, 5.04e+00)
INFO:root:[2,   150/ 2562] - train_losses - Parent Class: 5.0083 - Children class: 5.2420 -Autoencoder Loss (total): 172.6854 - Reconstruction/K-Means Loss: [0.0538 / 172.6316] - Consistency Loss: [0.0000] - VICReg Loss: [0.0000][wd: 5.02e-02] [lr: 1.20e-04] [autoencoder lr: 2.38e-04][mem: 6.64e+04] (1366.7 ms)
INFO:root:[2,   150] grad_stats: [7.73e-01 9.75e-02] (1.75e-02, 4.96e+00)
INFO:root:[2,   200/ 2562] - train_losses - Parent Class: 5.0045 - Children class: 5.2368 -Autoencoder Loss (total): 173.1055 - Reconstruction/K-Means Loss: [0.0544 / 173.0511] - Consistency Loss: [0.0000] - VICReg Loss: [0.0000][wd: 5.02e-02] [lr: 1.21e-04] [autoencoder lr: 2.40e-04][mem: 6.64e+04] (1405.1 ms)
INFO:root:[2,   200] grad_stats: [7.60e-01 1.40e-01] (2.14e-02, 5.24e+00)
INFO:root:[2,   250/ 2562] - train_losses - Parent Class: 4.9983 - Children class: 5.2297 -Autoencoder Loss (total): 172.9657 - Reconstruction/K-Means Loss: [0.0559 / 172.9097] - Consistency Loss: [0.0000] - VICReg Loss: [0.0000][wd: 5.02e-02] [lr: 1.21e-04] [autoencoder lr: 2.43e-04][mem: 6.64e+04] (1430.7 ms)
INFO:root:[2,   250] grad_stats: [7.32e-01 1.12e-01] (1.28e-02, 5.07e+00)
INFO:root:[2,   300/ 2562] - train_losses - Parent Class: 4.9969 - Children class: 5.2272 -Autoencoder Loss (total): 173.5605 - Reconstruction/K-Means Loss: [0.0565 / 173.5040] - Consistency Loss: [0.0000] - VICReg Loss: [0.0000][wd: 5.02e-02] [lr: 1.22e-04] [autoencoder lr: 2.45e-04][mem: 6.64e+04] (1449.6 ms)
INFO:root:[2,   300] grad_stats: [6.73e-01 1.15e-01] (1.85e-02, 5.44e+00)
INFO:root:[2,   350/ 2562] - train_losses - Parent Class: 4.9921 - Children class: 5.2214 -Autoencoder Loss (total): 173.5823 - Reconstruction/K-Means Loss: [0.0569 / 173.5255] - Consistency Loss: [0.0000] - VICReg Loss: [0.0000][wd: 5.02e-02] [lr: 1.23e-04] [autoencoder lr: 2.48e-04][mem: 6.64e+04] (1465.1 ms)
INFO:root:[2,   350] grad_stats: [8.29e-01 1.12e-01] (2.63e-02, 4.91e+00)
INFO:root:[2,   400/ 2562] - train_losses - Parent Class: 4.9900 - Children class: 5.2195 -Autoencoder Loss (total): 173.9001 - Reconstruction/K-Means Loss: [0.0574 / 173.8427] - Consistency Loss: [0.0000] - VICReg Loss: [0.0000][wd: 5.02e-02] [lr: 1.23e-04] [autoencoder lr: 2.50e-04][mem: 6.64e+04] (1477.1 ms)
INFO:root:[2,   400] grad_stats: [5.45e-01 1.24e-01] (2.10e-02, 4.84e+00)
INFO:root:[2,   450/ 2562] - train_losses - Parent Class: 4.9868 - Children class: 5.2158 -Autoencoder Loss (total): 174.3781 - Reconstruction/K-Means Loss: [0.0573 / 174.3208] - Consistency Loss: [0.0000] - VICReg Loss: [0.0000][wd: 5.02e-02] [lr: 1.24e-04] [autoencoder lr: 2.53e-04][mem: 6.64e+04] (1487.3 ms)
INFO:root:[2,   450] grad_stats: [8.29e-01 1.34e-01] (1.89e-02, 5.26e+00)
INFO:root:[2,   500/ 2562] - train_losses - Parent Class: 4.9798 - Children class: 5.2080 -Autoencoder Loss (total): 174.5751 - Reconstruction/K-Means Loss: [0.0568 / 174.5183] - Consistency Loss: [0.0000] - VICReg Loss: [0.0000][wd: 5.02e-02] [lr: 1.24e-04] [autoencoder lr: 2.55e-04][mem: 6.64e+04] (1496.3 ms)
INFO:root:[2,   500] grad_stats: [6.80e-01 1.02e-01] (1.72e-02, 5.06e+00)
INFO:root:[2,   550/ 2562] - train_losses - Parent Class: 4.9777 - Children class: 5.2056 -Autoencoder Loss (total): 174.7758 - Reconstruction/K-Means Loss: [0.0565 / 174.7193] - Consistency Loss: [0.0000] - VICReg Loss: [0.0000][wd: 5.02e-02] [lr: 1.25e-04] [autoencoder lr: 2.58e-04][mem: 6.64e+04] (1503.9 ms)
INFO:root:[2,   550] grad_stats: [5.99e-01 1.04e-01] (1.43e-02, 5.23e+00)
INFO:root:[2,   600/ 2562] - train_losses - Parent Class: 4.9722 - Children class: 5.1996 -Autoencoder Loss (total): 174.8880 - Reconstruction/K-Means Loss: [0.0565 / 174.8316] - Consistency Loss: [0.0000] - VICReg Loss: [0.0000][wd: 5.02e-02] [lr: 1.26e-04] [autoencoder lr: 2.60e-04][mem: 6.64e+04] (1510.4 ms)
INFO:root:[2,   600] grad_stats: [7.01e-01 1.07e-01] (2.09e-02, 4.93e+00)
