INFO:faiss.loader:Loading faiss with AVX2 support.
INFO:faiss.loader:Successfully loaded faiss with AVX2 support.
INFO:faiss.loader:Loading faiss with AVX2 support.
INFO:faiss.loader:Successfully loaded faiss with AVX2 support.
INFO:root:called-params configs/in1k_vith14_ep300_FGDCC.yaml
INFO:root:loaded params...
{   'data': {   'batch_size': 96,
                'color_jitter_strength': 0.0,
                'crop_scale': [0.3, 1.0],
                'crop_size': 224,
                'cutmix': 0.0,
                'drop_path': 0.25,
                'image_folder': '/home/rtcalumby/adam/luciano/plantnet_300K/',
                'mixup': 0.0,
                'nb_classes': 1081,
                'num_workers': 16,
                'pin_mem': True,
                'reprob': 0.25,
                'resume_epoch': 0,
                'root_path': '/home/rtcalumby/adam/luciano/',
                'use_color_distortion': False,
                'use_gaussian_blur': False,
                'use_horizontal_flip': False},
    'logging': {   'folder': '/home/rtcalumby/adam/luciano/LifeCLEFPlant2022/logs/PlantNet300k_exp47',
                   'write_tag': 'jepa'},
    'mask': {   'allow_overlap': False,
                'aspect_ratio': [0.75, 1.5],
                'enc_mask_scale': [0.85, 1.0],
                'min_keep': 10,
                'num_enc_masks': 1,
                'num_pred_masks': 4,
                'patch_size': 14,
                'pred_mask_scale': [0.15, 0.2]},
    'meta': {   'copy_data': False,
                'load_checkpoint': True,
                'model_name': 'vit_huge',
                'pred_depth': 12,
                'pred_emb_dim': 384,
                'read_checkpoint': None,
                'use_bfloat16': True},
    'optimization': {   'ema': [0.9, 0.999],
                        'epochs': 50,
                        'final_lr': 1e-05,
                        'final_weight_decay': 0.4,
                        'ipe_scale': 1.0,
                        'label_smoothing': 0.1,
                        'lr': 0.00035,
                        'start_lr': 9e-05,
                        'warmup': 35,
                        'weight_decay': 0.05}}
INFO:root:Running... (rank: 0/1)
INFO:root:Initialized (rank/world-size) 0/1
INFO:root:making imagenet data transforms
INFO:root:making imagenet data transforms
INFO:root:Finetuning dataset created
INFO:root:PairedDataset created
Training dataset, length: 245952
INFO:root:Finetuning dataset created
Val dataset, length: 31200
INFO:root:Using AdamW
['encoder', 'predictor', 'opt', 'scaler', 'target_encoder', 'epoch', 'loss', 'batch_size', 'world_size', 'lr']
INFO:root:loaded pretrained encoder from epoch 66 with msg: <All keys matched successfully>
INFO:root:ClassificationHead(
  (classifier): Linear(in_features=1280, out_features=15134, bias=True)
)
INFO:root:Using AdamW
INFO:root:VisionTransformer(
  (patch_embed): PatchEmbed(
    (proj): Conv2d(3, 1280, kernel_size=(14, 14), stride=(14, 14))
  )
  (blocks): ModuleList(
    (0-31): 32 x Block(
      (norm1): LayerNorm((1280,), eps=1e-06, elementwise_affine=True)
      (attn): Attention(
        (qkv): Linear(in_features=1280, out_features=3840, bias=True)
        (attn_drop): Dropout(p=0.0, inplace=False)
        (proj): Linear(in_features=1280, out_features=1280, bias=True)
        (proj_drop): Dropout(p=0.0, inplace=False)
      )
      (drop_path): Identity()
      (norm2): LayerNorm((1280,), eps=1e-06, elementwise_affine=True)
      (mlp): MLP(
        (fc1): Linear(in_features=1280, out_features=5120, bias=True)
        (act): GELU(approximate='none')
        (fc2): Linear(in_features=5120, out_features=1280, bias=True)
        (drop): Dropout(p=0.0, inplace=False)
      )
    )
  )
  (norm): LayerNorm((1280,), eps=1e-06, elementwise_affine=True)
)
INFO:root:Setting up cache...
INFO:root:Done...
INFO:root:Initializing centroids...
INFO:root:Update Step...
/home/rtcalumby/miniconda3/envs/py382/lib/python3.12/site-packages/faiss/contrib/torch_utils.py:51: UserWarning: TypedStorage is deprecated. It will be removed in the future and UntypedStorage will be the only storage class. This should only matter to you if you are using storages directly.  To access UntypedStorage directly, use tensor.untyped_storage() instead of tensor.storage()
  x.storage().data_ptr() + x.storage_offset() * 4)
INFO:root:Epoch 1
INFO:faiss.loader:Loading faiss with AVX2 support.
INFO:faiss.loader:Successfully loaded faiss with AVX2 support.
INFO:faiss.loader:Loading faiss with AVX2 support.
INFO:faiss.loader:Successfully loaded faiss with AVX2 support.
INFO:faiss.loader:Loading faiss with AVX2 support.
INFO:faiss.loader:Successfully loaded faiss with AVX2 support.
INFO:faiss.loader:Loading faiss with AVX2 support.
INFO:faiss.loader:Successfully loaded faiss with AVX2 support.
INFO:faiss.loader:Loading faiss with AVX2 support.
INFO:faiss.loader:Successfully loaded faiss with AVX2 support.
INFO:faiss.loader:Loading faiss with AVX2 support.
INFO:faiss.loader:Successfully loaded faiss with AVX2 support.
INFO:faiss.loader:Loading faiss with AVX2 support.
INFO:faiss.loader:Successfully loaded faiss with AVX2 support.
INFO:faiss.loader:Loading faiss with AVX2 support.
INFO:faiss.loader:Successfully loaded faiss with AVX2 support.
INFO:faiss.loader:Loading faiss with AVX2 support.
INFO:faiss.loader:Successfully loaded faiss with AVX2 support.
INFO:faiss.loader:Loading faiss with AVX2 support.
INFO:faiss.loader:Successfully loaded faiss with AVX2 support.
INFO:faiss.loader:Loading faiss with AVX2 support.
INFO:faiss.loader:Successfully loaded faiss with AVX2 support.
INFO:faiss.loader:Loading faiss with AVX2 support.
INFO:faiss.loader:Successfully loaded faiss with AVX2 support.
INFO:faiss.loader:Loading faiss with AVX2 support.
INFO:faiss.loader:Successfully loaded faiss with AVX2 support.
INFO:faiss.loader:Loading faiss with AVX2 support.
INFO:faiss.loader:Successfully loaded faiss with AVX2 support.
INFO:faiss.loader:Loading faiss with AVX2 support.
INFO:faiss.loader:Successfully loaded faiss with AVX2 support.
INFO:faiss.loader:Loading faiss with AVX2 support.
INFO:faiss.loader:Successfully loaded faiss with AVX2 support.
INFO:root:[1,     0/ 2562] - train_losses - Parent Class: 0.0000 - Children class: 9.6247 -Autoencoder Loss (total): 154.5900 - Reconstruction/K-Means Loss: [0.0000 / 154.5900] - Consistency Loss: [0.0000] - VICReg Loss: [24.1417][wd: 5.00e-02] [lr: 9.00e-05] [autoencoder lr: 0.00e+00][mem: 6.12e+04] (3312.7 ms)
INFO:root:[1,     0] grad_stats: [2.19e+00 1.56e+01] (1.70e+00, 4.34e+01)
INFO:root:[1,    50/ 2562] - train_losses - Parent Class: 0.0000 - Children class: 8.1971 -Autoencoder Loss (total): 467.7835 - Reconstruction/K-Means Loss: [0.0000 / 467.7835] - Consistency Loss: [0.0000] - VICReg Loss: [22.7336][wd: 5.00e-02] [lr: 9.01e-05] [autoencoder lr: 0.00e+00][mem: 6.63e+04] (1455.1 ms)
INFO:root:[1,    50] grad_stats: [3.92e-01 5.37e-01] (2.13e-02, 3.87e+00)
INFO:root:[1,   100/ 2562] - train_losses - Parent Class: 0.0000 - Children class: 7.3694 -Autoencoder Loss (total): 504.7897 - Reconstruction/K-Means Loss: [0.0000 / 504.7897] - Consistency Loss: [0.0000] - VICReg Loss: [22.0705][wd: 5.00e-02] [lr: 9.03e-05] [autoencoder lr: 0.00e+00][mem: 6.63e+04] (1436.9 ms)
INFO:root:[1,   100] grad_stats: [1.74e-01 7.77e-01] (1.45e-02, 3.26e+00)
INFO:root:[1,   150/ 2562] - train_losses - Parent Class: 0.0000 - Children class: 7.0441 -Autoencoder Loss (total): 516.2260 - Reconstruction/K-Means Loss: [0.0000 / 516.2260] - Consistency Loss: [0.0000] - VICReg Loss: [21.5381][wd: 5.00e-02] [lr: 9.04e-05] [autoencoder lr: 0.00e+00][mem: 6.63e+04] (1433.6 ms)
INFO:root:[1,   150] grad_stats: [2.35e-01 1.31e+00] (3.17e-02, 4.77e+00)
INFO:root:[1,   200/ 2562] - train_losses - Parent Class: 0.0000 - Children class: 6.8905 -Autoencoder Loss (total): 527.0870 - Reconstruction/K-Means Loss: [0.0000 / 527.0870] - Consistency Loss: [0.0000] - VICReg Loss: [21.0872][wd: 5.00e-02] [lr: 9.06e-05] [autoencoder lr: 0.00e+00][mem: 6.63e+04] (1434.1 ms)
INFO:root:[1,   200] grad_stats: [3.09e-01 1.56e+00] (9.36e-02, 5.95e+00)
INFO:root:[1,   250/ 2562] - train_losses - Parent Class: 0.0000 - Children class: 6.8043 -Autoencoder Loss (total): 533.1187 - Reconstruction/K-Means Loss: [0.0000 / 533.1187] - Consistency Loss: [0.0000] - VICReg Loss: [20.6651][wd: 5.00e-02] [lr: 9.07e-05] [autoencoder lr: 0.00e+00][mem: 6.63e+04] (1437.6 ms)
INFO:root:[1,   250] grad_stats: [1.72e-01 1.52e+00] (8.14e-02, 4.80e+00)
INFO:root:[1,   300/ 2562] - train_losses - Parent Class: 0.0000 - Children class: 6.9102 -Autoencoder Loss (total): 538.1387 - Reconstruction/K-Means Loss: [0.0000 / 538.1387] - Consistency Loss: [0.0000] - VICReg Loss: [20.2562][wd: 5.00e-02] [lr: 9.09e-05] [autoencoder lr: 0.00e+00][mem: 6.63e+04] (1440.5 ms)
INFO:root:[1,   300] grad_stats: [2.02e-01 1.94e+00] (7.59e-02, 4.53e+00)
INFO:root:[1,   350/ 2562] - train_losses - Parent Class: 0.0000 - Children class: 6.9620 -Autoencoder Loss (total): 544.1314 - Reconstruction/K-Means Loss: [0.0000 / 544.1314] - Consistency Loss: [0.0000] - VICReg Loss: [19.8938][wd: 5.00e-02] [lr: 9.10e-05] [autoencoder lr: 0.00e+00][mem: 6.63e+04] (1443.7 ms)
INFO:root:[1,   350] grad_stats: [2.54e-01 1.75e+00] (1.12e-01, 5.62e+00)
INFO:root:[1,   400/ 2562] - train_losses - Parent Class: 0.0000 - Children class: 6.9330 -Autoencoder Loss (total): 548.2463 - Reconstruction/K-Means Loss: [0.0000 / 548.2463] - Consistency Loss: [0.0000] - VICReg Loss: [19.5717][wd: 5.00e-02] [lr: 9.12e-05] [autoencoder lr: 0.00e+00][mem: 6.63e+04] (1447.5 ms)
INFO:root:[1,   400] grad_stats: [5.37e-01 2.13e+00] (1.36e-01, 8.57e+00)
INFO:root:[1,   450/ 2562] - train_losses - Parent Class: 0.0000 - Children class: 6.8834 -Autoencoder Loss (total): 550.4818 - Reconstruction/K-Means Loss: [0.0000 / 550.4818] - Consistency Loss: [0.0000] - VICReg Loss: [19.2906][wd: 5.00e-02] [lr: 9.13e-05] [autoencoder lr: 0.00e+00][mem: 6.63e+04] (1451.6 ms)
INFO:root:[1,   450] grad_stats: [4.49e-01 2.10e+00] (1.14e-01, 6.66e+00)
INFO:root:[1,   500/ 2562] - train_losses - Parent Class: 0.0000 - Children class: 6.8564 -Autoencoder Loss (total): 552.8844 - Reconstruction/K-Means Loss: [0.0000 / 552.8844] - Consistency Loss: [0.0000] - VICReg Loss: [19.0342][wd: 5.00e-02] [lr: 9.15e-05] [autoencoder lr: 0.00e+00][mem: 6.63e+04] (1455.8 ms)
INFO:root:[1,   500] grad_stats: [4.38e-01 1.53e+00] (9.45e-02, 7.14e+00)
INFO:root:[1,   550/ 2562] - train_losses - Parent Class: 0.0000 - Children class: 6.8139 -Autoencoder Loss (total): 555.0094 - Reconstruction/K-Means Loss: [0.0000 / 555.0094] - Consistency Loss: [0.0000] - VICReg Loss: [18.8069][wd: 5.00e-02] [lr: 9.16e-05] [autoencoder lr: 0.00e+00][mem: 6.63e+04] (1460.3 ms)
INFO:root:[1,   550] grad_stats: [6.43e-01 2.81e+00] (1.40e-01, 9.54e+00)
INFO:root:[1,   600/ 2562] - train_losses - Parent Class: 0.0000 - Children class: 6.7751 -Autoencoder Loss (total): 555.8953 - Reconstruction/K-Means Loss: [0.0000 / 555.8953] - Consistency Loss: [0.0000] - VICReg Loss: [18.6028][wd: 5.00e-02] [lr: 9.17e-05] [autoencoder lr: 0.00e+00][mem: 6.63e+04] (1464.9 ms)
INFO:root:[1,   600] grad_stats: [4.31e-01 1.55e+00] (8.48e-02, 6.23e+00)
INFO:root:[1,   650/ 2562] - train_losses - Parent Class: 0.0000 - Children class: 6.7431 -Autoencoder Loss (total): 557.8631 - Reconstruction/K-Means Loss: [0.0000 / 557.8631] - Consistency Loss: [0.0000] - VICReg Loss: [18.4204][wd: 5.00e-02] [lr: 9.19e-05] [autoencoder lr: 0.00e+00][mem: 6.63e+04] (1469.5 ms)
INFO:root:[1,   650] grad_stats: [4.71e-01 1.57e+00] (1.07e-01, 7.24e+00)
INFO:root:[1,   700/ 2562] - train_losses - Parent Class: 0.0000 - Children class: 6.7055 -Autoencoder Loss (total): 559.1123 - Reconstruction/K-Means Loss: [0.0000 / 559.1123] - Consistency Loss: [0.0000] - VICReg Loss: [18.2537][wd: 5.00e-02] [lr: 9.20e-05] [autoencoder lr: 0.00e+00][mem: 6.63e+04] (1474.3 ms)
INFO:root:[1,   700] grad_stats: [4.52e-01 1.64e+00] (8.67e-02, 6.27e+00)
INFO:root:[1,   750/ 2562] - train_losses - Parent Class: 0.0000 - Children class: 6.6652 -Autoencoder Loss (total): 560.5209 - Reconstruction/K-Means Loss: [0.0000 / 560.5209] - Consistency Loss: [0.0000] - VICReg Loss: [18.1004][wd: 5.00e-02] [lr: 9.22e-05] [autoencoder lr: 0.00e+00][mem: 6.63e+04] (1479.2 ms)
INFO:root:[1,   750] grad_stats: [4.52e-01 1.56e+00] (1.02e-01, 5.81e+00)
INFO:root:[1,   800/ 2562] - train_losses - Parent Class: 0.0000 - Children class: 6.6316 -Autoencoder Loss (total): 562.1245 - Reconstruction/K-Means Loss: [0.0000 / 562.1245] - Consistency Loss: [0.0000] - VICReg Loss: [17.9609][wd: 5.00e-02] [lr: 9.23e-05] [autoencoder lr: 0.00e+00][mem: 6.63e+04] (1484.2 ms)
INFO:root:[1,   800] grad_stats: [5.54e-01 1.74e+00] (1.12e-01, 6.69e+00)
INFO:root:[1,   850/ 2562] - train_losses - Parent Class: 0.0000 - Children class: 6.6108 -Autoencoder Loss (total): 563.3862 - Reconstruction/K-Means Loss: [0.0000 / 563.3862] - Consistency Loss: [0.0000] - VICReg Loss: [17.8333][wd: 5.00e-02] [lr: 9.25e-05] [autoencoder lr: 0.00e+00][mem: 6.63e+04] (1488.6 ms)
INFO:root:[1,   850] grad_stats: [5.32e-01 1.63e+00] (1.12e-01, 7.16e+00)
INFO:root:[1,   900/ 2562] - train_losses - Parent Class: 0.0000 - Children class: 6.6023 -Autoencoder Loss (total): 564.1040 - Reconstruction/K-Means Loss: [0.0000 / 564.1040] - Consistency Loss: [0.0000] - VICReg Loss: [17.7153][wd: 5.00e-02] [lr: 9.26e-05] [autoencoder lr: 0.00e+00][mem: 6.63e+04] (1493.4 ms)
INFO:root:[1,   900] grad_stats: [5.48e-01 1.82e+00] (1.06e-01, 6.66e+00)
INFO:root:[1,   950/ 2562] - train_losses - Parent Class: 0.0000 - Children class: 6.5854 -Autoencoder Loss (total): 564.8303 - Reconstruction/K-Means Loss: [0.0000 / 564.8303] - Consistency Loss: [0.0000] - VICReg Loss: [17.6038][wd: 5.00e-02] [lr: 9.28e-05] [autoencoder lr: 0.00e+00][mem: 6.63e+04] (1498.1 ms)
INFO:root:[1,   950] grad_stats: [8.77e-01 1.70e+00] (1.32e-01, 1.08e+01)
INFO:root:[1,  1000/ 2562] - train_losses - Parent Class: 0.0000 - Children class: 6.5771 -Autoencoder Loss (total): 565.3581 - Reconstruction/K-Means Loss: [0.0000 / 565.3581] - Consistency Loss: [0.0000] - VICReg Loss: [17.5054][wd: 5.01e-02] [lr: 9.29e-05] [autoencoder lr: 0.00e+00][mem: 6.63e+04] (1502.8 ms)
INFO:root:[1,  1000] grad_stats: [9.60e-01 1.56e+00] (1.34e-01, 8.22e+00)
INFO:root:[1,  1050/ 2562] - train_losses - Parent Class: 0.0000 - Children class: 6.5631 -Autoencoder Loss (total): 565.9830 - Reconstruction/K-Means Loss: [0.0000 / 565.9830] - Consistency Loss: [0.0000] - VICReg Loss: [17.4169][wd: 5.01e-02] [lr: 9.30e-05] [autoencoder lr: 0.00e+00][mem: 6.63e+04] (1507.4 ms)
INFO:root:[1,  1050] grad_stats: [9.18e-01 1.39e+00] (1.19e-01, 9.00e+00)
INFO:root:[1,  1100/ 2562] - train_losses - Parent Class: 0.0000 - Children class: 6.5395 -Autoencoder Loss (total): 566.4652 - Reconstruction/K-Means Loss: [0.0000 / 566.4652] - Consistency Loss: [0.0000] - VICReg Loss: [17.3305][wd: 5.01e-02] [lr: 9.32e-05] [autoencoder lr: 0.00e+00][mem: 6.63e+04] (1512.5 ms)
INFO:root:[1,  1100] grad_stats: [7.96e-01 1.46e+00] (1.40e-01, 1.04e+01)
INFO:root:[1,  1150/ 2562] - train_losses - Parent Class: 0.0000 - Children class: 6.5263 -Autoencoder Loss (total): 567.2856 - Reconstruction/K-Means Loss: [0.0000 / 567.2856] - Consistency Loss: [0.0000] - VICReg Loss: [17.2569][wd: 5.01e-02] [lr: 9.33e-05] [autoencoder lr: 0.00e+00][mem: 6.63e+04] (1517.6 ms)
INFO:root:[1,  1150] grad_stats: [1.10e+00 1.44e+00] (1.76e-01, 1.30e+01)
INFO:root:[1,  1200/ 2562] - train_losses - Parent Class: 0.0000 - Children class: 6.5178 -Autoencoder Loss (total): 567.9958 - Reconstruction/K-Means Loss: [0.0000 / 567.9958] - Consistency Loss: [0.0000] - VICReg Loss: [17.1873][wd: 5.01e-02] [lr: 9.35e-05] [autoencoder lr: 0.00e+00][mem: 6.63e+04] (1522.7 ms)
INFO:root:[1,  1200] grad_stats: [4.14e+00 1.68e+00] (1.86e-01, 5.52e+01)
INFO:root:[1,  1250/ 2562] - train_losses - Parent Class: 0.0000 - Children class: 6.5138 -Autoencoder Loss (total): 568.7920 - Reconstruction/K-Means Loss: [0.0000 / 568.7920] - Consistency Loss: [0.0000] - VICReg Loss: [17.1445][wd: 5.01e-02] [lr: 9.36e-05] [autoencoder lr: 0.00e+00][mem: 6.63e+04] (1527.4 ms)
INFO:root:[1,  1250] grad_stats: [2.55e+00 2.36e+00] (2.10e-01, 9.48e+00)
INFO:root:[1,  1300/ 2562] - train_losses - Parent Class: 0.0000 - Children class: 6.5088 -Autoencoder Loss (total): 569.3028 - Reconstruction/K-Means Loss: [0.0000 / 569.3028] - Consistency Loss: [0.0000] - VICReg Loss: [17.0954][wd: 5.01e-02] [lr: 9.38e-05] [autoencoder lr: 0.00e+00][mem: 6.63e+04] (1532.1 ms)
INFO:root:[1,  1300] grad_stats: [1.75e+00 1.36e+00] (1.82e-01, 1.09e+01)
INFO:root:[1,  1350/ 2562] - train_losses - Parent Class: 0.0000 - Children class: 6.4991 -Autoencoder Loss (total): 569.7270 - Reconstruction/K-Means Loss: [0.0000 / 569.7270] - Consistency Loss: [0.0000] - VICReg Loss: [17.0414][wd: 5.01e-02] [lr: 9.39e-05] [autoencoder lr: 0.00e+00][mem: 6.63e+04] (1537.1 ms)
INFO:root:[1,  1350] grad_stats: [2.85e+00 1.48e+00] (1.78e-01, 1.52e+01)
INFO:root:[1,  1400/ 2562] - train_losses - Parent Class: 0.0000 - Children class: 6.4856 -Autoencoder Loss (total): 570.1822 - Reconstruction/K-Means Loss: [0.0000 / 570.1822] - Consistency Loss: [0.0000] - VICReg Loss: [16.9898][wd: 5.01e-02] [lr: 9.41e-05] [autoencoder lr: 0.00e+00][mem: 6.63e+04] (1542.3 ms)
INFO:root:[1,  1400] grad_stats: [1.24e+00 1.23e+00] (1.01e-01, 6.85e+00)
INFO:root:[1,  1450/ 2562] - train_losses - Parent Class: 0.0000 - Children class: 6.4689 -Autoencoder Loss (total): 570.3884 - Reconstruction/K-Means Loss: [0.0000 / 570.3884] - Consistency Loss: [0.0000] - VICReg Loss: [16.9424][wd: 5.01e-02] [lr: 9.42e-05] [autoencoder lr: 0.00e+00][mem: 6.63e+04] (1548.2 ms)
INFO:root:[1,  1450] grad_stats: [2.33e+00 1.44e+00] (3.13e-01, 1.82e+01)
INFO:root:[1,  1500/ 2562] - train_losses - Parent Class: 0.0000 - Children class: 6.4582 -Autoencoder Loss (total): 570.4885 - Reconstruction/K-Means Loss: [0.0000 / 570.4885] - Consistency Loss: [0.0000] - VICReg Loss: [16.9726][wd: 5.01e-02] [lr: 9.44e-05] [autoencoder lr: 0.00e+00][mem: 6.63e+04] (1553.8 ms)
INFO:root:[1,  1500] grad_stats: [2.35e+00 1.56e+00] (1.32e-01, 8.70e+00)
INFO:root:[1,  1550/ 2562] - train_losses - Parent Class: 0.0000 - Children class: 6.4554 -Autoencoder Loss (total): 570.5350 - Reconstruction/K-Means Loss: [0.0000 / 570.5350] - Consistency Loss: [0.0000] - VICReg Loss: [16.9879][wd: 5.01e-02] [lr: 9.45e-05] [autoencoder lr: 0.00e+00][mem: 6.63e+04] (1559.1 ms)
INFO:root:[1,  1550] grad_stats: [6.90e+00 1.46e+00] (2.40e-01, 3.33e+01)
INFO:root:[1,  1600/ 2562] - train_losses - Parent Class: 0.0000 - Children class: 6.4523 -Autoencoder Loss (total): 570.8139 - Reconstruction/K-Means Loss: [0.0000 / 570.8139] - Consistency Loss: [0.0000] - VICReg Loss: [16.9621][wd: 5.01e-02] [lr: 9.46e-05] [autoencoder lr: 0.00e+00][mem: 6.63e+04] (1564.5 ms)
INFO:root:[1,  1600] grad_stats: [3.57e+00 1.50e+00] (2.46e-01, 1.37e+01)
INFO:root:[1,  1650/ 2562] - train_losses - Parent Class: 0.0000 - Children class: 6.4474 -Autoencoder Loss (total): 571.1473 - Reconstruction/K-Means Loss: [0.0000 / 571.1473] - Consistency Loss: [0.0000] - VICReg Loss: [16.9303][wd: 5.01e-02] [lr: 9.48e-05] [autoencoder lr: 0.00e+00][mem: 6.63e+04] (1569.4 ms)
INFO:root:[1,  1650] grad_stats: [4.00e+00 1.93e+00] (3.87e-01, 2.05e+01)
INFO:root:[1,  1700/ 2562] - train_losses - Parent Class: 0.0000 - Children class: 6.4430 -Autoencoder Loss (total): 571.5014 - Reconstruction/K-Means Loss: [0.0000 / 571.5014] - Consistency Loss: [0.0000] - VICReg Loss: [16.9317][wd: 5.02e-02] [lr: 9.49e-05] [autoencoder lr: 0.00e+00][mem: 6.63e+04] (1574.7 ms)
INFO:root:[1,  1700] grad_stats: [7.31e+00 1.26e+00] (3.88e-01, 3.29e+01)
INFO:root:[1,  1750/ 2562] - train_losses - Parent Class: 0.0000 - Children class: 6.4428 -Autoencoder Loss (total): 571.6787 - Reconstruction/K-Means Loss: [0.0000 / 571.6787] - Consistency Loss: [0.0000] - VICReg Loss: [16.9289][wd: 5.02e-02] [lr: 9.51e-05] [autoencoder lr: 0.00e+00][mem: 6.63e+04] (1580.1 ms)
INFO:root:[1,  1750] grad_stats: [4.11e+00 1.19e+00] (2.36e-01, 1.13e+01)
INFO:root:[1,  1800/ 2562] - train_losses - Parent Class: 0.0000 - Children class: 6.4405 -Autoencoder Loss (total): 571.9656 - Reconstruction/K-Means Loss: [0.0000 / 571.9656] - Consistency Loss: [0.0000] - VICReg Loss: [16.9191][wd: 5.02e-02] [lr: 9.52e-05] [autoencoder lr: 0.00e+00][mem: 6.63e+04] (1585.3 ms)
INFO:root:[1,  1800] grad_stats: [5.11e+00 1.57e+00] (3.82e-01, 2.01e+01)
INFO:root:[1,  1850/ 2562] - train_losses - Parent Class: 0.0000 - Children class: 6.4358 -Autoencoder Loss (total): 571.7861 - Reconstruction/K-Means Loss: [0.0000 / 571.7861] - Consistency Loss: [0.0000] - VICReg Loss: [16.9256][wd: 5.02e-02] [lr: 9.54e-05] [autoencoder lr: 0.00e+00][mem: 6.63e+04] (1590.5 ms)
INFO:root:[1,  1850] grad_stats: [5.47e+00 1.52e+00] (2.99e-01, 2.27e+01)
INFO:root:[1,  1900/ 2562] - train_losses - Parent Class: 0.0000 - Children class: 6.4306 -Autoencoder Loss (total): 572.0397 - Reconstruction/K-Means Loss: [0.0000 / 572.0397] - Consistency Loss: [0.0000] - VICReg Loss: [16.9546][wd: 5.02e-02] [lr: 9.55e-05] [autoencoder lr: 0.00e+00][mem: 6.63e+04] (1595.9 ms)
INFO:root:[1,  1900] grad_stats: [9.12e+00 2.27e+00] (3.11e-01, 2.77e+01)
INFO:root:[1,  1950/ 2562] - train_losses - Parent Class: 0.0000 - Children class: 6.4340 -Autoencoder Loss (total): 572.2839 - Reconstruction/K-Means Loss: [0.0000 / 572.2839] - Consistency Loss: [0.0000] - VICReg Loss: [17.0504][wd: 5.02e-02] [lr: 9.57e-05] [autoencoder lr: 0.00e+00][mem: 6.63e+04] (1601.2 ms)
INFO:root:[1,  1950] grad_stats: [1.71e+01 1.72e+00] (5.51e-01, 5.60e+01)
INFO:root:[1,  2000/ 2562] - train_losses - Parent Class: 0.0000 - Children class: 6.4332 -Autoencoder Loss (total): 572.5126 - Reconstruction/K-Means Loss: [0.0000 / 572.5126] - Consistency Loss: [0.0000] - VICReg Loss: [17.1303][wd: 5.02e-02] [lr: 9.58e-05] [autoencoder lr: 0.00e+00][mem: 6.63e+04] (1606.8 ms)
INFO:root:[1,  2000] grad_stats: [1.34e+00 1.96e+00] (1.77e-01, 1.13e+01)
INFO:root:[1,  2050/ 2562] - train_losses - Parent Class: 0.0000 - Children class: 6.4314 -Autoencoder Loss (total): 572.7406 - Reconstruction/K-Means Loss: [0.0000 / 572.7406] - Consistency Loss: [0.0000] - VICReg Loss: [17.1998][wd: 5.02e-02] [lr: 9.59e-05] [autoencoder lr: 0.00e+00][mem: 6.63e+04] (1612.3 ms)
INFO:root:[1,  2050] grad_stats: [5.49e+00 1.46e+00] (2.30e-01, 1.05e+01)
INFO:root:[1,  2100/ 2562] - train_losses - Parent Class: 0.0000 - Children class: 6.4289 -Autoencoder Loss (total): 572.5975 - Reconstruction/K-Means Loss: [0.0000 / 572.5975] - Consistency Loss: [0.0000] - VICReg Loss: [17.2906][wd: 5.02e-02] [lr: 9.61e-05] [autoencoder lr: 0.00e+00][mem: 6.63e+04] (1617.9 ms)
INFO:root:[1,  2100] grad_stats: [1.73e+01 2.48e-01] (4.57e-02, 3.19e+01)
INFO:root:[1,  2150/ 2562] - train_losses - Parent Class: 0.0000 - Children class: 6.4281 -Autoencoder Loss (total): 572.8109 - Reconstruction/K-Means Loss: [0.0000 / 572.8109] - Consistency Loss: [0.0000] - VICReg Loss: [17.4002][wd: 5.02e-02] [lr: 9.62e-05] [autoencoder lr: 0.00e+00][mem: 6.63e+04] (1623.1 ms)
INFO:root:[1,  2150] grad_stats: [8.97e+00 2.61e-01] (4.23e-02, 3.54e+01)
INFO:root:[1,  2200/ 2562] - train_losses - Parent Class: 0.0000 - Children class: 6.4320 -Autoencoder Loss (total): 572.8921 - Reconstruction/K-Means Loss: [0.0000 / 572.8921] - Consistency Loss: [0.0000] - VICReg Loss: [17.4729][wd: 5.03e-02] [lr: 9.64e-05] [autoencoder lr: 0.00e+00][mem: 6.63e+04] (1628.7 ms)
INFO:root:[1,  2200] grad_stats: [1.32e+02 6.88e-01] (7.57e-02, 3.92e+02)
INFO:root:[1,  2250/ 2562] - train_losses - Parent Class: 0.0000 - Children class: 6.4290 -Autoencoder Loss (total): 573.1597 - Reconstruction/K-Means Loss: [0.0000 / 573.1597] - Consistency Loss: [0.0000] - VICReg Loss: [17.5384][wd: 5.03e-02] [lr: 9.65e-05] [autoencoder lr: 0.00e+00][mem: 6.63e+04] (1633.9 ms)
INFO:root:[1,  2250] grad_stats: [7.11e+01 1.05e+00] (4.99e-02, 5.55e+02)
INFO:root:[1,  2300/ 2562] - train_losses - Parent Class: 0.0000 - Children class: 6.4251 -Autoencoder Loss (total): 573.3984 - Reconstruction/K-Means Loss: [0.0000 / 573.3984] - Consistency Loss: [0.0000] - VICReg Loss: [17.5894][wd: 5.03e-02] [lr: 9.67e-05] [autoencoder lr: 0.00e+00][mem: 6.63e+04] (1639.5 ms)
INFO:root:[1,  2300] grad_stats: [1.17e+02 1.17e+00] (2.65e-01, 3.00e+02)
INFO:root:[1,  2350/ 2562] - train_losses - Parent Class: 0.0000 - Children class: 6.4211 -Autoencoder Loss (total): 573.5166 - Reconstruction/K-Means Loss: [0.0000 / 573.5166] - Consistency Loss: [0.0000] - VICReg Loss: [17.6628][wd: 5.03e-02] [lr: 9.68e-05] [autoencoder lr: 0.00e+00][mem: 6.63e+04] (1644.9 ms)
INFO:root:[1,  2350] grad_stats: [1.15e+02 1.85e+00] (4.27e-02, 1.74e+02)
INFO:root:[1,  2400/ 2562] - train_losses - Parent Class: 0.0000 - Children class: 6.4179 -Autoencoder Loss (total): 573.7937 - Reconstruction/K-Means Loss: [0.0000 / 573.7937] - Consistency Loss: [0.0000] - VICReg Loss: [17.7095][wd: 5.03e-02] [lr: 9.70e-05] [autoencoder lr: 0.00e+00][mem: 6.63e+04] (1650.1 ms)
INFO:root:[1,  2400] grad_stats: [3.22e+02 1.22e+00] (4.94e-02, 9.78e+02)
INFO:root:[1,  2450/ 2562] - train_losses - Parent Class: 0.0000 - Children class: 6.4133 -Autoencoder Loss (total): 573.7444 - Reconstruction/K-Means Loss: [0.0000 / 573.7444] - Consistency Loss: [0.0000] - VICReg Loss: [17.7401][wd: 5.03e-02] [lr: 9.71e-05] [autoencoder lr: 0.00e+00][mem: 6.63e+04] (1655.6 ms)
INFO:root:[1,  2450] grad_stats: [8.08e+02 9.59e+00] (2.90e-01, 2.51e+03)
INFO:root:[1,  2500/ 2562] - train_losses - Parent Class: 0.0000 - Children class: 6.4084 -Autoencoder Loss (total): 573.8199 - Reconstruction/K-Means Loss: [0.0000 / 573.8199] - Consistency Loss: [0.0000] - VICReg Loss: [17.7619][wd: 5.03e-02] [lr: 9.73e-05] [autoencoder lr: 0.00e+00][mem: 6.63e+04] (1661.2 ms)
INFO:root:[1,  2500] grad_stats: [1.57e+03 3.28e+00] (6.55e-02, 2.72e+03)
INFO:root:[1,  2550/ 2562] - train_losses - Parent Class: 0.0000 - Children class: 6.4048 -Autoencoder Loss (total): 573.8753 - Reconstruction/K-Means Loss: [0.0000 / 573.8753] - Consistency Loss: [0.0000] - VICReg Loss: [17.7773][wd: 5.03e-02] [lr: 9.74e-05] [autoencoder lr: 0.00e+00][mem: 6.63e+04] (1666.7 ms)
INFO:root:[1,  2550] grad_stats: [4.47e+03 3.23e+00] (9.48e-02, 1.59e+04)
INFO:root:Asserting cache length
INFO:root:Reinitializing centroids
Avg no of empty clusters: 6.454166666666667
INFO:faiss.loader:Loading faiss with AVX2 support.
INFO:faiss.loader:Successfully loaded faiss with AVX2 support.
INFO:faiss.loader:Loading faiss with AVX2 support.
INFO:faiss.loader:Successfully loaded faiss with AVX2 support.
INFO:faiss.loader:Loading faiss with AVX2 support.
INFO:faiss.loader:Successfully loaded faiss with AVX2 support.
INFO:faiss.loader:Loading faiss with AVX2 support.
INFO:faiss.loader:Successfully loaded faiss with AVX2 support.
INFO:faiss.loader:Loading faiss with AVX2 support.
INFO:faiss.loader:Successfully loaded faiss with AVX2 support.
INFO:faiss.loader:Loading faiss with AVX2 support.
INFO:faiss.loader:Successfully loaded faiss with AVX2 support.
INFO:faiss.loader:Loading faiss with AVX2 support.
INFO:faiss.loader:Successfully loaded faiss with AVX2 support.
INFO:faiss.loader:Loading faiss with AVX2 support.
INFO:faiss.loader:Successfully loaded faiss with AVX2 support.
INFO:faiss.loader:Loading faiss with AVX2 support.
INFO:faiss.loader:Successfully loaded faiss with AVX2 support.
INFO:faiss.loader:Loading faiss with AVX2 support.
INFO:faiss.loader:Successfully loaded faiss with AVX2 support.
INFO:faiss.loader:Loading faiss with AVX2 support.
INFO:faiss.loader:Successfully loaded faiss with AVX2 support.
INFO:faiss.loader:Loading faiss with AVX2 support.
INFO:faiss.loader:Successfully loaded faiss with AVX2 support.
INFO:faiss.loader:Loading faiss with AVX2 support.
INFO:faiss.loader:Successfully loaded faiss with AVX2 support.
INFO:faiss.loader:Loading faiss with AVX2 support.
INFO:faiss.loader:Successfully loaded faiss with AVX2 support.
INFO:faiss.loader:Loading faiss with AVX2 support.
INFO:faiss.loader:Successfully loaded faiss with AVX2 support.
INFO:faiss.loader:Loading faiss with AVX2 support.
INFO:faiss.loader:Successfully loaded faiss with AVX2 support.
terminate called without an active exception
terminate called without an active exception
terminate called without an active exception
terminate called without an active exception
terminate called without an active exception
terminate called without an active exception
terminate called without an active exception
terminate called without an active exception
terminate called without an active exception
terminate called without an active exception
Exception ignored in: <function _MultiProcessingDataLoaderIter.__del__ at 0x7f8306a3c0e0>
Traceback (most recent call last):
  File "/home/rtcalumby/miniconda3/envs/py382/lib/python3.12/site-packages/torch/utils/data/dataloader.py", line 1479, in __del__
    self._shutdown_workers()
  File "/home/rtcalumby/miniconda3/envs/py382/lib/python3.12/site-packages/torch/utils/data/dataloader.py", line 1443, in _shutdown_workers
    w.join(timeout=_utils.MP_STATUS_CHECK_INTERVAL)
  File "/home/rtcalumby/miniconda3/envs/py382/lib/python3.12/multiprocessing/process.py", line 149, in join
    res = self._popen.wait(timeout)
          ^^^^^^^^^^^^^^^^^^^^^^^^^
  File "/home/rtcalumby/miniconda3/envs/py382/lib/python3.12/multiprocessing/popen_fork.py", line 40, in wait
    if not wait([self.sentinel], timeout):
           ^^^^^^^^^^^^^^^^^^^^^^^^^^^^^^
  File "/home/rtcalumby/miniconda3/envs/py382/lib/python3.12/multiprocessing/connection.py", line 1136, in wait
    ready = selector.select(timeout)
            ^^^^^^^^^^^^^^^^^^^^^^^^
  File "/home/rtcalumby/miniconda3/envs/py382/lib/python3.12/selectors.py", line 415, in select
    fd_event_list = self._selector.poll(timeout)
                    ^^^^^^^^^^^^^^^^^^^^^^^^^^^^
  File "/home/rtcalumby/miniconda3/envs/py382/lib/python3.12/site-packages/torch/utils/data/_utils/signal_handling.py", line 66, in handler
    _error_if_any_worker_fails()
RuntimeError: DataLoader worker (pid 1122526) is killed by signal: Aborted. 
Process Process-1:
Traceback (most recent call last):
  File "/home/rtcalumby/miniconda3/envs/py382/lib/python3.12/multiprocessing/process.py", line 314, in _bootstrap
    self.run()
  File "/home/rtcalumby/miniconda3/envs/py382/lib/python3.12/multiprocessing/process.py", line 108, in run
    self._target(*self._args, **self._kwargs)
  File "/home/rtcalumby/adam/luciano/LifeCLEFPlant2022/DeepCluster/main_FGDCC_v2.py", line 52, in process_main
    app_main(args=params)
  File "/home/rtcalumby/adam/luciano/LifeCLEFPlant2022/DeepCluster/engine_FGDCCv2.py", line 828, in main
    vtime = gpu_timer(evaluate)
            ^^^^^^^^^^^^^^^^^^^
  File "/home/rtcalumby/adam/luciano/LifeCLEFPlant2022/DeepCluster/src/utils/logging.py", line 21, in gpu_timer
    result = closure()
             ^^^^^^^^^
  File "/home/rtcalumby/miniconda3/envs/py382/lib/python3.12/site-packages/torch/utils/_contextlib.py", line 115, in decorate_context
    return func(*args, **kwargs)
           ^^^^^^^^^^^^^^^^^^^^^
  File "/home/rtcalumby/adam/luciano/LifeCLEFPlant2022/DeepCluster/engine_FGDCCv2.py", line 817, in evaluate
    parent_logits, subclass_logits, _ = fgdcc(images, device)
                                        ^^^^^^^^^^^^^^^^^^^^^
  File "/home/rtcalumby/miniconda3/envs/py382/lib/python3.12/site-packages/torch/nn/modules/module.py", line 1532, in _wrapped_call_impl
    return self._call_impl(*args, **kwargs)
           ^^^^^^^^^^^^^^^^^^^^^^^^^^^^^^^^
  File "/home/rtcalumby/miniconda3/envs/py382/lib/python3.12/site-packages/torch/nn/modules/module.py", line 1541, in _call_impl
    return forward_call(*args, **kwargs)
           ^^^^^^^^^^^^^^^^^^^^^^^^^^^^^
  File "/home/rtcalumby/miniconda3/envs/py382/lib/python3.12/site-packages/torch/nn/parallel/distributed.py", line 1593, in forward
    else self._run_ddp_forward(*inputs, **kwargs)
         ^^^^^^^^^^^^^^^^^^^^^^^^^^^^^^^^^^^^^^^^
  File "/home/rtcalumby/miniconda3/envs/py382/lib/python3.12/site-packages/torch/nn/parallel/distributed.py", line 1411, in _run_ddp_forward
    return self.module(*inputs, **kwargs)  # type: ignore[index]
           ^^^^^^^^^^^^^^^^^^^^^^^^^^^^^^
  File "/home/rtcalumby/miniconda3/envs/py382/lib/python3.12/site-packages/torch/nn/modules/module.py", line 1532, in _wrapped_call_impl
    return self._call_impl(*args, **kwargs)
           ^^^^^^^^^^^^^^^^^^^^^^^^^^^^^^^^
  File "/home/rtcalumby/miniconda3/envs/py382/lib/python3.12/site-packages/torch/nn/modules/module.py", line 1541, in _call_impl
    return forward_call(*args, **kwargs)
           ^^^^^^^^^^^^^^^^^^^^^^^^^^^^^
TypeError: ClassificationModel.forward() takes 2 positional arguments but 3 were given
