INFO:faiss.loader:Loading faiss with AVX2 support.
INFO:faiss.loader:Successfully loaded faiss with AVX2 support.
INFO:faiss.loader:Loading faiss with AVX2 support.
INFO:faiss.loader:Successfully loaded faiss with AVX2 support.
INFO:root:called-params configs/in1k_vith14_ep300_FGDCC.yaml
INFO:root:loaded params...
{   'data': {   'batch_size': 96,
                'color_jitter_strength': 0.0,
                'crop_scale': [0.3, 1.0],
                'crop_size': 224,
                'cutmix': 0.0,
                'drop_path': 0.25,
                'image_folder': '/home/rtcalumby/adam/luciano/plantnet_300K/',
                'mixup': 0.0,
                'nb_classes': 1081,
                'num_workers': 16,
                'pin_mem': True,
                'reprob': 0.25,
                'resume_epoch': 0,
                'root_path': '/home/rtcalumby/adam/luciano/',
                'use_color_distortion': False,
                'use_gaussian_blur': False,
                'use_horizontal_flip': False},
    'logging': {   'folder': '/home/rtcalumby/adam/luciano/LifeCLEFPlant2022/logs/PlantNet300k_exp40',
                   'write_tag': 'jepa'},
    'mask': {   'allow_overlap': False,
                'aspect_ratio': [0.75, 1.5],
                'enc_mask_scale': [0.85, 1.0],
                'min_keep': 10,
                'num_enc_masks': 1,
                'num_pred_masks': 4,
                'patch_size': 14,
                'pred_mask_scale': [0.15, 0.2]},
    'meta': {   'copy_data': False,
                'load_checkpoint': True,
                'model_name': 'vit_huge',
                'pred_depth': 12,
                'pred_emb_dim': 384,
                'read_checkpoint': None,
                'use_bfloat16': True},
    'optimization': {   'ema': [0.9, 0.999],
                        'epochs': 50,
                        'final_lr': 1e-05,
                        'final_weight_decay': 0.4,
                        'ipe_scale': 1.0,
                        'label_smoothing': 0.1,
                        'lr': 0.00025,
                        'start_lr': 8.5e-05,
                        'warmup': 5,
                        'weight_decay': 0.05}}
INFO:root:Running... (rank: 0/1)
INFO:root:Initialized (rank/world-size) 0/1
INFO:root:making imagenet data transforms
INFO:root:making imagenet data transforms
INFO:root:Finetuning dataset created
Training dataset, length: 245952
INFO:root:Finetuning dataset created
Val dataset, length: 31200
INFO:root:Using AdamW
['encoder', 'predictor', 'opt', 'scaler', 'target_encoder', 'epoch', 'loss', 'batch_size', 'world_size', 'lr']
INFO:root:loaded pretrained encoder from epoch 66 with msg: <All keys matched successfully>
INFO:root:VisionTransformerAutoEncoder(
  (encoder): Sequential(
    (0): Linear(in_features=1280, out_features=1024, bias=True)
    (1): GELU(approximate='none')
    (2): Block(
      (norm1): LayerNorm((1024,), eps=1e-05, elementwise_affine=True)
      (attn): Attention(
        (qkv): Linear(in_features=1024, out_features=3072, bias=False)
        (attn_drop): Dropout(p=0.0, inplace=False)
        (proj): Linear(in_features=1024, out_features=1024, bias=True)
        (proj_drop): Dropout(p=0.1, inplace=False)
      )
      (drop_path): Identity()
      (norm2): LayerNorm((1024,), eps=1e-05, elementwise_affine=True)
      (mlp): MLP(
        (fc1): Linear(in_features=1024, out_features=4096, bias=True)
        (act): GELU(approximate='none')
        (fc2): Linear(in_features=4096, out_features=1024, bias=True)
        (drop): Dropout(p=0.1, inplace=False)
      )
    )
    (3): Linear(in_features=1024, out_features=768, bias=True)
  )
  (decoder): Sequential(
    (0): Linear(in_features=768, out_features=1024, bias=True)
    (1): GELU(approximate='none')
    (2): Block(
      (norm1): LayerNorm((1024,), eps=1e-05, elementwise_affine=True)
      (attn): Attention(
        (qkv): Linear(in_features=1024, out_features=3072, bias=False)
        (attn_drop): Dropout(p=0.0, inplace=False)
        (proj): Linear(in_features=1024, out_features=1024, bias=True)
        (proj_drop): Dropout(p=0.1, inplace=False)
      )
      (drop_path): Identity()
      (norm2): LayerNorm((1024,), eps=1e-05, elementwise_affine=True)
      (mlp): MLP(
        (fc1): Linear(in_features=1024, out_features=4096, bias=True)
        (act): GELU(approximate='none')
        (fc2): Linear(in_features=4096, out_features=1024, bias=True)
        (drop): Dropout(p=0.1, inplace=False)
      )
    )
    (3): Linear(in_features=1024, out_features=1280, bias=True)
  )
)
INFO:root:PairedCrossAttentionClassifier(
  (act): GELU(approximate='none')
  (subclass_proj): Sequential(
    (0): Linear(in_features=1280, out_features=1280, bias=True)
    (1): GELU(approximate='none')
  )
  (parent_cross_attention): MultiHeadCrossAttention(
    (query): Linear(in_features=1280, out_features=1280, bias=True)
    (key): Linear(in_features=1280, out_features=1280, bias=True)
    (value): Linear(in_features=1280, out_features=1280, bias=True)
  )
  (subclass_cross_attention): MultiHeadCrossAttention(
    (query): Linear(in_features=1280, out_features=1280, bias=True)
    (key): Linear(in_features=1280, out_features=1280, bias=True)
    (value): Linear(in_features=1280, out_features=1280, bias=True)
  )
  (parent_feature_selection): Linear(in_features=2560, out_features=1280, bias=True)
  (subclass_feature_selection): Linear(in_features=2560, out_features=1280, bias=True)
  (parent_classifier): Linear(in_features=1280, out_features=1081, bias=True)
  (subclass_classifier): Linear(in_features=1280, out_features=4324, bias=True)
  (head_drop): Dropout(p=0.25, inplace=False)
)
INFO:root:Using AdamW
INFO:root:VisionTransformer(
  (patch_embed): PatchEmbed(
    (proj): Conv2d(3, 1280, kernel_size=(14, 14), stride=(14, 14))
  )
  (blocks): ModuleList(
    (0-31): 32 x Block(
      (norm1): LayerNorm((1280,), eps=1e-06, elementwise_affine=True)
      (attn): Attention(
        (qkv): Linear(in_features=1280, out_features=3840, bias=True)
        (attn_drop): Dropout(p=0.0, inplace=False)
        (proj): Linear(in_features=1280, out_features=1280, bias=True)
        (proj_drop): Dropout(p=0.0, inplace=False)
      )
      (drop_path): Identity()
      (norm2): LayerNorm((1280,), eps=1e-06, elementwise_affine=True)
      (mlp): MLP(
        (fc1): Linear(in_features=1280, out_features=5120, bias=True)
        (act): GELU(approximate='none')
        (fc2): Linear(in_features=5120, out_features=1280, bias=True)
        (drop): Dropout(p=0.0, inplace=False)
      )
    )
  )
  (norm): LayerNorm((1280,), eps=1e-06, elementwise_affine=True)
)
INFO:root:Autoencoder Training...
INFO:root: - - Epoch: 1 - - 
INFO:faiss.loader:Loading faiss with AVX2 support.
INFO:faiss.loader:Successfully loaded faiss with AVX2 support.
INFO:faiss.loader:Loading faiss with AVX2 support.
INFO:faiss.loader:Successfully loaded faiss with AVX2 support.
INFO:faiss.loader:Loading faiss with AVX2 support.
INFO:faiss.loader:Successfully loaded faiss with AVX2 support.
INFO:faiss.loader:Loading faiss with AVX2 support.
INFO:faiss.loader:Successfully loaded faiss with AVX2 support.
INFO:faiss.loader:Loading faiss with AVX2 support.
INFO:faiss.loader:Successfully loaded faiss with AVX2 support.
INFO:faiss.loader:Loading faiss with AVX2 support.
INFO:faiss.loader:Successfully loaded faiss with AVX2 support.
INFO:faiss.loader:Loading faiss with AVX2 support.
INFO:faiss.loader:Successfully loaded faiss with AVX2 support.
INFO:faiss.loader:Loading faiss with AVX2 support.
INFO:faiss.loader:Successfully loaded faiss with AVX2 support.
INFO:faiss.loader:Loading faiss with AVX2 support.
INFO:faiss.loader:Successfully loaded faiss with AVX2 support.
INFO:faiss.loader:Loading faiss with AVX2 support.
INFO:faiss.loader:Successfully loaded faiss with AVX2 support.
INFO:faiss.loader:Loading faiss with AVX2 support.
INFO:faiss.loader:Successfully loaded faiss with AVX2 support.
INFO:faiss.loader:Loading faiss with AVX2 support.
INFO:faiss.loader:Successfully loaded faiss with AVX2 support.
INFO:faiss.loader:Loading faiss with AVX2 support.
INFO:faiss.loader:Successfully loaded faiss with AVX2 support.
INFO:faiss.loader:Loading faiss with AVX2 support.
INFO:faiss.loader:Successfully loaded faiss with AVX2 support.
INFO:faiss.loader:Loading faiss with AVX2 support.
INFO:faiss.loader:Successfully loaded faiss with AVX2 support.
INFO:faiss.loader:Loading faiss with AVX2 support.
INFO:faiss.loader:Successfully loaded faiss with AVX2 support.
INFO:root:[1,     0/ 2562] - [Autoencoder Training] [Autoencoder Loss: 2.0091] [autoencoder lr: 1.00e-04][mem: 1.05e+04](2636.9 ms)
INFO:root:[1,   100/ 2562] - [Autoencoder Training] [Autoencoder Loss: 0.8983] [autoencoder lr: 1.00e-04][mem: 1.11e+04](419.3 ms)
INFO:root:[1,   200/ 2562] - [Autoencoder Training] [Autoencoder Loss: 0.7242] [autoencoder lr: 1.00e-04][mem: 1.11e+04](408.8 ms)
INFO:root:[1,   300/ 2562] - [Autoencoder Training] [Autoencoder Loss: 0.6351] [autoencoder lr: 1.00e-04][mem: 1.11e+04](405.4 ms)
INFO:root:[1,   400/ 2562] - [Autoencoder Training] [Autoencoder Loss: 0.5784] [autoencoder lr: 1.00e-04][mem: 1.11e+04](403.7 ms)
INFO:root:[1,   500/ 2562] - [Autoencoder Training] [Autoencoder Loss: 0.5381] [autoencoder lr: 1.00e-04][mem: 1.11e+04](403.1 ms)
INFO:root:[1,   600/ 2562] - [Autoencoder Training] [Autoencoder Loss: 0.5079] [autoencoder lr: 1.00e-04][mem: 1.11e+04](402.4 ms)
INFO:root:[1,   700/ 2562] - [Autoencoder Training] [Autoencoder Loss: 0.4841] [autoencoder lr: 1.00e-04][mem: 1.11e+04](401.9 ms)
INFO:root:[1,   800/ 2562] - [Autoencoder Training] [Autoencoder Loss: 0.4648] [autoencoder lr: 1.00e-04][mem: 1.11e+04](401.9 ms)
INFO:root:[1,   900/ 2562] - [Autoencoder Training] [Autoencoder Loss: 0.4489] [autoencoder lr: 1.00e-04][mem: 1.11e+04](401.5 ms)
INFO:root:[1,  1000/ 2562] - [Autoencoder Training] [Autoencoder Loss: 0.4355] [autoencoder lr: 1.00e-04][mem: 1.11e+04](401.2 ms)
INFO:root:[1,  1100/ 2562] - [Autoencoder Training] [Autoencoder Loss: 0.4240] [autoencoder lr: 1.00e-04][mem: 1.11e+04](401.0 ms)
INFO:root:[1,  1200/ 2562] - [Autoencoder Training] [Autoencoder Loss: 0.4140] [autoencoder lr: 1.00e-04][mem: 1.11e+04](401.1 ms)
INFO:root:[1,  1300/ 2562] - [Autoencoder Training] [Autoencoder Loss: 0.4052] [autoencoder lr: 1.00e-04][mem: 1.11e+04](400.9 ms)
INFO:root:[1,  1400/ 2562] - [Autoencoder Training] [Autoencoder Loss: 0.3974] [autoencoder lr: 1.00e-04][mem: 1.11e+04](400.7 ms)
INFO:root:[1,  1500/ 2562] - [Autoencoder Training] [Autoencoder Loss: 0.3905] [autoencoder lr: 1.00e-04][mem: 1.11e+04](400.6 ms)
INFO:root:[1,  1600/ 2562] - [Autoencoder Training] [Autoencoder Loss: 0.3843] [autoencoder lr: 1.00e-04][mem: 1.11e+04](400.5 ms)
INFO:root:[1,  1700/ 2562] - [Autoencoder Training] [Autoencoder Loss: 0.3786] [autoencoder lr: 1.00e-04][mem: 1.11e+04](400.3 ms)
INFO:root:[1,  1800/ 2562] - [Autoencoder Training] [Autoencoder Loss: 0.3735] [autoencoder lr: 1.00e-04][mem: 1.11e+04](400.5 ms)
INFO:root:[1,  1900/ 2562] - [Autoencoder Training] [Autoencoder Loss: 0.3688] [autoencoder lr: 1.00e-04][mem: 1.11e+04](400.4 ms)
INFO:root:[1,  2000/ 2562] - [Autoencoder Training] [Autoencoder Loss: 0.3645] [autoencoder lr: 1.00e-04][mem: 1.11e+04](400.3 ms)
INFO:root:[1,  2100/ 2562] - [Autoencoder Training] [Autoencoder Loss: 0.3606] [autoencoder lr: 1.00e-04][mem: 1.11e+04](400.2 ms)
INFO:root:[1,  2200/ 2562] - [Autoencoder Training] [Autoencoder Loss: 0.3570] [autoencoder lr: 1.00e-04][mem: 1.11e+04](400.1 ms)
INFO:root:[1,  2300/ 2562] - [Autoencoder Training] [Autoencoder Loss: 0.3537] [autoencoder lr: 1.00e-04][mem: 1.11e+04](400.1 ms)
INFO:root:[1,  2400/ 2562] - [Autoencoder Training] [Autoencoder Loss: 0.3505] [autoencoder lr: 1.00e-04][mem: 1.11e+04](400.3 ms)
INFO:root:[1,  2500/ 2562] - [Autoencoder Training] [Autoencoder Loss: 0.3476] [autoencoder lr: 1.00e-04][mem: 1.11e+04](400.2 ms)
INFO:root: - - Epoch: 2 - - 
INFO:faiss.loader:Loading faiss with AVX2 support.
INFO:faiss.loader:Successfully loaded faiss with AVX2 support.
INFO:faiss.loader:Loading faiss with AVX2 support.
INFO:faiss.loader:Successfully loaded faiss with AVX2 support.
INFO:faiss.loader:Loading faiss with AVX2 support.
INFO:faiss.loader:Successfully loaded faiss with AVX2 support.
INFO:faiss.loader:Loading faiss with AVX2 support.
INFO:faiss.loader:Successfully loaded faiss with AVX2 support.
INFO:faiss.loader:Loading faiss with AVX2 support.
INFO:faiss.loader:Successfully loaded faiss with AVX2 support.
INFO:faiss.loader:Loading faiss with AVX2 support.
INFO:faiss.loader:Successfully loaded faiss with AVX2 support.
INFO:faiss.loader:Loading faiss with AVX2 support.
INFO:faiss.loader:Successfully loaded faiss with AVX2 support.
INFO:faiss.loader:Loading faiss with AVX2 support.
INFO:faiss.loader:Successfully loaded faiss with AVX2 support.
INFO:faiss.loader:Loading faiss with AVX2 support.
INFO:faiss.loader:Successfully loaded faiss with AVX2 support.
INFO:faiss.loader:Loading faiss with AVX2 support.
INFO:faiss.loader:Successfully loaded faiss with AVX2 support.
INFO:faiss.loader:Loading faiss with AVX2 support.
INFO:faiss.loader:Successfully loaded faiss with AVX2 support.
INFO:faiss.loader:Loading faiss with AVX2 support.
INFO:faiss.loader:Successfully loaded faiss with AVX2 support.
INFO:faiss.loader:Loading faiss with AVX2 support.
INFO:faiss.loader:Successfully loaded faiss with AVX2 support.
INFO:faiss.loader:Loading faiss with AVX2 support.
INFO:faiss.loader:Successfully loaded faiss with AVX2 support.
INFO:faiss.loader:Loading faiss with AVX2 support.
INFO:faiss.loader:Successfully loaded faiss with AVX2 support.
INFO:faiss.loader:Loading faiss with AVX2 support.
INFO:faiss.loader:Successfully loaded faiss with AVX2 support.
INFO:root:[2,     0/ 2562] - [Autoencoder Training] [Autoencoder Loss: 0.3459] [autoencoder lr: 1.00e-04][mem: 1.11e+04](400.1 ms)
INFO:root:[2,   100/ 2562] - [Autoencoder Training] [Autoencoder Loss: 0.3433] [autoencoder lr: 1.00e-04][mem: 1.11e+04](400.0 ms)
INFO:root:[2,   200/ 2562] - [Autoencoder Training] [Autoencoder Loss: 0.3409] [autoencoder lr: 1.00e-04][mem: 1.11e+04](400.0 ms)
INFO:root:[2,   300/ 2562] - [Autoencoder Training] [Autoencoder Loss: 0.3386] [autoencoder lr: 1.00e-04][mem: 1.11e+04](399.9 ms)
INFO:root:[2,   400/ 2562] - [Autoencoder Training] [Autoencoder Loss: 0.3364] [autoencoder lr: 1.00e-04][mem: 1.11e+04](399.9 ms)
INFO:root:[2,   500/ 2562] - [Autoencoder Training] [Autoencoder Loss: 0.3344] [autoencoder lr: 1.00e-04][mem: 1.11e+04](399.8 ms)
INFO:root:[2,   600/ 2562] - [Autoencoder Training] [Autoencoder Loss: 0.3325] [autoencoder lr: 1.00e-04][mem: 1.11e+04](399.8 ms)
INFO:root:[2,   700/ 2562] - [Autoencoder Training] [Autoencoder Loss: 0.3307] [autoencoder lr: 1.00e-04][mem: 1.11e+04](400.0 ms)
INFO:root:[2,   800/ 2562] - [Autoencoder Training] [Autoencoder Loss: 0.3289] [autoencoder lr: 1.00e-04][mem: 1.11e+04](400.0 ms)
INFO:root:[2,   900/ 2562] - [Autoencoder Training] [Autoencoder Loss: 0.3273] [autoencoder lr: 1.00e-04][mem: 1.11e+04](400.0 ms)
INFO:root:[2,  1000/ 2562] - [Autoencoder Training] [Autoencoder Loss: 0.3258] [autoencoder lr: 1.00e-04][mem: 1.11e+04](399.9 ms)
INFO:root:[2,  1100/ 2562] - [Autoencoder Training] [Autoencoder Loss: 0.3243] [autoencoder lr: 1.00e-04][mem: 1.11e+04](399.9 ms)
INFO:root:[2,  1200/ 2562] - [Autoencoder Training] [Autoencoder Loss: 0.3229] [autoencoder lr: 1.00e-04][mem: 1.11e+04](399.9 ms)
INFO:root:[2,  1300/ 2562] - [Autoencoder Training] [Autoencoder Loss: 0.3216] [autoencoder lr: 1.00e-04][mem: 1.11e+04](399.8 ms)
INFO:root:[2,  1400/ 2562] - [Autoencoder Training] [Autoencoder Loss: 0.3203] [autoencoder lr: 1.00e-04][mem: 1.11e+04](399.8 ms)
INFO:root:[2,  1500/ 2562] - [Autoencoder Training] [Autoencoder Loss: 0.3191] [autoencoder lr: 1.00e-04][mem: 1.11e+04](399.8 ms)
INFO:root:[2,  1600/ 2562] - [Autoencoder Training] [Autoencoder Loss: 0.3179] [autoencoder lr: 1.00e-04][mem: 1.11e+04](399.7 ms)
INFO:root:[2,  1700/ 2562] - [Autoencoder Training] [Autoencoder Loss: 0.3168] [autoencoder lr: 1.00e-04][mem: 1.11e+04](400.0 ms)
INFO:root:[2,  1800/ 2562] - [Autoencoder Training] [Autoencoder Loss: 0.3158] [autoencoder lr: 1.00e-04][mem: 1.11e+04](400.0 ms)
INFO:root:[2,  1900/ 2562] - [Autoencoder Training] [Autoencoder Loss: 0.3147] [autoencoder lr: 1.00e-04][mem: 1.11e+04](399.9 ms)
INFO:root:[2,  2000/ 2562] - [Autoencoder Training] [Autoencoder Loss: 0.3138] [autoencoder lr: 1.00e-04][mem: 1.11e+04](399.9 ms)
INFO:root:[2,  2100/ 2562] - [Autoencoder Training] [Autoencoder Loss: 0.3128] [autoencoder lr: 1.00e-04][mem: 1.11e+04](399.9 ms)
INFO:root:[2,  2200/ 2562] - [Autoencoder Training] [Autoencoder Loss: 0.3119] [autoencoder lr: 1.00e-04][mem: 1.11e+04](399.9 ms)
INFO:root:[2,  2300/ 2562] - [Autoencoder Training] [Autoencoder Loss: 0.3111] [autoencoder lr: 1.00e-04][mem: 1.11e+04](399.9 ms)
INFO:root:[2,  2400/ 2562] - [Autoencoder Training] [Autoencoder Loss: 0.3102] [autoencoder lr: 1.00e-04][mem: 1.11e+04](399.8 ms)
INFO:root:[2,  2500/ 2562] - [Autoencoder Training] [Autoencoder Loss: 0.3094] [autoencoder lr: 1.00e-04][mem: 1.11e+04](399.8 ms)
INFO:root: - - Epoch: 3 - - 
INFO:faiss.loader:Loading faiss with AVX2 support.
INFO:faiss.loader:Successfully loaded faiss with AVX2 support.
INFO:faiss.loader:Loading faiss with AVX2 support.
INFO:faiss.loader:Successfully loaded faiss with AVX2 support.
INFO:faiss.loader:Loading faiss with AVX2 support.
INFO:faiss.loader:Successfully loaded faiss with AVX2 support.
INFO:faiss.loader:Loading faiss with AVX2 support.
INFO:faiss.loader:Successfully loaded faiss with AVX2 support.
INFO:faiss.loader:Loading faiss with AVX2 support.
INFO:faiss.loader:Successfully loaded faiss with AVX2 support.
INFO:faiss.loader:Loading faiss with AVX2 support.
INFO:faiss.loader:Successfully loaded faiss with AVX2 support.
INFO:faiss.loader:Loading faiss with AVX2 support.
INFO:faiss.loader:Successfully loaded faiss with AVX2 support.
INFO:faiss.loader:Loading faiss with AVX2 support.
INFO:faiss.loader:Successfully loaded faiss with AVX2 support.
INFO:faiss.loader:Loading faiss with AVX2 support.
INFO:faiss.loader:Successfully loaded faiss with AVX2 support.
INFO:faiss.loader:Loading faiss with AVX2 support.
INFO:faiss.loader:Successfully loaded faiss with AVX2 support.
INFO:faiss.loader:Loading faiss with AVX2 support.
INFO:faiss.loader:Successfully loaded faiss with AVX2 support.
INFO:faiss.loader:Loading faiss with AVX2 support.
INFO:faiss.loader:Successfully loaded faiss with AVX2 support.
INFO:faiss.loader:Loading faiss with AVX2 support.
INFO:faiss.loader:Successfully loaded faiss with AVX2 support.
INFO:faiss.loader:Loading faiss with AVX2 support.
INFO:faiss.loader:Successfully loaded faiss with AVX2 support.
INFO:faiss.loader:Loading faiss with AVX2 support.
INFO:faiss.loader:Successfully loaded faiss with AVX2 support.
INFO:faiss.loader:Loading faiss with AVX2 support.
INFO:faiss.loader:Successfully loaded faiss with AVX2 support.
INFO:root:[3,     0/ 2562] - [Autoencoder Training] [Autoencoder Loss: 0.3090] [autoencoder lr: 1.00e-04][mem: 1.11e+04](399.8 ms)
INFO:root:[3,   100/ 2562] - [Autoencoder Training] [Autoencoder Loss: 0.3082] [autoencoder lr: 1.00e-04][mem: 1.11e+04](399.7 ms)
INFO:root:[3,   200/ 2562] - [Autoencoder Training] [Autoencoder Loss: 0.3075] [autoencoder lr: 1.00e-04][mem: 1.11e+04](399.7 ms)
INFO:root:[3,   300/ 2562] - [Autoencoder Training] [Autoencoder Loss: 0.3068] [autoencoder lr: 1.00e-04][mem: 1.11e+04](399.7 ms)
INFO:root:[3,   400/ 2562] - [Autoencoder Training] [Autoencoder Loss: 0.3061] [autoencoder lr: 1.00e-04][mem: 1.11e+04](399.9 ms)
INFO:root:[3,   500/ 2562] - [Autoencoder Training] [Autoencoder Loss: 0.3054] [autoencoder lr: 1.00e-04][mem: 1.11e+04](399.9 ms)
INFO:root:[3,   600/ 2562] - [Autoencoder Training] [Autoencoder Loss: 0.3048] [autoencoder lr: 1.00e-04][mem: 1.11e+04](399.9 ms)
INFO:root:[3,   700/ 2562] - [Autoencoder Training] [Autoencoder Loss: 0.3041] [autoencoder lr: 1.00e-04][mem: 1.11e+04](399.9 ms)
INFO:root:[3,   800/ 2562] - [Autoencoder Training] [Autoencoder Loss: 0.3035] [autoencoder lr: 1.00e-04][mem: 1.11e+04](399.9 ms)
INFO:root:[3,   900/ 2562] - [Autoencoder Training] [Autoencoder Loss: 0.3029] [autoencoder lr: 1.00e-04][mem: 1.11e+04](399.9 ms)
INFO:root:[3,  1000/ 2562] - [Autoencoder Training] [Autoencoder Loss: 0.3024] [autoencoder lr: 1.00e-04][mem: 1.11e+04](399.9 ms)
INFO:root:[3,  1100/ 2562] - [Autoencoder Training] [Autoencoder Loss: 0.3018] [autoencoder lr: 1.00e-04][mem: 1.11e+04](399.9 ms)
INFO:root:[3,  1200/ 2562] - [Autoencoder Training] [Autoencoder Loss: 0.3013] [autoencoder lr: 1.00e-04][mem: 1.11e+04](399.9 ms)
INFO:root:[3,  1300/ 2562] - [Autoencoder Training] [Autoencoder Loss: 0.3008] [autoencoder lr: 1.00e-04][mem: 1.11e+04](399.8 ms)
INFO:root:[3,  1400/ 2562] - [Autoencoder Training] [Autoencoder Loss: 0.3003] [autoencoder lr: 1.00e-04][mem: 1.11e+04](399.8 ms)
INFO:root:[3,  1500/ 2562] - [Autoencoder Training] [Autoencoder Loss: 0.2998] [autoencoder lr: 1.00e-04][mem: 1.11e+04](399.8 ms)
INFO:root:[3,  1600/ 2562] - [Autoencoder Training] [Autoencoder Loss: 0.2993] [autoencoder lr: 1.00e-04][mem: 1.11e+04](399.8 ms)
INFO:root:[3,  1700/ 2562] - [Autoencoder Training] [Autoencoder Loss: 0.2989] [autoencoder lr: 1.00e-04][mem: 1.11e+04](399.8 ms)
INFO:root:[3,  1800/ 2562] - [Autoencoder Training] [Autoencoder Loss: 0.2984] [autoencoder lr: 1.00e-04][mem: 1.11e+04](399.8 ms)
INFO:root:[3,  1900/ 2562] - [Autoencoder Training] [Autoencoder Loss: 0.2980] [autoencoder lr: 1.00e-04][mem: 1.11e+04](400.1 ms)
INFO:root:[3,  2000/ 2562] - [Autoencoder Training] [Autoencoder Loss: 0.2975] [autoencoder lr: 1.00e-04][mem: 1.11e+04](400.0 ms)
INFO:root:[3,  2100/ 2562] - [Autoencoder Training] [Autoencoder Loss: 0.2971] [autoencoder lr: 1.00e-04][mem: 1.11e+04](400.0 ms)
INFO:root:[3,  2200/ 2562] - [Autoencoder Training] [Autoencoder Loss: 0.2967] [autoencoder lr: 1.00e-04][mem: 1.11e+04](400.0 ms)
INFO:root:[3,  2300/ 2562] - [Autoencoder Training] [Autoencoder Loss: 0.2963] [autoencoder lr: 1.00e-04][mem: 1.11e+04](400.0 ms)
INFO:root:[3,  2400/ 2562] - [Autoencoder Training] [Autoencoder Loss: 0.2959] [autoencoder lr: 1.00e-04][mem: 1.11e+04](400.0 ms)
INFO:root:[3,  2500/ 2562] - [Autoencoder Training] [Autoencoder Loss: 0.2955] [autoencoder lr: 1.00e-04][mem: 1.11e+04](400.0 ms)
INFO:root: - - Epoch: 4 - - 
INFO:faiss.loader:Loading faiss with AVX2 support.
INFO:faiss.loader:Successfully loaded faiss with AVX2 support.
INFO:faiss.loader:Loading faiss with AVX2 support.
INFO:faiss.loader:Successfully loaded faiss with AVX2 support.
INFO:faiss.loader:Loading faiss with AVX2 support.
INFO:faiss.loader:Successfully loaded faiss with AVX2 support.
INFO:faiss.loader:Loading faiss with AVX2 support.
INFO:faiss.loader:Successfully loaded faiss with AVX2 support.
INFO:faiss.loader:Loading faiss with AVX2 support.
INFO:faiss.loader:Successfully loaded faiss with AVX2 support.
INFO:faiss.loader:Loading faiss with AVX2 support.
INFO:faiss.loader:Successfully loaded faiss with AVX2 support.
INFO:faiss.loader:Loading faiss with AVX2 support.
INFO:faiss.loader:Successfully loaded faiss with AVX2 support.
INFO:faiss.loader:Loading faiss with AVX2 support.
INFO:faiss.loader:Successfully loaded faiss with AVX2 support.
INFO:faiss.loader:Loading faiss with AVX2 support.
INFO:faiss.loader:Successfully loaded faiss with AVX2 support.
INFO:faiss.loader:Loading faiss with AVX2 support.
INFO:faiss.loader:Successfully loaded faiss with AVX2 support.
INFO:faiss.loader:Loading faiss with AVX2 support.
INFO:faiss.loader:Successfully loaded faiss with AVX2 support.
INFO:faiss.loader:Loading faiss with AVX2 support.
INFO:faiss.loader:Successfully loaded faiss with AVX2 support.
INFO:faiss.loader:Loading faiss with AVX2 support.
INFO:faiss.loader:Successfully loaded faiss with AVX2 support.
INFO:faiss.loader:Loading faiss with AVX2 support.
INFO:faiss.loader:Successfully loaded faiss with AVX2 support.
INFO:faiss.loader:Loading faiss with AVX2 support.
INFO:faiss.loader:Successfully loaded faiss with AVX2 support.
INFO:faiss.loader:Loading faiss with AVX2 support.
INFO:faiss.loader:Successfully loaded faiss with AVX2 support.
INFO:root:[4,     0/ 2562] - [Autoencoder Training] [Autoencoder Loss: 0.2953] [autoencoder lr: 1.00e-04][mem: 1.11e+04](399.9 ms)
INFO:root:[4,   100/ 2562] - [Autoencoder Training] [Autoencoder Loss: 0.2950] [autoencoder lr: 1.00e-04][mem: 1.11e+04](399.9 ms)
INFO:root:[4,   200/ 2562] - [Autoencoder Training] [Autoencoder Loss: 0.2946] [autoencoder lr: 1.00e-04][mem: 1.11e+04](399.9 ms)
INFO:root:[4,   300/ 2562] - [Autoencoder Training] [Autoencoder Loss: 0.2943] [autoencoder lr: 1.00e-04][mem: 1.11e+04](399.9 ms)
INFO:root:[4,   400/ 2562] - [Autoencoder Training] [Autoencoder Loss: 0.2939] [autoencoder lr: 1.00e-04][mem: 1.11e+04](399.9 ms)
INFO:root:[4,   500/ 2562] - [Autoencoder Training] [Autoencoder Loss: 0.2936] [autoencoder lr: 1.00e-04][mem: 1.11e+04](399.9 ms)
INFO:root:[4,   600/ 2562] - [Autoencoder Training] [Autoencoder Loss: 0.2933] [autoencoder lr: 1.00e-04][mem: 1.11e+04](399.9 ms)
INFO:root:[4,   700/ 2562] - [Autoencoder Training] [Autoencoder Loss: 0.2930] [autoencoder lr: 1.00e-04][mem: 1.11e+04](399.9 ms)
INFO:root:[4,   800/ 2562] - [Autoencoder Training] [Autoencoder Loss: 0.2926] [autoencoder lr: 1.00e-04][mem: 1.11e+04](399.8 ms)
INFO:root:[4,   900/ 2562] - [Autoencoder Training] [Autoencoder Loss: 0.2923] [autoencoder lr: 1.00e-04][mem: 1.11e+04](399.8 ms)
INFO:root:[4,  1000/ 2562] - [Autoencoder Training] [Autoencoder Loss: 0.2920] [autoencoder lr: 1.00e-04][mem: 1.11e+04](399.8 ms)
INFO:root:[4,  1100/ 2562] - [Autoencoder Training] [Autoencoder Loss: 0.2918] [autoencoder lr: 1.00e-04][mem: 1.11e+04](399.8 ms)
INFO:root:[4,  1200/ 2562] - [Autoencoder Training] [Autoencoder Loss: 0.2915] [autoencoder lr: 1.00e-04][mem: 1.11e+04](399.8 ms)
INFO:root:[4,  1300/ 2562] - [Autoencoder Training] [Autoencoder Loss: 0.2912] [autoencoder lr: 1.00e-04][mem: 1.11e+04](400.1 ms)
INFO:root:[4,  1400/ 2562] - [Autoencoder Training] [Autoencoder Loss: 0.2909] [autoencoder lr: 1.00e-04][mem: 1.11e+04](400.1 ms)
INFO:root:[4,  1500/ 2562] - [Autoencoder Training] [Autoencoder Loss: 0.2907] [autoencoder lr: 1.00e-04][mem: 1.11e+04](400.1 ms)
INFO:root:[4,  1600/ 2562] - [Autoencoder Training] [Autoencoder Loss: 0.2904] [autoencoder lr: 1.00e-04][mem: 1.11e+04](400.1 ms)
INFO:root:[4,  1700/ 2562] - [Autoencoder Training] [Autoencoder Loss: 0.2901] [autoencoder lr: 1.00e-04][mem: 1.11e+04](400.1 ms)
INFO:root:[4,  1800/ 2562] - [Autoencoder Training] [Autoencoder Loss: 0.2899] [autoencoder lr: 1.00e-04][mem: 1.11e+04](400.1 ms)
INFO:root:[4,  1900/ 2562] - [Autoencoder Training] [Autoencoder Loss: 0.2896] [autoencoder lr: 1.00e-04][mem: 1.11e+04](400.1 ms)
INFO:root:[4,  2000/ 2562] - [Autoencoder Training] [Autoencoder Loss: 0.2894] [autoencoder lr: 1.00e-04][mem: 1.11e+04](400.1 ms)
INFO:root:[4,  2100/ 2562] - [Autoencoder Training] [Autoencoder Loss: 0.2892] [autoencoder lr: 1.00e-04][mem: 1.11e+04](400.1 ms)
INFO:root:[4,  2200/ 2562] - [Autoencoder Training] [Autoencoder Loss: 0.2889] [autoencoder lr: 1.00e-04][mem: 1.11e+04](400.1 ms)
INFO:root:[4,  2300/ 2562] - [Autoencoder Training] [Autoencoder Loss: 0.2887] [autoencoder lr: 1.00e-04][mem: 1.11e+04](400.0 ms)
INFO:root:[4,  2400/ 2562] - [Autoencoder Training] [Autoencoder Loss: 0.2885] [autoencoder lr: 1.00e-04][mem: 1.11e+04](400.0 ms)
INFO:root:[4,  2500/ 2562] - [Autoencoder Training] [Autoencoder Loss: 0.2883] [autoencoder lr: 1.00e-04][mem: 1.11e+04](400.0 ms)
INFO:root: - - Epoch: 5 - - 
INFO:faiss.loader:Loading faiss with AVX2 support.
INFO:faiss.loader:Successfully loaded faiss with AVX2 support.
INFO:faiss.loader:Loading faiss with AVX2 support.
INFO:faiss.loader:Successfully loaded faiss with AVX2 support.
INFO:faiss.loader:Loading faiss with AVX2 support.
INFO:faiss.loader:Successfully loaded faiss with AVX2 support.
INFO:faiss.loader:Loading faiss with AVX2 support.
INFO:faiss.loader:Successfully loaded faiss with AVX2 support.
INFO:faiss.loader:Loading faiss with AVX2 support.
INFO:faiss.loader:Successfully loaded faiss with AVX2 support.
INFO:faiss.loader:Loading faiss with AVX2 support.
INFO:faiss.loader:Successfully loaded faiss with AVX2 support.
INFO:faiss.loader:Loading faiss with AVX2 support.
INFO:faiss.loader:Successfully loaded faiss with AVX2 support.
INFO:faiss.loader:Loading faiss with AVX2 support.
INFO:faiss.loader:Successfully loaded faiss with AVX2 support.
INFO:faiss.loader:Loading faiss with AVX2 support.
INFO:faiss.loader:Successfully loaded faiss with AVX2 support.
INFO:faiss.loader:Loading faiss with AVX2 support.
INFO:faiss.loader:Successfully loaded faiss with AVX2 support.
INFO:faiss.loader:Loading faiss with AVX2 support.
INFO:faiss.loader:Successfully loaded faiss with AVX2 support.
INFO:faiss.loader:Loading faiss with AVX2 support.
INFO:faiss.loader:Successfully loaded faiss with AVX2 support.
INFO:faiss.loader:Loading faiss with AVX2 support.
INFO:faiss.loader:Successfully loaded faiss with AVX2 support.
INFO:faiss.loader:Loading faiss with AVX2 support.
INFO:faiss.loader:Successfully loaded faiss with AVX2 support.
INFO:faiss.loader:Loading faiss with AVX2 support.
INFO:faiss.loader:Successfully loaded faiss with AVX2 support.
INFO:faiss.loader:Loading faiss with AVX2 support.
INFO:faiss.loader:Successfully loaded faiss with AVX2 support.
INFO:root:[5,     0/ 2562] - [Autoencoder Training] [Autoencoder Loss: 0.2881] [autoencoder lr: 1.00e-04][mem: 1.11e+04](400.0 ms)
INFO:root:[5,   100/ 2562] - [Autoencoder Training] [Autoencoder Loss: 0.2879] [autoencoder lr: 1.00e-04][mem: 1.11e+04](400.0 ms)
INFO:root:[5,   200/ 2562] - [Autoencoder Training] [Autoencoder Loss: 0.2877] [autoencoder lr: 1.00e-04][mem: 1.11e+04](400.0 ms)
INFO:root:[5,   300/ 2562] - [Autoencoder Training] [Autoencoder Loss: 0.2875] [autoencoder lr: 1.00e-04][mem: 1.11e+04](400.0 ms)
INFO:root:[5,   400/ 2562] - [Autoencoder Training] [Autoencoder Loss: 0.2873] [autoencoder lr: 1.00e-04][mem: 1.11e+04](400.0 ms)
INFO:root:[5,   500/ 2562] - [Autoencoder Training] [Autoencoder Loss: 0.2871] [autoencoder lr: 1.00e-04][mem: 1.11e+04](400.0 ms)
INFO:root:[5,   600/ 2562] - [Autoencoder Training] [Autoencoder Loss: 0.2869] [autoencoder lr: 1.00e-04][mem: 1.11e+04](399.9 ms)
INFO:root:[5,   700/ 2562] - [Autoencoder Training] [Autoencoder Loss: 0.2867] [autoencoder lr: 1.00e-04][mem: 1.11e+04](399.9 ms)
INFO:root:[5,   800/ 2562] - [Autoencoder Training] [Autoencoder Loss: 0.2866] [autoencoder lr: 1.00e-04][mem: 1.11e+04](399.9 ms)
INFO:root:[5,   900/ 2562] - [Autoencoder Training] [Autoencoder Loss: 0.2864] [autoencoder lr: 1.00e-04][mem: 1.11e+04](399.9 ms)
INFO:root:[5,  1000/ 2562] - [Autoencoder Training] [Autoencoder Loss: 0.2862] [autoencoder lr: 1.00e-04][mem: 1.11e+04](399.9 ms)
INFO:root:[5,  1100/ 2562] - [Autoencoder Training] [Autoencoder Loss: 0.2860] [autoencoder lr: 1.00e-04][mem: 1.11e+04](400.2 ms)
INFO:root:[5,  1200/ 2562] - [Autoencoder Training] [Autoencoder Loss: 0.2858] [autoencoder lr: 1.00e-04][mem: 1.11e+04](400.2 ms)
INFO:root:[5,  1300/ 2562] - [Autoencoder Training] [Autoencoder Loss: 0.2857] [autoencoder lr: 1.00e-04][mem: 1.11e+04](400.2 ms)
INFO:root:[5,  1400/ 2562] - [Autoencoder Training] [Autoencoder Loss: 0.2855] [autoencoder lr: 1.00e-04][mem: 1.11e+04](400.2 ms)
INFO:root:[5,  1500/ 2562] - [Autoencoder Training] [Autoencoder Loss: 0.2853] [autoencoder lr: 1.00e-04][mem: 1.11e+04](400.2 ms)
INFO:root:[5,  1600/ 2562] - [Autoencoder Training] [Autoencoder Loss: 0.2852] [autoencoder lr: 1.00e-04][mem: 1.11e+04](400.1 ms)
INFO:root:[5,  1700/ 2562] - [Autoencoder Training] [Autoencoder Loss: 0.2850] [autoencoder lr: 1.00e-04][mem: 1.11e+04](400.1 ms)
INFO:root:[5,  1800/ 2562] - [Autoencoder Training] [Autoencoder Loss: 0.2848] [autoencoder lr: 1.00e-04][mem: 1.11e+04](400.1 ms)
INFO:root:[5,  1900/ 2562] - [Autoencoder Training] [Autoencoder Loss: 0.2847] [autoencoder lr: 1.00e-04][mem: 1.11e+04](400.1 ms)
INFO:root:[5,  2000/ 2562] - [Autoencoder Training] [Autoencoder Loss: 0.2845] [autoencoder lr: 1.00e-04][mem: 1.11e+04](400.1 ms)
INFO:root:[5,  2100/ 2562] - [Autoencoder Training] [Autoencoder Loss: 0.2844] [autoencoder lr: 1.00e-04][mem: 1.11e+04](400.1 ms)
INFO:root:[5,  2200/ 2562] - [Autoencoder Training] [Autoencoder Loss: 0.2842] [autoencoder lr: 1.00e-04][mem: 1.11e+04](400.1 ms)
INFO:root:[5,  2300/ 2562] - [Autoencoder Training] [Autoencoder Loss: 0.2841] [autoencoder lr: 1.00e-04][mem: 1.11e+04](400.1 ms)
INFO:root:[5,  2400/ 2562] - [Autoencoder Training] [Autoencoder Loss: 0.2839] [autoencoder lr: 1.00e-04][mem: 1.11e+04](400.1 ms)
INFO:root:[5,  2500/ 2562] - [Autoencoder Training] [Autoencoder Loss: 0.2838] [autoencoder lr: 1.00e-04][mem: 1.11e+04](400.1 ms)
INFO:root: - - Epoch: 6 - - 
INFO:faiss.loader:Loading faiss with AVX2 support.
INFO:faiss.loader:Successfully loaded faiss with AVX2 support.
INFO:faiss.loader:Loading faiss with AVX2 support.
INFO:faiss.loader:Successfully loaded faiss with AVX2 support.
INFO:faiss.loader:Loading faiss with AVX2 support.
INFO:faiss.loader:Successfully loaded faiss with AVX2 support.
INFO:faiss.loader:Loading faiss with AVX2 support.
INFO:faiss.loader:Successfully loaded faiss with AVX2 support.
INFO:faiss.loader:Loading faiss with AVX2 support.
INFO:faiss.loader:Successfully loaded faiss with AVX2 support.
INFO:faiss.loader:Loading faiss with AVX2 support.
INFO:faiss.loader:Successfully loaded faiss with AVX2 support.
INFO:faiss.loader:Loading faiss with AVX2 support.
INFO:faiss.loader:Successfully loaded faiss with AVX2 support.
INFO:faiss.loader:Loading faiss with AVX2 support.
INFO:faiss.loader:Successfully loaded faiss with AVX2 support.
INFO:faiss.loader:Loading faiss with AVX2 support.
INFO:faiss.loader:Successfully loaded faiss with AVX2 support.
INFO:faiss.loader:Loading faiss with AVX2 support.
INFO:faiss.loader:Successfully loaded faiss with AVX2 support.
INFO:faiss.loader:Loading faiss with AVX2 support.
INFO:faiss.loader:Successfully loaded faiss with AVX2 support.
INFO:faiss.loader:Loading faiss with AVX2 support.
INFO:faiss.loader:Successfully loaded faiss with AVX2 support.
INFO:faiss.loader:Loading faiss with AVX2 support.
INFO:faiss.loader:Successfully loaded faiss with AVX2 support.
INFO:faiss.loader:Loading faiss with AVX2 support.
INFO:faiss.loader:Successfully loaded faiss with AVX2 support.
INFO:faiss.loader:Loading faiss with AVX2 support.
INFO:faiss.loader:Successfully loaded faiss with AVX2 support.
INFO:faiss.loader:Loading faiss with AVX2 support.
INFO:faiss.loader:Successfully loaded faiss with AVX2 support.
INFO:root:[6,     0/ 2562] - [Autoencoder Training] [Autoencoder Loss: 0.2837] [autoencoder lr: 1.00e-04][mem: 1.11e+04](400.1 ms)
INFO:root:[6,   100/ 2562] - [Autoencoder Training] [Autoencoder Loss: 0.2835] [autoencoder lr: 1.00e-04][mem: 1.11e+04](400.1 ms)
INFO:root:[6,   200/ 2562] - [Autoencoder Training] [Autoencoder Loss: 0.2834] [autoencoder lr: 1.00e-04][mem: 1.11e+04](400.1 ms)
INFO:root:[6,   300/ 2562] - [Autoencoder Training] [Autoencoder Loss: 0.2833] [autoencoder lr: 1.00e-04][mem: 1.11e+04](400.1 ms)
INFO:root:[6,   400/ 2562] - [Autoencoder Training] [Autoencoder Loss: 0.2831] [autoencoder lr: 1.00e-04][mem: 1.11e+04](400.1 ms)
INFO:root:[6,   500/ 2562] - [Autoencoder Training] [Autoencoder Loss: 0.2830] [autoencoder lr: 1.00e-04][mem: 1.11e+04](400.1 ms)
INFO:root:[6,   600/ 2562] - [Autoencoder Training] [Autoencoder Loss: 0.2829] [autoencoder lr: 1.00e-04][mem: 1.11e+04](400.1 ms)
INFO:root:[6,   700/ 2562] - [Autoencoder Training] [Autoencoder Loss: 0.2827] [autoencoder lr: 1.00e-04][mem: 1.11e+04](400.1 ms)
INFO:root:[6,   800/ 2562] - [Autoencoder Training] [Autoencoder Loss: 0.2826] [autoencoder lr: 1.00e-04][mem: 1.11e+04](400.1 ms)
INFO:root:[6,   900/ 2562] - [Autoencoder Training] [Autoencoder Loss: 0.2825] [autoencoder lr: 1.00e-04][mem: 1.11e+04](400.1 ms)
INFO:root:[6,  1000/ 2562] - [Autoencoder Training] [Autoencoder Loss: 0.2824] [autoencoder lr: 1.00e-04][mem: 1.11e+04](400.1 ms)
INFO:root:[6,  1100/ 2562] - [Autoencoder Training] [Autoencoder Loss: 0.2822] [autoencoder lr: 1.00e-04][mem: 1.11e+04](400.1 ms)
INFO:root:[6,  1200/ 2562] - [Autoencoder Training] [Autoencoder Loss: 0.2821] [autoencoder lr: 1.00e-04][mem: 1.11e+04](400.1 ms)
INFO:root:[6,  1300/ 2562] - [Autoencoder Training] [Autoencoder Loss: 0.2820] [autoencoder lr: 1.00e-04][mem: 1.11e+04](400.1 ms)
INFO:root:[6,  1400/ 2562] - [Autoencoder Training] [Autoencoder Loss: 0.2819] [autoencoder lr: 1.00e-04][mem: 1.11e+04](400.1 ms)
INFO:root:[6,  1500/ 2562] - [Autoencoder Training] [Autoencoder Loss: 0.2818] [autoencoder lr: 1.00e-04][mem: 1.11e+04](400.3 ms)
INFO:root:[6,  1600/ 2562] - [Autoencoder Training] [Autoencoder Loss: 0.2816] [autoencoder lr: 1.00e-04][mem: 1.11e+04](400.3 ms)
INFO:root:[6,  1700/ 2562] - [Autoencoder Training] [Autoencoder Loss: 0.2815] [autoencoder lr: 1.00e-04][mem: 1.11e+04](400.3 ms)
INFO:root:[6,  1800/ 2562] - [Autoencoder Training] [Autoencoder Loss: 0.2814] [autoencoder lr: 1.00e-04][mem: 1.11e+04](400.3 ms)
INFO:root:[6,  1900/ 2562] - [Autoencoder Training] [Autoencoder Loss: 0.2813] [autoencoder lr: 1.00e-04][mem: 1.11e+04](400.3 ms)
INFO:root:[6,  2000/ 2562] - [Autoencoder Training] [Autoencoder Loss: 0.2812] [autoencoder lr: 1.00e-04][mem: 1.11e+04](400.3 ms)
INFO:root:[6,  2100/ 2562] - [Autoencoder Training] [Autoencoder Loss: 0.2811] [autoencoder lr: 1.00e-04][mem: 1.11e+04](400.3 ms)
INFO:root:[6,  2200/ 2562] - [Autoencoder Training] [Autoencoder Loss: 0.2810] [autoencoder lr: 1.00e-04][mem: 1.11e+04](400.3 ms)
INFO:root:[6,  2300/ 2562] - [Autoencoder Training] [Autoencoder Loss: 0.2809] [autoencoder lr: 1.00e-04][mem: 1.11e+04](400.3 ms)
INFO:root:[6,  2400/ 2562] - [Autoencoder Training] [Autoencoder Loss: 0.2808] [autoencoder lr: 1.00e-04][mem: 1.11e+04](400.3 ms)
INFO:root:[6,  2500/ 2562] - [Autoencoder Training] [Autoencoder Loss: 0.2807] [autoencoder lr: 1.00e-04][mem: 1.11e+04](400.3 ms)
INFO:root: - - Epoch: 7 - - 
INFO:faiss.loader:Loading faiss with AVX2 support.
INFO:faiss.loader:Successfully loaded faiss with AVX2 support.
INFO:faiss.loader:Loading faiss with AVX2 support.
INFO:faiss.loader:Successfully loaded faiss with AVX2 support.
INFO:faiss.loader:Loading faiss with AVX2 support.
INFO:faiss.loader:Successfully loaded faiss with AVX2 support.
INFO:faiss.loader:Loading faiss with AVX2 support.
INFO:faiss.loader:Successfully loaded faiss with AVX2 support.
INFO:faiss.loader:Loading faiss with AVX2 support.
INFO:faiss.loader:Successfully loaded faiss with AVX2 support.
INFO:faiss.loader:Loading faiss with AVX2 support.
INFO:faiss.loader:Successfully loaded faiss with AVX2 support.
INFO:faiss.loader:Loading faiss with AVX2 support.
INFO:faiss.loader:Successfully loaded faiss with AVX2 support.
INFO:faiss.loader:Loading faiss with AVX2 support.
INFO:faiss.loader:Successfully loaded faiss with AVX2 support.
INFO:faiss.loader:Loading faiss with AVX2 support.
INFO:faiss.loader:Successfully loaded faiss with AVX2 support.
INFO:faiss.loader:Loading faiss with AVX2 support.
INFO:faiss.loader:Successfully loaded faiss with AVX2 support.
INFO:faiss.loader:Loading faiss with AVX2 support.
INFO:faiss.loader:Successfully loaded faiss with AVX2 support.
INFO:faiss.loader:Loading faiss with AVX2 support.
INFO:faiss.loader:Successfully loaded faiss with AVX2 support.
INFO:faiss.loader:Loading faiss with AVX2 support.
INFO:faiss.loader:Successfully loaded faiss with AVX2 support.
INFO:faiss.loader:Loading faiss with AVX2 support.
INFO:faiss.loader:Successfully loaded faiss with AVX2 support.
INFO:faiss.loader:Loading faiss with AVX2 support.
INFO:faiss.loader:Successfully loaded faiss with AVX2 support.
INFO:faiss.loader:Loading faiss with AVX2 support.
INFO:faiss.loader:Successfully loaded faiss with AVX2 support.
INFO:root:[7,     0/ 2562] - [Autoencoder Training] [Autoencoder Loss: 0.2806] [autoencoder lr: 1.00e-04][mem: 1.11e+04](400.2 ms)
INFO:root:[7,   100/ 2562] - [Autoencoder Training] [Autoencoder Loss: 0.2805] [autoencoder lr: 1.00e-04][mem: 1.11e+04](400.2 ms)
INFO:root:[7,   200/ 2562] - [Autoencoder Training] [Autoencoder Loss: 0.2804] [autoencoder lr: 1.00e-04][mem: 1.11e+04](400.2 ms)
INFO:root:[7,   300/ 2562] - [Autoencoder Training] [Autoencoder Loss: 0.2803] [autoencoder lr: 1.00e-04][mem: 1.11e+04](400.2 ms)
INFO:root:[7,   400/ 2562] - [Autoencoder Training] [Autoencoder Loss: 0.2802] [autoencoder lr: 1.00e-04][mem: 1.11e+04](400.2 ms)
INFO:root:[7,   500/ 2562] - [Autoencoder Training] [Autoencoder Loss: 0.2801] [autoencoder lr: 1.00e-04][mem: 1.11e+04](400.2 ms)
INFO:root:[7,   600/ 2562] - [Autoencoder Training] [Autoencoder Loss: 0.2800] [autoencoder lr: 1.00e-04][mem: 1.11e+04](400.2 ms)
INFO:root:[7,   700/ 2562] - [Autoencoder Training] [Autoencoder Loss: 0.2799] [autoencoder lr: 1.00e-04][mem: 1.11e+04](400.2 ms)
INFO:root:[7,   800/ 2562] - [Autoencoder Training] [Autoencoder Loss: 0.2798] [autoencoder lr: 1.00e-04][mem: 1.11e+04](400.2 ms)
INFO:root:[7,   900/ 2562] - [Autoencoder Training] [Autoencoder Loss: 0.2797] [autoencoder lr: 1.00e-04][mem: 1.11e+04](400.2 ms)
INFO:root:[7,  1000/ 2562] - [Autoencoder Training] [Autoencoder Loss: 0.2796] [autoencoder lr: 1.00e-04][mem: 1.11e+04](400.2 ms)
INFO:root:[7,  1100/ 2562] - [Autoencoder Training] [Autoencoder Loss: 0.2796] [autoencoder lr: 1.00e-04][mem: 1.11e+04](400.2 ms)
INFO:root:[7,  1200/ 2562] - [Autoencoder Training] [Autoencoder Loss: 0.2795] [autoencoder lr: 1.00e-04][mem: 1.11e+04](400.2 ms)
INFO:root:[7,  1300/ 2562] - [Autoencoder Training] [Autoencoder Loss: 0.2794] [autoencoder lr: 1.00e-04][mem: 1.11e+04](400.2 ms)
INFO:root:[7,  1400/ 2562] - [Autoencoder Training] [Autoencoder Loss: 0.2793] [autoencoder lr: 1.00e-04][mem: 1.11e+04](400.2 ms)
INFO:root:[7,  1500/ 2562] - [Autoencoder Training] [Autoencoder Loss: 0.2792] [autoencoder lr: 1.00e-04][mem: 1.11e+04](400.2 ms)
INFO:root:[7,  1600/ 2562] - [Autoencoder Training] [Autoencoder Loss: 0.2791] [autoencoder lr: 1.00e-04][mem: 1.11e+04](400.2 ms)
INFO:root:[7,  1700/ 2562] - [Autoencoder Training] [Autoencoder Loss: 0.2790] [autoencoder lr: 1.00e-04][mem: 1.11e+04](400.2 ms)
INFO:root:[7,  1800/ 2562] - [Autoencoder Training] [Autoencoder Loss: 0.2789] [autoencoder lr: 1.00e-04][mem: 1.11e+04](400.2 ms)
INFO:root:[7,  1900/ 2562] - [Autoencoder Training] [Autoencoder Loss: 0.2789] [autoencoder lr: 1.00e-04][mem: 1.11e+04](400.2 ms)
INFO:root:[7,  2000/ 2562] - [Autoencoder Training] [Autoencoder Loss: 0.2788] [autoencoder lr: 1.00e-04][mem: 1.11e+04](400.2 ms)
INFO:root:[7,  2100/ 2562] - [Autoencoder Training] [Autoencoder Loss: 0.2787] [autoencoder lr: 1.00e-04][mem: 1.11e+04](400.1 ms)
INFO:root:[7,  2200/ 2562] - [Autoencoder Training] [Autoencoder Loss: 0.2786] [autoencoder lr: 1.00e-04][mem: 1.11e+04](400.1 ms)
INFO:root:[7,  2300/ 2562] - [Autoencoder Training] [Autoencoder Loss: 0.2785] [autoencoder lr: 1.00e-04][mem: 1.11e+04](400.1 ms)
INFO:root:[7,  2400/ 2562] - [Autoencoder Training] [Autoencoder Loss: 0.2785] [autoencoder lr: 1.00e-04][mem: 1.11e+04](400.1 ms)
INFO:root:[7,  2500/ 2562] - [Autoencoder Training] [Autoencoder Loss: 0.2784] [autoencoder lr: 1.00e-04][mem: 1.11e+04](400.1 ms)
INFO:root: - - Epoch: 8 - - 
INFO:faiss.loader:Loading faiss with AVX2 support.
INFO:faiss.loader:Successfully loaded faiss with AVX2 support.
INFO:faiss.loader:Loading faiss with AVX2 support.
INFO:faiss.loader:Successfully loaded faiss with AVX2 support.
INFO:faiss.loader:Loading faiss with AVX2 support.
INFO:faiss.loader:Successfully loaded faiss with AVX2 support.
INFO:faiss.loader:Loading faiss with AVX2 support.
INFO:faiss.loader:Successfully loaded faiss with AVX2 support.
INFO:faiss.loader:Loading faiss with AVX2 support.
INFO:faiss.loader:Successfully loaded faiss with AVX2 support.
INFO:faiss.loader:Loading faiss with AVX2 support.
INFO:faiss.loader:Successfully loaded faiss with AVX2 support.
INFO:faiss.loader:Loading faiss with AVX2 support.
INFO:faiss.loader:Successfully loaded faiss with AVX2 support.
INFO:faiss.loader:Loading faiss with AVX2 support.
INFO:faiss.loader:Successfully loaded faiss with AVX2 support.
INFO:faiss.loader:Loading faiss with AVX2 support.
INFO:faiss.loader:Successfully loaded faiss with AVX2 support.
INFO:faiss.loader:Loading faiss with AVX2 support.
INFO:faiss.loader:Successfully loaded faiss with AVX2 support.
INFO:faiss.loader:Loading faiss with AVX2 support.
INFO:faiss.loader:Successfully loaded faiss with AVX2 support.
INFO:faiss.loader:Loading faiss with AVX2 support.
INFO:faiss.loader:Successfully loaded faiss with AVX2 support.
INFO:faiss.loader:Loading faiss with AVX2 support.
INFO:faiss.loader:Successfully loaded faiss with AVX2 support.
INFO:faiss.loader:Loading faiss with AVX2 support.
INFO:faiss.loader:Successfully loaded faiss with AVX2 support.
INFO:faiss.loader:Loading faiss with AVX2 support.
INFO:faiss.loader:Successfully loaded faiss with AVX2 support.
INFO:faiss.loader:Loading faiss with AVX2 support.
INFO:faiss.loader:Successfully loaded faiss with AVX2 support.
INFO:root:[8,     0/ 2562] - [Autoencoder Training] [Autoencoder Loss: 0.2783] [autoencoder lr: 1.00e-04][mem: 1.11e+04](400.1 ms)
INFO:root:[8,   100/ 2562] - [Autoencoder Training] [Autoencoder Loss: 0.2783] [autoencoder lr: 1.00e-04][mem: 1.11e+04](400.4 ms)
INFO:root:[8,   200/ 2562] - [Autoencoder Training] [Autoencoder Loss: 0.2782] [autoencoder lr: 1.00e-04][mem: 1.11e+04](400.4 ms)
INFO:root:[8,   300/ 2562] - [Autoencoder Training] [Autoencoder Loss: 0.2781] [autoencoder lr: 1.00e-04][mem: 1.11e+04](400.4 ms)
INFO:root:[8,   400/ 2562] - [Autoencoder Training] [Autoencoder Loss: 0.2780] [autoencoder lr: 1.00e-04][mem: 1.11e+04](400.4 ms)
INFO:root:[8,   500/ 2562] - [Autoencoder Training] [Autoencoder Loss: 0.2780] [autoencoder lr: 1.00e-04][mem: 1.11e+04](400.4 ms)
INFO:root:[8,   600/ 2562] - [Autoencoder Training] [Autoencoder Loss: 0.2779] [autoencoder lr: 1.00e-04][mem: 1.11e+04](400.3 ms)
INFO:root:[8,   700/ 2562] - [Autoencoder Training] [Autoencoder Loss: 0.2778] [autoencoder lr: 1.00e-04][mem: 1.11e+04](400.3 ms)
INFO:root:[8,   800/ 2562] - [Autoencoder Training] [Autoencoder Loss: 0.2777] [autoencoder lr: 1.00e-04][mem: 1.11e+04](400.3 ms)
INFO:root:[8,   900/ 2562] - [Autoencoder Training] [Autoencoder Loss: 0.2777] [autoencoder lr: 1.00e-04][mem: 1.11e+04](400.3 ms)
INFO:root:[8,  1000/ 2562] - [Autoencoder Training] [Autoencoder Loss: 0.2776] [autoencoder lr: 1.00e-04][mem: 1.11e+04](400.3 ms)
INFO:root:[8,  1100/ 2562] - [Autoencoder Training] [Autoencoder Loss: 0.2775] [autoencoder lr: 1.00e-04][mem: 1.11e+04](400.3 ms)
INFO:root:[8,  1200/ 2562] - [Autoencoder Training] [Autoencoder Loss: 0.2775] [autoencoder lr: 1.00e-04][mem: 1.11e+04](400.3 ms)
INFO:root:[8,  1300/ 2562] - [Autoencoder Training] [Autoencoder Loss: 0.2774] [autoencoder lr: 1.00e-04][mem: 1.11e+04](400.3 ms)
INFO:root:[8,  1400/ 2562] - [Autoencoder Training] [Autoencoder Loss: 0.2773] [autoencoder lr: 1.00e-04][mem: 1.11e+04](400.3 ms)
INFO:root:[8,  1500/ 2562] - [Autoencoder Training] [Autoencoder Loss: 0.2773] [autoencoder lr: 1.00e-04][mem: 1.11e+04](400.3 ms)
INFO:root:[8,  1600/ 2562] - [Autoencoder Training] [Autoencoder Loss: 0.2772] [autoencoder lr: 1.00e-04][mem: 1.11e+04](400.3 ms)
INFO:root:[8,  1700/ 2562] - [Autoencoder Training] [Autoencoder Loss: 0.2771] [autoencoder lr: 1.00e-04][mem: 1.11e+04](400.3 ms)
INFO:root:[8,  1800/ 2562] - [Autoencoder Training] [Autoencoder Loss: 0.2771] [autoencoder lr: 1.00e-04][mem: 1.11e+04](400.3 ms)
INFO:root:[8,  1900/ 2562] - [Autoencoder Training] [Autoencoder Loss: 0.2770] [autoencoder lr: 1.00e-04][mem: 1.11e+04](400.3 ms)
INFO:root:[8,  2000/ 2562] - [Autoencoder Training] [Autoencoder Loss: 0.2769] [autoencoder lr: 1.00e-04][mem: 1.11e+04](400.3 ms)
INFO:root:[8,  2100/ 2562] - [Autoencoder Training] [Autoencoder Loss: 0.2769] [autoencoder lr: 1.00e-04][mem: 1.11e+04](400.3 ms)
INFO:root:[8,  2200/ 2562] - [Autoencoder Training] [Autoencoder Loss: 0.2768] [autoencoder lr: 1.00e-04][mem: 1.11e+04](400.2 ms)
INFO:root:[8,  2300/ 2562] - [Autoencoder Training] [Autoencoder Loss: 0.2768] [autoencoder lr: 1.00e-04][mem: 1.11e+04](400.2 ms)
INFO:root:[8,  2400/ 2562] - [Autoencoder Training] [Autoencoder Loss: 0.2767] [autoencoder lr: 1.00e-04][mem: 1.11e+04](400.2 ms)
INFO:root:[8,  2500/ 2562] - [Autoencoder Training] [Autoencoder Loss: 0.2766] [autoencoder lr: 1.00e-04][mem: 1.11e+04](400.2 ms)
INFO:root: - - Epoch: 9 - - 
INFO:faiss.loader:Loading faiss with AVX2 support.
INFO:faiss.loader:Successfully loaded faiss with AVX2 support.
INFO:faiss.loader:Loading faiss with AVX2 support.
INFO:faiss.loader:Successfully loaded faiss with AVX2 support.
INFO:faiss.loader:Loading faiss with AVX2 support.
INFO:faiss.loader:Successfully loaded faiss with AVX2 support.
INFO:faiss.loader:Loading faiss with AVX2 support.
INFO:faiss.loader:Successfully loaded faiss with AVX2 support.
INFO:faiss.loader:Loading faiss with AVX2 support.
INFO:faiss.loader:Successfully loaded faiss with AVX2 support.
INFO:faiss.loader:Loading faiss with AVX2 support.
INFO:faiss.loader:Successfully loaded faiss with AVX2 support.
INFO:faiss.loader:Loading faiss with AVX2 support.
INFO:faiss.loader:Successfully loaded faiss with AVX2 support.
INFO:faiss.loader:Loading faiss with AVX2 support.
INFO:faiss.loader:Successfully loaded faiss with AVX2 support.
INFO:faiss.loader:Loading faiss with AVX2 support.
INFO:faiss.loader:Successfully loaded faiss with AVX2 support.
INFO:faiss.loader:Loading faiss with AVX2 support.
INFO:faiss.loader:Successfully loaded faiss with AVX2 support.
INFO:faiss.loader:Loading faiss with AVX2 support.
INFO:faiss.loader:Successfully loaded faiss with AVX2 support.
INFO:faiss.loader:Loading faiss with AVX2 support.
INFO:faiss.loader:Successfully loaded faiss with AVX2 support.
INFO:faiss.loader:Loading faiss with AVX2 support.
INFO:faiss.loader:Successfully loaded faiss with AVX2 support.
INFO:faiss.loader:Loading faiss with AVX2 support.
INFO:faiss.loader:Successfully loaded faiss with AVX2 support.
INFO:faiss.loader:Loading faiss with AVX2 support.
INFO:faiss.loader:Successfully loaded faiss with AVX2 support.
INFO:faiss.loader:Loading faiss with AVX2 support.
INFO:faiss.loader:Successfully loaded faiss with AVX2 support.
INFO:root:[9,     0/ 2562] - [Autoencoder Training] [Autoencoder Loss: 0.2766] [autoencoder lr: 1.00e-04][mem: 1.11e+04](400.2 ms)
INFO:root:[9,   100/ 2562] - [Autoencoder Training] [Autoencoder Loss: 0.2765] [autoencoder lr: 1.00e-04][mem: 1.11e+04](400.2 ms)
INFO:root:[9,   200/ 2562] - [Autoencoder Training] [Autoencoder Loss: 0.2765] [autoencoder lr: 1.00e-04][mem: 1.11e+04](400.2 ms)
INFO:root:[9,   300/ 2562] - [Autoencoder Training] [Autoencoder Loss: 0.2764] [autoencoder lr: 1.00e-04][mem: 1.11e+04](400.2 ms)
INFO:root:[9,   400/ 2562] - [Autoencoder Training] [Autoencoder Loss: 0.2764] [autoencoder lr: 1.00e-04][mem: 1.11e+04](400.2 ms)
INFO:root:[9,   500/ 2562] - [Autoencoder Training] [Autoencoder Loss: 0.2763] [autoencoder lr: 1.00e-04][mem: 1.11e+04](400.2 ms)
INFO:root:[9,   600/ 2562] - [Autoencoder Training] [Autoencoder Loss: 0.2762] [autoencoder lr: 1.00e-04][mem: 1.11e+04](400.2 ms)
INFO:root:[9,   700/ 2562] - [Autoencoder Training] [Autoencoder Loss: 0.2762] [autoencoder lr: 1.00e-04][mem: 1.11e+04](400.2 ms)
INFO:root:[9,   800/ 2562] - [Autoencoder Training] [Autoencoder Loss: 0.2761] [autoencoder lr: 1.00e-04][mem: 1.11e+04](400.2 ms)
INFO:root:[9,   900/ 2562] - [Autoencoder Training] [Autoencoder Loss: 0.2761] [autoencoder lr: 1.00e-04][mem: 1.11e+04](400.2 ms)
INFO:root:[9,  1000/ 2562] - [Autoencoder Training] [Autoencoder Loss: 0.2760] [autoencoder lr: 1.00e-04][mem: 1.11e+04](400.2 ms)
INFO:root:[9,  1100/ 2562] - [Autoencoder Training] [Autoencoder Loss: 0.2760] [autoencoder lr: 1.00e-04][mem: 1.11e+04](400.2 ms)
INFO:root:[9,  1200/ 2562] - [Autoencoder Training] [Autoencoder Loss: 0.2759] [autoencoder lr: 1.00e-04][mem: 1.11e+04](400.2 ms)
INFO:root:[9,  1300/ 2562] - [Autoencoder Training] [Autoencoder Loss: 0.2758] [autoencoder lr: 1.00e-04][mem: 1.11e+04](400.2 ms)
INFO:root:[9,  1400/ 2562] - [Autoencoder Training] [Autoencoder Loss: 0.2758] [autoencoder lr: 1.00e-04][mem: 1.11e+04](400.2 ms)
INFO:root:[9,  1500/ 2562] - [Autoencoder Training] [Autoencoder Loss: 0.2757] [autoencoder lr: 1.00e-04][mem: 1.11e+04](400.2 ms)
INFO:root:[9,  1600/ 2562] - [Autoencoder Training] [Autoencoder Loss: 0.2757] [autoencoder lr: 1.00e-04][mem: 1.11e+04](400.2 ms)
INFO:root:[9,  1700/ 2562] - [Autoencoder Training] [Autoencoder Loss: 0.2756] [autoencoder lr: 1.00e-04][mem: 1.11e+04](400.2 ms)
INFO:root:[9,  1800/ 2562] - [Autoencoder Training] [Autoencoder Loss: 0.2756] [autoencoder lr: 1.00e-04][mem: 1.11e+04](400.2 ms)
INFO:root:[9,  1900/ 2562] - [Autoencoder Training] [Autoencoder Loss: 0.2755] [autoencoder lr: 1.00e-04][mem: 1.11e+04](400.2 ms)
INFO:root:[9,  2000/ 2562] - [Autoencoder Training] [Autoencoder Loss: 0.2755] [autoencoder lr: 1.00e-04][mem: 1.11e+04](400.2 ms)
INFO:root:[9,  2100/ 2562] - [Autoencoder Training] [Autoencoder Loss: 0.2754] [autoencoder lr: 1.00e-04][mem: 1.11e+04](400.4 ms)
INFO:root:[9,  2200/ 2562] - [Autoencoder Training] [Autoencoder Loss: 0.2754] [autoencoder lr: 1.00e-04][mem: 1.11e+04](400.4 ms)
INFO:root:[9,  2300/ 2562] - [Autoencoder Training] [Autoencoder Loss: 0.2753] [autoencoder lr: 1.00e-04][mem: 1.11e+04](400.4 ms)
INFO:root:[9,  2400/ 2562] - [Autoencoder Training] [Autoencoder Loss: 0.2753] [autoencoder lr: 1.00e-04][mem: 1.11e+04](400.4 ms)
INFO:root:[9,  2500/ 2562] - [Autoencoder Training] [Autoencoder Loss: 0.2752] [autoencoder lr: 1.00e-04][mem: 1.11e+04](400.4 ms)
INFO:root: - - Epoch: 10 - - 
INFO:faiss.loader:Loading faiss with AVX2 support.
INFO:faiss.loader:Successfully loaded faiss with AVX2 support.
INFO:faiss.loader:Loading faiss with AVX2 support.
INFO:faiss.loader:Successfully loaded faiss with AVX2 support.
INFO:faiss.loader:Loading faiss with AVX2 support.
INFO:faiss.loader:Successfully loaded faiss with AVX2 support.
INFO:faiss.loader:Loading faiss with AVX2 support.
INFO:faiss.loader:Successfully loaded faiss with AVX2 support.
INFO:faiss.loader:Loading faiss with AVX2 support.
INFO:faiss.loader:Successfully loaded faiss with AVX2 support.
INFO:faiss.loader:Loading faiss with AVX2 support.
INFO:faiss.loader:Successfully loaded faiss with AVX2 support.
INFO:faiss.loader:Loading faiss with AVX2 support.
INFO:faiss.loader:Successfully loaded faiss with AVX2 support.
INFO:faiss.loader:Loading faiss with AVX2 support.
INFO:faiss.loader:Successfully loaded faiss with AVX2 support.
INFO:faiss.loader:Loading faiss with AVX2 support.
INFO:faiss.loader:Successfully loaded faiss with AVX2 support.
INFO:faiss.loader:Loading faiss with AVX2 support.
INFO:faiss.loader:Successfully loaded faiss with AVX2 support.
INFO:faiss.loader:Loading faiss with AVX2 support.
INFO:faiss.loader:Successfully loaded faiss with AVX2 support.
INFO:faiss.loader:Loading faiss with AVX2 support.
INFO:faiss.loader:Successfully loaded faiss with AVX2 support.
INFO:faiss.loader:Loading faiss with AVX2 support.
INFO:faiss.loader:Successfully loaded faiss with AVX2 support.
INFO:faiss.loader:Loading faiss with AVX2 support.
INFO:faiss.loader:Successfully loaded faiss with AVX2 support.
INFO:faiss.loader:Loading faiss with AVX2 support.
INFO:faiss.loader:Successfully loaded faiss with AVX2 support.
INFO:faiss.loader:Loading faiss with AVX2 support.
INFO:faiss.loader:Successfully loaded faiss with AVX2 support.
INFO:root:[10,     0/ 2562] - [Autoencoder Training] [Autoencoder Loss: 0.2752] [autoencoder lr: 1.00e-04][mem: 1.11e+04](400.4 ms)
INFO:root:[10,   100/ 2562] - [Autoencoder Training] [Autoencoder Loss: 0.2751] [autoencoder lr: 1.00e-04][mem: 1.11e+04](400.4 ms)
INFO:root:[10,   200/ 2562] - [Autoencoder Training] [Autoencoder Loss: 0.2751] [autoencoder lr: 1.00e-04][mem: 1.11e+04](400.4 ms)
INFO:root:[10,   300/ 2562] - [Autoencoder Training] [Autoencoder Loss: 0.2750] [autoencoder lr: 1.00e-04][mem: 1.11e+04](400.4 ms)
INFO:root:[10,   400/ 2562] - [Autoencoder Training] [Autoencoder Loss: 0.2750] [autoencoder lr: 1.00e-04][mem: 1.11e+04](400.4 ms)
INFO:root:[10,   500/ 2562] - [Autoencoder Training] [Autoencoder Loss: 0.2750] [autoencoder lr: 1.00e-04][mem: 1.11e+04](400.4 ms)
INFO:root:[10,   600/ 2562] - [Autoencoder Training] [Autoencoder Loss: 0.2749] [autoencoder lr: 1.00e-04][mem: 1.11e+04](400.4 ms)
INFO:root:[10,   700/ 2562] - [Autoencoder Training] [Autoencoder Loss: 0.2749] [autoencoder lr: 1.00e-04][mem: 1.11e+04](400.4 ms)
INFO:root:[10,   800/ 2562] - [Autoencoder Training] [Autoencoder Loss: 0.2748] [autoencoder lr: 1.00e-04][mem: 1.11e+04](400.4 ms)
INFO:root:[10,   900/ 2562] - [Autoencoder Training] [Autoencoder Loss: 0.2748] [autoencoder lr: 1.00e-04][mem: 1.11e+04](400.4 ms)
INFO:root:[10,  1000/ 2562] - [Autoencoder Training] [Autoencoder Loss: 0.2747] [autoencoder lr: 1.00e-04][mem: 1.11e+04](400.4 ms)
INFO:root:[10,  1100/ 2562] - [Autoencoder Training] [Autoencoder Loss: 0.2747] [autoencoder lr: 1.00e-04][mem: 1.11e+04](400.4 ms)
INFO:root:[10,  1200/ 2562] - [Autoencoder Training] [Autoencoder Loss: 0.2746] [autoencoder lr: 1.00e-04][mem: 1.11e+04](400.4 ms)
INFO:root:[10,  1300/ 2562] - [Autoencoder Training] [Autoencoder Loss: 0.2746] [autoencoder lr: 1.00e-04][mem: 1.11e+04](400.4 ms)
INFO:root:[10,  1400/ 2562] - [Autoencoder Training] [Autoencoder Loss: 0.2745] [autoencoder lr: 1.00e-04][mem: 1.11e+04](400.4 ms)
INFO:root:[10,  1500/ 2562] - [Autoencoder Training] [Autoencoder Loss: 0.2745] [autoencoder lr: 1.00e-04][mem: 1.11e+04](400.4 ms)
INFO:root:[10,  1600/ 2562] - [Autoencoder Training] [Autoencoder Loss: 0.2745] [autoencoder lr: 1.00e-04][mem: 1.11e+04](400.4 ms)
INFO:root:[10,  1700/ 2562] - [Autoencoder Training] [Autoencoder Loss: 0.2744] [autoencoder lr: 1.00e-04][mem: 1.11e+04](400.4 ms)
INFO:root:[10,  1800/ 2562] - [Autoencoder Training] [Autoencoder Loss: 0.2744] [autoencoder lr: 1.00e-04][mem: 1.11e+04](400.4 ms)
INFO:root:[10,  1900/ 2562] - [Autoencoder Training] [Autoencoder Loss: 0.2743] [autoencoder lr: 1.00e-04][mem: 1.11e+04](400.4 ms)
INFO:root:[10,  2000/ 2562] - [Autoencoder Training] [Autoencoder Loss: 0.2743] [autoencoder lr: 1.00e-04][mem: 1.11e+04](400.4 ms)
INFO:root:[10,  2100/ 2562] - [Autoencoder Training] [Autoencoder Loss: 0.2742] [autoencoder lr: 1.00e-04][mem: 1.11e+04](400.4 ms)
INFO:root:[10,  2200/ 2562] - [Autoencoder Training] [Autoencoder Loss: 0.2742] [autoencoder lr: 1.00e-04][mem: 1.11e+04](400.4 ms)
INFO:root:[10,  2300/ 2562] - [Autoencoder Training] [Autoencoder Loss: 0.2742] [autoencoder lr: 1.00e-04][mem: 1.11e+04](400.4 ms)
INFO:root:[10,  2400/ 2562] - [Autoencoder Training] [Autoencoder Loss: 0.2741] [autoencoder lr: 1.00e-04][mem: 1.11e+04](400.4 ms)
INFO:root:[10,  2500/ 2562] - [Autoencoder Training] [Autoencoder Loss: 0.2741] [autoencoder lr: 1.00e-04][mem: 1.11e+04](400.4 ms)
INFO:root: - - Epoch: 11 - - 
INFO:faiss.loader:Loading faiss with AVX2 support.
INFO:faiss.loader:Successfully loaded faiss with AVX2 support.
INFO:faiss.loader:Loading faiss with AVX2 support.
INFO:faiss.loader:Successfully loaded faiss with AVX2 support.
INFO:faiss.loader:Loading faiss with AVX2 support.
INFO:faiss.loader:Successfully loaded faiss with AVX2 support.
INFO:faiss.loader:Loading faiss with AVX2 support.
INFO:faiss.loader:Successfully loaded faiss with AVX2 support.
INFO:faiss.loader:Loading faiss with AVX2 support.
INFO:faiss.loader:Successfully loaded faiss with AVX2 support.
INFO:faiss.loader:Loading faiss with AVX2 support.
INFO:faiss.loader:Successfully loaded faiss with AVX2 support.
INFO:faiss.loader:Loading faiss with AVX2 support.
INFO:faiss.loader:Successfully loaded faiss with AVX2 support.
INFO:faiss.loader:Loading faiss with AVX2 support.
INFO:faiss.loader:Successfully loaded faiss with AVX2 support.
INFO:faiss.loader:Loading faiss with AVX2 support.
INFO:faiss.loader:Successfully loaded faiss with AVX2 support.
INFO:faiss.loader:Loading faiss with AVX2 support.
INFO:faiss.loader:Successfully loaded faiss with AVX2 support.
INFO:faiss.loader:Loading faiss with AVX2 support.
INFO:faiss.loader:Successfully loaded faiss with AVX2 support.
INFO:faiss.loader:Loading faiss with AVX2 support.
INFO:faiss.loader:Successfully loaded faiss with AVX2 support.
INFO:faiss.loader:Loading faiss with AVX2 support.
INFO:faiss.loader:Successfully loaded faiss with AVX2 support.
INFO:faiss.loader:Loading faiss with AVX2 support.
INFO:faiss.loader:Successfully loaded faiss with AVX2 support.
INFO:faiss.loader:Loading faiss with AVX2 support.
INFO:faiss.loader:Successfully loaded faiss with AVX2 support.
INFO:faiss.loader:Loading faiss with AVX2 support.
INFO:faiss.loader:Successfully loaded faiss with AVX2 support.
INFO:root:[11,     0/ 2562] - [Autoencoder Training] [Autoencoder Loss: 0.2741] [autoencoder lr: 1.00e-04][mem: 1.11e+04](400.4 ms)
INFO:root:[11,   100/ 2562] - [Autoencoder Training] [Autoencoder Loss: 0.2740] [autoencoder lr: 1.00e-04][mem: 1.11e+04](400.4 ms)
INFO:root:[11,   200/ 2562] - [Autoencoder Training] [Autoencoder Loss: 0.2740] [autoencoder lr: 1.00e-04][mem: 1.11e+04](400.3 ms)
INFO:root:[11,   300/ 2562] - [Autoencoder Training] [Autoencoder Loss: 0.2739] [autoencoder lr: 1.00e-04][mem: 1.11e+04](400.3 ms)
INFO:root:[11,   400/ 2562] - [Autoencoder Training] [Autoencoder Loss: 0.2739] [autoencoder lr: 1.00e-04][mem: 1.11e+04](400.3 ms)
INFO:root:[11,   500/ 2562] - [Autoencoder Training] [Autoencoder Loss: 0.2739] [autoencoder lr: 9.99e-05][mem: 1.11e+04](400.3 ms)
INFO:root:[11,   600/ 2562] - [Autoencoder Training] [Autoencoder Loss: 0.2738] [autoencoder lr: 9.99e-05][mem: 1.11e+04](400.3 ms)
INFO:root:[11,   700/ 2562] - [Autoencoder Training] [Autoencoder Loss: 0.2738] [autoencoder lr: 9.99e-05][mem: 1.11e+04](400.3 ms)
INFO:root:[11,   800/ 2562] - [Autoencoder Training] [Autoencoder Loss: 0.2737] [autoencoder lr: 9.98e-05][mem: 1.11e+04](400.3 ms)
INFO:root:[11,   900/ 2562] - [Autoencoder Training] [Autoencoder Loss: 0.2737] [autoencoder lr: 9.98e-05][mem: 1.11e+04](400.3 ms)
INFO:root:[11,  1000/ 2562] - [Autoencoder Training] [Autoencoder Loss: 0.2737] [autoencoder lr: 9.97e-05][mem: 1.11e+04](400.3 ms)
INFO:root:[11,  1100/ 2562] - [Autoencoder Training] [Autoencoder Loss: 0.2736] [autoencoder lr: 9.97e-05][mem: 1.11e+04](400.3 ms)
INFO:root:[11,  1200/ 2562] - [Autoencoder Training] [Autoencoder Loss: 0.2736] [autoencoder lr: 9.96e-05][mem: 1.11e+04](400.3 ms)
INFO:root:[11,  1300/ 2562] - [Autoencoder Training] [Autoencoder Loss: 0.2736] [autoencoder lr: 9.96e-05][mem: 1.11e+04](400.3 ms)
INFO:root:[11,  1400/ 2562] - [Autoencoder Training] [Autoencoder Loss: 0.2735] [autoencoder lr: 9.95e-05][mem: 1.11e+04](400.3 ms)
INFO:root:[11,  1500/ 2562] - [Autoencoder Training] [Autoencoder Loss: 0.2735] [autoencoder lr: 9.94e-05][mem: 1.11e+04](400.3 ms)
INFO:root:[11,  1600/ 2562] - [Autoencoder Training] [Autoencoder Loss: 0.2735] [autoencoder lr: 9.93e-05][mem: 1.11e+04](400.3 ms)
INFO:root:[11,  1700/ 2562] - [Autoencoder Training] [Autoencoder Loss: 0.2734] [autoencoder lr: 9.93e-05][mem: 1.11e+04](400.3 ms)
INFO:root:[11,  1800/ 2562] - [Autoencoder Training] [Autoencoder Loss: 0.2734] [autoencoder lr: 9.92e-05][mem: 1.11e+04](400.3 ms)
INFO:root:[11,  1900/ 2562] - [Autoencoder Training] [Autoencoder Loss: 0.2733] [autoencoder lr: 9.91e-05][mem: 1.11e+04](400.3 ms)
INFO:root:[11,  2000/ 2562] - [Autoencoder Training] [Autoencoder Loss: 0.2733] [autoencoder lr: 9.90e-05][mem: 1.11e+04](400.3 ms)
INFO:root:[11,  2100/ 2562] - [Autoencoder Training] [Autoencoder Loss: 0.2733] [autoencoder lr: 9.89e-05][mem: 1.11e+04](400.3 ms)
INFO:root:[11,  2200/ 2562] - [Autoencoder Training] [Autoencoder Loss: 0.2732] [autoencoder lr: 9.88e-05][mem: 1.11e+04](400.3 ms)
INFO:root:[11,  2300/ 2562] - [Autoencoder Training] [Autoencoder Loss: 0.2732] [autoencoder lr: 9.86e-05][mem: 1.11e+04](400.2 ms)
INFO:root:[11,  2400/ 2562] - [Autoencoder Training] [Autoencoder Loss: 0.2732] [autoencoder lr: 9.85e-05][mem: 1.11e+04](400.2 ms)
INFO:root:[11,  2500/ 2562] - [Autoencoder Training] [Autoencoder Loss: 0.2731] [autoencoder lr: 9.84e-05][mem: 1.11e+04](400.2 ms)
INFO:root: - - Epoch: 12 - - 
INFO:faiss.loader:Loading faiss with AVX2 support.
INFO:faiss.loader:Successfully loaded faiss with AVX2 support.
INFO:faiss.loader:Loading faiss with AVX2 support.
INFO:faiss.loader:Successfully loaded faiss with AVX2 support.
INFO:faiss.loader:Loading faiss with AVX2 support.
INFO:faiss.loader:Successfully loaded faiss with AVX2 support.
INFO:faiss.loader:Loading faiss with AVX2 support.
INFO:faiss.loader:Successfully loaded faiss with AVX2 support.
INFO:faiss.loader:Loading faiss with AVX2 support.
INFO:faiss.loader:Successfully loaded faiss with AVX2 support.
INFO:faiss.loader:Loading faiss with AVX2 support.
INFO:faiss.loader:Successfully loaded faiss with AVX2 support.
INFO:faiss.loader:Loading faiss with AVX2 support.
INFO:faiss.loader:Successfully loaded faiss with AVX2 support.
INFO:faiss.loader:Loading faiss with AVX2 support.
INFO:faiss.loader:Successfully loaded faiss with AVX2 support.
INFO:faiss.loader:Loading faiss with AVX2 support.
INFO:faiss.loader:Successfully loaded faiss with AVX2 support.
INFO:faiss.loader:Loading faiss with AVX2 support.
INFO:faiss.loader:Successfully loaded faiss with AVX2 support.
INFO:faiss.loader:Loading faiss with AVX2 support.
INFO:faiss.loader:Successfully loaded faiss with AVX2 support.
INFO:faiss.loader:Loading faiss with AVX2 support.
INFO:faiss.loader:Successfully loaded faiss with AVX2 support.
INFO:faiss.loader:Loading faiss with AVX2 support.
INFO:faiss.loader:Successfully loaded faiss with AVX2 support.
INFO:faiss.loader:Loading faiss with AVX2 support.
INFO:faiss.loader:Successfully loaded faiss with AVX2 support.
INFO:faiss.loader:Loading faiss with AVX2 support.
INFO:faiss.loader:Successfully loaded faiss with AVX2 support.
INFO:faiss.loader:Loading faiss with AVX2 support.
INFO:faiss.loader:Successfully loaded faiss with AVX2 support.
INFO:root:[12,     0/ 2562] - [Autoencoder Training] [Autoencoder Loss: 0.2731] [autoencoder lr: 9.83e-05][mem: 1.11e+04](400.2 ms)
INFO:root:[12,   100/ 2562] - [Autoencoder Training] [Autoencoder Loss: 0.2731] [autoencoder lr: 9.82e-05][mem: 1.11e+04](400.5 ms)
INFO:root:[12,   200/ 2562] - [Autoencoder Training] [Autoencoder Loss: 0.2730] [autoencoder lr: 9.81e-05][mem: 1.11e+04](400.5 ms)
INFO:root:[12,   300/ 2562] - [Autoencoder Training] [Autoencoder Loss: 0.2730] [autoencoder lr: 9.79e-05][mem: 1.11e+04](400.4 ms)
INFO:root:[12,   400/ 2562] - [Autoencoder Training] [Autoencoder Loss: 0.2730] [autoencoder lr: 9.78e-05][mem: 1.11e+04](400.4 ms)
INFO:root:[12,   500/ 2562] - [Autoencoder Training] [Autoencoder Loss: 0.2729] [autoencoder lr: 9.76e-05][mem: 1.11e+04](400.4 ms)
INFO:root:[12,   600/ 2562] - [Autoencoder Training] [Autoencoder Loss: 0.2729] [autoencoder lr: 9.75e-05][mem: 1.11e+04](400.4 ms)
INFO:root:[12,   700/ 2562] - [Autoencoder Training] [Autoencoder Loss: 0.2729] [autoencoder lr: 9.73e-05][mem: 1.11e+04](400.4 ms)
INFO:root:[12,   800/ 2562] - [Autoencoder Training] [Autoencoder Loss: 0.2728] [autoencoder lr: 9.72e-05][mem: 1.11e+04](400.4 ms)
INFO:root:[12,   900/ 2562] - [Autoencoder Training] [Autoencoder Loss: 0.2728] [autoencoder lr: 9.70e-05][mem: 1.11e+04](400.4 ms)
INFO:root:[12,  1000/ 2562] - [Autoencoder Training] [Autoencoder Loss: 0.2728] [autoencoder lr: 9.68e-05][mem: 1.11e+04](400.4 ms)
INFO:root:[12,  1100/ 2562] - [Autoencoder Training] [Autoencoder Loss: 0.2727] [autoencoder lr: 9.67e-05][mem: 1.11e+04](400.4 ms)
INFO:root:[12,  1200/ 2562] - [Autoencoder Training] [Autoencoder Loss: 0.2727] [autoencoder lr: 9.65e-05][mem: 1.11e+04](400.4 ms)
INFO:root:[12,  1300/ 2562] - [Autoencoder Training] [Autoencoder Loss: 0.2727] [autoencoder lr: 9.63e-05][mem: 1.11e+04](400.4 ms)
INFO:root:[12,  1400/ 2562] - [Autoencoder Training] [Autoencoder Loss: 0.2727] [autoencoder lr: 9.61e-05][mem: 1.11e+04](400.4 ms)
INFO:root:[12,  1500/ 2562] - [Autoencoder Training] [Autoencoder Loss: 0.2726] [autoencoder lr: 9.59e-05][mem: 1.11e+04](400.4 ms)
INFO:root:[12,  1600/ 2562] - [Autoencoder Training] [Autoencoder Loss: 0.2726] [autoencoder lr: 9.57e-05][mem: 1.11e+04](400.3 ms)
INFO:root:[12,  1700/ 2562] - [Autoencoder Training] [Autoencoder Loss: 0.2726] [autoencoder lr: 9.55e-05][mem: 1.11e+04](400.3 ms)
INFO:root:[12,  1800/ 2562] - [Autoencoder Training] [Autoencoder Loss: 0.2725] [autoencoder lr: 9.54e-05][mem: 1.11e+04](400.3 ms)
INFO:root:[12,  1900/ 2562] - [Autoencoder Training] [Autoencoder Loss: 0.2725] [autoencoder lr: 9.52e-05][mem: 1.11e+04](400.3 ms)
INFO:root:[12,  2000/ 2562] - [Autoencoder Training] [Autoencoder Loss: 0.2725] [autoencoder lr: 9.49e-05][mem: 1.11e+04](400.3 ms)
INFO:root:[12,  2100/ 2562] - [Autoencoder Training] [Autoencoder Loss: 0.2724] [autoencoder lr: 9.47e-05][mem: 1.11e+04](400.3 ms)
INFO:root:[12,  2200/ 2562] - [Autoencoder Training] [Autoencoder Loss: 0.2724] [autoencoder lr: 9.45e-05][mem: 1.11e+04](400.3 ms)
INFO:root:[12,  2300/ 2562] - [Autoencoder Training] [Autoencoder Loss: 0.2724] [autoencoder lr: 9.43e-05][mem: 1.11e+04](400.3 ms)
INFO:root:[12,  2400/ 2562] - [Autoencoder Training] [Autoencoder Loss: 0.2723] [autoencoder lr: 9.41e-05][mem: 1.11e+04](400.3 ms)
INFO:root:[12,  2500/ 2562] - [Autoencoder Training] [Autoencoder Loss: 0.2723] [autoencoder lr: 9.39e-05][mem: 1.11e+04](400.3 ms)
INFO:root: - - Epoch: 13 - - 
INFO:faiss.loader:Loading faiss with AVX2 support.
INFO:faiss.loader:Successfully loaded faiss with AVX2 support.
INFO:faiss.loader:Loading faiss with AVX2 support.
INFO:faiss.loader:Successfully loaded faiss with AVX2 support.
INFO:faiss.loader:Loading faiss with AVX2 support.
INFO:faiss.loader:Successfully loaded faiss with AVX2 support.
INFO:faiss.loader:Loading faiss with AVX2 support.
INFO:faiss.loader:Successfully loaded faiss with AVX2 support.
INFO:faiss.loader:Loading faiss with AVX2 support.
INFO:faiss.loader:Successfully loaded faiss with AVX2 support.
INFO:faiss.loader:Loading faiss with AVX2 support.
INFO:faiss.loader:Successfully loaded faiss with AVX2 support.
INFO:faiss.loader:Loading faiss with AVX2 support.
INFO:faiss.loader:Successfully loaded faiss with AVX2 support.
INFO:faiss.loader:Loading faiss with AVX2 support.
INFO:faiss.loader:Successfully loaded faiss with AVX2 support.
INFO:faiss.loader:Loading faiss with AVX2 support.
INFO:faiss.loader:Successfully loaded faiss with AVX2 support.
INFO:faiss.loader:Loading faiss with AVX2 support.
INFO:faiss.loader:Successfully loaded faiss with AVX2 support.
INFO:faiss.loader:Loading faiss with AVX2 support.
INFO:faiss.loader:Successfully loaded faiss with AVX2 support.
INFO:faiss.loader:Loading faiss with AVX2 support.
INFO:faiss.loader:Successfully loaded faiss with AVX2 support.
INFO:faiss.loader:Loading faiss with AVX2 support.
INFO:faiss.loader:Successfully loaded faiss with AVX2 support.
INFO:faiss.loader:Loading faiss with AVX2 support.
INFO:faiss.loader:Successfully loaded faiss with AVX2 support.
INFO:faiss.loader:Loading faiss with AVX2 support.
INFO:faiss.loader:Successfully loaded faiss with AVX2 support.
INFO:faiss.loader:Loading faiss with AVX2 support.
INFO:faiss.loader:Successfully loaded faiss with AVX2 support.
INFO:root:[13,     0/ 2562] - [Autoencoder Training] [Autoencoder Loss: 0.2723] [autoencoder lr: 9.37e-05][mem: 1.11e+04](400.3 ms)
INFO:root:[13,   100/ 2562] - [Autoencoder Training] [Autoencoder Loss: 0.2723] [autoencoder lr: 9.35e-05][mem: 1.11e+04](400.3 ms)
INFO:root:[13,   200/ 2562] - [Autoencoder Training] [Autoencoder Loss: 0.2722] [autoencoder lr: 9.33e-05][mem: 1.11e+04](400.3 ms)
INFO:root:[13,   300/ 2562] - [Autoencoder Training] [Autoencoder Loss: 0.2722] [autoencoder lr: 9.31e-05][mem: 1.11e+04](400.3 ms)
INFO:root:[13,   400/ 2562] - [Autoencoder Training] [Autoencoder Loss: 0.2722] [autoencoder lr: 9.28e-05][mem: 1.11e+04](400.3 ms)
INFO:root:[13,   500/ 2562] - [Autoencoder Training] [Autoencoder Loss: 0.2722] [autoencoder lr: 9.26e-05][mem: 1.11e+04](400.3 ms)
INFO:root:[13,   600/ 2562] - [Autoencoder Training] [Autoencoder Loss: 0.2721] [autoencoder lr: 9.24e-05][mem: 1.11e+04](400.3 ms)
INFO:root:[13,   700/ 2562] - [Autoencoder Training] [Autoencoder Loss: 0.2721] [autoencoder lr: 9.21e-05][mem: 1.11e+04](400.3 ms)
INFO:root:[13,   800/ 2562] - [Autoencoder Training] [Autoencoder Loss: 0.2721] [autoencoder lr: 9.19e-05][mem: 1.11e+04](400.3 ms)
INFO:root:[13,   900/ 2562] - [Autoencoder Training] [Autoencoder Loss: 0.2720] [autoencoder lr: 9.17e-05][mem: 1.11e+04](400.2 ms)
INFO:root:[13,  1000/ 2562] - [Autoencoder Training] [Autoencoder Loss: 0.2720] [autoencoder lr: 9.14e-05][mem: 1.11e+04](400.2 ms)
INFO:root:[13,  1100/ 2562] - [Autoencoder Training] [Autoencoder Loss: 0.2720] [autoencoder lr: 9.12e-05][mem: 1.11e+04](400.2 ms)
INFO:root:[13,  1200/ 2562] - [Autoencoder Training] [Autoencoder Loss: 0.2720] [autoencoder lr: 9.09e-05][mem: 1.11e+04](400.2 ms)
INFO:root:[13,  1300/ 2562] - [Autoencoder Training] [Autoencoder Loss: 0.2719] [autoencoder lr: 9.07e-05][mem: 1.11e+04](400.2 ms)
INFO:root:[13,  1400/ 2562] - [Autoencoder Training] [Autoencoder Loss: 0.2719] [autoencoder lr: 9.04e-05][mem: 1.11e+04](400.2 ms)
INFO:root:[13,  1500/ 2562] - [Autoencoder Training] [Autoencoder Loss: 0.2719] [autoencoder lr: 9.02e-05][mem: 1.11e+04](400.2 ms)
INFO:root:[13,  1600/ 2562] - [Autoencoder Training] [Autoencoder Loss: 0.2718] [autoencoder lr: 8.99e-05][mem: 1.11e+04](400.2 ms)
INFO:root:[13,  1700/ 2562] - [Autoencoder Training] [Autoencoder Loss: 0.2718] [autoencoder lr: 8.97e-05][mem: 1.11e+04](400.2 ms)
INFO:root:[13,  1800/ 2562] - [Autoencoder Training] [Autoencoder Loss: 0.2718] [autoencoder lr: 8.94e-05][mem: 1.11e+04](400.2 ms)
INFO:root:[13,  1900/ 2562] - [Autoencoder Training] [Autoencoder Loss: 0.2718] [autoencoder lr: 8.92e-05][mem: 1.11e+04](400.2 ms)
INFO:root:[13,  2000/ 2562] - [Autoencoder Training] [Autoencoder Loss: 0.2717] [autoencoder lr: 8.89e-05][mem: 1.11e+04](400.2 ms)
INFO:root:[13,  2100/ 2562] - [Autoencoder Training] [Autoencoder Loss: 0.2717] [autoencoder lr: 8.87e-05][mem: 1.11e+04](400.2 ms)
INFO:root:[13,  2200/ 2562] - [Autoencoder Training] [Autoencoder Loss: 0.2717] [autoencoder lr: 8.84e-05][mem: 1.11e+04](400.2 ms)
INFO:root:[13,  2300/ 2562] - [Autoencoder Training] [Autoencoder Loss: 0.2717] [autoencoder lr: 8.82e-05][mem: 1.11e+04](400.2 ms)
INFO:root:[13,  2400/ 2562] - [Autoencoder Training] [Autoencoder Loss: 0.2716] [autoencoder lr: 8.79e-05][mem: 1.11e+04](400.2 ms)
INFO:root:[13,  2500/ 2562] - [Autoencoder Training] [Autoencoder Loss: 0.2716] [autoencoder lr: 8.77e-05][mem: 1.11e+04](400.2 ms)
INFO:root: - - Epoch: 14 - - 
INFO:faiss.loader:Loading faiss with AVX2 support.
INFO:faiss.loader:Successfully loaded faiss with AVX2 support.
INFO:faiss.loader:Loading faiss with AVX2 support.
INFO:faiss.loader:Successfully loaded faiss with AVX2 support.
INFO:faiss.loader:Loading faiss with AVX2 support.
INFO:faiss.loader:Successfully loaded faiss with AVX2 support.
INFO:faiss.loader:Loading faiss with AVX2 support.
INFO:faiss.loader:Successfully loaded faiss with AVX2 support.
INFO:faiss.loader:Loading faiss with AVX2 support.
INFO:faiss.loader:Successfully loaded faiss with AVX2 support.
INFO:faiss.loader:Loading faiss with AVX2 support.
INFO:faiss.loader:Successfully loaded faiss with AVX2 support.
INFO:faiss.loader:Loading faiss with AVX2 support.
INFO:faiss.loader:Successfully loaded faiss with AVX2 support.
INFO:faiss.loader:Loading faiss with AVX2 support.
INFO:faiss.loader:Successfully loaded faiss with AVX2 support.
INFO:faiss.loader:Loading faiss with AVX2 support.
INFO:faiss.loader:Successfully loaded faiss with AVX2 support.
INFO:faiss.loader:Loading faiss with AVX2 support.
INFO:faiss.loader:Successfully loaded faiss with AVX2 support.
INFO:faiss.loader:Loading faiss with AVX2 support.
INFO:faiss.loader:Successfully loaded faiss with AVX2 support.
INFO:faiss.loader:Loading faiss with AVX2 support.
INFO:faiss.loader:Successfully loaded faiss with AVX2 support.
INFO:faiss.loader:Loading faiss with AVX2 support.
INFO:faiss.loader:Successfully loaded faiss with AVX2 support.
INFO:faiss.loader:Loading faiss with AVX2 support.
INFO:faiss.loader:Successfully loaded faiss with AVX2 support.
INFO:faiss.loader:Loading faiss with AVX2 support.
INFO:faiss.loader:Successfully loaded faiss with AVX2 support.
INFO:faiss.loader:Loading faiss with AVX2 support.
INFO:faiss.loader:Successfully loaded faiss with AVX2 support.
INFO:root:[14,     0/ 2562] - [Autoencoder Training] [Autoencoder Loss: 0.2716] [autoencoder lr: 8.75e-05][mem: 1.11e+04](400.2 ms)
INFO:root:[14,   100/ 2562] - [Autoencoder Training] [Autoencoder Loss: 0.2716] [autoencoder lr: 8.72e-05][mem: 1.11e+04](400.2 ms)
INFO:root:[14,   200/ 2562] - [Autoencoder Training] [Autoencoder Loss: 0.2715] [autoencoder lr: 8.70e-05][mem: 1.11e+04](400.2 ms)
INFO:root:[14,   300/ 2562] - [Autoencoder Training] [Autoencoder Loss: 0.2715] [autoencoder lr: 8.67e-05][mem: 1.11e+04](400.1 ms)
INFO:root:[14,   400/ 2562] - [Autoencoder Training] [Autoencoder Loss: 0.2715] [autoencoder lr: 8.65e-05][mem: 1.11e+04](400.1 ms)
INFO:root:[14,   500/ 2562] - [Autoencoder Training] [Autoencoder Loss: 0.2715] [autoencoder lr: 8.62e-05][mem: 1.11e+04](400.1 ms)
INFO:root:[14,   600/ 2562] - [Autoencoder Training] [Autoencoder Loss: 0.2714] [autoencoder lr: 8.60e-05][mem: 1.11e+04](400.1 ms)
INFO:root:[14,   700/ 2562] - [Autoencoder Training] [Autoencoder Loss: 0.2714] [autoencoder lr: 8.57e-05][mem: 1.11e+04](400.1 ms)
INFO:root:[14,   800/ 2562] - [Autoencoder Training] [Autoencoder Loss: 0.2714] [autoencoder lr: 8.55e-05][mem: 1.11e+04](400.1 ms)
INFO:root:[14,   900/ 2562] - [Autoencoder Training] [Autoencoder Loss: 0.2714] [autoencoder lr: 8.52e-05][mem: 1.11e+04](400.1 ms)
INFO:root:[14,  1000/ 2562] - [Autoencoder Training] [Autoencoder Loss: 0.2713] [autoencoder lr: 8.50e-05][mem: 1.11e+04](400.1 ms)
INFO:root:[14,  1100/ 2562] - [Autoencoder Training] [Autoencoder Loss: 0.2713] [autoencoder lr: 8.47e-05][mem: 1.11e+04](400.1 ms)
INFO:root:[14,  1200/ 2562] - [Autoencoder Training] [Autoencoder Loss: 0.2713] [autoencoder lr: 8.45e-05][mem: 1.11e+04](400.1 ms)
INFO:root:[14,  1300/ 2562] - [Autoencoder Training] [Autoencoder Loss: 0.2713] [autoencoder lr: 8.42e-05][mem: 1.11e+04](400.1 ms)
INFO:root:[14,  1400/ 2562] - [Autoencoder Training] [Autoencoder Loss: 0.2712] [autoencoder lr: 8.40e-05][mem: 1.11e+04](400.1 ms)
INFO:root:[14,  1500/ 2562] - [Autoencoder Training] [Autoencoder Loss: 0.2712] [autoencoder lr: 8.37e-05][mem: 1.11e+04](400.1 ms)
INFO:root:[14,  1600/ 2562] - [Autoencoder Training] [Autoencoder Loss: 0.2712] [autoencoder lr: 8.35e-05][mem: 1.11e+04](400.1 ms)
INFO:root:[14,  1700/ 2562] - [Autoencoder Training] [Autoencoder Loss: 0.2712] [autoencoder lr: 8.32e-05][mem: 1.11e+04](400.1 ms)
INFO:root:[14,  1800/ 2562] - [Autoencoder Training] [Autoencoder Loss: 0.2712] [autoencoder lr: 8.30e-05][mem: 1.11e+04](400.1 ms)
INFO:root:[14,  1900/ 2562] - [Autoencoder Training] [Autoencoder Loss: 0.2711] [autoencoder lr: 8.28e-05][mem: 1.11e+04](400.1 ms)
INFO:root:[14,  2000/ 2562] - [Autoencoder Training] [Autoencoder Loss: 0.2711] [autoencoder lr: 8.25e-05][mem: 1.11e+04](400.4 ms)
INFO:root:[14,  2100/ 2562] - [Autoencoder Training] [Autoencoder Loss: 0.2711] [autoencoder lr: 8.23e-05][mem: 1.11e+04](400.4 ms)
INFO:root:[14,  2200/ 2562] - [Autoencoder Training] [Autoencoder Loss: 0.2711] [autoencoder lr: 8.21e-05][mem: 1.11e+04](400.3 ms)
INFO:root:[14,  2300/ 2562] - [Autoencoder Training] [Autoencoder Loss: 0.2710] [autoencoder lr: 8.18e-05][mem: 1.11e+04](400.3 ms)
INFO:root:[14,  2400/ 2562] - [Autoencoder Training] [Autoencoder Loss: 0.2710] [autoencoder lr: 8.16e-05][mem: 1.11e+04](400.3 ms)
INFO:root:[14,  2500/ 2562] - [Autoencoder Training] [Autoencoder Loss: 0.2710] [autoencoder lr: 8.14e-05][mem: 1.11e+04](400.3 ms)
INFO:root: - - Epoch: 15 - - 
INFO:faiss.loader:Loading faiss with AVX2 support.
INFO:faiss.loader:Successfully loaded faiss with AVX2 support.
INFO:faiss.loader:Loading faiss with AVX2 support.
INFO:faiss.loader:Successfully loaded faiss with AVX2 support.
INFO:faiss.loader:Loading faiss with AVX2 support.
INFO:faiss.loader:Successfully loaded faiss with AVX2 support.
INFO:faiss.loader:Loading faiss with AVX2 support.
INFO:faiss.loader:Successfully loaded faiss with AVX2 support.
INFO:faiss.loader:Loading faiss with AVX2 support.
INFO:faiss.loader:Successfully loaded faiss with AVX2 support.
INFO:faiss.loader:Loading faiss with AVX2 support.
INFO:faiss.loader:Successfully loaded faiss with AVX2 support.
INFO:faiss.loader:Loading faiss with AVX2 support.
INFO:faiss.loader:Successfully loaded faiss with AVX2 support.
INFO:faiss.loader:Loading faiss with AVX2 support.
INFO:faiss.loader:Successfully loaded faiss with AVX2 support.
INFO:faiss.loader:Loading faiss with AVX2 support.
INFO:faiss.loader:Successfully loaded faiss with AVX2 support.
INFO:faiss.loader:Loading faiss with AVX2 support.
INFO:faiss.loader:Successfully loaded faiss with AVX2 support.
INFO:faiss.loader:Loading faiss with AVX2 support.
INFO:faiss.loader:Successfully loaded faiss with AVX2 support.
INFO:faiss.loader:Loading faiss with AVX2 support.
INFO:faiss.loader:Successfully loaded faiss with AVX2 support.
INFO:faiss.loader:Loading faiss with AVX2 support.
INFO:faiss.loader:Successfully loaded faiss with AVX2 support.
INFO:faiss.loader:Loading faiss with AVX2 support.
INFO:faiss.loader:Successfully loaded faiss with AVX2 support.
INFO:faiss.loader:Loading faiss with AVX2 support.
INFO:faiss.loader:Successfully loaded faiss with AVX2 support.
INFO:faiss.loader:Loading faiss with AVX2 support.
INFO:faiss.loader:Successfully loaded faiss with AVX2 support.
INFO:root:[15,     0/ 2562] - [Autoencoder Training] [Autoencoder Loss: 0.2710] [autoencoder lr: 8.12e-05][mem: 1.11e+04](400.3 ms)
INFO:root:[15,   100/ 2562] - [Autoencoder Training] [Autoencoder Loss: 0.2710] [autoencoder lr: 8.10e-05][mem: 1.11e+04](400.3 ms)
INFO:root:[15,   200/ 2562] - [Autoencoder Training] [Autoencoder Loss: 0.2709] [autoencoder lr: 8.08e-05][mem: 1.11e+04](400.3 ms)
INFO:root:[15,   300/ 2562] - [Autoencoder Training] [Autoencoder Loss: 0.2709] [autoencoder lr: 8.06e-05][mem: 1.11e+04](400.3 ms)
INFO:root:[15,   400/ 2562] - [Autoencoder Training] [Autoencoder Loss: 0.2709] [autoencoder lr: 8.04e-05][mem: 1.11e+04](400.3 ms)
INFO:root:[15,   500/ 2562] - [Autoencoder Training] [Autoencoder Loss: 0.2709] [autoencoder lr: 8.02e-05][mem: 1.11e+04](400.3 ms)
INFO:root:[15,   600/ 2562] - [Autoencoder Training] [Autoencoder Loss: 0.2708] [autoencoder lr: 8.00e-05][mem: 1.11e+04](400.3 ms)
INFO:root:[15,   700/ 2562] - [Autoencoder Training] [Autoencoder Loss: 0.2708] [autoencoder lr: 7.98e-05][mem: 1.11e+04](400.3 ms)
INFO:root:[15,   800/ 2562] - [Autoencoder Training] [Autoencoder Loss: 0.2708] [autoencoder lr: 7.96e-05][mem: 1.11e+04](400.3 ms)
INFO:root:[15,   900/ 2562] - [Autoencoder Training] [Autoencoder Loss: 0.2708] [autoencoder lr: 7.94e-05][mem: 1.11e+04](400.3 ms)
INFO:root:[15,  1000/ 2562] - [Autoencoder Training] [Autoencoder Loss: 0.2708] [autoencoder lr: 7.92e-05][mem: 1.11e+04](400.3 ms)
INFO:root:[15,  1100/ 2562] - [Autoencoder Training] [Autoencoder Loss: 0.2707] [autoencoder lr: 7.90e-05][mem: 1.11e+04](400.3 ms)
INFO:root:[15,  1200/ 2562] - [Autoencoder Training] [Autoencoder Loss: 0.2707] [autoencoder lr: 7.88e-05][mem: 1.11e+04](400.3 ms)
INFO:root:[15,  1300/ 2562] - [Autoencoder Training] [Autoencoder Loss: 0.2707] [autoencoder lr: 7.86e-05][mem: 1.11e+04](400.4 ms)
INFO:root:[15,  1400/ 2562] - [Autoencoder Training] [Autoencoder Loss: 0.2707] [autoencoder lr: 7.84e-05][mem: 1.11e+04](400.4 ms)
INFO:root:[15,  1500/ 2562] - [Autoencoder Training] [Autoencoder Loss: 0.2706] [autoencoder lr: 7.83e-05][mem: 1.11e+04](400.4 ms)
INFO:root:[15,  1600/ 2562] - [Autoencoder Training] [Autoencoder Loss: 0.2706] [autoencoder lr: 7.81e-05][mem: 1.11e+04](400.4 ms)
INFO:root:[15,  1700/ 2562] - [Autoencoder Training] [Autoencoder Loss: 0.2706] [autoencoder lr: 7.79e-05][mem: 1.11e+04](400.4 ms)
INFO:root:[15,  1800/ 2562] - [Autoencoder Training] [Autoencoder Loss: 0.2706] [autoencoder lr: 7.78e-05][mem: 1.11e+04](400.4 ms)
INFO:root:[15,  1900/ 2562] - [Autoencoder Training] [Autoencoder Loss: 0.2706] [autoencoder lr: 7.76e-05][mem: 1.11e+04](400.4 ms)
INFO:root:[15,  2000/ 2562] - [Autoencoder Training] [Autoencoder Loss: 0.2705] [autoencoder lr: 7.75e-05][mem: 1.11e+04](400.4 ms)
INFO:root:[15,  2100/ 2562] - [Autoencoder Training] [Autoencoder Loss: 0.2705] [autoencoder lr: 7.73e-05][mem: 1.11e+04](400.4 ms)
INFO:root:[15,  2200/ 2562] - [Autoencoder Training] [Autoencoder Loss: 0.2705] [autoencoder lr: 7.72e-05][mem: 1.11e+04](400.4 ms)
/home/rtcalumby/miniconda3/envs/py382/lib/python3.12/site-packages/torch/autograd/graph.py:744: UserWarning: Error detected in AddmmBackward0. Traceback of forward call that caused the error:
  File "<string>", line 1, in <module>
  File "/home/rtcalumby/miniconda3/envs/py382/lib/python3.12/multiprocessing/spawn.py", line 122, in spawn_main
    exitcode = _main(fd, parent_sentinel)
  File "/home/rtcalumby/miniconda3/envs/py382/lib/python3.12/multiprocessing/spawn.py", line 135, in _main
    return self._bootstrap(parent_sentinel)
  File "/home/rtcalumby/miniconda3/envs/py382/lib/python3.12/multiprocessing/process.py", line 314, in _bootstrap
    self.run()
  File "/home/rtcalumby/miniconda3/envs/py382/lib/python3.12/multiprocessing/process.py", line 108, in run
    self._target(*self._args, **self._kwargs)
  File "/home/rtcalumby/adam/luciano/LifeCLEFPlant2022/DeepCluster/main_FGDCC.py", line 52, in process_main
    app_main(args=params)
  File "/home/rtcalumby/adam/luciano/LifeCLEFPlant2022/DeepCluster/engine_FGDCC.py", line 550, in main
    cached_features_last_epoch, AE_scheduler, AE_optimizer = train_autoencoder(fgdcc=fgdcc,
  File "/home/rtcalumby/adam/luciano/LifeCLEFPlant2022/DeepCluster/engine_FGDCC.py", line 538, in train_autoencoder
    (ae_lr, reconstruction_loss, cache), elapsed_time = gpu_timer(train_step)
  File "/home/rtcalumby/adam/luciano/LifeCLEFPlant2022/DeepCluster/src/utils/logging.py", line 21, in gpu_timer
    result = closure()
  File "/home/rtcalumby/adam/luciano/LifeCLEFPlant2022/DeepCluster/engine_FGDCC.py", line 511, in train_step
    reconstructed_input, bottleneck_output = autoencoder(subclass_proj_embed, device)
  File "/home/rtcalumby/miniconda3/envs/py382/lib/python3.12/site-packages/torch/nn/modules/module.py", line 1532, in _wrapped_call_impl
    return self._call_impl(*args, **kwargs)
  File "/home/rtcalumby/miniconda3/envs/py382/lib/python3.12/site-packages/torch/nn/modules/module.py", line 1541, in _call_impl
    return forward_call(*args, **kwargs)
  File "/home/rtcalumby/miniconda3/envs/py382/lib/python3.12/site-packages/torch/nn/parallel/distributed.py", line 1593, in forward
    else self._run_ddp_forward(*inputs, **kwargs)
  File "/home/rtcalumby/miniconda3/envs/py382/lib/python3.12/site-packages/torch/nn/parallel/distributed.py", line 1411, in _run_ddp_forward
    return self.module(*inputs, **kwargs)  # type: ignore[index]
  File "/home/rtcalumby/miniconda3/envs/py382/lib/python3.12/site-packages/torch/nn/modules/module.py", line 1532, in _wrapped_call_impl
    return self._call_impl(*args, **kwargs)
  File "/home/rtcalumby/miniconda3/envs/py382/lib/python3.12/site-packages/torch/nn/modules/module.py", line 1541, in _call_impl
    return forward_call(*args, **kwargs)
  File "/home/rtcalumby/adam/luciano/LifeCLEFPlant2022/DeepCluster/src/models/transformer_autoencoder.py", line 139, in forward
    bottleneck_output = self.encoder(masked_input)
  File "/home/rtcalumby/miniconda3/envs/py382/lib/python3.12/site-packages/torch/nn/modules/module.py", line 1532, in _wrapped_call_impl
    return self._call_impl(*args, **kwargs)
  File "/home/rtcalumby/miniconda3/envs/py382/lib/python3.12/site-packages/torch/nn/modules/module.py", line 1541, in _call_impl
    return forward_call(*args, **kwargs)
  File "/home/rtcalumby/miniconda3/envs/py382/lib/python3.12/site-packages/torch/nn/modules/container.py", line 217, in forward
    input = module(input)
  File "/home/rtcalumby/miniconda3/envs/py382/lib/python3.12/site-packages/torch/nn/modules/module.py", line 1532, in _wrapped_call_impl
    return self._call_impl(*args, **kwargs)
  File "/home/rtcalumby/miniconda3/envs/py382/lib/python3.12/site-packages/torch/nn/modules/module.py", line 1541, in _call_impl
    return forward_call(*args, **kwargs)
  File "/home/rtcalumby/miniconda3/envs/py382/lib/python3.12/site-packages/torch/nn/modules/linear.py", line 116, in forward
    return F.linear(input, self.weight, self.bias)
 (Triggered internally at /opt/conda/conda-bld/pytorch_1716905969118/work/torch/csrc/autograd/python_anomaly_mode.cpp:111.)
  return Variable._execution_engine.run_backward(  # Calls into the C++ engine to run the backward pass
Process Process-1:
Traceback (most recent call last):
  File "/home/rtcalumby/miniconda3/envs/py382/lib/python3.12/multiprocessing/process.py", line 314, in _bootstrap
    self.run()
  File "/home/rtcalumby/miniconda3/envs/py382/lib/python3.12/multiprocessing/process.py", line 108, in run
    self._target(*self._args, **self._kwargs)
  File "/home/rtcalumby/adam/luciano/LifeCLEFPlant2022/DeepCluster/main_FGDCC.py", line 52, in process_main
    app_main(args=params)
  File "/home/rtcalumby/adam/luciano/LifeCLEFPlant2022/DeepCluster/engine_FGDCC.py", line 550, in main
    cached_features_last_epoch, AE_scheduler, AE_optimizer = train_autoencoder(fgdcc=fgdcc,
                                                             ^^^^^^^^^^^^^^^^^^^^^^^^^^^^^^
  File "/home/rtcalumby/adam/luciano/LifeCLEFPlant2022/DeepCluster/engine_FGDCC.py", line 538, in train_autoencoder
    (ae_lr, reconstruction_loss, cache), elapsed_time = gpu_timer(train_step)
                                                        ^^^^^^^^^^^^^^^^^^^^^
  File "/home/rtcalumby/adam/luciano/LifeCLEFPlant2022/DeepCluster/src/utils/logging.py", line 21, in gpu_timer
    result = closure()
             ^^^^^^^^^
  File "/home/rtcalumby/adam/luciano/LifeCLEFPlant2022/DeepCluster/engine_FGDCC.py", line 526, in train_step
    scaler(reconstruction_loss, AE_optimizer, clip_grad=None,
  File "/home/rtcalumby/adam/luciano/LifeCLEFPlant2022/DeepCluster/src/helper.py", line 156, in __call__
    self._scaler.scale(loss).backward(create_graph=create_graph, retain_graph=retain_graph)
  File "/home/rtcalumby/miniconda3/envs/py382/lib/python3.12/site-packages/torch/_tensor.py", line 525, in backward
    torch.autograd.backward(
  File "/home/rtcalumby/miniconda3/envs/py382/lib/python3.12/site-packages/torch/autograd/__init__.py", line 267, in backward
    _engine_run_backward(
  File "/home/rtcalumby/miniconda3/envs/py382/lib/python3.12/site-packages/torch/autograd/graph.py", line 744, in _engine_run_backward
    return Variable._execution_engine.run_backward(  # Calls into the C++ engine to run the backward pass
           ^^^^^^^^^^^^^^^^^^^^^^^^^^^^^^^^^^^^^^^^^^^^^^^^^^^^^^^^^^^^^^^^^^^^^^^^^^^^^^^^^^^^^^^^^^^^^^
RuntimeError: Function 'AddmmBackward0' returned nan values in its 2th output.
