INFO:faiss.loader:Loading faiss with AVX2 support.
INFO:faiss.loader:Successfully loaded faiss with AVX2 support.
INFO:faiss.loader:Loading faiss with AVX2 support.
INFO:faiss.loader:Successfully loaded faiss with AVX2 support.
INFO:root:called-params configs/plantnet300k.yaml
INFO:root:loaded params...
{   'data': {   'batch_size': 96,
                'cache_path': '/home/rtcalumby/adam/luciano/DeepCluster/cache/plantnet_300k',
                'color_jitter_strength': 0.0,
                'crop_scale': [0.3, 1.0],
                'crop_size': 224,
                'cutmix': 0.0,
                'drop_path': 0.25,
                'image_folder': '/home/rtcalumby/adam/luciano/plantnet_300K/',
                'mixup': 0.0,
                'nb_classes': 1081,
                'num_workers': 16,
                'pin_mem': True,
                'reprob': 0.25,
                'resume_epoch': 0,
                'root_path': '/home/rtcalumby/adam/luciano/',
                'use_color_distortion': False,
                'use_gaussian_blur': False,
                'use_horizontal_flip': False},
    'k_means': {   'K_range': [2, 3, 4, 5],
                   'prototype_features': True,
                   'reinitialize_centroids': 5},
    'logging': {   'folder': '/home/rtcalumby/adam/luciano/LifeCLEFPlant2022/logs/PlantNet300k_exp59',
                   'write_tag': 'jepa'},
    'mask': {   'allow_overlap': False,
                'aspect_ratio': [0.75, 1.5],
                'enc_mask_scale': [0.85, 1.0],
                'min_keep': 10,
                'num_enc_masks': 1,
                'num_pred_masks': 4,
                'patch_size': 14,
                'pred_mask_scale': [0.15, 0.2]},
    'meta': {   'copy_data': False,
                'load_checkpoint': True,
                'model_name': 'vit_huge',
                'pred_depth': 12,
                'pred_emb_dim': 384,
                'read_checkpoint': None,
                'use_bfloat16': True},
    'optimization': {   'ema': [0.9, 0.999],
                        'epochs': 50,
                        'final_lr': 1e-05,
                        'final_weight_decay': 0.4,
                        'ipe_scale': 1.0,
                        'label_smoothing': 0.1,
                        'lr': 0.0001,
                        'start_lr': 1e-05,
                        'warmup': 25,
                        'weight_decay': 0.05},
    'vicreg': {'alpha': 5.0, 'beta': 25.0, 'gamma': 1.0}}
INFO:root:Running... (rank: 0/1)
INFO:root:Initialized (rank/world-size) 0/1
INFO:root:making imagenet data transforms
INFO:root:making imagenet data transforms
INFO:root:Finetuning dataset created
INFO:root:PairedDataset created
Training dataset, length: 245952
INFO:root:Finetuning dataset created
Val dataset, length: 31200
INFO:root:Using AdamW
['encoder', 'predictor', 'opt', 'scaler', 'target_encoder', 'epoch', 'loss', 'batch_size', 'world_size', 'lr']
INFO:root:loaded pretrained encoder from epoch 66 with msg: <All keys matched successfully>
INFO:root:ClassificationHead(
  (dropout): Dropout(p=0.15, inplace=False)
  (classifier): Linear(in_features=1280, out_features=1081, bias=True)
)
INFO:root:Using AdamW
INFO:root:VisionTransformer(
  (patch_embed): PatchEmbed(
    (proj): Conv2d(3, 1280, kernel_size=(14, 14), stride=(14, 14))
  )
  (blocks): ModuleList(
    (0-31): 32 x Block(
      (norm1): LayerNorm((1280,), eps=1e-06, elementwise_affine=True)
      (attn): Attention(
        (qkv): Linear(in_features=1280, out_features=3840, bias=True)
        (attn_drop): Dropout(p=0.0, inplace=False)
        (proj): Linear(in_features=1280, out_features=1280, bias=True)
        (proj_drop): Dropout(p=0.0, inplace=False)
      )
      (drop_path): Identity()
      (norm2): LayerNorm((1280,), eps=1e-06, elementwise_affine=True)
      (mlp): MLP(
        (fc1): Linear(in_features=1280, out_features=5120, bias=True)
        (act): GELU(approximate='none')
        (fc2): Linear(in_features=5120, out_features=1280, bias=True)
        (drop): Dropout(p=0.0, inplace=False)
      )
    )
  )
  (norm): LayerNorm((1280,), eps=1e-06, elementwise_affine=True)
)
INFO:root:Setting up cache...
INFO:root:Done...
INFO:root:Initializing centroids...
INFO:root:Update Step...
/home/rtcalumby/miniconda3/envs/py382/lib/python3.12/site-packages/faiss/contrib/torch_utils.py:51: UserWarning: TypedStorage is deprecated. It will be removed in the future and UntypedStorage will be the only storage class. This should only matter to you if you are using storages directly.  To access UntypedStorage directly, use tensor.untyped_storage() instead of tensor.storage()
  x.storage().data_ptr() + x.storage_offset() * 4)
INFO:root:Epoch 1
INFO:faiss.loader:Loading faiss with AVX2 support.
INFO:faiss.loader:Successfully loaded faiss with AVX2 support.
INFO:faiss.loader:Loading faiss with AVX2 support.
INFO:faiss.loader:Successfully loaded faiss with AVX2 support.
INFO:faiss.loader:Loading faiss with AVX2 support.
INFO:faiss.loader:Successfully loaded faiss with AVX2 support.
INFO:faiss.loader:Loading faiss with AVX2 support.
INFO:faiss.loader:Successfully loaded faiss with AVX2 support.
INFO:faiss.loader:Loading faiss with AVX2 support.
INFO:faiss.loader:Successfully loaded faiss with AVX2 support.
INFO:faiss.loader:Loading faiss with AVX2 support.
INFO:faiss.loader:Successfully loaded faiss with AVX2 support.
INFO:faiss.loader:Loading faiss with AVX2 support.
INFO:faiss.loader:Successfully loaded faiss with AVX2 support.
INFO:faiss.loader:Loading faiss with AVX2 support.
INFO:faiss.loader:Successfully loaded faiss with AVX2 support.
INFO:faiss.loader:Loading faiss with AVX2 support.
INFO:faiss.loader:Successfully loaded faiss with AVX2 support.
INFO:faiss.loader:Loading faiss with AVX2 support.
INFO:faiss.loader:Successfully loaded faiss with AVX2 support.
INFO:faiss.loader:Loading faiss with AVX2 support.
INFO:faiss.loader:Successfully loaded faiss with AVX2 support.
INFO:faiss.loader:Loading faiss with AVX2 support.
INFO:faiss.loader:Successfully loaded faiss with AVX2 support.
INFO:faiss.loader:Loading faiss with AVX2 support.
INFO:faiss.loader:Successfully loaded faiss with AVX2 support.
INFO:faiss.loader:Loading faiss with AVX2 support.
INFO:faiss.loader:Successfully loaded faiss with AVX2 support.
INFO:faiss.loader:Loading faiss with AVX2 support.
INFO:faiss.loader:Successfully loaded faiss with AVX2 support.
INFO:faiss.loader:Loading faiss with AVX2 support.
INFO:faiss.loader:Successfully loaded faiss with AVX2 support.
INFO:root:[1,     0/ 2562] - train_losses - Parent Class: 0.0000 - Children class: 6.9857 -Autoencoder Loss (total): 192.7029 - Reconstruction/K-Means Loss: [0.0000 / 192.7029] - Consistency Loss: [0.0000] - VICReg Loss: [45.5840][wd: 5.00e-02] [lr: 1.00e-05] [autoencoder lr: 0.00e+00][mem: 6.09e+04] (3176.7 ms)
INFO:root:[1,     0] grad_stats: [0.00e+00 0.00e+00] (1.79e+00, 1.79e+00)
INFO:root:[1,    50/ 2562] - train_losses - Parent Class: 0.0000 - Children class: 6.9415 -Autoencoder Loss (total): 29.6886 - Reconstruction/K-Means Loss: [0.0000 / 29.6886] - Consistency Loss: [0.0000] - VICReg Loss: [45.3566][wd: 5.00e-02] [lr: 1.01e-05] [autoencoder lr: 0.00e+00][mem: 6.10e+04] (886.3 ms)
INFO:root:[1,    50] grad_stats: [0.00e+00 0.00e+00] (1.96e+00, 1.96e+00)
INFO:root:[1,   100/ 2562] - train_losses - Parent Class: 0.0000 - Children class: 6.8988 -Autoencoder Loss (total): 20.9424 - Reconstruction/K-Means Loss: [0.0000 / 20.9424] - Consistency Loss: [0.0000] - VICReg Loss: [45.4293][wd: 5.00e-02] [lr: 1.01e-05] [autoencoder lr: 0.00e+00][mem: 6.10e+04] (865.6 ms)
INFO:root:[1,   100] grad_stats: [0.00e+00 0.00e+00] (2.00e+00, 2.00e+00)
INFO:root:[1,   150/ 2562] - train_losses - Parent Class: 0.0000 - Children class: 6.8565 -Autoencoder Loss (total): 17.2500 - Reconstruction/K-Means Loss: [0.0000 / 17.2500] - Consistency Loss: [0.0000] - VICReg Loss: [45.6533][wd: 5.00e-02] [lr: 1.02e-05] [autoencoder lr: 0.00e+00][mem: 6.10e+04] (861.0 ms)
INFO:root:[1,   150] grad_stats: [0.00e+00 0.00e+00] (1.88e+00, 1.88e+00)
INFO:root:[1,   200/ 2562] - train_losses - Parent Class: 0.0000 - Children class: 6.8171 -Autoencoder Loss (total): 14.8478 - Reconstruction/K-Means Loss: [0.0000 / 14.8478] - Consistency Loss: [0.0000] - VICReg Loss: [45.7763][wd: 5.00e-02] [lr: 1.03e-05] [autoencoder lr: 0.00e+00][mem: 6.10e+04] (860.5 ms)
INFO:root:[1,   200] grad_stats: [0.00e+00 0.00e+00] (1.70e+00, 1.70e+00)
INFO:root:[1,   250/ 2562] - train_losses - Parent Class: 0.0000 - Children class: 6.7784 -Autoencoder Loss (total): 13.2299 - Reconstruction/K-Means Loss: [0.0000 / 13.2299] - Consistency Loss: [0.0000] - VICReg Loss: [45.7172][wd: 5.00e-02] [lr: 1.04e-05] [autoencoder lr: 0.00e+00][mem: 6.10e+04] (861.7 ms)
INFO:root:[1,   250] grad_stats: [0.00e+00 0.00e+00] (1.92e+00, 1.92e+00)
INFO:root:[1,   300/ 2562] - train_losses - Parent Class: 0.0000 - Children class: 6.7405 -Autoencoder Loss (total): 12.2062 - Reconstruction/K-Means Loss: [0.0000 / 12.2062] - Consistency Loss: [0.0000] - VICReg Loss: [45.7313][wd: 5.00e-02] [lr: 1.04e-05] [autoencoder lr: 0.00e+00][mem: 6.10e+04] (863.8 ms)
INFO:root:[1,   300] grad_stats: [0.00e+00 0.00e+00] (1.79e+00, 1.79e+00)
INFO:root:[1,   350/ 2562] - train_losses - Parent Class: 0.0000 - Children class: 6.7046 -Autoencoder Loss (total): 11.4055 - Reconstruction/K-Means Loss: [0.0000 / 11.4055] - Consistency Loss: [0.0000] - VICReg Loss: [45.7381][wd: 5.00e-02] [lr: 1.05e-05] [autoencoder lr: 0.00e+00][mem: 6.10e+04] (866.5 ms)
INFO:root:[1,   350] grad_stats: [0.00e+00 0.00e+00] (1.78e+00, 1.78e+00)
INFO:root:[1,   400/ 2562] - train_losses - Parent Class: 0.0000 - Children class: 6.6700 -Autoencoder Loss (total): 10.7911 - Reconstruction/K-Means Loss: [0.0000 / 10.7911] - Consistency Loss: [0.0000] - VICReg Loss: [45.7726][wd: 5.00e-02] [lr: 1.06e-05] [autoencoder lr: 0.00e+00][mem: 6.10e+04] (869.2 ms)
INFO:root:[1,   400] grad_stats: [0.00e+00 0.00e+00] (1.73e+00, 1.73e+00)
INFO:root:[1,   450/ 2562] - train_losses - Parent Class: 0.0000 - Children class: 6.6357 -Autoencoder Loss (total): 10.2915 - Reconstruction/K-Means Loss: [0.0000 / 10.2915] - Consistency Loss: [0.0000] - VICReg Loss: [45.7959][wd: 5.00e-02] [lr: 1.06e-05] [autoencoder lr: 0.00e+00][mem: 6.10e+04] (872.6 ms)
INFO:root:[1,   450] grad_stats: [0.00e+00 0.00e+00] (1.78e+00, 1.78e+00)
INFO:root:[1,   500/ 2562] - train_losses - Parent Class: 0.0000 - Children class: 6.6023 -Autoencoder Loss (total): 9.8965 - Reconstruction/K-Means Loss: [0.0000 / 9.8965] - Consistency Loss: [0.0000] - VICReg Loss: [45.8480][wd: 5.00e-02] [lr: 1.07e-05] [autoencoder lr: 0.00e+00][mem: 6.10e+04] (876.1 ms)
INFO:root:[1,   500] grad_stats: [0.00e+00 0.00e+00] (1.82e+00, 1.82e+00)
INFO:root:[1,   550/ 2562] - train_losses - Parent Class: 0.0000 - Children class: 6.5698 -Autoencoder Loss (total): 9.5231 - Reconstruction/K-Means Loss: [0.0000 / 9.5231] - Consistency Loss: [0.0000] - VICReg Loss: [45.8551][wd: 5.00e-02] [lr: 1.08e-05] [autoencoder lr: 0.00e+00][mem: 6.10e+04] (880.1 ms)
INFO:root:[1,   550] grad_stats: [0.00e+00 0.00e+00] (1.98e+00, 1.98e+00)
INFO:root:[1,   600/ 2562] - train_losses - Parent Class: 0.0000 - Children class: 6.5372 -Autoencoder Loss (total): 9.2269 - Reconstruction/K-Means Loss: [0.0000 / 9.2269] - Consistency Loss: [0.0000] - VICReg Loss: [45.8293][wd: 5.00e-02] [lr: 1.08e-05] [autoencoder lr: 0.00e+00][mem: 6.10e+04] (884.1 ms)
INFO:root:[1,   600] grad_stats: [0.00e+00 0.00e+00] (1.71e+00, 1.71e+00)
INFO:root:[1,   650/ 2562] - train_losses - Parent Class: 0.0000 - Children class: 6.5062 -Autoencoder Loss (total): 8.9857 - Reconstruction/K-Means Loss: [0.0000 / 8.9857] - Consistency Loss: [0.0000] - VICReg Loss: [45.8493][wd: 5.00e-02] [lr: 1.09e-05] [autoencoder lr: 0.00e+00][mem: 6.10e+04] (888.3 ms)
INFO:root:[1,   650] grad_stats: [0.00e+00 0.00e+00] (1.81e+00, 1.81e+00)
INFO:root:[1,   700/ 2562] - train_losses - Parent Class: 0.0000 - Children class: 6.4767 -Autoencoder Loss (total): 8.7675 - Reconstruction/K-Means Loss: [0.0000 / 8.7675] - Consistency Loss: [0.0000] - VICReg Loss: [45.8603][wd: 5.00e-02] [lr: 1.10e-05] [autoencoder lr: 0.00e+00][mem: 6.10e+04] (892.5 ms)
INFO:root:[1,   700] grad_stats: [0.00e+00 0.00e+00] (1.95e+00, 1.95e+00)
INFO:root:[1,   750/ 2562] - train_losses - Parent Class: 0.0000 - Children class: 6.4465 -Autoencoder Loss (total): 8.5701 - Reconstruction/K-Means Loss: [0.0000 / 8.5701] - Consistency Loss: [0.0000] - VICReg Loss: [45.8607][wd: 5.00e-02] [lr: 1.11e-05] [autoencoder lr: 0.00e+00][mem: 6.10e+04] (897.1 ms)
INFO:root:[1,   750] grad_stats: [0.00e+00 0.00e+00] (1.73e+00, 1.73e+00)
INFO:root:[1,   800/ 2562] - train_losses - Parent Class: 0.0000 - Children class: 6.4178 -Autoencoder Loss (total): 8.3963 - Reconstruction/K-Means Loss: [0.0000 / 8.3963] - Consistency Loss: [0.0000] - VICReg Loss: [45.8523][wd: 5.00e-02] [lr: 1.11e-05] [autoencoder lr: 0.00e+00][mem: 6.10e+04] (901.6 ms)
INFO:root:[1,   800] grad_stats: [0.00e+00 0.00e+00] (1.81e+00, 1.81e+00)
INFO:root:[1,   850/ 2562] - train_losses - Parent Class: 0.0000 - Children class: 6.3896 -Autoencoder Loss (total): 8.2247 - Reconstruction/K-Means Loss: [0.0000 / 8.2247] - Consistency Loss: [0.0000] - VICReg Loss: [45.8605][wd: 5.00e-02] [lr: 1.12e-05] [autoencoder lr: 0.00e+00][mem: 6.10e+04] (906.2 ms)
INFO:root:[1,   850] grad_stats: [0.00e+00 0.00e+00] (1.78e+00, 1.78e+00)
INFO:root:[1,   900/ 2562] - train_losses - Parent Class: 0.0000 - Children class: 6.3619 -Autoencoder Loss (total): 8.0672 - Reconstruction/K-Means Loss: [0.0000 / 8.0672] - Consistency Loss: [0.0000] - VICReg Loss: [45.8796][wd: 5.00e-02] [lr: 1.13e-05] [autoencoder lr: 0.00e+00][mem: 6.10e+04] (910.7 ms)
INFO:root:[1,   900] grad_stats: [0.00e+00 0.00e+00] (1.82e+00, 1.82e+00)
INFO:root:[1,   950/ 2562] - train_losses - Parent Class: 0.0000 - Children class: 6.3347 -Autoencoder Loss (total): 7.9277 - Reconstruction/K-Means Loss: [0.0000 / 7.9277] - Consistency Loss: [0.0000] - VICReg Loss: [45.9191][wd: 5.00e-02] [lr: 1.13e-05] [autoencoder lr: 0.00e+00][mem: 6.10e+04] (915.4 ms)
INFO:root:[1,   950] grad_stats: [0.00e+00 0.00e+00] (1.67e+00, 1.67e+00)
INFO:root:[1,  1000/ 2562] - train_losses - Parent Class: 0.0000 - Children class: 6.3076 -Autoencoder Loss (total): 7.8197 - Reconstruction/K-Means Loss: [0.0000 / 7.8197] - Consistency Loss: [0.0000] - VICReg Loss: [45.9369][wd: 5.01e-02] [lr: 1.14e-05] [autoencoder lr: 0.00e+00][mem: 6.10e+04] (920.1 ms)
INFO:root:[1,  1000] grad_stats: [0.00e+00 0.00e+00] (1.70e+00, 1.70e+00)
INFO:root:[1,  1050/ 2562] - train_losses - Parent Class: 0.0000 - Children class: 6.2820 -Autoencoder Loss (total): 7.7167 - Reconstruction/K-Means Loss: [0.0000 / 7.7167] - Consistency Loss: [0.0000] - VICReg Loss: [45.9272][wd: 5.01e-02] [lr: 1.15e-05] [autoencoder lr: 0.00e+00][mem: 6.10e+04] (924.6 ms)
INFO:root:[1,  1050] grad_stats: [0.00e+00 0.00e+00] (1.71e+00, 1.71e+00)
INFO:root:[1,  1100/ 2562] - train_losses - Parent Class: 0.0000 - Children class: 6.2560 -Autoencoder Loss (total): 7.6260 - Reconstruction/K-Means Loss: [0.0000 / 7.6260] - Consistency Loss: [0.0000] - VICReg Loss: [45.9154][wd: 5.01e-02] [lr: 1.15e-05] [autoencoder lr: 0.00e+00][mem: 6.10e+04] (929.6 ms)
INFO:root:[1,  1100] grad_stats: [0.00e+00 0.00e+00] (1.71e+00, 1.71e+00)
INFO:root:[1,  1150/ 2562] - train_losses - Parent Class: 0.0000 - Children class: 6.2316 -Autoencoder Loss (total): 7.5413 - Reconstruction/K-Means Loss: [0.0000 / 7.5413] - Consistency Loss: [0.0000] - VICReg Loss: [45.8913][wd: 5.01e-02] [lr: 1.16e-05] [autoencoder lr: 0.00e+00][mem: 6.10e+04] (934.2 ms)
INFO:root:[1,  1150] grad_stats: [0.00e+00 0.00e+00] (1.72e+00, 1.72e+00)
INFO:root:[1,  1200/ 2562] - train_losses - Parent Class: 0.0000 - Children class: 6.2076 -Autoencoder Loss (total): 7.4759 - Reconstruction/K-Means Loss: [0.0000 / 7.4759] - Consistency Loss: [0.0000] - VICReg Loss: [45.9029][wd: 5.01e-02] [lr: 1.17e-05] [autoencoder lr: 0.00e+00][mem: 6.10e+04] (938.9 ms)
INFO:root:[1,  1200] grad_stats: [0.00e+00 0.00e+00] (1.58e+00, 1.58e+00)
INFO:root:[1,  1250/ 2562] - train_losses - Parent Class: 0.0000 - Children class: 6.1846 -Autoencoder Loss (total): 7.4075 - Reconstruction/K-Means Loss: [0.0000 / 7.4075] - Consistency Loss: [0.0000] - VICReg Loss: [45.8921][wd: 5.01e-02] [lr: 1.18e-05] [autoencoder lr: 0.00e+00][mem: 6.10e+04] (943.4 ms)
INFO:root:[1,  1250] grad_stats: [0.00e+00 0.00e+00] (1.64e+00, 1.64e+00)
INFO:root:[1,  1300/ 2562] - train_losses - Parent Class: 0.0000 - Children class: 6.1618 -Autoencoder Loss (total): 7.3311 - Reconstruction/K-Means Loss: [0.0000 / 7.3311] - Consistency Loss: [0.0000] - VICReg Loss: [45.9115][wd: 5.01e-02] [lr: 1.18e-05] [autoencoder lr: 0.00e+00][mem: 6.10e+04] (948.0 ms)
INFO:root:[1,  1300] grad_stats: [0.00e+00 0.00e+00] (1.64e+00, 1.64e+00)
INFO:root:[1,  1350/ 2562] - train_losses - Parent Class: 0.0000 - Children class: 6.1387 -Autoencoder Loss (total): 7.2590 - Reconstruction/K-Means Loss: [0.0000 / 7.2590] - Consistency Loss: [0.0000] - VICReg Loss: [45.9027][wd: 5.01e-02] [lr: 1.19e-05] [autoencoder lr: 0.00e+00][mem: 6.10e+04] (952.7 ms)
INFO:root:[1,  1350] grad_stats: [0.00e+00 0.00e+00] (1.81e+00, 1.81e+00)
INFO:root:[1,  1400/ 2562] - train_losses - Parent Class: 0.0000 - Children class: 6.1169 -Autoencoder Loss (total): 7.1958 - Reconstruction/K-Means Loss: [0.0000 / 7.1958] - Consistency Loss: [0.0000] - VICReg Loss: [45.9011][wd: 5.01e-02] [lr: 1.20e-05] [autoencoder lr: 0.00e+00][mem: 6.10e+04] (957.5 ms)
INFO:root:[1,  1400] grad_stats: [0.00e+00 0.00e+00] (1.92e+00, 1.92e+00)
INFO:root:[1,  1450/ 2562] - train_losses - Parent Class: 0.0000 - Children class: 6.0943 -Autoencoder Loss (total): 7.1378 - Reconstruction/K-Means Loss: [0.0000 / 7.1378] - Consistency Loss: [0.0000] - VICReg Loss: [45.8972][wd: 5.01e-02] [lr: 1.20e-05] [autoencoder lr: 0.00e+00][mem: 6.10e+04] (962.6 ms)
INFO:root:[1,  1450] grad_stats: [0.00e+00 0.00e+00] (1.66e+00, 1.66e+00)
INFO:root:[1,  1500/ 2562] - train_losses - Parent Class: 0.0000 - Children class: 6.0719 -Autoencoder Loss (total): 7.0834 - Reconstruction/K-Means Loss: [0.0000 / 7.0834] - Consistency Loss: [0.0000] - VICReg Loss: [45.9122][wd: 5.01e-02] [lr: 1.21e-05] [autoencoder lr: 0.00e+00][mem: 6.10e+04] (967.6 ms)
INFO:root:[1,  1500] grad_stats: [0.00e+00 0.00e+00] (1.57e+00, 1.57e+00)
INFO:root:[1,  1550/ 2562] - train_losses - Parent Class: 0.0000 - Children class: 6.0512 -Autoencoder Loss (total): 7.0278 - Reconstruction/K-Means Loss: [0.0000 / 7.0278] - Consistency Loss: [0.0000] - VICReg Loss: [45.9188][wd: 5.01e-02] [lr: 1.22e-05] [autoencoder lr: 0.00e+00][mem: 6.10e+04] (972.4 ms)
INFO:root:[1,  1550] grad_stats: [0.00e+00 0.00e+00] (1.72e+00, 1.72e+00)
INFO:root:[1,  1600/ 2562] - train_losses - Parent Class: 0.0000 - Children class: 6.0304 -Autoencoder Loss (total): 6.9810 - Reconstruction/K-Means Loss: [0.0000 / 6.9810] - Consistency Loss: [0.0000] - VICReg Loss: [45.9238][wd: 5.01e-02] [lr: 1.22e-05] [autoencoder lr: 0.00e+00][mem: 6.10e+04] (977.3 ms)
INFO:root:[1,  1600] grad_stats: [0.00e+00 0.00e+00] (1.68e+00, 1.68e+00)
INFO:root:[1,  1650/ 2562] - train_losses - Parent Class: 0.0000 - Children class: 6.0104 -Autoencoder Loss (total): 6.9393 - Reconstruction/K-Means Loss: [0.0000 / 6.9393] - Consistency Loss: [0.0000] - VICReg Loss: [45.9285][wd: 5.01e-02] [lr: 1.23e-05] [autoencoder lr: 0.00e+00][mem: 6.10e+04] (982.4 ms)
INFO:root:[1,  1650] grad_stats: [0.00e+00 0.00e+00] (1.71e+00, 1.71e+00)
INFO:root:[1,  1700/ 2562] - train_losses - Parent Class: 0.0000 - Children class: 5.9911 -Autoencoder Loss (total): 6.8928 - Reconstruction/K-Means Loss: [0.0000 / 6.8928] - Consistency Loss: [0.0000] - VICReg Loss: [45.9360][wd: 5.02e-02] [lr: 1.24e-05] [autoencoder lr: 0.00e+00][mem: 6.10e+04] (987.8 ms)
INFO:root:[1,  1700] grad_stats: [0.00e+00 0.00e+00] (1.60e+00, 1.60e+00)
INFO:root:[1,  1750/ 2562] - train_losses - Parent Class: 0.0000 - Children class: 5.9718 -Autoencoder Loss (total): 6.8546 - Reconstruction/K-Means Loss: [0.0000 / 6.8546] - Consistency Loss: [0.0000] - VICReg Loss: [45.9339][wd: 5.02e-02] [lr: 1.25e-05] [autoencoder lr: 0.00e+00][mem: 6.10e+04] (993.6 ms)
INFO:root:[1,  1750] grad_stats: [0.00e+00 0.00e+00] (1.53e+00, 1.53e+00)
INFO:root:[1,  1800/ 2562] - train_losses - Parent Class: 0.0000 - Children class: 5.9531 -Autoencoder Loss (total): 6.8188 - Reconstruction/K-Means Loss: [0.0000 / 6.8188] - Consistency Loss: [0.0000] - VICReg Loss: [45.9338][wd: 5.02e-02] [lr: 1.25e-05] [autoencoder lr: 0.00e+00][mem: 6.10e+04] (999.6 ms)
INFO:root:[1,  1800] grad_stats: [0.00e+00 0.00e+00] (1.67e+00, 1.67e+00)
INFO:root:[1,  1850/ 2562] - train_losses - Parent Class: 0.0000 - Children class: 5.9344 -Autoencoder Loss (total): 6.7823 - Reconstruction/K-Means Loss: [0.0000 / 6.7823] - Consistency Loss: [0.0000] - VICReg Loss: [45.9440][wd: 5.02e-02] [lr: 1.26e-05] [autoencoder lr: 0.00e+00][mem: 6.10e+04] (1005.7 ms)
INFO:root:[1,  1850] grad_stats: [0.00e+00 0.00e+00] (1.64e+00, 1.64e+00)
INFO:root:[1,  1900/ 2562] - train_losses - Parent Class: 0.0000 - Children class: 5.9159 -Autoencoder Loss (total): 6.7457 - Reconstruction/K-Means Loss: [0.0000 / 6.7457] - Consistency Loss: [0.0000] - VICReg Loss: [45.9411][wd: 5.02e-02] [lr: 1.27e-05] [autoencoder lr: 0.00e+00][mem: 6.10e+04] (1011.8 ms)
INFO:root:[1,  1900] grad_stats: [0.00e+00 0.00e+00] (1.54e+00, 1.54e+00)
INFO:root:[1,  1950/ 2562] - train_losses - Parent Class: 0.0000 - Children class: 5.8982 -Autoencoder Loss (total): 6.7185 - Reconstruction/K-Means Loss: [0.0000 / 6.7185] - Consistency Loss: [0.0000] - VICReg Loss: [45.9414][wd: 5.02e-02] [lr: 1.27e-05] [autoencoder lr: 0.00e+00][mem: 6.10e+04] (1018.0 ms)
INFO:root:[1,  1950] grad_stats: [0.00e+00 0.00e+00] (1.56e+00, 1.56e+00)
INFO:root:[1,  2000/ 2562] - train_losses - Parent Class: 0.0000 - Children class: 5.8808 -Autoencoder Loss (total): 6.6971 - Reconstruction/K-Means Loss: [0.0000 / 6.6971] - Consistency Loss: [0.0000] - VICReg Loss: [45.9603][wd: 5.02e-02] [lr: 1.28e-05] [autoencoder lr: 0.00e+00][mem: 6.10e+04] (1024.3 ms)
INFO:root:[1,  2000] grad_stats: [0.00e+00 0.00e+00] (1.68e+00, 1.68e+00)
INFO:root:[1,  2050/ 2562] - train_losses - Parent Class: 0.0000 - Children class: 5.8633 -Autoencoder Loss (total): 6.6673 - Reconstruction/K-Means Loss: [0.0000 / 6.6673] - Consistency Loss: [0.0000] - VICReg Loss: [45.9639][wd: 5.02e-02] [lr: 1.29e-05] [autoencoder lr: 0.00e+00][mem: 6.10e+04] (1030.7 ms)
INFO:root:[1,  2050] grad_stats: [0.00e+00 0.00e+00] (1.51e+00, 1.51e+00)
INFO:root:[1,  2100/ 2562] - train_losses - Parent Class: 0.0000 - Children class: 5.8457 -Autoencoder Loss (total): 6.6422 - Reconstruction/K-Means Loss: [0.0000 / 6.6422] - Consistency Loss: [0.0000] - VICReg Loss: [45.9689][wd: 5.02e-02] [lr: 1.30e-05] [autoencoder lr: 0.00e+00][mem: 6.10e+04] (1037.4 ms)
INFO:root:[1,  2100] grad_stats: [0.00e+00 0.00e+00] (1.58e+00, 1.58e+00)
INFO:root:[1,  2150/ 2562] - train_losses - Parent Class: 0.0000 - Children class: 5.8291 -Autoencoder Loss (total): 6.6173 - Reconstruction/K-Means Loss: [0.0000 / 6.6173] - Consistency Loss: [0.0000] - VICReg Loss: [45.9646][wd: 5.02e-02] [lr: 1.30e-05] [autoencoder lr: 0.00e+00][mem: 6.10e+04] (1043.6 ms)
INFO:root:[1,  2150] grad_stats: [0.00e+00 0.00e+00] (1.52e+00, 1.52e+00)
INFO:root:[1,  2200/ 2562] - train_losses - Parent Class: 0.0000 - Children class: 5.8127 -Autoencoder Loss (total): 6.5902 - Reconstruction/K-Means Loss: [0.0000 / 6.5902] - Consistency Loss: [0.0000] - VICReg Loss: [45.9651][wd: 5.03e-02] [lr: 1.31e-05] [autoencoder lr: 0.00e+00][mem: 6.10e+04] (1049.9 ms)
INFO:root:[1,  2200] grad_stats: [0.00e+00 0.00e+00] (1.52e+00, 1.52e+00)
INFO:root:[1,  2250/ 2562] - train_losses - Parent Class: 0.0000 - Children class: 5.7967 -Autoencoder Loss (total): 6.5701 - Reconstruction/K-Means Loss: [0.0000 / 6.5701] - Consistency Loss: [0.0000] - VICReg Loss: [45.9635][wd: 5.03e-02] [lr: 1.32e-05] [autoencoder lr: 0.00e+00][mem: 6.10e+04] (1056.1 ms)
INFO:root:[1,  2250] grad_stats: [0.00e+00 0.00e+00] (1.52e+00, 1.52e+00)
INFO:root:[1,  2300/ 2562] - train_losses - Parent Class: 0.0000 - Children class: 5.7809 -Autoencoder Loss (total): 6.5459 - Reconstruction/K-Means Loss: [0.0000 / 6.5459] - Consistency Loss: [0.0000] - VICReg Loss: [45.9669][wd: 5.03e-02] [lr: 1.32e-05] [autoencoder lr: 0.00e+00][mem: 6.10e+04] (1062.7 ms)
INFO:root:[1,  2300] grad_stats: [0.00e+00 0.00e+00] (1.60e+00, 1.60e+00)
INFO:root:[1,  2350/ 2562] - train_losses - Parent Class: 0.0000 - Children class: 5.7655 -Autoencoder Loss (total): 6.5280 - Reconstruction/K-Means Loss: [0.0000 / 6.5280] - Consistency Loss: [0.0000] - VICReg Loss: [45.9707][wd: 5.03e-02] [lr: 1.33e-05] [autoencoder lr: 0.00e+00][mem: 6.10e+04] (1068.9 ms)
INFO:root:[1,  2350] grad_stats: [0.00e+00 0.00e+00] (1.55e+00, 1.55e+00)
INFO:root:[1,  2400/ 2562] - train_losses - Parent Class: 0.0000 - Children class: 5.7506 -Autoencoder Loss (total): 6.5061 - Reconstruction/K-Means Loss: [0.0000 / 6.5061] - Consistency Loss: [0.0000] - VICReg Loss: [45.9695][wd: 5.03e-02] [lr: 1.34e-05] [autoencoder lr: 0.00e+00][mem: 6.10e+04] (1075.5 ms)
INFO:root:[1,  2400] grad_stats: [0.00e+00 0.00e+00] (1.59e+00, 1.59e+00)
INFO:root:[1,  2450/ 2562] - train_losses - Parent Class: 0.0000 - Children class: 5.7352 -Autoencoder Loss (total): 6.4860 - Reconstruction/K-Means Loss: [0.0000 / 6.4860] - Consistency Loss: [0.0000] - VICReg Loss: [45.9613][wd: 5.03e-02] [lr: 1.34e-05] [autoencoder lr: 0.00e+00][mem: 6.10e+04] (1082.2 ms)
INFO:root:[1,  2450] grad_stats: [0.00e+00 0.00e+00] (1.51e+00, 1.51e+00)
INFO:root:[1,  2500/ 2562] - train_losses - Parent Class: 0.0000 - Children class: 5.7198 -Autoencoder Loss (total): 6.4649 - Reconstruction/K-Means Loss: [0.0000 / 6.4649] - Consistency Loss: [0.0000] - VICReg Loss: [45.9723][wd: 5.03e-02] [lr: 1.35e-05] [autoencoder lr: 0.00e+00][mem: 6.10e+04] (1089.2 ms)
INFO:root:[1,  2500] grad_stats: [0.00e+00 0.00e+00] (1.54e+00, 1.54e+00)
INFO:root:[1,  2550/ 2562] - train_losses - Parent Class: 0.0000 - Children class: 5.7050 -Autoencoder Loss (total): 6.4468 - Reconstruction/K-Means Loss: [0.0000 / 6.4468] - Consistency Loss: [0.0000] - VICReg Loss: [45.9770][wd: 5.03e-02] [lr: 1.36e-05] [autoencoder lr: 0.00e+00][mem: 6.10e+04] (1096.4 ms)
INFO:root:[1,  2550] grad_stats: [0.00e+00 0.00e+00] (1.52e+00, 1.52e+00)
INFO:root:Asserting cache length
Avg no of empty clusters: 90.65103598691385
INFO:faiss.loader:Loading faiss with AVX2 support.
INFO:faiss.loader:Successfully loaded faiss with AVX2 support.
INFO:faiss.loader:Loading faiss with AVX2 support.
INFO:faiss.loader:Successfully loaded faiss with AVX2 support.
INFO:faiss.loader:Loading faiss with AVX2 support.
INFO:faiss.loader:Successfully loaded faiss with AVX2 support.
INFO:faiss.loader:Loading faiss with AVX2 support.
INFO:faiss.loader:Successfully loaded faiss with AVX2 support.
INFO:faiss.loader:Loading faiss with AVX2 support.
INFO:faiss.loader:Successfully loaded faiss with AVX2 support.
INFO:faiss.loader:Loading faiss with AVX2 support.
INFO:faiss.loader:Successfully loaded faiss with AVX2 support.
INFO:faiss.loader:Loading faiss with AVX2 support.
INFO:faiss.loader:Successfully loaded faiss with AVX2 support.
INFO:faiss.loader:Loading faiss with AVX2 support.
INFO:faiss.loader:Successfully loaded faiss with AVX2 support.
INFO:faiss.loader:Loading faiss with AVX2 support.
INFO:faiss.loader:Successfully loaded faiss with AVX2 support.
INFO:faiss.loader:Loading faiss with AVX2 support.
INFO:faiss.loader:Successfully loaded faiss with AVX2 support.
INFO:faiss.loader:Loading faiss with AVX2 support.
INFO:faiss.loader:Successfully loaded faiss with AVX2 support.
INFO:faiss.loader:Loading faiss with AVX2 support.
INFO:faiss.loader:Successfully loaded faiss with AVX2 support.
INFO:faiss.loader:Loading faiss with AVX2 support.
INFO:faiss.loader:Successfully loaded faiss with AVX2 support.
INFO:faiss.loader:Loading faiss with AVX2 support.
INFO:faiss.loader:Successfully loaded faiss with AVX2 support.
INFO:faiss.loader:Loading faiss with AVX2 support.
INFO:faiss.loader:Successfully loaded faiss with AVX2 support.
INFO:faiss.loader:Loading faiss with AVX2 support.
INFO:faiss.loader:Successfully loaded faiss with AVX2 support.
INFO:root:avg. train_loss 51.684
INFO:root:avg. test_loss 0.000 avg. Accuracy@1 31.488 - avg. Accuracy@5 50.718
Process Process-1:
Traceback (most recent call last):
  File "/home/rtcalumby/miniconda3/envs/py382/lib/python3.12/multiprocessing/process.py", line 314, in _bootstrap
    self.run()
  File "/home/rtcalumby/miniconda3/envs/py382/lib/python3.12/multiprocessing/process.py", line 108, in run
    self._target(*self._args, **self._kwargs)
  File "/home/rtcalumby/adam/luciano/LifeCLEFPlant2022/DeepCluster/main_FGDCC_v2.py", line 52, in process_main
    app_main(args=params)
  File "/home/rtcalumby/adam/luciano/LifeCLEFPlant2022/DeepCluster/engine_FGDCCv2.py", line 922, in main
    save_checkpoint(epoch+1)
  File "/home/rtcalumby/adam/luciano/LifeCLEFPlant2022/DeepCluster/engine_FGDCCv2.py", line 384, in save_checkpoint
    'target_encoder': fgdcc.module.vit_encoder.state_dict(),
                      ^^^^^^^^^^^^^^^^^^^^^^^^
  File "/home/rtcalumby/miniconda3/envs/py382/lib/python3.12/site-packages/torch/nn/modules/module.py", line 1709, in __getattr__
    raise AttributeError(f"'{type(self).__name__}' object has no attribute '{name}'")
AttributeError: 'VisionTransformer' object has no attribute 'vit_encoder'
