INFO:faiss.loader:Loading faiss with AVX2 support.
INFO:faiss.loader:Successfully loaded faiss with AVX2 support.
INFO:faiss.loader:Loading faiss with AVX2 support.
INFO:faiss.loader:Successfully loaded faiss with AVX2 support.
INFO:root:called-params configs/in1k_vith14_ep300_FGDCC.yaml
INFO:root:loaded params...
{   'data': {   'batch_size': 96,
                'color_jitter_strength': 0.0,
                'crop_scale': [0.3, 1.0],
                'crop_size': 224,
                'cutmix': 0.0,
                'drop_path': 0.25,
                'image_folder': '/home/rtcalumby/adam/luciano/plantnet_300K/',
                'mixup': 0.0,
                'nb_classes': 1081,
                'num_workers': 8,
                'pin_mem': True,
                'reprob': 0.25,
                'resume_epoch': 0,
                'root_path': '/home/rtcalumby/adam/luciano/',
                'use_color_distortion': False,
                'use_gaussian_blur': False,
                'use_horizontal_flip': False},
    'logging': {   'folder': '/home/rtcalumby/adam/luciano/LifeCLEFPlant2022/logs/PlantNet300k_exp21',
                   'write_tag': 'jepa'},
    'mask': {   'allow_overlap': False,
                'aspect_ratio': [0.75, 1.5],
                'enc_mask_scale': [0.85, 1.0],
                'min_keep': 10,
                'num_enc_masks': 1,
                'num_pred_masks': 4,
                'patch_size': 14,
                'pred_mask_scale': [0.15, 0.2]},
    'meta': {   'copy_data': False,
                'load_checkpoint': True,
                'model_name': 'vit_huge',
                'pred_depth': 12,
                'pred_emb_dim': 384,
                'read_checkpoint': None,
                'use_bfloat16': True},
    'optimization': {   'ema': [0.9, 0.999],
                        'epochs': 50,
                        'final_lr': 3e-06,
                        'final_weight_decay': 0.4,
                        'ipe_scale': 1.0,
                        'label_smoothing': 0.1,
                        'lr': 0.0006,
                        'start_lr': 0.00015,
                        'warmup': 5,
                        'weight_decay': 0.05}}
INFO:root:Running... (rank: 0/1)
INFO:root:Initialized (rank/world-size) 0/1
INFO:root:MaskedAutoEncoder(
  (encoder): Sequential(
    (0): Linear(in_features=1024, out_features=768, bias=True)
    (1): GELU(approximate='none')
    (2): Linear(in_features=768, out_features=512, bias=True)
    (3): GELU(approximate='none')
    (4): Linear(in_features=512, out_features=384, bias=True)
    (5): GELU(approximate='none')
  )
  (decoder): Sequential(
    (0): Linear(in_features=384, out_features=512, bias=True)
    (1): GELU(approximate='none')
    (2): Linear(in_features=512, out_features=768, bias=True)
    (3): GELU(approximate='none')
    (4): Linear(in_features=768, out_features=1024, bias=True)
  )
)
INFO:root:making imagenet data transforms
INFO:root:making imagenet data transforms
INFO:root:Finetuning dataset created
Training dataset, length: 245952
INFO:root:Finetuning dataset created
Val dataset, length: 31200
INFO:root:Using AdamW
['encoder', 'predictor', 'opt', 'scaler', 'target_encoder', 'epoch', 'loss', 'batch_size', 'world_size', 'lr']
INFO:root:loaded pretrained encoder from epoch 66 with msg: <All keys matched successfully>
INFO:root:Using AdamW
INFO:root:VisionTransformer(
  (patch_embed): PatchEmbed(
    (proj): Conv2d(3, 1280, kernel_size=(14, 14), stride=(14, 14))
  )
  (blocks): ModuleList(
    (0-31): 32 x Block(
      (norm1): LayerNorm((1280,), eps=1e-06, elementwise_affine=True)
      (attn): Attention(
        (qkv): Linear(in_features=1280, out_features=3840, bias=True)
        (attn_drop): Dropout(p=0.0, inplace=False)
        (proj): Linear(in_features=1280, out_features=1280, bias=True)
        (proj_drop): Dropout(p=0.0, inplace=False)
      )
      (drop_path): Identity()
      (norm2): LayerNorm((1280,), eps=1e-06, elementwise_affine=True)
      (mlp): MLP(
        (fc1): Linear(in_features=1280, out_features=5120, bias=True)
        (act): GELU(approximate='none')
        (fc2): Linear(in_features=5120, out_features=1280, bias=True)
        (drop): Dropout(p=0.0, inplace=False)
      )
    )
  )
  (norm): LayerNorm((1280,), eps=1e-06, elementwise_affine=True)
)
INFO:root:Building cache...
INFO:root:Done.
INFO:root:Initializing centroids...
INFO:root:Done.
INFO:root:M - Step...
/home/rtcalumby/miniconda3/envs/py382/lib/python3.12/site-packages/faiss/contrib/torch_utils.py:51: UserWarning: TypedStorage is deprecated. It will be removed in the future and UntypedStorage will be the only storage class. This should only matter to you if you are using storages directly.  To access UntypedStorage directly, use tensor.untyped_storage() instead of tensor.storage()
  x.storage().data_ptr() + x.storage_offset() * 4)
Xb Current device: -1
FAISS K-MEANS (on CPU execution): 1.8934967517852783 seconds
OUR K-MEANS (on GPU execution): 4.802104473114014 seconds
GPU runtime gain: 2.5361038874697632
Qualitative Results:
FAISS centroid 0: [ 7.94545785e-02 -1.62534356e-01  3.14762324e-01 -7.92384684e-01
 -2.67671287e-01 -1.40844536e+00 -1.92676961e-01 -3.19253236e-01
 -1.86381321e-02  3.36449772e-01  1.29656613e-01  1.79481670e-01
 -6.20734215e-01  5.56551991e-03  1.29596639e+00  3.40409815e-01
 -5.99548399e-01  6.03997886e-01 -4.99200791e-01  1.03639710e+00
 -5.12818635e-01 -4.26834337e-02 -5.39150476e-01 -7.60362506e-01
  1.52398139e-01 -6.13800704e-01 -3.47699702e-01 -9.57664922e-02
  5.99374771e-01 -4.85301197e-01  4.83264595e-01 -2.19405755e-01
  1.03730702e+00  1.26722372e+00 -8.53269339e-01  5.40236950e-01
  8.68760645e-01 -8.37709248e-01  1.81715751e+00  8.76160115e-02
  2.39980400e-01  6.61011577e-01 -2.48283774e-01 -1.72948742e+00
  7.76722968e-01 -4.99233216e-01  3.45726550e-01 -6.95415512e-02
  1.62348762e-01 -3.68860930e-01  1.07020175e+00 -5.50577104e-01
  5.05105674e-01  1.21847309e-01 -7.54262626e-01 -2.30041116e-01
 -1.08251119e+00  3.16748261e-01  3.63802075e-01 -6.47813007e-02
 -6.20332181e-01  5.50858676e-01 -1.78678918e+00 -7.50703454e-01
  8.82457972e-01  3.79792042e-02 -4.65226233e-01 -1.56564936e-01
  4.07235086e-01 -5.22179902e-01  3.98617983e-01 -1.04877186e+00
  5.14267050e-02  3.08602363e-01 -3.01438689e-01  7.49449611e-01
 -1.00662559e-01 -2.58142799e-01 -2.76330560e-01 -5.09837449e-01
 -2.59037465e-01  1.49547502e-01 -6.50083840e-01  3.30861956e-01
  3.95751089e-01 -4.08551574e-01  4.45966482e-01 -8.04947257e-01
 -1.59376830e-01 -4.22773570e-01 -2.42901266e-01  2.62999624e-01
 -6.91133514e-02  1.53320953e-01 -2.95926988e-01 -5.78707039e-01
 -8.12601596e-02  1.71040356e-01  3.48027706e-01  1.13104366e-01
  1.08482465e-01  1.04286037e-01  3.15061092e-01 -1.79851636e-01
  5.84185123e-01 -5.43811917e-02  5.02968431e-01 -2.77151287e-01
  1.21503103e+00 -3.83382142e-01 -1.96124852e-01 -2.75909066e-01
  4.04308289e-01  8.06574106e-01 -2.48429239e-01 -1.05019495e-01
 -1.33417118e+00  5.72018683e-01 -2.34865174e-02 -5.86061180e-01
  6.64526105e-01 -5.89900374e-01  8.03800464e-01  1.72017586e+00
 -1.88929006e-01 -2.50887036e-01 -6.37077987e-01 -7.39728034e-01
  4.24404562e-01 -3.57673109e-01 -3.64794463e-01  1.34437243e-02
 -7.47787774e-01 -9.33606386e-01 -3.28111798e-01 -4.91019413e-02
 -9.22119692e-02  5.75077355e-01  9.98376161e-02  9.96822596e-01
 -6.70284331e-01  3.17280948e-01 -2.79768053e-02  1.21685147e+00
 -2.52969682e-01 -2.56747961e-01 -2.47382730e-01 -2.54210681e-01
  2.52236485e-01  3.83411556e-01 -5.80533855e-02  2.01225728e-01
  9.14642274e-01  8.57301712e-01  5.22393510e-02  1.32683134e+00
 -3.30936089e-02 -1.57146466e+00 -5.20535648e-01  3.86121511e-01
 -2.07726464e-01 -6.68534994e-01  6.97416008e-01 -4.65518445e-01
  1.67559355e-01 -4.22663540e-01  3.01563442e-01  7.75163472e-02
  4.16530788e-01  8.66854310e-01  3.50619525e-01 -6.99708983e-02
 -8.60027969e-01 -5.25708258e-01  1.00759290e-01 -1.76078707e-01
  3.04402318e-02 -4.23605084e-01  3.60486768e-02 -9.55105484e-01
 -1.30543983e+00 -9.41369295e-01  4.81743157e-01  4.95944709e-01
  3.85672739e-03  5.58067381e-01  6.96828425e-01  3.19461405e-01
  8.67429450e-02 -5.32230735e-01 -3.92732546e-02 -5.95199727e-02
  3.81265283e-01  5.90570152e-01 -1.31710142e-01 -7.76146710e-01
  5.15584290e-01 -2.99595863e-01  9.01927292e-01  2.92493999e-01
  4.28017616e-01  5.71995899e-02 -3.35413873e-01 -5.42133093e-01
 -3.10214251e-01  3.54084164e-01  4.53097790e-01 -5.14624864e-02
  1.21653907e-01 -9.32626612e-03 -2.43753001e-01 -3.13520998e-01
 -7.85839617e-01 -6.99463859e-02 -2.52627611e-01 -9.72925499e-02
  2.06498224e-02 -4.90043133e-01  6.72673404e-01 -3.17291528e-01
 -6.63936496e-01  1.32909700e-01 -5.46852291e-01  2.69560546e-01
  1.75083190e-01  3.10312718e-01 -1.68795720e-01  3.54935884e-01
  2.14279667e-01  1.05437987e-01  5.46632148e-02 -3.30913752e-01
 -4.05247748e-01  7.29314089e-01  8.49524021e-01 -2.10162178e-01
 -1.83623329e-01 -1.87105730e-01  1.50227427e+00  9.22795773e-01
  4.25780535e-01 -1.15507340e+00 -5.14230467e-02  6.77677035e-01
 -1.87011972e-01 -1.27010763e+00 -5.50108373e-01 -8.28935742e-01
 -7.52658444e-03 -6.73882589e-02  6.12944484e-01  1.13401823e-01
  6.02966964e-01 -8.71637702e-01  4.83483374e-02  3.07584703e-01
  1.50513780e+00  1.21469188e+00 -4.47888017e-01 -6.12753183e-02
 -8.03578794e-01 -1.74447930e+00  2.17331126e-01  1.47714950e-02
 -2.01974943e-01 -3.51521909e-01  2.49837860e-01  1.20228183e+00
  4.58739586e-02 -1.16591349e-01 -4.30954188e-01  9.33635384e-02
  4.00975853e-01 -1.39676318e-01 -4.92787927e-01 -8.37926149e-01
  1.43321669e+00 -6.79145336e-01  2.59695679e-01  4.21794914e-02
  9.60434880e-03  1.03040314e+00  4.11619812e-01 -8.49894404e-01
  8.77567589e-01  3.04626286e-01 -1.35434449e-01  2.46445403e-01
  1.33021522e+00  6.29806459e-01 -7.91463852e-02 -1.08994581e-01
  9.70826447e-01  5.24754226e-01 -4.01381969e-01 -5.92071339e-02
 -5.90810120e-01 -6.72263324e-01 -9.59445715e-01 -7.03427970e-01
 -3.31562199e-02  5.34650266e-01 -6.08606935e-01  7.06543565e-01
 -7.49522269e-01 -7.05052674e-01 -4.84125704e-01 -6.68871522e-01
  4.37595814e-01 -5.69344997e-01 -7.70646706e-02  1.16781771e+00
  7.39320070e-02 -1.42266154e-02  2.14935660e-01 -3.13667417e-01
 -2.07917213e-01 -1.28969951e-02  1.59426510e-01 -7.40875840e-01
  1.31891418e+00 -1.42784977e+00 -3.79563749e-01 -4.20728326e-01
  5.07510006e-01 -6.93091080e-02  1.65340471e+00 -5.31131446e-01
  6.15679324e-01 -4.75036085e-01  1.04900455e+00 -9.38868499e-04
  2.39273146e-01  4.39608335e-01 -1.05473244e+00  4.96373862e-01
 -7.58378804e-01 -1.62057355e-01  6.27932727e-01  8.07720006e-01
  1.85505226e-01  2.62775928e-01 -2.11184964e-01  1.18180834e-01
 -9.19282913e-01  4.99366254e-01  4.17739190e-02  1.60409343e+00
 -4.08778727e-01  6.44674748e-02 -1.75678086e+00  1.62324858e+00
 -9.69980776e-01  2.89758086e-01 -1.30518422e-01  1.00711131e+00
  3.56405079e-01  2.97703296e-01 -3.98524702e-01  1.29833370e-01
 -2.39223838e-01 -8.00082207e-01 -3.61828059e-01 -4.20337260e-01
 -1.73513040e-01  1.37361363e-01 -2.40061134e-01 -3.25986177e-01
  6.13064706e-01  2.10295394e-01  1.10778773e+00  4.47548091e-01
 -3.54475647e-01  6.17179751e-01  1.31033659e-01 -1.09185040e+00
  2.61912402e-02 -3.44800264e-01 -9.22185034e-02  9.14889723e-02
 -1.33023411e-01 -5.23291975e-02  5.13753621e-03  3.80178422e-01]
our centroid 0: tensor([ 8.5770e-02, -1.5593e-01,  3.0013e-01, -7.6068e-01, -2.3959e-01,
        -1.4119e+00, -1.6859e-01, -3.0909e-01, -3.0201e-02,  3.3230e-01,
         1.2992e-01,  1.5193e-01, -6.0349e-01, -1.0024e-02,  1.2737e+00,
         3.6650e-01, -6.0273e-01,  5.8682e-01, -4.9638e-01,  1.0536e+00,
        -5.3451e-01, -3.9686e-02, -5.2384e-01, -7.5571e-01,  1.6146e-01,
        -6.3949e-01, -3.3400e-01, -9.2286e-02,  5.5943e-01, -4.9383e-01,
         4.7983e-01, -2.0416e-01,  1.0497e+00,  1.2543e+00, -8.6996e-01,
         5.4701e-01,  8.6505e-01, -8.3707e-01,  1.7729e+00,  1.1329e-01,
         2.4823e-01,  6.6901e-01, -2.5407e-01, -1.6948e+00,  7.6824e-01,
        -4.9504e-01,  3.5053e-01, -7.2503e-02,  1.4804e-01, -3.5638e-01,
         1.0680e+00, -5.5575e-01,  5.1319e-01,  1.2642e-01, -7.4349e-01,
        -2.3097e-01, -1.0932e+00,  3.1419e-01,  3.7348e-01, -7.0515e-02,
        -6.1814e-01,  5.4386e-01, -1.7901e+00, -7.4908e-01,  8.8844e-01,
         5.1708e-02, -4.5289e-01, -1.8852e-01,  3.8499e-01, -5.2703e-01,
         3.6372e-01, -1.0322e+00,  2.0130e-02,  2.9752e-01, -3.0739e-01,
         7.7889e-01, -8.0256e-02, -2.5422e-01, -2.8819e-01, -4.9666e-01,
        -2.4552e-01,  1.5588e-01, -6.5861e-01,  3.2816e-01,  4.3000e-01,
        -4.3423e-01,  4.3824e-01, -7.9000e-01, -1.4930e-01, -4.2875e-01,
        -2.4496e-01,  2.4494e-01, -4.3236e-02,  1.7447e-01, -3.3171e-01,
        -5.8078e-01, -7.5103e-02,  1.6804e-01,  3.2229e-01,  1.6084e-01,
         8.6319e-02,  1.1443e-01,  3.4517e-01, -2.1766e-01,  5.7370e-01,
        -7.5042e-02,  5.0015e-01, -2.6763e-01,  1.1663e+00, -3.5826e-01,
        -1.8750e-01, -2.9079e-01,  3.8121e-01,  7.8680e-01, -2.4016e-01,
        -1.3172e-01, -1.3069e+00,  5.6206e-01,  8.7527e-03, -6.0245e-01,
         6.6362e-01, -5.9555e-01,  7.7273e-01,  1.7090e+00, -1.7916e-01,
        -2.4620e-01, -6.4141e-01, -7.4108e-01,  4.2257e-01, -3.6087e-01,
        -3.6889e-01, -2.4267e-02, -7.5490e-01, -9.6473e-01, -3.3843e-01,
        -2.6348e-02, -1.1815e-01,  5.6909e-01,  1.0071e-01,  1.0294e+00,
        -6.7745e-01,  3.2125e-01, -2.8573e-02,  1.1901e+00, -2.4272e-01,
        -2.3325e-01, -2.6929e-01, -2.3920e-01,  2.6747e-01,  3.9173e-01,
        -6.0523e-02,  2.1901e-01,  9.1181e-01,  8.0496e-01,  2.2259e-02,
         1.3165e+00, -3.8517e-02, -1.5562e+00, -5.2428e-01,  4.2414e-01,
        -2.2005e-01, -6.8257e-01,  7.0827e-01, -4.6941e-01,  1.7291e-01,
        -4.3065e-01,  2.9579e-01,  6.8839e-02,  3.8192e-01,  8.0326e-01,
         3.5337e-01, -4.1814e-02, -8.6389e-01, -5.2366e-01,  9.7912e-02,
        -1.6335e-01,  3.2013e-02, -4.1336e-01,  2.7371e-02, -9.4400e-01,
        -1.2828e+00, -9.3371e-01,  4.4919e-01,  4.8981e-01, -2.7564e-03,
         5.7037e-01,  7.3365e-01,  2.9459e-01,  8.4941e-02, -5.1361e-01,
        -3.5065e-02, -6.5765e-02,  3.7005e-01,  5.8701e-01, -1.2769e-01,
        -7.6160e-01,  5.0923e-01, -2.9984e-01,  9.1363e-01,  2.8709e-01,
         4.3291e-01,  7.3440e-02, -3.4246e-01, -5.4423e-01, -3.0257e-01,
         3.6149e-01,  4.6874e-01, -5.2408e-02,  1.1683e-01, -6.8112e-03,
        -2.6460e-01, -3.1814e-01, -7.7132e-01, -1.1863e-01, -2.3635e-01,
        -8.1054e-02,  6.9023e-03, -4.7530e-01,  6.7166e-01, -3.1080e-01,
        -6.5777e-01,  1.4816e-01, -5.2603e-01,  2.7991e-01,  1.9239e-01,
         3.0680e-01, -1.4731e-01,  3.6743e-01,  1.9638e-01,  8.4083e-02,
         7.4225e-02, -3.3666e-01, -3.9898e-01,  6.7323e-01,  8.4380e-01,
        -2.1701e-01, -1.8612e-01, -1.8831e-01,  1.4940e+00,  9.1660e-01,
         4.3135e-01, -1.1465e+00, -7.9083e-02,  6.8714e-01, -1.7322e-01,
        -1.2483e+00, -5.0865e-01, -8.2598e-01,  3.2173e-04, -6.1571e-02,
         6.0009e-01,  9.2871e-02,  6.0497e-01, -8.5330e-01,  1.7470e-02,
         3.2288e-01,  1.4668e+00,  1.1988e+00, -4.8193e-01, -7.0560e-02,
        -7.8263e-01, -1.7411e+00,  1.9912e-01,  2.1745e-02, -1.9348e-01,
        -3.4720e-01,  2.3319e-01,  1.1896e+00,  3.6407e-02, -1.2615e-01,
        -4.5974e-01,  8.7829e-02,  4.1522e-01, -1.3077e-01, -5.0323e-01,
        -8.1145e-01,  1.4152e+00, -7.0075e-01,  2.9392e-01,  2.2416e-02,
         2.9458e-03,  1.0127e+00,  3.8764e-01, -8.4738e-01,  8.7535e-01,
         2.6226e-01, -1.4322e-01,  2.6140e-01,  1.3324e+00,  6.1101e-01,
        -6.9747e-02, -8.9419e-02,  9.6544e-01,  4.9784e-01, -3.9123e-01,
        -8.0199e-02, -6.1349e-01, -6.3024e-01, -9.2835e-01, -7.0711e-01,
        -3.9878e-02,  5.1423e-01, -5.9202e-01,  7.2185e-01, -7.4628e-01,
        -6.8774e-01, -4.6723e-01, -6.4951e-01,  4.2679e-01, -5.4555e-01,
        -7.4889e-02,  1.1528e+00,  5.6063e-02, -1.4334e-02,  2.1004e-01,
        -3.0682e-01, -1.8586e-01, -1.9747e-02,  1.5246e-01, -7.5565e-01,
         1.2766e+00, -1.4144e+00, -3.6051e-01, -4.3871e-01,  5.3205e-01,
        -5.5835e-02,  1.6642e+00, -5.0814e-01,  6.1684e-01, -4.3356e-01,
         1.0680e+00, -3.4264e-02,  2.1772e-01,  4.3852e-01, -1.0473e+00,
         4.8087e-01, -7.6228e-01, -1.8219e-01,  6.4573e-01,  8.1810e-01,
         1.9255e-01,  2.6674e-01, -2.0617e-01,  9.3055e-02, -8.9630e-01,
         4.9429e-01,  4.2661e-02,  1.5892e+00, -3.7808e-01,  2.9079e-02,
        -1.7044e+00,  1.6264e+00, -9.5443e-01,  2.9599e-01, -1.0926e-01,
         1.0120e+00,  3.3313e-01,  3.1387e-01, -3.8768e-01,  1.4862e-01,
        -1.9345e-01, -7.8973e-01, -3.5045e-01, -3.9469e-01, -1.8032e-01,
         1.5120e-01, -2.4178e-01, -3.1673e-01,  6.2139e-01,  1.9512e-01,
         1.1024e+00,  4.3112e-01, -3.5263e-01,  6.1600e-01,  1.4476e-01,
        -1.0424e+00,  4.1634e-02, -3.5354e-01, -7.8423e-02,  7.9539e-02,
        -1.1617e-01, -4.6245e-02,  1.5401e-02,  3.8284e-01])
Difference (centroid 0):
tensor([ 0.0063,  0.0066, -0.0146,  0.0317,  0.0281, -0.0035,  0.0241,  0.0102,
        -0.0116, -0.0041,  0.0003, -0.0276,  0.0172, -0.0156, -0.0222,  0.0261,
        -0.0032, -0.0172,  0.0028,  0.0172, -0.0217,  0.0030,  0.0153,  0.0047,
         0.0091, -0.0257,  0.0137,  0.0035, -0.0399, -0.0085, -0.0034,  0.0152,
         0.0124, -0.0129, -0.0167,  0.0068, -0.0037,  0.0006, -0.0443,  0.0257,
         0.0082,  0.0080, -0.0058,  0.0347, -0.0085,  0.0042,  0.0048, -0.0030,
        -0.0143,  0.0125, -0.0022, -0.0052,  0.0081,  0.0046,  0.0108, -0.0009,
        -0.0107, -0.0026,  0.0097, -0.0057,  0.0022, -0.0070, -0.0033,  0.0016,
         0.0060,  0.0137,  0.0123, -0.0320, -0.0222, -0.0048, -0.0349,  0.0166,
        -0.0313, -0.0111, -0.0060,  0.0294,  0.0204,  0.0039, -0.0119,  0.0132,
         0.0135,  0.0063, -0.0085, -0.0027,  0.0342, -0.0257, -0.0077,  0.0150,
         0.0101, -0.0060, -0.0021, -0.0181,  0.0259,  0.0212, -0.0358, -0.0021,
         0.0062, -0.0030, -0.0257,  0.0477, -0.0222,  0.0101,  0.0301, -0.0378,
        -0.0105, -0.0207, -0.0028,  0.0095, -0.0487,  0.0251,  0.0086, -0.0149,
        -0.0231, -0.0198,  0.0083, -0.0267,  0.0273, -0.0100,  0.0322, -0.0164,
        -0.0009, -0.0057, -0.0311, -0.0111,  0.0098,  0.0047, -0.0043, -0.0014,
        -0.0018, -0.0032, -0.0041, -0.0377, -0.0071, -0.0311, -0.0103,  0.0228,
        -0.0259, -0.0060,  0.0009,  0.0326, -0.0072,  0.0040, -0.0006, -0.0268,
         0.0103,  0.0235, -0.0219,  0.0150,  0.0152,  0.0083, -0.0025,  0.0178,
        -0.0028, -0.0523, -0.0300, -0.0103, -0.0054,  0.0153, -0.0037,  0.0380,
        -0.0123, -0.0140,  0.0109, -0.0039,  0.0054, -0.0080, -0.0058, -0.0087,
        -0.0346, -0.0636,  0.0028,  0.0282, -0.0039,  0.0021, -0.0028,  0.0127,
         0.0016,  0.0102, -0.0087,  0.0111,  0.0226,  0.0077, -0.0326, -0.0061,
        -0.0066,  0.0123,  0.0368, -0.0249, -0.0018,  0.0186,  0.0042, -0.0062,
        -0.0112, -0.0036,  0.0040,  0.0145, -0.0064, -0.0002,  0.0117, -0.0054,
         0.0049,  0.0162, -0.0070, -0.0021,  0.0076,  0.0074,  0.0156, -0.0009,
        -0.0048,  0.0025, -0.0208, -0.0046,  0.0145, -0.0487,  0.0163,  0.0162,
        -0.0137,  0.0147, -0.0010,  0.0065,  0.0062,  0.0152,  0.0208,  0.0104,
         0.0173, -0.0035,  0.0215,  0.0125, -0.0179, -0.0214,  0.0196, -0.0057,
         0.0063, -0.0561, -0.0057, -0.0068, -0.0025, -0.0012, -0.0083, -0.0062,
         0.0056,  0.0086, -0.0277,  0.0095,  0.0138,  0.0218,  0.0415,  0.0030,
         0.0078,  0.0058, -0.0129, -0.0205,  0.0020,  0.0183, -0.0309,  0.0153,
        -0.0384, -0.0159, -0.0340, -0.0093,  0.0209,  0.0033, -0.0182,  0.0070,
         0.0085,  0.0043, -0.0166, -0.0127, -0.0095, -0.0096, -0.0288, -0.0055,
         0.0142,  0.0089, -0.0104,  0.0265, -0.0180, -0.0216,  0.0342, -0.0198,
        -0.0067, -0.0177, -0.0240,  0.0025, -0.0022, -0.0424, -0.0078,  0.0150,
         0.0022, -0.0188,  0.0094,  0.0196, -0.0054, -0.0269,  0.0102, -0.0210,
        -0.0227,  0.0420,  0.0311, -0.0037, -0.0067, -0.0204,  0.0166,  0.0153,
         0.0032,  0.0173,  0.0169,  0.0194, -0.0108,  0.0238,  0.0022, -0.0150,
        -0.0179, -0.0001, -0.0049,  0.0069,  0.0221, -0.0069, -0.0070, -0.0148,
        -0.0423,  0.0134,  0.0191, -0.0180,  0.0245,  0.0135,  0.0108,  0.0230,
         0.0012,  0.0415,  0.0190, -0.0333, -0.0216, -0.0011,  0.0074, -0.0155,
        -0.0039, -0.0201,  0.0178,  0.0104,  0.0070,  0.0040,  0.0050, -0.0251,
         0.0230, -0.0051,  0.0009, -0.0149,  0.0307, -0.0354,  0.0524,  0.0032,
         0.0155,  0.0062,  0.0213,  0.0049, -0.0233,  0.0162,  0.0108,  0.0188,
         0.0458,  0.0104,  0.0114,  0.0257, -0.0068,  0.0138, -0.0017,  0.0093,
         0.0083, -0.0152, -0.0054, -0.0164,  0.0018, -0.0012,  0.0137,  0.0495,
         0.0154, -0.0087,  0.0138, -0.0120,  0.0169,  0.0061,  0.0103,  0.0027])
-------------------------------------------------
FAISS centroid 1: [ 6.84276521e-01  2.39825040e-01  7.29809940e-01 -4.52815175e-01
 -4.11808163e-01 -7.16277301e-01  2.87169129e-01 -3.72186244e-01
 -1.03537887e-01  2.62844813e-04  9.78529990e-01 -1.04201473e-01
  2.50117481e-02  2.02944130e-01  5.92833221e-01  7.70620525e-01
  1.18090279e-01  2.51077861e-01 -5.55302948e-02  1.58525736e-03
 -3.05753890e-02 -4.72519875e-01 -4.20218050e-01 -1.03194721e-01
  7.44031072e-01 -5.99490881e-01 -3.76245558e-01  3.21673483e-01
  1.19664443e+00 -1.33681953e-01  3.54874879e-01  6.20306373e-01
  9.46037233e-01 -2.14728743e-01  4.72492993e-01  2.10941702e-01
 -2.21472047e-02 -1.00720501e+00  8.13497007e-01 -2.07030907e-01
  9.24959123e-01  1.36440799e-01 -4.34242398e-01 -1.03996408e+00
  3.15568030e-01 -8.84620249e-01 -4.09997076e-01  5.90181172e-01
 -3.75829250e-01  3.05369012e-02  5.62827110e-01  7.05507472e-02
 -5.49181581e-01 -4.27092671e-01 -7.63194978e-01  4.97386366e-01
 -1.08943427e+00  1.37263322e+00  3.74677002e-01  2.80029420e-02
 -1.27392781e+00 -5.29740810e-01 -5.05401134e-01 -6.26787603e-01
  5.12031376e-01 -5.15220284e-01  8.16080749e-01  2.19344705e-01
  1.22553897e+00 -9.18691814e-01  1.01892483e+00 -3.33703846e-01
 -7.60222413e-03 -2.09511474e-01  4.89568383e-01  7.34992266e-01
 -2.43101507e-01 -4.09172252e-02 -6.23001866e-02 -4.45345670e-01
 -4.26750898e-01 -3.06078345e-01 -5.65360785e-01  1.61443532e-01
 -6.21900082e-01 -7.56937385e-01  2.19460092e-02  2.34663591e-01
  1.09160221e+00 -5.44207022e-02  5.17444611e-01  3.09128940e-01
 -3.04112643e-01  1.70232221e-01 -5.30577064e-01 -1.01602542e+00
 -8.19970787e-01  3.26921314e-01  4.63925414e-02 -4.06942666e-01
  6.08970642e-01  4.44644690e-01  6.33903980e-01 -2.49791324e-01
  2.46345237e-01  2.23759562e-01  5.65793991e-01 -6.13104045e-01
  3.95320207e-01  3.67577940e-01  3.22444499e-01  2.00219467e-01
  1.36659503e+00  1.18252349e+00 -6.53927386e-01 -5.38455069e-01
 -1.48569226e+00  5.80140829e-01  2.94432621e-02 -7.97563374e-01
 -1.97845593e-01 -6.84222877e-01  5.97212017e-01  4.26674128e-01
 -6.54431105e-01 -4.46348935e-01 -4.70161401e-02 -1.17641211e+00
  9.12336290e-01 -1.23114443e+00 -5.78173220e-01  4.86282825e-01
  2.88880020e-01 -1.16922212e+00 -2.84562446e-02  3.69239509e-01
  2.63043165e-01 -2.75918424e-01  4.24037039e-01  7.67419100e-01
 -4.51025873e-01 -4.23437238e-01 -2.27641866e-01  6.79905951e-01
  3.84757489e-01 -5.74586332e-01  2.22380772e-01  3.65653932e-01
  3.55955660e-01  5.75465500e-01 -2.26945937e-01 -3.52073982e-02
  1.71308424e-02  7.99800754e-01  1.07356779e-01  1.06455004e+00
  8.40969682e-01 -1.73458314e+00 -2.46277303e-02  2.62620449e-01
  1.05207229e+00 -4.71975684e-01 -2.78189871e-02 -2.50569373e-01
  2.21674189e-01 -4.48786974e-01 -6.67369887e-02  3.03147227e-01
  5.89790404e-01  4.47298825e-01  1.00044167e+00 -7.21626639e-01
 -1.83292180e-01 -1.21644877e-01  6.23356044e-01  1.16064064e-01
  6.10942721e-01 -5.24326324e-01 -2.41994970e-02 -2.28843719e-01
 -6.47643089e-01 -4.11703020e-01  4.88881260e-01 -3.09345931e-01
  1.24491310e+00  8.50462615e-02 -2.07298860e-01 -7.97526613e-02
 -1.40632853e-01 -2.03470036e-01 -2.50107676e-01 -1.72728911e-01
  1.11799264e+00  1.71338513e-01 -1.61418274e-01  9.09673981e-03
  1.01431561e+00 -2.22731739e-01  7.33347118e-01  2.31543168e-01
  3.11807096e-01 -5.57616711e-01 -3.98815572e-01 -7.98387945e-01
 -5.43520927e-01 -1.21968575e-01  1.35167286e-01  4.86099422e-01
 -3.64821136e-01  3.42837870e-01 -1.03062105e+00 -1.21206355e+00
 -1.38444018e+00 -2.01487288e-01 -6.63598239e-01 -6.76283300e-01
  4.37474549e-01 -1.49648261e+00  3.53176594e-01  5.03789008e-01
 -9.37273622e-01  8.42218250e-02 -5.96471310e-01 -2.90491637e-02
 -2.69038051e-01  1.74605064e-02 -4.03520092e-03  3.20177108e-01
 -9.77658853e-03 -1.89261898e-01 -4.17695314e-01  4.45604384e-01
 -8.02121878e-01  1.14088857e+00  1.00930007e-02  3.65937203e-01
  8.86157215e-01 -6.40782714e-01  7.53563166e-01  1.34155166e+00
 -2.32270151e-01 -7.86531985e-01  5.00320852e-01 -2.26105556e-01
 -4.69412595e-01 -1.42644024e+00 -3.70199531e-01 -5.84054053e-01
  2.44668797e-01 -3.02129358e-01  9.40657973e-01 -1.46778941e-01
  2.84095436e-01 -7.62463093e-01  2.84210891e-01  5.34633636e-01
  9.29399490e-01  2.71787606e-02 -8.59364212e-01  1.88309237e-01
 -3.71835530e-01 -1.25402677e+00  1.79552495e-01  5.34768283e-01
 -5.86121500e-01 -5.73358119e-01  2.94236660e-01  1.56385374e+00
  3.72486949e-01 -6.92175508e-01  1.56844899e-01  2.48725060e-02
 -1.84335187e-01  4.80143875e-01 -1.44745857e-01 -2.89389163e-01
  1.08773744e+00 -3.94152910e-01  1.39595813e-03  6.42590225e-01
  7.50492886e-02  9.16800916e-01  5.24074674e-01 -5.28061092e-01
  9.22680676e-01  4.86147285e-01 -3.50546718e-01 -4.38876957e-01
  6.23583853e-01 -1.61159351e-01 -3.69312704e-01 -7.57384822e-02
 -1.07655905e-01  4.87935066e-01 -3.41531903e-01 -2.22789839e-01
 -3.90800327e-01 -2.59190127e-02 -6.15331650e-01 -1.92972180e-02
  6.29246235e-01  4.83293951e-01 -9.05562282e-01  3.39044482e-01
 -2.76330620e-01 -6.26089513e-01  3.01572923e-02 -3.71576995e-01
  4.97984849e-02 -6.90860271e-01  2.81090170e-01  7.78835058e-01
  8.20620507e-02  1.27715185e-01  1.71107948e-01 -4.52878743e-01
 -5.26796460e-01 -4.61199433e-01  3.46651912e-01  7.62048066e-01
  6.70367718e-01 -1.14975011e+00 -8.67495239e-01  3.11329961e-03
  9.01901782e-01  3.24688375e-01  1.15369916e+00 -1.03900468e+00
 -7.40748465e-01 -9.30964828e-01  6.83784306e-01  1.54565185e-01
  3.45727593e-01 -3.66356850e-01 -9.34037209e-01  6.73033535e-01
 -1.12355061e-01 -2.32699022e-01 -7.08287120e-01  1.82731494e-01
  5.24068512e-02  2.62913287e-01 -6.14042819e-01  7.26151228e-01
 -5.67415118e-01  9.72077608e-01  7.89699554e-02  2.03194189e+00
 -3.94275844e-01 -1.97776049e-01 -1.83095706e+00  1.20294368e+00
 -4.74935383e-01  3.72333914e-01 -6.59946382e-01  1.48510084e-01
  1.30722240e-01  2.88549125e-01 -5.18157482e-01 -1.01322599e-01
 -4.97037739e-01 -6.97624922e-01  7.17210710e-01  7.79359415e-02
 -1.71930403e-01 -5.22641420e-01  2.89394427e-02 -1.36926502e-01
  3.12032342e-01  1.00988841e+00  2.32244000e-01  5.68795145e-01
  5.92097715e-02  6.82150185e-01 -7.91174531e-01 -1.50149608e+00
  1.19513541e-01 -1.36769056e-01  6.27789497e-02  5.84786057e-01
  7.13586748e-01 -3.84577521e-04 -5.53426862e-01  4.51807022e-01]
our centroid 0: tensor([ 6.4533e-01,  1.6064e-01,  7.0229e-01, -4.5003e-01, -3.8784e-01,
        -7.4132e-01,  2.8230e-01, -3.6705e-01, -1.0883e-01,  1.7983e-02,
         8.7049e-01, -7.0574e-02, -3.0743e-02,  1.5963e-01,  5.9742e-01,
         7.2752e-01,  5.9239e-02,  2.4138e-01, -7.9860e-02,  2.3226e-02,
        -3.8518e-02, -4.0602e-01, -4.4418e-01, -1.4315e-01,  7.4800e-01,
        -6.2949e-01, -3.1533e-01,  2.7710e-01,  1.1896e+00, -1.6265e-01,
         3.7749e-01,  5.7300e-01,  8.8617e-01, -1.3671e-01,  4.0092e-01,
         2.5789e-01,  6.2817e-02, -9.7988e-01,  8.9656e-01, -2.5291e-01,
         8.7353e-01,  2.0432e-01, -4.1467e-01, -1.0898e+00,  3.4229e-01,
        -8.5637e-01, -3.9796e-01,  5.7040e-01, -3.3811e-01,  1.4476e-02,
         5.6805e-01,  6.8772e-02, -5.0969e-01, -3.9238e-01, -7.6976e-01,
         4.9851e-01, -1.1040e+00,  1.2941e+00,  4.1230e-01,  1.3823e-02,
        -1.2265e+00, -4.3840e-01, -5.8963e-01, -6.1954e-01,  5.2508e-01,
        -5.4208e-01,  7.4978e-01,  2.2882e-01,  1.2275e+00, -9.5082e-01,
         1.0100e+00, -4.1261e-01,  2.0293e-02, -2.0546e-01,  4.4612e-01,
         7.0161e-01, -2.3914e-01, -9.8497e-02, -4.8021e-02, -4.9366e-01,
        -4.0017e-01, -2.4651e-01, -5.2727e-01,  1.4448e-01, -5.7646e-01,
        -7.0239e-01,  3.8883e-02,  1.9182e-01,  1.0141e+00, -6.7847e-02,
         4.9351e-01,  3.2846e-01, -3.1424e-01,  1.8242e-01, -4.7906e-01,
        -9.6688e-01, -8.0036e-01,  3.3350e-01,  1.0694e-01, -4.2570e-01,
         5.8902e-01,  4.4917e-01,  6.1808e-01, -2.3988e-01,  2.2739e-01,
         1.8940e-01,  5.6776e-01, -6.3087e-01,  4.7021e-01,  2.9662e-01,
         3.0321e-01,  1.9246e-01,  1.3615e+00,  1.1364e+00, -6.7321e-01,
        -5.1145e-01, -1.5158e+00,  5.9110e-01, -7.2291e-03, -8.3441e-01,
        -1.4412e-01, -6.8262e-01,  6.0900e-01,  5.0047e-01, -6.1492e-01,
        -4.6904e-01, -3.9027e-02, -1.0840e+00,  9.1084e-01, -1.1772e+00,
        -5.7521e-01,  4.3427e-01,  2.3733e-01, -1.1654e+00, -5.6052e-03,
         3.0559e-01,  2.6203e-01, -2.1836e-01,  4.1699e-01,  7.7044e-01,
        -4.6786e-01, -3.1104e-01, -1.9293e-01,  7.1097e-01,  3.6375e-01,
        -5.5910e-01,  2.0562e-01,  3.6078e-01,  3.8783e-01,  6.0084e-01,
        -2.1282e-01, -3.2102e-03,  5.9879e-02,  8.0937e-01,  9.2507e-02,
         1.0995e+00,  7.7863e-01, -1.7423e+00, -6.7366e-02,  2.6699e-01,
         9.6619e-01, -4.5305e-01,  1.7873e-02, -2.6813e-01,  2.0821e-01,
        -4.4264e-01, -4.5124e-02,  2.8572e-01,  5.6375e-01,  4.9843e-01,
         9.4178e-01, -7.1325e-01, -2.5643e-01, -9.4775e-02,  5.9175e-01,
         8.1416e-02,  5.5819e-01, -5.3146e-01, -2.7047e-02, -2.3420e-01,
        -6.9272e-01, -3.9487e-01,  5.2388e-01, -2.6835e-01,  1.1881e+00,
         8.2556e-02, -1.6745e-01, -5.6507e-02, -1.1151e-01, -2.1152e-01,
        -2.3160e-01, -1.9980e-01,  1.0773e+00,  1.9775e-01, -1.7028e-01,
        -3.7030e-02,  1.0237e+00, -2.2254e-01,  7.6681e-01,  1.7663e-01,
         3.3567e-01, -5.4119e-01, -3.7838e-01, -7.5250e-01, -5.5302e-01,
        -6.9750e-02,  1.5723e-01,  4.6411e-01, -3.2611e-01,  3.0530e-01,
        -9.6158e-01, -1.1577e+00, -1.3646e+00, -1.8901e-01, -6.8249e-01,
        -6.5189e-01,  4.0024e-01, -1.4368e+00,  3.6762e-01,  4.7715e-01,
        -9.8368e-01,  9.9894e-02, -6.4110e-01, -1.1552e-02, -2.4360e-01,
        -1.0813e-02, -7.7574e-02,  3.4569e-01, -3.2923e-02, -1.0896e-01,
        -3.5214e-01,  4.3336e-01, -7.4242e-01,  1.1515e+00,  1.2365e-01,
         3.6161e-01,  8.6263e-01, -6.2395e-01,  7.4609e-01,  1.3450e+00,
        -1.7182e-01, -7.6358e-01,  4.6334e-01, -1.7775e-01, -4.4929e-01,
        -1.4555e+00, -3.9495e-01, -6.2701e-01,  1.9763e-01, -2.7118e-01,
         8.8233e-01, -1.2155e-01,  3.1868e-01, -7.5943e-01,  3.0681e-01,
         5.2454e-01,  9.8876e-01,  5.8968e-02, -8.5142e-01,  1.5847e-01,
        -3.9175e-01, -1.3357e+00,  1.2770e-01,  5.0610e-01, -5.6702e-01,
        -5.3559e-01,  3.1162e-01,  1.5718e+00,  3.5578e-01, -6.5285e-01,
         1.6232e-01, -1.6036e-02, -1.9847e-01,  4.4946e-01, -1.5978e-01,
        -3.4177e-01,  1.0858e+00, -4.3133e-01,  7.1944e-03,  6.5041e-01,
         8.3188e-02,  9.0601e-01,  5.2631e-01, -5.5271e-01,  8.6761e-01,
         5.2152e-01, -3.9515e-01, -3.4454e-01,  6.5825e-01, -6.9652e-02,
        -3.3916e-01, -9.9187e-02, -5.1510e-02,  4.9927e-01, -3.6450e-01,
        -2.5340e-01, -4.2679e-01, -4.1880e-02, -6.4465e-01,  3.4894e-04,
         5.9286e-01,  4.9847e-01, -9.2349e-01,  4.0098e-01, -2.8879e-01,
        -6.5356e-01, -1.9340e-02, -3.9074e-01,  9.0607e-02, -7.1933e-01,
         2.6632e-01,  8.0650e-01,  1.2511e-01,  1.1739e-01,  1.6077e-01,
        -4.6685e-01, -5.0203e-01, -4.2102e-01,  3.4100e-01,  6.8003e-01,
         7.1983e-01, -1.1541e+00, -8.5931e-01, -9.1137e-03,  7.9400e-01,
         3.3829e-01,  1.1465e+00, -1.0415e+00, -6.6282e-01, -8.8750e-01,
         6.7705e-01,  1.5916e-01,  3.0483e-01, -3.4158e-01, -9.3277e-01,
         6.3943e-01, -1.4023e-01, -2.5968e-01, -6.5433e-01,  2.3730e-01,
         6.2772e-02,  2.7196e-01, -6.2415e-01,  6.8901e-01, -5.9243e-01,
         9.1434e-01,  7.3487e-02,  1.9812e+00, -4.1865e-01, -1.7711e-01,
        -1.8425e+00,  1.2412e+00, -5.0269e-01,  3.8958e-01, -6.4344e-01,
         2.3503e-01,  9.5570e-02,  2.8590e-01, -4.9205e-01, -8.6644e-02,
        -4.7755e-01, -7.3906e-01,  6.3803e-01,  5.0378e-02, -1.4625e-01,
        -4.9983e-01,  1.9544e-02, -1.0500e-01,  3.5392e-01,  1.0180e+00,
         2.8057e-01,  5.5923e-01,  4.2827e-02,  6.8382e-01, -6.9906e-01,
        -1.5136e+00,  1.2926e-01, -1.1351e-01,  7.1429e-02,  5.7108e-01,
         6.4321e-01, -6.0174e-03, -5.3829e-01,  4.0921e-01])
Difference (centroid 1):
Process Process-1:
Traceback (most recent call last):
  File "/home/rtcalumby/miniconda3/envs/py382/lib/python3.12/multiprocessing/process.py", line 314, in _bootstrap
    self.run()
  File "/home/rtcalumby/miniconda3/envs/py382/lib/python3.12/multiprocessing/process.py", line 108, in run
    self._target(*self._args, **self._kwargs)
  File "/home/rtcalumby/adam/luciano/LifeCLEFPlant2022/DeepCluster/main_FGDCC.py", line 52, in process_main
    app_main(args=params)
  File "/home/rtcalumby/adam/luciano/LifeCLEFPlant2022/DeepCluster/engine_FGDCC.py", line 455, in main
    M_losses = k_means_module.update(cached_features_last_epoch, device, empty_clusters_per_epoch) # M-step
               ^^^^^^^^^^^^^^^^^^^^^^^^^^^^^^^^^^^^^^^^^^^^^^^^^^^^^^^^^^^^^^^^^^^^^^^^^^^^^^^^^^^
  File "/home/rtcalumby/adam/luciano/LifeCLEFPlant2022/DeepCluster/src/KMeans.py", line 256, in update
    print(self.n_kmeans[key][0].centroids[2]) # should not work
          ~~~~~~~~~~~~~~~~~~~~~~~~~~~~~~~^^^
IndexError: index 2 is out of bounds for dimension 0 with size 2
tensor([-0.0389, -0.0792, -0.0275,  0.0028,  0.0240, -0.0250, -0.0049,  0.0051,
        -0.0053,  0.0177, -0.1080,  0.0336, -0.0558, -0.0433,  0.0046, -0.0431,
        -0.0589, -0.0097, -0.0243,  0.0216, -0.0079,  0.0665, -0.0240, -0.0400,
         0.0040, -0.0300,  0.0609, -0.0446, -0.0071, -0.0290,  0.0226, -0.0473,
        -0.0599,  0.0780, -0.0716,  0.0469,  0.0850,  0.0273,  0.0831, -0.0459,
        -0.0514,  0.0679,  0.0196, -0.0498,  0.0267,  0.0283,  0.0120, -0.0198,
         0.0377, -0.0161,  0.0052, -0.0018,  0.0395,  0.0347, -0.0066,  0.0011,
        -0.0146, -0.0785,  0.0376, -0.0142,  0.0474,  0.0913, -0.0842,  0.0073,
         0.0130, -0.0269, -0.0663,  0.0095,  0.0020, -0.0321, -0.0089, -0.0789,
         0.0279,  0.0040, -0.0434, -0.0334,  0.0040, -0.0576,  0.0143, -0.0483,
         0.0266,  0.0596,  0.0381, -0.0170,  0.0454,  0.0545,  0.0169, -0.0428,
        -0.0775, -0.0134, -0.0239,  0.0193, -0.0101,  0.0122,  0.0515,  0.0491,
         0.0196,  0.0066,  0.0605, -0.0188, -0.0200,  0.0045, -0.0158,  0.0099,
        -0.0190, -0.0344,  0.0020, -0.0178,  0.0749, -0.0710, -0.0192, -0.0078,
        -0.0051, -0.0461, -0.0193,  0.0270, -0.0301,  0.0110, -0.0367, -0.0369,
         0.0537,  0.0016,  0.0118,  0.0738,  0.0395, -0.0227,  0.0080,  0.0924,
        -0.0015,  0.0540,  0.0030, -0.0520, -0.0515,  0.0039,  0.0229, -0.0636,
        -0.0010,  0.0576, -0.0070,  0.0030, -0.0168,  0.1124,  0.0347,  0.0311,
        -0.0210,  0.0155, -0.0168, -0.0049,  0.0319,  0.0254,  0.0141,  0.0320,
         0.0427,  0.0096, -0.0148,  0.0349, -0.0623, -0.0077, -0.0427,  0.0044,
        -0.0859,  0.0189,  0.0457, -0.0176, -0.0135,  0.0061,  0.0216, -0.0174,
        -0.0260,  0.0511, -0.0587,  0.0084, -0.0731,  0.0269, -0.0316, -0.0346,
        -0.0528, -0.0071, -0.0028, -0.0054, -0.0451,  0.0168,  0.0350,  0.0410,
        -0.0568, -0.0025,  0.0398,  0.0232,  0.0291, -0.0081,  0.0185, -0.0271,
        -0.0407,  0.0264, -0.0089, -0.0461,  0.0094,  0.0002,  0.0335, -0.0549,
         0.0239,  0.0164,  0.0204,  0.0459, -0.0095,  0.0522,  0.0221, -0.0220,
         0.0387, -0.0375,  0.0690,  0.0544,  0.0199,  0.0125, -0.0189,  0.0244,
        -0.0372,  0.0597,  0.0144, -0.0266, -0.0464,  0.0157, -0.0446,  0.0175,
         0.0254, -0.0283, -0.0735,  0.0255, -0.0231,  0.0803,  0.0656, -0.0122,
         0.0597,  0.0106,  0.1136, -0.0043, -0.0235,  0.0168, -0.0075,  0.0035,
         0.0604,  0.0230, -0.0370,  0.0484,  0.0201, -0.0291, -0.0247, -0.0430,
        -0.0470,  0.0310, -0.0583,  0.0252,  0.0346,  0.0030,  0.0226, -0.0101,
         0.0594,  0.0318,  0.0079, -0.0298, -0.0199, -0.0816, -0.0519, -0.0287,
         0.0191,  0.0378,  0.0174,  0.0080, -0.0167,  0.0393,  0.0055, -0.0409,
        -0.0141, -0.0307, -0.0150, -0.0524, -0.0019, -0.0372,  0.0058,  0.0078,
         0.0081, -0.0108,  0.0022, -0.0247, -0.0551,  0.0354, -0.0446,  0.0943,
         0.0347,  0.0915,  0.0301, -0.0234,  0.0561,  0.0113, -0.0230, -0.0306,
        -0.0360, -0.0160, -0.0293,  0.0196, -0.0364,  0.0152, -0.0179,  0.0619,
        -0.0125, -0.0275, -0.0495, -0.0192,  0.0408, -0.0285, -0.0148,  0.0277,
         0.0430, -0.0103, -0.0103, -0.0140,  0.0248,  0.0402, -0.0057, -0.0820,
         0.0495, -0.0044,  0.0082, -0.0122, -0.1079,  0.0136, -0.0072, -0.0025,
         0.0779,  0.0435, -0.0067,  0.0046, -0.0409,  0.0248,  0.0013, -0.0336,
        -0.0279, -0.0270,  0.0540,  0.0546,  0.0104,  0.0091, -0.0101, -0.0371,
        -0.0250, -0.0577, -0.0055, -0.0507, -0.0244,  0.0207, -0.0115,  0.0382,
        -0.0278,  0.0172,  0.0165,  0.0865, -0.0352, -0.0027,  0.0261,  0.0147,
         0.0195, -0.0414, -0.0792, -0.0276,  0.0257,  0.0228, -0.0094,  0.0319,
         0.0419,  0.0081,  0.0483, -0.0096, -0.0164,  0.0017,  0.0921, -0.0121,
         0.0097,  0.0233,  0.0086, -0.0137, -0.0704, -0.0056,  0.0151, -0.0426])
Test: 
