INFO:faiss.loader:Loading faiss with AVX2 support.
INFO:faiss.loader:Successfully loaded faiss with AVX2 support.
INFO:faiss.loader:Loading faiss with AVX2 support.
INFO:faiss.loader:Successfully loaded faiss with AVX2 support.
INFO:root:called-params configs/in1k_vith14_ep300_FGDCC.yaml
INFO:root:loaded params...
{   'data': {   'batch_size': 96,
                'color_jitter_strength': 0.0,
                'crop_scale': [0.3, 1.0],
                'crop_size': 224,
                'cutmix': 0.0,
                'drop_path': 0.25,
                'image_folder': '/home/rtcalumby/adam/luciano/plantnet_300K/',
                'mixup': 0.0,
                'nb_classes': 1081,
                'num_workers': 16,
                'pin_mem': True,
                'reprob': 0.25,
                'resume_epoch': 0,
                'root_path': '/home/rtcalumby/adam/luciano/',
                'use_color_distortion': False,
                'use_gaussian_blur': False,
                'use_horizontal_flip': False},
    'logging': {   'folder': '/home/rtcalumby/adam/luciano/LifeCLEFPlant2022/logs/PlantNet300k_exp40',
                   'write_tag': 'jepa'},
    'mask': {   'allow_overlap': False,
                'aspect_ratio': [0.75, 1.5],
                'enc_mask_scale': [0.85, 1.0],
                'min_keep': 10,
                'num_enc_masks': 1,
                'num_pred_masks': 4,
                'patch_size': 14,
                'pred_mask_scale': [0.15, 0.2]},
    'meta': {   'copy_data': False,
                'load_checkpoint': True,
                'model_name': 'vit_huge',
                'pred_depth': 12,
                'pred_emb_dim': 384,
                'read_checkpoint': None,
                'use_bfloat16': True},
    'optimization': {   'ema': [0.9, 0.999],
                        'epochs': 75,
                        'final_lr': 1e-05,
                        'final_weight_decay': 0.4,
                        'ipe_scale': 1.0,
                        'label_smoothing': 0.1,
                        'lr': 2.5e-05,
                        'start_lr': 8.5e-05,
                        'warmup': 5,
                        'weight_decay': 0.05}}
INFO:root:Running... (rank: 0/1)
INFO:root:Initialized (rank/world-size) 0/1
INFO:root:MaskedAutoEncoder(
  (encoder): Sequential(
    (0): Linear(in_features=1280, out_features=1024, bias=True)
    (1): GELU(approximate='none')
    (2): Linear(in_features=1024, out_features=768, bias=True)
  )
  (decoder): Sequential(
    (0): Linear(in_features=768, out_features=1024, bias=True)
    (1): GELU(approximate='none')
    (2): Linear(in_features=1024, out_features=1280, bias=True)
  )
)
INFO:root:making imagenet data transforms
INFO:root:making imagenet data transforms
INFO:root:Finetuning dataset created
Training dataset, length: 245952
INFO:root:Finetuning dataset created
Val dataset, length: 31200
INFO:root:Using AdamW
['encoder', 'predictor', 'opt', 'scaler', 'target_encoder', 'epoch', 'loss', 'batch_size', 'world_size', 'lr']
INFO:root:loaded pretrained encoder from epoch 66 with msg: <All keys matched successfully>
INFO:root:PairedCrossAttentionClassifier(
  (act): GELU(approximate='none')
  (subclass_proj): Sequential(
    (0): Linear(in_features=1280, out_features=1280, bias=True)
    (1): GELU(approximate='none')
  )
  (parent_cross_attention): MultiHeadCrossAttention(
    (query): Linear(in_features=1280, out_features=1280, bias=True)
    (key): Linear(in_features=1280, out_features=1280, bias=True)
    (value): Linear(in_features=1280, out_features=1280, bias=True)
  )
  (subclass_cross_attention): MultiHeadCrossAttention(
    (query): Linear(in_features=1280, out_features=1280, bias=True)
    (key): Linear(in_features=1280, out_features=1280, bias=True)
    (value): Linear(in_features=1280, out_features=1280, bias=True)
  )
  (parent_feature_selection): Linear(in_features=2560, out_features=1280, bias=True)
  (subclass_feature_selection): Linear(in_features=2560, out_features=1280, bias=True)
  (parent_classifier): Linear(in_features=2560, out_features=1081, bias=True)
  (subclass_classifier): Linear(in_features=1280, out_features=4324, bias=True)
  (head_drop): Dropout(p=0.25, inplace=False)
)
INFO:root:Using AdamW
INFO:root:VisionTransformer(
  (patch_embed): PatchEmbed(
    (proj): Conv2d(3, 1280, kernel_size=(14, 14), stride=(14, 14))
  )
  (blocks): ModuleList(
    (0-31): 32 x Block(
      (norm1): LayerNorm((1280,), eps=1e-06, elementwise_affine=True)
      (attn): Attention(
        (qkv): Linear(in_features=1280, out_features=3840, bias=True)
        (attn_drop): Dropout(p=0.0, inplace=False)
        (proj): Linear(in_features=1280, out_features=1280, bias=True)
        (proj_drop): Dropout(p=0.0, inplace=False)
      )
      (drop_path): Identity()
      (norm2): LayerNorm((1280,), eps=1e-06, elementwise_affine=True)
      (mlp): MLP(
        (fc1): Linear(in_features=1280, out_features=5120, bias=True)
        (act): GELU(approximate='none')
        (fc2): Linear(in_features=5120, out_features=1280, bias=True)
        (drop): Dropout(p=0.0, inplace=False)
      )
    )
  )
  (norm): LayerNorm((1280,), eps=1e-06, elementwise_affine=True)
)
INFO:root:Autoencoder Training...
INFO:root: - - Epoch: 1 - - 
INFO:faiss.loader:Loading faiss with AVX2 support.
INFO:faiss.loader:Successfully loaded faiss with AVX2 support.
INFO:faiss.loader:Loading faiss with AVX2 support.
INFO:faiss.loader:Successfully loaded faiss with AVX2 support.
INFO:faiss.loader:Loading faiss with AVX2 support.
INFO:faiss.loader:Successfully loaded faiss with AVX2 support.
INFO:faiss.loader:Loading faiss with AVX2 support.
INFO:faiss.loader:Successfully loaded faiss with AVX2 support.
INFO:faiss.loader:Loading faiss with AVX2 support.
INFO:faiss.loader:Successfully loaded faiss with AVX2 support.
INFO:faiss.loader:Loading faiss with AVX2 support.
INFO:faiss.loader:Successfully loaded faiss with AVX2 support.
INFO:faiss.loader:Loading faiss with AVX2 support.
INFO:faiss.loader:Successfully loaded faiss with AVX2 support.
INFO:faiss.loader:Loading faiss with AVX2 support.
INFO:faiss.loader:Successfully loaded faiss with AVX2 support.
INFO:faiss.loader:Loading faiss with AVX2 support.
INFO:faiss.loader:Successfully loaded faiss with AVX2 support.
INFO:faiss.loader:Loading faiss with AVX2 support.
INFO:faiss.loader:Successfully loaded faiss with AVX2 support.
INFO:faiss.loader:Loading faiss with AVX2 support.
INFO:faiss.loader:Successfully loaded faiss with AVX2 support.
INFO:faiss.loader:Loading faiss with AVX2 support.
INFO:faiss.loader:Successfully loaded faiss with AVX2 support.
INFO:faiss.loader:Loading faiss with AVX2 support.
INFO:faiss.loader:Successfully loaded faiss with AVX2 support.
INFO:faiss.loader:Loading faiss with AVX2 support.
INFO:faiss.loader:Successfully loaded faiss with AVX2 support.
INFO:faiss.loader:Loading faiss with AVX2 support.
INFO:faiss.loader:Successfully loaded faiss with AVX2 support.
INFO:faiss.loader:Loading faiss with AVX2 support.
INFO:faiss.loader:Successfully loaded faiss with AVX2 support.
INFO:root:[1,     0/ 2562] - [Autoencoder Training] [Autoencoder Loss: 1.9795] [autoencoder lr: 1.00e-04][mem: 7.82e+03](2564.0 ms)
INFO:root:[1,   100/ 2562] - [Autoencoder Training] [Autoencoder Loss: 1.9710] [autoencoder lr: 1.03e-04][mem: 7.91e+03](324.5 ms)
INFO:root:[1,   200/ 2562] - [Autoencoder Training] [Autoencoder Loss: 1.9713] [autoencoder lr: 1.06e-04][mem: 7.91e+03](314.0 ms)
INFO:root:[1,   300/ 2562] - [Autoencoder Training] [Autoencoder Loss: 1.9712] [autoencoder lr: 1.09e-04][mem: 7.91e+03](310.7 ms)
INFO:root:[1,   400/ 2562] - [Autoencoder Training] [Autoencoder Loss: 1.9713] [autoencoder lr: 1.13e-04][mem: 7.91e+03](309.1 ms)
INFO:root:[1,   500/ 2562] - [Autoencoder Training] [Autoencoder Loss: 1.9713] [autoencoder lr: 1.16e-04][mem: 7.91e+03](308.1 ms)
INFO:root:[1,   600/ 2562] - [Autoencoder Training] [Autoencoder Loss: 1.9712] [autoencoder lr: 1.19e-04][mem: 7.91e+03](307.5 ms)
INFO:root:[1,   700/ 2562] - [Autoencoder Training] [Autoencoder Loss: 1.9711] [autoencoder lr: 1.22e-04][mem: 7.91e+03](307.1 ms)
INFO:root:[1,   800/ 2562] - [Autoencoder Training] [Autoencoder Loss: 1.9712] [autoencoder lr: 1.25e-04][mem: 7.91e+03](306.8 ms)
INFO:root:[1,   900/ 2562] - [Autoencoder Training] [Autoencoder Loss: 1.9712] [autoencoder lr: 1.28e-04][mem: 7.91e+03](306.6 ms)
INFO:root:[1,  1000/ 2562] - [Autoencoder Training] [Autoencoder Loss: 1.9711] [autoencoder lr: 1.31e-04][mem: 7.91e+03](306.4 ms)
INFO:root:[1,  1100/ 2562] - [Autoencoder Training] [Autoencoder Loss: 1.9710] [autoencoder lr: 1.34e-04][mem: 7.91e+03](306.2 ms)
INFO:root:[1,  1200/ 2562] - [Autoencoder Training] [Autoencoder Loss: 1.9710] [autoencoder lr: 1.38e-04][mem: 7.91e+03](306.0 ms)
INFO:root:[1,  1300/ 2562] - [Autoencoder Training] [Autoencoder Loss: 1.9711] [autoencoder lr: 1.41e-04][mem: 7.91e+03](305.9 ms)
INFO:root:[1,  1400/ 2562] - [Autoencoder Training] [Autoencoder Loss: 1.9711] [autoencoder lr: 1.44e-04][mem: 7.91e+03](305.8 ms)
INFO:root:[1,  1500/ 2562] - [Autoencoder Training] [Autoencoder Loss: 1.9712] [autoencoder lr: 1.47e-04][mem: 7.91e+03](305.7 ms)
INFO:root:[1,  1600/ 2562] - [Autoencoder Training] [Autoencoder Loss: 1.9712] [autoencoder lr: 1.50e-04][mem: 7.91e+03](305.6 ms)
INFO:root:[1,  1700/ 2562] - [Autoencoder Training] [Autoencoder Loss: 1.9712] [autoencoder lr: 1.53e-04][mem: 7.91e+03](305.5 ms)
INFO:root:[1,  1800/ 2562] - [Autoencoder Training] [Autoencoder Loss: 1.9712] [autoencoder lr: 1.56e-04][mem: 7.91e+03](305.4 ms)
INFO:root:[1,  1900/ 2562] - [Autoencoder Training] [Autoencoder Loss: 1.9712] [autoencoder lr: 1.59e-04][mem: 7.91e+03](305.3 ms)
INFO:root:[1,  2000/ 2562] - [Autoencoder Training] [Autoencoder Loss: 1.9712] [autoencoder lr: 1.62e-04][mem: 7.91e+03](305.2 ms)
INFO:root:[1,  2100/ 2562] - [Autoencoder Training] [Autoencoder Loss: 1.9712] [autoencoder lr: 1.66e-04][mem: 7.91e+03](305.2 ms)
INFO:root:[1,  2200/ 2562] - [Autoencoder Training] [Autoencoder Loss: 1.9712] [autoencoder lr: 1.69e-04][mem: 7.91e+03](305.1 ms)
INFO:root:[1,  2300/ 2562] - [Autoencoder Training] [Autoencoder Loss: 1.9712] [autoencoder lr: 1.72e-04][mem: 7.91e+03](305.1 ms)
INFO:root:[1,  2400/ 2562] - [Autoencoder Training] [Autoencoder Loss: 1.9712] [autoencoder lr: 1.75e-04][mem: 7.91e+03](305.0 ms)
INFO:root:[1,  2500/ 2562] - [Autoencoder Training] [Autoencoder Loss: 1.9712] [autoencoder lr: 1.78e-04][mem: 7.91e+03](305.0 ms)
INFO:root: - - Epoch: 2 - - 
INFO:faiss.loader:Loading faiss with AVX2 support.
INFO:faiss.loader:Successfully loaded faiss with AVX2 support.
INFO:faiss.loader:Loading faiss with AVX2 support.
INFO:faiss.loader:Successfully loaded faiss with AVX2 support.
INFO:faiss.loader:Loading faiss with AVX2 support.
INFO:faiss.loader:Successfully loaded faiss with AVX2 support.
INFO:faiss.loader:Loading faiss with AVX2 support.
INFO:faiss.loader:Successfully loaded faiss with AVX2 support.
INFO:faiss.loader:Loading faiss with AVX2 support.
INFO:faiss.loader:Successfully loaded faiss with AVX2 support.
INFO:faiss.loader:Loading faiss with AVX2 support.
INFO:faiss.loader:Successfully loaded faiss with AVX2 support.
INFO:faiss.loader:Loading faiss with AVX2 support.
INFO:faiss.loader:Successfully loaded faiss with AVX2 support.
INFO:faiss.loader:Loading faiss with AVX2 support.
INFO:faiss.loader:Successfully loaded faiss with AVX2 support.
INFO:faiss.loader:Loading faiss with AVX2 support.
INFO:faiss.loader:Successfully loaded faiss with AVX2 support.
INFO:faiss.loader:Loading faiss with AVX2 support.
INFO:faiss.loader:Successfully loaded faiss with AVX2 support.
INFO:faiss.loader:Loading faiss with AVX2 support.
INFO:faiss.loader:Successfully loaded faiss with AVX2 support.
INFO:faiss.loader:Loading faiss with AVX2 support.
INFO:faiss.loader:Successfully loaded faiss with AVX2 support.
INFO:faiss.loader:Loading faiss with AVX2 support.
INFO:faiss.loader:Successfully loaded faiss with AVX2 support.
INFO:faiss.loader:Loading faiss with AVX2 support.
INFO:faiss.loader:Successfully loaded faiss with AVX2 support.
INFO:faiss.loader:Loading faiss with AVX2 support.
INFO:faiss.loader:Successfully loaded faiss with AVX2 support.
INFO:faiss.loader:Loading faiss with AVX2 support.
INFO:faiss.loader:Successfully loaded faiss with AVX2 support.
INFO:root:[2,     0/ 2562] - [Autoencoder Training] [Autoencoder Loss: 1.9711] [autoencoder lr: 1.80e-04][mem: 7.91e+03](305.0 ms)
INFO:root:[2,   100/ 2562] - [Autoencoder Training] [Autoencoder Loss: 1.9595] [autoencoder lr: 1.83e-04][mem: 7.91e+03](304.9 ms)
INFO:root:[2,   200/ 2562] - [Autoencoder Training] [Autoencoder Loss: 1.9487] [autoencoder lr: 1.86e-04][mem: 7.91e+03](304.9 ms)
INFO:root:[2,   300/ 2562] - [Autoencoder Training] [Autoencoder Loss: 1.9387] [autoencoder lr: 1.89e-04][mem: 7.91e+03](305.0 ms)
INFO:root:[2,   400/ 2562] - [Autoencoder Training] [Autoencoder Loss: 1.9293] [autoencoder lr: 1.93e-04][mem: 7.91e+03](305.0 ms)
INFO:root:[2,   500/ 2562] - [Autoencoder Training] [Autoencoder Loss: 1.9205] [autoencoder lr: 1.96e-04][mem: 7.91e+03](305.0 ms)
INFO:root:[2,   600/ 2562] - [Autoencoder Training] [Autoencoder Loss: 1.9123] [autoencoder lr: 1.99e-04][mem: 7.91e+03](305.1 ms)
INFO:root:[2,   700/ 2562] - [Autoencoder Training] [Autoencoder Loss: 1.9046] [autoencoder lr: 2.02e-04][mem: 7.91e+03](305.1 ms)
INFO:root:[2,   800/ 2562] - [Autoencoder Training] [Autoencoder Loss: 1.8974] [autoencoder lr: 2.05e-04][mem: 7.91e+03](305.1 ms)
INFO:root:[2,   900/ 2562] - [Autoencoder Training] [Autoencoder Loss: 1.8906] [autoencoder lr: 2.08e-04][mem: 7.91e+03](305.1 ms)
INFO:root:[2,  1000/ 2562] - [Autoencoder Training] [Autoencoder Loss: 1.8842] [autoencoder lr: 2.11e-04][mem: 7.91e+03](305.1 ms)
INFO:root:[2,  1100/ 2562] - [Autoencoder Training] [Autoencoder Loss: 1.8780] [autoencoder lr: 2.14e-04][mem: 7.91e+03](305.1 ms)
INFO:root:[2,  1200/ 2562] - [Autoencoder Training] [Autoencoder Loss: 1.8722] [autoencoder lr: 2.18e-04][mem: 7.91e+03](305.2 ms)
INFO:root:[2,  1300/ 2562] - [Autoencoder Training] [Autoencoder Loss: 1.8669] [autoencoder lr: 2.21e-04][mem: 7.91e+03](305.2 ms)
INFO:root:[2,  1400/ 2562] - [Autoencoder Training] [Autoencoder Loss: 1.8617] [autoencoder lr: 2.24e-04][mem: 7.91e+03](305.2 ms)
INFO:root:[2,  1500/ 2562] - [Autoencoder Training] [Autoencoder Loss: 1.8568] [autoencoder lr: 2.27e-04][mem: 7.91e+03](305.2 ms)
INFO:root:[2,  1600/ 2562] - [Autoencoder Training] [Autoencoder Loss: 1.8522] [autoencoder lr: 2.30e-04][mem: 7.91e+03](305.2 ms)
INFO:root:[2,  1700/ 2562] - [Autoencoder Training] [Autoencoder Loss: 1.8477] [autoencoder lr: 2.33e-04][mem: 7.91e+03](305.2 ms)
INFO:root:[2,  1800/ 2562] - [Autoencoder Training] [Autoencoder Loss: 1.8434] [autoencoder lr: 2.36e-04][mem: 7.91e+03](305.2 ms)
INFO:root:[2,  1900/ 2562] - [Autoencoder Training] [Autoencoder Loss: 1.8394] [autoencoder lr: 2.39e-04][mem: 7.91e+03](305.2 ms)
INFO:root:[2,  2000/ 2562] - [Autoencoder Training] [Autoencoder Loss: 1.8355] [autoencoder lr: 2.42e-04][mem: 7.91e+03](305.2 ms)
INFO:root:[2,  2100/ 2562] - [Autoencoder Training] [Autoencoder Loss: 1.8317] [autoencoder lr: 2.46e-04][mem: 7.91e+03](305.2 ms)
INFO:root:[2,  2200/ 2562] - [Autoencoder Training] [Autoencoder Loss: 1.8281] [autoencoder lr: 2.49e-04][mem: 7.91e+03](305.2 ms)
INFO:root:[2,  2300/ 2562] - [Autoencoder Training] [Autoencoder Loss: 1.8247] [autoencoder lr: 2.52e-04][mem: 7.91e+03](305.3 ms)
INFO:root:[2,  2400/ 2562] - [Autoencoder Training] [Autoencoder Loss: 1.8214] [autoencoder lr: 2.55e-04][mem: 7.91e+03](305.3 ms)
INFO:root:[2,  2500/ 2562] - [Autoencoder Training] [Autoencoder Loss: 1.8182] [autoencoder lr: 2.58e-04][mem: 7.91e+03](305.3 ms)
INFO:root: - - Epoch: 3 - - 
INFO:faiss.loader:Loading faiss with AVX2 support.
INFO:faiss.loader:Successfully loaded faiss with AVX2 support.
INFO:faiss.loader:Loading faiss with AVX2 support.
INFO:faiss.loader:Successfully loaded faiss with AVX2 support.
INFO:faiss.loader:Loading faiss with AVX2 support.
INFO:faiss.loader:Successfully loaded faiss with AVX2 support.
INFO:faiss.loader:Loading faiss with AVX2 support.
INFO:faiss.loader:Successfully loaded faiss with AVX2 support.
INFO:faiss.loader:Loading faiss with AVX2 support.
INFO:faiss.loader:Successfully loaded faiss with AVX2 support.
INFO:faiss.loader:Loading faiss with AVX2 support.
INFO:faiss.loader:Successfully loaded faiss with AVX2 support.
INFO:faiss.loader:Loading faiss with AVX2 support.
INFO:faiss.loader:Successfully loaded faiss with AVX2 support.
INFO:faiss.loader:Loading faiss with AVX2 support.
INFO:faiss.loader:Successfully loaded faiss with AVX2 support.
INFO:faiss.loader:Loading faiss with AVX2 support.
INFO:faiss.loader:Successfully loaded faiss with AVX2 support.
INFO:faiss.loader:Loading faiss with AVX2 support.
INFO:faiss.loader:Successfully loaded faiss with AVX2 support.
INFO:faiss.loader:Loading faiss with AVX2 support.
INFO:faiss.loader:Successfully loaded faiss with AVX2 support.
INFO:faiss.loader:Loading faiss with AVX2 support.
INFO:faiss.loader:Successfully loaded faiss with AVX2 support.
INFO:faiss.loader:Loading faiss with AVX2 support.
INFO:faiss.loader:Successfully loaded faiss with AVX2 support.
INFO:faiss.loader:Loading faiss with AVX2 support.
INFO:faiss.loader:Successfully loaded faiss with AVX2 support.
INFO:faiss.loader:Loading faiss with AVX2 support.
INFO:faiss.loader:Successfully loaded faiss with AVX2 support.
INFO:faiss.loader:Loading faiss with AVX2 support.
INFO:faiss.loader:Successfully loaded faiss with AVX2 support.
INFO:root:[3,     0/ 2562] - [Autoencoder Training] [Autoencoder Loss: 1.8163] [autoencoder lr: 2.60e-04][mem: 7.91e+03](305.2 ms)
INFO:root:[3,   100/ 2562] - [Autoencoder Training] [Autoencoder Loss: 1.8133] [autoencoder lr: 2.63e-04][mem: 7.91e+03](305.2 ms)
INFO:root:[3,   200/ 2562] - [Autoencoder Training] [Autoencoder Loss: 1.8105] [autoencoder lr: 2.66e-04][mem: 7.91e+03](305.2 ms)
INFO:root:[3,   300/ 2562] - [Autoencoder Training] [Autoencoder Loss: 1.8077] [autoencoder lr: 2.69e-04][mem: 7.91e+03](305.2 ms)
INFO:root:[3,   400/ 2562] - [Autoencoder Training] [Autoencoder Loss: 1.8051] [autoencoder lr: 2.73e-04][mem: 7.91e+03](305.2 ms)
INFO:root:[3,   500/ 2562] - [Autoencoder Training] [Autoencoder Loss: 1.8025] [autoencoder lr: 2.76e-04][mem: 7.91e+03](305.1 ms)
INFO:root:[3,   600/ 2562] - [Autoencoder Training] [Autoencoder Loss: 1.8001] [autoencoder lr: 2.79e-04][mem: 7.91e+03](305.1 ms)
INFO:root:[3,   700/ 2562] - [Autoencoder Training] [Autoencoder Loss: 1.7977] [autoencoder lr: 2.82e-04][mem: 7.91e+03](305.1 ms)
INFO:root:[3,   800/ 2562] - [Autoencoder Training] [Autoencoder Loss: 1.7954] [autoencoder lr: 2.85e-04][mem: 7.91e+03](305.1 ms)
INFO:root:[3,   900/ 2562] - [Autoencoder Training] [Autoencoder Loss: 1.7931] [autoencoder lr: 2.88e-04][mem: 7.91e+03](305.1 ms)
INFO:root:[3,  1000/ 2562] - [Autoencoder Training] [Autoencoder Loss: 1.7910] [autoencoder lr: 2.91e-04][mem: 7.91e+03](305.1 ms)
INFO:root:[3,  1100/ 2562] - [Autoencoder Training] [Autoencoder Loss: 1.7890] [autoencoder lr: 2.94e-04][mem: 7.91e+03](305.1 ms)
INFO:root:[3,  1200/ 2562] - [Autoencoder Training] [Autoencoder Loss: 1.7870] [autoencoder lr: 2.98e-04][mem: 7.91e+03](305.1 ms)
INFO:root:[3,  1300/ 2562] - [Autoencoder Training] [Autoencoder Loss: 1.7850] [autoencoder lr: 3.01e-04][mem: 7.91e+03](305.1 ms)
INFO:root:[3,  1400/ 2562] - [Autoencoder Training] [Autoencoder Loss: 1.7831] [autoencoder lr: 3.04e-04][mem: 7.91e+03](305.1 ms)
INFO:root:[3,  1500/ 2562] - [Autoencoder Training] [Autoencoder Loss: 1.7813] [autoencoder lr: 3.07e-04][mem: 7.91e+03](305.1 ms)
INFO:root:[3,  1600/ 2562] - [Autoencoder Training] [Autoencoder Loss: 1.7795] [autoencoder lr: 3.10e-04][mem: 7.91e+03](305.1 ms)
INFO:root:[3,  1700/ 2562] - [Autoencoder Training] [Autoencoder Loss: 1.7778] [autoencoder lr: 3.13e-04][mem: 7.91e+03](305.1 ms)
INFO:root:[3,  1800/ 2562] - [Autoencoder Training] [Autoencoder Loss: 1.7761] [autoencoder lr: 3.16e-04][mem: 7.91e+03](305.2 ms)
INFO:root:[3,  1900/ 2562] - [Autoencoder Training] [Autoencoder Loss: 1.7745] [autoencoder lr: 3.19e-04][mem: 7.91e+03](305.2 ms)
INFO:root:[3,  2000/ 2562] - [Autoencoder Training] [Autoencoder Loss: 1.7729] [autoencoder lr: 3.22e-04][mem: 7.91e+03](305.2 ms)
INFO:root:[3,  2100/ 2562] - [Autoencoder Training] [Autoencoder Loss: 1.7713] [autoencoder lr: 3.26e-04][mem: 7.91e+03](305.2 ms)
INFO:root:[3,  2200/ 2562] - [Autoencoder Training] [Autoencoder Loss: 1.7698] [autoencoder lr: 3.29e-04][mem: 7.91e+03](305.2 ms)
INFO:root:[3,  2300/ 2562] - [Autoencoder Training] [Autoencoder Loss: 1.7683] [autoencoder lr: 3.32e-04][mem: 7.91e+03](305.2 ms)
INFO:root:[3,  2400/ 2562] - [Autoencoder Training] [Autoencoder Loss: 1.7670] [autoencoder lr: 3.35e-04][mem: 7.91e+03](305.2 ms)
INFO:root:[3,  2500/ 2562] - [Autoencoder Training] [Autoencoder Loss: 1.7656] [autoencoder lr: 3.38e-04][mem: 7.91e+03](305.2 ms)
INFO:root: - - Epoch: 4 - - 
INFO:faiss.loader:Loading faiss with AVX2 support.
INFO:faiss.loader:Successfully loaded faiss with AVX2 support.
INFO:faiss.loader:Loading faiss with AVX2 support.
INFO:faiss.loader:Successfully loaded faiss with AVX2 support.
INFO:faiss.loader:Loading faiss with AVX2 support.
INFO:faiss.loader:Successfully loaded faiss with AVX2 support.
INFO:faiss.loader:Loading faiss with AVX2 support.
INFO:faiss.loader:Successfully loaded faiss with AVX2 support.
INFO:faiss.loader:Loading faiss with AVX2 support.
INFO:faiss.loader:Successfully loaded faiss with AVX2 support.
INFO:faiss.loader:Loading faiss with AVX2 support.
INFO:faiss.loader:Successfully loaded faiss with AVX2 support.
INFO:faiss.loader:Loading faiss with AVX2 support.
INFO:faiss.loader:Successfully loaded faiss with AVX2 support.
INFO:faiss.loader:Loading faiss with AVX2 support.
INFO:faiss.loader:Successfully loaded faiss with AVX2 support.
INFO:faiss.loader:Loading faiss with AVX2 support.
INFO:faiss.loader:Successfully loaded faiss with AVX2 support.
INFO:faiss.loader:Loading faiss with AVX2 support.
INFO:faiss.loader:Successfully loaded faiss with AVX2 support.
INFO:faiss.loader:Loading faiss with AVX2 support.
INFO:faiss.loader:Successfully loaded faiss with AVX2 support.
INFO:faiss.loader:Loading faiss with AVX2 support.
INFO:faiss.loader:Successfully loaded faiss with AVX2 support.
INFO:faiss.loader:Loading faiss with AVX2 support.
INFO:faiss.loader:Successfully loaded faiss with AVX2 support.
INFO:faiss.loader:Loading faiss with AVX2 support.
INFO:faiss.loader:Successfully loaded faiss with AVX2 support.
INFO:faiss.loader:Loading faiss with AVX2 support.
INFO:faiss.loader:Successfully loaded faiss with AVX2 support.
INFO:faiss.loader:Loading faiss with AVX2 support.
INFO:faiss.loader:Successfully loaded faiss with AVX2 support.
INFO:root:[4,     0/ 2562] - [Autoencoder Training] [Autoencoder Loss: 1.7648] [autoencoder lr: 3.40e-04][mem: 7.91e+03](305.2 ms)
INFO:root:[4,   100/ 2562] - [Autoencoder Training] [Autoencoder Loss: 1.7634] [autoencoder lr: 3.43e-04][mem: 7.91e+03](305.2 ms)
INFO:root:[4,   200/ 2562] - [Autoencoder Training] [Autoencoder Loss: 1.7622] [autoencoder lr: 3.46e-04][mem: 7.91e+03](305.1 ms)
INFO:root:[4,   300/ 2562] - [Autoencoder Training] [Autoencoder Loss: 1.7609] [autoencoder lr: 3.49e-04][mem: 7.91e+03](305.1 ms)
INFO:root:[4,   400/ 2562] - [Autoencoder Training] [Autoencoder Loss: 1.7596] [autoencoder lr: 3.53e-04][mem: 7.91e+03](305.1 ms)
INFO:root:[4,   500/ 2562] - [Autoencoder Training] [Autoencoder Loss: 1.7584] [autoencoder lr: 3.56e-04][mem: 7.91e+03](305.1 ms)
INFO:root:[4,   600/ 2562] - [Autoencoder Training] [Autoencoder Loss: 1.7572] [autoencoder lr: 3.59e-04][mem: 7.91e+03](305.1 ms)
INFO:root:[4,   700/ 2562] - [Autoencoder Training] [Autoencoder Loss: 1.7561] [autoencoder lr: 3.62e-04][mem: 7.91e+03](305.1 ms)
INFO:root:[4,   800/ 2562] - [Autoencoder Training] [Autoencoder Loss: 1.7550] [autoencoder lr: 3.65e-04][mem: 7.91e+03](305.1 ms)
INFO:root:[4,   900/ 2562] - [Autoencoder Training] [Autoencoder Loss: 1.7539] [autoencoder lr: 3.68e-04][mem: 7.91e+03](305.1 ms)
INFO:root:[4,  1000/ 2562] - [Autoencoder Training] [Autoencoder Loss: 1.7528] [autoencoder lr: 3.71e-04][mem: 7.91e+03](305.1 ms)
INFO:root:[4,  1100/ 2562] - [Autoencoder Training] [Autoencoder Loss: 1.7518] [autoencoder lr: 3.74e-04][mem: 7.91e+03](305.1 ms)
INFO:root:[4,  1200/ 2562] - [Autoencoder Training] [Autoencoder Loss: 1.7508] [autoencoder lr: 3.78e-04][mem: 7.91e+03](305.1 ms)
INFO:root:[4,  1300/ 2562] - [Autoencoder Training] [Autoencoder Loss: 1.7499] [autoencoder lr: 3.81e-04][mem: 7.91e+03](305.2 ms)
INFO:root:[4,  1400/ 2562] - [Autoencoder Training] [Autoencoder Loss: 1.7489] [autoencoder lr: 3.84e-04][mem: 7.91e+03](305.2 ms)
INFO:root:[4,  1500/ 2562] - [Autoencoder Training] [Autoencoder Loss: 1.7480] [autoencoder lr: 3.87e-04][mem: 7.91e+03](305.2 ms)
INFO:root:[4,  1600/ 2562] - [Autoencoder Training] [Autoencoder Loss: 1.7470] [autoencoder lr: 3.90e-04][mem: 7.91e+03](305.2 ms)
INFO:root:[4,  1700/ 2562] - [Autoencoder Training] [Autoencoder Loss: 1.7461] [autoencoder lr: 3.93e-04][mem: 7.91e+03](305.2 ms)
INFO:root:[4,  1800/ 2562] - [Autoencoder Training] [Autoencoder Loss: 1.7452] [autoencoder lr: 3.96e-04][mem: 7.91e+03](305.2 ms)
INFO:root:[4,  1900/ 2562] - [Autoencoder Training] [Autoencoder Loss: 1.7443] [autoencoder lr: 3.99e-04][mem: 7.91e+03](305.2 ms)
INFO:root:[4,  2000/ 2562] - [Autoencoder Training] [Autoencoder Loss: 1.7435] [autoencoder lr: 4.02e-04][mem: 7.91e+03](305.2 ms)
INFO:root:[4,  2100/ 2562] - [Autoencoder Training] [Autoencoder Loss: 1.7426] [autoencoder lr: 4.06e-04][mem: 7.91e+03](305.2 ms)
INFO:root:[4,  2200/ 2562] - [Autoencoder Training] [Autoencoder Loss: 1.7418] [autoencoder lr: 4.09e-04][mem: 7.91e+03](305.2 ms)
INFO:root:[4,  2300/ 2562] - [Autoencoder Training] [Autoencoder Loss: 1.7410] [autoencoder lr: 4.12e-04][mem: 7.91e+03](305.2 ms)
INFO:root:[4,  2400/ 2562] - [Autoencoder Training] [Autoencoder Loss: 1.7402] [autoencoder lr: 4.15e-04][mem: 7.91e+03](305.2 ms)
INFO:root:[4,  2500/ 2562] - [Autoencoder Training] [Autoencoder Loss: 1.7395] [autoencoder lr: 4.18e-04][mem: 7.91e+03](305.2 ms)
INFO:root: - - Epoch: 5 - - 
INFO:faiss.loader:Loading faiss with AVX2 support.
INFO:faiss.loader:Successfully loaded faiss with AVX2 support.
INFO:faiss.loader:Loading faiss with AVX2 support.
INFO:faiss.loader:Successfully loaded faiss with AVX2 support.
INFO:faiss.loader:Loading faiss with AVX2 support.
INFO:faiss.loader:Successfully loaded faiss with AVX2 support.
INFO:faiss.loader:Loading faiss with AVX2 support.
INFO:faiss.loader:Successfully loaded faiss with AVX2 support.
INFO:faiss.loader:Loading faiss with AVX2 support.
INFO:faiss.loader:Successfully loaded faiss with AVX2 support.
INFO:faiss.loader:Loading faiss with AVX2 support.
INFO:faiss.loader:Successfully loaded faiss with AVX2 support.
INFO:faiss.loader:Loading faiss with AVX2 support.
INFO:faiss.loader:Successfully loaded faiss with AVX2 support.
INFO:faiss.loader:Loading faiss with AVX2 support.
INFO:faiss.loader:Successfully loaded faiss with AVX2 support.
INFO:faiss.loader:Loading faiss with AVX2 support.
INFO:faiss.loader:Successfully loaded faiss with AVX2 support.
INFO:faiss.loader:Loading faiss with AVX2 support.
INFO:faiss.loader:Successfully loaded faiss with AVX2 support.
INFO:faiss.loader:Loading faiss with AVX2 support.
INFO:faiss.loader:Successfully loaded faiss with AVX2 support.
INFO:faiss.loader:Loading faiss with AVX2 support.
INFO:faiss.loader:Successfully loaded faiss with AVX2 support.
INFO:faiss.loader:Loading faiss with AVX2 support.
INFO:faiss.loader:Successfully loaded faiss with AVX2 support.
INFO:faiss.loader:Loading faiss with AVX2 support.
INFO:faiss.loader:Successfully loaded faiss with AVX2 support.
INFO:faiss.loader:Loading faiss with AVX2 support.
INFO:faiss.loader:Successfully loaded faiss with AVX2 support.
INFO:faiss.loader:Loading faiss with AVX2 support.
INFO:faiss.loader:Successfully loaded faiss with AVX2 support.
INFO:root:[5,     0/ 2562] - [Autoencoder Training] [Autoencoder Loss: 1.7390] [autoencoder lr: 4.20e-04][mem: 7.91e+03](305.1 ms)
INFO:root:[5,   100/ 2562] - [Autoencoder Training] [Autoencoder Loss: 1.7383] [autoencoder lr: 4.23e-04][mem: 7.91e+03](305.1 ms)
INFO:root:[5,   200/ 2562] - [Autoencoder Training] [Autoencoder Loss: 1.7375] [autoencoder lr: 4.26e-04][mem: 7.91e+03](305.1 ms)
INFO:root:[5,   300/ 2562] - [Autoencoder Training] [Autoencoder Loss: 1.7368] [autoencoder lr: 4.29e-04][mem: 7.91e+03](305.1 ms)
INFO:root:[5,   400/ 2562] - [Autoencoder Training] [Autoencoder Loss: 1.7362] [autoencoder lr: 4.33e-04][mem: 7.91e+03](305.1 ms)
INFO:root:[5,   500/ 2562] - [Autoencoder Training] [Autoencoder Loss: 1.7355] [autoencoder lr: 4.36e-04][mem: 7.91e+03](305.1 ms)
INFO:root:[5,   600/ 2562] - [Autoencoder Training] [Autoencoder Loss: 1.7348] [autoencoder lr: 4.39e-04][mem: 7.91e+03](305.1 ms)
INFO:root:[5,   700/ 2562] - [Autoencoder Training] [Autoencoder Loss: 1.7341] [autoencoder lr: 4.42e-04][mem: 7.91e+03](305.1 ms)
INFO:root:[5,   800/ 2562] - [Autoencoder Training] [Autoencoder Loss: 1.7335] [autoencoder lr: 4.45e-04][mem: 7.91e+03](305.1 ms)
INFO:root:[5,   900/ 2562] - [Autoencoder Training] [Autoencoder Loss: 1.7328] [autoencoder lr: 4.48e-04][mem: 7.91e+03](305.1 ms)
INFO:root:[5,  1000/ 2562] - [Autoencoder Training] [Autoencoder Loss: 1.7322] [autoencoder lr: 4.51e-04][mem: 7.91e+03](305.2 ms)
INFO:root:[5,  1100/ 2562] - [Autoencoder Training] [Autoencoder Loss: 1.7316] [autoencoder lr: 4.54e-04][mem: 7.91e+03](305.2 ms)
INFO:root:[5,  1200/ 2562] - [Autoencoder Training] [Autoencoder Loss: 1.7310] [autoencoder lr: 4.58e-04][mem: 7.91e+03](305.2 ms)
INFO:root:[5,  1300/ 2562] - [Autoencoder Training] [Autoencoder Loss: 1.7304] [autoencoder lr: 4.61e-04][mem: 7.91e+03](305.2 ms)
INFO:root:[5,  1400/ 2562] - [Autoencoder Training] [Autoencoder Loss: 1.7298] [autoencoder lr: 4.64e-04][mem: 7.91e+03](305.2 ms)
INFO:root:[5,  1500/ 2562] - [Autoencoder Training] [Autoencoder Loss: 1.7292] [autoencoder lr: 4.67e-04][mem: 7.91e+03](305.2 ms)
INFO:root:[5,  1600/ 2562] - [Autoencoder Training] [Autoencoder Loss: 1.7286] [autoencoder lr: 4.70e-04][mem: 7.91e+03](305.2 ms)
INFO:root:[5,  1700/ 2562] - [Autoencoder Training] [Autoencoder Loss: 1.7281] [autoencoder lr: 4.73e-04][mem: 7.91e+03](305.2 ms)
INFO:root:[5,  1800/ 2562] - [Autoencoder Training] [Autoencoder Loss: 1.7275] [autoencoder lr: 4.76e-04][mem: 7.91e+03](305.2 ms)
INFO:root:[5,  1900/ 2562] - [Autoencoder Training] [Autoencoder Loss: 1.7269] [autoencoder lr: 4.79e-04][mem: 7.91e+03](305.2 ms)
INFO:root:[5,  2000/ 2562] - [Autoencoder Training] [Autoencoder Loss: 1.7264] [autoencoder lr: 4.82e-04][mem: 7.91e+03](305.1 ms)
INFO:root:[5,  2100/ 2562] - [Autoencoder Training] [Autoencoder Loss: 1.7259] [autoencoder lr: 4.86e-04][mem: 7.91e+03](305.1 ms)
INFO:root:[5,  2200/ 2562] - [Autoencoder Training] [Autoencoder Loss: 1.7254] [autoencoder lr: 4.89e-04][mem: 7.91e+03](305.1 ms)
INFO:root:[5,  2300/ 2562] - [Autoencoder Training] [Autoencoder Loss: 1.7249] [autoencoder lr: 4.92e-04][mem: 7.91e+03](305.1 ms)
INFO:root:[5,  2400/ 2562] - [Autoencoder Training] [Autoencoder Loss: 1.7244] [autoencoder lr: 4.95e-04][mem: 7.91e+03](305.1 ms)
INFO:root:[5,  2500/ 2562] - [Autoencoder Training] [Autoencoder Loss: 1.7239] [autoencoder lr: 4.98e-04][mem: 7.91e+03](305.2 ms)
INFO:root: - - Epoch: 6 - - 
INFO:faiss.loader:Loading faiss with AVX2 support.
INFO:faiss.loader:Successfully loaded faiss with AVX2 support.
INFO:faiss.loader:Loading faiss with AVX2 support.
INFO:faiss.loader:Successfully loaded faiss with AVX2 support.
INFO:faiss.loader:Loading faiss with AVX2 support.
INFO:faiss.loader:Successfully loaded faiss with AVX2 support.
INFO:faiss.loader:Loading faiss with AVX2 support.
INFO:faiss.loader:Successfully loaded faiss with AVX2 support.
INFO:faiss.loader:Loading faiss with AVX2 support.
INFO:faiss.loader:Successfully loaded faiss with AVX2 support.
INFO:faiss.loader:Loading faiss with AVX2 support.
INFO:faiss.loader:Successfully loaded faiss with AVX2 support.
INFO:faiss.loader:Loading faiss with AVX2 support.
INFO:faiss.loader:Successfully loaded faiss with AVX2 support.
INFO:faiss.loader:Loading faiss with AVX2 support.
INFO:faiss.loader:Successfully loaded faiss with AVX2 support.
INFO:faiss.loader:Loading faiss with AVX2 support.
INFO:faiss.loader:Successfully loaded faiss with AVX2 support.
INFO:faiss.loader:Loading faiss with AVX2 support.
INFO:faiss.loader:Successfully loaded faiss with AVX2 support.
INFO:faiss.loader:Loading faiss with AVX2 support.
INFO:faiss.loader:Successfully loaded faiss with AVX2 support.
INFO:faiss.loader:Loading faiss with AVX2 support.
INFO:faiss.loader:Successfully loaded faiss with AVX2 support.
INFO:faiss.loader:Loading faiss with AVX2 support.
INFO:faiss.loader:Successfully loaded faiss with AVX2 support.
INFO:faiss.loader:Loading faiss with AVX2 support.
INFO:faiss.loader:Successfully loaded faiss with AVX2 support.
INFO:faiss.loader:Loading faiss with AVX2 support.
INFO:faiss.loader:Successfully loaded faiss with AVX2 support.
INFO:faiss.loader:Loading faiss with AVX2 support.
INFO:faiss.loader:Successfully loaded faiss with AVX2 support.
INFO:root:[6,     0/ 2562] - [Autoencoder Training] [Autoencoder Loss: 1.7236] [autoencoder lr: 5.00e-04][mem: 7.91e+03](305.1 ms)
INFO:root:[6,   100/ 2562] - [Autoencoder Training] [Autoencoder Loss: 1.7231] [autoencoder lr: 5.00e-04][mem: 7.91e+03](305.1 ms)
INFO:root:[6,   200/ 2562] - [Autoencoder Training] [Autoencoder Loss: 1.7226] [autoencoder lr: 5.00e-04][mem: 7.91e+03](305.1 ms)
INFO:root:[6,   300/ 2562] - [Autoencoder Training] [Autoencoder Loss: 1.7221] [autoencoder lr: 5.00e-04][mem: 7.91e+03](305.1 ms)
INFO:root:[6,   400/ 2562] - [Autoencoder Training] [Autoencoder Loss: 1.7217] [autoencoder lr: 5.00e-04][mem: 7.91e+03](305.1 ms)
INFO:root:[6,   500/ 2562] - [Autoencoder Training] [Autoencoder Loss: 1.7212] [autoencoder lr: 5.00e-04][mem: 7.91e+03](305.1 ms)
INFO:root:[6,   600/ 2562] - [Autoencoder Training] [Autoencoder Loss: 1.7208] [autoencoder lr: 5.00e-04][mem: 7.91e+03](305.1 ms)
INFO:root:[6,   700/ 2562] - [Autoencoder Training] [Autoencoder Loss: 1.7203] [autoencoder lr: 5.00e-04][mem: 7.91e+03](305.1 ms)
INFO:root:[6,   800/ 2562] - [Autoencoder Training] [Autoencoder Loss: 1.7199] [autoencoder lr: 5.00e-04][mem: 7.91e+03](305.1 ms)
INFO:root:[6,   900/ 2562] - [Autoencoder Training] [Autoencoder Loss: 1.7194] [autoencoder lr: 5.00e-04][mem: 7.91e+03](305.1 ms)
INFO:root:[6,  1000/ 2562] - [Autoencoder Training] [Autoencoder Loss: 1.7190] [autoencoder lr: 5.00e-04][mem: 7.91e+03](305.1 ms)
INFO:root:[6,  1100/ 2562] - [Autoencoder Training] [Autoencoder Loss: 1.7186] [autoencoder lr: 5.00e-04][mem: 7.91e+03](305.1 ms)
INFO:root:[6,  1200/ 2562] - [Autoencoder Training] [Autoencoder Loss: 1.7182] [autoencoder lr: 5.00e-04][mem: 7.91e+03](305.1 ms)
INFO:root:[6,  1300/ 2562] - [Autoencoder Training] [Autoencoder Loss: 1.7178] [autoencoder lr: 5.00e-04][mem: 7.91e+03](305.1 ms)
INFO:root:[6,  1400/ 2562] - [Autoencoder Training] [Autoencoder Loss: 1.7174] [autoencoder lr: 5.00e-04][mem: 7.91e+03](305.1 ms)
INFO:root:[6,  1500/ 2562] - [Autoencoder Training] [Autoencoder Loss: 1.7170] [autoencoder lr: 5.00e-04][mem: 7.91e+03](305.1 ms)
INFO:root:[6,  1600/ 2562] - [Autoencoder Training] [Autoencoder Loss: 1.7166] [autoencoder lr: 5.00e-04][mem: 7.91e+03](305.1 ms)
INFO:root:[6,  1700/ 2562] - [Autoencoder Training] [Autoencoder Loss: 1.7163] [autoencoder lr: 5.00e-04][mem: 7.91e+03](305.1 ms)
INFO:root:[6,  1800/ 2562] - [Autoencoder Training] [Autoencoder Loss: 1.7159] [autoencoder lr: 5.00e-04][mem: 7.91e+03](305.1 ms)
INFO:root:[6,  1900/ 2562] - [Autoencoder Training] [Autoencoder Loss: 1.7155] [autoencoder lr: 5.00e-04][mem: 7.91e+03](305.1 ms)
INFO:root:[6,  2000/ 2562] - [Autoencoder Training] [Autoencoder Loss: 1.7152] [autoencoder lr: 5.00e-04][mem: 7.91e+03](305.1 ms)
INFO:root:[6,  2100/ 2562] - [Autoencoder Training] [Autoencoder Loss: 1.7148] [autoencoder lr: 5.00e-04][mem: 7.91e+03](305.1 ms)
INFO:root:[6,  2200/ 2562] - [Autoencoder Training] [Autoencoder Loss: 1.7144] [autoencoder lr: 5.00e-04][mem: 7.91e+03](305.2 ms)
INFO:root:[6,  2300/ 2562] - [Autoencoder Training] [Autoencoder Loss: 1.7141] [autoencoder lr: 5.00e-04][mem: 7.91e+03](305.2 ms)
INFO:root:[6,  2400/ 2562] - [Autoencoder Training] [Autoencoder Loss: 1.7137] [autoencoder lr: 5.00e-04][mem: 7.91e+03](305.2 ms)
INFO:root:[6,  2500/ 2562] - [Autoencoder Training] [Autoencoder Loss: 1.7134] [autoencoder lr: 5.00e-04][mem: 7.91e+03](305.2 ms)
INFO:root: - - Epoch: 7 - - 
INFO:faiss.loader:Loading faiss with AVX2 support.
INFO:faiss.loader:Successfully loaded faiss with AVX2 support.
INFO:faiss.loader:Loading faiss with AVX2 support.
INFO:faiss.loader:Successfully loaded faiss with AVX2 support.
INFO:faiss.loader:Loading faiss with AVX2 support.
INFO:faiss.loader:Successfully loaded faiss with AVX2 support.
INFO:faiss.loader:Loading faiss with AVX2 support.
INFO:faiss.loader:Successfully loaded faiss with AVX2 support.
INFO:faiss.loader:Loading faiss with AVX2 support.
INFO:faiss.loader:Successfully loaded faiss with AVX2 support.
INFO:faiss.loader:Loading faiss with AVX2 support.
INFO:faiss.loader:Successfully loaded faiss with AVX2 support.
INFO:faiss.loader:Loading faiss with AVX2 support.
INFO:faiss.loader:Successfully loaded faiss with AVX2 support.
INFO:faiss.loader:Loading faiss with AVX2 support.
INFO:faiss.loader:Successfully loaded faiss with AVX2 support.
INFO:faiss.loader:Loading faiss with AVX2 support.
INFO:faiss.loader:Successfully loaded faiss with AVX2 support.
INFO:faiss.loader:Loading faiss with AVX2 support.
INFO:faiss.loader:Successfully loaded faiss with AVX2 support.
INFO:faiss.loader:Loading faiss with AVX2 support.
INFO:faiss.loader:Successfully loaded faiss with AVX2 support.
INFO:faiss.loader:Loading faiss with AVX2 support.
INFO:faiss.loader:Successfully loaded faiss with AVX2 support.
INFO:faiss.loader:Loading faiss with AVX2 support.
INFO:faiss.loader:Successfully loaded faiss with AVX2 support.
INFO:faiss.loader:Loading faiss with AVX2 support.
INFO:faiss.loader:Successfully loaded faiss with AVX2 support.
INFO:faiss.loader:Loading faiss with AVX2 support.
INFO:faiss.loader:Successfully loaded faiss with AVX2 support.
INFO:faiss.loader:Loading faiss with AVX2 support.
INFO:faiss.loader:Successfully loaded faiss with AVX2 support.
INFO:root:[7,     0/ 2562] - [Autoencoder Training] [Autoencoder Loss: 1.7132] [autoencoder lr: 5.00e-04][mem: 7.91e+03](305.1 ms)
INFO:root:[7,   100/ 2562] - [Autoencoder Training] [Autoencoder Loss: 1.7128] [autoencoder lr: 5.00e-04][mem: 7.91e+03](305.1 ms)
INFO:root:[7,   200/ 2562] - [Autoencoder Training] [Autoencoder Loss: 1.7125] [autoencoder lr: 5.00e-04][mem: 7.91e+03](305.1 ms)
INFO:root:[7,   300/ 2562] - [Autoencoder Training] [Autoencoder Loss: 1.7121] [autoencoder lr: 5.00e-04][mem: 7.91e+03](305.1 ms)
INFO:root:[7,   400/ 2562] - [Autoencoder Training] [Autoencoder Loss: 1.7118] [autoencoder lr: 5.00e-04][mem: 7.91e+03](305.1 ms)
INFO:root:[7,   500/ 2562] - [Autoencoder Training] [Autoencoder Loss: 1.7115] [autoencoder lr: 5.00e-04][mem: 7.91e+03](305.1 ms)
INFO:root:[7,   600/ 2562] - [Autoencoder Training] [Autoencoder Loss: 1.7112] [autoencoder lr: 5.00e-04][mem: 7.91e+03](305.1 ms)
INFO:root:[7,   700/ 2562] - [Autoencoder Training] [Autoencoder Loss: 1.7109] [autoencoder lr: 5.00e-04][mem: 7.91e+03](305.1 ms)
INFO:root:[7,   800/ 2562] - [Autoencoder Training] [Autoencoder Loss: 1.7106] [autoencoder lr: 5.00e-04][mem: 7.91e+03](305.1 ms)
INFO:root:[7,   900/ 2562] - [Autoencoder Training] [Autoencoder Loss: 1.7103] [autoencoder lr: 5.00e-04][mem: 7.91e+03](305.1 ms)
INFO:root:[7,  1000/ 2562] - [Autoencoder Training] [Autoencoder Loss: 1.7100] [autoencoder lr: 5.00e-04][mem: 7.91e+03](305.1 ms)
INFO:root:[7,  1100/ 2562] - [Autoencoder Training] [Autoencoder Loss: 1.7097] [autoencoder lr: 5.00e-04][mem: 7.91e+03](305.1 ms)
INFO:root:[7,  1200/ 2562] - [Autoencoder Training] [Autoencoder Loss: 1.7094] [autoencoder lr: 5.00e-04][mem: 7.91e+03](305.1 ms)
INFO:root:[7,  1300/ 2562] - [Autoencoder Training] [Autoencoder Loss: 1.7092] [autoencoder lr: 5.00e-04][mem: 7.91e+03](305.1 ms)
INFO:root:[7,  1400/ 2562] - [Autoencoder Training] [Autoencoder Loss: 1.7089] [autoencoder lr: 5.00e-04][mem: 7.91e+03](305.1 ms)
INFO:root:[7,  1500/ 2562] - [Autoencoder Training] [Autoencoder Loss: 1.7086] [autoencoder lr: 4.99e-04][mem: 7.91e+03](305.1 ms)
INFO:root:[7,  1600/ 2562] - [Autoencoder Training] [Autoencoder Loss: 1.7083] [autoencoder lr: 4.99e-04][mem: 7.91e+03](305.1 ms)
INFO:root:[7,  1700/ 2562] - [Autoencoder Training] [Autoencoder Loss: 1.7081] [autoencoder lr: 4.99e-04][mem: 7.91e+03](305.1 ms)
INFO:root:[7,  1800/ 2562] - [Autoencoder Training] [Autoencoder Loss: 1.7078] [autoencoder lr: 4.99e-04][mem: 7.91e+03](305.1 ms)
INFO:root:[7,  1900/ 2562] - [Autoencoder Training] [Autoencoder Loss: 1.7075] [autoencoder lr: 4.99e-04][mem: 7.91e+03](305.1 ms)
INFO:root:[7,  2000/ 2562] - [Autoencoder Training] [Autoencoder Loss: 1.7073] [autoencoder lr: 4.99e-04][mem: 7.91e+03](305.1 ms)
INFO:root:[7,  2100/ 2562] - [Autoencoder Training] [Autoencoder Loss: 1.7070] [autoencoder lr: 4.99e-04][mem: 7.91e+03](305.1 ms)
INFO:root:[7,  2200/ 2562] - [Autoencoder Training] [Autoencoder Loss: 1.7067] [autoencoder lr: 4.99e-04][mem: 7.91e+03](305.1 ms)
INFO:root:[7,  2300/ 2562] - [Autoencoder Training] [Autoencoder Loss: 1.7065] [autoencoder lr: 4.99e-04][mem: 7.91e+03](305.1 ms)
INFO:root:[7,  2400/ 2562] - [Autoencoder Training] [Autoencoder Loss: 1.7062] [autoencoder lr: 4.99e-04][mem: 7.91e+03](305.1 ms)
INFO:root:[7,  2500/ 2562] - [Autoencoder Training] [Autoencoder Loss: 1.7060] [autoencoder lr: 4.99e-04][mem: 7.91e+03](305.1 ms)
INFO:root: - - Epoch: 8 - - 
INFO:faiss.loader:Loading faiss with AVX2 support.
INFO:faiss.loader:Successfully loaded faiss with AVX2 support.
INFO:faiss.loader:Loading faiss with AVX2 support.
INFO:faiss.loader:Successfully loaded faiss with AVX2 support.
INFO:faiss.loader:Loading faiss with AVX2 support.
INFO:faiss.loader:Successfully loaded faiss with AVX2 support.
INFO:faiss.loader:Loading faiss with AVX2 support.
INFO:faiss.loader:Successfully loaded faiss with AVX2 support.
INFO:faiss.loader:Loading faiss with AVX2 support.
INFO:faiss.loader:Successfully loaded faiss with AVX2 support.
INFO:faiss.loader:Loading faiss with AVX2 support.
INFO:faiss.loader:Successfully loaded faiss with AVX2 support.
INFO:faiss.loader:Loading faiss with AVX2 support.
INFO:faiss.loader:Successfully loaded faiss with AVX2 support.
INFO:faiss.loader:Loading faiss with AVX2 support.
INFO:faiss.loader:Successfully loaded faiss with AVX2 support.
INFO:faiss.loader:Loading faiss with AVX2 support.
INFO:faiss.loader:Successfully loaded faiss with AVX2 support.
INFO:faiss.loader:Loading faiss with AVX2 support.
INFO:faiss.loader:Successfully loaded faiss with AVX2 support.
INFO:faiss.loader:Loading faiss with AVX2 support.
INFO:faiss.loader:Successfully loaded faiss with AVX2 support.
INFO:faiss.loader:Loading faiss with AVX2 support.
INFO:faiss.loader:Successfully loaded faiss with AVX2 support.
INFO:faiss.loader:Loading faiss with AVX2 support.
INFO:faiss.loader:Successfully loaded faiss with AVX2 support.
INFO:faiss.loader:Loading faiss with AVX2 support.
INFO:faiss.loader:Successfully loaded faiss with AVX2 support.
INFO:faiss.loader:Loading faiss with AVX2 support.
INFO:faiss.loader:Successfully loaded faiss with AVX2 support.
INFO:faiss.loader:Loading faiss with AVX2 support.
INFO:faiss.loader:Successfully loaded faiss with AVX2 support.
INFO:root:[8,     0/ 2562] - [Autoencoder Training] [Autoencoder Loss: 1.7058] [autoencoder lr: 4.99e-04][mem: 7.91e+03](305.1 ms)
INFO:root:[8,   100/ 2562] - [Autoencoder Training] [Autoencoder Loss: 1.7056] [autoencoder lr: 4.99e-04][mem: 7.91e+03](305.1 ms)
INFO:root:[8,   200/ 2562] - [Autoencoder Training] [Autoencoder Loss: 1.7053] [autoencoder lr: 4.99e-04][mem: 7.91e+03](305.1 ms)
INFO:root:[8,   300/ 2562] - [Autoencoder Training] [Autoencoder Loss: 1.7051] [autoencoder lr: 4.99e-04][mem: 7.91e+03](305.1 ms)
INFO:root:[8,   400/ 2562] - [Autoencoder Training] [Autoencoder Loss: 1.7048] [autoencoder lr: 4.99e-04][mem: 7.91e+03](305.1 ms)
INFO:root:[8,   500/ 2562] - [Autoencoder Training] [Autoencoder Loss: 1.7046] [autoencoder lr: 4.99e-04][mem: 7.91e+03](305.1 ms)
INFO:root:[8,   600/ 2562] - [Autoencoder Training] [Autoencoder Loss: 1.7044] [autoencoder lr: 4.99e-04][mem: 7.91e+03](305.1 ms)
INFO:root:[8,   700/ 2562] - [Autoencoder Training] [Autoencoder Loss: 1.7041] [autoencoder lr: 4.99e-04][mem: 7.91e+03](305.1 ms)
INFO:root:[8,   800/ 2562] - [Autoencoder Training] [Autoencoder Loss: 1.7039] [autoencoder lr: 4.99e-04][mem: 7.91e+03](305.1 ms)
INFO:root:[8,   900/ 2562] - [Autoencoder Training] [Autoencoder Loss: 1.7037] [autoencoder lr: 4.99e-04][mem: 7.91e+03](305.1 ms)
INFO:root:[8,  1000/ 2562] - [Autoencoder Training] [Autoencoder Loss: 1.7035] [autoencoder lr: 4.99e-04][mem: 7.91e+03](305.1 ms)
INFO:root:[8,  1100/ 2562] - [Autoencoder Training] [Autoencoder Loss: 1.7033] [autoencoder lr: 4.99e-04][mem: 7.91e+03](305.1 ms)
INFO:root:[8,  1200/ 2562] - [Autoencoder Training] [Autoencoder Loss: 1.7030] [autoencoder lr: 4.99e-04][mem: 7.91e+03](305.1 ms)
INFO:root:[8,  1300/ 2562] - [Autoencoder Training] [Autoencoder Loss: 1.7028] [autoencoder lr: 4.99e-04][mem: 7.91e+03](305.1 ms)
INFO:root:[8,  1400/ 2562] - [Autoencoder Training] [Autoencoder Loss: 1.7026] [autoencoder lr: 4.99e-04][mem: 7.91e+03](305.1 ms)
INFO:root:[8,  1500/ 2562] - [Autoencoder Training] [Autoencoder Loss: 1.7024] [autoencoder lr: 4.99e-04][mem: 7.91e+03](305.1 ms)
INFO:root:[8,  1600/ 2562] - [Autoencoder Training] [Autoencoder Loss: 1.7022] [autoencoder lr: 4.99e-04][mem: 7.91e+03](305.1 ms)
INFO:root:[8,  1700/ 2562] - [Autoencoder Training] [Autoencoder Loss: 1.7020] [autoencoder lr: 4.99e-04][mem: 7.91e+03](305.1 ms)
INFO:root:[8,  1800/ 2562] - [Autoencoder Training] [Autoencoder Loss: 1.7018] [autoencoder lr: 4.99e-04][mem: 7.91e+03](305.1 ms)
INFO:root:[8,  1900/ 2562] - [Autoencoder Training] [Autoencoder Loss: 1.7016] [autoencoder lr: 4.98e-04][mem: 7.91e+03](305.1 ms)
INFO:root:[8,  2000/ 2562] - [Autoencoder Training] [Autoencoder Loss: 1.7014] [autoencoder lr: 4.98e-04][mem: 7.91e+03](305.1 ms)
INFO:root:[8,  2100/ 2562] - [Autoencoder Training] [Autoencoder Loss: 1.7012] [autoencoder lr: 4.98e-04][mem: 7.91e+03](305.1 ms)
INFO:root:[8,  2200/ 2562] - [Autoencoder Training] [Autoencoder Loss: 1.7010] [autoencoder lr: 4.98e-04][mem: 7.91e+03](305.1 ms)
INFO:root:[8,  2300/ 2562] - [Autoencoder Training] [Autoencoder Loss: 1.7008] [autoencoder lr: 4.98e-04][mem: 7.91e+03](305.1 ms)
INFO:root:[8,  2400/ 2562] - [Autoencoder Training] [Autoencoder Loss: 1.7006] [autoencoder lr: 4.98e-04][mem: 7.91e+03](305.1 ms)
INFO:root:[8,  2500/ 2562] - [Autoencoder Training] [Autoencoder Loss: 1.7004] [autoencoder lr: 4.98e-04][mem: 7.91e+03](305.1 ms)
INFO:root: - - Epoch: 9 - - 
INFO:faiss.loader:Loading faiss with AVX2 support.
INFO:faiss.loader:Successfully loaded faiss with AVX2 support.
INFO:faiss.loader:Loading faiss with AVX2 support.
INFO:faiss.loader:Successfully loaded faiss with AVX2 support.
INFO:faiss.loader:Loading faiss with AVX2 support.
INFO:faiss.loader:Successfully loaded faiss with AVX2 support.
INFO:faiss.loader:Loading faiss with AVX2 support.
INFO:faiss.loader:Successfully loaded faiss with AVX2 support.
INFO:faiss.loader:Loading faiss with AVX2 support.
INFO:faiss.loader:Successfully loaded faiss with AVX2 support.
INFO:faiss.loader:Loading faiss with AVX2 support.
INFO:faiss.loader:Successfully loaded faiss with AVX2 support.
INFO:faiss.loader:Loading faiss with AVX2 support.
INFO:faiss.loader:Successfully loaded faiss with AVX2 support.
INFO:faiss.loader:Loading faiss with AVX2 support.
INFO:faiss.loader:Successfully loaded faiss with AVX2 support.
INFO:faiss.loader:Loading faiss with AVX2 support.
INFO:faiss.loader:Successfully loaded faiss with AVX2 support.
INFO:faiss.loader:Loading faiss with AVX2 support.
INFO:faiss.loader:Successfully loaded faiss with AVX2 support.
INFO:faiss.loader:Loading faiss with AVX2 support.
INFO:faiss.loader:Successfully loaded faiss with AVX2 support.
INFO:faiss.loader:Loading faiss with AVX2 support.
INFO:faiss.loader:Successfully loaded faiss with AVX2 support.
INFO:faiss.loader:Loading faiss with AVX2 support.
INFO:faiss.loader:Successfully loaded faiss with AVX2 support.
INFO:faiss.loader:Loading faiss with AVX2 support.
INFO:faiss.loader:Successfully loaded faiss with AVX2 support.
INFO:faiss.loader:Loading faiss with AVX2 support.
INFO:faiss.loader:Successfully loaded faiss with AVX2 support.
INFO:faiss.loader:Loading faiss with AVX2 support.
INFO:faiss.loader:Successfully loaded faiss with AVX2 support.
INFO:root:[9,     0/ 2562] - [Autoencoder Training] [Autoencoder Loss: 1.7003] [autoencoder lr: 4.98e-04][mem: 7.91e+03](305.1 ms)
INFO:root:[9,   100/ 2562] - [Autoencoder Training] [Autoencoder Loss: 1.7001] [autoencoder lr: 4.98e-04][mem: 7.91e+03](305.1 ms)
INFO:root:[9,   200/ 2562] - [Autoencoder Training] [Autoencoder Loss: 1.6999] [autoencoder lr: 4.98e-04][mem: 7.91e+03](305.1 ms)
INFO:root:[9,   300/ 2562] - [Autoencoder Training] [Autoencoder Loss: 1.6997] [autoencoder lr: 4.98e-04][mem: 7.91e+03](305.1 ms)
INFO:root:[9,   400/ 2562] - [Autoencoder Training] [Autoencoder Loss: 1.6996] [autoencoder lr: 4.98e-04][mem: 7.91e+03](305.1 ms)
INFO:root:[9,   500/ 2562] - [Autoencoder Training] [Autoencoder Loss: 1.6994] [autoencoder lr: 4.98e-04][mem: 7.91e+03](305.1 ms)
INFO:root:[9,   600/ 2562] - [Autoencoder Training] [Autoencoder Loss: 1.6992] [autoencoder lr: 4.98e-04][mem: 7.91e+03](305.1 ms)
INFO:root:[9,   700/ 2562] - [Autoencoder Training] [Autoencoder Loss: 1.6990] [autoencoder lr: 4.98e-04][mem: 7.91e+03](305.1 ms)
INFO:root:[9,   800/ 2562] - [Autoencoder Training] [Autoencoder Loss: 1.6988] [autoencoder lr: 4.98e-04][mem: 7.91e+03](305.1 ms)
INFO:root:[9,   900/ 2562] - [Autoencoder Training] [Autoencoder Loss: 1.6986] [autoencoder lr: 4.98e-04][mem: 7.91e+03](305.1 ms)
INFO:root:[9,  1000/ 2562] - [Autoencoder Training] [Autoencoder Loss: 1.6984] [autoencoder lr: 4.98e-04][mem: 7.91e+03](305.1 ms)
INFO:root:[9,  1100/ 2562] - [Autoencoder Training] [Autoencoder Loss: 1.6983] [autoencoder lr: 4.98e-04][mem: 7.91e+03](305.1 ms)
INFO:root:[9,  1200/ 2562] - [Autoencoder Training] [Autoencoder Loss: 1.6981] [autoencoder lr: 4.98e-04][mem: 7.91e+03](305.1 ms)
INFO:root:[9,  1300/ 2562] - [Autoencoder Training] [Autoencoder Loss: 1.6979] [autoencoder lr: 4.98e-04][mem: 7.91e+03](305.1 ms)
INFO:root:[9,  1400/ 2562] - [Autoencoder Training] [Autoencoder Loss: 1.6977] [autoencoder lr: 4.97e-04][mem: 7.91e+03](305.1 ms)
INFO:root:[9,  1500/ 2562] - [Autoencoder Training] [Autoencoder Loss: 1.6976] [autoencoder lr: 4.97e-04][mem: 7.91e+03](305.1 ms)
INFO:root:[9,  1600/ 2562] - [Autoencoder Training] [Autoencoder Loss: 1.6974] [autoencoder lr: 4.97e-04][mem: 7.91e+03](305.1 ms)
INFO:root:[9,  1700/ 2562] - [Autoencoder Training] [Autoencoder Loss: 1.6973] [autoencoder lr: 4.97e-04][mem: 7.91e+03](305.1 ms)
INFO:root:[9,  1800/ 2562] - [Autoencoder Training] [Autoencoder Loss: 1.6971] [autoencoder lr: 4.97e-04][mem: 7.91e+03](305.1 ms)
INFO:root:[9,  1900/ 2562] - [Autoencoder Training] [Autoencoder Loss: 1.6969] [autoencoder lr: 4.97e-04][mem: 7.91e+03](305.1 ms)
INFO:root:[9,  2000/ 2562] - [Autoencoder Training] [Autoencoder Loss: 1.6968] [autoencoder lr: 4.97e-04][mem: 7.91e+03](305.1 ms)
INFO:root:[9,  2100/ 2562] - [Autoencoder Training] [Autoencoder Loss: 1.6966] [autoencoder lr: 4.97e-04][mem: 7.91e+03](305.1 ms)
INFO:root:[9,  2200/ 2562] - [Autoencoder Training] [Autoencoder Loss: 1.6965] [autoencoder lr: 4.97e-04][mem: 7.91e+03](305.1 ms)
INFO:root:[9,  2300/ 2562] - [Autoencoder Training] [Autoencoder Loss: 1.6963] [autoencoder lr: 4.97e-04][mem: 7.91e+03](305.1 ms)
INFO:root:[9,  2400/ 2562] - [Autoencoder Training] [Autoencoder Loss: 1.6962] [autoencoder lr: 4.97e-04][mem: 7.91e+03](305.1 ms)
INFO:root:[9,  2500/ 2562] - [Autoencoder Training] [Autoencoder Loss: 1.6960] [autoencoder lr: 4.97e-04][mem: 7.91e+03](305.1 ms)
INFO:root: - - Epoch: 10 - - 
INFO:faiss.loader:Loading faiss with AVX2 support.
INFO:faiss.loader:Successfully loaded faiss with AVX2 support.
INFO:faiss.loader:Loading faiss with AVX2 support.
INFO:faiss.loader:Successfully loaded faiss with AVX2 support.
INFO:faiss.loader:Loading faiss with AVX2 support.
INFO:faiss.loader:Successfully loaded faiss with AVX2 support.
INFO:faiss.loader:Loading faiss with AVX2 support.
INFO:faiss.loader:Successfully loaded faiss with AVX2 support.
INFO:faiss.loader:Loading faiss with AVX2 support.
INFO:faiss.loader:Successfully loaded faiss with AVX2 support.
INFO:faiss.loader:Loading faiss with AVX2 support.
INFO:faiss.loader:Successfully loaded faiss with AVX2 support.
INFO:faiss.loader:Loading faiss with AVX2 support.
INFO:faiss.loader:Successfully loaded faiss with AVX2 support.
INFO:faiss.loader:Loading faiss with AVX2 support.
INFO:faiss.loader:Successfully loaded faiss with AVX2 support.
INFO:faiss.loader:Loading faiss with AVX2 support.
INFO:faiss.loader:Successfully loaded faiss with AVX2 support.
INFO:faiss.loader:Loading faiss with AVX2 support.
INFO:faiss.loader:Successfully loaded faiss with AVX2 support.
INFO:faiss.loader:Loading faiss with AVX2 support.
INFO:faiss.loader:Successfully loaded faiss with AVX2 support.
INFO:faiss.loader:Loading faiss with AVX2 support.
INFO:faiss.loader:Successfully loaded faiss with AVX2 support.
INFO:faiss.loader:Loading faiss with AVX2 support.
INFO:faiss.loader:Successfully loaded faiss with AVX2 support.
INFO:faiss.loader:Loading faiss with AVX2 support.
INFO:faiss.loader:Successfully loaded faiss with AVX2 support.
INFO:faiss.loader:Loading faiss with AVX2 support.
INFO:faiss.loader:Successfully loaded faiss with AVX2 support.
INFO:faiss.loader:Loading faiss with AVX2 support.
INFO:faiss.loader:Successfully loaded faiss with AVX2 support.
INFO:root:[10,     0/ 2562] - [Autoencoder Training] [Autoencoder Loss: 1.6959] [autoencoder lr: 4.97e-04][mem: 7.91e+03](305.1 ms)
INFO:root:[10,   100/ 2562] - [Autoencoder Training] [Autoencoder Loss: 1.6958] [autoencoder lr: 4.97e-04][mem: 7.91e+03](305.1 ms)
INFO:root:[10,   200/ 2562] - [Autoencoder Training] [Autoencoder Loss: 1.6956] [autoencoder lr: 4.97e-04][mem: 7.91e+03](305.1 ms)
INFO:root:[10,   300/ 2562] - [Autoencoder Training] [Autoencoder Loss: 1.6955] [autoencoder lr: 4.97e-04][mem: 7.91e+03](305.1 ms)
INFO:root:[10,   400/ 2562] - [Autoencoder Training] [Autoencoder Loss: 1.6953] [autoencoder lr: 4.97e-04][mem: 7.91e+03](305.1 ms)
INFO:root:[10,   500/ 2562] - [Autoencoder Training] [Autoencoder Loss: 1.6952] [autoencoder lr: 4.96e-04][mem: 7.91e+03](305.1 ms)
INFO:root:[10,   600/ 2562] - [Autoencoder Training] [Autoencoder Loss: 1.6950] [autoencoder lr: 4.96e-04][mem: 7.91e+03](305.1 ms)
INFO:root:[10,   700/ 2562] - [Autoencoder Training] [Autoencoder Loss: 1.6949] [autoencoder lr: 4.96e-04][mem: 7.91e+03](305.1 ms)
INFO:root:[10,   800/ 2562] - [Autoencoder Training] [Autoencoder Loss: 1.6947] [autoencoder lr: 4.96e-04][mem: 7.91e+03](305.1 ms)
INFO:root:[10,   900/ 2562] - [Autoencoder Training] [Autoencoder Loss: 1.6946] [autoencoder lr: 4.96e-04][mem: 7.91e+03](305.1 ms)
INFO:root:[10,  1000/ 2562] - [Autoencoder Training] [Autoencoder Loss: 1.6945] [autoencoder lr: 4.96e-04][mem: 7.91e+03](305.1 ms)
INFO:root:[10,  1100/ 2562] - [Autoencoder Training] [Autoencoder Loss: 1.6943] [autoencoder lr: 4.96e-04][mem: 7.91e+03](305.1 ms)
INFO:root:[10,  1200/ 2562] - [Autoencoder Training] [Autoencoder Loss: 1.6942] [autoencoder lr: 4.96e-04][mem: 7.91e+03](305.1 ms)
INFO:root:[10,  1300/ 2562] - [Autoencoder Training] [Autoencoder Loss: 1.6940] [autoencoder lr: 4.96e-04][mem: 7.91e+03](305.1 ms)
INFO:root:[10,  1400/ 2562] - [Autoencoder Training] [Autoencoder Loss: 1.6939] [autoencoder lr: 4.96e-04][mem: 7.91e+03](305.1 ms)
INFO:root:[10,  1500/ 2562] - [Autoencoder Training] [Autoencoder Loss: 1.6937] [autoencoder lr: 4.96e-04][mem: 7.91e+03](305.1 ms)
INFO:root:[10,  1600/ 2562] - [Autoencoder Training] [Autoencoder Loss: 1.6936] [autoencoder lr: 4.96e-04][mem: 7.91e+03](305.1 ms)
INFO:root:[10,  1700/ 2562] - [Autoencoder Training] [Autoencoder Loss: 1.6935] [autoencoder lr: 4.96e-04][mem: 7.91e+03](305.1 ms)
INFO:root:[10,  1800/ 2562] - [Autoencoder Training] [Autoencoder Loss: 1.6934] [autoencoder lr: 4.96e-04][mem: 7.91e+03](305.1 ms)
INFO:root:[10,  1900/ 2562] - [Autoencoder Training] [Autoencoder Loss: 1.6933] [autoencoder lr: 4.95e-04][mem: 7.91e+03](305.1 ms)
INFO:root:[10,  2000/ 2562] - [Autoencoder Training] [Autoencoder Loss: 1.6931] [autoencoder lr: 4.95e-04][mem: 7.91e+03](305.1 ms)
INFO:root:[10,  2100/ 2562] - [Autoencoder Training] [Autoencoder Loss: 1.6930] [autoencoder lr: 4.95e-04][mem: 7.91e+03](305.1 ms)
INFO:root:[10,  2200/ 2562] - [Autoencoder Training] [Autoencoder Loss: 1.6929] [autoencoder lr: 4.95e-04][mem: 7.91e+03](305.1 ms)
INFO:root:[10,  2300/ 2562] - [Autoencoder Training] [Autoencoder Loss: 1.6928] [autoencoder lr: 4.95e-04][mem: 7.91e+03](305.1 ms)
INFO:root:[10,  2400/ 2562] - [Autoencoder Training] [Autoencoder Loss: 1.6926] [autoencoder lr: 4.95e-04][mem: 7.91e+03](305.1 ms)
INFO:root:[10,  2500/ 2562] - [Autoencoder Training] [Autoencoder Loss: 1.6925] [autoencoder lr: 4.95e-04][mem: 7.91e+03](305.1 ms)
INFO:root: - - Epoch: 11 - - 
INFO:faiss.loader:Loading faiss with AVX2 support.
INFO:faiss.loader:Successfully loaded faiss with AVX2 support.
INFO:faiss.loader:Loading faiss with AVX2 support.
INFO:faiss.loader:Successfully loaded faiss with AVX2 support.
INFO:faiss.loader:Loading faiss with AVX2 support.
INFO:faiss.loader:Successfully loaded faiss with AVX2 support.
INFO:faiss.loader:Loading faiss with AVX2 support.
INFO:faiss.loader:Successfully loaded faiss with AVX2 support.
INFO:faiss.loader:Loading faiss with AVX2 support.
INFO:faiss.loader:Successfully loaded faiss with AVX2 support.
INFO:faiss.loader:Loading faiss with AVX2 support.
INFO:faiss.loader:Successfully loaded faiss with AVX2 support.
INFO:faiss.loader:Loading faiss with AVX2 support.
INFO:faiss.loader:Successfully loaded faiss with AVX2 support.
INFO:faiss.loader:Loading faiss with AVX2 support.
INFO:faiss.loader:Successfully loaded faiss with AVX2 support.
INFO:faiss.loader:Loading faiss with AVX2 support.
INFO:faiss.loader:Successfully loaded faiss with AVX2 support.
INFO:faiss.loader:Loading faiss with AVX2 support.
INFO:faiss.loader:Successfully loaded faiss with AVX2 support.
INFO:faiss.loader:Loading faiss with AVX2 support.
INFO:faiss.loader:Successfully loaded faiss with AVX2 support.
INFO:faiss.loader:Loading faiss with AVX2 support.
INFO:faiss.loader:Successfully loaded faiss with AVX2 support.
INFO:faiss.loader:Loading faiss with AVX2 support.
INFO:faiss.loader:Successfully loaded faiss with AVX2 support.
INFO:faiss.loader:Loading faiss with AVX2 support.
INFO:faiss.loader:Successfully loaded faiss with AVX2 support.
INFO:faiss.loader:Loading faiss with AVX2 support.
INFO:faiss.loader:Successfully loaded faiss with AVX2 support.
INFO:faiss.loader:Loading faiss with AVX2 support.
INFO:faiss.loader:Successfully loaded faiss with AVX2 support.
INFO:root:[11,     0/ 2562] - [Autoencoder Training] [Autoencoder Loss: 1.6924] [autoencoder lr: 4.95e-04][mem: 7.91e+03](305.1 ms)
INFO:root:[11,   100/ 2562] - [Autoencoder Training] [Autoencoder Loss: 1.6923] [autoencoder lr: 4.95e-04][mem: 7.91e+03](305.1 ms)
INFO:root:[11,   200/ 2562] - [Autoencoder Training] [Autoencoder Loss: 1.6922] [autoencoder lr: 4.95e-04][mem: 7.91e+03](305.1 ms)
INFO:root:[11,   300/ 2562] - [Autoencoder Training] [Autoencoder Loss: 1.6921] [autoencoder lr: 4.95e-04][mem: 7.91e+03](305.1 ms)
INFO:root:[11,   400/ 2562] - [Autoencoder Training] [Autoencoder Loss: 1.6920] [autoencoder lr: 4.95e-04][mem: 7.91e+03](305.1 ms)
INFO:root:[11,   500/ 2562] - [Autoencoder Training] [Autoencoder Loss: 1.6919] [autoencoder lr: 4.95e-04][mem: 7.91e+03](305.1 ms)
INFO:root:[11,   600/ 2562] - [Autoencoder Training] [Autoencoder Loss: 1.6917] [autoencoder lr: 4.95e-04][mem: 7.91e+03](305.1 ms)
INFO:root:[11,   700/ 2562] - [Autoencoder Training] [Autoencoder Loss: 1.6916] [autoencoder lr: 4.94e-04][mem: 7.91e+03](305.1 ms)
INFO:root:[11,   800/ 2562] - [Autoencoder Training] [Autoencoder Loss: 1.6915] [autoencoder lr: 4.94e-04][mem: 7.91e+03](305.1 ms)
INFO:root:[11,   900/ 2562] - [Autoencoder Training] [Autoencoder Loss: 1.6914] [autoencoder lr: 4.94e-04][mem: 7.91e+03](305.1 ms)
INFO:root:[11,  1000/ 2562] - [Autoencoder Training] [Autoencoder Loss: 1.6913] [autoencoder lr: 4.94e-04][mem: 7.91e+03](305.1 ms)
INFO:root:[11,  1100/ 2562] - [Autoencoder Training] [Autoencoder Loss: 1.6912] [autoencoder lr: 4.94e-04][mem: 7.91e+03](305.1 ms)
INFO:root:[11,  1200/ 2562] - [Autoencoder Training] [Autoencoder Loss: 1.6910] [autoencoder lr: 4.94e-04][mem: 7.91e+03](305.1 ms)
INFO:root:[11,  1300/ 2562] - [Autoencoder Training] [Autoencoder Loss: 1.6909] [autoencoder lr: 4.94e-04][mem: 7.91e+03](305.1 ms)
INFO:root:[11,  1400/ 2562] - [Autoencoder Training] [Autoencoder Loss: 1.6908] [autoencoder lr: 4.94e-04][mem: 7.91e+03](305.1 ms)
INFO:root:[11,  1500/ 2562] - [Autoencoder Training] [Autoencoder Loss: 1.6907] [autoencoder lr: 4.94e-04][mem: 7.91e+03](305.1 ms)
INFO:root:[11,  1600/ 2562] - [Autoencoder Training] [Autoencoder Loss: 1.6906] [autoencoder lr: 4.94e-04][mem: 7.91e+03](305.1 ms)
INFO:root:[11,  1700/ 2562] - [Autoencoder Training] [Autoencoder Loss: 1.6905] [autoencoder lr: 4.94e-04][mem: 7.91e+03](305.1 ms)
INFO:root:[11,  1800/ 2562] - [Autoencoder Training] [Autoencoder Loss: 1.6904] [autoencoder lr: 4.93e-04][mem: 7.91e+03](305.1 ms)
INFO:root:[11,  1900/ 2562] - [Autoencoder Training] [Autoencoder Loss: 1.6903] [autoencoder lr: 4.93e-04][mem: 7.91e+03](305.1 ms)
INFO:root:[11,  2000/ 2562] - [Autoencoder Training] [Autoencoder Loss: 1.6902] [autoencoder lr: 4.93e-04][mem: 7.91e+03](305.1 ms)
INFO:root:[11,  2100/ 2562] - [Autoencoder Training] [Autoencoder Loss: 1.6901] [autoencoder lr: 4.93e-04][mem: 7.91e+03](305.1 ms)
INFO:root:[11,  2200/ 2562] - [Autoencoder Training] [Autoencoder Loss: 1.6900] [autoencoder lr: 4.93e-04][mem: 7.91e+03](305.1 ms)
INFO:root:[11,  2300/ 2562] - [Autoencoder Training] [Autoencoder Loss: 1.6899] [autoencoder lr: 4.93e-04][mem: 7.91e+03](305.1 ms)
INFO:root:[11,  2400/ 2562] - [Autoencoder Training] [Autoencoder Loss: 1.6898] [autoencoder lr: 4.93e-04][mem: 7.91e+03](305.1 ms)
INFO:root:[11,  2500/ 2562] - [Autoencoder Training] [Autoencoder Loss: 1.6897] [autoencoder lr: 4.93e-04][mem: 7.91e+03](305.1 ms)
INFO:root: - - Epoch: 12 - - 
INFO:faiss.loader:Loading faiss with AVX2 support.
INFO:faiss.loader:Successfully loaded faiss with AVX2 support.
INFO:faiss.loader:Loading faiss with AVX2 support.
INFO:faiss.loader:Successfully loaded faiss with AVX2 support.
INFO:faiss.loader:Loading faiss with AVX2 support.
INFO:faiss.loader:Successfully loaded faiss with AVX2 support.
INFO:faiss.loader:Loading faiss with AVX2 support.
INFO:faiss.loader:Successfully loaded faiss with AVX2 support.
INFO:faiss.loader:Loading faiss with AVX2 support.
INFO:faiss.loader:Successfully loaded faiss with AVX2 support.
INFO:faiss.loader:Loading faiss with AVX2 support.
INFO:faiss.loader:Successfully loaded faiss with AVX2 support.
INFO:faiss.loader:Loading faiss with AVX2 support.
INFO:faiss.loader:Successfully loaded faiss with AVX2 support.
INFO:faiss.loader:Loading faiss with AVX2 support.
INFO:faiss.loader:Successfully loaded faiss with AVX2 support.
INFO:faiss.loader:Loading faiss with AVX2 support.
INFO:faiss.loader:Successfully loaded faiss with AVX2 support.
INFO:faiss.loader:Loading faiss with AVX2 support.
INFO:faiss.loader:Successfully loaded faiss with AVX2 support.
INFO:faiss.loader:Loading faiss with AVX2 support.
INFO:faiss.loader:Successfully loaded faiss with AVX2 support.
INFO:faiss.loader:Loading faiss with AVX2 support.
INFO:faiss.loader:Successfully loaded faiss with AVX2 support.
INFO:faiss.loader:Loading faiss with AVX2 support.
INFO:faiss.loader:Successfully loaded faiss with AVX2 support.
INFO:faiss.loader:Loading faiss with AVX2 support.
INFO:faiss.loader:Successfully loaded faiss with AVX2 support.
INFO:faiss.loader:Loading faiss with AVX2 support.
INFO:faiss.loader:Successfully loaded faiss with AVX2 support.
INFO:faiss.loader:Loading faiss with AVX2 support.
INFO:faiss.loader:Successfully loaded faiss with AVX2 support.
INFO:root:[12,     0/ 2562] - [Autoencoder Training] [Autoencoder Loss: 1.6896] [autoencoder lr: 4.93e-04][mem: 7.91e+03](305.1 ms)
INFO:root:[12,   100/ 2562] - [Autoencoder Training] [Autoencoder Loss: 1.6895] [autoencoder lr: 4.93e-04][mem: 7.91e+03](305.1 ms)
INFO:root:[12,   200/ 2562] - [Autoencoder Training] [Autoencoder Loss: 1.6894] [autoencoder lr: 4.93e-04][mem: 7.91e+03](305.1 ms)
INFO:root:[12,   300/ 2562] - [Autoencoder Training] [Autoencoder Loss: 1.6893] [autoencoder lr: 4.93e-04][mem: 7.91e+03](305.1 ms)
INFO:root:[12,   400/ 2562] - [Autoencoder Training] [Autoencoder Loss: 1.6892] [autoencoder lr: 4.92e-04][mem: 7.91e+03](305.1 ms)
INFO:root:[12,   500/ 2562] - [Autoencoder Training] [Autoencoder Loss: 1.6891] [autoencoder lr: 4.92e-04][mem: 7.91e+03](305.1 ms)
INFO:root:[12,   600/ 2562] - [Autoencoder Training] [Autoencoder Loss: 1.6890] [autoencoder lr: 4.92e-04][mem: 7.91e+03](305.1 ms)
INFO:root:[12,   700/ 2562] - [Autoencoder Training] [Autoencoder Loss: 1.6889] [autoencoder lr: 4.92e-04][mem: 7.91e+03](305.1 ms)
INFO:root:[12,   800/ 2562] - [Autoencoder Training] [Autoencoder Loss: 1.6888] [autoencoder lr: 4.92e-04][mem: 7.91e+03](305.1 ms)
INFO:root:[12,   900/ 2562] - [Autoencoder Training] [Autoencoder Loss: 1.6887] [autoencoder lr: 4.92e-04][mem: 7.91e+03](305.1 ms)
INFO:root:[12,  1000/ 2562] - [Autoencoder Training] [Autoencoder Loss: 1.6886] [autoencoder lr: 4.92e-04][mem: 7.91e+03](305.1 ms)
INFO:root:[12,  1100/ 2562] - [Autoencoder Training] [Autoencoder Loss: 1.6885] [autoencoder lr: 4.92e-04][mem: 7.91e+03](305.1 ms)
INFO:root:[12,  1200/ 2562] - [Autoencoder Training] [Autoencoder Loss: 1.6884] [autoencoder lr: 4.92e-04][mem: 7.91e+03](305.1 ms)
INFO:root:[12,  1300/ 2562] - [Autoencoder Training] [Autoencoder Loss: 1.6884] [autoencoder lr: 4.92e-04][mem: 7.91e+03](305.1 ms)
INFO:root:[12,  1400/ 2562] - [Autoencoder Training] [Autoencoder Loss: 1.6883] [autoencoder lr: 4.91e-04][mem: 7.91e+03](305.1 ms)
INFO:root:[12,  1500/ 2562] - [Autoencoder Training] [Autoencoder Loss: 1.6882] [autoencoder lr: 4.91e-04][mem: 7.91e+03](305.1 ms)
INFO:root:[12,  1600/ 2562] - [Autoencoder Training] [Autoencoder Loss: 1.6881] [autoencoder lr: 4.91e-04][mem: 7.91e+03](305.1 ms)
INFO:root:[12,  1700/ 2562] - [Autoencoder Training] [Autoencoder Loss: 1.6880] [autoencoder lr: 4.91e-04][mem: 7.91e+03](305.1 ms)
INFO:root:[12,  1800/ 2562] - [Autoencoder Training] [Autoencoder Loss: 1.6879] [autoencoder lr: 4.91e-04][mem: 7.91e+03](305.1 ms)
INFO:root:[12,  1900/ 2562] - [Autoencoder Training] [Autoencoder Loss: 1.6878] [autoencoder lr: 4.91e-04][mem: 7.91e+03](305.1 ms)
INFO:root:[12,  2000/ 2562] - [Autoencoder Training] [Autoencoder Loss: 1.6877] [autoencoder lr: 4.91e-04][mem: 7.91e+03](305.1 ms)
INFO:root:[12,  2100/ 2562] - [Autoencoder Training] [Autoencoder Loss: 1.6876] [autoencoder lr: 4.91e-04][mem: 7.91e+03](305.1 ms)
INFO:root:[12,  2200/ 2562] - [Autoencoder Training] [Autoencoder Loss: 1.6875] [autoencoder lr: 4.91e-04][mem: 7.91e+03](305.1 ms)
INFO:root:[12,  2300/ 2562] - [Autoencoder Training] [Autoencoder Loss: 1.6874] [autoencoder lr: 4.90e-04][mem: 7.91e+03](305.1 ms)
INFO:root:[12,  2400/ 2562] - [Autoencoder Training] [Autoencoder Loss: 1.6874] [autoencoder lr: 4.90e-04][mem: 7.91e+03](305.1 ms)
INFO:root:[12,  2500/ 2562] - [Autoencoder Training] [Autoencoder Loss: 1.6873] [autoencoder lr: 4.90e-04][mem: 7.91e+03](305.1 ms)
INFO:root: - - Epoch: 13 - - 
INFO:faiss.loader:Loading faiss with AVX2 support.
INFO:faiss.loader:Successfully loaded faiss with AVX2 support.
INFO:faiss.loader:Loading faiss with AVX2 support.
INFO:faiss.loader:Successfully loaded faiss with AVX2 support.
INFO:faiss.loader:Loading faiss with AVX2 support.
INFO:faiss.loader:Successfully loaded faiss with AVX2 support.
INFO:faiss.loader:Loading faiss with AVX2 support.
INFO:faiss.loader:Successfully loaded faiss with AVX2 support.
INFO:faiss.loader:Loading faiss with AVX2 support.
INFO:faiss.loader:Successfully loaded faiss with AVX2 support.
INFO:faiss.loader:Loading faiss with AVX2 support.
INFO:faiss.loader:Successfully loaded faiss with AVX2 support.
INFO:faiss.loader:Loading faiss with AVX2 support.
INFO:faiss.loader:Successfully loaded faiss with AVX2 support.
INFO:faiss.loader:Loading faiss with AVX2 support.
INFO:faiss.loader:Successfully loaded faiss with AVX2 support.
INFO:faiss.loader:Loading faiss with AVX2 support.
INFO:faiss.loader:Successfully loaded faiss with AVX2 support.
INFO:faiss.loader:Loading faiss with AVX2 support.
INFO:faiss.loader:Successfully loaded faiss with AVX2 support.
INFO:faiss.loader:Loading faiss with AVX2 support.
INFO:faiss.loader:Successfully loaded faiss with AVX2 support.
INFO:faiss.loader:Loading faiss with AVX2 support.
INFO:faiss.loader:Successfully loaded faiss with AVX2 support.
INFO:faiss.loader:Loading faiss with AVX2 support.
INFO:faiss.loader:Successfully loaded faiss with AVX2 support.
INFO:faiss.loader:Loading faiss with AVX2 support.
INFO:faiss.loader:Successfully loaded faiss with AVX2 support.
INFO:faiss.loader:Loading faiss with AVX2 support.
INFO:faiss.loader:Successfully loaded faiss with AVX2 support.
INFO:faiss.loader:Loading faiss with AVX2 support.
INFO:faiss.loader:Successfully loaded faiss with AVX2 support.
INFO:root:[13,     0/ 2562] - [Autoencoder Training] [Autoencoder Loss: 1.6872] [autoencoder lr: 4.90e-04][mem: 7.91e+03](305.1 ms)
INFO:root:[13,   100/ 2562] - [Autoencoder Training] [Autoencoder Loss: 1.6872] [autoencoder lr: 4.90e-04][mem: 7.91e+03](305.1 ms)
INFO:root:[13,   200/ 2562] - [Autoencoder Training] [Autoencoder Loss: 1.6871] [autoencoder lr: 4.90e-04][mem: 7.91e+03](305.1 ms)
INFO:root:[13,   300/ 2562] - [Autoencoder Training] [Autoencoder Loss: 1.6870] [autoencoder lr: 4.90e-04][mem: 7.91e+03](305.1 ms)
INFO:root:[13,   400/ 2562] - [Autoencoder Training] [Autoencoder Loss: 1.6869] [autoencoder lr: 4.90e-04][mem: 7.91e+03](305.1 ms)
INFO:root:[13,   500/ 2562] - [Autoencoder Training] [Autoencoder Loss: 1.6868] [autoencoder lr: 4.90e-04][mem: 7.91e+03](305.1 ms)
INFO:root:[13,   600/ 2562] - [Autoencoder Training] [Autoencoder Loss: 1.6867] [autoencoder lr: 4.90e-04][mem: 7.91e+03](305.1 ms)
INFO:root:[13,   700/ 2562] - [Autoencoder Training] [Autoencoder Loss: 1.6866] [autoencoder lr: 4.89e-04][mem: 7.91e+03](305.1 ms)
INFO:root:[13,   800/ 2562] - [Autoencoder Training] [Autoencoder Loss: 1.6866] [autoencoder lr: 4.89e-04][mem: 7.91e+03](305.1 ms)
INFO:root:[13,   900/ 2562] - [Autoencoder Training] [Autoencoder Loss: 1.6865] [autoencoder lr: 4.89e-04][mem: 7.91e+03](305.1 ms)
INFO:root:[13,  1000/ 2562] - [Autoencoder Training] [Autoencoder Loss: 1.6864] [autoencoder lr: 4.89e-04][mem: 7.91e+03](305.1 ms)
INFO:root:[13,  1100/ 2562] - [Autoencoder Training] [Autoencoder Loss: 1.6863] [autoencoder lr: 4.89e-04][mem: 7.91e+03](305.1 ms)
INFO:root:[13,  1200/ 2562] - [Autoencoder Training] [Autoencoder Loss: 1.6862] [autoencoder lr: 4.89e-04][mem: 7.91e+03](305.1 ms)
INFO:root:[13,  1300/ 2562] - [Autoencoder Training] [Autoencoder Loss: 1.6862] [autoencoder lr: 4.89e-04][mem: 7.91e+03](305.1 ms)
INFO:root:[13,  1400/ 2562] - [Autoencoder Training] [Autoencoder Loss: 1.6861] [autoencoder lr: 4.89e-04][mem: 7.91e+03](305.1 ms)
INFO:root:[13,  1500/ 2562] - [Autoencoder Training] [Autoencoder Loss: 1.6860] [autoencoder lr: 4.89e-04][mem: 7.91e+03](305.1 ms)
INFO:root:[13,  1600/ 2562] - [Autoencoder Training] [Autoencoder Loss: 1.6859] [autoencoder lr: 4.88e-04][mem: 7.91e+03](305.1 ms)
INFO:root:[13,  1700/ 2562] - [Autoencoder Training] [Autoencoder Loss: 1.6859] [autoencoder lr: 4.88e-04][mem: 7.91e+03](305.1 ms)
INFO:root:[13,  1800/ 2562] - [Autoencoder Training] [Autoencoder Loss: 1.6858] [autoencoder lr: 4.88e-04][mem: 7.91e+03](305.1 ms)
INFO:root:[13,  1900/ 2562] - [Autoencoder Training] [Autoencoder Loss: 1.6857] [autoencoder lr: 4.88e-04][mem: 7.91e+03](305.1 ms)
slurmstepd: error: *** JOB 3631 ON hgx CANCELLED AT 2024-11-04T17:03:59 ***
