INFO:faiss.loader:Loading faiss with AVX2 support.
INFO:faiss.loader:Successfully loaded faiss with AVX2 support.
INFO:faiss.loader:Loading faiss with AVX2 support.
INFO:faiss.loader:Successfully loaded faiss with AVX2 support.
INFO:root:called-params configs/in1k_vith14_ep300_FGDCC.yaml
INFO:root:loaded params...
{   'data': {   'batch_size': 96,
                'color_jitter_strength': 0.0,
                'crop_scale': [0.3, 1.0],
                'crop_size': 224,
                'cutmix': 0.0,
                'drop_path': 0.25,
                'image_folder': '/home/rtcalumby/adam/luciano/inat18/',
                'mixup': 0.0,
                'nb_classes': 8142,
                'num_workers': 16,
                'pin_mem': True,
                'reprob': 0.25,
                'resume_epoch': 0,
                'root_path': '/home/rtcalumby/adam/luciano/',
                'use_color_distortion': False,
                'use_gaussian_blur': False,
                'use_horizontal_flip': False},
    'logging': {   'folder': '/home/rtcalumby/adam/luciano/inat18/logs/exp_1',
                   'write_tag': 'jepa'},
    'mask': {   'allow_overlap': False,
                'aspect_ratio': [0.75, 1.5],
                'enc_mask_scale': [0.85, 1.0],
                'min_keep': 10,
                'num_enc_masks': 1,
                'num_pred_masks': 4,
                'patch_size': 14,
                'pred_mask_scale': [0.15, 0.2]},
    'meta': {   'copy_data': False,
                'load_checkpoint': True,
                'model_name': 'vit_huge',
                'pred_depth': 12,
                'pred_emb_dim': 384,
                'read_checkpoint': None,
                'use_bfloat16': True},
    'optimization': {   'ema': [0.9, 0.999],
                        'epochs': 50,
                        'final_lr': 1e-05,
                        'final_weight_decay': 0.4,
                        'ipe_scale': 1.0,
                        'label_smoothing': 0.1,
                        'lr': 0.00025,
                        'start_lr': 7.5e-05,
                        'warmup': 25,
                        'weight_decay': 0.05}}
INFO:root:Running... (rank: 0/1)
INFO:root:Initialized (rank/world-size) 0/1
INFO:root:making imagenet data transforms
INFO:root:making imagenet data transforms
INFO:root:Finetuning dataset created
INFO:root:PairedDataset created
Training dataset, length: 437568
INFO:root:Finetuning dataset created
Val dataset, length: 24480
INFO:root:Using AdamW
['encoder', 'predictor', 'opt', 'scaler', 'target_encoder', 'epoch', 'loss', 'batch_size', 'world_size', 'lr']
INFO:root:loaded pretrained encoder from epoch 66 with msg: <All keys matched successfully>
INFO:root:ClassificationHead(
  (classifier): Linear(in_features=1280, out_features=113988, bias=True)
)
INFO:root:Using AdamW
INFO:root:VisionTransformer(
  (patch_embed): PatchEmbed(
    (proj): Conv2d(3, 1280, kernel_size=(14, 14), stride=(14, 14))
  )
  (blocks): ModuleList(
    (0-31): 32 x Block(
      (norm1): LayerNorm((1280,), eps=1e-06, elementwise_affine=True)
      (attn): Attention(
        (qkv): Linear(in_features=1280, out_features=3840, bias=True)
        (attn_drop): Dropout(p=0.0, inplace=False)
        (proj): Linear(in_features=1280, out_features=1280, bias=True)
        (proj_drop): Dropout(p=0.0, inplace=False)
      )
      (drop_path): Identity()
      (norm2): LayerNorm((1280,), eps=1e-06, elementwise_affine=True)
      (mlp): MLP(
        (fc1): Linear(in_features=1280, out_features=5120, bias=True)
        (act): GELU(approximate='none')
        (fc2): Linear(in_features=5120, out_features=1280, bias=True)
        (drop): Dropout(p=0.0, inplace=False)
      )
    )
  )
  (norm): LayerNorm((1280,), eps=1e-06, elementwise_affine=True)
)
INFO:root:Setting up cache...
INFO:root:Done...
INFO:root:Initializing centroids...
INFO:root:Update Step...
/home/rtcalumby/miniconda3/envs/py382/lib/python3.12/site-packages/faiss/contrib/torch_utils.py:51: UserWarning: TypedStorage is deprecated. It will be removed in the future and UntypedStorage will be the only storage class. This should only matter to you if you are using storages directly.  To access UntypedStorage directly, use tensor.untyped_storage() instead of tensor.storage()
  x.storage().data_ptr() + x.storage_offset() * 4)
INFO:root:Epoch 1
INFO:faiss.loader:Loading faiss with AVX2 support.
INFO:faiss.loader:Successfully loaded faiss with AVX2 support.
INFO:faiss.loader:Loading faiss with AVX2 support.
INFO:faiss.loader:Successfully loaded faiss with AVX2 support.
INFO:faiss.loader:Loading faiss with AVX2 support.
INFO:faiss.loader:Successfully loaded faiss with AVX2 support.
INFO:faiss.loader:Loading faiss with AVX2 support.
INFO:faiss.loader:Successfully loaded faiss with AVX2 support.
INFO:faiss.loader:Loading faiss with AVX2 support.
INFO:faiss.loader:Successfully loaded faiss with AVX2 support.
INFO:faiss.loader:Loading faiss with AVX2 support.
INFO:faiss.loader:Successfully loaded faiss with AVX2 support.
INFO:faiss.loader:Loading faiss with AVX2 support.
INFO:faiss.loader:Successfully loaded faiss with AVX2 support.
INFO:faiss.loader:Loading faiss with AVX2 support.
INFO:faiss.loader:Successfully loaded faiss with AVX2 support.
INFO:faiss.loader:Loading faiss with AVX2 support.
INFO:faiss.loader:Successfully loaded faiss with AVX2 support.
INFO:faiss.loader:Loading faiss with AVX2 support.
INFO:faiss.loader:Successfully loaded faiss with AVX2 support.
INFO:faiss.loader:Loading faiss with AVX2 support.
INFO:faiss.loader:Successfully loaded faiss with AVX2 support.
INFO:faiss.loader:Loading faiss with AVX2 support.
INFO:faiss.loader:Successfully loaded faiss with AVX2 support.
INFO:faiss.loader:Loading faiss with AVX2 support.
INFO:faiss.loader:Successfully loaded faiss with AVX2 support.
INFO:faiss.loader:Loading faiss with AVX2 support.
INFO:faiss.loader:Successfully loaded faiss with AVX2 support.
INFO:faiss.loader:Loading faiss with AVX2 support.
INFO:faiss.loader:Successfully loaded faiss with AVX2 support.
INFO:faiss.loader:Loading faiss with AVX2 support.
INFO:faiss.loader:Successfully loaded faiss with AVX2 support.
INFO:root:[1,     0/ 4558] - train_losses - Parent Class: 0.0000 - Children class: 11.6438 -Autoencoder Loss (total): 202.6638 - Reconstruction/K-Means Loss: [0.0000 / 202.6638] - Consistency Loss: [0.0000] - VICReg Loss: [24.6349][wd: 5.00e-02] [lr: 7.50e-05] [autoencoder lr: 0.00e+00][mem: 6.29e+04] (3410.8 ms)
INFO:root:[1,     0] grad_stats: [1.54e+00 5.68e+00] (6.47e-01, 4.05e+01)
INFO:root:[1,    50/ 4558] - train_losses - Parent Class: 0.0000 - Children class: 11.2740 -Autoencoder Loss (total): 488.1437 - Reconstruction/K-Means Loss: [0.0000 / 488.1437] - Consistency Loss: [0.0000] - VICReg Loss: [21.9791][wd: 5.00e-02] [lr: 7.51e-05] [autoencoder lr: 0.00e+00][mem: 6.89e+04] (1502.1 ms)
INFO:root:[1,    50] grad_stats: [8.65e-02 1.33e+00] (2.55e-02, 6.59e+00)
INFO:root:[1,   100/ 4558] - train_losses - Parent Class: 0.0000 - Children class: 10.7000 -Autoencoder Loss (total): 589.6007 - Reconstruction/K-Means Loss: [0.0000 / 589.6007] - Consistency Loss: [0.0000] - VICReg Loss: [21.2509][wd: 5.00e-02] [lr: 7.52e-05] [autoencoder lr: 0.00e+00][mem: 6.89e+04] (1472.4 ms)
INFO:root:[1,   100] grad_stats: [6.68e-02 5.25e-01] (3.20e-02, 3.50e+00)
INFO:root:[1,   150/ 4558] - train_losses - Parent Class: 0.0000 - Children class: 10.3998 -Autoencoder Loss (total): 648.2253 - Reconstruction/K-Means Loss: [0.0000 / 648.2253] - Consistency Loss: [0.0000] - VICReg Loss: [20.8019][wd: 5.00e-02] [lr: 7.52e-05] [autoencoder lr: 0.00e+00][mem: 6.89e+04] (1462.0 ms)
INFO:root:[1,   150] grad_stats: [8.57e-02 9.28e-01] (4.44e-02, 3.84e+00)
INFO:root:[1,   200/ 4558] - train_losses - Parent Class: 0.0000 - Children class: 10.2365 -Autoencoder Loss (total): 688.2565 - Reconstruction/K-Means Loss: [0.0000 / 688.2565] - Consistency Loss: [0.0000] - VICReg Loss: [20.4817][wd: 5.00e-02] [lr: 7.53e-05] [autoencoder lr: 0.00e+00][mem: 6.89e+04] (1458.8 ms)
INFO:root:[1,   200] grad_stats: [8.65e-02 7.47e-01] (4.26e-02, 3.27e+00)
INFO:root:[1,   250/ 4558] - train_losses - Parent Class: 0.0000 - Children class: 10.1246 -Autoencoder Loss (total): 720.0027 - Reconstruction/K-Means Loss: [0.0000 / 720.0027] - Consistency Loss: [0.0000] - VICReg Loss: [20.2312][wd: 5.00e-02] [lr: 7.54e-05] [autoencoder lr: 0.00e+00][mem: 6.89e+04] (1455.5 ms)
INFO:root:[1,   250] grad_stats: [9.25e-02 6.61e-01] (5.87e-02, 3.57e+00)
INFO:root:[1,   300/ 4558] - train_losses - Parent Class: 0.0000 - Children class: 10.0309 -Autoencoder Loss (total): 745.7844 - Reconstruction/K-Means Loss: [0.0000 / 745.7844] - Consistency Loss: [0.0000] - VICReg Loss: [20.0421][wd: 5.00e-02] [lr: 7.55e-05] [autoencoder lr: 0.00e+00][mem: 6.89e+04] (1453.5 ms)
INFO:root:[1,   300] grad_stats: [8.75e-02 7.14e-01] (5.45e-02, 3.59e+00)
INFO:root:[1,   350/ 4558] - train_losses - Parent Class: 0.0000 - Children class: 9.9476 -Autoencoder Loss (total): 765.2810 - Reconstruction/K-Means Loss: [0.0000 / 765.2810] - Consistency Loss: [0.0000] - VICReg Loss: [19.8791][wd: 5.00e-02] [lr: 7.55e-05] [autoencoder lr: 0.00e+00][mem: 6.89e+04] (1452.1 ms)
INFO:root:[1,   350] grad_stats: [1.30e-01 8.10e-01] (5.39e-02, 4.53e+00)
INFO:root:[1,   400/ 4558] - train_losses - Parent Class: 0.0000 - Children class: 9.8753 -Autoencoder Loss (total): 782.2466 - Reconstruction/K-Means Loss: [0.0000 / 782.2466] - Consistency Loss: [0.0000] - VICReg Loss: [19.7432][wd: 5.00e-02] [lr: 7.56e-05] [autoencoder lr: 0.00e+00][mem: 6.89e+04] (1451.1 ms)
INFO:root:[1,   400] grad_stats: [1.10e-01 8.55e-01] (5.47e-02, 4.27e+00)
INFO:root:[1,   450/ 4558] - train_losses - Parent Class: 0.0000 - Children class: 9.8196 -Autoencoder Loss (total): 796.5425 - Reconstruction/K-Means Loss: [0.0000 / 796.5425] - Consistency Loss: [0.0000] - VICReg Loss: [19.6260][wd: 5.00e-02] [lr: 7.57e-05] [autoencoder lr: 0.00e+00][mem: 6.89e+04] (1450.4 ms)
INFO:root:[1,   450] grad_stats: [1.06e-01 6.40e-01] (4.37e-02, 3.41e+00)
INFO:root:[1,   500/ 4558] - train_losses - Parent Class: 0.0000 - Children class: 9.7773 -Autoencoder Loss (total): 808.1370 - Reconstruction/K-Means Loss: [0.0000 / 808.1370] - Consistency Loss: [0.0000] - VICReg Loss: [19.5257][wd: 5.00e-02] [lr: 7.58e-05] [autoencoder lr: 0.00e+00][mem: 6.89e+04] (1450.0 ms)
INFO:root:[1,   500] grad_stats: [1.39e-01 6.48e-01] (5.94e-02, 3.62e+00)
INFO:root:[1,   550/ 4558] - train_losses - Parent Class: 0.0000 - Children class: 9.7712 -Autoencoder Loss (total): 817.5383 - Reconstruction/K-Means Loss: [0.0000 / 817.5383] - Consistency Loss: [0.0000] - VICReg Loss: [19.4371][wd: 5.00e-02] [lr: 7.58e-05] [autoencoder lr: 0.00e+00][mem: 6.89e+04] (1449.8 ms)
INFO:root:[1,   550] grad_stats: [1.33e-01 6.70e-01] (6.37e-02, 3.83e+00)
INFO:root:[1,   600/ 4558] - train_losses - Parent Class: 0.0000 - Children class: 9.7268 -Autoencoder Loss (total): 826.5697 - Reconstruction/K-Means Loss: [0.0000 / 826.5697] - Consistency Loss: [0.0000] - VICReg Loss: [19.3566][wd: 5.00e-02] [lr: 7.59e-05] [autoencoder lr: 0.00e+00][mem: 6.89e+04] (1449.5 ms)
INFO:root:[1,   600] grad_stats: [1.19e-01 6.79e-01] (5.69e-02, 3.94e+00)
INFO:root:[1,   650/ 4558] - train_losses - Parent Class: 0.0000 - Children class: 9.6808 -Autoencoder Loss (total): 834.5339 - Reconstruction/K-Means Loss: [0.0000 / 834.5339] - Consistency Loss: [0.0000] - VICReg Loss: [19.2843][wd: 5.00e-02] [lr: 7.60e-05] [autoencoder lr: 0.00e+00][mem: 6.89e+04] (1449.5 ms)
INFO:root:[1,   650] grad_stats: [1.78e-01 6.25e-01] (8.02e-02, 3.60e+00)
INFO:root:[1,   700/ 4558] - train_losses - Parent Class: 0.0000 - Children class: 9.6394 -Autoencoder Loss (total): 842.2199 - Reconstruction/K-Means Loss: [0.0000 / 842.2199] - Consistency Loss: [0.0000] - VICReg Loss: [19.2167][wd: 5.00e-02] [lr: 7.61e-05] [autoencoder lr: 0.00e+00][mem: 6.89e+04] (1449.4 ms)
INFO:root:[1,   700] grad_stats: [1.44e-01 7.28e-01] (6.13e-02, 4.10e+00)
INFO:root:[1,   750/ 4558] - train_losses - Parent Class: 0.0000 - Children class: 9.5931 -Autoencoder Loss (total): 848.6199 - Reconstruction/K-Means Loss: [0.0000 / 848.6199] - Consistency Loss: [0.0000] - VICReg Loss: [19.1562][wd: 5.00e-02] [lr: 7.62e-05] [autoencoder lr: 0.00e+00][mem: 6.89e+04] (1449.5 ms)
INFO:root:[1,   750] grad_stats: [1.54e-01 5.91e-01] (7.25e-02, 3.15e+00)
INFO:root:[1,   800/ 4558] - train_losses - Parent Class: 0.0000 - Children class: 9.5482 -Autoencoder Loss (total): 854.3195 - Reconstruction/K-Means Loss: [0.0000 / 854.3195] - Consistency Loss: [0.0000] - VICReg Loss: [19.1002][wd: 5.00e-02] [lr: 7.62e-05] [autoencoder lr: 0.00e+00][mem: 6.89e+04] (1449.5 ms)
INFO:root:[1,   800] grad_stats: [1.81e-01 5.96e-01] (7.93e-02, 3.04e+00)
INFO:root:[1,   850/ 4558] - train_losses - Parent Class: 0.0000 - Children class: 9.5069 -Autoencoder Loss (total): 859.2660 - Reconstruction/K-Means Loss: [0.0000 / 859.2660] - Consistency Loss: [0.0000] - VICReg Loss: [19.0472][wd: 5.00e-02] [lr: 7.63e-05] [autoencoder lr: 0.00e+00][mem: 6.89e+04] (1449.6 ms)
INFO:root:[1,   850] grad_stats: [1.84e-01 6.69e-01] (8.39e-02, 3.72e+00)
INFO:root:[1,   900/ 4558] - train_losses - Parent Class: 0.0000 - Children class: 9.4675 -Autoencoder Loss (total): 864.3456 - Reconstruction/K-Means Loss: [0.0000 / 864.3456] - Consistency Loss: [0.0000] - VICReg Loss: [18.9965][wd: 5.00e-02] [lr: 7.64e-05] [autoencoder lr: 0.00e+00][mem: 6.89e+04] (1449.8 ms)
INFO:root:[1,   900] grad_stats: [1.86e-01 6.36e-01] (7.84e-02, 3.80e+00)
INFO:root:[1,   950/ 4558] - train_losses - Parent Class: 0.0000 - Children class: 9.4295 -Autoencoder Loss (total): 868.8866 - Reconstruction/K-Means Loss: [0.0000 / 868.8866] - Consistency Loss: [0.0000] - VICReg Loss: [18.9503][wd: 5.00e-02] [lr: 7.65e-05] [autoencoder lr: 0.00e+00][mem: 6.89e+04] (1450.0 ms)
INFO:root:[1,   950] grad_stats: [1.92e-01 6.17e-01] (8.64e-02, 3.43e+00)
INFO:root:[1,  1000/ 4558] - train_losses - Parent Class: 0.0000 - Children class: 9.3937 -Autoencoder Loss (total): 872.9630 - Reconstruction/K-Means Loss: [0.0000 / 872.9630] - Consistency Loss: [0.0000] - VICReg Loss: [18.9075][wd: 5.00e-02] [lr: 7.65e-05] [autoencoder lr: 0.00e+00][mem: 6.89e+04] (1450.2 ms)
INFO:root:[1,  1000] grad_stats: [1.88e-01 5.50e-01] (6.41e-02, 3.11e+00)
INFO:root:[1,  1050/ 4558] - train_losses - Parent Class: 0.0000 - Children class: 9.3624 -Autoencoder Loss (total): 876.5973 - Reconstruction/K-Means Loss: [0.0000 / 876.5973] - Consistency Loss: [0.0000] - VICReg Loss: [18.8676][wd: 5.00e-02] [lr: 7.66e-05] [autoencoder lr: 0.00e+00][mem: 6.89e+04] (1450.4 ms)
INFO:root:[1,  1050] grad_stats: [1.99e-01 5.35e-01] (7.28e-02, 3.15e+00)
INFO:root:[1,  1100/ 4558] - train_losses - Parent Class: 0.0000 - Children class: 9.3287 -Autoencoder Loss (total): 879.5344 - Reconstruction/K-Means Loss: [0.0000 / 879.5344] - Consistency Loss: [0.0000] - VICReg Loss: [18.8301][wd: 5.00e-02] [lr: 7.67e-05] [autoencoder lr: 0.00e+00][mem: 6.89e+04] (1450.7 ms)
INFO:root:[1,  1100] grad_stats: [1.75e-01 6.16e-01] (6.80e-02, 3.30e+00)
INFO:root:[1,  1150/ 4558] - train_losses - Parent Class: 0.0000 - Children class: 9.2952 -Autoencoder Loss (total): 882.9091 - Reconstruction/K-Means Loss: [0.0000 / 882.9091] - Consistency Loss: [0.0000] - VICReg Loss: [18.7938][wd: 5.00e-02] [lr: 7.68e-05] [autoencoder lr: 0.00e+00][mem: 6.89e+04] (1450.9 ms)
INFO:root:[1,  1150] grad_stats: [2.11e-01 5.54e-01] (1.01e-01, 3.18e+00)
INFO:root:[1,  1200/ 4558] - train_losses - Parent Class: 0.0000 - Children class: 9.2616 -Autoencoder Loss (total): 885.7166 - Reconstruction/K-Means Loss: [0.0000 / 885.7166] - Consistency Loss: [0.0000] - VICReg Loss: [18.7601][wd: 5.00e-02] [lr: 7.68e-05] [autoencoder lr: 0.00e+00][mem: 6.89e+04] (1451.3 ms)
INFO:root:[1,  1200] grad_stats: [2.44e-01 6.56e-01] (9.55e-02, 3.92e+00)
INFO:root:[1,  1250/ 4558] - train_losses - Parent Class: 0.0000 - Children class: 9.2308 -Autoencoder Loss (total): 888.2471 - Reconstruction/K-Means Loss: [0.0000 / 888.2471] - Consistency Loss: [0.0000] - VICReg Loss: [18.7290][wd: 5.00e-02] [lr: 7.69e-05] [autoencoder lr: 0.00e+00][mem: 6.89e+04] (1451.6 ms)
INFO:root:[1,  1250] grad_stats: [2.37e-01 5.58e-01] (1.05e-01, 3.29e+00)
INFO:root:[1,  1300/ 4558] - train_losses - Parent Class: 0.0000 - Children class: 9.2004 -Autoencoder Loss (total): 890.4796 - Reconstruction/K-Means Loss: [0.0000 / 890.4796] - Consistency Loss: [0.0000] - VICReg Loss: [18.6995][wd: 5.00e-02] [lr: 7.70e-05] [autoencoder lr: 0.00e+00][mem: 6.89e+04] (1451.9 ms)
INFO:root:[1,  1300] grad_stats: [2.13e-01 5.93e-01] (7.81e-02, 3.02e+00)
INFO:root:[1,  1350/ 4558] - train_losses - Parent Class: 0.0000 - Children class: 9.1700 -Autoencoder Loss (total): 892.6651 - Reconstruction/K-Means Loss: [0.0000 / 892.6651] - Consistency Loss: [0.0000] - VICReg Loss: [18.6708][wd: 5.00e-02] [lr: 7.71e-05] [autoencoder lr: 0.00e+00][mem: 6.89e+04] (1452.3 ms)
INFO:root:[1,  1350] grad_stats: [2.72e-01 5.89e-01] (1.06e-01, 3.27e+00)
INFO:root:[1,  1400/ 4558] - train_losses - Parent Class: 0.0000 - Children class: 9.1404 -Autoencoder Loss (total): 894.7239 - Reconstruction/K-Means Loss: [0.0000 / 894.7239] - Consistency Loss: [0.0000] - VICReg Loss: [18.6436][wd: 5.00e-02] [lr: 7.72e-05] [autoencoder lr: 0.00e+00][mem: 6.89e+04] (1452.7 ms)
INFO:root:[1,  1400] grad_stats: [3.12e-01 6.77e-01] (1.19e-01, 3.72e+00)
INFO:root:[1,  1450/ 4558] - train_losses - Parent Class: 0.0000 - Children class: 9.1111 -Autoencoder Loss (total): 896.7486 - Reconstruction/K-Means Loss: [0.0000 / 896.7486] - Consistency Loss: [0.0000] - VICReg Loss: [18.6176][wd: 5.00e-02] [lr: 7.72e-05] [autoencoder lr: 0.00e+00][mem: 6.89e+04] (1453.0 ms)
INFO:root:[1,  1450] grad_stats: [2.31e-01 5.39e-01] (8.33e-02, 3.01e+00)
INFO:root:[1,  1500/ 4558] - train_losses - Parent Class: 0.0000 - Children class: 9.0819 -Autoencoder Loss (total): 898.6392 - Reconstruction/K-Means Loss: [0.0000 / 898.6392] - Consistency Loss: [0.0000] - VICReg Loss: [18.5923][wd: 5.00e-02] [lr: 7.73e-05] [autoencoder lr: 0.00e+00][mem: 6.89e+04] (1453.4 ms)
INFO:root:[1,  1500] grad_stats: [2.78e-01 6.06e-01] (9.01e-02, 3.51e+00)
INFO:root:[1,  1550/ 4558] - train_losses - Parent Class: 0.0000 - Children class: 9.0530 -Autoencoder Loss (total): 900.2004 - Reconstruction/K-Means Loss: [0.0000 / 900.2004] - Consistency Loss: [0.0000] - VICReg Loss: [18.5679][wd: 5.00e-02] [lr: 7.74e-05] [autoencoder lr: 0.00e+00][mem: 6.89e+04] (1453.9 ms)
INFO:root:[1,  1550] grad_stats: [3.36e-01 5.73e-01] (1.21e-01, 3.45e+00)
INFO:root:[1,  1600/ 4558] - train_losses - Parent Class: 0.0000 - Children class: 9.0265 -Autoencoder Loss (total): 901.9121 - Reconstruction/K-Means Loss: [0.0000 / 901.9121] - Consistency Loss: [0.0000] - VICReg Loss: [18.5450][wd: 5.00e-02] [lr: 7.75e-05] [autoencoder lr: 0.00e+00][mem: 6.89e+04] (1454.2 ms)
INFO:root:[1,  1600] grad_stats: [3.88e-01 5.88e-01] (1.24e-01, 3.61e+00)
INFO:root:[1,  1650/ 4558] - train_losses - Parent Class: 0.0000 - Children class: 9.0023 -Autoencoder Loss (total): 903.4433 - Reconstruction/K-Means Loss: [0.0000 / 903.4433] - Consistency Loss: [0.0000] - VICReg Loss: [18.5229][wd: 5.00e-02] [lr: 7.75e-05] [autoencoder lr: 0.00e+00][mem: 6.89e+04] (1454.7 ms)
INFO:root:[1,  1650] grad_stats: [3.91e-01 5.41e-01] (1.19e-01, 3.68e+00)
INFO:root:[1,  1700/ 4558] - train_losses - Parent Class: 0.0000 - Children class: 8.9780 -Autoencoder Loss (total): 905.0031 - Reconstruction/K-Means Loss: [0.0000 / 905.0031] - Consistency Loss: [0.0000] - VICReg Loss: [18.5013][wd: 5.00e-02] [lr: 7.76e-05] [autoencoder lr: 0.00e+00][mem: 6.89e+04] (1455.0 ms)
INFO:root:[1,  1700] grad_stats: [3.70e-01 5.10e-01] (1.03e-01, 3.53e+00)
INFO:root:[1,  1750/ 4558] - train_losses - Parent Class: 0.0000 - Children class: 8.9513 -Autoencoder Loss (total): 906.3378 - Reconstruction/K-Means Loss: [0.0000 / 906.3378] - Consistency Loss: [0.0000] - VICReg Loss: [18.4804][wd: 5.01e-02] [lr: 7.77e-05] [autoencoder lr: 0.00e+00][mem: 6.89e+04] (1455.4 ms)
INFO:root:[1,  1750] grad_stats: [2.98e-01 5.17e-01] (9.18e-02, 3.03e+00)
INFO:root:[1,  1800/ 4558] - train_losses - Parent Class: 0.0000 - Children class: 8.9246 -Autoencoder Loss (total): 907.7182 - Reconstruction/K-Means Loss: [0.0000 / 907.7182] - Consistency Loss: [0.0000] - VICReg Loss: [18.4596][wd: 5.01e-02] [lr: 7.78e-05] [autoencoder lr: 0.00e+00][mem: 6.89e+04] (1455.7 ms)
INFO:root:[1,  1800] grad_stats: [3.05e-01 5.17e-01] (1.00e-01, 3.09e+00)
INFO:root:[1,  1850/ 4558] - train_losses - Parent Class: 0.0000 - Children class: 8.8995 -Autoencoder Loss (total): 908.7771 - Reconstruction/K-Means Loss: [0.0000 / 908.7771] - Consistency Loss: [0.0000] - VICReg Loss: [18.4399][wd: 5.01e-02] [lr: 7.78e-05] [autoencoder lr: 0.00e+00][mem: 6.89e+04] (1456.1 ms)
INFO:root:[1,  1850] grad_stats: [3.38e-01 5.11e-01] (1.09e-01, 3.41e+00)
INFO:root:[1,  1900/ 4558] - train_losses - Parent Class: 0.0000 - Children class: 8.8764 -Autoencoder Loss (total): 909.9763 - Reconstruction/K-Means Loss: [0.0000 / 909.9763] - Consistency Loss: [0.0000] - VICReg Loss: [18.4215][wd: 5.01e-02] [lr: 7.79e-05] [autoencoder lr: 0.00e+00][mem: 6.89e+04] (1456.4 ms)
INFO:root:[1,  1900] grad_stats: [3.27e-01 6.31e-01] (1.30e-01, 3.70e+00)
INFO:root:[1,  1950/ 4558] - train_losses - Parent Class: 0.0000 - Children class: 8.8546 -Autoencoder Loss (total): 911.1397 - Reconstruction/K-Means Loss: [0.0000 / 911.1397] - Consistency Loss: [0.0000] - VICReg Loss: [18.4034][wd: 5.01e-02] [lr: 7.80e-05] [autoencoder lr: 0.00e+00][mem: 6.89e+04] (1456.8 ms)
INFO:root:[1,  1950] grad_stats: [3.48e-01 5.81e-01] (1.23e-01, 3.78e+00)
INFO:root:[1,  2000/ 4558] - train_losses - Parent Class: 0.0000 - Children class: 8.8318 -Autoencoder Loss (total): 912.1320 - Reconstruction/K-Means Loss: [0.0000 / 912.1320] - Consistency Loss: [0.0000] - VICReg Loss: [18.3864][wd: 5.01e-02] [lr: 7.81e-05] [autoencoder lr: 0.00e+00][mem: 6.89e+04] (1457.1 ms)
INFO:root:[1,  2000] grad_stats: [3.34e-01 4.96e-01] (1.03e-01, 3.27e+00)
INFO:root:[1,  2050/ 4558] - train_losses - Parent Class: 0.0000 - Children class: 8.8092 -Autoencoder Loss (total): 912.9949 - Reconstruction/K-Means Loss: [0.0000 / 912.9949] - Consistency Loss: [0.0000] - VICReg Loss: [18.3692][wd: 5.01e-02] [lr: 7.81e-05] [autoencoder lr: 0.00e+00][mem: 6.89e+04] (1457.5 ms)
INFO:root:[1,  2050] grad_stats: [2.37e-01 5.00e-01] (1.11e-01, 2.97e+00)
INFO:root:[1,  2100/ 4558] - train_losses - Parent Class: 0.0000 - Children class: 8.7873 -Autoencoder Loss (total): 913.9316 - Reconstruction/K-Means Loss: [0.0000 / 913.9316] - Consistency Loss: [0.0000] - VICReg Loss: [18.3527][wd: 5.01e-02] [lr: 7.82e-05] [autoencoder lr: 0.00e+00][mem: 6.89e+04] (1457.9 ms)
INFO:root:[1,  2100] grad_stats: [3.27e-01 5.16e-01] (1.04e-01, 3.25e+00)
INFO:root:[1,  2150/ 4558] - train_losses - Parent Class: 0.0000 - Children class: 8.7647 -Autoencoder Loss (total): 914.8829 - Reconstruction/K-Means Loss: [0.0000 / 914.8829] - Consistency Loss: [0.0000] - VICReg Loss: [18.3362][wd: 5.01e-02] [lr: 7.83e-05] [autoencoder lr: 0.00e+00][mem: 6.89e+04] (1458.3 ms)
INFO:root:[1,  2150] grad_stats: [4.02e-01 5.63e-01] (1.26e-01, 3.96e+00)
INFO:root:[1,  2200/ 4558] - train_losses - Parent Class: 0.0000 - Children class: 8.7434 -Autoencoder Loss (total): 915.8127 - Reconstruction/K-Means Loss: [0.0000 / 915.8127] - Consistency Loss: [0.0000] - VICReg Loss: [18.3204][wd: 5.01e-02] [lr: 7.84e-05] [autoencoder lr: 0.00e+00][mem: 6.89e+04] (1458.7 ms)
INFO:root:[1,  2200] grad_stats: [3.80e-01 5.12e-01] (1.29e-01, 3.35e+00)
INFO:root:[1,  2250/ 4558] - train_losses - Parent Class: 0.0000 - Children class: 8.7209 -Autoencoder Loss (total): 916.5133 - Reconstruction/K-Means Loss: [0.0000 / 916.5133] - Consistency Loss: [0.0000] - VICReg Loss: [18.3045][wd: 5.01e-02] [lr: 7.85e-05] [autoencoder lr: 0.00e+00][mem: 6.89e+04] (1459.0 ms)
INFO:root:[1,  2250] grad_stats: [3.90e-01 5.02e-01] (1.16e-01, 3.24e+00)
INFO:root:[1,  2300/ 4558] - train_losses - Parent Class: 0.0000 - Children class: 8.7159 -Autoencoder Loss (total): 917.2545 - Reconstruction/K-Means Loss: [0.0000 / 917.2545] - Consistency Loss: [0.0000] - VICReg Loss: [18.2896][wd: 5.01e-02] [lr: 7.85e-05] [autoencoder lr: 0.00e+00][mem: 6.89e+04] (1459.7 ms)
INFO:root:[1,  2300] grad_stats: [3.03e-01 5.68e-01] (1.06e-01, 3.20e+00)
INFO:root:[1,  2350/ 4558] - train_losses - Parent Class: 0.0000 - Children class: 8.7290 -Autoencoder Loss (total): 918.0100 - Reconstruction/K-Means Loss: [0.0000 / 918.0100] - Consistency Loss: [0.0000] - VICReg Loss: [18.2748][wd: 5.01e-02] [lr: 7.86e-05] [autoencoder lr: 0.00e+00][mem: 6.89e+04] (1460.0 ms)
INFO:root:[1,  2350] grad_stats: [2.61e-01 5.01e-01] (9.90e-02, 3.03e+00)
INFO:root:[1,  2400/ 4558] - train_losses - Parent Class: 0.0000 - Children class: 8.7285 -Autoencoder Loss (total): 918.8252 - Reconstruction/K-Means Loss: [0.0000 / 918.8252] - Consistency Loss: [0.0000] - VICReg Loss: [18.2612][wd: 5.01e-02] [lr: 7.87e-05] [autoencoder lr: 0.00e+00][mem: 6.89e+04] (1460.4 ms)
INFO:root:[1,  2400] grad_stats: [3.21e-01 6.54e-01] (1.16e-01, 3.59e+00)
INFO:root:[1,  2450/ 4558] - train_losses - Parent Class: 0.0000 - Children class: 8.7120 -Autoencoder Loss (total): 919.6211 - Reconstruction/K-Means Loss: [0.0000 / 919.6211] - Consistency Loss: [0.0000] - VICReg Loss: [18.2480][wd: 5.01e-02] [lr: 7.88e-05] [autoencoder lr: 0.00e+00][mem: 6.89e+04] (1460.7 ms)
INFO:root:[1,  2450] grad_stats: [6.53e-01 6.11e-01] (1.18e-01, 4.71e+00)
INFO:root:[1,  2500/ 4558] - train_losses - Parent Class: 0.0000 - Children class: 8.6949 -Autoencoder Loss (total): 920.4035 - Reconstruction/K-Means Loss: [0.0000 / 920.4035] - Consistency Loss: [0.0000] - VICReg Loss: [18.2349][wd: 5.01e-02] [lr: 7.88e-05] [autoencoder lr: 0.00e+00][mem: 6.89e+04] (1461.1 ms)
INFO:root:[1,  2500] grad_stats: [5.18e-01 5.09e-01] (1.46e-01, 3.93e+00)
INFO:root:[1,  2550/ 4558] - train_losses - Parent Class: 0.0000 - Children class: 8.6761 -Autoencoder Loss (total): 921.1496 - Reconstruction/K-Means Loss: [0.0000 / 921.1496] - Consistency Loss: [0.0000] - VICReg Loss: [18.2219][wd: 5.01e-02] [lr: 7.89e-05] [autoencoder lr: 0.00e+00][mem: 6.89e+04] (1461.5 ms)
INFO:root:[1,  2550] grad_stats: [3.77e-01 5.66e-01] (1.15e-01, 3.54e+00)
INFO:root:[1,  2600/ 4558] - train_losses - Parent Class: 0.0000 - Children class: 8.6570 -Autoencoder Loss (total): 921.7936 - Reconstruction/K-Means Loss: [0.0000 / 921.7936] - Consistency Loss: [0.0000] - VICReg Loss: [18.2094][wd: 5.01e-02] [lr: 7.90e-05] [autoencoder lr: 0.00e+00][mem: 6.89e+04] (1461.9 ms)
INFO:root:[1,  2600] grad_stats: [4.38e-01 5.44e-01] (1.31e-01, 3.85e+00)
INFO:root:[1,  2650/ 4558] - train_losses - Parent Class: 0.0000 - Children class: 8.6392 -Autoencoder Loss (total): 922.3712 - Reconstruction/K-Means Loss: [0.0000 / 922.3712] - Consistency Loss: [0.0000] - VICReg Loss: [18.1977][wd: 5.01e-02] [lr: 7.91e-05] [autoencoder lr: 0.00e+00][mem: 6.89e+04] (1462.3 ms)
INFO:root:[1,  2650] grad_stats: [4.03e-01 5.17e-01] (1.09e-01, 3.51e+00)
INFO:root:[1,  2700/ 4558] - train_losses - Parent Class: 0.0000 - Children class: 8.6208 -Autoencoder Loss (total): 923.0669 - Reconstruction/K-Means Loss: [0.0000 / 923.0669] - Consistency Loss: [0.0000] - VICReg Loss: [18.1853][wd: 5.01e-02] [lr: 7.91e-05] [autoencoder lr: 0.00e+00][mem: 6.89e+04] (1462.7 ms)
INFO:root:[1,  2700] grad_stats: [3.79e-01 4.61e-01] (1.28e-01, 3.74e+00)
INFO:root:[1,  2750/ 4558] - train_losses - Parent Class: 0.0000 - Children class: 8.6038 -Autoencoder Loss (total): 923.6839 - Reconstruction/K-Means Loss: [0.0000 / 923.6839] - Consistency Loss: [0.0000] - VICReg Loss: [18.1733][wd: 5.01e-02] [lr: 7.92e-05] [autoencoder lr: 0.00e+00][mem: 6.89e+04] (1463.1 ms)
INFO:root:[1,  2750] grad_stats: [4.29e-01 5.55e-01] (1.25e-01, 3.89e+00)
INFO:root:[1,  2800/ 4558] - train_losses - Parent Class: 0.0000 - Children class: 8.5868 -Autoencoder Loss (total): 924.3108 - Reconstruction/K-Means Loss: [0.0000 / 924.3108] - Consistency Loss: [0.0000] - VICReg Loss: [18.1615][wd: 5.01e-02] [lr: 7.93e-05] [autoencoder lr: 0.00e+00][mem: 6.89e+04] (1463.5 ms)
INFO:root:[1,  2800] grad_stats: [4.67e-01 6.05e-01] (1.61e-01, 4.03e+00)
INFO:root:[1,  2850/ 4558] - train_losses - Parent Class: 0.0000 - Children class: 8.5698 -Autoencoder Loss (total): 924.8518 - Reconstruction/K-Means Loss: [0.0000 / 924.8518] - Consistency Loss: [0.0000] - VICReg Loss: [18.1500][wd: 5.01e-02] [lr: 7.94e-05] [autoencoder lr: 0.00e+00][mem: 6.89e+04] (1464.0 ms)
INFO:root:[1,  2850] grad_stats: [4.22e-01 4.96e-01] (1.39e-01, 3.14e+00)
INFO:root:[1,  2900/ 4558] - train_losses - Parent Class: 0.0000 - Children class: 8.5522 -Autoencoder Loss (total): 925.4617 - Reconstruction/K-Means Loss: [0.0000 / 925.4617] - Consistency Loss: [0.0000] - VICReg Loss: [18.1380][wd: 5.01e-02] [lr: 7.95e-05] [autoencoder lr: 0.00e+00][mem: 6.89e+04] (1464.4 ms)
INFO:root:[1,  2900] grad_stats: [4.54e-01 4.84e-01] (1.21e-01, 3.84e+00)
INFO:root:[1,  2950/ 4558] - train_losses - Parent Class: 0.0000 - Children class: 8.5356 -Autoencoder Loss (total): 925.9328 - Reconstruction/K-Means Loss: [0.0000 / 925.9328] - Consistency Loss: [0.0000] - VICReg Loss: [18.1271][wd: 5.01e-02] [lr: 7.95e-05] [autoencoder lr: 0.00e+00][mem: 6.89e+04] (1464.8 ms)
INFO:root:[1,  2950] grad_stats: [4.67e-01 5.56e-01] (1.36e-01, 4.78e+00)
INFO:root:[1,  3000/ 4558] - train_losses - Parent Class: 0.0000 - Children class: 8.5174 -Autoencoder Loss (total): 926.3489 - Reconstruction/K-Means Loss: [0.0000 / 926.3489] - Consistency Loss: [0.0000] - VICReg Loss: [18.1161][wd: 5.01e-02] [lr: 7.96e-05] [autoencoder lr: 0.00e+00][mem: 6.89e+04] (1465.2 ms)
INFO:root:[1,  3000] grad_stats: [4.11e-01 4.93e-01] (1.24e-01, 4.18e+00)
INFO:root:[1,  3050/ 4558] - train_losses - Parent Class: 0.0000 - Children class: 8.5001 -Autoencoder Loss (total): 926.7610 - Reconstruction/K-Means Loss: [0.0000 / 926.7610] - Consistency Loss: [0.0000] - VICReg Loss: [18.1052][wd: 5.02e-02] [lr: 7.97e-05] [autoencoder lr: 0.00e+00][mem: 6.89e+04] (1465.6 ms)
INFO:root:[1,  3050] grad_stats: [5.07e-01 6.24e-01] (1.94e-01, 4.77e+00)
INFO:root:[1,  3100/ 4558] - train_losses - Parent Class: 0.0000 - Children class: 8.4828 -Autoencoder Loss (total): 927.1401 - Reconstruction/K-Means Loss: [0.0000 / 927.1401] - Consistency Loss: [0.0000] - VICReg Loss: [18.0946][wd: 5.02e-02] [lr: 7.98e-05] [autoencoder lr: 0.00e+00][mem: 6.89e+04] (1466.1 ms)
INFO:root:[1,  3100] grad_stats: [4.04e-01 5.08e-01] (1.35e-01, 3.87e+00)
INFO:root:[1,  3150/ 4558] - train_losses - Parent Class: 0.0000 - Children class: 8.4652 -Autoencoder Loss (total): 927.5642 - Reconstruction/K-Means Loss: [0.0000 / 927.5642] - Consistency Loss: [0.0000] - VICReg Loss: [18.0842][wd: 5.02e-02] [lr: 7.98e-05] [autoencoder lr: 0.00e+00][mem: 6.89e+04] (1466.5 ms)
INFO:root:[1,  3150] grad_stats: [5.47e-01 5.04e-01] (1.60e-01, 4.48e+00)
INFO:root:[1,  3200/ 4558] - train_losses - Parent Class: 0.0000 - Children class: 8.4476 -Autoencoder Loss (total): 927.8832 - Reconstruction/K-Means Loss: [0.0000 / 927.8832] - Consistency Loss: [0.0000] - VICReg Loss: [18.0742][wd: 5.02e-02] [lr: 7.99e-05] [autoencoder lr: 0.00e+00][mem: 6.89e+04] (1467.0 ms)
INFO:root:[1,  3200] grad_stats: [4.70e-01 4.66e-01] (1.42e-01, 3.39e+00)
INFO:root:[1,  3250/ 4558] - train_losses - Parent Class: 0.0000 - Children class: 8.4306 -Autoencoder Loss (total): 928.3402 - Reconstruction/K-Means Loss: [0.0000 / 928.3402] - Consistency Loss: [0.0000] - VICReg Loss: [18.0639][wd: 5.02e-02] [lr: 8.00e-05] [autoencoder lr: 0.00e+00][mem: 6.89e+04] (1467.4 ms)
INFO:root:[1,  3250] grad_stats: [4.73e-01 4.86e-01] (1.38e-01, 4.31e+00)
INFO:root:[1,  3300/ 4558] - train_losses - Parent Class: 0.0000 - Children class: 8.4129 -Autoencoder Loss (total): 928.6359 - Reconstruction/K-Means Loss: [0.0000 / 928.6359] - Consistency Loss: [0.0000] - VICReg Loss: [18.0538][wd: 5.02e-02] [lr: 8.01e-05] [autoencoder lr: 0.00e+00][mem: 6.89e+04] (1467.8 ms)
INFO:root:[1,  3300] grad_stats: [4.34e-01 4.78e-01] (1.68e-01, 3.53e+00)
INFO:root:[1,  3350/ 4558] - train_losses - Parent Class: 0.0000 - Children class: 8.3953 -Autoencoder Loss (total): 928.8693 - Reconstruction/K-Means Loss: [0.0000 / 928.8693] - Consistency Loss: [0.0000] - VICReg Loss: [18.0440][wd: 5.02e-02] [lr: 8.01e-05] [autoencoder lr: 0.00e+00][mem: 6.89e+04] (1468.2 ms)
INFO:root:[1,  3350] grad_stats: [5.90e-01 5.22e-01] (1.67e-01, 4.89e+00)
INFO:root:[1,  3400/ 4558] - train_losses - Parent Class: 0.0000 - Children class: 8.3777 -Autoencoder Loss (total): 929.2347 - Reconstruction/K-Means Loss: [0.0000 / 929.2347] - Consistency Loss: [0.0000] - VICReg Loss: [18.0340][wd: 5.02e-02] [lr: 8.02e-05] [autoencoder lr: 0.00e+00][mem: 6.89e+04] (1468.7 ms)
INFO:root:[1,  3400] grad_stats: [3.88e-01 4.66e-01] (1.15e-01, 3.46e+00)
INFO:root:[1,  3450/ 4558] - train_losses - Parent Class: 0.0000 - Children class: 8.3601 -Autoencoder Loss (total): 929.7261 - Reconstruction/K-Means Loss: [0.0000 / 929.7261] - Consistency Loss: [0.0000] - VICReg Loss: [18.0242][wd: 5.02e-02] [lr: 8.03e-05] [autoencoder lr: 0.00e+00][mem: 6.89e+04] (1469.1 ms)
INFO:root:[1,  3450] grad_stats: [4.54e-01 4.35e-01] (1.14e-01, 3.90e+00)
INFO:root:[1,  3500/ 4558] - train_losses - Parent Class: 0.0000 - Children class: 8.3434 -Autoencoder Loss (total): 930.1084 - Reconstruction/K-Means Loss: [0.0000 / 930.1084] - Consistency Loss: [0.0000] - VICReg Loss: [18.0146][wd: 5.02e-02] [lr: 8.04e-05] [autoencoder lr: 0.00e+00][mem: 6.89e+04] (1469.5 ms)
INFO:root:[1,  3500] grad_stats: [3.76e-01 4.83e-01] (1.56e-01, 3.71e+00)
INFO:root:[1,  3550/ 4558] - train_losses - Parent Class: 0.0000 - Children class: 8.3257 -Autoencoder Loss (total): 930.2975 - Reconstruction/K-Means Loss: [0.0000 / 930.2975] - Consistency Loss: [0.0000] - VICReg Loss: [18.0053][wd: 5.02e-02] [lr: 8.05e-05] [autoencoder lr: 0.00e+00][mem: 6.89e+04] (1470.0 ms)
INFO:root:[1,  3550] grad_stats: [5.58e-01 4.70e-01] (1.50e-01, 5.08e+00)
INFO:root:[1,  3600/ 4558] - train_losses - Parent Class: 0.0000 - Children class: 8.3096 -Autoencoder Loss (total): 930.5324 - Reconstruction/K-Means Loss: [0.0000 / 930.5324] - Consistency Loss: [0.0000] - VICReg Loss: [17.9963][wd: 5.02e-02] [lr: 8.05e-05] [autoencoder lr: 0.00e+00][mem: 6.89e+04] (1470.4 ms)
INFO:root:[1,  3600] grad_stats: [5.05e-01 4.94e-01] (1.17e-01, 3.87e+00)
INFO:root:[1,  3650/ 4558] - train_losses - Parent Class: 0.0000 - Children class: 8.2932 -Autoencoder Loss (total): 930.7350 - Reconstruction/K-Means Loss: [0.0000 / 930.7350] - Consistency Loss: [0.0000] - VICReg Loss: [17.9872][wd: 5.02e-02] [lr: 8.06e-05] [autoencoder lr: 0.00e+00][mem: 6.89e+04] (1470.8 ms)
INFO:root:[1,  3650] grad_stats: [5.29e-01 4.50e-01] (1.48e-01, 4.05e+00)
INFO:root:[1,  3700/ 4558] - train_losses - Parent Class: 0.0000 - Children class: 8.2768 -Autoencoder Loss (total): 931.1278 - Reconstruction/K-Means Loss: [0.0000 / 931.1278] - Consistency Loss: [0.0000] - VICReg Loss: [17.9782][wd: 5.02e-02] [lr: 8.07e-05] [autoencoder lr: 0.00e+00][mem: 6.89e+04] (1471.3 ms)
INFO:root:[1,  3700] grad_stats: [3.67e-01 4.84e-01] (1.28e-01, 3.55e+00)
INFO:root:[1,  3750/ 4558] - train_losses - Parent Class: 0.0000 - Children class: 8.2607 -Autoencoder Loss (total): 931.3137 - Reconstruction/K-Means Loss: [0.0000 / 931.3137] - Consistency Loss: [0.0000] - VICReg Loss: [17.9693][wd: 5.02e-02] [lr: 8.08e-05] [autoencoder lr: 0.00e+00][mem: 6.89e+04] (1471.7 ms)
INFO:root:[1,  3750] grad_stats: [5.06e-01 4.94e-01] (1.65e-01, 4.20e+00)
INFO:root:[1,  3800/ 4558] - train_losses - Parent Class: 0.0000 - Children class: 8.2445 -Autoencoder Loss (total): 931.6934 - Reconstruction/K-Means Loss: [0.0000 / 931.6934] - Consistency Loss: [0.0000] - VICReg Loss: [17.9608][wd: 5.02e-02] [lr: 8.08e-05] [autoencoder lr: 0.00e+00][mem: 6.89e+04] (1472.2 ms)
INFO:root:[1,  3800] grad_stats: [5.14e-01 5.53e-01] (1.61e-01, 4.54e+00)
INFO:root:[1,  3850/ 4558] - train_losses - Parent Class: 0.0000 - Children class: 8.2290 -Autoencoder Loss (total): 931.9641 - Reconstruction/K-Means Loss: [0.0000 / 931.9641] - Consistency Loss: [0.0000] - VICReg Loss: [17.9522][wd: 5.02e-02] [lr: 8.09e-05] [autoencoder lr: 0.00e+00][mem: 6.89e+04] (1472.6 ms)
INFO:root:[1,  3850] grad_stats: [4.06e-01 4.45e-01] (1.47e-01, 3.59e+00)
INFO:root:[1,  3900/ 4558] - train_losses - Parent Class: 0.0000 - Children class: 8.2156 -Autoencoder Loss (total): 932.2297 - Reconstruction/K-Means Loss: [0.0000 / 932.2297] - Consistency Loss: [0.0000] - VICReg Loss: [17.9437][wd: 5.03e-02] [lr: 8.10e-05] [autoencoder lr: 0.00e+00][mem: 6.89e+04] (1473.1 ms)
INFO:root:[1,  3900] grad_stats: [4.86e-01 4.37e-01] (1.20e-01, 4.25e+00)
INFO:root:[1,  3950/ 4558] - train_losses - Parent Class: 0.0000 - Children class: 8.2057 -Autoencoder Loss (total): 932.4504 - Reconstruction/K-Means Loss: [0.0000 / 932.4504] - Consistency Loss: [0.0000] - VICReg Loss: [17.9356][wd: 5.03e-02] [lr: 8.11e-05] [autoencoder lr: 0.00e+00][mem: 6.89e+04] (1473.5 ms)
INFO:root:[1,  3950] grad_stats: [5.30e-01 5.12e-01] (1.56e-01, 4.51e+00)
INFO:root:[1,  4000/ 4558] - train_losses - Parent Class: 0.0000 - Children class: 8.1929 -Autoencoder Loss (total): 932.7750 - Reconstruction/K-Means Loss: [0.0000 / 932.7750] - Consistency Loss: [0.0000] - VICReg Loss: [17.9277][wd: 5.03e-02] [lr: 8.11e-05] [autoencoder lr: 0.00e+00][mem: 6.89e+04] (1474.0 ms)
INFO:root:[1,  4000] grad_stats: [5.28e-01 4.54e-01] (1.49e-01, 4.56e+00)
INFO:root:[1,  4050/ 4558] - train_losses - Parent Class: 0.0000 - Children class: 8.1804 -Autoencoder Loss (total): 933.0028 - Reconstruction/K-Means Loss: [0.0000 / 933.0028] - Consistency Loss: [0.0000] - VICReg Loss: [17.9193][wd: 5.03e-02] [lr: 8.12e-05] [autoencoder lr: 0.00e+00][mem: 6.89e+04] (1474.4 ms)
INFO:root:[1,  4050] grad_stats: [4.09e-01 4.82e-01] (1.57e-01, 3.53e+00)
INFO:root:[1,  4100/ 4558] - train_losses - Parent Class: 0.0000 - Children class: 8.1707 -Autoencoder Loss (total): 933.0919 - Reconstruction/K-Means Loss: [0.0000 / 933.0919] - Consistency Loss: [0.0000] - VICReg Loss: [17.9114][wd: 5.03e-02] [lr: 8.13e-05] [autoencoder lr: 0.00e+00][mem: 6.89e+04] (1474.9 ms)
INFO:root:[1,  4100] grad_stats: [4.82e-01 4.40e-01] (1.72e-01, 4.51e+00)
INFO:root:[1,  4150/ 4558] - train_losses - Parent Class: 0.0000 - Children class: 8.1614 -Autoencoder Loss (total): 933.3952 - Reconstruction/K-Means Loss: [0.0000 / 933.3952] - Consistency Loss: [0.0000] - VICReg Loss: [17.9037][wd: 5.03e-02] [lr: 8.14e-05] [autoencoder lr: 0.00e+00][mem: 6.89e+04] (1475.3 ms)
INFO:root:[1,  4150] grad_stats: [5.90e-01 4.97e-01] (1.63e-01, 5.08e+00)
INFO:root:[1,  4200/ 4558] - train_losses - Parent Class: 0.0000 - Children class: 8.1478 -Autoencoder Loss (total): 933.4954 - Reconstruction/K-Means Loss: [0.0000 / 933.4954] - Consistency Loss: [0.0000] - VICReg Loss: [17.8960][wd: 5.03e-02] [lr: 8.15e-05] [autoencoder lr: 0.00e+00][mem: 6.89e+04] (1475.8 ms)
INFO:root:[1,  4200] grad_stats: [4.79e-01 4.60e-01] (2.03e-01, 4.61e+00)
INFO:root:[1,  4250/ 4558] - train_losses - Parent Class: 0.0000 - Children class: 8.1328 -Autoencoder Loss (total): 933.7120 - Reconstruction/K-Means Loss: [0.0000 / 933.7120] - Consistency Loss: [0.0000] - VICReg Loss: [17.8884][wd: 5.03e-02] [lr: 8.15e-05] [autoencoder lr: 0.00e+00][mem: 6.89e+04] (1476.3 ms)
INFO:root:[1,  4250] grad_stats: [4.98e-01 4.78e-01] (1.73e-01, 4.09e+00)
INFO:root:[1,  4300/ 4558] - train_losses - Parent Class: 0.0000 - Children class: 8.1175 -Autoencoder Loss (total): 933.9893 - Reconstruction/K-Means Loss: [0.0000 / 933.9893] - Consistency Loss: [0.0000] - VICReg Loss: [17.8808][wd: 5.03e-02] [lr: 8.16e-05] [autoencoder lr: 0.00e+00][mem: 6.89e+04] (1476.7 ms)
INFO:root:[1,  4300] grad_stats: [6.30e-01 4.97e-01] (2.13e-01, 5.22e+00)
INFO:root:[1,  4350/ 4558] - train_losses - Parent Class: 0.0000 - Children class: 8.1026 -Autoencoder Loss (total): 934.2532 - Reconstruction/K-Means Loss: [0.0000 / 934.2532] - Consistency Loss: [0.0000] - VICReg Loss: [17.8734][wd: 5.03e-02] [lr: 8.17e-05] [autoencoder lr: 0.00e+00][mem: 6.89e+04] (1477.2 ms)
INFO:root:[1,  4350] grad_stats: [6.31e-01 4.55e-01] (1.57e-01, 5.44e+00)
INFO:root:[1,  4400/ 4558] - train_losses - Parent Class: 0.0000 - Children class: 8.0874 -Autoencoder Loss (total): 934.3422 - Reconstruction/K-Means Loss: [0.0000 / 934.3422] - Consistency Loss: [0.0000] - VICReg Loss: [17.8659][wd: 5.03e-02] [lr: 8.18e-05] [autoencoder lr: 0.00e+00][mem: 6.89e+04] (1477.7 ms)
INFO:root:[1,  4400] grad_stats: [6.31e-01 4.52e-01] (1.82e-01, 5.43e+00)
INFO:root:[1,  4450/ 4558] - train_losses - Parent Class: 0.0000 - Children class: 8.0722 -Autoencoder Loss (total): 934.5064 - Reconstruction/K-Means Loss: [0.0000 / 934.5064] - Consistency Loss: [0.0000] - VICReg Loss: [17.8584][wd: 5.03e-02] [lr: 8.18e-05] [autoencoder lr: 0.00e+00][mem: 6.89e+04] (1478.2 ms)
INFO:root:[1,  4450] grad_stats: [6.25e-01 4.79e-01] (1.35e-01, 4.91e+00)
INFO:root:[1,  4500/ 4558] - train_losses - Parent Class: 0.0000 - Children class: 8.0569 -Autoencoder Loss (total): 934.5919 - Reconstruction/K-Means Loss: [0.0000 / 934.5919] - Consistency Loss: [0.0000] - VICReg Loss: [17.8510][wd: 5.03e-02] [lr: 8.19e-05] [autoencoder lr: 0.00e+00][mem: 6.89e+04] (1478.7 ms)
INFO:root:[1,  4500] grad_stats: [5.39e-01 4.31e-01] (1.75e-01, 4.85e+00)
INFO:root:[1,  4550/ 4558] - train_losses - Parent Class: 0.0000 - Children class: 8.0416 -Autoencoder Loss (total): 934.8221 - Reconstruction/K-Means Loss: [0.0000 / 934.8221] - Consistency Loss: [0.0000] - VICReg Loss: [17.8438][wd: 5.03e-02] [lr: 8.20e-05] [autoencoder lr: 0.00e+00][mem: 6.89e+04] (1479.2 ms)
INFO:root:[1,  4550] grad_stats: [5.65e-01 4.45e-01] (1.95e-01, 4.66e+00)
INFO:root:Asserting cache length
Process Process-1:
Traceback (most recent call last):
  File "/home/rtcalumby/miniconda3/envs/py382/lib/python3.12/multiprocessing/process.py", line 314, in _bootstrap
    self.run()
  File "/home/rtcalumby/miniconda3/envs/py382/lib/python3.12/multiprocessing/process.py", line 108, in run
    self._target(*self._args, **self._kwargs)
  File "/home/rtcalumby/adam/luciano/LifeCLEFPlant2022/DeepCluster/main_FGDCC_v2.py", line 52, in process_main
    app_main(args=params)
  File "/home/rtcalumby/adam/luciano/LifeCLEFPlant2022/DeepCluster/engine_FGDCCv2.py", line 783, in main
    assert sum(cnt) == 245897, 'Cache not compatible, corrupted or missing'
           ^^^^^^^^^^^^^^^^^^
AssertionError: Cache not compatible, corrupted or missing
