INFO:faiss.loader:Loading faiss with AVX2 support.
INFO:faiss.loader:Successfully loaded faiss with AVX2 support.
INFO:faiss.loader:Loading faiss with AVX2 support.
INFO:faiss.loader:Successfully loaded faiss with AVX2 support.
INFO:root:called-params configs/in1k_vith14_ep300_FGDCC.yaml
INFO:root:loaded params...
{   'data': {   'batch_size': 96,
                'color_jitter_strength': 0.0,
                'crop_scale': [0.3, 1.0],
                'crop_size': 224,
                'cutmix': 0.0,
                'drop_path': 0.25,
                'image_folder': '/home/rtcalumby/adam/luciano/plantnet_300K/',
                'mixup': 0.0,
                'nb_classes': 1081,
                'num_workers': 16,
                'pin_mem': True,
                'reprob': 0.25,
                'resume_epoch': 0,
                'root_path': '/home/rtcalumby/adam/luciano/',
                'use_color_distortion': False,
                'use_gaussian_blur': False,
                'use_horizontal_flip': False},
    'logging': {   'folder': '/home/rtcalumby/adam/luciano/LifeCLEFPlant2022/logs/PlantNet300k_exp56',
                   'write_tag': 'jepa'},
    'mask': {   'allow_overlap': False,
                'aspect_ratio': [0.75, 1.5],
                'enc_mask_scale': [0.85, 1.0],
                'min_keep': 10,
                'num_enc_masks': 1,
                'num_pred_masks': 4,
                'patch_size': 14,
                'pred_mask_scale': [0.15, 0.2]},
    'meta': {   'copy_data': False,
                'load_checkpoint': True,
                'model_name': 'vit_huge',
                'pred_depth': 12,
                'pred_emb_dim': 384,
                'read_checkpoint': None,
                'use_bfloat16': True},
    'optimization': {   'ema': [0.9, 0.999],
                        'epochs': 50,
                        'final_lr': 1e-05,
                        'final_weight_decay': 0.4,
                        'ipe_scale': 1.0,
                        'label_smoothing': 0.1,
                        'lr': 0.00025,
                        'start_lr': 8e-05,
                        'warmup': 35,
                        'weight_decay': 0.05}}
INFO:root:Running... (rank: 0/1)
INFO:root:Initialized (rank/world-size) 0/1
INFO:root:making imagenet data transforms
INFO:root:making imagenet data transforms
INFO:root:Finetuning dataset created
INFO:root:PairedDataset created
Training dataset, length: 245952
INFO:root:Finetuning dataset created
Val dataset, length: 31200
INFO:root:Using AdamW
['encoder', 'predictor', 'opt', 'scaler', 'target_encoder', 'epoch', 'loss', 'batch_size', 'world_size', 'lr']
INFO:root:loaded pretrained encoder from epoch 66 with msg: <All keys matched successfully>
INFO:root:ClassificationHead(
  (classifier): Linear(in_features=1280, out_features=15134, bias=True)
)
INFO:root:Using AdamW
INFO:root:VisionTransformer(
  (patch_embed): PatchEmbed(
    (proj): Conv2d(3, 1280, kernel_size=(14, 14), stride=(14, 14))
  )
  (blocks): ModuleList(
    (0-31): 32 x Block(
      (norm1): LayerNorm((1280,), eps=1e-06, elementwise_affine=True)
      (attn): Attention(
        (qkv): Linear(in_features=1280, out_features=3840, bias=True)
        (attn_drop): Dropout(p=0.0, inplace=False)
        (proj): Linear(in_features=1280, out_features=1280, bias=True)
        (proj_drop): Dropout(p=0.0, inplace=False)
      )
      (drop_path): Identity()
      (norm2): LayerNorm((1280,), eps=1e-06, elementwise_affine=True)
      (mlp): MLP(
        (fc1): Linear(in_features=1280, out_features=5120, bias=True)
        (act): GELU(approximate='none')
        (fc2): Linear(in_features=5120, out_features=1280, bias=True)
        (drop): Dropout(p=0.0, inplace=False)
      )
    )
  )
  (norm): LayerNorm((1280,), eps=1e-06, elementwise_affine=True)
)
INFO:root:Setting up cache...
INFO:root:Done...
INFO:root:Initializing centroids...
INFO:root:Update Step...
/home/rtcalumby/miniconda3/envs/py382/lib/python3.12/site-packages/faiss/contrib/torch_utils.py:51: UserWarning: TypedStorage is deprecated. It will be removed in the future and UntypedStorage will be the only storage class. This should only matter to you if you are using storages directly.  To access UntypedStorage directly, use tensor.untyped_storage() instead of tensor.storage()
  x.storage().data_ptr() + x.storage_offset() * 4)
INFO:root:Epoch 1
INFO:faiss.loader:Loading faiss with AVX2 support.
INFO:faiss.loader:Successfully loaded faiss with AVX2 support.
INFO:faiss.loader:Loading faiss with AVX2 support.
INFO:faiss.loader:Successfully loaded faiss with AVX2 support.
INFO:faiss.loader:Loading faiss with AVX2 support.
INFO:faiss.loader:Successfully loaded faiss with AVX2 support.
INFO:faiss.loader:Loading faiss with AVX2 support.
INFO:faiss.loader:Successfully loaded faiss with AVX2 support.
INFO:faiss.loader:Loading faiss with AVX2 support.
INFO:faiss.loader:Successfully loaded faiss with AVX2 support.
INFO:faiss.loader:Loading faiss with AVX2 support.
INFO:faiss.loader:Successfully loaded faiss with AVX2 support.
INFO:faiss.loader:Loading faiss with AVX2 support.
INFO:faiss.loader:Successfully loaded faiss with AVX2 support.
INFO:faiss.loader:Loading faiss with AVX2 support.
INFO:faiss.loader:Successfully loaded faiss with AVX2 support.
INFO:faiss.loader:Loading faiss with AVX2 support.
INFO:faiss.loader:Successfully loaded faiss with AVX2 support.
INFO:faiss.loader:Loading faiss with AVX2 support.
INFO:faiss.loader:Successfully loaded faiss with AVX2 support.
INFO:faiss.loader:Loading faiss with AVX2 support.
INFO:faiss.loader:Successfully loaded faiss with AVX2 support.
INFO:faiss.loader:Loading faiss with AVX2 support.
INFO:faiss.loader:Successfully loaded faiss with AVX2 support.
INFO:faiss.loader:Loading faiss with AVX2 support.
INFO:faiss.loader:Successfully loaded faiss with AVX2 support.
INFO:faiss.loader:Loading faiss with AVX2 support.
INFO:faiss.loader:Successfully loaded faiss with AVX2 support.
INFO:faiss.loader:Loading faiss with AVX2 support.
INFO:faiss.loader:Successfully loaded faiss with AVX2 support.
INFO:faiss.loader:Loading faiss with AVX2 support.
INFO:faiss.loader:Successfully loaded faiss with AVX2 support.
INFO:root:[1,     0/ 2562] - train_losses - Parent Class: 0.0000 - Children class: 9.6246 -Autoencoder Loss (total): 192.7029 - Reconstruction/K-Means Loss: [0.0000 / 192.7029] - Consistency Loss: [0.0000] - VICReg Loss: [25.3681][wd: 5.00e-02] [lr: 8.00e-05] [autoencoder lr: 0.00e+00][mem: 6.12e+04] (3728.8 ms)
INFO:root:[1,     0] grad_stats: [1.11e+00 7.92e+00] (8.63e-01, 2.20e+01)
INFO:root:[1,    50/ 2562] - train_losses - Parent Class: 0.0000 - Children class: 8.8444 -Autoencoder Loss (total): 430.7642 - Reconstruction/K-Means Loss: [0.0000 / 430.7642] - Consistency Loss: [0.0000] - VICReg Loss: [21.1627][wd: 5.00e-02] [lr: 8.01e-05] [autoencoder lr: 0.00e+00][mem: 6.63e+04] (1484.4 ms)
INFO:root:[1,    50] grad_stats: [8.17e-02 1.26e+00] (4.19e-02, 4.57e+00)
INFO:root:[1,   100/ 2562] - train_losses - Parent Class: 0.0000 - Children class: 7.8587 -Autoencoder Loss (total): 458.3584 - Reconstruction/K-Means Loss: [0.0000 / 458.3584] - Consistency Loss: [0.0000] - VICReg Loss: [19.9494][wd: 5.00e-02] [lr: 8.02e-05] [autoencoder lr: 0.00e+00][mem: 6.63e+04] (1464.0 ms)
INFO:root:[1,   100] grad_stats: [1.61e-01 1.61e+00] (5.76e-02, 4.09e+00)
INFO:root:[1,   150/ 2562] - train_losses - Parent Class: 0.0000 - Children class: 7.4983 -Autoencoder Loss (total): 468.3218 - Reconstruction/K-Means Loss: [0.0000 / 468.3218] - Consistency Loss: [0.0000] - VICReg Loss: [19.2447][wd: 5.00e-02] [lr: 8.03e-05] [autoencoder lr: 0.00e+00][mem: 6.63e+04] (1459.4 ms)
INFO:root:[1,   150] grad_stats: [1.70e-01 1.27e+00] (4.83e-02, 3.43e+00)
INFO:root:[1,   200/ 2562] - train_losses - Parent Class: 0.0000 - Children class: 7.2982 -Autoencoder Loss (total): 478.1128 - Reconstruction/K-Means Loss: [0.0000 / 478.1128] - Consistency Loss: [0.0000] - VICReg Loss: [18.7919][wd: 5.00e-02] [lr: 8.04e-05] [autoencoder lr: 0.00e+00][mem: 6.63e+04] (1458.7 ms)
INFO:root:[1,   200] grad_stats: [2.53e-01 1.05e+00] (5.70e-02, 3.88e+00)
INFO:root:[1,   250/ 2562] - train_losses - Parent Class: 0.0000 - Children class: 7.1343 -Autoencoder Loss (total): 483.9107 - Reconstruction/K-Means Loss: [0.0000 / 483.9107] - Consistency Loss: [0.0000] - VICReg Loss: [18.4862][wd: 5.00e-02] [lr: 8.05e-05] [autoencoder lr: 0.00e+00][mem: 6.63e+04] (1460.0 ms)
INFO:root:[1,   250] grad_stats: [2.94e-01 1.40e+00] (1.08e-01, 4.68e+00)
INFO:root:[1,   300/ 2562] - train_losses - Parent Class: 0.0000 - Children class: 7.0086 -Autoencoder Loss (total): 488.8916 - Reconstruction/K-Means Loss: [0.0000 / 488.8916] - Consistency Loss: [0.0000] - VICReg Loss: [18.2575][wd: 5.00e-02] [lr: 8.06e-05] [autoencoder lr: 0.00e+00][mem: 6.63e+04] (1462.2 ms)
INFO:root:[1,   300] grad_stats: [6.92e-01 1.20e+00] (1.57e-01, 8.15e+00)
INFO:root:[1,   350/ 2562] - train_losses - Parent Class: 0.0000 - Children class: 6.9243 -Autoencoder Loss (total): 494.3272 - Reconstruction/K-Means Loss: [0.0000 / 494.3272] - Consistency Loss: [0.0000] - VICReg Loss: [18.0911][wd: 5.00e-02] [lr: 8.07e-05] [autoencoder lr: 0.00e+00][mem: 6.63e+04] (1464.8 ms)
INFO:root:[1,   350] grad_stats: [7.92e-01 1.01e+00] (1.14e-01, 8.34e+00)
INFO:root:[1,   400/ 2562] - train_losses - Parent Class: 0.0000 - Children class: 6.8583 -Autoencoder Loss (total): 498.1357 - Reconstruction/K-Means Loss: [0.0000 / 498.1357] - Consistency Loss: [0.0000] - VICReg Loss: [17.9751][wd: 5.00e-02] [lr: 8.08e-05] [autoencoder lr: 0.00e+00][mem: 6.63e+04] (1467.9 ms)
INFO:root:[1,   400] grad_stats: [1.39e+00 1.25e+00] (2.61e-01, 1.05e+01)
INFO:root:[1,   450/ 2562] - train_losses - Parent Class: 0.0000 - Children class: 6.8002 -Autoencoder Loss (total): 500.4491 - Reconstruction/K-Means Loss: [0.0000 / 500.4491] - Consistency Loss: [0.0000] - VICReg Loss: [17.8889][wd: 5.00e-02] [lr: 8.09e-05] [autoencoder lr: 0.00e+00][mem: 6.63e+04] (1471.4 ms)
INFO:root:[1,   450] grad_stats: [1.25e+00 9.85e-01] (1.73e-01, 1.31e+01)
INFO:root:[1,   500/ 2562] - train_losses - Parent Class: 0.0000 - Children class: 6.7497 -Autoencoder Loss (total): 502.6541 - Reconstruction/K-Means Loss: [0.0000 / 502.6541] - Consistency Loss: [0.0000] - VICReg Loss: [17.8217][wd: 5.00e-02] [lr: 8.09e-05] [autoencoder lr: 0.00e+00][mem: 6.63e+04] (1475.4 ms)
INFO:root:[1,   500] grad_stats: [1.36e+00 1.40e+00] (2.43e-01, 9.70e+00)
INFO:root:[1,   550/ 2562] - train_losses - Parent Class: 0.0000 - Children class: 6.7215 -Autoencoder Loss (total): 504.7215 - Reconstruction/K-Means Loss: [0.0000 / 504.7215] - Consistency Loss: [0.0000] - VICReg Loss: [17.7781][wd: 5.00e-02] [lr: 8.10e-05] [autoencoder lr: 0.00e+00][mem: 6.63e+04] (1479.8 ms)
INFO:root:[1,   550] grad_stats: [1.17e+00 1.21e+00] (1.64e-01, 9.13e+00)
INFO:root:[1,   600/ 2562] - train_losses - Parent Class: 0.0000 - Children class: 6.6852 -Autoencoder Loss (total): 505.7143 - Reconstruction/K-Means Loss: [0.0000 / 505.7143] - Consistency Loss: [0.0000] - VICReg Loss: [17.7442][wd: 5.00e-02] [lr: 8.11e-05] [autoencoder lr: 0.00e+00][mem: 6.63e+04] (1484.4 ms)
INFO:root:[1,   600] grad_stats: [2.69e+00 1.23e+00] (2.77e-01, 1.91e+01)
INFO:root:[1,   650/ 2562] - train_losses - Parent Class: 0.0000 - Children class: 6.6648 -Autoencoder Loss (total): 507.6391 - Reconstruction/K-Means Loss: [0.0000 / 507.6391] - Consistency Loss: [0.0000] - VICReg Loss: [17.7020][wd: 5.00e-02] [lr: 8.12e-05] [autoencoder lr: 0.00e+00][mem: 6.63e+04] (1488.8 ms)
INFO:root:[1,   650] grad_stats: [3.75e+00 8.85e-01] (2.35e-01, 1.99e+01)
INFO:root:[1,   700/ 2562] - train_losses - Parent Class: 0.0000 - Children class: 6.6406 -Autoencoder Loss (total): 508.9718 - Reconstruction/K-Means Loss: [0.0000 / 508.9718] - Consistency Loss: [0.0000] - VICReg Loss: [17.6739][wd: 5.00e-02] [lr: 8.13e-05] [autoencoder lr: 0.00e+00][mem: 6.63e+04] (1493.2 ms)
INFO:root:[1,   700] grad_stats: [6.34e+00 8.12e-01] (1.23e-01, 3.34e+01)
INFO:root:[1,   750/ 2562] - train_losses - Parent Class: 0.0000 - Children class: 6.6650 -Autoencoder Loss (total): 510.2088 - Reconstruction/K-Means Loss: [0.0000 / 510.2088] - Consistency Loss: [0.0000] - VICReg Loss: [17.6320][wd: 5.00e-02] [lr: 8.14e-05] [autoencoder lr: 0.00e+00][mem: 6.63e+04] (1497.9 ms)
INFO:root:[1,   750] grad_stats: [3.07e+00 7.27e-01] (9.26e-02, 1.10e+01)
INFO:root:[1,   800/ 2562] - train_losses - Parent Class: 0.0000 - Children class: 6.6521 -Autoencoder Loss (total): 511.6324 - Reconstruction/K-Means Loss: [0.0000 / 511.6324] - Consistency Loss: [0.0000] - VICReg Loss: [17.5889][wd: 5.00e-02] [lr: 8.15e-05] [autoencoder lr: 0.00e+00][mem: 6.63e+04] (1502.7 ms)
INFO:root:[1,   800] grad_stats: [3.49e+01 9.50e-01] (3.20e-01, 1.79e+02)
INFO:root:[1,   850/ 2562] - train_losses - Parent Class: 0.0000 - Children class: 6.6276 -Autoencoder Loss (total): 512.7320 - Reconstruction/K-Means Loss: [0.0000 / 512.7320] - Consistency Loss: [0.0000] - VICReg Loss: [17.6166][wd: 5.00e-02] [lr: 8.16e-05] [autoencoder lr: 0.00e+00][mem: 6.63e+04] (1507.6 ms)
INFO:root:[1,   850] grad_stats: [4.36e+00 8.97e-01] (2.81e-01, 1.97e+01)
INFO:root:[1,   900/ 2562] - train_losses - Parent Class: 0.0000 - Children class: 6.6132 -Autoencoder Loss (total): 513.4656 - Reconstruction/K-Means Loss: [0.0000 / 513.4656] - Consistency Loss: [0.0000] - VICReg Loss: [17.6051][wd: 5.00e-02] [lr: 8.17e-05] [autoencoder lr: 0.00e+00][mem: 6.63e+04] (1512.6 ms)
INFO:root:[1,   900] grad_stats: [8.54e-01 7.48e-01] (5.31e-02, 4.25e+00)
INFO:root:[1,   950/ 2562] - train_losses - Parent Class: 0.0000 - Children class: 6.5965 -Autoencoder Loss (total): 514.2711 - Reconstruction/K-Means Loss: [0.0000 / 514.2711] - Consistency Loss: [0.0000] - VICReg Loss: [17.5866][wd: 5.00e-02] [lr: 8.18e-05] [autoencoder lr: 0.00e+00][mem: 6.63e+04] (1517.7 ms)
INFO:root:[1,   950] grad_stats: [1.46e+00 6.99e-01] (6.53e-02, 7.00e+00)
INFO:root:[1,  1000/ 2562] - train_losses - Parent Class: 0.0000 - Children class: 6.5756 -Autoencoder Loss (total): 514.8191 - Reconstruction/K-Means Loss: [0.0000 / 514.8191] - Consistency Loss: [0.0000] - VICReg Loss: [17.5763][wd: 5.01e-02] [lr: 8.19e-05] [autoencoder lr: 0.00e+00][mem: 6.63e+04] (1523.0 ms)
INFO:root:[1,  1000] grad_stats: [3.93e+00 8.23e-01] (1.93e-01, 1.52e+01)
INFO:root:[1,  1050/ 2562] - train_losses - Parent Class: 0.0000 - Children class: 6.5588 -Autoencoder Loss (total): 515.5225 - Reconstruction/K-Means Loss: [0.0000 / 515.5225] - Consistency Loss: [0.0000] - VICReg Loss: [17.5967][wd: 5.01e-02] [lr: 8.20e-05] [autoencoder lr: 0.00e+00][mem: 6.63e+04] (1528.2 ms)
INFO:root:[1,  1050] grad_stats: [3.25e+01 5.68e-01] (2.55e-01, 1.51e+02)
INFO:root:[1,  1100/ 2562] - train_losses - Parent Class: 0.0000 - Children class: 6.5424 -Autoencoder Loss (total): 516.0056 - Reconstruction/K-Means Loss: [0.0000 / 516.0056] - Consistency Loss: [0.0000] - VICReg Loss: [17.6357][wd: 5.01e-02] [lr: 8.21e-05] [autoencoder lr: 0.00e+00][mem: 6.63e+04] (1533.7 ms)
INFO:root:[1,  1100] grad_stats: [1.32e+01 5.77e-01] (3.92e-01, 3.63e+01)
INFO:root:[1,  1150/ 2562] - train_losses - Parent Class: 0.0000 - Children class: 6.5262 -Autoencoder Loss (total): 516.7699 - Reconstruction/K-Means Loss: [0.0000 / 516.7699] - Consistency Loss: [0.0000] - VICReg Loss: [17.6486][wd: 5.01e-02] [lr: 8.22e-05] [autoencoder lr: 0.00e+00][mem: 6.63e+04] (1539.1 ms)
INFO:root:[1,  1150] grad_stats: [1.19e+01 9.80e-01] (2.17e-01, 9.18e+01)
INFO:root:[1,  1200/ 2562] - train_losses - Parent Class: 0.0000 - Children class: 6.5141 -Autoencoder Loss (total): 517.4854 - Reconstruction/K-Means Loss: [0.0000 / 517.4854] - Consistency Loss: [0.0000] - VICReg Loss: [17.7448][wd: 5.01e-02] [lr: 8.23e-05] [autoencoder lr: 0.00e+00][mem: 6.63e+04] (1544.4 ms)
INFO:root:[1,  1200] grad_stats: [2.02e+00 1.32e+00] (9.12e-02, 1.16e+01)
INFO:root:[1,  1250/ 2562] - train_losses - Parent Class: 0.0000 - Children class: 6.4997 -Autoencoder Loss (total): 518.1973 - Reconstruction/K-Means Loss: [0.0000 / 518.1973] - Consistency Loss: [0.0000] - VICReg Loss: [17.7472][wd: 5.01e-02] [lr: 8.24e-05] [autoencoder lr: 0.00e+00][mem: 6.63e+04] (1549.7 ms)
INFO:root:[1,  1250] grad_stats: [2.49e+01 1.06e+00] (7.67e-01, 1.45e+02)
INFO:root:[1,  1300/ 2562] - train_losses - Parent Class: 0.0000 - Children class: 6.4871 -Autoencoder Loss (total): 518.6954 - Reconstruction/K-Means Loss: [0.0000 / 518.6954] - Consistency Loss: [0.0000] - VICReg Loss: [17.7753][wd: 5.01e-02] [lr: 8.25e-05] [autoencoder lr: 0.00e+00][mem: 6.63e+04] (1554.9 ms)
INFO:root:[1,  1300] grad_stats: [6.87e+00 5.87e-01] (5.71e-01, 1.79e+01)
INFO:root:[1,  1350/ 2562] - train_losses - Parent Class: 0.0000 - Children class: 6.4726 -Autoencoder Loss (total): 519.1258 - Reconstruction/K-Means Loss: [0.0000 / 519.1258] - Consistency Loss: [0.0000] - VICReg Loss: [17.7995][wd: 5.01e-02] [lr: 8.26e-05] [autoencoder lr: 0.00e+00][mem: 6.63e+04] (1560.5 ms)
INFO:root:[1,  1350] grad_stats: [9.20e-01 6.72e-01] (1.09e-01, 4.49e+00)
INFO:root:[1,  1400/ 2562] - train_losses - Parent Class: 0.0000 - Children class: 6.4614 -Autoencoder Loss (total): 519.6268 - Reconstruction/K-Means Loss: [0.0000 / 519.6268] - Consistency Loss: [0.0000] - VICReg Loss: [17.8140][wd: 5.01e-02] [lr: 8.27e-05] [autoencoder lr: 0.00e+00][mem: 6.63e+04] (1566.1 ms)
INFO:root:[1,  1400] grad_stats: [2.78e-01 8.71e-01] (7.46e-02, 3.67e+00)
INFO:root:[1,  1450/ 2562] - train_losses - Parent Class: 0.0000 - Children class: 6.4476 -Autoencoder Loss (total): 519.8598 - Reconstruction/K-Means Loss: [0.0000 / 519.8598] - Consistency Loss: [0.0000] - VICReg Loss: [17.8309][wd: 5.01e-02] [lr: 8.28e-05] [autoencoder lr: 0.00e+00][mem: 6.63e+04] (1571.9 ms)
INFO:root:[1,  1450] grad_stats: [5.42e-01 8.71e-01] (5.82e-02, 2.87e+00)
INFO:root:[1,  1500/ 2562] - train_losses - Parent Class: 0.0000 - Children class: 6.4330 -Autoencoder Loss (total): 520.0548 - Reconstruction/K-Means Loss: [0.0000 / 520.0548] - Consistency Loss: [0.0000] - VICReg Loss: [17.8215][wd: 5.01e-02] [lr: 8.28e-05] [autoencoder lr: 0.00e+00][mem: 6.63e+04] (1577.7 ms)
INFO:root:[1,  1500] grad_stats: [1.04e+00 7.52e-01] (5.69e-02, 4.93e+00)
INFO:root:[1,  1550/ 2562] - train_losses - Parent Class: 0.0000 - Children class: 6.4199 -Autoencoder Loss (total): 520.2043 - Reconstruction/K-Means Loss: [0.0000 / 520.2043] - Consistency Loss: [0.0000] - VICReg Loss: [17.8065][wd: 5.01e-02] [lr: 8.29e-05] [autoencoder lr: 0.00e+00][mem: 6.63e+04] (1583.4 ms)
INFO:root:[1,  1550] grad_stats: [1.95e+00 5.34e-01] (6.19e-02, 8.46e+00)
INFO:root:[1,  1600/ 2562] - train_losses - Parent Class: 0.0000 - Children class: 6.4078 -Autoencoder Loss (total): 520.4952 - Reconstruction/K-Means Loss: [0.0000 / 520.4952] - Consistency Loss: [0.0000] - VICReg Loss: [17.7958][wd: 5.01e-02] [lr: 8.30e-05] [autoencoder lr: 0.00e+00][mem: 6.63e+04] (1589.2 ms)
INFO:root:[1,  1600] grad_stats: [1.25e+00 8.98e-01] (7.37e-02, 5.53e+00)
INFO:root:[1,  1650/ 2562] - train_losses - Parent Class: 0.0000 - Children class: 6.3971 -Autoencoder Loss (total): 520.8140 - Reconstruction/K-Means Loss: [0.0000 / 520.8140] - Consistency Loss: [0.0000] - VICReg Loss: [17.7852][wd: 5.01e-02] [lr: 8.31e-05] [autoencoder lr: 0.00e+00][mem: 6.63e+04] (1594.8 ms)
INFO:root:[1,  1650] grad_stats: [3.07e+00 4.89e-01] (8.86e-02, 1.32e+01)
INFO:root:[1,  1700/ 2562] - train_losses - Parent Class: 0.0000 - Children class: 6.3894 -Autoencoder Loss (total): 521.1652 - Reconstruction/K-Means Loss: [0.0000 / 521.1652] - Consistency Loss: [0.0000] - VICReg Loss: [17.7738][wd: 5.02e-02] [lr: 8.32e-05] [autoencoder lr: 0.00e+00][mem: 6.63e+04] (1600.5 ms)
INFO:root:[1,  1700] grad_stats: [3.75e+00 6.45e-01] (2.95e-01, 1.87e+01)
INFO:root:[1,  1750/ 2562] - train_losses - Parent Class: 0.0000 - Children class: 6.3830 -Autoencoder Loss (total): 521.4063 - Reconstruction/K-Means Loss: [0.0000 / 521.4063] - Consistency Loss: [0.0000] - VICReg Loss: [17.7692][wd: 5.02e-02] [lr: 8.33e-05] [autoencoder lr: 0.00e+00][mem: 6.63e+04] (1606.1 ms)
INFO:root:[1,  1750] grad_stats: [5.98e+00 6.50e-01] (2.19e-01, 2.97e+01)
INFO:root:[1,  1800/ 2562] - train_losses - Parent Class: 0.0000 - Children class: 6.3761 -Autoencoder Loss (total): 521.7026 - Reconstruction/K-Means Loss: [0.0000 / 521.7026] - Consistency Loss: [0.0000] - VICReg Loss: [17.7885][wd: 5.02e-02] [lr: 8.34e-05] [autoencoder lr: 0.00e+00][mem: 6.63e+04] (1611.7 ms)
INFO:root:[1,  1800] grad_stats: [1.06e+00 7.10e-01] (1.36e-01, 4.49e+00)
INFO:root:[1,  1850/ 2562] - train_losses - Parent Class: 0.0000 - Children class: 6.3670 -Autoencoder Loss (total): 521.6476 - Reconstruction/K-Means Loss: [0.0000 / 521.6476] - Consistency Loss: [0.0000] - VICReg Loss: [17.7981][wd: 5.02e-02] [lr: 8.35e-05] [autoencoder lr: 0.00e+00][mem: 6.63e+04] (1617.2 ms)
INFO:root:[1,  1850] grad_stats: [2.09e+00 9.91e-01] (1.40e-01, 1.21e+01)
INFO:root:[1,  1900/ 2562] - train_losses - Parent Class: 0.0000 - Children class: 6.3580 -Autoencoder Loss (total): 521.8947 - Reconstruction/K-Means Loss: [0.0000 / 521.8947] - Consistency Loss: [0.0000] - VICReg Loss: [17.8037][wd: 5.02e-02] [lr: 8.36e-05] [autoencoder lr: 0.00e+00][mem: 6.63e+04] (1623.1 ms)
INFO:root:[1,  1900] grad_stats: [1.63e+00 6.29e-01] (7.79e-02, 6.31e+00)
INFO:root:[1,  1950/ 2562] - train_losses - Parent Class: 0.0000 - Children class: 6.3501 -Autoencoder Loss (total): 522.1280 - Reconstruction/K-Means Loss: [0.0000 / 522.1280] - Consistency Loss: [0.0000] - VICReg Loss: [17.8096][wd: 5.02e-02] [lr: 8.37e-05] [autoencoder lr: 0.00e+00][mem: 6.63e+04] (1628.9 ms)
INFO:root:[1,  1950] grad_stats: [1.40e+01 1.22e+00] (2.85e-01, 6.98e+01)
INFO:root:[1,  2000/ 2562] - train_losses - Parent Class: 0.0000 - Children class: 6.3427 -Autoencoder Loss (total): 522.3361 - Reconstruction/K-Means Loss: [0.0000 / 522.3361] - Consistency Loss: [0.0000] - VICReg Loss: [17.8219][wd: 5.02e-02] [lr: 8.38e-05] [autoencoder lr: 0.00e+00][mem: 6.63e+04] (1634.7 ms)
INFO:root:[1,  2000] grad_stats: [1.66e+00 8.74e-01] (5.62e-02, 5.87e+00)
INFO:root:[1,  2050/ 2562] - train_losses - Parent Class: 0.0000 - Children class: 6.3346 -Autoencoder Loss (total): 522.5885 - Reconstruction/K-Means Loss: [0.0000 / 522.5885] - Consistency Loss: [0.0000] - VICReg Loss: [17.8284][wd: 5.02e-02] [lr: 8.39e-05] [autoencoder lr: 0.00e+00][mem: 6.63e+04] (1640.5 ms)
INFO:root:[1,  2050] grad_stats: [2.41e+00 1.04e+00] (1.55e-01, 9.60e+00)
INFO:root:[1,  2100/ 2562] - train_losses - Parent Class: 0.0000 - Children class: 6.3269 -Autoencoder Loss (total): 522.5324 - Reconstruction/K-Means Loss: [0.0000 / 522.5324] - Consistency Loss: [0.0000] - VICReg Loss: [17.8362][wd: 5.02e-02] [lr: 8.40e-05] [autoencoder lr: 0.00e+00][mem: 6.63e+04] (1646.5 ms)
INFO:root:[1,  2100] grad_stats: [2.48e+00 7.43e-01] (1.68e-01, 9.71e+00)
INFO:root:[1,  2150/ 2562] - train_losses - Parent Class: 0.0000 - Children class: 6.3202 -Autoencoder Loss (total): 522.7289 - Reconstruction/K-Means Loss: [0.0000 / 522.7289] - Consistency Loss: [0.0000] - VICReg Loss: [17.8307][wd: 5.02e-02] [lr: 8.41e-05] [autoencoder lr: 0.00e+00][mem: 6.63e+04] (1652.1 ms)
INFO:root:[1,  2150] grad_stats: [9.21e+00 1.14e+00] (2.66e-01, 3.43e+01)
INFO:root:[1,  2200/ 2562] - train_losses - Parent Class: 0.0000 - Children class: 6.3145 -Autoencoder Loss (total): 522.8682 - Reconstruction/K-Means Loss: [0.0000 / 522.8682] - Consistency Loss: [0.0000] - VICReg Loss: [17.8411][wd: 5.03e-02] [lr: 8.42e-05] [autoencoder lr: 0.00e+00][mem: 6.63e+04] (1657.9 ms)
INFO:root:[1,  2200] grad_stats: [1.94e+01 1.42e+00] (2.93e-01, 4.84e+01)
INFO:root:[1,  2250/ 2562] - train_losses - Parent Class: 0.0000 - Children class: 6.3123 -Autoencoder Loss (total): 523.0886 - Reconstruction/K-Means Loss: [0.0000 / 523.0886] - Consistency Loss: [0.0000] - VICReg Loss: [17.8849][wd: 5.03e-02] [lr: 8.43e-05] [autoencoder lr: 0.00e+00][mem: 6.63e+04] (1663.6 ms)
INFO:root:[1,  2250] grad_stats: [9.31e-01 1.28e+00] (6.27e-02, 3.05e+00)
INFO:root:[1,  2300/ 2562] - train_losses - Parent Class: 0.0000 - Children class: 6.3101 -Autoencoder Loss (total): 523.3235 - Reconstruction/K-Means Loss: [0.0000 / 523.3235] - Consistency Loss: [0.0000] - VICReg Loss: [17.9110][wd: 5.03e-02] [lr: 8.44e-05] [autoencoder lr: 0.00e+00][mem: 6.63e+04] (1669.3 ms)
INFO:root:[1,  2300] grad_stats: [3.81e+00 8.17e-01] (8.30e-02, 1.05e+01)
INFO:root:[1,  2350/ 2562] - train_losses - Parent Class: 0.0000 - Children class: 6.3067 -Autoencoder Loss (total): 523.4754 - Reconstruction/K-Means Loss: [0.0000 / 523.4754] - Consistency Loss: [0.0000] - VICReg Loss: [17.9228][wd: 5.03e-02] [lr: 8.45e-05] [autoencoder lr: 0.00e+00][mem: 6.63e+04] (1675.0 ms)
INFO:root:[1,  2350] grad_stats: [6.30e+00 7.38e-01] (5.35e-02, 1.44e+01)
INFO:root:[1,  2400/ 2562] - train_losses - Parent Class: 0.0000 - Children class: 6.3037 -Autoencoder Loss (total): 523.7310 - Reconstruction/K-Means Loss: [0.0000 / 523.7310] - Consistency Loss: [0.0000] - VICReg Loss: [17.9321][wd: 5.03e-02] [lr: 8.46e-05] [autoencoder lr: 0.00e+00][mem: 6.63e+04] (1680.6 ms)
INFO:root:[1,  2400] grad_stats: [2.05e+00 7.98e-01] (3.83e-02, 6.20e+00)
INFO:root:[1,  2450/ 2562] - train_losses - Parent Class: 0.0000 - Children class: 6.2984 -Autoencoder Loss (total): 523.7443 - Reconstruction/K-Means Loss: [0.0000 / 523.7443] - Consistency Loss: [0.0000] - VICReg Loss: [17.9335][wd: 5.03e-02] [lr: 8.46e-05] [autoencoder lr: 0.00e+00][mem: 6.63e+04] (1686.4 ms)
INFO:root:[1,  2450] grad_stats: [1.61e+01 9.97e-01] (3.04e-01, 6.69e+01)
INFO:root:[1,  2500/ 2562] - train_losses - Parent Class: 0.0000 - Children class: 6.2941 -Autoencoder Loss (total): 523.8339 - Reconstruction/K-Means Loss: [0.0000 / 523.8339] - Consistency Loss: [0.0000] - VICReg Loss: [17.9395][wd: 5.03e-02] [lr: 8.47e-05] [autoencoder lr: 0.00e+00][mem: 6.63e+04] (1692.2 ms)
INFO:root:[1,  2500] grad_stats: [3.61e+00 7.31e-01] (1.28e-01, 1.40e+01)
INFO:root:[1,  2550/ 2562] - train_losses - Parent Class: 0.0000 - Children class: 6.2911 -Autoencoder Loss (total): 523.8875 - Reconstruction/K-Means Loss: [0.0000 / 523.8875] - Consistency Loss: [0.0000] - VICReg Loss: [17.9399][wd: 5.03e-02] [lr: 8.48e-05] [autoencoder lr: 0.00e+00][mem: 6.63e+04] (1698.2 ms)
INFO:root:[1,  2550] grad_stats: [2.04e+01 1.26e+00] (1.17e-01, 5.57e+01)
INFO:root:Asserting cache length
INFO:root:Reinitializing centroids
Avg no of empty clusters: 8.310981535471331
INFO:faiss.loader:Loading faiss with AVX2 support.
INFO:faiss.loader:Successfully loaded faiss with AVX2 support.
INFO:faiss.loader:Loading faiss with AVX2 support.
INFO:faiss.loader:Successfully loaded faiss with AVX2 support.
INFO:faiss.loader:Loading faiss with AVX2 support.
INFO:faiss.loader:Successfully loaded faiss with AVX2 support.
INFO:faiss.loader:Loading faiss with AVX2 support.
INFO:faiss.loader:Successfully loaded faiss with AVX2 support.
INFO:faiss.loader:Loading faiss with AVX2 support.
INFO:faiss.loader:Successfully loaded faiss with AVX2 support.
INFO:faiss.loader:Loading faiss with AVX2 support.
INFO:faiss.loader:Successfully loaded faiss with AVX2 support.
INFO:faiss.loader:Loading faiss with AVX2 support.
INFO:faiss.loader:Successfully loaded faiss with AVX2 support.
INFO:faiss.loader:Loading faiss with AVX2 support.
INFO:faiss.loader:Successfully loaded faiss with AVX2 support.
INFO:faiss.loader:Loading faiss with AVX2 support.
INFO:faiss.loader:Successfully loaded faiss with AVX2 support.
INFO:faiss.loader:Loading faiss with AVX2 support.
INFO:faiss.loader:Successfully loaded faiss with AVX2 support.
INFO:faiss.loader:Loading faiss with AVX2 support.
INFO:faiss.loader:Successfully loaded faiss with AVX2 support.
INFO:faiss.loader:Loading faiss with AVX2 support.
INFO:faiss.loader:Successfully loaded faiss with AVX2 support.
INFO:faiss.loader:Loading faiss with AVX2 support.
INFO:faiss.loader:Successfully loaded faiss with AVX2 support.
INFO:faiss.loader:Loading faiss with AVX2 support.
INFO:faiss.loader:Successfully loaded faiss with AVX2 support.
INFO:faiss.loader:Loading faiss with AVX2 support.
INFO:faiss.loader:Successfully loaded faiss with AVX2 support.
INFO:faiss.loader:Loading faiss with AVX2 support.
INFO:faiss.loader:Successfully loaded faiss with AVX2 support.
INFO:root:avg. train_loss 24.231
INFO:root:avg. test_loss 0.000 avg. Accuracy@1 6.451 - avg. Accuracy@5 0.000
INFO:root:Loss 25.2949
INFO:root:Epoch 2
INFO:faiss.loader:Loading faiss with AVX2 support.
INFO:faiss.loader:Successfully loaded faiss with AVX2 support.
INFO:faiss.loader:Loading faiss with AVX2 support.
INFO:faiss.loader:Successfully loaded faiss with AVX2 support.
INFO:faiss.loader:Loading faiss with AVX2 support.
INFO:faiss.loader:Successfully loaded faiss with AVX2 support.
INFO:faiss.loader:Loading faiss with AVX2 support.
INFO:faiss.loader:Successfully loaded faiss with AVX2 support.
INFO:faiss.loader:Loading faiss with AVX2 support.
INFO:faiss.loader:Successfully loaded faiss with AVX2 support.
INFO:faiss.loader:Loading faiss with AVX2 support.
INFO:faiss.loader:Successfully loaded faiss with AVX2 support.
INFO:faiss.loader:Loading faiss with AVX2 support.
INFO:faiss.loader:Successfully loaded faiss with AVX2 support.
INFO:faiss.loader:Loading faiss with AVX2 support.
INFO:faiss.loader:Successfully loaded faiss with AVX2 support.
INFO:faiss.loader:Loading faiss with AVX2 support.
INFO:faiss.loader:Successfully loaded faiss with AVX2 support.
INFO:faiss.loader:Loading faiss with AVX2 support.
INFO:faiss.loader:Successfully loaded faiss with AVX2 support.
INFO:faiss.loader:Loading faiss with AVX2 support.
INFO:faiss.loader:Successfully loaded faiss with AVX2 support.
INFO:faiss.loader:Loading faiss with AVX2 support.
INFO:faiss.loader:Successfully loaded faiss with AVX2 support.
INFO:faiss.loader:Loading faiss with AVX2 support.
INFO:faiss.loader:Successfully loaded faiss with AVX2 support.
INFO:faiss.loader:Loading faiss with AVX2 support.
INFO:faiss.loader:Successfully loaded faiss with AVX2 support.
INFO:faiss.loader:Loading faiss with AVX2 support.
INFO:faiss.loader:Successfully loaded faiss with AVX2 support.
INFO:faiss.loader:Loading faiss with AVX2 support.
INFO:faiss.loader:Successfully loaded faiss with AVX2 support.
INFO:root:[2,     0/ 2562] - train_losses - Parent Class: 0.0000 - Children class: 7.9093 -Autoencoder Loss (total): 739.1165 - Reconstruction/K-Means Loss: [0.0000 / 739.1165] - Consistency Loss: [0.0000] - VICReg Loss: [18.0706][wd: 5.03e-02] [lr: 8.49e-05] [autoencoder lr: 0.00e+00][mem: 6.63e+04] (2990.7 ms)
INFO:root:[2,     0] grad_stats: [4.63e+00 9.19e-01] (6.06e-02, 2.28e+01)
INFO:root:[2,    50/ 2562] - train_losses - Parent Class: 0.0000 - Children class: 6.9561 -Autoencoder Loss (total): 646.5608 - Reconstruction/K-Means Loss: [0.0000 / 646.5608] - Consistency Loss: [0.0000] - VICReg Loss: [17.9241][wd: 5.04e-02] [lr: 8.50e-05] [autoencoder lr: 0.00e+00][mem: 6.63e+04] (1471.6 ms)
INFO:root:[2,    50] grad_stats: [2.42e+00 9.78e-01] (5.95e-02, 8.33e+00)
INFO:root:[2,   100/ 2562] - train_losses - Parent Class: 0.0000 - Children class: 6.6069 -Autoencoder Loss (total): 652.0401 - Reconstruction/K-Means Loss: [0.0000 / 652.0401] - Consistency Loss: [0.0000] - VICReg Loss: [17.8505][wd: 5.04e-02] [lr: 8.50e-05] [autoencoder lr: 0.00e+00][mem: 6.63e+04] (1460.0 ms)
INFO:root:[2,   100] grad_stats: [1.17e+01 5.46e-01] (1.12e-01, 2.22e+01)
INFO:root:[2,   150/ 2562] - train_losses - Parent Class: 0.0000 - Children class: 6.4580 -Autoencoder Loss (total): 653.8530 - Reconstruction/K-Means Loss: [0.0000 / 653.8530] - Consistency Loss: [0.0000] - VICReg Loss: [17.8436][wd: 5.04e-02] [lr: 8.51e-05] [autoencoder lr: 0.00e+00][mem: 6.63e+04] (1457.7 ms)
INFO:root:[2,   150] grad_stats: [1.64e+00 8.26e-01] (5.45e-02, 4.76e+00)
INFO:root:[2,   200/ 2562] - train_losses - Parent Class: 0.0000 - Children class: 6.3626 -Autoencoder Loss (total): 655.4414 - Reconstruction/K-Means Loss: [0.0000 / 655.4414] - Consistency Loss: [0.0000] - VICReg Loss: [17.7923][wd: 5.04e-02] [lr: 8.52e-05] [autoencoder lr: 0.00e+00][mem: 6.63e+04] (1457.8 ms)
INFO:root:[2,   200] grad_stats: [1.98e+00 1.71e+00] (5.34e-02, 7.33e+00)
INFO:root:[2,   250/ 2562] - train_losses - Parent Class: 0.0000 - Children class: 6.2937 -Autoencoder Loss (total): 656.6794 - Reconstruction/K-Means Loss: [0.0000 / 656.6794] - Consistency Loss: [0.0000] - VICReg Loss: [17.7385][wd: 5.04e-02] [lr: 8.53e-05] [autoencoder lr: 0.00e+00][mem: 6.63e+04] (1459.4 ms)
INFO:root:[2,   250] grad_stats: [1.52e+00 7.74e-01] (4.23e-02, 5.67e+00)
INFO:root:[2,   300/ 2562] - train_losses - Parent Class: 0.0000 - Children class: 6.2521 -Autoencoder Loss (total): 658.2641 - Reconstruction/K-Means Loss: [0.0000 / 658.2641] - Consistency Loss: [0.0000] - VICReg Loss: [17.6817][wd: 5.04e-02] [lr: 8.54e-05] [autoencoder lr: 0.00e+00][mem: 6.63e+04] (1461.7 ms)
INFO:root:[2,   300] grad_stats: [3.38e+00 9.38e-01] (1.26e-01, 9.42e+00)
INFO:root:[2,   350/ 2562] - train_losses - Parent Class: 0.0000 - Children class: 6.2195 -Autoencoder Loss (total): 659.1751 - Reconstruction/K-Means Loss: [0.0000 / 659.1751] - Consistency Loss: [0.0000] - VICReg Loss: [17.8551][wd: 5.04e-02] [lr: 8.55e-05] [autoencoder lr: 0.00e+00][mem: 6.63e+04] (1464.8 ms)
INFO:root:[2,   350] grad_stats: [2.18e+01 1.52e+00] (2.08e-01, 7.76e+01)
INFO:root:[2,   400/ 2562] - train_losses - Parent Class: 0.0000 - Children class: 6.2252 -Autoencoder Loss (total): 660.4340 - Reconstruction/K-Means Loss: [0.0000 / 660.4340] - Consistency Loss: [0.0000] - VICReg Loss: [18.4439][wd: 5.05e-02] [lr: 8.56e-05] [autoencoder lr: 0.00e+00][mem: 6.63e+04] (1467.6 ms)
INFO:root:[2,   400] grad_stats: [2.70e-01 7.69e-02] (6.03e-03, 2.85e+00)
INFO:root:[2,   450/ 2562] - train_losses - Parent Class: 0.0000 - Children class: 6.2197 -Autoencoder Loss (total): 661.2889 - Reconstruction/K-Means Loss: [0.0000 / 661.2889] - Consistency Loss: [0.0000] - VICReg Loss: [18.7005][wd: 5.05e-02] [lr: 8.57e-05] [autoencoder lr: 0.00e+00][mem: 6.63e+04] (1471.0 ms)
INFO:root:[2,   450] grad_stats: [3.79e+00 6.03e-01] (5.44e-02, 1.32e+01)
INFO:root:[2,   500/ 2562] - train_losses - Parent Class: 0.0000 - Children class: 6.2053 -Autoencoder Loss (total): 661.4717 - Reconstruction/K-Means Loss: [0.0000 / 661.4717] - Consistency Loss: [0.0000] - VICReg Loss: [18.8143][wd: 5.05e-02] [lr: 8.58e-05] [autoencoder lr: 0.00e+00][mem: 6.63e+04] (1474.9 ms)
INFO:root:[2,   500] grad_stats: [3.97e+00 5.54e-01] (5.81e-02, 1.72e+01)
INFO:root:[2,   550/ 2562] - train_losses - Parent Class: 0.0000 - Children class: 6.1943 -Autoencoder Loss (total): 662.5927 - Reconstruction/K-Means Loss: [0.0000 / 662.5927] - Consistency Loss: [0.0000] - VICReg Loss: [18.7769][wd: 5.05e-02] [lr: 8.59e-05] [autoencoder lr: 0.00e+00][mem: 6.63e+04] (1479.1 ms)
INFO:root:[2,   550] grad_stats: [4.41e+00 7.74e-01] (8.93e-02, 1.37e+01)
INFO:root:[2,   600/ 2562] - train_losses - Parent Class: 0.0000 - Children class: 6.1812 -Autoencoder Loss (total): 663.0683 - Reconstruction/K-Means Loss: [0.0000 / 663.0683] - Consistency Loss: [0.0000] - VICReg Loss: [18.7137][wd: 5.05e-02] [lr: 8.60e-05] [autoencoder lr: 0.00e+00][mem: 6.63e+04] (1483.4 ms)
INFO:root:[2,   600] grad_stats: [3.31e+01 8.26e-01] (1.22e-01, 6.77e+01)
INFO:root:[2,   650/ 2562] - train_losses - Parent Class: 0.0000 - Children class: 6.1679 -Autoencoder Loss (total): 663.4415 - Reconstruction/K-Means Loss: [0.0000 / 663.4415] - Consistency Loss: [0.0000] - VICReg Loss: [18.6519][wd: 5.05e-02] [lr: 8.61e-05] [autoencoder lr: 0.00e+00][mem: 6.63e+04] (1488.3 ms)
INFO:root:[2,   650] grad_stats: [5.99e+00 1.54e+00] (1.72e-01, 1.91e+01)
INFO:root:[2,   700/ 2562] - train_losses - Parent Class: 0.0000 - Children class: 6.1572 -Autoencoder Loss (total): 664.0908 - Reconstruction/K-Means Loss: [0.0000 / 664.0908] - Consistency Loss: [0.0000] - VICReg Loss: [18.5806][wd: 5.06e-02] [lr: 8.62e-05] [autoencoder lr: 0.00e+00][mem: 6.63e+04] (1492.8 ms)
INFO:root:[2,   700] grad_stats: [5.99e+00 1.02e+00] (1.03e-01, 1.84e+01)
INFO:root:[2,   750/ 2562] - train_losses - Parent Class: 0.0000 - Children class: 6.1447 -Autoencoder Loss (total): 664.5274 - Reconstruction/K-Means Loss: [0.0000 / 664.5274] - Consistency Loss: [0.0000] - VICReg Loss: [18.5464][wd: 5.06e-02] [lr: 8.63e-05] [autoencoder lr: 0.00e+00][mem: 6.63e+04] (1497.4 ms)
INFO:root:[2,   750] grad_stats: [1.40e+00 8.02e-01] (1.21e-01, 3.77e+00)
INFO:root:[2,   800/ 2562] - train_losses - Parent Class: 0.0000 - Children class: 6.1345 -Autoencoder Loss (total): 664.8515 - Reconstruction/K-Means Loss: [0.0000 / 664.8515] - Consistency Loss: [0.0000] - VICReg Loss: [18.5006][wd: 5.06e-02] [lr: 8.64e-05] [autoencoder lr: 0.00e+00][mem: 6.63e+04] (1501.9 ms)
INFO:root:[2,   800] grad_stats: [9.48e+00 1.11e+00] (9.48e-02, 2.16e+01)
INFO:root:[2,   850/ 2562] - train_losses - Parent Class: 0.0000 - Children class: 6.1260 -Autoencoder Loss (total): 665.2649 - Reconstruction/K-Means Loss: [0.0000 / 665.2649] - Consistency Loss: [0.0000] - VICReg Loss: [18.4537][wd: 5.06e-02] [lr: 8.65e-05] [autoencoder lr: 0.00e+00][mem: 6.63e+04] (1506.5 ms)
INFO:root:[2,   850] grad_stats: [1.71e+00 7.38e-01] (8.04e-02, 5.33e+00)
INFO:root:[2,   900/ 2562] - train_losses - Parent Class: 0.0000 - Children class: 6.1137 -Autoencoder Loss (total): 665.4431 - Reconstruction/K-Means Loss: [0.0000 / 665.4431] - Consistency Loss: [0.0000] - VICReg Loss: [18.4003][wd: 5.06e-02] [lr: 8.66e-05] [autoencoder lr: 0.00e+00][mem: 6.63e+04] (1511.3 ms)
INFO:root:[2,   900] grad_stats: [1.50e+00 8.30e-01] (5.81e-02, 3.93e+00)
INFO:root:[2,   950/ 2562] - train_losses - Parent Class: 0.0000 - Children class: 6.1076 -Autoencoder Loss (total): 665.7512 - Reconstruction/K-Means Loss: [0.0000 / 665.7512] - Consistency Loss: [0.0000] - VICReg Loss: [18.3770][wd: 5.06e-02] [lr: 8.67e-05] [autoencoder lr: 0.00e+00][mem: 6.63e+04] (1516.5 ms)
INFO:root:[2,   950] grad_stats: [2.98e+00 6.85e-01] (6.05e-02, 6.20e+00)
INFO:root:[2,  1000/ 2562] - train_losses - Parent Class: 0.0000 - Children class: 6.1001 -Autoencoder Loss (total): 666.1370 - Reconstruction/K-Means Loss: [0.0000 / 666.1370] - Consistency Loss: [0.0000] - VICReg Loss: [18.3361][wd: 5.07e-02] [lr: 8.68e-05] [autoencoder lr: 0.00e+00][mem: 6.63e+04] (1521.6 ms)
INFO:root:[2,  1000] grad_stats: [1.97e+00 9.74e-01] (7.65e-02, 5.77e+00)
INFO:root:[2,  1050/ 2562] - train_losses - Parent Class: 0.0000 - Children class: 6.0922 -Autoencoder Loss (total): 666.4071 - Reconstruction/K-Means Loss: [0.0000 / 666.4071] - Consistency Loss: [0.0000] - VICReg Loss: [18.2979][wd: 5.07e-02] [lr: 8.68e-05] [autoencoder lr: 0.00e+00][mem: 6.63e+04] (1526.5 ms)
INFO:root:[2,  1050] grad_stats: [1.58e+00 1.22e+00] (8.82e-02, 4.86e+00)
INFO:root:[2,  1100/ 2562] - train_losses - Parent Class: 0.0000 - Children class: 6.0868 -Autoencoder Loss (total): 666.7862 - Reconstruction/K-Means Loss: [0.0000 / 666.7862] - Consistency Loss: [0.0000] - VICReg Loss: [18.2633][wd: 5.07e-02] [lr: 8.69e-05] [autoencoder lr: 0.00e+00][mem: 6.63e+04] (1531.7 ms)
INFO:root:[2,  1100] grad_stats: [1.53e+00 6.16e-01] (4.08e-02, 3.69e+00)
INFO:root:[2,  1150/ 2562] - train_losses - Parent Class: 0.0000 - Children class: 6.0787 -Autoencoder Loss (total): 667.0424 - Reconstruction/K-Means Loss: [0.0000 / 667.0424] - Consistency Loss: [0.0000] - VICReg Loss: [18.2218][wd: 5.07e-02] [lr: 8.70e-05] [autoencoder lr: 0.00e+00][mem: 6.63e+04] (1536.9 ms)
INFO:root:[2,  1150] grad_stats: [5.78e+00 1.02e+00] (6.38e-02, 2.30e+01)
INFO:root:[2,  1200/ 2562] - train_losses - Parent Class: 0.0000 - Children class: 6.0697 -Autoencoder Loss (total): 667.1394 - Reconstruction/K-Means Loss: [0.0000 / 667.1394] - Consistency Loss: [0.0000] - VICReg Loss: [18.1792][wd: 5.07e-02] [lr: 8.71e-05] [autoencoder lr: 0.00e+00][mem: 6.63e+04] (1542.1 ms)
INFO:root:[2,  1200] grad_stats: [3.15e+00 1.13e+00] (4.62e-02, 4.50e+00)
INFO:root:[2,  1250/ 2562] - train_losses - Parent Class: 0.0000 - Children class: 6.0617 -Autoencoder Loss (total): 667.4039 - Reconstruction/K-Means Loss: [0.0000 / 667.4039] - Consistency Loss: [0.0000] - VICReg Loss: [18.1428][wd: 5.08e-02] [lr: 8.72e-05] [autoencoder lr: 0.00e+00][mem: 6.63e+04] (1547.3 ms)
INFO:root:[2,  1250] grad_stats: [5.63e+00 1.12e+00] (7.96e-02, 2.19e+01)
INFO:root:[2,  1300/ 2562] - train_losses - Parent Class: 0.0000 - Children class: 6.0551 -Autoencoder Loss (total): 667.6034 - Reconstruction/K-Means Loss: [0.0000 / 667.6034] - Consistency Loss: [0.0000] - VICReg Loss: [18.1103][wd: 5.08e-02] [lr: 8.73e-05] [autoencoder lr: 0.00e+00][mem: 6.63e+04] (1552.6 ms)
INFO:root:[2,  1300] grad_stats: [1.03e+00 5.47e-01] (2.22e-02, 3.13e+00)
INFO:root:[2,  1350/ 2562] - train_losses - Parent Class: 0.0000 - Children class: 6.0477 -Autoencoder Loss (total): 667.6828 - Reconstruction/K-Means Loss: [0.0000 / 667.6828] - Consistency Loss: [0.0000] - VICReg Loss: [18.0737][wd: 5.08e-02] [lr: 8.74e-05] [autoencoder lr: 0.00e+00][mem: 6.63e+04] (1557.9 ms)
INFO:root:[2,  1350] grad_stats: [2.85e+00 7.94e-01] (2.89e-02, 9.53e+00)
INFO:root:[2,  1400/ 2562] - train_losses - Parent Class: 0.0000 - Children class: 6.0404 -Autoencoder Loss (total): 667.7392 - Reconstruction/K-Means Loss: [0.0000 / 667.7392] - Consistency Loss: [0.0000] - VICReg Loss: [18.0416][wd: 5.08e-02] [lr: 8.75e-05] [autoencoder lr: 0.00e+00][mem: 6.63e+04] (1563.1 ms)
INFO:root:[2,  1400] grad_stats: [1.44e+01 1.23e+00] (3.86e-02, 4.54e+01)
INFO:root:[2,  1450/ 2562] - train_losses - Parent Class: 0.0000 - Children class: 6.0334 -Autoencoder Loss (total): 667.8008 - Reconstruction/K-Means Loss: [0.0000 / 667.8008] - Consistency Loss: [0.0000] - VICReg Loss: [18.0105][wd: 5.08e-02] [lr: 8.76e-05] [autoencoder lr: 0.00e+00][mem: 6.63e+04] (1568.4 ms)
INFO:root:[2,  1450] grad_stats: [1.27e+01 2.09e+00] (2.94e-01, 3.14e+01)
INFO:root:[2,  1500/ 2562] - train_losses - Parent Class: 0.0000 - Children class: 6.0267 -Autoencoder Loss (total): 667.8642 - Reconstruction/K-Means Loss: [0.0000 / 667.8642] - Consistency Loss: [0.0000] - VICReg Loss: [17.9810][wd: 5.09e-02] [lr: 8.77e-05] [autoencoder lr: 0.00e+00][mem: 6.63e+04] (1573.7 ms)
INFO:root:[2,  1500] grad_stats: [4.42e+00 7.54e-01] (2.42e-02, 1.03e+01)
INFO:root:[2,  1550/ 2562] - train_losses - Parent Class: 0.0000 - Children class: 6.0210 -Autoencoder Loss (total): 667.9864 - Reconstruction/K-Means Loss: [0.0000 / 667.9864] - Consistency Loss: [0.0000] - VICReg Loss: [17.9478][wd: 5.09e-02] [lr: 8.78e-05] [autoencoder lr: 0.00e+00][mem: 6.63e+04] (1578.9 ms)
INFO:root:[2,  1550] grad_stats: [1.03e+01 7.22e-01] (3.46e-02, 3.35e+01)
INFO:root:[2,  1600/ 2562] - train_losses - Parent Class: 0.0000 - Children class: 6.0144 -Autoencoder Loss (total): 668.1106 - Reconstruction/K-Means Loss: [0.0000 / 668.1106] - Consistency Loss: [0.0000] - VICReg Loss: [17.9176][wd: 5.09e-02] [lr: 8.79e-05] [autoencoder lr: 0.00e+00][mem: 6.63e+04] (1584.4 ms)
INFO:root:[2,  1600] grad_stats: [2.91e+00 8.17e-01] (3.63e-02, 6.30e+00)
INFO:root:[2,  1650/ 2562] - train_losses - Parent Class: 0.0000 - Children class: 6.0098 -Autoencoder Loss (total): 668.3161 - Reconstruction/K-Means Loss: [0.0000 / 668.3161] - Consistency Loss: [0.0000] - VICReg Loss: [17.8909][wd: 5.09e-02] [lr: 8.80e-05] [autoencoder lr: 0.00e+00][mem: 6.63e+04] (1590.0 ms)
INFO:root:[2,  1650] grad_stats: [4.95e+00 8.31e-01] (3.35e-02, 1.38e+01)
INFO:root:[2,  1700/ 2562] - train_losses - Parent Class: 0.0000 - Children class: 6.0036 -Autoencoder Loss (total): 668.3443 - Reconstruction/K-Means Loss: [0.0000 / 668.3443] - Consistency Loss: [0.0000] - VICReg Loss: [17.8646][wd: 5.10e-02] [lr: 8.81e-05] [autoencoder lr: 0.00e+00][mem: 6.63e+04] (1595.8 ms)
INFO:root:[2,  1700] grad_stats: [5.42e+00 5.61e-01] (3.92e-02, 1.06e+01)
INFO:root:[2,  1750/ 2562] - train_losses - Parent Class: 0.0000 - Children class: 5.9985 -Autoencoder Loss (total): 668.4483 - Reconstruction/K-Means Loss: [0.0000 / 668.4483] - Consistency Loss: [0.0000] - VICReg Loss: [17.8406][wd: 5.10e-02] [lr: 8.82e-05] [autoencoder lr: 0.00e+00][mem: 6.63e+04] (1601.2 ms)
INFO:root:[2,  1750] grad_stats: [6.44e+00 9.02e-01] (5.26e-02, 2.01e+01)
INFO:root:[2,  1800/ 2562] - train_losses - Parent Class: 0.0000 - Children class: 5.9941 -Autoencoder Loss (total): 668.6735 - Reconstruction/K-Means Loss: [0.0000 / 668.6735] - Consistency Loss: [0.0000] - VICReg Loss: [17.8218][wd: 5.10e-02] [lr: 8.83e-05] [autoencoder lr: 0.00e+00][mem: 6.63e+04] (1606.4 ms)
INFO:root:[2,  1800] grad_stats: [1.59e+00 4.87e-01] (6.24e-02, 4.53e+00)
INFO:root:[2,  1850/ 2562] - train_losses - Parent Class: 0.0000 - Children class: 5.9909 -Autoencoder Loss (total): 668.8681 - Reconstruction/K-Means Loss: [0.0000 / 668.8681] - Consistency Loss: [0.0000] - VICReg Loss: [17.8128][wd: 5.10e-02] [lr: 8.84e-05] [autoencoder lr: 0.00e+00][mem: 6.63e+04] (1611.8 ms)
INFO:root:[2,  1850] grad_stats: [1.43e+00 8.43e-01] (4.26e-02, 3.44e+00)
INFO:root:[2,  1900/ 2562] - train_losses - Parent Class: 0.0000 - Children class: 5.9864 -Autoencoder Loss (total): 669.0760 - Reconstruction/K-Means Loss: [0.0000 / 669.0760] - Consistency Loss: [0.0000] - VICReg Loss: [17.7955][wd: 5.10e-02] [lr: 8.85e-05] [autoencoder lr: 0.00e+00][mem: 6.63e+04] (1617.3 ms)
INFO:root:[2,  1900] grad_stats: [2.83e+00 6.55e-01] (8.28e-02, 4.45e+00)
INFO:root:[2,  1950/ 2562] - train_losses - Parent Class: 0.0000 - Children class: 5.9809 -Autoencoder Loss (total): 669.0720 - Reconstruction/K-Means Loss: [0.0000 / 669.0720] - Consistency Loss: [0.0000] - VICReg Loss: [17.7769][wd: 5.11e-02] [lr: 8.86e-05] [autoencoder lr: 0.00e+00][mem: 6.63e+04] (1622.8 ms)
INFO:root:[2,  1950] grad_stats: [4.63e+00 9.14e-01] (4.19e-02, 7.95e+00)
INFO:root:[2,  2000/ 2562] - train_losses - Parent Class: 0.0000 - Children class: 5.9766 -Autoencoder Loss (total): 669.1197 - Reconstruction/K-Means Loss: [0.0000 / 669.1197] - Consistency Loss: [0.0000] - VICReg Loss: [17.7564][wd: 5.11e-02] [lr: 8.87e-05] [autoencoder lr: 0.00e+00][mem: 6.63e+04] (1628.2 ms)
INFO:root:[2,  2000] grad_stats: [1.66e+00 8.64e-01] (1.93e-02, 3.38e+00)
INFO:root:[2,  2050/ 2562] - train_losses - Parent Class: 0.0000 - Children class: 5.9716 -Autoencoder Loss (total): 669.1953 - Reconstruction/K-Means Loss: [0.0000 / 669.1953] - Consistency Loss: [0.0000] - VICReg Loss: [17.7349][wd: 5.11e-02] [lr: 8.87e-05] [autoencoder lr: 0.00e+00][mem: 6.63e+04] (1633.7 ms)
INFO:root:[2,  2050] grad_stats: [3.77e+00 7.52e-01] (3.19e-02, 8.11e+00)
INFO:root:[2,  2100/ 2562] - train_losses - Parent Class: 0.0000 - Children class: 5.9677 -Autoencoder Loss (total): 669.2863 - Reconstruction/K-Means Loss: [0.0000 / 669.2863] - Consistency Loss: [0.0000] - VICReg Loss: [17.7147][wd: 5.11e-02] [lr: 8.88e-05] [autoencoder lr: 0.00e+00][mem: 6.63e+04] (1639.2 ms)
INFO:root:[2,  2100] grad_stats: [2.77e+00 8.88e-01] (3.22e-02, 5.72e+00)
INFO:root:[2,  2150/ 2562] - train_losses - Parent Class: 0.0000 - Children class: 5.9635 -Autoencoder Loss (total): 669.3769 - Reconstruction/K-Means Loss: [0.0000 / 669.3769] - Consistency Loss: [0.0000] - VICReg Loss: [17.6984][wd: 5.12e-02] [lr: 8.89e-05] [autoencoder lr: 0.00e+00][mem: 6.63e+04] (1644.6 ms)
INFO:root:[2,  2150] grad_stats: [3.21e+00 8.29e-01] (3.64e-02, 5.14e+00)
INFO:root:[2,  2200/ 2562] - train_losses - Parent Class: 0.0000 - Children class: 5.9599 -Autoencoder Loss (total): 669.4590 - Reconstruction/K-Means Loss: [0.0000 / 669.4590] - Consistency Loss: [0.0000] - VICReg Loss: [17.6805][wd: 5.12e-02] [lr: 8.90e-05] [autoencoder lr: 0.00e+00][mem: 6.63e+04] (1650.0 ms)
INFO:root:[2,  2200] grad_stats: [1.83e+00 6.60e-01] (4.45e-02, 4.22e+00)
INFO:root:[2,  2250/ 2562] - train_losses - Parent Class: 0.0000 - Children class: 5.9547 -Autoencoder Loss (total): 669.4853 - Reconstruction/K-Means Loss: [0.0000 / 669.4853] - Consistency Loss: [0.0000] - VICReg Loss: [17.6633][wd: 5.12e-02] [lr: 8.91e-05] [autoencoder lr: 0.00e+00][mem: 6.63e+04] (1655.6 ms)
INFO:root:[2,  2250] grad_stats: [1.66e+00 7.09e-01] (1.86e-02, 3.37e+00)
INFO:root:[2,  2300/ 2562] - train_losses - Parent Class: 0.0000 - Children class: 5.9498 -Autoencoder Loss (total): 669.5589 - Reconstruction/K-Means Loss: [0.0000 / 669.5589] - Consistency Loss: [0.0000] - VICReg Loss: [17.6448][wd: 5.12e-02] [lr: 8.92e-05] [autoencoder lr: 0.00e+00][mem: 6.63e+04] (1661.2 ms)
INFO:root:[2,  2300] grad_stats: [2.63e+00 6.69e-01] (4.98e-02, 8.94e+00)
INFO:root:[2,  2350/ 2562] - train_losses - Parent Class: 0.0000 - Children class: 5.9449 -Autoencoder Loss (total): 669.5060 - Reconstruction/K-Means Loss: [0.0000 / 669.5060] - Consistency Loss: [0.0000] - VICReg Loss: [17.6289][wd: 5.13e-02] [lr: 8.93e-05] [autoencoder lr: 0.00e+00][mem: 6.63e+04] (1667.0 ms)
INFO:root:[2,  2350] grad_stats: [2.32e+00 7.91e-01] (7.42e-02, 4.77e+00)
INFO:root:[2,  2400/ 2562] - train_losses - Parent Class: 0.0000 - Children class: 5.9413 -Autoencoder Loss (total): 669.5273 - Reconstruction/K-Means Loss: [0.0000 / 669.5273] - Consistency Loss: [0.0000] - VICReg Loss: [17.6139][wd: 5.13e-02] [lr: 8.94e-05] [autoencoder lr: 0.00e+00][mem: 6.63e+04] (1672.7 ms)
INFO:root:[2,  2400] grad_stats: [7.13e+00 8.40e-01] (1.01e-01, 6.74e+01)
INFO:root:[2,  2450/ 2562] - train_losses - Parent Class: 0.0000 - Children class: 5.9376 -Autoencoder Loss (total): 669.5555 - Reconstruction/K-Means Loss: [0.0000 / 669.5555] - Consistency Loss: [0.0000] - VICReg Loss: [17.6006][wd: 5.13e-02] [lr: 8.95e-05] [autoencoder lr: 0.00e+00][mem: 6.63e+04] (1678.3 ms)
INFO:root:[2,  2450] grad_stats: [1.95e+00 8.57e-01] (2.75e-02, 3.56e+00)
INFO:root:[2,  2500/ 2562] - train_losses - Parent Class: 0.0000 - Children class: 5.9346 -Autoencoder Loss (total): 669.6364 - Reconstruction/K-Means Loss: [0.0000 / 669.6364] - Consistency Loss: [0.0000] - VICReg Loss: [17.5861][wd: 5.13e-02] [lr: 8.96e-05] [autoencoder lr: 0.00e+00][mem: 6.63e+04] (1683.9 ms)
INFO:root:[2,  2500] grad_stats: [2.18e+00 8.43e-01] (3.15e-02, 4.37e+00)
INFO:root:[2,  2550/ 2562] - train_losses - Parent Class: 0.0000 - Children class: 5.9310 -Autoencoder Loss (total): 669.6978 - Reconstruction/K-Means Loss: [0.0000 / 669.6978] - Consistency Loss: [0.0000] - VICReg Loss: [17.5693][wd: 5.14e-02] [lr: 8.97e-05] [autoencoder lr: 0.00e+00][mem: 6.63e+04] (1689.2 ms)
INFO:root:[2,  2550] grad_stats: [7.21e+00 7.28e-01] (3.56e-02, 1.92e+01)
INFO:root:Asserting cache length
INFO:root:Reinitializing centroids
Avg no of empty clusters: 11.641998149861239
INFO:faiss.loader:Loading faiss with AVX2 support.
INFO:faiss.loader:Successfully loaded faiss with AVX2 support.
INFO:faiss.loader:Loading faiss with AVX2 support.
INFO:faiss.loader:Successfully loaded faiss with AVX2 support.
INFO:faiss.loader:Loading faiss with AVX2 support.
INFO:faiss.loader:Successfully loaded faiss with AVX2 support.
INFO:faiss.loader:Loading faiss with AVX2 support.
INFO:faiss.loader:Successfully loaded faiss with AVX2 support.
INFO:faiss.loader:Loading faiss with AVX2 support.
INFO:faiss.loader:Successfully loaded faiss with AVX2 support.
INFO:faiss.loader:Loading faiss with AVX2 support.
INFO:faiss.loader:Successfully loaded faiss with AVX2 support.
INFO:faiss.loader:Loading faiss with AVX2 support.
INFO:faiss.loader:Successfully loaded faiss with AVX2 support.
INFO:faiss.loader:Loading faiss with AVX2 support.
INFO:faiss.loader:Successfully loaded faiss with AVX2 support.
INFO:faiss.loader:Loading faiss with AVX2 support.
INFO:faiss.loader:Successfully loaded faiss with AVX2 support.
INFO:faiss.loader:Loading faiss with AVX2 support.
INFO:faiss.loader:Successfully loaded faiss with AVX2 support.
INFO:faiss.loader:Loading faiss with AVX2 support.
INFO:faiss.loader:Successfully loaded faiss with AVX2 support.
INFO:faiss.loader:Loading faiss with AVX2 support.
INFO:faiss.loader:Successfully loaded faiss with AVX2 support.
INFO:faiss.loader:Loading faiss with AVX2 support.
INFO:faiss.loader:Successfully loaded faiss with AVX2 support.
INFO:faiss.loader:Loading faiss with AVX2 support.
INFO:faiss.loader:Successfully loaded faiss with AVX2 support.
INFO:faiss.loader:Loading faiss with AVX2 support.
INFO:faiss.loader:Successfully loaded faiss with AVX2 support.
INFO:faiss.loader:Loading faiss with AVX2 support.
INFO:faiss.loader:Successfully loaded faiss with AVX2 support.
INFO:root:avg. train_loss 23.497
INFO:root:avg. test_loss 0.000 avg. Accuracy@1 12.428 - avg. Accuracy@5 0.000
INFO:root:Loss 24.2090
INFO:root:Epoch 3
INFO:faiss.loader:Loading faiss with AVX2 support.
INFO:faiss.loader:Successfully loaded faiss with AVX2 support.
INFO:faiss.loader:Loading faiss with AVX2 support.
INFO:faiss.loader:Successfully loaded faiss with AVX2 support.
INFO:faiss.loader:Loading faiss with AVX2 support.
INFO:faiss.loader:Successfully loaded faiss with AVX2 support.
INFO:faiss.loader:Loading faiss with AVX2 support.
INFO:faiss.loader:Successfully loaded faiss with AVX2 support.
INFO:faiss.loader:Loading faiss with AVX2 support.
INFO:faiss.loader:Successfully loaded faiss with AVX2 support.
INFO:faiss.loader:Loading faiss with AVX2 support.
INFO:faiss.loader:Successfully loaded faiss with AVX2 support.
INFO:faiss.loader:Loading faiss with AVX2 support.
INFO:faiss.loader:Successfully loaded faiss with AVX2 support.
INFO:faiss.loader:Loading faiss with AVX2 support.
INFO:faiss.loader:Successfully loaded faiss with AVX2 support.
INFO:faiss.loader:Loading faiss with AVX2 support.
INFO:faiss.loader:Successfully loaded faiss with AVX2 support.
INFO:faiss.loader:Loading faiss with AVX2 support.
INFO:faiss.loader:Successfully loaded faiss with AVX2 support.
INFO:faiss.loader:Loading faiss with AVX2 support.
INFO:faiss.loader:Successfully loaded faiss with AVX2 support.
INFO:faiss.loader:Loading faiss with AVX2 support.
INFO:faiss.loader:Successfully loaded faiss with AVX2 support.
INFO:faiss.loader:Loading faiss with AVX2 support.
INFO:faiss.loader:Successfully loaded faiss with AVX2 support.
INFO:faiss.loader:Loading faiss with AVX2 support.
INFO:faiss.loader:Successfully loaded faiss with AVX2 support.
INFO:faiss.loader:Loading faiss with AVX2 support.
INFO:faiss.loader:Successfully loaded faiss with AVX2 support.
INFO:faiss.loader:Loading faiss with AVX2 support.
INFO:faiss.loader:Successfully loaded faiss with AVX2 support.
INFO:root:[3,     0/ 2562] - train_losses - Parent Class: 0.0000 - Children class: 10.4124 -Autoencoder Loss (total): 672.1362 - Reconstruction/K-Means Loss: [0.0000 / 672.1362] - Consistency Loss: [0.0000] - VICReg Loss: [16.7708][wd: 5.14e-02] [lr: 8.97e-05] [autoencoder lr: 0.00e+00][mem: 6.63e+04] (2826.0 ms)
INFO:root:[3,     0] grad_stats: [1.20e+00 8.92e-01] (6.14e-02, 4.21e+00)
INFO:root:[3,    50/ 2562] - train_losses - Parent Class: 0.0000 - Children class: 7.1300 -Autoencoder Loss (total): 418.0662 - Reconstruction/K-Means Loss: [0.0000 / 418.0662] - Consistency Loss: [0.0000] - VICReg Loss: [16.8738][wd: 5.14e-02] [lr: 8.98e-05] [autoencoder lr: 0.00e+00][mem: 6.63e+04] (1483.2 ms)
INFO:root:[3,    50] grad_stats: [2.83e+00 6.32e-01] (4.43e-02, 4.92e+00)
INFO:root:[3,   100/ 2562] - train_losses - Parent Class: 0.0000 - Children class: 6.6570 -Autoencoder Loss (total): 430.9627 - Reconstruction/K-Means Loss: [0.0000 / 430.9627] - Consistency Loss: [0.0000] - VICReg Loss: [16.8404][wd: 5.14e-02] [lr: 8.99e-05] [autoencoder lr: 0.00e+00][mem: 6.63e+04] (1470.0 ms)
INFO:root:[3,   100] grad_stats: [1.78e+00 5.43e-01] (4.09e-02, 3.54e+00)
INFO:root:[3,   150/ 2562] - train_losses - Parent Class: 0.0000 - Children class: 6.4443 -Autoencoder Loss (total): 439.1922 - Reconstruction/K-Means Loss: [0.0000 / 439.1922] - Consistency Loss: [0.0000] - VICReg Loss: [16.8096][wd: 5.15e-02] [lr: 9.00e-05] [autoencoder lr: 0.00e+00][mem: 6.63e+04] (1468.9 ms)
INFO:root:[3,   150] grad_stats: [4.88e+00 7.74e-01] (5.49e-02, 1.29e+01)
INFO:root:[3,   200/ 2562] - train_losses - Parent Class: 0.0000 - Children class: 6.3349 -Autoencoder Loss (total): 446.2547 - Reconstruction/K-Means Loss: [0.0000 / 446.2547] - Consistency Loss: [0.0000] - VICReg Loss: [16.8263][wd: 5.15e-02] [lr: 9.01e-05] [autoencoder lr: 0.00e+00][mem: 6.63e+04] (1470.2 ms)
INFO:root:[3,   200] grad_stats: [6.48e+00 9.50e-01] (2.90e-02, 1.24e+01)
INFO:root:[3,   250/ 2562] - train_losses - Parent Class: 0.0000 - Children class: 6.2466 -Autoencoder Loss (total): 448.8713 - Reconstruction/K-Means Loss: [0.0000 / 448.8713] - Consistency Loss: [0.0000] - VICReg Loss: [16.8338][wd: 5.15e-02] [lr: 9.02e-05] [autoencoder lr: 0.00e+00][mem: 6.63e+04] (1472.9 ms)
INFO:root:[3,   250] grad_stats: [2.94e+00 8.16e-01] (2.94e-02, 6.18e+00)
INFO:root:[3,   300/ 2562] - train_losses - Parent Class: 0.0000 - Children class: 6.1898 -Autoencoder Loss (total): 452.6929 - Reconstruction/K-Means Loss: [0.0000 / 452.6929] - Consistency Loss: [0.0000] - VICReg Loss: [16.8244][wd: 5.15e-02] [lr: 9.03e-05] [autoencoder lr: 0.00e+00][mem: 6.63e+04] (1476.3 ms)
INFO:root:[3,   300] grad_stats: [3.50e+01 9.37e-01] (3.53e-02, 3.50e+01)
INFO:root:[3,   350/ 2562] - train_losses - Parent Class: 0.0000 - Children class: 6.1426 -Autoencoder Loss (total): 454.3306 - Reconstruction/K-Means Loss: [0.0000 / 454.3306] - Consistency Loss: [0.0000] - VICReg Loss: [16.8085][wd: 5.16e-02] [lr: 9.04e-05] [autoencoder lr: 0.00e+00][mem: 6.63e+04] (1480.3 ms)
INFO:root:[3,   350] grad_stats: [2.27e+00 7.42e-01] (5.57e-02, 6.04e+00)
INFO:root:[3,   400/ 2562] - train_losses - Parent Class: 0.0000 - Children class: 6.1062 -Autoencoder Loss (total): 455.7886 - Reconstruction/K-Means Loss: [0.0000 / 455.7886] - Consistency Loss: [0.0000] - VICReg Loss: [16.7933][wd: 5.16e-02] [lr: 9.05e-05] [autoencoder lr: 0.00e+00][mem: 6.63e+04] (1484.8 ms)
INFO:root:[3,   400] grad_stats: [5.51e+00 1.03e+00] (2.22e-02, 7.00e+00)
INFO:root:[3,   450/ 2562] - train_losses - Parent Class: 0.0000 - Children class: 6.0780 -Autoencoder Loss (total): 458.2280 - Reconstruction/K-Means Loss: [0.0000 / 458.2280] - Consistency Loss: [0.0000] - VICReg Loss: [16.7760][wd: 5.16e-02] [lr: 9.06e-05] [autoencoder lr: 0.00e+00][mem: 6.63e+04] (1489.3 ms)
INFO:root:[3,   450] grad_stats: [2.27e+00 1.05e+00] (4.29e-02, 6.73e+00)
INFO:root:[3,   500/ 2562] - train_losses - Parent Class: 0.0000 - Children class: 6.0606 -Autoencoder Loss (total): 460.2342 - Reconstruction/K-Means Loss: [0.0000 / 460.2342] - Consistency Loss: [0.0000] - VICReg Loss: [16.7524][wd: 5.17e-02] [lr: 9.07e-05] [autoencoder lr: 0.00e+00][mem: 6.63e+04] (1494.2 ms)
INFO:root:[3,   500] grad_stats: [4.34e+00 6.28e-01] (4.21e-02, 5.51e+00)
INFO:root:[3,   550/ 2562] - train_losses - Parent Class: 0.0000 - Children class: 6.0373 -Autoencoder Loss (total): 461.2323 - Reconstruction/K-Means Loss: [0.0000 / 461.2323] - Consistency Loss: [0.0000] - VICReg Loss: [16.7333][wd: 5.17e-02] [lr: 9.08e-05] [autoencoder lr: 0.00e+00][mem: 6.63e+04] (1499.7 ms)
INFO:root:[3,   550] grad_stats: [2.58e+00 7.17e-01] (2.54e-02, 4.33e+00)
INFO:root:[3,   600/ 2562] - train_losses - Parent Class: 0.0000 - Children class: 6.0210 -Autoencoder Loss (total): 462.8588 - Reconstruction/K-Means Loss: [0.0000 / 462.8588] - Consistency Loss: [0.0000] - VICReg Loss: [16.7180][wd: 5.17e-02] [lr: 9.09e-05] [autoencoder lr: 0.00e+00][mem: 6.63e+04] (1504.8 ms)
INFO:root:[3,   600] grad_stats: [1.92e+00 6.55e-01] (2.67e-02, 3.87e+00)
INFO:root:[3,   650/ 2562] - train_losses - Parent Class: 0.0000 - Children class: 6.0027 -Autoencoder Loss (total): 463.8192 - Reconstruction/K-Means Loss: [0.0000 / 463.8192] - Consistency Loss: [0.0000] - VICReg Loss: [16.7097][wd: 5.18e-02] [lr: 9.09e-05] [autoencoder lr: 0.00e+00][mem: 6.63e+04] (1510.3 ms)
INFO:root:[3,   650] grad_stats: [2.55e+00 1.02e+00] (1.93e-02, 5.07e+00)
INFO:root:[3,   700/ 2562] - train_losses - Parent Class: 0.0000 - Children class: 5.9911 -Autoencoder Loss (total): 464.5504 - Reconstruction/K-Means Loss: [0.0000 / 464.5504] - Consistency Loss: [0.0000] - VICReg Loss: [16.7136][wd: 5.18e-02] [lr: 9.10e-05] [autoencoder lr: 0.00e+00][mem: 6.63e+04] (1515.9 ms)
INFO:root:[3,   700] grad_stats: [9.70e+00 1.27e+00] (3.66e-02, 1.27e+01)
INFO:root:[3,   750/ 2562] - train_losses - Parent Class: 0.0000 - Children class: 5.9779 -Autoencoder Loss (total): 465.4146 - Reconstruction/K-Means Loss: [0.0000 / 465.4146] - Consistency Loss: [0.0000] - VICReg Loss: [16.7135][wd: 5.18e-02] [lr: 9.11e-05] [autoencoder lr: 0.00e+00][mem: 6.63e+04] (1521.5 ms)
INFO:root:[3,   750] grad_stats: [4.95e+00 6.74e-01] (3.29e-02, 7.99e+00)
INFO:root:[3,   800/ 2562] - train_losses - Parent Class: 0.0000 - Children class: 5.9680 -Autoencoder Loss (total): 465.6549 - Reconstruction/K-Means Loss: [0.0000 / 465.6549] - Consistency Loss: [0.0000] - VICReg Loss: [16.7223][wd: 5.18e-02] [lr: 9.12e-05] [autoencoder lr: 0.00e+00][mem: 6.63e+04] (1527.2 ms)
INFO:root:[3,   800] grad_stats: [3.00e+00 1.17e+00] (3.67e-02, 7.62e+00)
INFO:root:[3,   850/ 2562] - train_losses - Parent Class: 0.0000 - Children class: 5.9614 -Autoencoder Loss (total): 466.4540 - Reconstruction/K-Means Loss: [0.0000 / 466.4540] - Consistency Loss: [0.0000] - VICReg Loss: [16.7253][wd: 5.19e-02] [lr: 9.13e-05] [autoencoder lr: 0.00e+00][mem: 6.63e+04] (1532.9 ms)
INFO:root:[3,   850] grad_stats: [3.85e+00 1.10e+00] (4.11e-02, 9.06e+00)
INFO:root:[3,   900/ 2562] - train_losses - Parent Class: 0.0000 - Children class: 5.9533 -Autoencoder Loss (total): 467.3668 - Reconstruction/K-Means Loss: [0.0000 / 467.3668] - Consistency Loss: [0.0000] - VICReg Loss: [16.7194][wd: 5.19e-02] [lr: 9.14e-05] [autoencoder lr: 0.00e+00][mem: 6.63e+04] (1538.5 ms)
INFO:root:[3,   900] grad_stats: [4.11e+00 8.67e-01] (3.13e-02, 6.11e+00)
INFO:root:[3,   950/ 2562] - train_losses - Parent Class: 0.0000 - Children class: 5.9440 -Autoencoder Loss (total): 468.1218 - Reconstruction/K-Means Loss: [0.0000 / 468.1218] - Consistency Loss: [0.0000] - VICReg Loss: [16.7131][wd: 5.19e-02] [lr: 9.15e-05] [autoencoder lr: 0.00e+00][mem: 6.63e+04] (1544.4 ms)
INFO:root:[3,   950] grad_stats: [1.69e+00 9.56e-01] (2.01e-02, 6.17e+00)
INFO:root:[3,  1000/ 2562] - train_losses - Parent Class: 0.0000 - Children class: 5.9367 -Autoencoder Loss (total): 468.9395 - Reconstruction/K-Means Loss: [0.0000 / 468.9395] - Consistency Loss: [0.0000] - VICReg Loss: [16.7080][wd: 5.20e-02] [lr: 9.16e-05] [autoencoder lr: 0.00e+00][mem: 6.63e+04] (1550.2 ms)
INFO:root:[3,  1000] grad_stats: [8.26e+00 1.24e+00] (1.48e-01, 1.80e+01)
INFO:root:[3,  1050/ 2562] - train_losses - Parent Class: 0.0000 - Children class: 5.9288 -Autoencoder Loss (total): 469.2182 - Reconstruction/K-Means Loss: [0.0000 / 469.2182] - Consistency Loss: [0.0000] - VICReg Loss: [16.7066][wd: 5.20e-02] [lr: 9.17e-05] [autoencoder lr: 0.00e+00][mem: 6.63e+04] (1556.0 ms)
INFO:root:[3,  1050] grad_stats: [2.79e+00 1.66e+00] (3.79e-02, 5.58e+00)
INFO:root:[3,  1100/ 2562] - train_losses - Parent Class: 0.0000 - Children class: 5.9220 -Autoencoder Loss (total): 469.6735 - Reconstruction/K-Means Loss: [0.0000 / 469.6735] - Consistency Loss: [0.0000] - VICReg Loss: [16.6999][wd: 5.20e-02] [lr: 9.18e-05] [autoencoder lr: 0.00e+00][mem: 6.63e+04] (1561.3 ms)
INFO:root:[3,  1100] grad_stats: [2.79e+00 8.41e-01] (5.78e-02, 6.39e+00)
INFO:root:[3,  1150/ 2562] - train_losses - Parent Class: 0.0000 - Children class: 5.9153 -Autoencoder Loss (total): 469.9566 - Reconstruction/K-Means Loss: [0.0000 / 469.9566] - Consistency Loss: [0.0000] - VICReg Loss: [16.6977][wd: 5.21e-02] [lr: 9.19e-05] [autoencoder lr: 0.00e+00][mem: 6.63e+04] (1566.6 ms)
INFO:root:[3,  1150] grad_stats: [3.95e+00 1.00e+00] (2.32e-02, 7.62e+00)
INFO:root:[3,  1200/ 2562] - train_losses - Parent Class: 0.0000 - Children class: 5.9052 -Autoencoder Loss (total): 470.0303 - Reconstruction/K-Means Loss: [0.0000 / 470.0303] - Consistency Loss: [0.0000] - VICReg Loss: [16.6879][wd: 5.21e-02] [lr: 9.20e-05] [autoencoder lr: 0.00e+00][mem: 6.63e+04] (1572.3 ms)
INFO:root:[3,  1200] grad_stats: [3.25e+00 8.20e-01] (2.17e-02, 6.62e+00)
INFO:root:[3,  1250/ 2562] - train_losses - Parent Class: 0.0000 - Children class: 5.8970 -Autoencoder Loss (total): 470.1704 - Reconstruction/K-Means Loss: [0.0000 / 470.1704] - Consistency Loss: [0.0000] - VICReg Loss: [16.6759][wd: 5.21e-02] [lr: 9.21e-05] [autoencoder lr: 0.00e+00][mem: 6.63e+04] (1577.8 ms)
INFO:root:[3,  1250] grad_stats: [2.00e+00 7.69e-01] (2.55e-02, 4.37e+00)
INFO:root:[3,  1300/ 2562] - train_losses - Parent Class: 0.0000 - Children class: 5.8883 -Autoencoder Loss (total): 470.2205 - Reconstruction/K-Means Loss: [0.0000 / 470.2205] - Consistency Loss: [0.0000] - VICReg Loss: [16.6646][wd: 5.22e-02] [lr: 9.22e-05] [autoencoder lr: 0.00e+00][mem: 6.63e+04] (1583.2 ms)
INFO:root:[3,  1300] grad_stats: [1.48e+00 6.16e-01] (1.68e-02, 3.34e+00)
INFO:root:[3,  1350/ 2562] - train_losses - Parent Class: 0.0000 - Children class: 5.8794 -Autoencoder Loss (total): 470.4098 - Reconstruction/K-Means Loss: [0.0000 / 470.4098] - Consistency Loss: [0.0000] - VICReg Loss: [16.6537][wd: 5.22e-02] [lr: 9.23e-05] [autoencoder lr: 0.00e+00][mem: 6.63e+04] (1589.0 ms)
INFO:root:[3,  1350] grad_stats: [1.87e+00 6.76e-01] (1.45e-02, 3.78e+00)
INFO:root:[3,  1400/ 2562] - train_losses - Parent Class: 0.0000 - Children class: 5.8741 -Autoencoder Loss (total): 470.8968 - Reconstruction/K-Means Loss: [0.0000 / 470.8968] - Consistency Loss: [0.0000] - VICReg Loss: [16.6427][wd: 5.22e-02] [lr: 9.24e-05] [autoencoder lr: 0.00e+00][mem: 6.63e+04] (1594.3 ms)
INFO:root:[3,  1400] grad_stats: [3.67e+01 8.09e-01] (3.27e-02, 1.08e+02)
INFO:root:[3,  1450/ 2562] - train_losses - Parent Class: 0.0000 - Children class: 5.8669 -Autoencoder Loss (total): 471.0804 - Reconstruction/K-Means Loss: [0.0000 / 471.0804] - Consistency Loss: [0.0000] - VICReg Loss: [16.6335][wd: 5.23e-02] [lr: 9.25e-05] [autoencoder lr: 0.00e+00][mem: 6.63e+04] (1599.7 ms)
INFO:root:[3,  1450] grad_stats: [3.38e+00 9.54e-01] (2.73e-02, 9.45e+00)
INFO:root:[3,  1500/ 2562] - train_losses - Parent Class: 0.0000 - Children class: 5.8608 -Autoencoder Loss (total): 471.3127 - Reconstruction/K-Means Loss: [0.0000 / 471.3127] - Consistency Loss: [0.0000] - VICReg Loss: [16.6269][wd: 5.23e-02] [lr: 9.26e-05] [autoencoder lr: 0.00e+00][mem: 6.63e+04] (1605.1 ms)
INFO:root:[3,  1500] grad_stats: [3.73e+00 6.38e-01] (2.89e-02, 6.34e+00)
INFO:root:[3,  1550/ 2562] - train_losses - Parent Class: 0.0000 - Children class: 5.8553 -Autoencoder Loss (total): 471.3837 - Reconstruction/K-Means Loss: [0.0000 / 471.3837] - Consistency Loss: [0.0000] - VICReg Loss: [16.6219][wd: 5.23e-02] [lr: 9.27e-05] [autoencoder lr: 0.00e+00][mem: 6.63e+04] (1610.5 ms)
INFO:root:[3,  1550] grad_stats: [3.76e+00 1.20e+00] (5.67e-02, 7.45e+00)
INFO:root:[3,  1600/ 2562] - train_losses - Parent Class: 0.0000 - Children class: 5.8519 -Autoencoder Loss (total): 471.5767 - Reconstruction/K-Means Loss: [0.0000 / 471.5767] - Consistency Loss: [0.0000] - VICReg Loss: [16.6156][wd: 5.24e-02] [lr: 9.27e-05] [autoencoder lr: 0.00e+00][mem: 6.63e+04] (1615.8 ms)
INFO:root:[3,  1600] grad_stats: [2.09e+00 6.52e-01] (2.80e-02, 4.24e+00)
INFO:root:[3,  1650/ 2562] - train_losses - Parent Class: 0.0000 - Children class: 5.8475 -Autoencoder Loss (total): 471.8008 - Reconstruction/K-Means Loss: [0.0000 / 471.8008] - Consistency Loss: [0.0000] - VICReg Loss: [16.6082][wd: 5.24e-02] [lr: 9.28e-05] [autoencoder lr: 0.00e+00][mem: 6.63e+04] (1621.0 ms)
INFO:root:[3,  1650] grad_stats: [1.82e+00 6.78e-01] (3.67e-02, 3.08e+00)
INFO:root:[3,  1700/ 2562] - train_losses - Parent Class: 0.0000 - Children class: 5.8416 -Autoencoder Loss (total): 471.6565 - Reconstruction/K-Means Loss: [0.0000 / 471.6565] - Consistency Loss: [0.0000] - VICReg Loss: [16.6015][wd: 5.24e-02] [lr: 9.29e-05] [autoencoder lr: 0.00e+00][mem: 6.63e+04] (1626.7 ms)
INFO:root:[3,  1700] grad_stats: [2.24e+00 9.98e-01] (4.02e-02, 5.09e+00)
INFO:root:[3,  1750/ 2562] - train_losses - Parent Class: 0.0000 - Children class: 5.8372 -Autoencoder Loss (total): 471.8531 - Reconstruction/K-Means Loss: [0.0000 / 471.8531] - Consistency Loss: [0.0000] - VICReg Loss: [16.5939][wd: 5.25e-02] [lr: 9.30e-05] [autoencoder lr: 0.00e+00][mem: 6.63e+04] (1632.1 ms)
INFO:root:[3,  1750] grad_stats: [1.75e+00 7.25e-01] (3.09e-02, 5.06e+00)
INFO:root:[3,  1800/ 2562] - train_losses - Parent Class: 0.0000 - Children class: 5.8317 -Autoencoder Loss (total): 472.0166 - Reconstruction/K-Means Loss: [0.0000 / 472.0166] - Consistency Loss: [0.0000] - VICReg Loss: [16.5861][wd: 5.25e-02] [lr: 9.31e-05] [autoencoder lr: 0.00e+00][mem: 6.63e+04] (1637.6 ms)
INFO:root:[3,  1800] grad_stats: [3.04e+00 1.49e+00] (5.23e-02, 7.05e+00)
INFO:root:[3,  1850/ 2562] - train_losses - Parent Class: 0.0000 - Children class: 5.8266 -Autoencoder Loss (total): 472.2868 - Reconstruction/K-Means Loss: [0.0000 / 472.2868] - Consistency Loss: [0.0000] - VICReg Loss: [16.5774][wd: 5.26e-02] [lr: 9.32e-05] [autoencoder lr: 0.00e+00][mem: 6.63e+04] (1643.1 ms)
INFO:root:[3,  1850] grad_stats: [2.06e+00 5.56e-01] (2.07e-02, 3.41e+00)
INFO:root:[3,  1900/ 2562] - train_losses - Parent Class: 0.0000 - Children class: 5.8219 -Autoencoder Loss (total): 472.4389 - Reconstruction/K-Means Loss: [0.0000 / 472.4389] - Consistency Loss: [0.0000] - VICReg Loss: [16.5699][wd: 5.26e-02] [lr: 9.33e-05] [autoencoder lr: 0.00e+00][mem: 6.63e+04] (1648.5 ms)
INFO:root:[3,  1900] grad_stats: [4.18e+00 8.79e-01] (4.70e-02, 1.24e+01)
INFO:root:[3,  1950/ 2562] - train_losses - Parent Class: 0.0000 - Children class: 5.8192 -Autoencoder Loss (total): 472.4345 - Reconstruction/K-Means Loss: [0.0000 / 472.4345] - Consistency Loss: [0.0000] - VICReg Loss: [16.5664][wd: 5.26e-02] [lr: 9.34e-05] [autoencoder lr: 0.00e+00][mem: 6.63e+04] (1654.1 ms)
INFO:root:[3,  1950] grad_stats: [3.45e+00 7.39e-01] (3.17e-02, 7.93e+00)
INFO:root:[3,  2000/ 2562] - train_losses - Parent Class: 0.0000 - Children class: 5.8142 -Autoencoder Loss (total): 472.3934 - Reconstruction/K-Means Loss: [0.0000 / 472.3934] - Consistency Loss: [0.0000] - VICReg Loss: [16.5597][wd: 5.27e-02] [lr: 9.35e-05] [autoencoder lr: 0.00e+00][mem: 6.63e+04] (1659.6 ms)
INFO:root:[3,  2000] grad_stats: [2.60e+00 8.39e-01] (2.78e-02, 4.91e+00)
INFO:root:[3,  2050/ 2562] - train_losses - Parent Class: 0.0000 - Children class: 5.8103 -Autoencoder Loss (total): 472.5232 - Reconstruction/K-Means Loss: [0.0000 / 472.5232] - Consistency Loss: [0.0000] - VICReg Loss: [16.5558][wd: 5.27e-02] [lr: 9.36e-05] [autoencoder lr: 0.00e+00][mem: 6.63e+04] (1665.4 ms)
INFO:root:[3,  2050] grad_stats: [1.60e+00 7.23e-01] (3.40e-02, 3.54e+00)
INFO:root:[3,  2100/ 2562] - train_losses - Parent Class: 0.0000 - Children class: 5.8056 -Autoencoder Loss (total): 472.5420 - Reconstruction/K-Means Loss: [0.0000 / 472.5420] - Consistency Loss: [0.0000] - VICReg Loss: [16.5508][wd: 5.27e-02] [lr: 9.37e-05] [autoencoder lr: 0.00e+00][mem: 6.63e+04] (1671.2 ms)
INFO:root:[3,  2100] grad_stats: [2.30e+00 9.28e-01] (3.81e-02, 4.75e+00)
INFO:root:[3,  2150/ 2562] - train_losses - Parent Class: 0.0000 - Children class: 5.8016 -Autoencoder Loss (total): 472.6170 - Reconstruction/K-Means Loss: [0.0000 / 472.6170] - Consistency Loss: [0.0000] - VICReg Loss: [16.5445][wd: 5.28e-02] [lr: 9.38e-05] [autoencoder lr: 0.00e+00][mem: 6.63e+04] (1676.6 ms)
INFO:root:[3,  2150] grad_stats: [1.76e+00 5.83e-01] (2.92e-02, 3.23e+00)
INFO:root:[3,  2200/ 2562] - train_losses - Parent Class: 0.0000 - Children class: 5.7982 -Autoencoder Loss (total): 472.7906 - Reconstruction/K-Means Loss: [0.0000 / 472.7906] - Consistency Loss: [0.0000] - VICReg Loss: [16.5382][wd: 5.28e-02] [lr: 9.39e-05] [autoencoder lr: 0.00e+00][mem: 6.63e+04] (1682.0 ms)
INFO:root:[3,  2200] grad_stats: [2.56e+00 7.75e-01] (1.44e-02, 6.52e+00)
INFO:root:[3,  2250/ 2562] - train_losses - Parent Class: 0.0000 - Children class: 5.7949 -Autoencoder Loss (total): 473.0384 - Reconstruction/K-Means Loss: [0.0000 / 473.0384] - Consistency Loss: [0.0000] - VICReg Loss: [16.5317][wd: 5.29e-02] [lr: 9.40e-05] [autoencoder lr: 0.00e+00][mem: 6.63e+04] (1687.3 ms)
INFO:root:[3,  2250] grad_stats: [1.15e+00 6.71e-01] (1.89e-02, 3.21e+00)
INFO:root:[3,  2300/ 2562] - train_losses - Parent Class: 0.0000 - Children class: 5.7899 -Autoencoder Loss (total): 473.0873 - Reconstruction/K-Means Loss: [0.0000 / 473.0873] - Consistency Loss: [0.0000] - VICReg Loss: [16.5235][wd: 5.29e-02] [lr: 9.41e-05] [autoencoder lr: 0.00e+00][mem: 6.63e+04] (1692.7 ms)
INFO:root:[3,  2300] grad_stats: [1.46e+00 6.69e-01] (2.75e-02, 3.21e+00)
INFO:root:[3,  2350/ 2562] - train_losses - Parent Class: 0.0000 - Children class: 5.7852 -Autoencoder Loss (total): 472.9785 - Reconstruction/K-Means Loss: [0.0000 / 472.9785] - Consistency Loss: [0.0000] - VICReg Loss: [16.5154][wd: 5.29e-02] [lr: 9.42e-05] [autoencoder lr: 0.00e+00][mem: 6.63e+04] (1698.1 ms)
INFO:root:[3,  2350] grad_stats: [5.76e+00 7.26e-01] (2.77e-02, 1.47e+01)
INFO:root:[3,  2400/ 2562] - train_losses - Parent Class: 0.0000 - Children class: 5.7811 -Autoencoder Loss (total): 473.1093 - Reconstruction/K-Means Loss: [0.0000 / 473.1093] - Consistency Loss: [0.0000] - VICReg Loss: [16.5089][wd: 5.30e-02] [lr: 9.43e-05] [autoencoder lr: 0.00e+00][mem: 6.63e+04] (1703.5 ms)
INFO:root:[3,  2400] grad_stats: [1.44e+00 1.05e+00] (1.85e-02, 3.93e+00)
INFO:root:[3,  2450/ 2562] - train_losses - Parent Class: 0.0000 - Children class: 5.7766 -Autoencoder Loss (total): 473.1035 - Reconstruction/K-Means Loss: [0.0000 / 473.1035] - Consistency Loss: [0.0000] - VICReg Loss: [16.5014][wd: 5.30e-02] [lr: 9.44e-05] [autoencoder lr: 0.00e+00][mem: 6.63e+04] (1708.8 ms)
INFO:root:[3,  2450] grad_stats: [2.57e+00 7.71e-01] (1.97e-02, 6.44e+00)
INFO:root:[3,  2500/ 2562] - train_losses - Parent Class: 0.0000 - Children class: 5.7712 -Autoencoder Loss (total): 473.0398 - Reconstruction/K-Means Loss: [0.0000 / 473.0398] - Consistency Loss: [0.0000] - VICReg Loss: [16.4934][wd: 5.31e-02] [lr: 9.45e-05] [autoencoder lr: 0.00e+00][mem: 6.63e+04] (1714.3 ms)
INFO:root:[3,  2500] grad_stats: [2.60e+00 7.85e-01] (1.87e-02, 5.78e+00)
INFO:root:[3,  2550/ 2562] - train_losses - Parent Class: 0.0000 - Children class: 5.7670 -Autoencoder Loss (total): 473.1625 - Reconstruction/K-Means Loss: [0.0000 / 473.1625] - Consistency Loss: [0.0000] - VICReg Loss: [16.4852][wd: 5.31e-02] [lr: 9.46e-05] [autoencoder lr: 0.00e+00][mem: 6.63e+04] (1719.7 ms)
INFO:root:[3,  2550] grad_stats: [1.19e+00 7.61e-01] (1.56e-02, 3.40e+00)
INFO:root:Asserting cache length
INFO:root:Reinitializing centroids
Avg no of empty clusters: 10.596848934198333
INFO:faiss.loader:Loading faiss with AVX2 support.
INFO:faiss.loader:Successfully loaded faiss with AVX2 support.
INFO:faiss.loader:Loading faiss with AVX2 support.
INFO:faiss.loader:Successfully loaded faiss with AVX2 support.
INFO:faiss.loader:Loading faiss with AVX2 support.
INFO:faiss.loader:Successfully loaded faiss with AVX2 support.
INFO:faiss.loader:Loading faiss with AVX2 support.
INFO:faiss.loader:Successfully loaded faiss with AVX2 support.
INFO:faiss.loader:Loading faiss with AVX2 support.
INFO:faiss.loader:Successfully loaded faiss with AVX2 support.
INFO:faiss.loader:Loading faiss with AVX2 support.
INFO:faiss.loader:Successfully loaded faiss with AVX2 support.
INFO:faiss.loader:Loading faiss with AVX2 support.
INFO:faiss.loader:Successfully loaded faiss with AVX2 support.
INFO:faiss.loader:Loading faiss with AVX2 support.
INFO:faiss.loader:Successfully loaded faiss with AVX2 support.
INFO:faiss.loader:Loading faiss with AVX2 support.
INFO:faiss.loader:Successfully loaded faiss with AVX2 support.
INFO:faiss.loader:Loading faiss with AVX2 support.
INFO:faiss.loader:Successfully loaded faiss with AVX2 support.
INFO:faiss.loader:Loading faiss with AVX2 support.
INFO:faiss.loader:Successfully loaded faiss with AVX2 support.
INFO:faiss.loader:Loading faiss with AVX2 support.
INFO:faiss.loader:Successfully loaded faiss with AVX2 support.
INFO:faiss.loader:Loading faiss with AVX2 support.
INFO:faiss.loader:Successfully loaded faiss with AVX2 support.
INFO:faiss.loader:Loading faiss with AVX2 support.
INFO:faiss.loader:Successfully loaded faiss with AVX2 support.
slurmstepd: error: *** JOB 4844 ON hgx CANCELLED AT 2025-01-23T17:13:03 ***
