INFO:faiss.loader:Loading faiss with AVX2 support.
INFO:faiss.loader:Successfully loaded faiss with AVX2 support.
INFO:faiss.loader:Loading faiss with AVX2 support.
INFO:faiss.loader:Successfully loaded faiss with AVX2 support.
INFO:root:called-params configs/in1k_vith14_ep300_FGDCC.yaml
INFO:root:loaded params...
{   'data': {   'batch_size': 96,
                'color_jitter_strength': 0.0,
                'crop_scale': [0.3, 1.0],
                'crop_size': 224,
                'cutmix': 0.0,
                'drop_path': 0.25,
                'image_folder': '/home/rtcalumby/adam/luciano/plantnet_300K/',
                'mixup': 0.0,
                'nb_classes': 1081,
                'num_workers': 8,
                'pin_mem': True,
                'reprob': 0.25,
                'resume_epoch': 0,
                'root_path': '/home/rtcalumby/adam/luciano/',
                'use_color_distortion': False,
                'use_gaussian_blur': False,
                'use_horizontal_flip': False},
    'logging': {   'folder': '/home/rtcalumby/adam/luciano/LifeCLEFPlant2022/logs/PlantNet300k_exp25',
                   'write_tag': 'jepa'},
    'mask': {   'allow_overlap': False,
                'aspect_ratio': [0.75, 1.5],
                'enc_mask_scale': [0.85, 1.0],
                'min_keep': 10,
                'num_enc_masks': 1,
                'num_pred_masks': 4,
                'patch_size': 14,
                'pred_mask_scale': [0.15, 0.2]},
    'meta': {   'copy_data': False,
                'load_checkpoint': True,
                'model_name': 'vit_huge',
                'pred_depth': 12,
                'pred_emb_dim': 384,
                'read_checkpoint': None,
                'use_bfloat16': True},
    'optimization': {   'ema': [0.9, 0.999],
                        'epochs': 75,
                        'final_lr': 1e-05,
                        'final_weight_decay': 0.4,
                        'ipe_scale': 1.0,
                        'label_smoothing': 0.1,
                        'lr': 0.0003,
                        'start_lr': 0.0001,
                        'warmup': 5,
                        'weight_decay': 0.05}}
INFO:root:Running... (rank: 0/1)
INFO:root:Initialized (rank/world-size) 0/1
INFO:root:MaskedAutoEncoder(
  (encoder): Sequential(
    (0): Linear(in_features=1280, out_features=1024, bias=True)
    (1): GELU(approximate='none')
    (2): Linear(in_features=1024, out_features=768, bias=True)
    (3): GELU(approximate='none')
    (4): Linear(in_features=768, out_features=512, bias=True)
    (5): GELU(approximate='none')
    (6): Linear(in_features=512, out_features=384, bias=True)
    (7): GELU(approximate='none')
  )
  (decoder): Sequential(
    (0): Linear(in_features=384, out_features=512, bias=True)
    (1): GELU(approximate='none')
    (2): Linear(in_features=512, out_features=768, bias=True)
    (3): GELU(approximate='none')
    (4): Linear(in_features=768, out_features=1024, bias=True)
    (5): GELU(approximate='none')
    (6): Linear(in_features=1024, out_features=1280, bias=True)
  )
)
INFO:root:making imagenet data transforms
INFO:root:making imagenet data transforms
INFO:root:Finetuning dataset created
Training dataset, length: 245952
INFO:root:Finetuning dataset created
Val dataset, length: 31200
INFO:root:Using AdamW
['encoder', 'predictor', 'opt', 'scaler', 'target_encoder', 'epoch', 'loss', 'batch_size', 'world_size', 'lr']
INFO:root:loaded pretrained encoder from epoch 66 with msg: <All keys matched successfully>
INFO:root:MultiHeadAttentionClassifier(
  (act): GELU(approximate='none')
  (subclass_proj): Sequential(
    (0): Linear(in_features=1280, out_features=1280, bias=True)
    (1): GELU(approximate='none')
  )
  (cross_attention): MultiHeadCrossAttention(
    (query): Linear(in_features=1280, out_features=1280, bias=True)
    (key): Linear(in_features=1280, out_features=1280, bias=True)
    (value): Linear(in_features=1280, out_features=1280, bias=True)
  )
  (parent_feature_selection): Linear(in_features=2560, out_features=1280, bias=True)
  (parent_classifier): Linear(in_features=1280, out_features=1081, bias=True)
  (subclass_classifier): Linear(in_features=1280, out_features=4324, bias=True)
  (head_drop): Dropout(p=0.25, inplace=False)
)
INFO:root:Using AdamW
INFO:root:VisionTransformer(
  (patch_embed): PatchEmbed(
    (proj): Conv2d(3, 1280, kernel_size=(14, 14), stride=(14, 14))
  )
  (blocks): ModuleList(
    (0-31): 32 x Block(
      (norm1): LayerNorm((1280,), eps=1e-06, elementwise_affine=True)
      (attn): Attention(
        (qkv): Linear(in_features=1280, out_features=3840, bias=True)
        (attn_drop): Dropout(p=0.0, inplace=False)
        (proj): Linear(in_features=1280, out_features=1280, bias=True)
        (proj_drop): Dropout(p=0.0, inplace=False)
      )
      (drop_path): Identity()
      (norm2): LayerNorm((1280,), eps=1e-06, elementwise_affine=True)
      (mlp): MLP(
        (fc1): Linear(in_features=1280, out_features=5120, bias=True)
        (act): GELU(approximate='none')
        (fc2): Linear(in_features=5120, out_features=1280, bias=True)
        (drop): Dropout(p=0.0, inplace=False)
      )
    )
  )
  (norm): LayerNorm((1280,), eps=1e-06, elementwise_affine=True)
)
INFO:root:Building cache...
INFO:root:Initializing centroids...
INFO:root:Update Step...
/home/rtcalumby/miniconda3/envs/py382/lib/python3.12/site-packages/faiss/contrib/torch_utils.py:51: UserWarning: TypedStorage is deprecated. It will be removed in the future and UntypedStorage will be the only storage class. This should only matter to you if you are using storages directly.  To access UntypedStorage directly, use tensor.untyped_storage() instead of tensor.storage()
  x.storage().data_ptr() + x.storage_offset() * 4)
INFO:root:Epoch 1
INFO:faiss.loader:Loading faiss with AVX2 support.
INFO:faiss.loader:Successfully loaded faiss with AVX2 support.
INFO:faiss.loader:Loading faiss with AVX2 support.
INFO:faiss.loader:Successfully loaded faiss with AVX2 support.
INFO:faiss.loader:Loading faiss with AVX2 support.
INFO:faiss.loader:Successfully loaded faiss with AVX2 support.
INFO:faiss.loader:Loading faiss with AVX2 support.
INFO:faiss.loader:Successfully loaded faiss with AVX2 support.
INFO:faiss.loader:Loading faiss with AVX2 support.
INFO:faiss.loader:Successfully loaded faiss with AVX2 support.
INFO:faiss.loader:Loading faiss with AVX2 support.
INFO:faiss.loader:Successfully loaded faiss with AVX2 support.
INFO:faiss.loader:Loading faiss with AVX2 support.
INFO:faiss.loader:Successfully loaded faiss with AVX2 support.
INFO:faiss.loader:Loading faiss with AVX2 support.
INFO:faiss.loader:Successfully loaded faiss with AVX2 support.
[rank0]:[W reducer.cpp:1389] Warning: find_unused_parameters=True was specified in DDP constructor, but did not find any unused parameters in the forward pass. This flag results in an extra traversal of the autograd graph every iteration,  which can adversely affect performance. If your model indeed never has any unused parameters in the forward pass, consider turning this flag off. Note that this warning may be a false positive if your model has flow control causing later iterations to have unused parameters. (function operator())
INFO:root:[1,     0/ 2562] - train_losses - Parent Class: 6.9856 - Children class: 8.3720 -Autoencoder Loss (total): 40.6688 - Reconstruction/K-Means Loss: [0.9887 / 39.6802] - Consistency Loss: [0.0000] - VICReg Loss: [0.0000][wd: 5.00e-02] [lr: 1.00e-04] [autoencoder lr: 1.00e-04][mem: 6.21e+04] (3490.3 ms)
INFO:root:[1,     0] grad_stats: [5.07e-05 5.12e-04] (1.15e-15, 8.75e-01)
INFO:root:[1,    50/ 2562] - train_losses - Parent Class: 6.0181 - Children class: 6.6976 -Autoencoder Loss (total): 574.4005 - Reconstruction/K-Means Loss: [0.5490 / 573.8514] - Consistency Loss: [0.0000] - VICReg Loss: [0.0000][wd: 5.00e-02] [lr: 1.01e-04] [autoencoder lr: 1.03e-04][mem: 6.70e+04] (1250.6 ms)
INFO:root:[1,    50] grad_stats: [1.10e-04 1.45e-03] (1.63e-11, 3.82e+00)
INFO:root:[1,   100/ 2562] - train_losses - Parent Class: 5.8703 - Children class: 6.6246 -Autoencoder Loss (total): 603.5322 - Reconstruction/K-Means Loss: [0.4621 / 603.0702] - Consistency Loss: [0.0000] - VICReg Loss: [0.0000][wd: 5.00e-02] [lr: 1.02e-04] [autoencoder lr: 1.05e-04][mem: 6.70e+04] (1289.9 ms)
INFO:root:[1,   100] grad_stats: [2.95e-04 9.20e-03] (2.32e-11, 5.02e+00)
INFO:root:[1,   150/ 2562] - train_losses - Parent Class: 5.8045 - Children class: 6.9347 -Autoencoder Loss (total): 615.5861 - Reconstruction/K-Means Loss: [0.4686 / 615.1175] - Consistency Loss: [0.0000] - VICReg Loss: [0.0000][wd: 5.00e-02] [lr: 1.02e-04] [autoencoder lr: 1.08e-04][mem: 6.70e+04] (1343.4 ms)
INFO:root:[1,   150] grad_stats: [1.22e-03 1.55e-02] (1.02e-09, 4.52e+00)
INFO:root:[1,   200/ 2562] - train_losses - Parent Class: 5.7780 - Children class: 6.9004 -Autoencoder Loss (total): 623.8479 - Reconstruction/K-Means Loss: [0.4546 / 623.3932] - Consistency Loss: [0.0000] - VICReg Loss: [0.0000][wd: 5.00e-02] [lr: 1.03e-04] [autoencoder lr: 1.10e-04][mem: 6.70e+04] (1376.3 ms)
INFO:root:[1,   200] grad_stats: [5.90e-04 9.45e-03] (3.93e-09, 3.97e+00)
INFO:root:[1,   250/ 2562] - train_losses - Parent Class: 5.7558 - Children class: 6.7976 -Autoencoder Loss (total): 629.1089 - Reconstruction/K-Means Loss: [0.4348 / 628.6741] - Consistency Loss: [0.0000] - VICReg Loss: [0.0000][wd: 5.00e-02] [lr: 1.04e-04] [autoencoder lr: 1.13e-04][mem: 6.70e+04] (1400.1 ms)
INFO:root:[1,   250] grad_stats: [6.20e-04 9.15e-03] (3.57e-10, 4.25e+00)
INFO:root:[1,   300/ 2562] - train_losses - Parent Class: 5.7407 - Children class: 6.6970 -Autoencoder Loss (total): 632.8149 - Reconstruction/K-Means Loss: [0.4191 / 632.3958] - Consistency Loss: [0.0000] - VICReg Loss: [0.0000][wd: 5.00e-02] [lr: 1.05e-04] [autoencoder lr: 1.15e-04][mem: 6.70e+04] (1420.9 ms)
INFO:root:[1,   300] grad_stats: [1.89e-03 3.74e-03] (3.80e-10, 3.86e+00)
INFO:root:[1,   350/ 2562] - train_losses - Parent Class: 5.7347 - Children class: 6.6127 -Autoencoder Loss (total): 635.6288 - Reconstruction/K-Means Loss: [0.4077 / 635.2211] - Consistency Loss: [0.0000] - VICReg Loss: [0.0000][wd: 5.00e-02] [lr: 1.05e-04] [autoencoder lr: 1.18e-04][mem: 6.70e+04] (1437.7 ms)
INFO:root:[1,   350] grad_stats: [2.62e-03 5.99e-03] (5.19e-10, 3.84e+00)
INFO:root:[1,   400/ 2562] - train_losses - Parent Class: 5.7324 - Children class: 6.5501 -Autoencoder Loss (total): 637.8368 - Reconstruction/K-Means Loss: [0.3990 / 637.4377] - Consistency Loss: [0.0000] - VICReg Loss: [0.0000][wd: 5.00e-02] [lr: 1.06e-04] [autoencoder lr: 1.20e-04][mem: 6.70e+04] (1452.5 ms)
INFO:root:[1,   400] grad_stats: [2.28e-03 1.11e-02] (6.32e-10, 4.08e+00)
INFO:root:[1,   450/ 2562] - train_losses - Parent Class: 5.7272 - Children class: 6.5072 -Autoencoder Loss (total): 639.6376 - Reconstruction/K-Means Loss: [0.3927 / 639.2450] - Consistency Loss: [0.0000] - VICReg Loss: [0.0000][wd: 5.00e-02] [lr: 1.07e-04] [autoencoder lr: 1.23e-04][mem: 6.70e+04] (1464.5 ms)
INFO:root:[1,   450] grad_stats: [1.56e-02 1.55e-03] (1.67e-08, 3.80e+00)
INFO:root:[1,   500/ 2562] - train_losses - Parent Class: 5.7243 - Children class: 6.4708 -Autoencoder Loss (total): 641.0801 - Reconstruction/K-Means Loss: [0.3875 / 640.6926] - Consistency Loss: [0.0000] - VICReg Loss: [0.0000][wd: 5.00e-02] [lr: 1.08e-04] [autoencoder lr: 1.25e-04][mem: 6.70e+04] (1472.7 ms)
INFO:root:[1,   500] grad_stats: [2.60e-02 3.92e-03] (5.81e-09, 4.13e+00)
INFO:root:[1,   550/ 2562] - train_losses - Parent Class: 5.7219 - Children class: 6.4329 -Autoencoder Loss (total): 642.4079 - Reconstruction/K-Means Loss: [0.3836 / 642.0243] - Consistency Loss: [0.0000] - VICReg Loss: [0.0000][wd: 5.00e-02] [lr: 1.09e-04] [autoencoder lr: 1.28e-04][mem: 6.70e+04] (1480.0 ms)
INFO:root:[1,   550] grad_stats: [7.83e-02 1.37e-02] (3.16e-06, 3.94e+00)
INFO:root:[1,   600/ 2562] - train_losses - Parent Class: 5.7169 - Children class: 6.3939 -Autoencoder Loss (total): 643.4296 - Reconstruction/K-Means Loss: [0.3833 / 643.0463] - Consistency Loss: [0.0000] - VICReg Loss: [0.0000][wd: 5.00e-02] [lr: 1.09e-04] [autoencoder lr: 1.30e-04][mem: 6.70e+04] (1485.4 ms)
INFO:root:[1,   600] grad_stats: [6.44e-02 6.52e-03] (1.82e-04, 3.76e+00)
INFO:root:[1,   650/ 2562] - train_losses - Parent Class: 5.7107 - Children class: 6.3605 -Autoencoder Loss (total): 644.3515 - Reconstruction/K-Means Loss: [0.3838 / 643.9677] - Consistency Loss: [0.0000] - VICReg Loss: [0.0000][wd: 5.00e-02] [lr: 1.10e-04] [autoencoder lr: 1.33e-04][mem: 6.70e+04] (1491.6 ms)
INFO:root:[1,   650] grad_stats: [2.20e-01 1.36e-02] (5.50e-04, 3.96e+00)
INFO:root:[1,   700/ 2562] - train_losses - Parent Class: 5.7056 - Children class: 6.3332 -Autoencoder Loss (total): 645.1718 - Reconstruction/K-Means Loss: [0.3817 / 644.7901] - Consistency Loss: [0.0000] - VICReg Loss: [0.0000][wd: 5.00e-02] [lr: 1.11e-04] [autoencoder lr: 1.36e-04][mem: 6.70e+04] (1496.6 ms)
INFO:root:[1,   700] grad_stats: [1.52e-01 6.12e-03] (8.18e-04, 4.22e+00)
INFO:root:[1,   750/ 2562] - train_losses - Parent Class: 5.6970 - Children class: 6.3068 -Autoencoder Loss (total): 645.8737 - Reconstruction/K-Means Loss: [0.3799 / 645.4937] - Consistency Loss: [0.0000] - VICReg Loss: [0.0000][wd: 5.00e-02] [lr: 1.12e-04] [autoencoder lr: 1.38e-04][mem: 6.70e+04] (1501.9 ms)
INFO:root:[1,   750] grad_stats: [1.72e-01 7.24e-03] (5.20e-04, 4.16e+00)
INFO:root:[1,   800/ 2562] - train_losses - Parent Class: 5.6897 - Children class: 6.2864 -Autoencoder Loss (total): 646.4667 - Reconstruction/K-Means Loss: [0.3777 / 646.0889] - Consistency Loss: [0.0000] - VICReg Loss: [0.0000][wd: 5.00e-02] [lr: 1.13e-04] [autoencoder lr: 1.41e-04][mem: 6.70e+04] (1506.6 ms)
INFO:root:[1,   800] grad_stats: [3.03e-01 3.00e-03] (3.19e-04, 3.90e+00)
INFO:root:[1,   850/ 2562] - train_losses - Parent Class: 5.6840 - Children class: 6.2744 -Autoencoder Loss (total): 647.0365 - Reconstruction/K-Means Loss: [0.3759 / 646.6606] - Consistency Loss: [0.0000] - VICReg Loss: [0.0000][wd: 5.00e-02] [lr: 1.13e-04] [autoencoder lr: 1.43e-04][mem: 6.70e+04] (1512.0 ms)
INFO:root:[1,   850] grad_stats: [2.16e-01 2.79e-03] (3.00e-04, 4.03e+00)
INFO:root:[1,   900/ 2562] - train_losses - Parent Class: 5.6780 - Children class: 6.2606 -Autoencoder Loss (total): 647.5362 - Reconstruction/K-Means Loss: [0.3741 / 647.1621] - Consistency Loss: [0.0000] - VICReg Loss: [0.0000][wd: 5.00e-02] [lr: 1.14e-04] [autoencoder lr: 1.46e-04][mem: 6.70e+04] (1516.3 ms)
INFO:root:[1,   900] grad_stats: [2.71e-01 5.99e-03] (6.48e-04, 3.92e+00)
INFO:root:[1,   950/ 2562] - train_losses - Parent Class: 5.6716 - Children class: 6.2501 -Autoencoder Loss (total): 647.9829 - Reconstruction/K-Means Loss: [0.3727 / 647.6102] - Consistency Loss: [0.0000] - VICReg Loss: [0.0000][wd: 5.00e-02] [lr: 1.15e-04] [autoencoder lr: 1.48e-04][mem: 6.70e+04] (1519.7 ms)
INFO:root:[1,   950] grad_stats: [2.10e-01 4.40e-03] (4.67e-04, 4.00e+00)
INFO:root:[1,  1000/ 2562] - train_losses - Parent Class: 5.6640 - Children class: 6.2418 -Autoencoder Loss (total): 648.3788 - Reconstruction/K-Means Loss: [0.3718 / 648.0070] - Consistency Loss: [0.0000] - VICReg Loss: [0.0000][wd: 5.00e-02] [lr: 1.16e-04] [autoencoder lr: 1.51e-04][mem: 6.70e+04] (1523.5 ms)
INFO:root:[1,  1000] grad_stats: [3.41e-01 8.77e-03] (9.64e-04, 3.91e+00)
INFO:root:[1,  1050/ 2562] - train_losses - Parent Class: 5.6580 - Children class: 6.2291 -Autoencoder Loss (total): 648.7699 - Reconstruction/K-Means Loss: [0.3708 / 648.3991] - Consistency Loss: [0.0000] - VICReg Loss: [0.0000][wd: 5.00e-02] [lr: 1.16e-04] [autoencoder lr: 1.53e-04][mem: 6.70e+04] (1527.1 ms)
INFO:root:[1,  1050] grad_stats: [5.02e-01 1.43e-02] (1.39e-03, 4.00e+00)
INFO:root:[1,  1100/ 2562] - train_losses - Parent Class: 5.6504 - Children class: 6.2193 -Autoencoder Loss (total): 649.0800 - Reconstruction/K-Means Loss: [0.3699 / 648.7102] - Consistency Loss: [0.0000] - VICReg Loss: [0.0000][wd: 5.00e-02] [lr: 1.17e-04] [autoencoder lr: 1.56e-04][mem: 6.70e+04] (1531.0 ms)
INFO:root:[1,  1100] grad_stats: [2.44e-01 4.34e-03] (8.15e-04, 4.00e+00)
INFO:root:[1,  1150/ 2562] - train_losses - Parent Class: 5.6446 - Children class: 6.2113 -Autoencoder Loss (total): 649.4204 - Reconstruction/K-Means Loss: [0.3690 / 649.0514] - Consistency Loss: [0.0000] - VICReg Loss: [0.0000][wd: 5.00e-02] [lr: 1.18e-04] [autoencoder lr: 1.58e-04][mem: 6.70e+04] (1535.0 ms)
INFO:root:[1,  1150] grad_stats: [4.95e-01 1.49e-02] (1.05e-03, 4.22e+00)
INFO:root:[1,  1200/ 2562] - train_losses - Parent Class: 5.6383 - Children class: 6.1986 -Autoencoder Loss (total): 649.7321 - Reconstruction/K-Means Loss: [0.3683 / 649.3638] - Consistency Loss: [0.0000] - VICReg Loss: [0.0000][wd: 5.00e-02] [lr: 1.19e-04] [autoencoder lr: 1.61e-04][mem: 6.70e+04] (1538.3 ms)
INFO:root:[1,  1200] grad_stats: [3.89e-01 3.40e-03] (8.90e-04, 3.83e+00)
INFO:root:[1,  1250/ 2562] - train_losses - Parent Class: 5.6314 - Children class: 6.1894 -Autoencoder Loss (total): 650.0258 - Reconstruction/K-Means Loss: [0.3675 / 649.6582] - Consistency Loss: [0.0000] - VICReg Loss: [0.0000][wd: 5.00e-02] [lr: 1.20e-04] [autoencoder lr: 1.63e-04][mem: 6.70e+04] (1542.0 ms)
INFO:root:[1,  1250] grad_stats: [4.06e-01 8.13e-03] (1.74e-03, 3.75e+00)
INFO:root:[1,  1300/ 2562] - train_losses - Parent Class: 5.6236 - Children class: 6.1857 -Autoencoder Loss (total): 650.2916 - Reconstruction/K-Means Loss: [0.3669 / 649.9246] - Consistency Loss: [0.0000] - VICReg Loss: [0.0000][wd: 5.00e-02] [lr: 1.20e-04] [autoencoder lr: 1.66e-04][mem: 6.70e+04] (1545.3 ms)
INFO:root:[1,  1300] grad_stats: [4.89e-01 9.12e-03] (1.75e-03, 3.87e+00)
INFO:root:[1,  1350/ 2562] - train_losses - Parent Class: 5.6135 - Children class: 6.1793 -Autoencoder Loss (total): 650.5200 - Reconstruction/K-Means Loss: [0.3665 / 650.1534] - Consistency Loss: [0.0000] - VICReg Loss: [0.0000][wd: 5.00e-02] [lr: 1.21e-04] [autoencoder lr: 1.69e-04][mem: 6.70e+04] (1548.7 ms)
INFO:root:[1,  1350] grad_stats: [5.15e-01 5.35e-03] (1.54e-03, 4.29e+00)
INFO:root:[1,  1400/ 2562] - train_losses - Parent Class: 5.6052 - Children class: 6.1717 -Autoencoder Loss (total): 650.7448 - Reconstruction/K-Means Loss: [0.3661 / 650.3787] - Consistency Loss: [0.0000] - VICReg Loss: [0.0000][wd: 5.00e-02] [lr: 1.22e-04] [autoencoder lr: 1.71e-04][mem: 6.70e+04] (1552.1 ms)
INFO:root:[1,  1400] grad_stats: [6.52e-01 1.20e-02] (2.40e-03, 4.43e+00)
INFO:root:[1,  1450/ 2562] - train_losses - Parent Class: 5.5952 - Children class: 6.1621 -Autoencoder Loss (total): 650.9232 - Reconstruction/K-Means Loss: [0.3655 / 650.5577] - Consistency Loss: [0.0000] - VICReg Loss: [0.0000][wd: 5.00e-02] [lr: 1.23e-04] [autoencoder lr: 1.74e-04][mem: 6.70e+04] (1555.4 ms)
INFO:root:[1,  1450] grad_stats: [5.89e-01 5.89e-03] (2.04e-03, 3.56e+00)
INFO:root:[1,  1500/ 2562] - train_losses - Parent Class: 5.5858 - Children class: 6.1544 -Autoencoder Loss (total): 651.0941 - Reconstruction/K-Means Loss: [0.3651 / 650.7289] - Consistency Loss: [0.0000] - VICReg Loss: [0.0000][wd: 5.01e-02] [lr: 1.23e-04] [autoencoder lr: 1.76e-04][mem: 6.70e+04] (1558.7 ms)
INFO:root:[1,  1500] grad_stats: [6.38e-01 7.99e-03] (1.58e-03, 3.92e+00)
INFO:root:[1,  1550/ 2562] - train_losses - Parent Class: 5.5777 - Children class: 6.1445 -Autoencoder Loss (total): 651.2479 - Reconstruction/K-Means Loss: [0.3647 / 650.8831] - Consistency Loss: [0.0000] - VICReg Loss: [0.0000][wd: 5.01e-02] [lr: 1.24e-04] [autoencoder lr: 1.79e-04][mem: 6.70e+04] (1561.5 ms)
INFO:root:[1,  1550] grad_stats: [4.94e-01 8.44e-03] (1.49e-03, 4.04e+00)
INFO:root:[1,  1600/ 2562] - train_losses - Parent Class: 5.5693 - Children class: 6.1313 -Autoencoder Loss (total): 651.4045 - Reconstruction/K-Means Loss: [0.3642 / 651.0403] - Consistency Loss: [0.0000] - VICReg Loss: [0.0000][wd: 5.01e-02] [lr: 1.25e-04] [autoencoder lr: 1.81e-04][mem: 6.70e+04] (1564.3 ms)
INFO:root:[1,  1600] grad_stats: [8.74e-01 6.66e-03] (1.44e-03, 3.97e+00)
INFO:root:[1,  1650/ 2562] - train_losses - Parent Class: 5.5601 - Children class: 6.1189 -Autoencoder Loss (total): 651.5507 - Reconstruction/K-Means Loss: [0.3637 / 651.1870] - Consistency Loss: [0.0000] - VICReg Loss: [0.0000][wd: 5.01e-02] [lr: 1.26e-04] [autoencoder lr: 1.84e-04][mem: 6.70e+04] (1567.2 ms)
INFO:root:[1,  1650] grad_stats: [1.21e+00 2.24e-02] (5.79e-03, 4.01e+00)
INFO:root:[1,  1700/ 2562] - train_losses - Parent Class: 5.5530 - Children class: 6.1106 -Autoencoder Loss (total): 651.6888 - Reconstruction/K-Means Loss: [0.3634 / 651.3254] - Consistency Loss: [0.0000] - VICReg Loss: [0.0000][wd: 5.01e-02] [lr: 1.27e-04] [autoencoder lr: 1.86e-04][mem: 6.70e+04] (1569.9 ms)
INFO:root:[1,  1700] grad_stats: [8.52e-01 1.27e-02] (2.67e-03, 3.79e+00)
INFO:root:[1,  1750/ 2562] - train_losses - Parent Class: 5.5441 - Children class: 6.0988 -Autoencoder Loss (total): 651.8201 - Reconstruction/K-Means Loss: [0.3632 / 651.4569] - Consistency Loss: [0.0000] - VICReg Loss: [0.0000][wd: 5.01e-02] [lr: 1.27e-04] [autoencoder lr: 1.89e-04][mem: 6.70e+04] (1572.7 ms)
INFO:root:[1,  1750] grad_stats: [9.04e-01 1.29e-02] (2.27e-03, 3.73e+00)
INFO:root:[1,  1800/ 2562] - train_losses - Parent Class: 5.5361 - Children class: 6.0855 -Autoencoder Loss (total): 651.9501 - Reconstruction/K-Means Loss: [0.3632 / 651.5870] - Consistency Loss: [0.0000] - VICReg Loss: [0.0000][wd: 5.01e-02] [lr: 1.28e-04] [autoencoder lr: 1.91e-04][mem: 6.70e+04] (1575.5 ms)
INFO:root:[1,  1800] grad_stats: [8.69e-01 1.37e-02] (2.60e-03, 3.80e+00)
INFO:root:[1,  1850/ 2562] - train_losses - Parent Class: 5.5277 - Children class: 6.0706 -Autoencoder Loss (total): 652.0479 - Reconstruction/K-Means Loss: [0.3630 / 651.6849] - Consistency Loss: [0.0000] - VICReg Loss: [0.0000][wd: 5.01e-02] [lr: 1.29e-04] [autoencoder lr: 1.94e-04][mem: 6.70e+04] (1578.7 ms)
INFO:root:[1,  1850] grad_stats: [9.41e-01 2.45e-02] (3.88e-03, 3.99e+00)
INFO:root:[1,  1900/ 2562] - train_losses - Parent Class: 5.5197 - Children class: 6.0560 -Autoencoder Loss (total): 652.1561 - Reconstruction/K-Means Loss: [0.3627 / 651.7933] - Consistency Loss: [0.0000] - VICReg Loss: [0.0000][wd: 5.01e-02] [lr: 1.30e-04] [autoencoder lr: 1.96e-04][mem: 6.70e+04] (1581.6 ms)
INFO:root:[1,  1900] grad_stats: [6.99e-01 1.47e-02] (4.10e-03, 3.71e+00)
INFO:root:[1,  1950/ 2562] - train_losses - Parent Class: 5.5118 - Children class: 6.0420 -Autoencoder Loss (total): 652.2648 - Reconstruction/K-Means Loss: [0.3624 / 651.9024] - Consistency Loss: [0.0000] - VICReg Loss: [0.0000][wd: 5.01e-02] [lr: 1.30e-04] [autoencoder lr: 1.99e-04][mem: 6.70e+04] (1584.3 ms)
INFO:root:[1,  1950] grad_stats: [1.38e+00 1.36e-02] (3.07e-03, 3.74e+00)
INFO:root:[1,  2000/ 2562] - train_losses - Parent Class: 5.5041 - Children class: 6.0284 -Autoencoder Loss (total): 652.3595 - Reconstruction/K-Means Loss: [0.3619 / 651.9976] - Consistency Loss: [0.0000] - VICReg Loss: [0.0000][wd: 5.01e-02] [lr: 1.31e-04] [autoencoder lr: 2.02e-04][mem: 6.70e+04] (1587.2 ms)
INFO:root:[1,  2000] grad_stats: [1.14e+00 4.22e-02] (4.37e-03, 3.83e+00)
INFO:root:[1,  2050/ 2562] - train_losses - Parent Class: 5.4968 - Children class: 6.0159 -Autoencoder Loss (total): 652.4517 - Reconstruction/K-Means Loss: [0.3615 / 652.0902] - Consistency Loss: [0.0000] - VICReg Loss: [0.0000][wd: 5.01e-02] [lr: 1.32e-04] [autoencoder lr: 2.04e-04][mem: 6.70e+04] (1590.0 ms)
INFO:root:[1,  2050] grad_stats: [1.36e+00 2.31e-02] (3.49e-03, 3.68e+00)
INFO:root:[1,  2100/ 2562] - train_losses - Parent Class: 5.4894 - Children class: 6.0039 -Autoencoder Loss (total): 652.5247 - Reconstruction/K-Means Loss: [0.3611 / 652.1636] - Consistency Loss: [0.0000] - VICReg Loss: [0.0000][wd: 5.01e-02] [lr: 1.33e-04] [autoencoder lr: 2.07e-04][mem: 6.70e+04] (1592.6 ms)
INFO:root:[1,  2100] grad_stats: [8.58e-01 2.27e-02] (3.14e-03, 3.86e+00)
INFO:root:[1,  2150/ 2562] - train_losses - Parent Class: 5.4827 - Children class: 5.9924 -Autoencoder Loss (total): 652.6191 - Reconstruction/K-Means Loss: [0.3606 / 652.2584] - Consistency Loss: [0.0000] - VICReg Loss: [0.0000][wd: 5.01e-02] [lr: 1.34e-04] [autoencoder lr: 2.09e-04][mem: 6.70e+04] (1595.2 ms)
INFO:root:[1,  2150] grad_stats: [7.58e-01 1.45e-02] (2.23e-03, 3.73e+00)
INFO:root:[1,  2200/ 2562] - train_losses - Parent Class: 5.4768 - Children class: 5.9826 -Autoencoder Loss (total): 652.6992 - Reconstruction/K-Means Loss: [0.3602 / 652.3391] - Consistency Loss: [0.0000] - VICReg Loss: [0.0000][wd: 5.01e-02] [lr: 1.34e-04] [autoencoder lr: 2.12e-04][mem: 6.70e+04] (1597.8 ms)
INFO:root:[1,  2200] grad_stats: [7.92e-01 2.14e-02] (3.19e-03, 3.63e+00)
INFO:root:[1,  2250/ 2562] - train_losses - Parent Class: 5.4703 - Children class: 5.9714 -Autoencoder Loss (total): 652.7698 - Reconstruction/K-Means Loss: [0.3597 / 652.4101] - Consistency Loss: [0.0000] - VICReg Loss: [0.0000][wd: 5.01e-02] [lr: 1.35e-04] [autoencoder lr: 2.14e-04][mem: 6.70e+04] (1600.4 ms)
INFO:root:[1,  2250] grad_stats: [7.39e-01 2.35e-02] (3.15e-03, 3.70e+00)
INFO:root:[1,  2300/ 2562] - train_losses - Parent Class: 5.4636 - Children class: 5.9598 -Autoencoder Loss (total): 652.8466 - Reconstruction/K-Means Loss: [0.3591 / 652.4875] - Consistency Loss: [0.0000] - VICReg Loss: [0.0000][wd: 5.01e-02] [lr: 1.36e-04] [autoencoder lr: 2.17e-04][mem: 6.70e+04] (1603.0 ms)
INFO:root:[1,  2300] grad_stats: [9.64e-01 1.21e-02] (2.73e-03, 3.75e+00)
INFO:root:[1,  2350/ 2562] - train_losses - Parent Class: 5.4573 - Children class: 5.9488 -Autoencoder Loss (total): 652.9139 - Reconstruction/K-Means Loss: [0.3585 / 652.5553] - Consistency Loss: [0.0000] - VICReg Loss: [0.0000][wd: 5.01e-02] [lr: 1.37e-04] [autoencoder lr: 2.19e-04][mem: 6.70e+04] (1605.7 ms)
INFO:root:[1,  2350] grad_stats: [8.97e-01 2.13e-02] (2.73e-03, 3.61e+00)
INFO:root:[1,  2400/ 2562] - train_losses - Parent Class: 5.4526 - Children class: 5.9397 -Autoencoder Loss (total): 652.9975 - Reconstruction/K-Means Loss: [0.3580 / 652.6395] - Consistency Loss: [0.0000] - VICReg Loss: [0.0000][wd: 5.01e-02] [lr: 1.37e-04] [autoencoder lr: 2.22e-04][mem: 6.70e+04] (1608.3 ms)
INFO:root:[1,  2400] grad_stats: [7.87e-01 1.85e-02] (3.36e-03, 3.94e+00)
INFO:root:[1,  2450/ 2562] - train_losses - Parent Class: 5.4462 - Children class: 5.9292 -Autoencoder Loss (total): 653.0597 - Reconstruction/K-Means Loss: [0.3573 / 652.7024] - Consistency Loss: [0.0000] - VICReg Loss: [0.0000][wd: 5.01e-02] [lr: 1.38e-04] [autoencoder lr: 2.24e-04][mem: 6.70e+04] (1611.4 ms)
INFO:root:[1,  2450] grad_stats: [1.07e+00 2.05e-02] (2.74e-03, 3.53e+00)
INFO:root:[1,  2500/ 2562] - train_losses - Parent Class: 5.4399 - Children class: 5.9188 -Autoencoder Loss (total): 653.1154 - Reconstruction/K-Means Loss: [0.3566 / 652.7588] - Consistency Loss: [0.0000] - VICReg Loss: [0.0000][wd: 5.01e-02] [lr: 1.39e-04] [autoencoder lr: 2.27e-04][mem: 6.70e+04] (1614.0 ms)
INFO:root:[1,  2500] grad_stats: [7.12e-01 2.82e-02] (2.70e-03, 3.90e+00)
INFO:root:[1,  2550/ 2562] - train_losses - Parent Class: 5.4344 - Children class: 5.9098 -Autoencoder Loss (total): 653.1638 - Reconstruction/K-Means Loss: [0.3560 / 652.8078] - Consistency Loss: [0.0000] - VICReg Loss: [0.0000][wd: 5.02e-02] [lr: 1.40e-04] [autoencoder lr: 2.29e-04][mem: 6.70e+04] (1616.0 ms)
INFO:root:[1,  2550] grad_stats: [1.25e+00 1.93e-02] (3.60e-03, 3.75e+00)
INFO:root:Asserting cache length
Avg no of empty clusters: 7.029411764705882
/home/rtcalumby/miniconda3/envs/py382/lib/python3.12/site-packages/torch/cuda/__init__.py:619: UserWarning: Can't initialize NVML
  warnings.warn("Can't initialize NVML")
INFO:faiss.loader:Loading faiss with AVX2 support.
INFO:faiss.loader:Successfully loaded faiss with AVX2 support.
/home/rtcalumby/miniconda3/envs/py382/lib/python3.12/site-packages/torch/cuda/__init__.py:619: UserWarning: Can't initialize NVML
  warnings.warn("Can't initialize NVML")
INFO:faiss.loader:Loading faiss with AVX2 support.
INFO:faiss.loader:Successfully loaded faiss with AVX2 support.
/home/rtcalumby/miniconda3/envs/py382/lib/python3.12/site-packages/torch/cuda/__init__.py:619: UserWarning: Can't initialize NVML
  warnings.warn("Can't initialize NVML")
INFO:faiss.loader:Loading faiss with AVX2 support.
INFO:faiss.loader:Successfully loaded faiss with AVX2 support.
/home/rtcalumby/miniconda3/envs/py382/lib/python3.12/site-packages/torch/cuda/__init__.py:619: UserWarning: Can't initialize NVML
  warnings.warn("Can't initialize NVML")
INFO:faiss.loader:Loading faiss with AVX2 support.
INFO:faiss.loader:Successfully loaded faiss with AVX2 support.
/home/rtcalumby/miniconda3/envs/py382/lib/python3.12/site-packages/torch/cuda/__init__.py:619: UserWarning: Can't initialize NVML
  warnings.warn("Can't initialize NVML")
INFO:faiss.loader:Loading faiss with AVX2 support.
INFO:faiss.loader:Successfully loaded faiss with AVX2 support.
/home/rtcalumby/miniconda3/envs/py382/lib/python3.12/site-packages/torch/cuda/__init__.py:619: UserWarning: Can't initialize NVML
  warnings.warn("Can't initialize NVML")
INFO:faiss.loader:Loading faiss with AVX2 support.
INFO:faiss.loader:Successfully loaded faiss with AVX2 support.
/home/rtcalumby/miniconda3/envs/py382/lib/python3.12/site-packages/torch/cuda/__init__.py:619: UserWarning: Can't initialize NVML
  warnings.warn("Can't initialize NVML")
INFO:faiss.loader:Loading faiss with AVX2 support.
INFO:faiss.loader:Successfully loaded faiss with AVX2 support.
/home/rtcalumby/miniconda3/envs/py382/lib/python3.12/site-packages/torch/cuda/__init__.py:619: UserWarning: Can't initialize NVML
  warnings.warn("Can't initialize NVML")
INFO:faiss.loader:Loading faiss with AVX2 support.
INFO:faiss.loader:Successfully loaded faiss with AVX2 support.
INFO:root:avg. train_loss 11.341
INFO:root:avg. test_loss 4.521 avg. Accuracy@1 14.082 - avg. Accuracy@5 33.071
INFO:root:Loss 10.6564
INFO:root:Epoch 2
/home/rtcalumby/miniconda3/envs/py382/lib/python3.12/site-packages/torch/cuda/__init__.py:619: UserWarning: Can't initialize NVML
  warnings.warn("Can't initialize NVML")
INFO:faiss.loader:Loading faiss with AVX2 support.
INFO:faiss.loader:Successfully loaded faiss with AVX2 support.
/home/rtcalumby/miniconda3/envs/py382/lib/python3.12/site-packages/torch/cuda/__init__.py:619: UserWarning: Can't initialize NVML
  warnings.warn("Can't initialize NVML")
INFO:faiss.loader:Loading faiss with AVX2 support.
INFO:faiss.loader:Successfully loaded faiss with AVX2 support.
/home/rtcalumby/miniconda3/envs/py382/lib/python3.12/site-packages/torch/cuda/__init__.py:619: UserWarning: Can't initialize NVML
  warnings.warn("Can't initialize NVML")
INFO:faiss.loader:Loading faiss with AVX2 support.
INFO:faiss.loader:Successfully loaded faiss with AVX2 support.
/home/rtcalumby/miniconda3/envs/py382/lib/python3.12/site-packages/torch/cuda/__init__.py:619: UserWarning: Can't initialize NVML
  warnings.warn("Can't initialize NVML")
INFO:faiss.loader:Loading faiss with AVX2 support.
INFO:faiss.loader:Successfully loaded faiss with AVX2 support.
/home/rtcalumby/miniconda3/envs/py382/lib/python3.12/site-packages/torch/cuda/__init__.py:619: UserWarning: Can't initialize NVML
  warnings.warn("Can't initialize NVML")
INFO:faiss.loader:Loading faiss with AVX2 support.
INFO:faiss.loader:Successfully loaded faiss with AVX2 support.
/home/rtcalumby/miniconda3/envs/py382/lib/python3.12/site-packages/torch/cuda/__init__.py:619: UserWarning: Can't initialize NVML
  warnings.warn("Can't initialize NVML")
INFO:faiss.loader:Loading faiss with AVX2 support.
INFO:faiss.loader:Successfully loaded faiss with AVX2 support.
/home/rtcalumby/miniconda3/envs/py382/lib/python3.12/site-packages/torch/cuda/__init__.py:619: UserWarning: Can't initialize NVML
  warnings.warn("Can't initialize NVML")
INFO:faiss.loader:Loading faiss with AVX2 support.
INFO:faiss.loader:Successfully loaded faiss with AVX2 support.
/home/rtcalumby/miniconda3/envs/py382/lib/python3.12/site-packages/torch/cuda/__init__.py:619: UserWarning: Can't initialize NVML
  warnings.warn("Can't initialize NVML")
INFO:faiss.loader:Loading faiss with AVX2 support.
INFO:faiss.loader:Successfully loaded faiss with AVX2 support.
INFO:root:[2,     0/ 2562] - train_losses - Parent Class: 4.8978 - Children class: 6.4520 -Autoencoder Loss (total): 481.0272 - Reconstruction/K-Means Loss: [0.3303 / 480.6969] - Consistency Loss: [0.0000] - VICReg Loss: [0.0000][wd: 5.02e-02] [lr: 1.40e-04] [autoencoder lr: 2.30e-04][mem: 6.70e+04] (2321.4 ms)
INFO:root:[2,     0] grad_stats: [9.16e-01 2.37e-02] (2.79e-03, 4.25e+00)
INFO:root:[2,    50/ 2562] - train_losses - Parent Class: 5.1473 - Children class: 5.9987 -Autoencoder Loss (total): 219.7572 - Reconstruction/K-Means Loss: [0.3351 / 219.4222] - Consistency Loss: [0.0000] - VICReg Loss: [0.0000][wd: 5.02e-02] [lr: 1.41e-04] [autoencoder lr: 2.33e-04][mem: 6.70e+04] (1238.8 ms)
INFO:root:[2,    50] grad_stats: [6.82e-01 1.76e-02] (2.27e-03, 3.80e+00)
INFO:root:[2,   100/ 2562] - train_losses - Parent Class: 5.1366 - Children class: 5.7392 -Autoencoder Loss (total): 211.8251 - Reconstruction/K-Means Loss: [0.3346 / 211.4905] - Consistency Loss: [0.0000] - VICReg Loss: [0.0000][wd: 5.02e-02] [lr: 1.42e-04] [autoencoder lr: 2.35e-04][mem: 6.70e+04] (1300.8 ms)
INFO:root:[2,   100] grad_stats: [7.08e-01 1.89e-02] (2.85e-03, 3.78e+00)
INFO:root:[2,   150/ 2562] - train_losses - Parent Class: 5.1347 - Children class: 5.6410 -Autoencoder Loss (total): 208.4470 - Reconstruction/K-Means Loss: [0.3342 / 208.1128] - Consistency Loss: [0.0000] - VICReg Loss: [0.0000][wd: 5.02e-02] [lr: 1.42e-04] [autoencoder lr: 2.38e-04][mem: 6.70e+04] (1354.0 ms)
INFO:root:[2,   150] grad_stats: [7.48e-01 1.87e-02] (3.18e-03, 3.77e+00)
INFO:root:[2,   200/ 2562] - train_losses - Parent Class: 5.1315 - Children class: 5.5835 -Autoencoder Loss (total): 206.8598 - Reconstruction/K-Means Loss: [0.3339 / 206.5259] - Consistency Loss: [0.0000] - VICReg Loss: [0.0000][wd: 5.02e-02] [lr: 1.43e-04] [autoencoder lr: 2.40e-04][mem: 6.70e+04] (1390.6 ms)
INFO:root:[2,   200] grad_stats: [8.10e-01 2.21e-02] (3.09e-03, 3.93e+00)
INFO:root:[2,   250/ 2562] - train_losses - Parent Class: 5.1278 - Children class: 5.5443 -Autoencoder Loss (total): 205.5212 - Reconstruction/K-Means Loss: [0.3336 / 205.1876] - Consistency Loss: [0.0000] - VICReg Loss: [0.0000][wd: 5.02e-02] [lr: 1.44e-04] [autoencoder lr: 2.43e-04][mem: 6.70e+04] (1415.4 ms)
INFO:root:[2,   250] grad_stats: [1.08e+00 2.34e-02] (3.08e-03, 3.82e+00)
INFO:root:[2,   300/ 2562] - train_losses - Parent Class: 5.1311 - Children class: 5.5215 -Autoencoder Loss (total): 205.2809 - Reconstruction/K-Means Loss: [0.3330 / 204.9479] - Consistency Loss: [0.0000] - VICReg Loss: [0.0000][wd: 5.02e-02] [lr: 1.45e-04] [autoencoder lr: 2.45e-04][mem: 6.70e+04] (1433.6 ms)
INFO:root:[2,   300] grad_stats: [8.21e-01 2.21e-02] (2.39e-03, 3.89e+00)
INFO:root:[2,   350/ 2562] - train_losses - Parent Class: 5.1245 - Children class: 5.4953 -Autoencoder Loss (total): 205.3660 - Reconstruction/K-Means Loss: [0.3329 / 205.0331] - Consistency Loss: [0.0000] - VICReg Loss: [0.0000][wd: 5.02e-02] [lr: 1.45e-04] [autoencoder lr: 2.48e-04][mem: 6.70e+04] (1447.2 ms)
INFO:root:[2,   350] grad_stats: [1.12e+00 2.06e-02] (3.10e-03, 3.69e+00)
INFO:root:[2,   400/ 2562] - train_losses - Parent Class: 5.1265 - Children class: 5.4835 -Autoencoder Loss (total): 204.9819 - Reconstruction/K-Means Loss: [0.3330 / 204.6489] - Consistency Loss: [0.0000] - VICReg Loss: [0.0000][wd: 5.02e-02] [lr: 1.46e-04] [autoencoder lr: 2.50e-04][mem: 6.70e+04] (1459.1 ms)
INFO:root:[2,   400] grad_stats: [7.26e-01 2.14e-02] (2.84e-03, 3.50e+00)
INFO:root:[2,   450/ 2562] - train_losses - Parent Class: 5.1249 - Children class: 5.4710 -Autoencoder Loss (total): 204.8496 - Reconstruction/K-Means Loss: [0.3327 / 204.5169] - Consistency Loss: [0.0000] - VICReg Loss: [0.0000][wd: 5.02e-02] [lr: 1.47e-04] [autoencoder lr: 2.53e-04][mem: 6.70e+04] (1469.4 ms)
INFO:root:[2,   450] grad_stats: [1.17e+00 2.80e-02] (3.02e-03, 3.89e+00)
INFO:root:[2,   500/ 2562] - train_losses - Parent Class: 5.1195 - Children class: 5.4551 -Autoencoder Loss (total): 204.6836 - Reconstruction/K-Means Loss: [0.3325 / 204.3511] - Consistency Loss: [0.0000] - VICReg Loss: [0.0000][wd: 5.02e-02] [lr: 1.48e-04] [autoencoder lr: 2.55e-04][mem: 6.70e+04] (1478.3 ms)
INFO:root:[2,   500] grad_stats: [8.22e-01 1.99e-02] (2.15e-03, 3.76e+00)
INFO:root:[2,   550/ 2562] - train_losses - Parent Class: 5.1200 - Children class: 5.4479 -Autoencoder Loss (total): 204.5743 - Reconstruction/K-Means Loss: [0.3322 / 204.2421] - Consistency Loss: [0.0000] - VICReg Loss: [0.0000][wd: 5.02e-02] [lr: 1.49e-04] [autoencoder lr: 2.58e-04][mem: 6.70e+04] (1486.2 ms)
INFO:root:[2,   550] grad_stats: [6.59e-01 2.05e-02] (2.95e-03, 3.91e+00)
INFO:root:[2,   600/ 2562] - train_losses - Parent Class: 5.1172 - Children class: 5.4373 -Autoencoder Loss (total): 204.6888 - Reconstruction/K-Means Loss: [0.3321 / 204.3566] - Consistency Loss: [0.0000] - VICReg Loss: [0.0000][wd: 5.02e-02] [lr: 1.49e-04] [autoencoder lr: 2.60e-04][mem: 6.70e+04] (1493.5 ms)
INFO:root:[2,   600] grad_stats: [7.69e-01 2.41e-02] (2.58e-03, 3.79e+00)
INFO:root:[2,   650/ 2562] - train_losses - Parent Class: 5.1116 - Children class: 5.4251 -Autoencoder Loss (total): 204.6299 - Reconstruction/K-Means Loss: [0.3319 / 204.2980] - Consistency Loss: [0.0000] - VICReg Loss: [0.0000][wd: 5.02e-02] [lr: 1.50e-04] [autoencoder lr: 2.63e-04][mem: 6.70e+04] (1499.7 ms)
INFO:root:[2,   650] grad_stats: [7.41e-01 4.39e-02] (3.54e-03, 3.77e+00)
INFO:root:[2,   700/ 2562] - train_losses - Parent Class: 5.1112 - Children class: 5.4194 -Autoencoder Loss (total): 204.6390 - Reconstruction/K-Means Loss: [0.3313 / 204.3077] - Consistency Loss: [0.0000] - VICReg Loss: [0.0000][wd: 5.02e-02] [lr: 1.51e-04] [autoencoder lr: 2.66e-04][mem: 6.70e+04] (1505.0 ms)
INFO:root:[2,   700] grad_stats: [1.04e+00 3.16e-02] (3.08e-03, 3.94e+00)
INFO:root:[2,   750/ 2562] - train_losses - Parent Class: 5.1065 - Children class: 5.4087 -Autoencoder Loss (total): 204.6423 - Reconstruction/K-Means Loss: [0.3310 / 204.3114] - Consistency Loss: [0.0000] - VICReg Loss: [0.0000][wd: 5.03e-02] [lr: 1.52e-04] [autoencoder lr: 2.68e-04][mem: 6.70e+04] (1509.9 ms)
INFO:root:[2,   750] grad_stats: [1.02e+00 2.79e-02] (3.81e-03, 3.74e+00)
INFO:root:[2,   800/ 2562] - train_losses - Parent Class: 5.1050 - Children class: 5.4030 -Autoencoder Loss (total): 204.5022 - Reconstruction/K-Means Loss: [0.3305 / 204.1718] - Consistency Loss: [0.0000] - VICReg Loss: [0.0000][wd: 5.03e-02] [lr: 1.53e-04] [autoencoder lr: 2.71e-04][mem: 6.70e+04] (1513.9 ms)
INFO:root:[2,   800] grad_stats: [9.31e-01 2.70e-02] (2.96e-03, 4.23e+00)
INFO:root:[2,   850/ 2562] - train_losses - Parent Class: 5.1046 - Children class: 5.3987 -Autoencoder Loss (total): 204.4109 - Reconstruction/K-Means Loss: [0.3299 / 204.0811] - Consistency Loss: [0.0000] - VICReg Loss: [0.0000][wd: 5.03e-02] [lr: 1.53e-04] [autoencoder lr: 2.73e-04][mem: 6.70e+04] (1517.9 ms)
INFO:root:[2,   850] grad_stats: [1.05e+00 4.24e-02] (2.72e-03, 3.77e+00)
INFO:root:[2,   900/ 2562] - train_losses - Parent Class: 5.0999 - Children class: 5.3904 -Autoencoder Loss (total): 204.2633 - Reconstruction/K-Means Loss: [0.3292 / 203.9341] - Consistency Loss: [0.0000] - VICReg Loss: [0.0000][wd: 5.03e-02] [lr: 1.54e-04] [autoencoder lr: 2.76e-04][mem: 6.70e+04] (1522.1 ms)
INFO:root:[2,   900] grad_stats: [1.00e+00 3.32e-02] (2.96e-03, 3.73e+00)
INFO:root:[2,   950/ 2562] - train_losses - Parent Class: 5.0979 - Children class: 5.3852 -Autoencoder Loss (total): 204.2529 - Reconstruction/K-Means Loss: [0.3288 / 203.9242] - Consistency Loss: [0.0000] - VICReg Loss: [0.0000][wd: 5.03e-02] [lr: 1.55e-04] [autoencoder lr: 2.78e-04][mem: 6.70e+04] (1525.5 ms)
INFO:root:[2,   950] grad_stats: [1.25e+00 2.96e-02] (4.10e-03, 4.03e+00)
INFO:root:[2,  1000/ 2562] - train_losses - Parent Class: 5.0964 - Children class: 5.3806 -Autoencoder Loss (total): 204.2923 - Reconstruction/K-Means Loss: [0.3283 / 203.9640] - Consistency Loss: [0.0000] - VICReg Loss: [0.0000][wd: 5.03e-02] [lr: 1.56e-04] [autoencoder lr: 2.81e-04][mem: 6.70e+04] (1528.9 ms)
INFO:root:[2,  1000] grad_stats: [1.15e+00 3.55e-02] (4.75e-03, 3.83e+00)
INFO:root:[2,  1050/ 2562] - train_losses - Parent Class: 5.0945 - Children class: 5.3760 -Autoencoder Loss (total): 204.3117 - Reconstruction/K-Means Loss: [0.3278 / 203.9840] - Consistency Loss: [0.0000] - VICReg Loss: [0.0000][wd: 5.03e-02] [lr: 1.56e-04] [autoencoder lr: 2.83e-04][mem: 6.70e+04] (1532.1 ms)
INFO:root:[2,  1050] grad_stats: [9.54e-01 3.47e-02] (3.50e-03, 3.94e+00)
INFO:root:[2,  1100/ 2562] - train_losses - Parent Class: 5.0929 - Children class: 5.3719 -Autoencoder Loss (total): 204.2818 - Reconstruction/K-Means Loss: [0.3274 / 203.9544] - Consistency Loss: [0.0000] - VICReg Loss: [0.0000][wd: 5.03e-02] [lr: 1.57e-04] [autoencoder lr: 2.86e-04][mem: 6.70e+04] (1535.3 ms)
INFO:root:[2,  1100] grad_stats: [1.45e+00 5.33e-02] (3.69e-03, 4.09e+00)
INFO:root:[2,  1150/ 2562] - train_losses - Parent Class: 5.0899 - Children class: 5.3665 -Autoencoder Loss (total): 204.1881 - Reconstruction/K-Means Loss: [0.3271 / 203.8610] - Consistency Loss: [0.0000] - VICReg Loss: [0.0000][wd: 5.03e-02] [lr: 1.58e-04] [autoencoder lr: 2.88e-04][mem: 6.70e+04] (1538.6 ms)
INFO:root:[2,  1150] grad_stats: [1.04e+00 3.60e-02] (3.42e-03, 3.92e+00)
INFO:root:[2,  1200/ 2562] - train_losses - Parent Class: 5.0869 - Children class: 5.3614 -Autoencoder Loss (total): 204.1274 - Reconstruction/K-Means Loss: [0.3267 / 203.8007] - Consistency Loss: [0.0000] - VICReg Loss: [0.0000][wd: 5.03e-02] [lr: 1.59e-04] [autoencoder lr: 2.91e-04][mem: 6.70e+04] (1541.7 ms)
INFO:root:[2,  1200] grad_stats: [1.11e+00 4.30e-02] (4.17e-03, 3.65e+00)
INFO:root:[2,  1250/ 2562] - train_losses - Parent Class: 5.0845 - Children class: 5.3571 -Autoencoder Loss (total): 204.0438 - Reconstruction/K-Means Loss: [0.3264 / 203.7174] - Consistency Loss: [0.0000] - VICReg Loss: [0.0000][wd: 5.03e-02] [lr: 1.60e-04] [autoencoder lr: 2.93e-04][mem: 6.70e+04] (1545.0 ms)
INFO:root:[2,  1250] grad_stats: [1.43e+00 4.41e-02] (5.16e-03, 4.09e+00)
INFO:root:[2,  1300/ 2562] - train_losses - Parent Class: 5.0820 - Children class: 5.3525 -Autoencoder Loss (total): 204.1273 - Reconstruction/K-Means Loss: [0.3260 / 203.8012] - Consistency Loss: [0.0000] - VICReg Loss: [0.0000][wd: 5.03e-02] [lr: 1.60e-04] [autoencoder lr: 2.96e-04][mem: 6.70e+04] (1548.2 ms)
INFO:root:[2,  1300] grad_stats: [1.20e+00 3.70e-02] (2.81e-03, 3.85e+00)
INFO:root:[2,  1350/ 2562] - train_losses - Parent Class: 5.0796 - Children class: 5.3477 -Autoencoder Loss (total): 204.1192 - Reconstruction/K-Means Loss: [0.3258 / 203.7934] - Consistency Loss: [0.0000] - VICReg Loss: [0.0000][wd: 5.04e-02] [lr: 1.61e-04] [autoencoder lr: 2.99e-04][mem: 6.70e+04] (1551.0 ms)
INFO:root:[2,  1350] grad_stats: [1.07e+00 4.31e-02] (3.38e-03, 3.66e+00)
INFO:root:[2,  1400/ 2562] - train_losses - Parent Class: 5.0775 - Children class: 5.3442 -Autoencoder Loss (total): 204.1664 - Reconstruction/K-Means Loss: [0.3255 / 203.8409] - Consistency Loss: [0.0000] - VICReg Loss: [0.0000][wd: 5.04e-02] [lr: 1.62e-04] [autoencoder lr: 3.01e-04][mem: 6.70e+04] (1554.0 ms)
INFO:root:[2,  1400] grad_stats: [1.17e+00 3.74e-02] (4.09e-03, 3.60e+00)
INFO:root:[2,  1450/ 2562] - train_losses - Parent Class: 5.0740 - Children class: 5.3389 -Autoencoder Loss (total): 204.1778 - Reconstruction/K-Means Loss: [0.3253 / 203.8525] - Consistency Loss: [0.0000] - VICReg Loss: [0.0000][wd: 5.04e-02] [lr: 1.63e-04] [autoencoder lr: 3.04e-04][mem: 6.70e+04] (1557.0 ms)
INFO:root:[2,  1450] grad_stats: [1.03e+00 3.30e-02] (4.23e-03, 3.96e+00)
INFO:root:[2,  1500/ 2562] - train_losses - Parent Class: 5.0715 - Children class: 5.3349 -Autoencoder Loss (total): 204.1691 - Reconstruction/K-Means Loss: [0.3251 / 203.8440] - Consistency Loss: [0.0000] - VICReg Loss: [0.0000][wd: 5.04e-02] [lr: 1.63e-04] [autoencoder lr: 3.06e-04][mem: 6.70e+04] (1560.2 ms)
INFO:root:[2,  1500] grad_stats: [1.03e+00 3.74e-02] (3.27e-03, 3.57e+00)
INFO:root:[2,  1550/ 2562] - train_losses - Parent Class: 5.0694 - Children class: 5.3312 -Autoencoder Loss (total): 204.1301 - Reconstruction/K-Means Loss: [0.3249 / 203.8052] - Consistency Loss: [0.0000] - VICReg Loss: [0.0000][wd: 5.04e-02] [lr: 1.64e-04] [autoencoder lr: 3.09e-04][mem: 6.70e+04] (1562.8 ms)
INFO:root:[2,  1550] grad_stats: [1.37e+00 1.05e-01] (4.42e-03, 3.96e+00)
INFO:root:[2,  1600/ 2562] - train_losses - Parent Class: 5.0666 - Children class: 5.3271 -Autoencoder Loss (total): 204.1428 - Reconstruction/K-Means Loss: [0.3247 / 203.8181] - Consistency Loss: [0.0000] - VICReg Loss: [0.0000][wd: 5.04e-02] [lr: 1.65e-04] [autoencoder lr: 3.11e-04][mem: 6.70e+04] (1565.4 ms)
INFO:root:[2,  1600] grad_stats: [1.27e+00 4.44e-02] (4.35e-03, 4.19e+00)
INFO:root:[2,  1650/ 2562] - train_losses - Parent Class: 5.0656 - Children class: 5.3248 -Autoencoder Loss (total): 204.1653 - Reconstruction/K-Means Loss: [0.3245 / 203.8409] - Consistency Loss: [0.0000] - VICReg Loss: [0.0000][wd: 5.04e-02] [lr: 1.66e-04] [autoencoder lr: 3.14e-04][mem: 6.70e+04] (1567.8 ms)
INFO:root:[2,  1650] grad_stats: [1.04e+00 4.22e-02] (3.98e-03, 4.00e+00)
INFO:root:[2,  1700/ 2562] - train_losses - Parent Class: 5.0632 - Children class: 5.3211 -Autoencoder Loss (total): 204.2495 - Reconstruction/K-Means Loss: [0.3243 / 203.9252] - Consistency Loss: [0.0000] - VICReg Loss: [0.0000][wd: 5.04e-02] [lr: 1.67e-04] [autoencoder lr: 3.16e-04][mem: 6.70e+04] (1570.7 ms)
INFO:root:[2,  1700] grad_stats: [1.28e+00 4.69e-02] (5.15e-03, 3.75e+00)
INFO:root:[2,  1750/ 2562] - train_losses - Parent Class: 5.0617 - Children class: 5.3185 -Autoencoder Loss (total): 204.2129 - Reconstruction/K-Means Loss: [0.3241 / 203.8888] - Consistency Loss: [0.0000] - VICReg Loss: [0.0000][wd: 5.04e-02] [lr: 1.67e-04] [autoencoder lr: 3.19e-04][mem: 6.70e+04] (1573.3 ms)
INFO:root:[2,  1750] grad_stats: [1.44e+00 5.25e-02] (4.26e-03, 4.05e+00)
INFO:root:[2,  1800/ 2562] - train_losses - Parent Class: 5.0598 - Children class: 5.3153 -Autoencoder Loss (total): 204.2174 - Reconstruction/K-Means Loss: [0.3240 / 203.8934] - Consistency Loss: [0.0000] - VICReg Loss: [0.0000][wd: 5.04e-02] [lr: 1.68e-04] [autoencoder lr: 3.21e-04][mem: 6.70e+04] (1575.9 ms)
INFO:root:[2,  1800] grad_stats: [1.35e+00 4.65e-02] (4.19e-03, 3.54e+00)
INFO:root:[2,  1850/ 2562] - train_losses - Parent Class: 5.0580 - Children class: 5.3123 -Autoencoder Loss (total): 204.2651 - Reconstruction/K-Means Loss: [0.3238 / 203.9413] - Consistency Loss: [0.0000] - VICReg Loss: [0.0000][wd: 5.05e-02] [lr: 1.69e-04] [autoencoder lr: 3.24e-04][mem: 6.70e+04] (1578.1 ms)
INFO:root:[2,  1850] grad_stats: [1.40e+00 5.82e-02] (3.92e-03, 3.95e+00)
INFO:root:[2,  1900/ 2562] - train_losses - Parent Class: 5.0556 - Children class: 5.3091 -Autoencoder Loss (total): 204.2895 - Reconstruction/K-Means Loss: [0.3237 / 203.9658] - Consistency Loss: [0.0000] - VICReg Loss: [0.0000][wd: 5.05e-02] [lr: 1.70e-04] [autoencoder lr: 3.26e-04][mem: 6.70e+04] (1580.9 ms)
INFO:root:[2,  1900] grad_stats: [1.16e+00 5.98e-02] (5.16e-03, 4.16e+00)
INFO:root:[2,  1950/ 2562] - train_losses - Parent Class: 5.0523 - Children class: 5.3046 -Autoencoder Loss (total): 204.3078 - Reconstruction/K-Means Loss: [0.3235 / 203.9843] - Consistency Loss: [0.0000] - VICReg Loss: [0.0000][wd: 5.05e-02] [lr: 1.70e-04] [autoencoder lr: 3.29e-04][mem: 6.70e+04] (1583.5 ms)
INFO:root:[2,  1950] grad_stats: [1.20e+00 5.23e-02] (4.22e-03, 3.96e+00)
INFO:root:[2,  2000/ 2562] - train_losses - Parent Class: 5.0501 - Children class: 5.3014 -Autoencoder Loss (total): 204.3058 - Reconstruction/K-Means Loss: [0.3234 / 203.9824] - Consistency Loss: [0.0000] - VICReg Loss: [0.0000][wd: 5.05e-02] [lr: 1.71e-04] [autoencoder lr: 3.32e-04][mem: 6.70e+04] (1585.9 ms)
INFO:root:[2,  2000] grad_stats: [1.08e+00 4.72e-02] (4.29e-03, 3.92e+00)
INFO:root:[2,  2050/ 2562] - train_losses - Parent Class: 5.0477 - Children class: 5.2980 -Autoencoder Loss (total): 204.3287 - Reconstruction/K-Means Loss: [0.3233 / 204.0054] - Consistency Loss: [0.0000] - VICReg Loss: [0.0000][wd: 5.05e-02] [lr: 1.72e-04] [autoencoder lr: 3.34e-04][mem: 6.70e+04] (1588.5 ms)
INFO:root:[2,  2050] grad_stats: [9.47e-01 3.34e-02] (3.52e-03, 3.85e+00)
slurmstepd: error: *** JOB 3008 ON hgx CANCELLED AT 2024-08-07T12:25:20 ***
