INFO:faiss.loader:Loading faiss with AVX2 support.
INFO:faiss.loader:Successfully loaded faiss with AVX2 support.
INFO:faiss.loader:Loading faiss with AVX2 support.
INFO:faiss.loader:Successfully loaded faiss with AVX2 support.
INFO:root:called-params configs/in1k_vith14_ep300_FGDCC.yaml
INFO:root:loaded params...
{   'data': {   'batch_size': 96,
                'color_jitter_strength': 0.0,
                'crop_scale': [0.3, 1.0],
                'crop_size': 224,
                'cutmix': 0.0,
                'drop_path': 0.25,
                'image_folder': '/home/rtcalumby/adam/luciano/plantnet_300K/',
                'mixup': 0.0,
                'nb_classes': 1081,
                'num_workers': 8,
                'pin_mem': True,
                'reprob': 0.25,
                'resume_epoch': 0,
                'root_path': '/home/rtcalumby/adam/luciano/',
                'use_color_distortion': False,
                'use_gaussian_blur': False,
                'use_horizontal_flip': False},
    'logging': {   'folder': '/home/rtcalumby/adam/luciano/LifeCLEFPlant2022/logs/PlantNet300k_exp25',
                   'write_tag': 'jepa'},
    'mask': {   'allow_overlap': False,
                'aspect_ratio': [0.75, 1.5],
                'enc_mask_scale': [0.85, 1.0],
                'min_keep': 10,
                'num_enc_masks': 1,
                'num_pred_masks': 4,
                'patch_size': 14,
                'pred_mask_scale': [0.15, 0.2]},
    'meta': {   'copy_data': False,
                'load_checkpoint': True,
                'model_name': 'vit_huge',
                'pred_depth': 12,
                'pred_emb_dim': 384,
                'read_checkpoint': None,
                'use_bfloat16': True},
    'optimization': {   'ema': [0.9, 0.999],
                        'epochs': 50,
                        'final_lr': 1e-05,
                        'final_weight_decay': 0.4,
                        'ipe_scale': 1.0,
                        'label_smoothing': 0.1,
                        'lr': 0.0003,
                        'start_lr': 0.0001,
                        'warmup': 5,
                        'weight_decay': 0.05}}
INFO:root:Running... (rank: 0/1)
INFO:root:Initialized (rank/world-size) 0/1
INFO:root:MaskedAutoEncoder(
  (encoder): Sequential(
    (0): Linear(in_features=1280, out_features=1024, bias=True)
    (1): GELU(approximate='none')
    (2): Linear(in_features=1024, out_features=768, bias=True)
    (3): GELU(approximate='none')
    (4): Linear(in_features=768, out_features=512, bias=True)
    (5): GELU(approximate='none')
    (6): Linear(in_features=512, out_features=384, bias=True)
    (7): GELU(approximate='none')
  )
  (decoder): Sequential(
    (0): Linear(in_features=384, out_features=512, bias=True)
    (1): GELU(approximate='none')
    (2): Linear(in_features=512, out_features=768, bias=True)
    (3): GELU(approximate='none')
    (4): Linear(in_features=768, out_features=1024, bias=True)
    (5): GELU(approximate='none')
    (6): Linear(in_features=1024, out_features=1280, bias=True)
  )
)
INFO:root:making imagenet data transforms
INFO:root:making imagenet data transforms
INFO:root:Finetuning dataset created
Training dataset, length: 245952
INFO:root:Finetuning dataset created
Val dataset, length: 31200
INFO:root:Using AdamW
['encoder', 'predictor', 'opt', 'scaler', 'target_encoder', 'epoch', 'loss', 'batch_size', 'world_size', 'lr']
INFO:root:loaded pretrained encoder from epoch 66 with msg: <All keys matched successfully>
INFO:root:MultiHeadAttentionClassifier(
  (act): GELU(approximate='none')
  (parent_proj): Sequential(
    (0): Linear(in_features=1280, out_features=5120, bias=True)
    (1): GELU(approximate='none')
  )
  (subclass_proj): Sequential(
    (0): Linear(in_features=1280, out_features=5120, bias=True)
    (1): GELU(approximate='none')
  )
  (cross_attention): MultiHeadCrossAttention(
    (query): Linear(in_features=5120, out_features=5120, bias=True)
    (key): Linear(in_features=5120, out_features=5120, bias=True)
    (value): Linear(in_features=5120, out_features=5120, bias=True)
  )
  (parent_classifier): Linear(in_features=1280, out_features=1081, bias=True)
  (subclass_classifier): Linear(in_features=1280, out_features=4324, bias=True)
  (parent_feature_selection): Sequential(
    (0): LayerNorm((6400,), eps=1e-05, elementwise_affine=True)
    (1): Linear(in_features=6400, out_features=1280, bias=True)
  )
  (subclass_feature_selection): Sequential(
    (0): LayerNorm((5120,), eps=1e-05, elementwise_affine=True)
    (1): Linear(in_features=5120, out_features=1280, bias=True)
  )
  (head_drop): Dropout(p=0.25, inplace=False)
)
INFO:root:Using AdamW
INFO:root:VisionTransformer(
  (patch_embed): PatchEmbed(
    (proj): Conv2d(3, 1280, kernel_size=(14, 14), stride=(14, 14))
  )
  (blocks): ModuleList(
    (0-31): 32 x Block(
      (norm1): LayerNorm((1280,), eps=1e-06, elementwise_affine=True)
      (attn): Attention(
        (qkv): Linear(in_features=1280, out_features=3840, bias=True)
        (attn_drop): Dropout(p=0.0, inplace=False)
        (proj): Linear(in_features=1280, out_features=1280, bias=True)
        (proj_drop): Dropout(p=0.0, inplace=False)
      )
      (drop_path): Identity()
      (norm2): LayerNorm((1280,), eps=1e-06, elementwise_affine=True)
      (mlp): MLP(
        (fc1): Linear(in_features=1280, out_features=5120, bias=True)
        (act): GELU(approximate='none')
        (fc2): Linear(in_features=5120, out_features=1280, bias=True)
        (drop): Dropout(p=0.0, inplace=False)
      )
    )
  )
  (norm): LayerNorm((1280,), eps=1e-06, elementwise_affine=True)
)
INFO:root:Building cache...
INFO:root:Initializing centroids...
INFO:root:Update Step...
/home/rtcalumby/miniconda3/envs/py382/lib/python3.12/site-packages/faiss/contrib/torch_utils.py:51: UserWarning: TypedStorage is deprecated. It will be removed in the future and UntypedStorage will be the only storage class. This should only matter to you if you are using storages directly.  To access UntypedStorage directly, use tensor.untyped_storage() instead of tensor.storage()
  x.storage().data_ptr() + x.storage_offset() * 4)
INFO:root:Epoch 1
INFO:faiss.loader:Loading faiss with AVX2 support.
INFO:faiss.loader:Successfully loaded faiss with AVX2 support.
INFO:faiss.loader:Loading faiss with AVX2 support.
INFO:faiss.loader:Successfully loaded faiss with AVX2 support.
INFO:faiss.loader:Loading faiss with AVX2 support.
INFO:faiss.loader:Successfully loaded faiss with AVX2 support.
INFO:faiss.loader:Loading faiss with AVX2 support.
INFO:faiss.loader:Successfully loaded faiss with AVX2 support.
INFO:faiss.loader:Loading faiss with AVX2 support.
INFO:faiss.loader:Successfully loaded faiss with AVX2 support.
INFO:faiss.loader:Loading faiss with AVX2 support.
INFO:faiss.loader:Successfully loaded faiss with AVX2 support.
INFO:faiss.loader:Loading faiss with AVX2 support.
INFO:faiss.loader:Successfully loaded faiss with AVX2 support.
INFO:faiss.loader:Loading faiss with AVX2 support.
INFO:faiss.loader:Successfully loaded faiss with AVX2 support.
INFO:root:[1,     0/ 2562] - train_losses - Parent Class: 6.9856 - Children class: 8.3719 -Autoencoder Loss (total): 703.7079 - Reconstruction/K-Means Loss: [1.0630 / 702.6449] - Consistency Loss: [0.0000] - VICReg Loss: [0.0000][wd: 5.00e-02] [lr: 1.00e-04] [autoencoder lr: 1.00e-04][mem: 6.62e+04] (3175.6 ms)
INFO:root:[1,     0] grad_stats: [4.39e-04 6.34e-04] (3.23e-08, 1.90e+00)
INFO:root:[1,    50/ 2562] - train_losses - Parent Class: 5.9958 - Children class: 7.1562 -Autoencoder Loss (total): 686.2214 - Reconstruction/K-Means Loss: [0.5903 / 685.6311] - Consistency Loss: [0.0000] - VICReg Loss: [0.0000][wd: 5.00e-02] [lr: 1.01e-04] [autoencoder lr: 1.03e-04][mem: 7.25e+04] (1313.2 ms)
INFO:root:[1,    50] grad_stats: [9.66e-05 1.91e-03] (1.72e-08, 3.95e+00)
INFO:root:[1,   100/ 2562] - train_losses - Parent Class: 5.8590 - Children class: 6.6478 -Autoencoder Loss (total): 692.0551 - Reconstruction/K-Means Loss: [0.4748 / 691.5803] - Consistency Loss: [0.0000] - VICReg Loss: [0.0000][wd: 5.00e-02] [lr: 1.02e-04] [autoencoder lr: 1.05e-04][mem: 7.31e+04] (1285.9 ms)
INFO:root:[1,   100] grad_stats: [4.65e-05 7.09e-04] (7.25e-08, 3.92e+00)
INFO:root:[1,   150/ 2562] - train_losses - Parent Class: 5.7963 - Children class: 6.4748 -Autoencoder Loss (total): 693.6802 - Reconstruction/K-Means Loss: [0.4330 / 693.2473] - Consistency Loss: [0.0000] - VICReg Loss: [0.0000][wd: 5.00e-02] [lr: 1.02e-04] [autoencoder lr: 1.08e-04][mem: 7.37e+04] (1278.5 ms)
INFO:root:[1,   150] grad_stats: [2.93e-04 5.52e-04] (3.84e-08, 3.90e+00)
INFO:root:[1,   200/ 2562] - train_losses - Parent Class: 5.8126 - Children class: 6.4667 -Autoencoder Loss (total): 694.2014 - Reconstruction/K-Means Loss: [0.4455 / 693.7559] - Consistency Loss: [0.0000] - VICReg Loss: [0.0000][wd: 5.00e-02] [lr: 1.03e-04] [autoencoder lr: 1.10e-04][mem: 7.43e+04] (1277.2 ms)
INFO:root:[1,   200] grad_stats: [1.89e-03 1.03e-02] (8.27e-07, 3.86e+00)
INFO:root:[1,   250/ 2562] - train_losses - Parent Class: 5.7847 - Children class: 6.3891 -Autoencoder Loss (total): 692.4038 - Reconstruction/K-Means Loss: [0.4251 / 691.9787] - Consistency Loss: [0.0000] - VICReg Loss: [0.0000][wd: 5.00e-02] [lr: 1.04e-04] [autoencoder lr: 1.13e-04][mem: 7.49e+04] (1276.0 ms)
INFO:root:[1,   250] grad_stats: [6.04e-05 1.90e-04] (2.52e-08, 3.95e+00)
terminate called without an active exception
Exception ignored in: <function _MultiProcessingDataLoaderIter.__del__ at 0x7f3bff4e00e0>
Traceback (most recent call last):
  File "/home/rtcalumby/miniconda3/envs/py382/lib/python3.12/site-packages/torch/utils/data/dataloader.py", line 1479, in __del__
    self._shutdown_workers()
  File "/home/rtcalumby/miniconda3/envs/py382/lib/python3.12/site-packages/torch/utils/data/dataloader.py", line 1443, in _shutdown_workers
    w.join(timeout=_utils.MP_STATUS_CHECK_INTERVAL)
  File "/home/rtcalumby/miniconda3/envs/py382/lib/python3.12/multiprocessing/process.py", line 149, in join
    res = self._popen.wait(timeout)
          ^^^^^^^^^^^^^^^^^^^^^^^^^
  File "/home/rtcalumby/miniconda3/envs/py382/lib/python3.12/multiprocessing/popen_fork.py", line 40, in wait
    if not wait([self.sentinel], timeout):
           ^^^^^^^^^^^^^^^^^^^^^^^^^^^^^^
  File "/home/rtcalumby/miniconda3/envs/py382/lib/python3.12/multiprocessing/connection.py", line 1136, in wait
    ready = selector.select(timeout)
            ^^^^^^^^^^^^^^^^^^^^^^^^
  File "/home/rtcalumby/miniconda3/envs/py382/lib/python3.12/selectors.py", line 415, in select
    fd_event_list = self._selector.poll(timeout)
                    ^^^^^^^^^^^^^^^^^^^^^^^^^^^^
  File "/home/rtcalumby/miniconda3/envs/py382/lib/python3.12/site-packages/torch/utils/data/_utils/signal_handling.py", line 66, in handler
    _error_if_any_worker_fails()
RuntimeError: DataLoader worker (pid 396160) is killed by signal: Aborted. 
Process Process-1:
Traceback (most recent call last):
  File "/home/rtcalumby/miniconda3/envs/py382/lib/python3.12/multiprocessing/process.py", line 314, in _bootstrap
    self.run()
  File "/home/rtcalumby/miniconda3/envs/py382/lib/python3.12/multiprocessing/process.py", line 108, in run
    self._target(*self._args, **self._kwargs)
  File "/home/rtcalumby/adam/luciano/LifeCLEFPlant2022/DeepCluster/main_FGDCC.py", line 52, in process_main
    app_main(args=params)
  File "/home/rtcalumby/adam/luciano/LifeCLEFPlant2022/DeepCluster/engine_FGDCC.py", line 627, in main
    (loss, k_means_loss, ae_lr, _new_lr, _new_wd, grad_stats, bottleneck_output), etime = gpu_timer(train_step)
                                                                                          ^^^^^^^^^^^^^^^^^^^^^
  File "/home/rtcalumby/adam/luciano/LifeCLEFPlant2022/DeepCluster/src/utils/logging.py", line 21, in gpu_timer
    result = closure()
             ^^^^^^^^^
  File "/home/rtcalumby/adam/luciano/LifeCLEFPlant2022/DeepCluster/engine_FGDCC.py", line 609, in train_step
    scaler(loss, optimizer, clip_grad=None,
  File "/home/rtcalumby/adam/luciano/LifeCLEFPlant2022/DeepCluster/src/helper.py", line 157, in __call__
    self._scaler.scale(loss).backward(create_graph=create_graph, retain_graph=retain_graph)
  File "/home/rtcalumby/miniconda3/envs/py382/lib/python3.12/site-packages/torch/_tensor.py", line 525, in backward
    torch.autograd.backward(
  File "/home/rtcalumby/miniconda3/envs/py382/lib/python3.12/site-packages/torch/autograd/__init__.py", line 267, in backward
    _engine_run_backward(
  File "/home/rtcalumby/miniconda3/envs/py382/lib/python3.12/site-packages/torch/autograd/graph.py", line 744, in _engine_run_backward
    return Variable._execution_engine.run_backward(  # Calls into the C++ engine to run the backward pass
           ^^^^^^^^^^^^^^^^^^^^^^^^^^^^^^^^^^^^^^^^^^^^^^^^^^^^^^^^^^^^^^^^^^^^^^^^^^^^^^^^^^^^^^^^^^^^^^
torch.cuda.OutOfMemoryError: CUDA out of memory. Tried to allocate 600.00 MiB. GPU 
