INFO:faiss.loader:Loading faiss with AVX2 support.
INFO:faiss.loader:Successfully loaded faiss with AVX2 support.
INFO:faiss.loader:Loading faiss with AVX2 support.
INFO:faiss.loader:Successfully loaded faiss with AVX2 support.
INFO:root:called-params configs/in1k_vith14_ep300_FGDCC.yaml
INFO:root:loaded params...
{   'data': {   'batch_size': 96,
                'color_jitter_strength': 0.0,
                'crop_scale': [0.3, 1.0],
                'crop_size': 224,
                'cutmix': 0.0,
                'drop_path': 0.25,
                'image_folder': '/home/rtcalumby/adam/luciano/plantnet_300K/',
                'mixup': 0.0,
                'nb_classes': 1081,
                'num_workers': 16,
                'pin_mem': True,
                'reprob': 0.25,
                'resume_epoch': 0,
                'root_path': '/home/rtcalumby/adam/luciano/',
                'use_color_distortion': False,
                'use_gaussian_blur': False,
                'use_horizontal_flip': False},
    'logging': {   'folder': '/home/rtcalumby/adam/luciano/LifeCLEFPlant2022/logs/PlantNet300k_exp44',
                   'write_tag': 'jepa'},
    'mask': {   'allow_overlap': False,
                'aspect_ratio': [0.75, 1.5],
                'enc_mask_scale': [0.85, 1.0],
                'min_keep': 10,
                'num_enc_masks': 1,
                'num_pred_masks': 4,
                'patch_size': 14,
                'pred_mask_scale': [0.15, 0.2]},
    'meta': {   'copy_data': False,
                'load_checkpoint': True,
                'model_name': 'vit_huge',
                'pred_depth': 12,
                'pred_emb_dim': 384,
                'read_checkpoint': None,
                'use_bfloat16': True},
    'optimization': {   'ema': [0.9, 0.999],
                        'epochs': 50,
                        'final_lr': 1e-05,
                        'final_weight_decay': 0.4,
                        'ipe_scale': 1.0,
                        'label_smoothing': 0.1,
                        'lr': 0.00035,
                        'start_lr': 9e-05,
                        'warmup': 35,
                        'weight_decay': 0.05}}
INFO:root:Running... (rank: 0/1)
INFO:root:Initialized (rank/world-size) 0/1
INFO:root:making imagenet data transforms
INFO:root:making imagenet data transforms
INFO:root:Finetuning dataset created
Training dataset, length: 245952
INFO:root:Finetuning dataset created
Val dataset, length: 31200
INFO:root:Using AdamW
['encoder', 'predictor', 'opt', 'scaler', 'target_encoder', 'epoch', 'loss', 'batch_size', 'world_size', 'lr']
INFO:root:loaded pretrained encoder from epoch 66 with msg: <All keys matched successfully>
INFO:root:VisionTransformerAutoEncoder(
  (encoder): Sequential(
    (0): Linear(in_features=1280, out_features=1024, bias=True)
    (1): GELU(approximate='none')
    (2): Block(
      (norm1): LayerNorm((1024,), eps=1e-05, elementwise_affine=True)
      (attn): Attention(
        (qkv): Linear(in_features=1024, out_features=3072, bias=False)
        (attn_drop): Dropout(p=0.0, inplace=False)
        (proj): Linear(in_features=1024, out_features=1024, bias=True)
        (proj_drop): Dropout(p=0.25, inplace=False)
      )
      (drop_path): Identity()
      (norm2): LayerNorm((1024,), eps=1e-05, elementwise_affine=True)
      (mlp): MLP(
        (fc1): Linear(in_features=1024, out_features=4096, bias=True)
        (act): GELU(approximate='none')
        (fc2): Linear(in_features=4096, out_features=1024, bias=True)
        (drop): Dropout(p=0.25, inplace=False)
      )
    )
    (3): Linear(in_features=1024, out_features=768, bias=True)
  )
  (decoder): Sequential(
    (0): Linear(in_features=768, out_features=1024, bias=True)
    (1): GELU(approximate='none')
    (2): Block(
      (norm1): LayerNorm((1024,), eps=1e-05, elementwise_affine=True)
      (attn): Attention(
        (qkv): Linear(in_features=1024, out_features=3072, bias=False)
        (attn_drop): Dropout(p=0.0, inplace=False)
        (proj): Linear(in_features=1024, out_features=1024, bias=True)
        (proj_drop): Dropout(p=0.25, inplace=False)
      )
      (drop_path): Identity()
      (norm2): LayerNorm((1024,), eps=1e-05, elementwise_affine=True)
      (mlp): MLP(
        (fc1): Linear(in_features=1024, out_features=4096, bias=True)
        (act): GELU(approximate='none')
        (fc2): Linear(in_features=4096, out_features=1024, bias=True)
        (drop): Dropout(p=0.25, inplace=False)
      )
    )
    (3): Linear(in_features=1024, out_features=1280, bias=True)
  )
)
INFO:root:PairedCrossAttentionClassifier(
  (act): GELU(approximate='none')
  (subclass_proj): Block(
    (norm1): LayerNorm((1280,), eps=1e-05, elementwise_affine=True)
    (attn): Attention(
      (qkv): Linear(in_features=1280, out_features=3840, bias=False)
      (attn_drop): Dropout(p=0.0, inplace=False)
      (proj): Linear(in_features=1280, out_features=1280, bias=True)
      (proj_drop): Dropout(p=0.2, inplace=False)
    )
    (drop_path): Identity()
    (norm2): LayerNorm((1280,), eps=1e-05, elementwise_affine=True)
    (mlp): MLP(
      (fc1): Linear(in_features=1280, out_features=5120, bias=True)
      (act): GELU(approximate='none')
      (fc2): Linear(in_features=5120, out_features=1280, bias=True)
      (drop): Dropout(p=0.2, inplace=False)
    )
  )
  (parent_cross_attention): MultiHeadCrossAttention(
    (query): Linear(in_features=1280, out_features=1280, bias=True)
    (key): Linear(in_features=1280, out_features=1280, bias=True)
    (value): Linear(in_features=1280, out_features=1280, bias=True)
  )
  (parent_classifier): Linear(in_features=1280, out_features=1081, bias=True)
  (subclass_classifier): Linear(in_features=1280, out_features=4324, bias=True)
  (head_drop): Dropout(p=0.25, inplace=False)
)
INFO:root:Using AdamW
INFO:root:VisionTransformer(
  (patch_embed): PatchEmbed(
    (proj): Conv2d(3, 1280, kernel_size=(14, 14), stride=(14, 14))
  )
  (blocks): ModuleList(
    (0-31): 32 x Block(
      (norm1): LayerNorm((1280,), eps=1e-06, elementwise_affine=True)
      (attn): Attention(
        (qkv): Linear(in_features=1280, out_features=3840, bias=True)
        (attn_drop): Dropout(p=0.0, inplace=False)
        (proj): Linear(in_features=1280, out_features=1280, bias=True)
        (proj_drop): Dropout(p=0.0, inplace=False)
      )
      (drop_path): Identity()
      (norm2): LayerNorm((1280,), eps=1e-06, elementwise_affine=True)
      (mlp): MLP(
        (fc1): Linear(in_features=1280, out_features=5120, bias=True)
        (act): GELU(approximate='none')
        (fc2): Linear(in_features=5120, out_features=1280, bias=True)
        (drop): Dropout(p=0.0, inplace=False)
      )
    )
  )
  (norm): LayerNorm((1280,), eps=1e-06, elementwise_affine=True)
)
{0: {0: 9, 1: 10, 2: 11, 3: 12, 4: 13}, 1: {0: 23, 1: 24, 2: 25, 3: 26, 4: 27}, 2: {0: 37, 1: 38, 2: 39, 3: 40, 4: 41}, 3: {0: 51, 1: 52, 2: 53, 3: 54, 4: 55}, 4: {0: 65, 1: 66, 2: 67, 3: 68, 4: 69}, 5: {0: 79, 1: 80, 2: 81, 3: 82, 4: 83}, 6: {0: 93, 1: 94, 2: 95, 3: 96, 4: 97}, 7: {0: 107, 1: 108, 2: 109, 3: 110, 4: 111}, 8: {0: 121, 1: 122, 2: 123, 3: 124, 4: 125}, 9: {0: 135, 1: 136, 2: 137, 3: 138, 4: 139}, 10: {0: 149, 1: 150, 2: 151, 3: 152, 4: 153}, 11: {0: 163, 1: 164, 2: 165, 3: 166, 4: 167}, 12: {0: 177, 1: 178, 2: 179, 3: 180, 4: 181}, 13: {0: 191, 1: 192, 2: 193, 3: 194, 4: 195}, 14: {0: 205, 1: 206, 2: 207, 3: 208, 4: 209}, 15: {0: 219, 1: 220, 2: 221, 3: 222, 4: 223}, 16: {0: 233, 1: 234, 2: 235, 3: 236, 4: 237}, 17: {0: 247, 1: 248, 2: 249, 3: 250, 4: 251}, 18: {0: 261, 1: 262, 2: 263, 3: 264, 4: 265}, 19: {0: 275, 1: 276, 2: 277, 3: 278, 4: 279}, 20: {0: 289, 1: 290, 2: 291, 3: 292, 4: 293}, 21: {0: 303, 1: 304, 2: 305, 3: 306, 4: 307}, 22: {0: 317, 1: 318, 2: 319, 3: 320, 4: 321}, 23: {0: 331, 1: 332, 2: 333, 3: 334, 4: 335}, 24: {0: 345, 1: 346, 2: 347, 3: 348, 4: 349}, 25: {0: 359, 1: 360, 2: 361, 3: 362, 4: 363}, 26: {0: 373, 1: 374, 2: 375, 3: 376, 4: 377}, 27: {0: 387, 1: 388, 2: 389, 3: 390, 4: 391}, 28: {0: 401, 1: 402, 2: 403, 3: 404, 4: 405}, 29: {0: 415, 1: 416, 2: 417, 3: 418, 4: 419}, 30: {0: 429, 1: 430, 2: 431, 3: 432, 4: 433}, 31: {0: 443, 1: 444, 2: 445, 3: 446, 4: 447}, 32: {0: 457, 1: 458, 2: 459, 3: 460, 4: 461}, 33: {0: 471, 1: 472, 2: 473, 3: 474, 4: 475}, 34: {0: 485, 1: 486, 2: 487, 3: 488, 4: 489}, 35: {0: 499, 1: 500, 2: 501, 3: 502, 4: 503}, 36: {0: 513, 1: 514, 2: 515, 3: 516, 4: 517}, 37: {0: 527, 1: 528, 2: 529, 3: 530, 4: 531}, 38: {0: 541, 1: 542, 2: 543, 3: 544, 4: 545}, 39: {0: 555, 1: 556, 2: 557, 3: 558, 4: 559}, 40: {0: 569, 1: 570, 2: 571, 3: 572, 4: 573}, 41: {0: 583, 1: 584, 2: 585, 3: 586, 4: 587}, 42: {0: 597, 1: 598, 2: 599, 3: 600, 4: 601}, 43: {0: 611, 1: 612, 2: 613, 3: 614, 4: 615}, 44: {0: 625, 1: 626, 2: 627, 3: 628, 4: 629}, 45: {0: 639, 1: 640, 2: 641, 3: 642, 4: 643}, 46: {0: 653, 1: 654, 2: 655, 3: 656, 4: 657}, 47: {0: 667, 1: 668, 2: 669, 3: 670, 4: 671}, 48: {0: 681, 1: 682, 2: 683, 3: 684, 4: 685}, 49: {0: 695, 1: 696, 2: 697, 3: 698, 4: 699}, 50: {0: 709, 1: 710, 2: 711, 3: 712, 4: 713}, 51: {0: 723, 1: 724, 2: 725, 3: 726, 4: 727}, 52: {0: 737, 1: 738, 2: 739, 3: 740, 4: 741}, 53: {0: 751, 1: 752, 2: 753, 3: 754, 4: 755}, 54: {0: 765, 1: 766, 2: 767, 3: 768, 4: 769}, 55: {0: 779, 1: 780, 2: 781, 3: 782, 4: 783}, 56: {0: 793, 1: 794, 2: 795, 3: 796, 4: 797}, 57: {0: 807, 1: 808, 2: 809, 3: 810, 4: 811}, 58: {0: 821, 1: 822, 2: 823, 3: 824, 4: 825}, 59: {0: 835, 1: 836, 2: 837, 3: 838, 4: 839}, 60: {0: 849, 1: 850, 2: 851, 3: 852, 4: 853}, 61: {0: 863, 1: 864, 2: 865, 3: 866, 4: 867}, 62: {0: 877, 1: 878, 2: 879, 3: 880, 4: 881}, 63: {0: 891, 1: 892, 2: 893, 3: 894, 4: 895}, 64: {0: 905, 1: 906, 2: 907, 3: 908, 4: 909}, 65: {0: 919, 1: 920, 2: 921, 3: 922, 4: 923}, 66: {0: 933, 1: 934, 2: 935, 3: 936, 4: 937}, 67: {0: 947, 1: 948, 2: 949, 3: 950, 4: 951}, 68: {0: 961, 1: 962, 2: 963, 3: 964, 4: 965}, 69: {0: 975, 1: 976, 2: 977, 3: 978, 4: 979}, 70: {0: 989, 1: 990, 2: 991, 3: 992, 4: 993}, 71: {0: 1003, 1: 1004, 2: 1005, 3: 1006, 4: 1007}, 72: {0: 1017, 1: 1018, 2: 1019, 3: 1020, 4: 1021}, 73: {0: 1031, 1: 1032, 2: 1033, 3: 1034, 4: 1035}, 74: {0: 1045, 1: 1046, 2: 1047, 3: 1048, 4: 1049}, 75: {0: 1059, 1: 1060, 2: 1061, 3: 1062, 4: 1063}, 76: {0: 1073, 1: 1074, 2: 1075, 3: 1076, 4: 1077}, 77: {0: 1087, 1: 1088, 2: 1089, 3: 1090, 4: 1091}, 78: {0: 1101, 1: 1102, 2: 1103, 3: 1104, 4: 1105}, 79: {0: 1115, 1: 1116, 2: 1117, 3: 1118, 4: 1119}, 80: {0: 1129, 1: 1130, 2: 1131, 3: 1132, 4: 1133}, 81: {0: 1143, 1: 1144, 2: 1145, 3: 1146, 4: 1147}, 82: {0: 1157, 1: 1158, 2: 1159, 3: 1160, 4: 1161}, 83: {0: 1171, 1: 1172, 2: 1173, 3: 1174, 4: 1175}, 84: {0: 1185, 1: 1186, 2: 1187, 3: 1188, 4: 1189}, 85: {0: 1199, 1: 1200, 2: 1201, 3: 1202, 4: 1203}, 86: {0: 1213, 1: 1214, 2: 1215, 3: 1216, 4: 1217}, 87: {0: 1227, 1: 1228, 2: 1229, 3: 1230, 4: 1231}, 88: {0: 1241, 1: 1242, 2: 1243, 3: 1244, 4: 1245}, 89: {0: 1255, 1: 1256, 2: 1257, 3: 1258, 4: 1259}, 90: {0: 1269, 1: 1270, 2: 1271, 3: 1272, 4: 1273}, 91: {0: 1283, 1: 1284, 2: 1285, 3: 1286, 4: 1287}, 92: {0: 1297, 1: 1298, 2: 1299, 3: 1300, 4: 1301}, 93: {0: 1311, 1: 1312, 2: 1313, 3: 1314, 4: 1315}, 94: {0: 1325, 1: 1326, 2: 1327, 3: 1328, 4: 1329}, 95: {0: 1339, 1: 1340, 2: 1341, 3: 1342, 4: 1343}, 96: {0: 1353, 1: 1354, 2: 1355, 3: 1356, 4: 1357}, 97: {0: 1367, 1: 1368, 2: 1369, 3: 1370, 4: 1371}, 98: {0: 1381, 1: 1382, 2: 1383, 3: 1384, 4: 1385}, 99: {0: 1395, 1: 1396, 2: 1397, 3: 1398, 4: 1399}, 100: {0: 1409, 1: 1410, 2: 1411, 3: 1412, 4: 1413}, 101: {0: 1423, 1: 1424, 2: 1425, 3: 1426, 4: 1427}, 102: {0: 1437, 1: 1438, 2: 1439, 3: 1440, 4: 1441}, 103: {0: 1451, 1: 1452, 2: 1453, 3: 1454, 4: 1455}, 104: {0: 1465, 1: 1466, 2: 1467, 3: 1468, 4: 1469}, 105: {0: 1479, 1: 1480, 2: 1481, 3: 1482, 4: 1483}, 106: {0: 1493, 1: 1494, 2: 1495, 3: 1496, 4: 1497}, 107: {0: 1507, 1: 1508, 2: 1509, 3: 1510, 4: 1511}, 108: {0: 1521, 1: 1522, 2: 1523, 3: 1524, 4: 1525}, 109: {0: 1535, 1: 1536, 2: 1537, 3: 1538, 4: 1539}, 110: {0: 1549, 1: 1550, 2: 1551, 3: 1552, 4: 1553}, 111: {0: 1563, 1: 1564, 2: 1565, 3: 1566, 4: 1567}, 112: {0: 1577, 1: 1578, 2: 1579, 3: 1580, 4: 1581}, 113: {0: 1591, 1: 1592, 2: 1593, 3: 1594, 4: 1595}, 114: {0: 1605, 1: 1606, 2: 1607, 3: 1608, 4: 1609}, 115: {0: 1619, 1: 1620, 2: 1621, 3: 1622, 4: 1623}, 116: {0: 1633, 1: 1634, 2: 1635, 3: 1636, 4: 1637}, 117: {0: 1647, 1: 1648, 2: 1649, 3: 1650, 4: 1651}, 118: {0: 1661, 1: 1662, 2: 1663, 3: 1664, 4: 1665}, 119: {0: 1675, 1: 1676, 2: 1677, 3: 1678, 4: 1679}, 120: {0: 1689, 1: 1690, 2: 1691, 3: 1692, 4: 1693}, 121: {0: 1703, 1: 1704, 2: 1705, 3: 1706, 4: 1707}, 122: {0: 1717, 1: 1718, 2: 1719, 3: 1720, 4: 1721}, 123: {0: 1731, 1: 1732, 2: 1733, 3: 1734, 4: 1735}, 124: {0: 1745, 1: 1746, 2: 1747, 3: 1748, 4: 1749}, 125: {0: 1759, 1: 1760, 2: 1761, 3: 1762, 4: 1763}, 126: {0: 1773, 1: 1774, 2: 1775, 3: 1776, 4: 1777}, 127: {0: 1787, 1: 1788, 2: 1789, 3: 1790, 4: 1791}, 128: {0: 1801, 1: 1802, 2: 1803, 3: 1804, 4: 1805}, 129: {0: 1815, 1: 1816, 2: 1817, 3: 1818, 4: 1819}, 130: {0: 1829, 1: 1830, 2: 1831, 3: 1832, 4: 1833}, 131: {0: 1843, 1: 1844, 2: 1845, 3: 1846, 4: 1847}, 132: {0: 1857, 1: 1858, 2: 1859, 3: 1860, 4: 1861}, 133: {0: 1871, 1: 1872, 2: 1873, 3: 1874, 4: 1875}, 134: {0: 1885, 1: 1886, 2: 1887, 3: 1888, 4: 1889}, 135: {0: 1899, 1: 1900, 2: 1901, 3: 1902, 4: 1903}, 136: {0: 1913, 1: 1914, 2: 1915, 3: 1916, 4: 1917}, 137: {0: 1927, 1: 1928, 2: 1929, 3: 1930, 4: 1931}, 138: {0: 1941, 1: 1942, 2: 1943, 3: 1944, 4: 1945}, 139: {0: 1955, 1: 1956, 2: 1957, 3: 1958, 4: 1959}, 140: {0: 1969, 1: 1970, 2: 1971, 3: 1972, 4: 1973}, 141: {0: 1983, 1: 1984, 2: 1985, 3: 1986, 4: 1987}, 142: {0: 1997, 1: 1998, 2: 1999, 3: 2000, 4: 2001}, 143: {0: 2011, 1: 2012, 2: 2013, 3: 2014, 4: 2015}, 144: {0: 2025, 1: 2026, 2: 2027, 3: 2028, 4: 2029}, 145: {0: 2039, 1: 2040, 2: 2041, 3: 2042, 4: 2043}, 146: {0: 2053, 1: 2054, 2: 2055, 3: 2056, 4: 2057}, 147: {0: 2067, 1: 2068, 2: 2069, 3: 2070, 4: 2071}, 148: {0: 2081, 1: 2082, 2: 2083, 3: 2084, 4: 2085}, 149: {0: 2095, 1: 2096, 2: 2097, 3: 2098, 4: 2099}, 150: {0: 2109, 1: 2110, 2: 2111, 3: 2112, 4: 2113}, 151: {0: 2123, 1: 2124, 2: 2125, 3: 2126, 4: 2127}, 152: {0: 2137, 1: 2138, 2: 2139, 3: 2140, 4: 2141}, 153: {0: 2151, 1: 2152, 2: 2153, 3: 2154, 4: 2155}, 154: {0: 2165, 1: 2166, 2: 2167, 3: 2168, 4: 2169}, 155: {0: 2179, 1: 2180, 2: 2181, 3: 2182, 4: 2183}, 156: {0: 2193, 1: 2194, 2: 2195, 3: 2196, 4: 2197}, 157: {0: 2207, 1: 2208, 2: 2209, 3: 2210, 4: 2211}, 158: {0: 2221, 1: 2222, 2: 2223, 3: 2224, 4: 2225}, 159: {0: 2235, 1: 2236, 2: 2237, 3: 2238, 4: 2239}, 160: {0: 2249, 1: 2250, 2: 2251, 3: 2252, 4: 2253}, 161: {0: 2263, 1: 2264, 2: 2265, 3: 2266, 4: 2267}, 162: {0: 2277, 1: 2278, 2: 2279, 3: 2280, 4: 2281}, 163: {0: 2291, 1: 2292, 2: 2293, 3: 2294, 4: 2295}, 164: {0: 2305, 1: 2306, 2: 2307, 3: 2308, 4: 2309}, 165: {0: 2319, 1: 2320, 2: 2321, 3: 2322, 4: 2323}, 166: {0: 2333, 1: 2334, 2: 2335, 3: 2336, 4: 2337}, 167: {0: 2347, 1: 2348, 2: 2349, 3: 2350, 4: 2351}, 168: {0: 2361, 1: 2362, 2: 2363, 3: 2364, 4: 2365}, 169: {0: 2375, 1: 2376, 2: 2377, 3: 2378, 4: 2379}, 170: {0: 2389, 1: 2390, 2: 2391, 3: 2392, 4: 2393}, 171: {0: 2403, 1: 2404, 2: 2405, 3: 2406, 4: 2407}, 172: {0: 2417, 1: 2418, 2: 2419, 3: 2420, 4: 2421}, 173: {0: 2431, 1: 2432, 2: 2433, 3: 2434, 4: 2435}, 174: {0: 2445, 1: 2446, 2: 2447, 3: 2448, 4: 2449}, 175: {0: 2459, 1: 2460, 2: 2461, 3: 2462, 4: 2463}, 176: {0: 2473, 1: 2474, 2: 2475, 3: 2476, 4: 2477}, 177: {0: 2487, 1: 2488, 2: 2489, 3: 2490, 4: 2491}, 178: {0: 2501, 1: 2502, 2: 2503, 3: 2504, 4: 2505}, 179: {0: 2515, 1: 2516, 2: 2517, 3: 2518, 4: 2519}, 180: {0: 2529, 1: 2530, 2: 2531, 3: 2532, 4: 2533}, 181: {0: 2543, 1: 2544, 2: 2545, 3: 2546, 4: 2547}, 182: {0: 2557, 1: 2558, 2: 2559, 3: 2560, 4: 2561}, 183: {0: 2571, 1: 2572, 2: 2573, 3: 2574, 4: 2575}, 184: {0: 2585, 1: 2586, 2: 2587, 3: 2588, 4: 2589}, 185: {0: 2599, 1: 2600, 2: 2601, 3: 2602, 4: 2603}, 186: {0: 2613, 1: 2614, 2: 2615, 3: 2616, 4: 2617}, 187: {0: 2627, 1: 2628, 2: 2629, 3: 2630, 4: 2631}, 188: {0: 2641, 1: 2642, 2: 2643, 3: 2644, 4: 2645}, 189: {0: 2655, 1: 2656, 2: 2657, 3: 2658, 4: 2659}, 190: {0: 2669, 1: 2670, 2: 2671, 3: 2672, 4: 2673}, 191: {0: 2683, 1: 2684, 2: 2685, 3: 2686, 4: 2687}, 192: {0: 2697, 1: 2698, 2: 2699, 3: 2700, 4: 2701}, 193: {0: 2711, 1: 2712, 2: 2713, 3: 2714, 4: 2715}, 194: {0: 2725, 1: 2726, 2: 2727, 3: 2728, 4: 2729}, 195: {0: 2739, 1: 2740, 2: 2741, 3: 2742, 4: 2743}, 196: {0: 2753, 1: 2754, 2: 2755, 3: 2756, 4: 2757}, 197: {0: 2767, 1: 2768, 2: 2769, 3: 2770, 4: 2771}, 198: {0: 2781, 1: 2782, 2: 2783, 3: 2784, 4: 2785}, 199: {0: 2795, 1: 2796, 2: 2797, 3: 2798, 4: 2799}, 200: {0: 2809, 1: 2810, 2: 2811, 3: 2812, 4: 2813}, 201: {0: 2823, 1: 2824, 2: 2825, 3: 2826, 4: 2827}, 202: {0: 2837, 1: 2838, 2: 2839, 3: 2840, 4: 2841}, 203: {0: 2851, 1: 2852, 2: 2853, 3: 2854, 4: 2855}, 204: {0: 2865, 1: 2866, 2: 2867, 3: 2868, 4: 2869}, 205: {0: 2879, 1: 2880, 2: 2881, 3: 2882, 4: 2883}, 206: {0: 2893, 1: 2894, 2: 2895, 3: 2896, 4: 2897}, 207: {0: 2907, 1: 2908, 2: 2909, 3: 2910, 4: 2911}, 208: {0: 2921, 1: 2922, 2: 2923, 3: 2924, 4: 2925}, 209: {0: 2935, 1: 2936, 2: 2937, 3: 2938, 4: 2939}, 210: {0: 2949, 1: 2950, 2: 2951, 3: 2952, 4: 2953}, 211: {0: 2963, 1: 2964, 2: 2965, 3: 2966, 4: 2967}, 212: {0: 2977, 1: 2978, 2: 2979, 3: 2980, 4: 2981}, 213: {0: 2991, 1: 2992, 2: 2993, 3: 2994, 4: 2995}, 214: {0: 3005, 1: 3006, 2: 3007, 3: 3008, 4: 3009}, 215: {0: 3019, 1: 3020, 2: 3021, 3: 3022, 4: 3023}, 216: {0: 3033, 1: 3034, 2: 3035, 3: 3036, 4: 3037}, 217: {0: 3047, 1: 3048, 2: 3049, 3: 3050, 4: 3051}, 218: {0: 3061, 1: 3062, 2: 3063, 3: 3064, 4: 3065}, 219: {0: 3075, 1: 3076, 2: 3077, 3: 3078, 4: 3079}, 220: {0: 3089, 1: 3090, 2: 3091, 3: 3092, 4: 3093}, 221: {0: 3103, 1: 3104, 2: 3105, 3: 3106, 4: 3107}, 222: {0: 3117, 1: 3118, 2: 3119, 3: 3120, 4: 3121}, 223: {0: 3131, 1: 3132, 2: 3133, 3: 3134, 4: 3135}, 224: {0: 3145, 1: 3146, 2: 3147, 3: 3148, 4: 3149}, 225: {0: 3159, 1: 3160, 2: 3161, 3: 3162, 4: 3163}, 226: {0: 3173, 1: 3174, 2: 3175, 3: 3176, 4: 3177}, 227: {0: 3187, 1: 3188, 2: 3189, 3: 3190, 4: 3191}, 228: {0: 3201, 1: 3202, 2: 3203, 3: 3204, 4: 3205}, 229: {0: 3215, 1: 3216, 2: 3217, 3: 3218, 4: 3219}, 230: {0: 3229, 1: 3230, 2: 3231, 3: 3232, 4: 3233}, 231: {0: 3243, 1: 3244, 2: 3245, 3: 3246, 4: 3247}, 232: {0: 3257, 1: 3258, 2: 3259, 3: 3260, 4: 3261}, 233: {0: 3271, 1: 3272, 2: 3273, 3: 3274, 4: 3275}, 234: {0: 3285, 1: 3286, 2: 3287, 3: 3288, 4: 3289}, 235: {0: 3299, 1: 3300, 2: 3301, 3: 3302, 4: 3303}, 236: {0: 3313, 1: 3314, 2: 3315, 3: 3316, 4: 3317}, 237: {0: 3327, 1: 3328, 2: 3329, 3: 3330, 4: 3331}, 238: {0: 3341, 1: 3342, 2: 3343, 3: 3344, 4: 3345}, 239: {0: 3355, 1: 3356, 2: 3357, 3: 3358, 4: 3359}, 240: {0: 3369, 1: 3370, 2: 3371, 3: 3372, 4: 3373}, 241: {0: 3383, 1: 3384, 2: 3385, 3: 3386, 4: 3387}, 242: {0: 3397, 1: 3398, 2: 3399, 3: 3400, 4: 3401}, 243: {0: 3411, 1: 3412, 2: 3413, 3: 3414, 4: 3415}, 244: {0: 3425, 1: 3426, 2: 3427, 3: 3428, 4: 3429}, 245: {0: 3439, 1: 3440, 2: 3441, 3: 3442, 4: 3443}, 246: {0: 3453, 1: 3454, 2: 3455, 3: 3456, 4: 3457}, 247: {0: 3467, 1: 3468, 2: 3469, 3: 3470, 4: 3471}, 248: {0: 3481, 1: 3482, 2: 3483, 3: 3484, 4: 3485}, 249: {0: 3495, 1: 3496, 2: 3497, 3: 3498, 4: 3499}, 250: {0: 3509, 1: 3510, 2: 3511, 3: 3512, 4: 3513}, 251: {0: 3523, 1: 3524, 2: 3525, 3: 3526, 4: 3527}, 252: {0: 3537, 1: 3538, 2: 3539, 3: 3540, 4: 3541}, 253: {0: 3551, 1: 3552, 2: 3553, 3: 3554, 4: 3555}, 254: {0: 3565, 1: 3566, 2: 3567, 3: 3568, 4: 3569}, 255: {0: 3579, 1: 3580, 2: 3581, 3: 3582, 4: 3583}, 256: {0: 3593, 1: 3594, 2: 3595, 3: 3596, 4: 3597}, 257: {0: 3607, 1: 3608, 2: 3609, 3: 3610, 4: 3611}, 258: {0: 3621, 1: 3622, 2: 3623, 3: 3624, 4: 3625}, 259: {0: 3635, 1: 3636, 2: 3637, 3: 3638, 4: 3639}, 260: {0: 3649, 1: 3650, 2: 3651, 3: 3652, 4: 3653}, 261: {0: 3663, 1: 3664, 2: 3665, 3: 3666, 4: 3667}, 262: {0: 3677, 1: 3678, 2: 3679, 3: 3680, 4: 3681}, 263: {0: 3691, 1: 3692, 2: 3693, 3: 3694, 4: 3695}, 264: {0: 3705, 1: 3706, 2: 3707, 3: 3708, 4: 3709}, 265: {0: 3719, 1: 3720, 2: 3721, 3: 3722, 4: 3723}, 266: {0: 3733, 1: 3734, 2: 3735, 3: 3736, 4: 3737}, 267: {0: 3747, 1: 3748, 2: 3749, 3: 3750, 4: 3751}, 268: {0: 3761, 1: 3762, 2: 3763, 3: 3764, 4: 3765}, 269: {0: 3775, 1: 3776, 2: 3777, 3: 3778, 4: 3779}, 270: {0: 3789, 1: 3790, 2: 3791, 3: 3792, 4: 3793}, 271: {0: 3803, 1: 3804, 2: 3805, 3: 3806, 4: 3807}, 272: {0: 3817, 1: 3818, 2: 3819, 3: 3820, 4: 3821}, 273: {0: 3831, 1: 3832, 2: 3833, 3: 3834, 4: 3835}, 274: {0: 3845, 1: 3846, 2: 3847, 3: 3848, 4: 3849}, 275: {0: 3859, 1: 3860, 2: 3861, 3: 3862, 4: 3863}, 276: {0: 3873, 1: 3874, 2: 3875, 3: 3876, 4: 3877}, 277: {0: 3887, 1: 3888, 2: 3889, 3: 3890, 4: 3891}, 278: {0: 3901, 1: 3902, 2: 3903, 3: 3904, 4: 3905}, 279: {0: 3915, 1: 3916, 2: 3917, 3: 3918, 4: 3919}, 280: {0: 3929, 1: 3930, 2: 3931, 3: 3932, 4: 3933}, 281: {0: 3943, 1: 3944, 2: 3945, 3: 3946, 4: 3947}, 282: {0: 3957, 1: 3958, 2: 3959, 3: 3960, 4: 3961}, 283: {0: 3971, 1: 3972, 2: 3973, 3: 3974, 4: 3975}, 284: {0: 3985, 1: 3986, 2: 3987, 3: 3988, 4: 3989}, 285: {0: 3999, 1: 4000, 2: 4001, 3: 4002, 4: 4003}, 286: {0: 4013, 1: 4014, 2: 4015, 3: 4016, 4: 4017}, 287: {0: 4027, 1: 4028, 2: 4029, 3: 4030, 4: 4031}, 288: {0: 4041, 1: 4042, 2: 4043, 3: 4044, 4: 4045}, 289: {0: 4055, 1: 4056, 2: 4057, 3: 4058, 4: 4059}, 290: {0: 4069, 1: 4070, 2: 4071, 3: 4072, 4: 4073}, 291: {0: 4083, 1: 4084, 2: 4085, 3: 4086, 4: 4087}, 292: {0: 4097, 1: 4098, 2: 4099, 3: 4100, 4: 4101}, 293: {0: 4111, 1: 4112, 2: 4113, 3: 4114, 4: 4115}, 294: {0: 4125, 1: 4126, 2: 4127, 3: 4128, 4: 4129}, 295: {0: 4139, 1: 4140, 2: 4141, 3: 4142, 4: 4143}, 296: {0: 4153, 1: 4154, 2: 4155, 3: 4156, 4: 4157}, 297: {0: 4167, 1: 4168, 2: 4169, 3: 4170, 4: 4171}, 298: {0: 4181, 1: 4182, 2: 4183, 3: 4184, 4: 4185}, 299: {0: 4195, 1: 4196, 2: 4197, 3: 4198, 4: 4199}, 300: {0: 4209, 1: 4210, 2: 4211, 3: 4212, 4: 4213}, 301: {0: 4223, 1: 4224, 2: 4225, 3: 4226, 4: 4227}, 302: {0: 4237, 1: 4238, 2: 4239, 3: 4240, 4: 4241}, 303: {0: 4251, 1: 4252, 2: 4253, 3: 4254, 4: 4255}, 304: {0: 4265, 1: 4266, 2: 4267, 3: 4268, 4: 4269}, 305: {0: 4279, 1: 4280, 2: 4281, 3: 4282, 4: 4283}, 306: {0: 4293, 1: 4294, 2: 4295, 3: 4296, 4: 4297}, 307: {0: 4307, 1: 4308, 2: 4309, 3: 4310, 4: 4311}, 308: {0: 4321, 1: 4322, 2: 4323, 3: 4324, 4: 4325}, 309: {0: 4335, 1: 4336, 2: 4337, 3: 4338, 4: 4339}, 310: {0: 4349, 1: 4350, 2: 4351, 3: 4352, 4: 4353}, 311: {0: 4363, 1: 4364, 2: 4365, 3: 4366, 4: 4367}, 312: {0: 4377, 1: 4378, 2: 4379, 3: 4380, 4: 4381}, 313: {0: 4391, 1: 4392, 2: 4393, 3: 4394, 4: 4395}, 314: {0: 4405, 1: 4406, 2: 4407, 3: 4408, 4: 4409}, 315: {0: 4419, 1: 4420, 2: 4421, 3: 4422, 4: 4423}, 316: {0: 4433, 1: 4434, 2: 4435, 3: 4436, 4: 4437}, 317: {0: 4447, 1: 4448, 2: 4449, 3: 4450, 4: 4451}, 318: {0: 4461, 1: 4462, 2: 4463, 3: 4464, 4: 4465}, 319: {0: 4475, 1: 4476, 2: 4477, 3: 4478, 4: 4479}, 320: {0: 4489, 1: 4490, 2: 4491, 3: 4492, 4: 4493}, 321: {0: 4503, 1: 4504, 2: 4505, 3: 4506, 4: 4507}, 322: {0: 4517, 1: 4518, 2: 4519, 3: 4520, 4: 4521}, 323: {0: 4531, 1: 4532, 2: 4533, 3: 4534, 4: 4535}, 324: {0: 4545, 1: 4546, 2: 4547, 3: 4548, 4: 4549}, 325: {0: 4559, 1: 4560, 2: 4561, 3: 4562, 4: 4563}, 326: {0: 4573, 1: 4574, 2: 4575, 3: 4576, 4: 4577}, 327: {0: 4587, 1: 4588, 2: 4589, 3: 4590, 4: 4591}, 328: {0: 4601, 1: 4602, 2: 4603, 3: 4604, 4: 4605}, 329: {0: 4615, 1: 4616, 2: 4617, 3: 4618, 4: 4619}, 330: {0: 4629, 1: 4630, 2: 4631, 3: 4632, 4: 4633}, 331: {0: 4643, 1: 4644, 2: 4645, 3: 4646, 4: 4647}, 332: {0: 4657, 1: 4658, 2: 4659, 3: 4660, 4: 4661}, 333: {0: 4671, 1: 4672, 2: 4673, 3: 4674, 4: 4675}, 334: {0: 4685, 1: 4686, 2: 4687, 3: 4688, 4: 4689}, 335: {0: 4699, 1: 4700, 2: 4701, 3: 4702, 4: 4703}, 336: {0: 4713, 1: 4714, 2: 4715, 3: 4716, 4: 4717}, 337: {0: 4727, 1: 4728, 2: 4729, 3: 4730, 4: 4731}, 338: {0: 4741, 1: 4742, 2: 4743, 3: 4744, 4: 4745}, 339: {0: 4755, 1: 4756, 2: 4757, 3: 4758, 4: 4759}, 340: {0: 4769, 1: 4770, 2: 4771, 3: 4772, 4: 4773}, 341: {0: 4783, 1: 4784, 2: 4785, 3: 4786, 4: 4787}, 342: {0: 4797, 1: 4798, 2: 4799, 3: 4800, 4: 4801}, 343: {0: 4811, 1: 4812, 2: 4813, 3: 4814, 4: 4815}, 344: {0: 4825, 1: 4826, 2: 4827, 3: 4828, 4: 4829}, 345: {0: 4839, 1: 4840, 2: 4841, 3: 4842, 4: 4843}, 346: {0: 4853, 1: 4854, 2: 4855, 3: 4856, 4: 4857}, 347: {0: 4867, 1: 4868, 2: 4869, 3: 4870, 4: 4871}, 348: {0: 4881, 1: 4882, 2: 4883, 3: 4884, 4: 4885}, 349: {0: 4895, 1: 4896, 2: 4897, 3: 4898, 4: 4899}, 350: {0: 4909, 1: 4910, 2: 4911, 3: 4912, 4: 4913}, 351: {0: 4923, 1: 4924, 2: 4925, 3: 4926, 4: 4927}, 352: {0: 4937, 1: 4938, 2: 4939, 3: 4940, 4: 4941}, 353: {0: 4951, 1: 4952, 2: 4953, 3: 4954, 4: 4955}, 354: {0: 4965, 1: 4966, 2: 4967, 3: 4968, 4: 4969}, 355: {0: 4979, 1: 4980, 2: 4981, 3: 4982, 4: 4983}, 356: {0: 4993, 1: 4994, 2: 4995, 3: 4996, 4: 4997}, 357: {0: 5007, 1: 5008, 2: 5009, 3: 5010, 4: 5011}, 358: {0: 5021, 1: 5022, 2: 5023, 3: 5024, 4: 5025}, 359: {0: 5035, 1: 5036, 2: 5037, 3: 5038, 4: 5039}, 360: {0: 5049, 1: 5050, 2: 5051, 3: 5052, 4: 5053}, 361: {0: 5063, 1: 5064, 2: 5065, 3: 5066, 4: 5067}, 362: {0: 5077, 1: 5078, 2: 5079, 3: 5080, 4: 5081}, 363: {0: 5091, 1: 5092, 2: 5093, 3: 5094, 4: 5095}, 364: {0: 5105, 1: 5106, 2: 5107, 3: 5108, 4: 5109}, 365: {0: 5119, 1: 5120, 2: 5121, 3: 5122, 4: 5123}, 366: {0: 5133, 1: 5134, 2: 5135, 3: 5136, 4: 5137}, 367: {0: 5147, 1: 5148, 2: 5149, 3: 5150, 4: 5151}, 368: {0: 5161, 1: 5162, 2: 5163, 3: 5164, 4: 5165}, 369: {0: 5175, 1: 5176, 2: 5177, 3: 5178, 4: 5179}, 370: {0: 5189, 1: 5190, 2: 5191, 3: 5192, 4: 5193}, 371: {0: 5203, 1: 5204, 2: 5205, 3: 5206, 4: 5207}, 372: {0: 5217, 1: 5218, 2: 5219, 3: 5220, 4: 5221}, 373: {0: 5231, 1: 5232, 2: 5233, 3: 5234, 4: 5235}, 374: {0: 5245, 1: 5246, 2: 5247, 3: 5248, 4: 5249}, 375: {0: 5259, 1: 5260, 2: 5261, 3: 5262, 4: 5263}, 376: {0: 5273, 1: 5274, 2: 5275, 3: 5276, 4: 5277}, 377: {0: 5287, 1: 5288, 2: 5289, 3: 5290, 4: 5291}, 378: {0: 5301, 1: 5302, 2: 5303, 3: 5304, 4: 5305}, 379: {0: 5315, 1: 5316, 2: 5317, 3: 5318, 4: 5319}, 380: {0: 5329, 1: 5330, 2: 5331, 3: 5332, 4: 5333}, 381: {0: 5343, 1: 5344, 2: 5345, 3: 5346, 4: 5347}, 382: {0: 5357, 1: 5358, 2: 5359, 3: 5360, 4: 5361}, 383: {0: 5371, 1: 5372, 2: 5373, 3: 5374, 4: 5375}, 384: {0: 5385, 1: 5386, 2: 5387, 3: 5388, 4: 5389}, 385: {0: 5399, 1: 5400, 2: 5401, 3: 5402, 4: 5403}, 386: {0: 5413, 1: 5414, 2: 5415, 3: 5416, 4: 5417}, 387: {0: 5427, 1: 5428, 2: 5429, 3: 5430, 4: 5431}, 388: {0: 5441, 1: 5442, 2: 5443, 3: 5444, 4: 5445}, 389: {0: 5455, 1: 5456, 2: 5457, 3: 5458, 4: 5459}, 390: {0: 5469, 1: 5470, 2: 5471, 3: 5472, 4: 5473}, 391: {0: 5483, 1: 5484, 2: 5485, 3: 5486, 4: 5487}, 392: {0: 5497, 1: 5498, 2: 5499, 3: 5500, 4: 5501}, 393: {0: 5511, 1: 5512, 2: 5513, 3: 5514, 4: 5515}, 394: {0: 5525, 1: 5526, 2: 5527, 3: 5528, 4: 5529}, 395: {0: 5539, 1: 5540, 2: 5541, 3: 5542, 4: 5543}, 396: {0: 5553, 1: 5554, 2: 5555, 3: 5556, 4: 5557}, 397: {0: 5567, 1: 5568, 2: 5569, 3: 5570, 4: 5571}, 398: {0: 5581, 1: 5582, 2: 5583, 3: 5584, 4: 5585}, 399: {0: 5595, 1: 5596, 2: 5597, 3: 5598, 4: 5599}, 400: {0: 5609, 1: 5610, 2: 5611, 3: 5612, 4: 5613}, 401: {0: 5623, 1: 5624, 2: 5625, 3: 5626, 4: 5627}, 402: {0: 5637, 1: 5638, 2: 5639, 3: 5640, 4: 5641}, 403: {0: 5651, 1: 5652, 2: 5653, 3: 5654, 4: 5655}, 404: {0: 5665, 1: 5666, 2: 5667, 3: 5668, 4: 5669}, 405: {0: 5679, 1: 5680, 2: 5681, 3: 5682, 4: 5683}, 406: {0: 5693, 1: 5694, 2: 5695, 3: 5696, 4: 5697}, 407: {0: 5707, 1: 5708, 2: 5709, 3: 5710, 4: 5711}, 408: {0: 5721, 1: 5722, 2: 5723, 3: 5724, 4: 5725}, 409: {0: 5735, 1: 5736, 2: 5737, 3: 5738, 4: 5739}, 410: {0: 5749, 1: 5750, 2: 5751, 3: 5752, 4: 5753}, 411: {0: 5763, 1: 5764, 2: 5765, 3: 5766, 4: 5767}, 412: {0: 5777, 1: 5778, 2: 5779, 3: 5780, 4: 5781}, 413: {0: 5791, 1: 5792, 2: 5793, 3: 5794, 4: 5795}, 414: {0: 5805, 1: 5806, 2: 5807, 3: 5808, 4: 5809}, 415: {0: 5819, 1: 5820, 2: 5821, 3: 5822, 4: 5823}, 416: {0: 5833, 1: 5834, 2: 5835, 3: 5836, 4: 5837}, 417: {0: 5847, 1: 5848, 2: 5849, 3: 5850, 4: 5851}, 418: {0: 5861, 1: 5862, 2: 5863, 3: 5864, 4: 5865}, 419: {0: 5875, 1: 5876, 2: 5877, 3: 5878, 4: 5879}, 420: {0: 5889, 1: 5890, 2: 5891, 3: 5892, 4: 5893}, 421: {0: 5903, 1: 5904, 2: 5905, 3: 5906, 4: 5907}, 422: {0: 5917, 1: 5918, 2: 5919, 3: 5920, 4: 5921}, 423: {0: 5931, 1: 5932, 2: 5933, 3: 5934, 4: 5935}, 424: {0: 5945, 1: 5946, 2: 5947, 3: 5948, 4: 5949}, 425: {0: 5959, 1: 5960, 2: 5961, 3: 5962, 4: 5963}, 426: {0: 5973, 1: 5974, 2: 5975, 3: 5976, 4: 5977}, 427: {0: 5987, 1: 5988, 2: 5989, 3: 5990, 4: 5991}, 428: {0: 6001, 1: 6002, 2: 6003, 3: 6004, 4: 6005}, 429: {0: 6015, 1: 6016, 2: 6017, 3: 6018, 4: 6019}, 430: {0: 6029, 1: 6030, 2: 6031, 3: 6032, 4: 6033}, 431: {0: 6043, 1: 6044, 2: 6045, 3: 6046, 4: 6047}, 432: {0: 6057, 1: 6058, 2: 6059, 3: 6060, 4: 6061}, 433: {0: 6071, 1: 6072, 2: 6073, 3: 6074, 4: 6075}, 434: {0: 6085, 1: 6086, 2: 6087, 3: 6088, 4: 6089}, 435: {0: 6099, 1: 6100, 2: 6101, 3: 6102, 4: 6103}, 436: {0: 6113, 1: 6114, 2: 6115, 3: 6116, 4: 6117}, 437: {0: 6127, 1: 6128, 2: 6129, 3: 6130, 4: 6131}, 438: {0: 6141, 1: 6142, 2: 6143, 3: 6144, 4: 6145}, 439: {0: 6155, 1: 6156, 2: 6157, 3: 6158, 4: 6159}, 440: {0: 6169, 1: 6170, 2: 6171, 3: 6172, 4: 6173}, 441: {0: 6183, 1: 6184, 2: 6185, 3: 6186, 4: 6187}, 442: {0: 6197, 1: 6198, 2: 6199, 3: 6200, 4: 6201}, 443: {0: 6211, 1: 6212, 2: 6213, 3: 6214, 4: 6215}, 444: {0: 6225, 1: 6226, 2: 6227, 3: 6228, 4: 6229}, 445: {0: 6239, 1: 6240, 2: 6241, 3: 6242, 4: 6243}, 446: {0: 6253, 1: 6254, 2: 6255, 3: 6256, 4: 6257}, 447: {0: 6267, 1: 6268, 2: 6269, 3: 6270, 4: 6271}, 448: {0: 6281, 1: 6282, 2: 6283, 3: 6284, 4: 6285}, 449: {0: 6295, 1: 6296, 2: 6297, 3: 6298, 4: 6299}, 450: {0: 6309, 1: 6310, 2: 6311, 3: 6312, 4: 6313}, 451: {0: 6323, 1: 6324, 2: 6325, 3: 6326, 4: 6327}, 452: {0: 6337, 1: 6338, 2: 6339, 3: 6340, 4: 6341}, 453: {0: 6351, 1: 6352, 2: 6353, 3: 6354, 4: 6355}, 454: {0: 6365, 1: 6366, 2: 6367, 3: 6368, 4: 6369}, 455: {0: 6379, 1: 6380, 2: 6381, 3: 6382, 4: 6383}, 456: {0: 6393, 1: 6394, 2: 6395, 3: 6396, 4: 6397}, 457: {0: 6407, 1: 6408, 2: 6409, 3: 6410, 4: 6411}, 458: {0: 6421, 1: 6422, 2: 6423, 3: 6424, 4: 6425}, 459: {0: 6435, 1: 6436, 2: 6437, 3: 6438, 4: 6439}, 460: {0: 6449, 1: 6450, 2: 6451, 3: 6452, 4: 6453}, 461: {0: 6463, 1: 6464, 2: 6465, 3: 6466, 4: 6467}, 462: {0: 6477, 1: 6478, 2: 6479, 3: 6480, 4: 6481}, 463: {0: 6491, 1: 6492, 2: 6493, 3: 6494, 4: 6495}, 464: {0: 6505, 1: 6506, 2: 6507, 3: 6508, 4: 6509}, 465: {0: 6519, 1: 6520, 2: 6521, 3: 6522, 4: 6523}, 466: {0: 6533, 1: 6534, 2: 6535, 3: 6536, 4: 6537}, 467: {0: 6547, 1: 6548, 2: 6549, 3: 6550, 4: 6551}, 468: {0: 6561, 1: 6562, 2: 6563, 3: 6564, 4: 6565}, 469: {0: 6575, 1: 6576, 2: 6577, 3: 6578, 4: 6579}, 470: {0: 6589, 1: 6590, 2: 6591, 3: 6592, 4: 6593}, 471: {0: 6603, 1: 6604, 2: 6605, 3: 6606, 4: 6607}, 472: {0: 6617, 1: 6618, 2: 6619, 3: 6620, 4: 6621}, 473: {0: 6631, 1: 6632, 2: 6633, 3: 6634, 4: 6635}, 474: {0: 6645, 1: 6646, 2: 6647, 3: 6648, 4: 6649}, 475: {0: 6659, 1: 6660, 2: 6661, 3: 6662, 4: 6663}, 476: {0: 6673, 1: 6674, 2: 6675, 3: 6676, 4: 6677}, 477: {0: 6687, 1: 6688, 2: 6689, 3: 6690, 4: 6691}, 478: {0: 6701, 1: 6702, 2: 6703, 3: 6704, 4: 6705}, 479: {0: 6715, 1: 6716, 2: 6717, 3: 6718, 4: 6719}, 480: {0: 6729, 1: 6730, 2: 6731, 3: 6732, 4: 6733}, 481: {0: 6743, 1: 6744, 2: 6745, 3: 6746, 4: 6747}, 482: {0: 6757, 1: 6758, 2: 6759, 3: 6760, 4: 6761}, 483: {0: 6771, 1: 6772, 2: 6773, 3: 6774, 4: 6775}, 484: {0: 6785, 1: 6786, 2: 6787, 3: 6788, 4: 6789}, 485: {0: 6799, 1: 6800, 2: 6801, 3: 6802, 4: 6803}, 486: {0: 6813, 1: 6814, 2: 6815, 3: 6816, 4: 6817}, 487: {0: 6827, 1: 6828, 2: 6829, 3: 6830, 4: 6831}, 488: {0: 6841, 1: 6842, 2: 6843, 3: 6844, 4: 6845}, 489: {0: 6855, 1: 6856, 2: 6857, 3: 6858, 4: 6859}, 490: {0: 6869, 1: 6870, 2: 6871, 3: 6872, 4: 6873}, 491: {0: 6883, 1: 6884, 2: 6885, 3: 6886, 4: 6887}, 492: {0: 6897, 1: 6898, 2: 6899, 3: 6900, 4: 6901}, 493: {0: 6911, 1: 6912, 2: 6913, 3: 6914, 4: 6915}, 494: {0: 6925, 1: 6926, 2: 6927, 3: 6928, 4: 6929}, 495: {0: 6939, 1: 6940, 2: 6941, 3: 6942, 4: 6943}, 496: {0: 6953, 1: 6954, 2: 6955, 3: 6956, 4: 6957}, 497: {0: 6967, 1: 6968, 2: 6969, 3: 6970, 4: 6971}, 498: {0: 6981, 1: 6982, 2: 6983, 3: 6984, 4: 6985}, 499: {0: 6995, 1: 6996, 2: 6997, 3: 6998, 4: 6999}, 500: {0: 7009, 1: 7010, 2: 7011, 3: 7012, 4: 7013}, 501: {0: 7023, 1: 7024, 2: 7025, 3: 7026, 4: 7027}, 502: {0: 7037, 1: 7038, 2: 7039, 3: 7040, 4: 7041}, 503: {0: 7051, 1: 7052, 2: 7053, 3: 7054, 4: 7055}, 504: {0: 7065, 1: 7066, 2: 7067, 3: 7068, 4: 7069}, 505: {0: 7079, 1: 7080, 2: 7081, 3: 7082, 4: 7083}, 506: {0: 7093, 1: 7094, 2: 7095, 3: 7096, 4: 7097}, 507: {0: 7107, 1: 7108, 2: 7109, 3: 7110, 4: 7111}, 508: {0: 7121, 1: 7122, 2: 7123, 3: 7124, 4: 7125}, 509: {0: 7135, 1: 7136, 2: 7137, 3: 7138, 4: 7139}, 510: {0: 7149, 1: 7150, 2: 7151, 3: 7152, 4: 7153}, 511: {0: 7163, 1: 7164, 2: 7165, 3: 7166, 4: 7167}, 512: {0: 7177, 1: 7178, 2: 7179, 3: 7180, 4: 7181}, 513: {0: 7191, 1: 7192, 2: 7193, 3: 7194, 4: 7195}, 514: {0: 7205, 1: 7206, 2: 7207, 3: 7208, 4: 7209}, 515: {0: 7219, 1: 7220, 2: 7221, 3: 7222, 4: 7223}, 516: {0: 7233, 1: 7234, 2: 7235, 3: 7236, 4: 7237}, 517: {0: 7247, 1: 7248, 2: 7249, 3: 7250, 4: 7251}, 518: {0: 7261, 1: 7262, 2: 7263, 3: 7264, 4: 7265}, 519: {0: 7275, 1: 7276, 2: 7277, 3: 7278, 4: 7279}, 520: {0: 7289, 1: 7290, 2: 7291, 3: 7292, 4: 7293}, 521: {0: 7303, 1: 7304, 2: 7305, 3: 7306, 4: 7307}, 522: {0: 7317, 1: 7318, 2: 7319, 3: 7320, 4: 7321}, 523: {0: 7331, 1: 7332, 2: 7333, 3: 7334, 4: 7335}, 524: {0: 7345, 1: 7346, 2: 7347, 3: 7348, 4: 7349}, 525: {0: 7359, 1: 7360, 2: 7361, 3: 7362, 4: 7363}, 526: {0: 7373, 1: 7374, 2: 7375, 3: 7376, 4: 7377}, 527: {0: 7387, 1: 7388, 2: 7389, 3: 7390, 4: 7391}, 528: {0: 7401, 1: 7402, 2: 7403, 3: 7404, 4: 7405}, 529: {0: 7415, 1: 7416, 2: 7417, 3: 7418, 4: 7419}, 530: {0: 7429, 1: 7430, 2: 7431, 3: 7432, 4: 7433}, 531: {0: 7443, 1: 7444, 2: 7445, 3: 7446, 4: 7447}, 532: {0: 7457, 1: 7458, 2: 7459, 3: 7460, 4: 7461}, 533: {0: 7471, 1: 7472, 2: 7473, 3: 7474, 4: 7475}, 534: {0: 7485, 1: 7486, 2: 7487, 3: 7488, 4: 7489}, 535: {0: 7499, 1: 7500, 2: 7501, 3: 7502, 4: 7503}, 536: {0: 7513, 1: 7514, 2: 7515, 3: 7516, 4: 7517}, 537: {0: 7527, 1: 7528, 2: 7529, 3: 7530, 4: 7531}, 538: {0: 7541, 1: 7542, 2: 7543, 3: 7544, 4: 7545}, 539: {0: 7555, 1: 7556, 2: 7557, 3: 7558, 4: 7559}, 540: {0: 7569, 1: 7570, 2: 7571, 3: 7572, 4: 7573}, 541: {0: 7583, 1: 7584, 2: 7585, 3: 7586, 4: 7587}, 542: {0: 7597, 1: 7598, 2: 7599, 3: 7600, 4: 7601}, 543: {0: 7611, 1: 7612, 2: 7613, 3: 7614, 4: 7615}, 544: {0: 7625, 1: 7626, 2: 7627, 3: 7628, 4: 7629}, 545: {0: 7639, 1: 7640, 2: 7641, 3: 7642, 4: 7643}, 546: {0: 7653, 1: 7654, 2: 7655, 3: 7656, 4: 7657}, 547: {0: 7667, 1: 7668, 2: 7669, 3: 7670, 4: 7671}, 548: {0: 7681, 1: 7682, 2: 7683, 3: 7684, 4: 7685}, 549: {0: 7695, 1: 7696, 2: 7697, 3: 7698, 4: 7699}, 550: {0: 7709, 1: 7710, 2: 7711, 3: 7712, 4: 7713}, 551: {0: 7723, 1: 7724, 2: 7725, 3: 7726, 4: 7727}, 552: {0: 7737, 1: 7738, 2: 7739, 3: 7740, 4: 7741}, 553: {0: 7751, 1: 7752, 2: 7753, 3: 7754, 4: 7755}, 554: {0: 7765, 1: 7766, 2: 7767, 3: 7768, 4: 7769}, 555: {0: 7779, 1: 7780, 2: 7781, 3: 7782, 4: 7783}, 556: {0: 7793, 1: 7794, 2: 7795, 3: 7796, 4: 7797}, 557: {0: 7807, 1: 7808, 2: 7809, 3: 7810, 4: 7811}, 558: {0: 7821, 1: 7822, 2: 7823, 3: 7824, 4: 7825}, 559: {0: 7835, 1: 7836, 2: 7837, 3: 7838, 4: 7839}, 560: {0: 7849, 1: 7850, 2: 7851, 3: 7852, 4: 7853}, 561: {0: 7863, 1: 7864, 2: 7865, 3: 7866, 4: 7867}, 562: {0: 7877, 1: 7878, 2: 7879, 3: 7880, 4: 7881}, 563: {0: 7891, 1: 7892, 2: 7893, 3: 7894, 4: 7895}, 564: {0: 7905, 1: 7906, 2: 7907, 3: 7908, 4: 7909}, 565: {0: 7919, 1: 7920, 2: 7921, 3: 7922, 4: 7923}, 566: {0: 7933, 1: 7934, 2: 7935, 3: 7936, 4: 7937}, 567: {0: 7947, 1: 7948, 2: 7949, 3: 7950, 4: 7951}, 568: {0: 7961, 1: 7962, 2: 7963, 3: 7964, 4: 7965}, 569: {0: 7975, 1: 7976, 2: 7977, 3: 7978, 4: 7979}, 570: {0: 7989, 1: 7990, 2: 7991, 3: 7992, 4: 7993}, 571: {0: 8003, 1: 8004, 2: 8005, 3: 8006, 4: 8007}, 572: {0: 8017, 1: 8018, 2: 8019, 3: 8020, 4: 8021}, 573: {0: 8031, 1: 8032, 2: 8033, 3: 8034, 4: 8035}, 574: {0: 8045, 1: 8046, 2: 8047, 3: 8048, 4: 8049}, 575: {0: 8059, 1: 8060, 2: 8061, 3: 8062, 4: 8063}, 576: {0: 8073, 1: 8074, 2: 8075, 3: 8076, 4: 8077}, 577: {0: 8087, 1: 8088, 2: 8089, 3: 8090, 4: 8091}, 578: {0: 8101, 1: 8102, 2: 8103, 3: 8104, 4: 8105}, 579: {0: 8115, 1: 8116, 2: 8117, 3: 8118, 4: 8119}, 580: {0: 8129, 1: 8130, 2: 8131, 3: 8132, 4: 8133}, 581: {0: 8143, 1: 8144, 2: 8145, 3: 8146, 4: 8147}, 582: {0: 8157, 1: 8158, 2: 8159, 3: 8160, 4: 8161}, 583: {0: 8171, 1: 8172, 2: 8173, 3: 8174, 4: 8175}, 584: {0: 8185, 1: 8186, 2: 8187, 3: 8188, 4: 8189}, 585: {0: 8199, 1: 8200, 2: 8201, 3: 8202, 4: 8203}, 586: {0: 8213, 1: 8214, 2: 8215, 3: 8216, 4: 8217}, 587: {0: 8227, 1: 8228, 2: 8229, 3: 8230, 4: 8231}, 588: {0: 8241, 1: 8242, 2: 8243, 3: 8244, 4: 8245}, 589: {0: 8255, 1: 8256, 2: 8257, 3: 8258, 4: 8259}, 590: {0: 8269, 1: 8270, 2: 8271, 3: 8272, 4: 8273}, 591: {0: 8283, 1: 8284, 2: 8285, 3: 8286, 4: 8287}, 592: {0: 8297, 1: 8298, 2: 8299, 3: 8300, 4: 8301}, 593: {0: 8311, 1: 8312, 2: 8313, 3: 8314, 4: 8315}, 594: {0: 8325, 1: 8326, 2: 8327, 3: 8328, 4: 8329}, 595: {0: 8339, 1: 8340, 2: 8341, 3: 8342, 4: 8343}, 596: {0: 8353, 1: 8354, 2: 8355, 3: 8356, 4: 8357}, 597: {0: 8367, 1: 8368, 2: 8369, 3: 8370, 4: 8371}, 598: {0: 8381, 1: 8382, 2: 8383, 3: 8384, 4: 8385}, 599: {0: 8395, 1: 8396, 2: 8397, 3: 8398, 4: 8399}, 600: {0: 8409, 1: 8410, 2: 8411, 3: 8412, 4: 8413}, 601: {0: 8423, 1: 8424, 2: 8425, 3: 8426, 4: 8427}, 602: {0: 8437, 1: 8438, 2: 8439, 3: 8440, 4: 8441}, 603: {0: 8451, 1: 8452, 2: 8453, 3: 8454, 4: 8455}, 604: {0: 8465, 1: 8466, 2: 8467, 3: 8468, 4: 8469}, 605: {0: 8479, 1: 8480, 2: 8481, 3: 8482, 4: 8483}, 606: {0: 8493, 1: 8494, 2: 8495, 3: 8496, 4: 8497}, 607: {0: 8507, 1: 8508, 2: 8509, 3: 8510, 4: 8511}, 608: {0: 8521, 1: 8522, 2: 8523, 3: 8524, 4: 8525}, 609: {0: 8535, 1: 8536, 2: 8537, 3: 8538, 4: 8539}, 610: {0: 8549, 1: 8550, 2: 8551, 3: 8552, 4: 8553}, 611: {0: 8563, 1: 8564, 2: 8565, 3: 8566, 4: 8567}, 612: {0: 8577, 1: 8578, 2: 8579, 3: 8580, 4: 8581}, 613: {0: 8591, 1: 8592, 2: 8593, 3: 8594, 4: 8595}, 614: {0: 8605, 1: 8606, 2: 8607, 3: 8608, 4: 8609}, 615: {0: 8619, 1: 8620, 2: 8621, 3: 8622, 4: 8623}, 616: {0: 8633, 1: 8634, 2: 8635, 3: 8636, 4: 8637}, 617: {0: 8647, 1: 8648, 2: 8649, 3: 8650, 4: 8651}, 618: {0: 8661, 1: 8662, 2: 8663, 3: 8664, 4: 8665}, 619: {0: 8675, 1: 8676, 2: 8677, 3: 8678, 4: 8679}, 620: {0: 8689, 1: 8690, 2: 8691, 3: 8692, 4: 8693}, 621: {0: 8703, 1: 8704, 2: 8705, 3: 8706, 4: 8707}, 622: {0: 8717, 1: 8718, 2: 8719, 3: 8720, 4: 8721}, 623: {0: 8731, 1: 8732, 2: 8733, 3: 8734, 4: 8735}, 624: {0: 8745, 1: 8746, 2: 8747, 3: 8748, 4: 8749}, 625: {0: 8759, 1: 8760, 2: 8761, 3: 8762, 4: 8763}, 626: {0: 8773, 1: 8774, 2: 8775, 3: 8776, 4: 8777}, 627: {0: 8787, 1: 8788, 2: 8789, 3: 8790, 4: 8791}, 628: {0: 8801, 1: 8802, 2: 8803, 3: 8804, 4: 8805}, 629: {0: 8815, 1: 8816, 2: 8817, 3: 8818, 4: 8819}, 630: {0: 8829, 1: 8830, 2: 8831, 3: 8832, 4: 8833}, 631: {0: 8843, 1: 8844, 2: 8845, 3: 8846, 4: 8847}, 632: {0: 8857, 1: 8858, 2: 8859, 3: 8860, 4: 8861}, 633: {0: 8871, 1: 8872, 2: 8873, 3: 8874, 4: 8875}, 634: {0: 8885, 1: 8886, 2: 8887, 3: 8888, 4: 8889}, 635: {0: 8899, 1: 8900, 2: 8901, 3: 8902, 4: 8903}, 636: {0: 8913, 1: 8914, 2: 8915, 3: 8916, 4: 8917}, 637: {0: 8927, 1: 8928, 2: 8929, 3: 8930, 4: 8931}, 638: {0: 8941, 1: 8942, 2: 8943, 3: 8944, 4: 8945}, 639: {0: 8955, 1: 8956, 2: 8957, 3: 8958, 4: 8959}, 640: {0: 8969, 1: 8970, 2: 8971, 3: 8972, 4: 8973}, 641: {0: 8983, 1: 8984, 2: 8985, 3: 8986, 4: 8987}, 642: {0: 8997, 1: 8998, 2: 8999, 3: 9000, 4: 9001}, 643: {0: 9011, 1: 9012, 2: 9013, 3: 9014, 4: 9015}, 644: {0: 9025, 1: 9026, 2: 9027, 3: 9028, 4: 9029}, 645: {0: 9039, 1: 9040, 2: 9041, 3: 9042, 4: 9043}, 646: {0: 9053, 1: 9054, 2: 9055, 3: 9056, 4: 9057}, 647: {0: 9067, 1: 9068, 2: 9069, 3: 9070, 4: 9071}, 648: {0: 9081, 1: 9082, 2: 9083, 3: 9084, 4: 9085}, 649: {0: 9095, 1: 9096, 2: 9097, 3: 9098, 4: 9099}, 650: {0: 9109, 1: 9110, 2: 9111, 3: 9112, 4: 9113}, 651: {0: 9123, 1: 9124, 2: 9125, 3: 9126, 4: 9127}, 652: {0: 9137, 1: 9138, 2: 9139, 3: 9140, 4: 9141}, 653: {0: 9151, 1: 9152, 2: 9153, 3: 9154, 4: 9155}, 654: {0: 9165, 1: 9166, 2: 9167, 3: 9168, 4: 9169}, 655: {0: 9179, 1: 9180, 2: 9181, 3: 9182, 4: 9183}, 656: {0: 9193, 1: 9194, 2: 9195, 3: 9196, 4: 9197}, 657: {0: 9207, 1: 9208, 2: 9209, 3: 9210, 4: 9211}, 658: {0: 9221, 1: 9222, 2: 9223, 3: 9224, 4: 9225}, 659: {0: 9235, 1: 9236, 2: 9237, 3: 9238, 4: 9239}, 660: {0: 9249, 1: 9250, 2: 9251, 3: 9252, 4: 9253}, 661: {0: 9263, 1: 9264, 2: 9265, 3: 9266, 4: 9267}, 662: {0: 9277, 1: 9278, 2: 9279, 3: 9280, 4: 9281}, 663: {0: 9291, 1: 9292, 2: 9293, 3: 9294, 4: 9295}, 664: {0: 9305, 1: 9306, 2: 9307, 3: 9308, 4: 9309}, 665: {0: 9319, 1: 9320, 2: 9321, 3: 9322, 4: 9323}, 666: {0: 9333, 1: 9334, 2: 9335, 3: 9336, 4: 9337}, 667: {0: 9347, 1: 9348, 2: 9349, 3: 9350, 4: 9351}, 668: {0: 9361, 1: 9362, 2: 9363, 3: 9364, 4: 9365}, 669: {0: 9375, 1: 9376, 2: 9377, 3: 9378, 4: 9379}, 670: {0: 9389, 1: 9390, 2: 9391, 3: 9392, 4: 9393}, 671: {0: 9403, 1: 9404, 2: 9405, 3: 9406, 4: 9407}, 672: {0: 9417, 1: 9418, 2: 9419, 3: 9420, 4: 9421}, 673: {0: 9431, 1: 9432, 2: 9433, 3: 9434, 4: 9435}, 674: {0: 9445, 1: 9446, 2: 9447, 3: 9448, 4: 9449}, 675: {0: 9459, 1: 9460, 2: 9461, 3: 9462, 4: 9463}, 676: {0: 9473, 1: 9474, 2: 9475, 3: 9476, 4: 9477}, 677: {0: 9487, 1: 9488, 2: 9489, 3: 9490, 4: 9491}, 678: {0: 9501, 1: 9502, 2: 9503, 3: 9504, 4: 9505}, 679: {0: 9515, 1: 9516, 2: 9517, 3: 9518, 4: 9519}, 680: {0: 9529, 1: 9530, 2: 9531, 3: 9532, 4: 9533}, 681: {0: 9543, 1: 9544, 2: 9545, 3: 9546, 4: 9547}, 682: {0: 9557, 1: 9558, 2: 9559, 3: 9560, 4: 9561}, 683: {0: 9571, 1: 9572, 2: 9573, 3: 9574, 4: 9575}, 684: {0: 9585, 1: 9586, 2: 9587, 3: 9588, 4: 9589}, 685: {0: 9599, 1: 9600, 2: 9601, 3: 9602, 4: 9603}, 686: {0: 9613, 1: 9614, 2: 9615, 3: 9616, 4: 9617}, 687: {0: 9627, 1: 9628, 2: 9629, 3: 9630, 4: 9631}, 688: {0: 9641, 1: 9642, 2: 9643, 3: 9644, 4: 9645}, 689: {0: 9655, 1: 9656, 2: 9657, 3: 9658, 4: 9659}, 690: {0: 9669, 1: 9670, 2: 9671, 3: 9672, 4: 9673}, 691: {0: 9683, 1: 9684, 2: 9685, 3: 9686, 4: 9687}, 692: {0: 9697, 1: 9698, 2: 9699, 3: 9700, 4: 9701}, 693: {0: 9711, 1: 9712, 2: 9713, 3: 9714, 4: 9715}, 694: {0: 9725, 1: 9726, 2: 9727, 3: 9728, 4: 9729}, 695: {0: 9739, 1: 9740, 2: 9741, 3: 9742, 4: 9743}, 696: {0: 9753, 1: 9754, 2: 9755, 3: 9756, 4: 9757}, 697: {0: 9767, 1: 9768, 2: 9769, 3: 9770, 4: 9771}, 698: {0: 9781, 1: 9782, 2: 9783, 3: 9784, 4: 9785}, 699: {0: 9795, 1: 9796, 2: 9797, 3: 9798, 4: 9799}, 700: {0: 9809, 1: 9810, 2: 9811, 3: 9812, 4: 9813}, 701: {0: 9823, 1: 9824, 2: 9825, 3: 9826, 4: 9827}, 702: {0: 9837, 1: 9838, 2: 9839, 3: 9840, 4: 9841}, 703: {0: 9851, 1: 9852, 2: 9853, 3: 9854, 4: 9855}, 704: {0: 9865, 1: 9866, 2: 9867, 3: 9868, 4: 9869}, 705: {0: 9879, 1: 9880, 2: 9881, 3: 9882, 4: 9883}, 706: {0: 9893, 1: 9894, 2: 9895, 3: 9896, 4: 9897}, 707: {0: 9907, 1: 9908, 2: 9909, 3: 9910, 4: 9911}, 708: {0: 9921, 1: 9922, 2: 9923, 3: 9924, 4: 9925}, 709: {0: 9935, 1: 9936, 2: 9937, 3: 9938, 4: 9939}, 710: {0: 9949, 1: 9950, 2: 9951, 3: 9952, 4: 9953}, 711: {0: 9963, 1: 9964, 2: 9965, 3: 9966, 4: 9967}, 712: {0: 9977, 1: 9978, 2: 9979, 3: 9980, 4: 9981}, 713: {0: 9991, 1: 9992, 2: 9993, 3: 9994, 4: 9995}, 714: {0: 10005, 1: 10006, 2: 10007, 3: 10008, 4: 10009}, 715: {0: 10019, 1: 10020, 2: 10021, 3: 10022, 4: 10023}, 716: {0: 10033, 1: 10034, 2: 10035, 3: 10036, 4: 10037}, 717: {0: 10047, 1: 10048, 2: 10049, 3: 10050, 4: 10051}, 718: {0: 10061, 1: 10062, 2: 10063, 3: 10064, 4: 10065}, 719: {0: 10075, 1: 10076, 2: 10077, 3: 10078, 4: 10079}, 720: {0: 10089, 1: 10090, 2: 10091, 3: 10092, 4: 10093}, 721: {0: 10103, 1: 10104, 2: 10105, 3: 10106, 4: 10107}, 722: {0: 10117, 1: 10118, 2: 10119, 3: 10120, 4: 10121}, 723: {0: 10131, 1: 10132, 2: 10133, 3: 10134, 4: 10135}, 724: {0: 10145, 1: 10146, 2: 10147, 3: 10148, 4: 10149}, 725: {0: 10159, 1: 10160, 2: 10161, 3: 10162, 4: 10163}, 726: {0: 10173, 1: 10174, 2: 10175, 3: 10176, 4: 10177}, 727: {0: 10187, 1: 10188, 2: 10189, 3: 10190, 4: 10191}, 728: {0: 10201, 1: 10202, 2: 10203, 3: 10204, 4: 10205}, 729: {0: 10215, 1: 10216, 2: 10217, 3: 10218, 4: 10219}, 730: {0: 10229, 1: 10230, 2: 10231, 3: 10232, 4: 10233}, 731: {0: 10243, 1: 10244, 2: 10245, 3: 10246, 4: 10247}, 732: {0: 10257, 1: 10258, 2: 10259, 3: 10260, 4: 10261}, 733: {0: 10271, 1: 10272, 2: 10273, 3: 10274, 4: 10275}, 734: {0: 10285, 1: 10286, 2: 10287, 3: 10288, 4: 10289}, 735: {0: 10299, 1: 10300, 2: 10301, 3: 10302, 4: 10303}, 736: {0: 10313, 1: 10314, 2: 10315, 3: 10316, 4: 10317}, 737: {0: 10327, 1: 10328, 2: 10329, 3: 10330, 4: 10331}, 738: {0: 10341, 1: 10342, 2: 10343, 3: 10344, 4: 10345}, 739: {0: 10355, 1: 10356, 2: 10357, 3: 10358, 4: 10359}, 740: {0: 10369, 1: 10370, 2: 10371, 3: 10372, 4: 10373}, 741: {0: 10383, 1: 10384, 2: 10385, 3: 10386, 4: 10387}, 742: {0: 10397, 1: 10398, 2: 10399, 3: 10400, 4: 10401}, 743: {0: 10411, 1: 10412, 2: 10413, 3: 10414, 4: 10415}, 744: {0: 10425, 1: 10426, 2: 10427, 3: 10428, 4: 10429}, 745: {0: 10439, 1: 10440, 2: 10441, 3: 10442, 4: 10443}, 746: {0: 10453, 1: 10454, 2: 10455, 3: 10456, 4: 10457}, 747: {0: 10467, 1: 10468, 2: 10469, 3: 10470, 4: 10471}, 748: {0: 10481, 1: 10482, 2: 10483, 3: 10484, 4: 10485}, 749: {0: 10495, 1: 10496, 2: 10497, 3: 10498, 4: 10499}, 750: {0: 10509, 1: 10510, 2: 10511, 3: 10512, 4: 10513}, 751: {0: 10523, 1: 10524, 2: 10525, 3: 10526, 4: 10527}, 752: {0: 10537, 1: 10538, 2: 10539, 3: 10540, 4: 10541}, 753: {0: 10551, 1: 10552, 2: 10553, 3: 10554, 4: 10555}, 754: {0: 10565, 1: 10566, 2: 10567, 3: 10568, 4: 10569}, 755: {0: 10579, 1: 10580, 2: 10581, 3: 10582, 4: 10583}, 756: {0: 10593, 1: 10594, 2: 10595, 3: 10596, 4: 10597}, 757: {0: 10607, 1: 10608, 2: 10609, 3: 10610, 4: 10611}, 758: {0: 10621, 1: 10622, 2: 10623, 3: 10624, 4: 10625}, 759: {0: 10635, 1: 10636, 2: 10637, 3: 10638, 4: 10639}, 760: {0: 10649, 1: 10650, 2: 10651, 3: 10652, 4: 10653}, 761: {0: 10663, 1: 10664, 2: 10665, 3: 10666, 4: 10667}, 762: {0: 10677, 1: 10678, 2: 10679, 3: 10680, 4: 10681}, 763: {0: 10691, 1: 10692, 2: 10693, 3: 10694, 4: 10695}, 764: {0: 10705, 1: 10706, 2: 10707, 3: 10708, 4: 10709}, 765: {0: 10719, 1: 10720, 2: 10721, 3: 10722, 4: 10723}, 766: {0: 10733, 1: 10734, 2: 10735, 3: 10736, 4: 10737}, 767: {0: 10747, 1: 10748, 2: 10749, 3: 10750, 4: 10751}, 768: {0: 10761, 1: 10762, 2: 10763, 3: 10764, 4: 10765}, 769: {0: 10775, 1: 10776, 2: 10777, 3: 10778, 4: 10779}, 770: {0: 10789, 1: 10790, 2: 10791, 3: 10792, 4: 10793}, 771: {0: 10803, 1: 10804, 2: 10805, 3: 10806, 4: 10807}, 772: {0: 10817, 1: 10818, 2: 10819, 3: 10820, 4: 10821}, 773: {0: 10831, 1: 10832, 2: 10833, 3: 10834, 4: 10835}, 774: {0: 10845, 1: 10846, 2: 10847, 3: 10848, 4: 10849}, 775: {0: 10859, 1: 10860, 2: 10861, 3: 10862, 4: 10863}, 776: {0: 10873, 1: 10874, 2: 10875, 3: 10876, 4: 10877}, 777: {0: 10887, 1: 10888, 2: 10889, 3: 10890, 4: 10891}, 778: {0: 10901, 1: 10902, 2: 10903, 3: 10904, 4: 10905}, 779: {0: 10915, 1: 10916, 2: 10917, 3: 10918, 4: 10919}, 780: {0: 10929, 1: 10930, 2: 10931, 3: 10932, 4: 10933}, 781: {0: 10943, 1: 10944, 2: 10945, 3: 10946, 4: 10947}, 782: {0: 10957, 1: 10958, 2: 10959, 3: 10960, 4: 10961}, 783: {0: 10971, 1: 10972, 2: 10973, 3: 10974, 4: 10975}, 784: {0: 10985, 1: 10986, 2: 10987, 3: 10988, 4: 10989}, 785: {0: 10999, 1: 11000, 2: 11001, 3: 11002, 4: 11003}, 786: {0: 11013, 1: 11014, 2: 11015, 3: 11016, 4: 11017}, 787: {0: 11027, 1: 11028, 2: 11029, 3: 11030, 4: 11031}, 788: {0: 11041, 1: 11042, 2: 11043, 3: 11044, 4: 11045}, 789: {0: 11055, 1: 11056, 2: 11057, 3: 11058, 4: 11059}, 790: {0: 11069, 1: 11070, 2: 11071, 3: 11072, 4: 11073}, 791: {0: 11083, 1: 11084, 2: 11085, 3: 11086, 4: 11087}, 792: {0: 11097, 1: 11098, 2: 11099, 3: 11100, 4: 11101}, 793: {0: 11111, 1: 11112, 2: 11113, 3: 11114, 4: 11115}, 794: {0: 11125, 1: 11126, 2: 11127, 3: 11128, 4: 11129}, 795: {0: 11139, 1: 11140, 2: 11141, 3: 11142, 4: 11143}, 796: {0: 11153, 1: 11154, 2: 11155, 3: 11156, 4: 11157}, 797: {0: 11167, 1: 11168, 2: 11169, 3: 11170, 4: 11171}, 798: {0: 11181, 1: 11182, 2: 11183, 3: 11184, 4: 11185}, 799: {0: 11195, 1: 11196, 2: 11197, 3: 11198, 4: 11199}, 800: {0: 11209, 1: 11210, 2: 11211, 3: 11212, 4: 11213}, 801: {0: 11223, 1: 11224, 2: 11225, 3: 11226, 4: 11227}, 802: {0: 11237, 1: 11238, 2: 11239, 3: 11240, 4: 11241}, 803: {0: 11251, 1: 11252, 2: 11253, 3: 11254, 4: 11255}, 804: {0: 11265, 1: 11266, 2: 11267, 3: 11268, 4: 11269}, 805: {0: 11279, 1: 11280, 2: 11281, 3: 11282, 4: 11283}, 806: {0: 11293, 1: 11294, 2: 11295, 3: 11296, 4: 11297}, 807: {0: 11307, 1: 11308, 2: 11309, 3: 11310, 4: 11311}, 808: {0: 11321, 1: 11322, 2: 11323, 3: 11324, 4: 11325}, 809: {0: 11335, 1: 11336, 2: 11337, 3: 11338, 4: 11339}, 810: {0: 11349, 1: 11350, 2: 11351, 3: 11352, 4: 11353}, 811: {0: 11363, 1: 11364, 2: 11365, 3: 11366, 4: 11367}, 812: {0: 11377, 1: 11378, 2: 11379, 3: 11380, 4: 11381}, 813: {0: 11391, 1: 11392, 2: 11393, 3: 11394, 4: 11395}, 814: {0: 11405, 1: 11406, 2: 11407, 3: 11408, 4: 11409}, 815: {0: 11419, 1: 11420, 2: 11421, 3: 11422, 4: 11423}, 816: {0: 11433, 1: 11434, 2: 11435, 3: 11436, 4: 11437}, 817: {0: 11447, 1: 11448, 2: 11449, 3: 11450, 4: 11451}, 818: {0: 11461, 1: 11462, 2: 11463, 3: 11464, 4: 11465}, 819: {0: 11475, 1: 11476, 2: 11477, 3: 11478, 4: 11479}, 820: {0: 11489, 1: 11490, 2: 11491, 3: 11492, 4: 11493}, 821: {0: 11503, 1: 11504, 2: 11505, 3: 11506, 4: 11507}, 822: {0: 11517, 1: 11518, 2: 11519, 3: 11520, 4: 11521}, 823: {0: 11531, 1: 11532, 2: 11533, 3: 11534, 4: 11535}, 824: {0: 11545, 1: 11546, 2: 11547, 3: 11548, 4: 11549}, 825: {0: 11559, 1: 11560, 2: 11561, 3: 11562, 4: 11563}, 826: {0: 11573, 1: 11574, 2: 11575, 3: 11576, 4: 11577}, 827: {0: 11587, 1: 11588, 2: 11589, 3: 11590, 4: 11591}, 828: {0: 11601, 1: 11602, 2: 11603, 3: 11604, 4: 11605}, 829: {0: 11615, 1: 11616, 2: 11617, 3: 11618, 4: 11619}, 830: {0: 11629, 1: 11630, 2: 11631, 3: 11632, 4: 11633}, 831: {0: 11643, 1: 11644, 2: 11645, 3: 11646, 4: 11647}, 832: {0: 11657, 1: 11658, 2: 11659, 3: 11660, 4: 11661}, 833: {0: 11671, 1: 11672, 2: 11673, 3: 11674, 4: 11675}, 834: {0: 11685, 1: 11686, 2: 11687, 3: 11688, 4: 11689}, 835: {0: 11699, 1: 11700, 2: 11701, 3: 11702, 4: 11703}, 836: {0: 11713, 1: 11714, 2: 11715, 3: 11716, 4: 11717}, 837: {0: 11727, 1: 11728, 2: 11729, 3: 11730, 4: 11731}, 838: {0: 11741, 1: 11742, 2: 11743, 3: 11744, 4: 11745}, 839: {0: 11755, 1: 11756, 2: 11757, 3: 11758, 4: 11759}, 840: {0: 11769, 1: 11770, 2: 11771, 3: 11772, 4: 11773}, 841: {0: 11783, 1: 11784, 2: 11785, 3: 11786, 4: 11787}, 842: {0: 11797, 1: 11798, 2: 11799, 3: 11800, 4: 11801}, 843: {0: 11811, 1: 11812, 2: 11813, 3: 11814, 4: 11815}, 844: {0: 11825, 1: 11826, 2: 11827, 3: 11828, 4: 11829}, 845: {0: 11839, 1: 11840, 2: 11841, 3: 11842, 4: 11843}, 846: {0: 11853, 1: 11854, 2: 11855, 3: 11856, 4: 11857}, 847: {0: 11867, 1: 11868, 2: 11869, 3: 11870, 4: 11871}, 848: {0: 11881, 1: 11882, 2: 11883, 3: 11884, 4: 11885}, 849: {0: 11895, 1: 11896, 2: 11897, 3: 11898, 4: 11899}, 850: {0: 11909, 1: 11910, 2: 11911, 3: 11912, 4: 11913}, 851: {0: 11923, 1: 11924, 2: 11925, 3: 11926, 4: 11927}, 852: {0: 11937, 1: 11938, 2: 11939, 3: 11940, 4: 11941}, 853: {0: 11951, 1: 11952, 2: 11953, 3: 11954, 4: 11955}, 854: {0: 11965, 1: 11966, 2: 11967, 3: 11968, 4: 11969}, 855: {0: 11979, 1: 11980, 2: 11981, 3: 11982, 4: 11983}, 856: {0: 11993, 1: 11994, 2: 11995, 3: 11996, 4: 11997}, 857: {0: 12007, 1: 12008, 2: 12009, 3: 12010, 4: 12011}, 858: {0: 12021, 1: 12022, 2: 12023, 3: 12024, 4: 12025}, 859: {0: 12035, 1: 12036, 2: 12037, 3: 12038, 4: 12039}, 860: {0: 12049, 1: 12050, 2: 12051, 3: 12052, 4: 12053}, 861: {0: 12063, 1: 12064, 2: 12065, 3: 12066, 4: 12067}, 862: {0: 12077, 1: 12078, 2: 12079, 3: 12080, 4: 12081}, 863: {0: 12091, 1: 12092, 2: 12093, 3: 12094, 4: 12095}, 864: {0: 12105, 1: 12106, 2: 12107, 3: 12108, 4: 12109}, 865: {0: 12119, 1: 12120, 2: 12121, 3: 12122, 4: 12123}, 866: {0: 12133, 1: 12134, 2: 12135, 3: 12136, 4: 12137}, 867: {0: 12147, 1: 12148, 2: 12149, 3: 12150, 4: 12151}, 868: {0: 12161, 1: 12162, 2: 12163, 3: 12164, 4: 12165}, 869: {0: 12175, 1: 12176, 2: 12177, 3: 12178, 4: 12179}, 870: {0: 12189, 1: 12190, 2: 12191, 3: 12192, 4: 12193}, 871: {0: 12203, 1: 12204, 2: 12205, 3: 12206, 4: 12207}, 872: {0: 12217, 1: 12218, 2: 12219, 3: 12220, 4: 12221}, 873: {0: 12231, 1: 12232, 2: 12233, 3: 12234, 4: 12235}, 874: {0: 12245, 1: 12246, 2: 12247, 3: 12248, 4: 12249}, 875: {0: 12259, 1: 12260, 2: 12261, 3: 12262, 4: 12263}, 876: {0: 12273, 1: 12274, 2: 12275, 3: 12276, 4: 12277}, 877: {0: 12287, 1: 12288, 2: 12289, 3: 12290, 4: 12291}, 878: {0: 12301, 1: 12302, 2: 12303, 3: 12304, 4: 12305}, 879: {0: 12315, 1: 12316, 2: 12317, 3: 12318, 4: 12319}, 880: {0: 12329, 1: 12330, 2: 12331, 3: 12332, 4: 12333}, 881: {0: 12343, 1: 12344, 2: 12345, 3: 12346, 4: 12347}, 882: {0: 12357, 1: 12358, 2: 12359, 3: 12360, 4: 12361}, 883: {0: 12371, 1: 12372, 2: 12373, 3: 12374, 4: 12375}, 884: {0: 12385, 1: 12386, 2: 12387, 3: 12388, 4: 12389}, 885: {0: 12399, 1: 12400, 2: 12401, 3: 12402, 4: 12403}, 886: {0: 12413, 1: 12414, 2: 12415, 3: 12416, 4: 12417}, 887: {0: 12427, 1: 12428, 2: 12429, 3: 12430, 4: 12431}, 888: {0: 12441, 1: 12442, 2: 12443, 3: 12444, 4: 12445}, 889: {0: 12455, 1: 12456, 2: 12457, 3: 12458, 4: 12459}, 890: {0: 12469, 1: 12470, 2: 12471, 3: 12472, 4: 12473}, 891: {0: 12483, 1: 12484, 2: 12485, 3: 12486, 4: 12487}, 892: {0: 12497, 1: 12498, 2: 12499, 3: 12500, 4: 12501}, 893: {0: 12511, 1: 12512, 2: 12513, 3: 12514, 4: 12515}, 894: {0: 12525, 1: 12526, 2: 12527, 3: 12528, 4: 12529}, 895: {0: 12539, 1: 12540, 2: 12541, 3: 12542, 4: 12543}, 896: {0: 12553, 1: 12554, 2: 12555, 3: 12556, 4: 12557}, 897: {0: 12567, 1: 12568, 2: 12569, 3: 12570, 4: 12571}, 898: {0: 12581, 1: 12582, 2: 12583, 3: 12584, 4: 12585}, 899: {0: 12595, 1: 12596, 2: 12597, 3: 12598, 4: 12599}, 900: {0: 12609, 1: 12610, 2: 12611, 3: 12612, 4: 12613}, 901: {0: 12623, 1: 12624, 2: 12625, 3: 12626, 4: 12627}, 902: {0: 12637, 1: 12638, 2: 12639, 3: 12640, 4: 12641}, 903: {0: 12651, 1: 12652, 2: 12653, 3: 12654, 4: 12655}, 904: {0: 12665, 1: 12666, 2: 12667, 3: 12668, 4: 12669}, 905: {0: 12679, 1: 12680, 2: 12681, 3: 12682, 4: 12683}, 906: {0: 12693, 1: 12694, 2: 12695, 3: 12696, 4: 12697}, 907: {0: 12707, 1: 12708, 2: 12709, 3: 12710, 4: 12711}, 908: {0: 12721, 1: 12722, 2: 12723, 3: 12724, 4: 12725}, 909: {0: 12735, 1: 12736, 2: 12737, 3: 12738, 4: 12739}, 910: {0: 12749, 1: 12750, 2: 12751, 3: 12752, 4: 12753}, 911: {0: 12763, 1: 12764, 2: 12765, 3: 12766, 4: 12767}, 912: {0: 12777, 1: 12778, 2: 12779, 3: 12780, 4: 12781}, 913: {0: 12791, 1: 12792, 2: 12793, 3: 12794, 4: 12795}, 914: {0: 12805, 1: 12806, 2: 12807, 3: 12808, 4: 12809}, 915: {0: 12819, 1: 12820, 2: 12821, 3: 12822, 4: 12823}, 916: {0: 12833, 1: 12834, 2: 12835, 3: 12836, 4: 12837}, 917: {0: 12847, 1: 12848, 2: 12849, 3: 12850, 4: 12851}, 918: {0: 12861, 1: 12862, 2: 12863, 3: 12864, 4: 12865}, 919: {0: 12875, 1: 12876, 2: 12877, 3: 12878, 4: 12879}, 920: {0: 12889, 1: 12890, 2: 12891, 3: 12892, 4: 12893}, 921: {0: 12903, 1: 12904, 2: 12905, 3: 12906, 4: 12907}, 922: {0: 12917, 1: 12918, 2: 12919, 3: 12920, 4: 12921}, 923: {0: 12931, 1: 12932, 2: 12933, 3: 12934, 4: 12935}, 924: {0: 12945, 1: 12946, 2: 12947, 3: 12948, 4: 12949}, 925: {0: 12959, 1: 12960, 2: 12961, 3: 12962, 4: 12963}, 926: {0: 12973, 1: 12974, 2: 12975, 3: 12976, 4: 12977}, 927: {0: 12987, 1: 12988, 2: 12989, 3: 12990, 4: 12991}, 928: {0: 13001, 1: 13002, 2: 13003, 3: 13004, 4: 13005}, 929: {0: 13015, 1: 13016, 2: 13017, 3: 13018, 4: 13019}, 930: {0: 13029, 1: 13030, 2: 13031, 3: 13032, 4: 13033}, 931: {0: 13043, 1: 13044, 2: 13045, 3: 13046, 4: 13047}, 932: {0: 13057, 1: 13058, 2: 13059, 3: 13060, 4: 13061}, 933: {0: 13071, 1: 13072, 2: 13073, 3: 13074, 4: 13075}, 934: {0: 13085, 1: 13086, 2: 13087, 3: 13088, 4: 13089}, 935: {0: 13099, 1: 13100, 2: 13101, 3: 13102, 4: 13103}, 936: {0: 13113, 1: 13114, 2: 13115, 3: 13116, 4: 13117}, 937: {0: 13127, 1: 13128, 2: 13129, 3: 13130, 4: 13131}, 938: {0: 13141, 1: 13142, 2: 13143, 3: 13144, 4: 13145}, 939: {0: 13155, 1: 13156, 2: 13157, 3: 13158, 4: 13159}, 940: {0: 13169, 1: 13170, 2: 13171, 3: 13172, 4: 13173}, 941: {0: 13183, 1: 13184, 2: 13185, 3: 13186, 4: 13187}, 942: {0: 13197, 1: 13198, 2: 13199, 3: 13200, 4: 13201}, 943: {0: 13211, 1: 13212, 2: 13213, 3: 13214, 4: 13215}, 944: {0: 13225, 1: 13226, 2: 13227, 3: 13228, 4: 13229}, 945: {0: 13239, 1: 13240, 2: 13241, 3: 13242, 4: 13243}, 946: {0: 13253, 1: 13254, 2: 13255, 3: 13256, 4: 13257}, 947: {0: 13267, 1: 13268, 2: 13269, 3: 13270, 4: 13271}, 948: {0: 13281, 1: 13282, 2: 13283, 3: 13284, 4: 13285}, 949: {0: 13295, 1: 13296, 2: 13297, 3: 13298, 4: 13299}, 950: {0: 13309, 1: 13310, 2: 13311, 3: 13312, 4: 13313}, 951: {0: 13323, 1: 13324, 2: 13325, 3: 13326, 4: 13327}, 952: {0: 13337, 1: 13338, 2: 13339, 3: 13340, 4: 13341}, 953: {0: 13351, 1: 13352, 2: 13353, 3: 13354, 4: 13355}, 954: {0: 13365, 1: 13366, 2: 13367, 3: 13368, 4: 13369}, 955: {0: 13379, 1: 13380, 2: 13381, 3: 13382, 4: 13383}, 956: {0: 13393, 1: 13394, 2: 13395, 3: 13396, 4: 13397}, 957: {0: 13407, 1: 13408, 2: 13409, 3: 13410, 4: 13411}, 958: {0: 13421, 1: 13422, 2: 13423, 3: 13424, 4: 13425}, 959: {0: 13435, 1: 13436, 2: 13437, 3: 13438, 4: 13439}, 960: {0: 13449, 1: 13450, 2: 13451, 3: 13452, 4: 13453}, 961: {0: 13463, 1: 13464, 2: 13465, 3: 13466, 4: 13467}, 962: {0: 13477, 1: 13478, 2: 13479, 3: 13480, 4: 13481}, 963: {0: 13491, 1: 13492, 2: 13493, 3: 13494, 4: 13495}, 964: {0: 13505, 1: 13506, 2: 13507, 3: 13508, 4: 13509}, 965: {0: 13519, 1: 13520, 2: 13521, 3: 13522, 4: 13523}, 966: {0: 13533, 1: 13534, 2: 13535, 3: 13536, 4: 13537}, 967: {0: 13547, 1: 13548, 2: 13549, 3: 13550, 4: 13551}, 968: {0: 13561, 1: 13562, 2: 13563, 3: 13564, 4: 13565}, 969: {0: 13575, 1: 13576, 2: 13577, 3: 13578, 4: 13579}, 970: {0: 13589, 1: 13590, 2: 13591, 3: 13592, 4: 13593}, 971: {0: 13603, 1: 13604, 2: 13605, 3: 13606, 4: 13607}, 972: {0: 13617, 1: 13618, 2: 13619, 3: 13620, 4: 13621}, 973: {0: 13631, 1: 13632, 2: 13633, 3: 13634, 4: 13635}, 974: {0: 13645, 1: 13646, 2: 13647, 3: 13648, 4: 13649}, 975: {0: 13659, 1: 13660, 2: 13661, 3: 13662, 4: 13663}, 976: {0: 13673, 1: 13674, 2: 13675, 3: 13676, 4: 13677}, 977: {0: 13687, 1: 13688, 2: 13689, 3: 13690, 4: 13691}, 978: {0: 13701, 1: 13702, 2: 13703, 3: 13704, 4: 13705}, 979: {0: 13715, 1: 13716, 2: 13717, 3: 13718, 4: 13719}, 980: {0: 13729, 1: 13730, 2: 13731, 3: 13732, 4: 13733}, 981: {0: 13743, 1: 13744, 2: 13745, 3: 13746, 4: 13747}, 982: {0: 13757, 1: 13758, 2: 13759, 3: 13760, 4: 13761}, 983: {0: 13771, 1: 13772, 2: 13773, 3: 13774, 4: 13775}, 984: {0: 13785, 1: 13786, 2: 13787, 3: 13788, 4: 13789}, 985: {0: 13799, 1: 13800, 2: 13801, 3: 13802, 4: 13803}, 986: {0: 13813, 1: 13814, 2: 13815, 3: 13816, 4: 13817}, 987: {0: 13827, 1: 13828, 2: 13829, 3: 13830, 4: 13831}, 988: {0: 13841, 1: 13842, 2: 13843, 3: 13844, 4: 13845}, 989: {0: 13855, 1: 13856, 2: 13857, 3: 13858, 4: 13859}, 990: {0: 13869, 1: 13870, 2: 13871, 3: 13872, 4: 13873}, 991: {0: 13883, 1: 13884, 2: 13885, 3: 13886, 4: 13887}, 992: {0: 13897, 1: 13898, 2: 13899, 3: 13900, 4: 13901}, 993: {0: 13911, 1: 13912, 2: 13913, 3: 13914, 4: 13915}, 994: {0: 13925, 1: 13926, 2: 13927, 3: 13928, 4: 13929}, 995: {0: 13939, 1: 13940, 2: 13941, 3: 13942, 4: 13943}, 996: {0: 13953, 1: 13954, 2: 13955, 3: 13956, 4: 13957}, 997: {0: 13967, 1: 13968, 2: 13969, 3: 13970, 4: 13971}, 998: {0: 13981, 1: 13982, 2: 13983, 3: 13984, 4: 13985}, 999: {0: 13995, 1: 13996, 2: 13997, 3: 13998, 4: 13999}, 1000: {0: 14009, 1: 14010, 2: 14011, 3: 14012, 4: 14013}, 1001: {0: 14023, 1: 14024, 2: 14025, 3: 14026, 4: 14027}, 1002: {0: 14037, 1: 14038, 2: 14039, 3: 14040, 4: 14041}, 1003: {0: 14051, 1: 14052, 2: 14053, 3: 14054, 4: 14055}, 1004: {0: 14065, 1: 14066, 2: 14067, 3: 14068, 4: 14069}, 1005: {0: 14079, 1: 14080, 2: 14081, 3: 14082, 4: 14083}, 1006: {0: 14093, 1: 14094, 2: 14095, 3: 14096, 4: 14097}, 1007: {0: 14107, 1: 14108, 2: 14109, 3: 14110, 4: 14111}, 1008: {0: 14121, 1: 14122, 2: 14123, 3: 14124, 4: 14125}, 1009: {0: 14135, 1: 14136, 2: 14137, 3: 14138, 4: 14139}, 1010: {0: 14149, 1: 14150, 2: 14151, 3: 14152, 4: 14153}, 1011: {0: 14163, 1: 14164, 2: 14165, 3: 14166, 4: 14167}, 1012: {0: 14177, 1: 14178, 2: 14179, 3: 14180, 4: 14181}, 1013: {0: 14191, 1: 14192, 2: 14193, 3: 14194, 4: 14195}, 1014: {0: 14205, 1: 14206, 2: 14207, 3: 14208, 4: 14209}, 1015: {0: 14219, 1: 14220, 2: 14221, 3: 14222, 4: 14223}, 1016: {0: 14233, 1: 14234, 2: 14235, 3: 14236, 4: 14237}, 1017: {0: 14247, 1: 14248, 2: 14249, 3: 14250, 4: 14251}, 1018: {0: 14261, 1: 14262, 2: 14263, 3: 14264, 4: 14265}, 1019: {0: 14275, 1: 14276, 2: 14277, 3: 14278, 4: 14279}, 1020: {0: 14289, 1: 14290, 2: 14291, 3: 14292, 4: 14293}, 1021: {0: 14303, 1: 14304, 2: 14305, 3: 14306, 4: 14307}, 1022: {0: 14317, 1: 14318, 2: 14319, 3: 14320, 4: 14321}, 1023: {0: 14331, 1: 14332, 2: 14333, 3: 14334, 4: 14335}, 1024: {0: 14345, 1: 14346, 2: 14347, 3: 14348, 4: 14349}, 1025: {0: 14359, 1: 14360, 2: 14361, 3: 14362, 4: 14363}, 1026: {0: 14373, 1: 14374, 2: 14375, 3: 14376, 4: 14377}, 1027: {0: 14387, 1: 14388, 2: 14389, 3: 14390, 4: 14391}, 1028: {0: 14401, 1: 14402, 2: 14403, 3: 14404, 4: 14405}, 1029: {0: 14415, 1: 14416, 2: 14417, 3: 14418, 4: 14419}, 1030: {0: 14429, 1: 14430, 2: 14431, 3: 14432, 4: 14433}, 1031: {0: 14443, 1: 14444, 2: 14445, 3: 14446, 4: 14447}, 1032: {0: 14457, 1: 14458, 2: 14459, 3: 14460, 4: 14461}, 1033: {0: 14471, 1: 14472, 2: 14473, 3: 14474, 4: 14475}, 1034: {0: 14485, 1: 14486, 2: 14487, 3: 14488, 4: 14489}, 1035: {0: 14499, 1: 14500, 2: 14501, 3: 14502, 4: 14503}, 1036: {0: 14513, 1: 14514, 2: 14515, 3: 14516, 4: 14517}, 1037: {0: 14527, 1: 14528, 2: 14529, 3: 14530, 4: 14531}, 1038: {0: 14541, 1: 14542, 2: 14543, 3: 14544, 4: 14545}, 1039: {0: 14555, 1: 14556, 2: 14557, 3: 14558, 4: 14559}, 1040: {0: 14569, 1: 14570, 2: 14571, 3: 14572, 4: 14573}, 1041: {0: 14583, 1: 14584, 2: 14585, 3: 14586, 4: 14587}, 1042: {0: 14597, 1: 14598, 2: 14599, 3: 14600, 4: 14601}, 1043: {0: 14611, 1: 14612, 2: 14613, 3: 14614, 4: 14615}, 1044: {0: 14625, 1: 14626, 2: 14627, 3: 14628, 4: 14629}, 1045: {0: 14639, 1: 14640, 2: 14641, 3: 14642, 4: 14643}, 1046: {0: 14653, 1: 14654, 2: 14655, 3: 14656, 4: 14657}, 1047: {0: 14667, 1: 14668, 2: 14669, 3: 14670, 4: 14671}, 1048: {0: 14681, 1: 14682, 2: 14683, 3: 14684, 4: 14685}, 1049: {0: 14695, 1: 14696, 2: 14697, 3: 14698, 4: 14699}, 1050: {0: 14709, 1: 14710, 2: 14711, 3: 14712, 4: 14713}, 1051: {0: 14723, 1: 14724, 2: 14725, 3: 14726, 4: 14727}, 1052: {0: 14737, 1: 14738, 2: 14739, 3: 14740, 4: 14741}, 1053: {0: 14751, 1: 14752, 2: 14753, 3: 14754, 4: 14755}, 1054: {0: 14765, 1: 14766, 2: 14767, 3: 14768, 4: 14769}, 1055: {0: 14779, 1: 14780, 2: 14781, 3: 14782, 4: 14783}, 1056: {0: 14793, 1: 14794, 2: 14795, 3: 14796, 4: 14797}, 1057: {0: 14807, 1: 14808, 2: 14809, 3: 14810, 4: 14811}, 1058: {0: 14821, 1: 14822, 2: 14823, 3: 14824, 4: 14825}, 1059: {0: 14835, 1: 14836, 2: 14837, 3: 14838, 4: 14839}, 1060: {0: 14849, 1: 14850, 2: 14851, 3: 14852, 4: 14853}, 1061: {0: 14863, 1: 14864, 2: 14865, 3: 14866, 4: 14867}, 1062: {0: 14877, 1: 14878, 2: 14879, 3: 14880, 4: 14881}, 1063: {0: 14891, 1: 14892, 2: 14893, 3: 14894, 4: 14895}, 1064: {0: 14905, 1: 14906, 2: 14907, 3: 14908, 4: 14909}, 1065: {0: 14919, 1: 14920, 2: 14921, 3: 14922, 4: 14923}, 1066: {0: 14933, 1: 14934, 2: 14935, 3: 14936, 4: 14937}, 1067: {0: 14947, 1: 14948, 2: 14949, 3: 14950, 4: 14951}, 1068: {0: 14961, 1: 14962, 2: 14963, 3: 14964, 4: 14965}, 1069: {0: 14975, 1: 14976, 2: 14977, 3: 14978, 4: 14979}, 1070: {0: 14989, 1: 14990, 2: 14991, 3: 14992, 4: 14993}, 1071: {0: 15003, 1: 15004, 2: 15005, 3: 15006, 4: 15007}, 1072: {0: 15017, 1: 15018, 2: 15019, 3: 15020, 4: 15021}, 1073: {0: 15031, 1: 15032, 2: 15033, 3: 15034, 4: 15035}, 1074: {0: 15045, 1: 15046, 2: 15047, 3: 15048, 4: 15049}, 1075: {0: 15059, 1: 15060, 2: 15061, 3: 15062, 4: 15063}, 1076: {0: 15073, 1: 15074, 2: 15075, 3: 15076, 4: 15077}, 1077: {0: 15087, 1: 15088, 2: 15089, 3: 15090, 4: 15091}, 1078: {0: 15101, 1: 15102, 2: 15103, 3: 15104, 4: 15105}, 1079: {0: 15115, 1: 15116, 2: 15117, 3: 15118, 4: 15119}, 1080: {0: 15129, 1: 15130, 2: 15131, 3: 15132, 4: 15133}}
1081
