INFO:faiss.loader:Loading faiss with AVX2 support.
INFO:faiss.loader:Successfully loaded faiss with AVX2 support.
INFO:faiss.loader:Loading faiss with AVX2 support.
INFO:faiss.loader:Successfully loaded faiss with AVX2 support.
INFO:root:called-params configs/in1k_vith14_ep300_FGDCC.yaml
INFO:root:loaded params...
{   'data': {   'batch_size': 96,
                'color_jitter_strength': 0.0,
                'crop_scale': [0.3, 1.0],
                'crop_size': 224,
                'cutmix': 0.0,
                'drop_path': 0.25,
                'image_folder': '/home/rtcalumby/adam/luciano/plantnet_300K/',
                'mixup': 0.0,
                'nb_classes': 1081,
                'num_workers': 8,
                'pin_mem': True,
                'reprob': 0.25,
                'resume_epoch': 0,
                'root_path': '/home/rtcalumby/adam/luciano/',
                'use_color_distortion': False,
                'use_gaussian_blur': False,
                'use_horizontal_flip': False},
    'logging': {   'folder': '/home/rtcalumby/adam/luciano/LifeCLEFPlant2022/logs/PlantNet300k_exp26',
                   'write_tag': 'jepa'},
    'mask': {   'allow_overlap': False,
                'aspect_ratio': [0.75, 1.5],
                'enc_mask_scale': [0.85, 1.0],
                'min_keep': 10,
                'num_enc_masks': 1,
                'num_pred_masks': 4,
                'patch_size': 14,
                'pred_mask_scale': [0.15, 0.2]},
    'meta': {   'copy_data': False,
                'load_checkpoint': True,
                'model_name': 'vit_huge',
                'pred_depth': 12,
                'pred_emb_dim': 384,
                'read_checkpoint': None,
                'use_bfloat16': True},
    'optimization': {   'ema': [0.9, 0.999],
                        'epochs': 50,
                        'final_lr': 1e-05,
                        'final_weight_decay': 0.4,
                        'ipe_scale': 1.0,
                        'label_smoothing': 0.1,
                        'lr': 0.0003,
                        'start_lr': 0.0001,
                        'warmup': 5,
                        'weight_decay': 0.05}}
INFO:root:Running... (rank: 0/1)
INFO:root:Initialized (rank/world-size) 0/1
INFO:root:MaskedAutoEncoder(
  (encoder): Sequential(
    (0): Linear(in_features=1280, out_features=1024, bias=True)
    (1): GELU(approximate='none')
    (2): Linear(in_features=1024, out_features=768, bias=True)
    (3): GELU(approximate='none')
    (4): Linear(in_features=768, out_features=512, bias=True)
    (5): GELU(approximate='none')
    (6): Linear(in_features=512, out_features=384, bias=True)
    (7): GELU(approximate='none')
  )
  (decoder): Sequential(
    (0): Linear(in_features=384, out_features=512, bias=True)
    (1): GELU(approximate='none')
    (2): Linear(in_features=512, out_features=768, bias=True)
    (3): GELU(approximate='none')
    (4): Linear(in_features=768, out_features=1024, bias=True)
    (5): GELU(approximate='none')
    (6): Linear(in_features=1024, out_features=1280, bias=True)
  )
)
INFO:root:making imagenet data transforms
INFO:root:making imagenet data transforms
INFO:root:Finetuning dataset created
Training dataset, length: 245952
INFO:root:Finetuning dataset created
Val dataset, length: 31200
INFO:root:Using AdamW
['encoder', 'predictor', 'opt', 'scaler', 'target_encoder', 'epoch', 'loss', 'batch_size', 'world_size', 'lr']
INFO:root:loaded pretrained encoder from epoch 66 with msg: <All keys matched successfully>
INFO:root:MultiHeadAttentionHierarchicalCls(
  (act): GELU(approximate='none')
  (parent_proj): Sequential(
    (0): Linear(in_features=1280, out_features=5120, bias=True)
    (1): GELU(approximate='none')
  )
  (subclass_proj): Sequential(
    (0): Linear(in_features=1280, out_features=5120, bias=True)
    (1): GELU(approximate='none')
  )
  (cross_attention): MultiHeadCrossAttention(
    (query): Linear(in_features=5120, out_features=5120, bias=True)
    (key): Linear(in_features=5120, out_features=5120, bias=True)
    (value): Linear(in_features=5120, out_features=5120, bias=True)
  )
  (head_drop): Dropout(p=0.25, inplace=False)
  (parent_classifier): ParentClassifier(
    (fc): Linear(in_features=1280, out_features=1081, bias=True)
  )
  (child_classifiers): ModuleList(
    (0): ModuleList(
      (0-1080): 1081 x SubClassClassifier(
        (fc): Linear(in_features=1280, out_features=2, bias=True)
      )
    )
    (1): ModuleList(
      (0-1080): 1081 x SubClassClassifier(
        (fc): Linear(in_features=1280, out_features=3, bias=True)
      )
    )
    (2): ModuleList(
      (0-1080): 1081 x SubClassClassifier(
        (fc): Linear(in_features=1280, out_features=4, bias=True)
      )
    )
    (3): ModuleList(
      (0-1080): 1081 x SubClassClassifier(
        (fc): Linear(in_features=1280, out_features=5, bias=True)
      )
    )
  )
  (parent_feature_selection): Sequential(
    (0): LayerNorm((6400,), eps=1e-05, elementwise_affine=True)
    (1): Linear(in_features=6400, out_features=1280, bias=True)
  )
  (subclass_feature_selection): Sequential(
    (0): LayerNorm((5120,), eps=1e-05, elementwise_affine=True)
    (1): Linear(in_features=5120, out_features=1280, bias=True)
  )
)
INFO:root:Using AdamW
INFO:root:VisionTransformer(
  (patch_embed): PatchEmbed(
    (proj): Conv2d(3, 1280, kernel_size=(14, 14), stride=(14, 14))
  )
  (blocks): ModuleList(
    (0-31): 32 x Block(
      (norm1): LayerNorm((1280,), eps=1e-06, elementwise_affine=True)
      (attn): Attention(
        (qkv): Linear(in_features=1280, out_features=3840, bias=True)
        (attn_drop): Dropout(p=0.0, inplace=False)
        (proj): Linear(in_features=1280, out_features=1280, bias=True)
        (proj_drop): Dropout(p=0.0, inplace=False)
      )
      (drop_path): Identity()
      (norm2): LayerNorm((1280,), eps=1e-06, elementwise_affine=True)
      (mlp): MLP(
        (fc1): Linear(in_features=1280, out_features=5120, bias=True)
        (act): GELU(approximate='none')
        (fc2): Linear(in_features=5120, out_features=1280, bias=True)
        (drop): Dropout(p=0.0, inplace=False)
      )
    )
  )
  (norm): LayerNorm((1280,), eps=1e-06, elementwise_affine=True)
)
INFO:root:Building cache...
INFO:root:Initializing centroids...
INFO:root:Update Step...
/home/rtcalumby/miniconda3/envs/py382/lib/python3.12/site-packages/faiss/contrib/torch_utils.py:51: UserWarning: TypedStorage is deprecated. It will be removed in the future and UntypedStorage will be the only storage class. This should only matter to you if you are using storages directly.  To access UntypedStorage directly, use tensor.untyped_storage() instead of tensor.storage()
  x.storage().data_ptr() + x.storage_offset() * 4)
INFO:root:Epoch 1
INFO:faiss.loader:Loading faiss with AVX2 support.
INFO:faiss.loader:Successfully loaded faiss with AVX2 support.
INFO:faiss.loader:Loading faiss with AVX2 support.
INFO:faiss.loader:Successfully loaded faiss with AVX2 support.
INFO:faiss.loader:Loading faiss with AVX2 support.
INFO:faiss.loader:Successfully loaded faiss with AVX2 support.
INFO:faiss.loader:Loading faiss with AVX2 support.
INFO:faiss.loader:Successfully loaded faiss with AVX2 support.
INFO:faiss.loader:Loading faiss with AVX2 support.
INFO:faiss.loader:Successfully loaded faiss with AVX2 support.
INFO:faiss.loader:Loading faiss with AVX2 support.
INFO:faiss.loader:Successfully loaded faiss with AVX2 support.
INFO:faiss.loader:Loading faiss with AVX2 support.
INFO:faiss.loader:Successfully loaded faiss with AVX2 support.
INFO:faiss.loader:Loading faiss with AVX2 support.
INFO:faiss.loader:Successfully loaded faiss with AVX2 support.
/opt/conda/conda-bld/pytorch_1716905971214/work/aten/src/ATen/native/cuda/Loss.cu:186: nll_loss_forward_no_reduce_cuda_kernel: block: [0,0,0], thread: [32,0,0] Assertion `cur_target >= 0 && cur_target < n_classes` failed.
/opt/conda/conda-bld/pytorch_1716905971214/work/aten/src/ATen/native/cuda/Loss.cu:186: nll_loss_forward_no_reduce_cuda_kernel: block: [0,0,0], thread: [33,0,0] Assertion `cur_target >= 0 && cur_target < n_classes` failed.
/opt/conda/conda-bld/pytorch_1716905971214/work/aten/src/ATen/native/cuda/Loss.cu:186: nll_loss_forward_no_reduce_cuda_kernel: block: [0,0,0], thread: [34,0,0] Assertion `cur_target >= 0 && cur_target < n_classes` failed.
/opt/conda/conda-bld/pytorch_1716905971214/work/aten/src/ATen/native/cuda/Loss.cu:186: nll_loss_forward_no_reduce_cuda_kernel: block: [0,0,0], thread: [35,0,0] Assertion `cur_target >= 0 && cur_target < n_classes` failed.
/opt/conda/conda-bld/pytorch_1716905971214/work/aten/src/ATen/native/cuda/Loss.cu:186: nll_loss_forward_no_reduce_cuda_kernel: block: [0,0,0], thread: [36,0,0] Assertion `cur_target >= 0 && cur_target < n_classes` failed.
/opt/conda/conda-bld/pytorch_1716905971214/work/aten/src/ATen/native/cuda/Loss.cu:186: nll_loss_forward_no_reduce_cuda_kernel: block: [0,0,0], thread: [37,0,0] Assertion `cur_target >= 0 && cur_target < n_classes` failed.
/opt/conda/conda-bld/pytorch_1716905971214/work/aten/src/ATen/native/cuda/Loss.cu:186: nll_loss_forward_no_reduce_cuda_kernel: block: [0,0,0], thread: [38,0,0] Assertion `cur_target >= 0 && cur_target < n_classes` failed.
/opt/conda/conda-bld/pytorch_1716905971214/work/aten/src/ATen/native/cuda/Loss.cu:186: nll_loss_forward_no_reduce_cuda_kernel: block: [0,0,0], thread: [39,0,0] Assertion `cur_target >= 0 && cur_target < n_classes` failed.
/opt/conda/conda-bld/pytorch_1716905971214/work/aten/src/ATen/native/cuda/Loss.cu:186: nll_loss_forward_no_reduce_cuda_kernel: block: [0,0,0], thread: [40,0,0] Assertion `cur_target >= 0 && cur_target < n_classes` failed.
/opt/conda/conda-bld/pytorch_1716905971214/work/aten/src/ATen/native/cuda/Loss.cu:186: nll_loss_forward_no_reduce_cuda_kernel: block: [0,0,0], thread: [41,0,0] Assertion `cur_target >= 0 && cur_target < n_classes` failed.
/opt/conda/conda-bld/pytorch_1716905971214/work/aten/src/ATen/native/cuda/Loss.cu:186: nll_loss_forward_no_reduce_cuda_kernel: block: [0,0,0], thread: [42,0,0] Assertion `cur_target >= 0 && cur_target < n_classes` failed.
/opt/conda/conda-bld/pytorch_1716905971214/work/aten/src/ATen/native/cuda/Loss.cu:186: nll_loss_forward_no_reduce_cuda_kernel: block: [0,0,0], thread: [43,0,0] Assertion `cur_target >= 0 && cur_target < n_classes` failed.
/opt/conda/conda-bld/pytorch_1716905971214/work/aten/src/ATen/native/cuda/Loss.cu:186: nll_loss_forward_no_reduce_cuda_kernel: block: [0,0,0], thread: [44,0,0] Assertion `cur_target >= 0 && cur_target < n_classes` failed.
/opt/conda/conda-bld/pytorch_1716905971214/work/aten/src/ATen/native/cuda/Loss.cu:186: nll_loss_forward_no_reduce_cuda_kernel: block: [0,0,0], thread: [45,0,0] Assertion `cur_target >= 0 && cur_target < n_classes` failed.
/opt/conda/conda-bld/pytorch_1716905971214/work/aten/src/ATen/native/cuda/Loss.cu:186: nll_loss_forward_no_reduce_cuda_kernel: block: [0,0,0], thread: [46,0,0] Assertion `cur_target >= 0 && cur_target < n_classes` failed.
/opt/conda/conda-bld/pytorch_1716905971214/work/aten/src/ATen/native/cuda/Loss.cu:186: nll_loss_forward_no_reduce_cuda_kernel: block: [0,0,0], thread: [47,0,0] Assertion `cur_target >= 0 && cur_target < n_classes` failed.
/opt/conda/conda-bld/pytorch_1716905971214/work/aten/src/ATen/native/cuda/Loss.cu:186: nll_loss_forward_no_reduce_cuda_kernel: block: [0,0,0], thread: [48,0,0] Assertion `cur_target >= 0 && cur_target < n_classes` failed.
/opt/conda/conda-bld/pytorch_1716905971214/work/aten/src/ATen/native/cuda/Loss.cu:186: nll_loss_forward_no_reduce_cuda_kernel: block: [0,0,0], thread: [49,0,0] Assertion `cur_target >= 0 && cur_target < n_classes` failed.
/opt/conda/conda-bld/pytorch_1716905971214/work/aten/src/ATen/native/cuda/Loss.cu:186: nll_loss_forward_no_reduce_cuda_kernel: block: [0,0,0], thread: [50,0,0] Assertion `cur_target >= 0 && cur_target < n_classes` failed.
/opt/conda/conda-bld/pytorch_1716905971214/work/aten/src/ATen/native/cuda/Loss.cu:186: nll_loss_forward_no_reduce_cuda_kernel: block: [0,0,0], thread: [51,0,0] Assertion `cur_target >= 0 && cur_target < n_classes` failed.
/opt/conda/conda-bld/pytorch_1716905971214/work/aten/src/ATen/native/cuda/Loss.cu:186: nll_loss_forward_no_reduce_cuda_kernel: block: [0,0,0], thread: [52,0,0] Assertion `cur_target >= 0 && cur_target < n_classes` failed.
/opt/conda/conda-bld/pytorch_1716905971214/work/aten/src/ATen/native/cuda/Loss.cu:186: nll_loss_forward_no_reduce_cuda_kernel: block: [0,0,0], thread: [53,0,0] Assertion `cur_target >= 0 && cur_target < n_classes` failed.
/opt/conda/conda-bld/pytorch_1716905971214/work/aten/src/ATen/native/cuda/Loss.cu:186: nll_loss_forward_no_reduce_cuda_kernel: block: [0,0,0], thread: [54,0,0] Assertion `cur_target >= 0 && cur_target < n_classes` failed.
/opt/conda/conda-bld/pytorch_1716905971214/work/aten/src/ATen/native/cuda/Loss.cu:186: nll_loss_forward_no_reduce_cuda_kernel: block: [0,0,0], thread: [55,0,0] Assertion `cur_target >= 0 && cur_target < n_classes` failed.
/opt/conda/conda-bld/pytorch_1716905971214/work/aten/src/ATen/native/cuda/Loss.cu:186: nll_loss_forward_no_reduce_cuda_kernel: block: [0,0,0], thread: [56,0,0] Assertion `cur_target >= 0 && cur_target < n_classes` failed.
/opt/conda/conda-bld/pytorch_1716905971214/work/aten/src/ATen/native/cuda/Loss.cu:186: nll_loss_forward_no_reduce_cuda_kernel: block: [0,0,0], thread: [57,0,0] Assertion `cur_target >= 0 && cur_target < n_classes` failed.
/opt/conda/conda-bld/pytorch_1716905971214/work/aten/src/ATen/native/cuda/Loss.cu:186: nll_loss_forward_no_reduce_cuda_kernel: block: [0,0,0], thread: [58,0,0] Assertion `cur_target >= 0 && cur_target < n_classes` failed.
/opt/conda/conda-bld/pytorch_1716905971214/work/aten/src/ATen/native/cuda/Loss.cu:186: nll_loss_forward_no_reduce_cuda_kernel: block: [0,0,0], thread: [59,0,0] Assertion `cur_target >= 0 && cur_target < n_classes` failed.
/opt/conda/conda-bld/pytorch_1716905971214/work/aten/src/ATen/native/cuda/Loss.cu:186: nll_loss_forward_no_reduce_cuda_kernel: block: [0,0,0], thread: [60,0,0] Assertion `cur_target >= 0 && cur_target < n_classes` failed.
/opt/conda/conda-bld/pytorch_1716905971214/work/aten/src/ATen/native/cuda/Loss.cu:186: nll_loss_forward_no_reduce_cuda_kernel: block: [0,0,0], thread: [61,0,0] Assertion `cur_target >= 0 && cur_target < n_classes` failed.
/opt/conda/conda-bld/pytorch_1716905971214/work/aten/src/ATen/native/cuda/Loss.cu:186: nll_loss_forward_no_reduce_cuda_kernel: block: [0,0,0], thread: [62,0,0] Assertion `cur_target >= 0 && cur_target < n_classes` failed.
/opt/conda/conda-bld/pytorch_1716905971214/work/aten/src/ATen/native/cuda/Loss.cu:186: nll_loss_forward_no_reduce_cuda_kernel: block: [0,0,0], thread: [63,0,0] Assertion `cur_target >= 0 && cur_target < n_classes` failed.
/opt/conda/conda-bld/pytorch_1716905971214/work/aten/src/ATen/native/cuda/Loss.cu:186: nll_loss_forward_no_reduce_cuda_kernel: block: [0,0,0], thread: [0,0,0] Assertion `cur_target >= 0 && cur_target < n_classes` failed.
/opt/conda/conda-bld/pytorch_1716905971214/work/aten/src/ATen/native/cuda/Loss.cu:186: nll_loss_forward_no_reduce_cuda_kernel: block: [0,0,0], thread: [1,0,0] Assertion `cur_target >= 0 && cur_target < n_classes` failed.
/opt/conda/conda-bld/pytorch_1716905971214/work/aten/src/ATen/native/cuda/Loss.cu:186: nll_loss_forward_no_reduce_cuda_kernel: block: [0,0,0], thread: [2,0,0] Assertion `cur_target >= 0 && cur_target < n_classes` failed.
/opt/conda/conda-bld/pytorch_1716905971214/work/aten/src/ATen/native/cuda/Loss.cu:186: nll_loss_forward_no_reduce_cuda_kernel: block: [0,0,0], thread: [3,0,0] Assertion `cur_target >= 0 && cur_target < n_classes` failed.
/opt/conda/conda-bld/pytorch_1716905971214/work/aten/src/ATen/native/cuda/Loss.cu:186: nll_loss_forward_no_reduce_cuda_kernel: block: [0,0,0], thread: [4,0,0] Assertion `cur_target >= 0 && cur_target < n_classes` failed.
/opt/conda/conda-bld/pytorch_1716905971214/work/aten/src/ATen/native/cuda/Loss.cu:186: nll_loss_forward_no_reduce_cuda_kernel: block: [0,0,0], thread: [5,0,0] Assertion `cur_target >= 0 && cur_target < n_classes` failed.
/opt/conda/conda-bld/pytorch_1716905971214/work/aten/src/ATen/native/cuda/Loss.cu:186: nll_loss_forward_no_reduce_cuda_kernel: block: [0,0,0], thread: [6,0,0] Assertion `cur_target >= 0 && cur_target < n_classes` failed.
/opt/conda/conda-bld/pytorch_1716905971214/work/aten/src/ATen/native/cuda/Loss.cu:186: nll_loss_forward_no_reduce_cuda_kernel: block: [0,0,0], thread: [7,0,0] Assertion `cur_target >= 0 && cur_target < n_classes` failed.
/opt/conda/conda-bld/pytorch_1716905971214/work/aten/src/ATen/native/cuda/Loss.cu:186: nll_loss_forward_no_reduce_cuda_kernel: block: [0,0,0], thread: [8,0,0] Assertion `cur_target >= 0 && cur_target < n_classes` failed.
/opt/conda/conda-bld/pytorch_1716905971214/work/aten/src/ATen/native/cuda/Loss.cu:186: nll_loss_forward_no_reduce_cuda_kernel: block: [0,0,0], thread: [9,0,0] Assertion `cur_target >= 0 && cur_target < n_classes` failed.
/opt/conda/conda-bld/pytorch_1716905971214/work/aten/src/ATen/native/cuda/Loss.cu:186: nll_loss_forward_no_reduce_cuda_kernel: block: [0,0,0], thread: [10,0,0] Assertion `cur_target >= 0 && cur_target < n_classes` failed.
/opt/conda/conda-bld/pytorch_1716905971214/work/aten/src/ATen/native/cuda/Loss.cu:186: nll_loss_forward_no_reduce_cuda_kernel: block: [0,0,0], thread: [11,0,0] Assertion `cur_target >= 0 && cur_target < n_classes` failed.
/opt/conda/conda-bld/pytorch_1716905971214/work/aten/src/ATen/native/cuda/Loss.cu:186: nll_loss_forward_no_reduce_cuda_kernel: block: [0,0,0], thread: [12,0,0] Assertion `cur_target >= 0 && cur_target < n_classes` failed.
/opt/conda/conda-bld/pytorch_1716905971214/work/aten/src/ATen/native/cuda/Loss.cu:186: nll_loss_forward_no_reduce_cuda_kernel: block: [0,0,0], thread: [13,0,0] Assertion `cur_target >= 0 && cur_target < n_classes` failed.
/opt/conda/conda-bld/pytorch_1716905971214/work/aten/src/ATen/native/cuda/Loss.cu:186: nll_loss_forward_no_reduce_cuda_kernel: block: [0,0,0], thread: [14,0,0] Assertion `cur_target >= 0 && cur_target < n_classes` failed.
/opt/conda/conda-bld/pytorch_1716905971214/work/aten/src/ATen/native/cuda/Loss.cu:186: nll_loss_forward_no_reduce_cuda_kernel: block: [0,0,0], thread: [15,0,0] Assertion `cur_target >= 0 && cur_target < n_classes` failed.
/opt/conda/conda-bld/pytorch_1716905971214/work/aten/src/ATen/native/cuda/Loss.cu:186: nll_loss_forward_no_reduce_cuda_kernel: block: [0,0,0], thread: [16,0,0] Assertion `cur_target >= 0 && cur_target < n_classes` failed.
/opt/conda/conda-bld/pytorch_1716905971214/work/aten/src/ATen/native/cuda/Loss.cu:186: nll_loss_forward_no_reduce_cuda_kernel: block: [0,0,0], thread: [17,0,0] Assertion `cur_target >= 0 && cur_target < n_classes` failed.
/opt/conda/conda-bld/pytorch_1716905971214/work/aten/src/ATen/native/cuda/Loss.cu:186: nll_loss_forward_no_reduce_cuda_kernel: block: [0,0,0], thread: [18,0,0] Assertion `cur_target >= 0 && cur_target < n_classes` failed.
/opt/conda/conda-bld/pytorch_1716905971214/work/aten/src/ATen/native/cuda/Loss.cu:186: nll_loss_forward_no_reduce_cuda_kernel: block: [0,0,0], thread: [19,0,0] Assertion `cur_target >= 0 && cur_target < n_classes` failed.
/opt/conda/conda-bld/pytorch_1716905971214/work/aten/src/ATen/native/cuda/Loss.cu:186: nll_loss_forward_no_reduce_cuda_kernel: block: [0,0,0], thread: [20,0,0] Assertion `cur_target >= 0 && cur_target < n_classes` failed.
/opt/conda/conda-bld/pytorch_1716905971214/work/aten/src/ATen/native/cuda/Loss.cu:186: nll_loss_forward_no_reduce_cuda_kernel: block: [0,0,0], thread: [21,0,0] Assertion `cur_target >= 0 && cur_target < n_classes` failed.
/opt/conda/conda-bld/pytorch_1716905971214/work/aten/src/ATen/native/cuda/Loss.cu:186: nll_loss_forward_no_reduce_cuda_kernel: block: [0,0,0], thread: [22,0,0] Assertion `cur_target >= 0 && cur_target < n_classes` failed.
/opt/conda/conda-bld/pytorch_1716905971214/work/aten/src/ATen/native/cuda/Loss.cu:186: nll_loss_forward_no_reduce_cuda_kernel: block: [0,0,0], thread: [23,0,0] Assertion `cur_target >= 0 && cur_target < n_classes` failed.
/opt/conda/conda-bld/pytorch_1716905971214/work/aten/src/ATen/native/cuda/Loss.cu:186: nll_loss_forward_no_reduce_cuda_kernel: block: [0,0,0], thread: [24,0,0] Assertion `cur_target >= 0 && cur_target < n_classes` failed.
/opt/conda/conda-bld/pytorch_1716905971214/work/aten/src/ATen/native/cuda/Loss.cu:186: nll_loss_forward_no_reduce_cuda_kernel: block: [0,0,0], thread: [25,0,0] Assertion `cur_target >= 0 && cur_target < n_classes` failed.
/opt/conda/conda-bld/pytorch_1716905971214/work/aten/src/ATen/native/cuda/Loss.cu:186: nll_loss_forward_no_reduce_cuda_kernel: block: [0,0,0], thread: [26,0,0] Assertion `cur_target >= 0 && cur_target < n_classes` failed.
/opt/conda/conda-bld/pytorch_1716905971214/work/aten/src/ATen/native/cuda/Loss.cu:186: nll_loss_forward_no_reduce_cuda_kernel: block: [0,0,0], thread: [27,0,0] Assertion `cur_target >= 0 && cur_target < n_classes` failed.
/opt/conda/conda-bld/pytorch_1716905971214/work/aten/src/ATen/native/cuda/Loss.cu:186: nll_loss_forward_no_reduce_cuda_kernel: block: [0,0,0], thread: [28,0,0] Assertion `cur_target >= 0 && cur_target < n_classes` failed.
/opt/conda/conda-bld/pytorch_1716905971214/work/aten/src/ATen/native/cuda/Loss.cu:186: nll_loss_forward_no_reduce_cuda_kernel: block: [0,0,0], thread: [29,0,0] Assertion `cur_target >= 0 && cur_target < n_classes` failed.
/opt/conda/conda-bld/pytorch_1716905971214/work/aten/src/ATen/native/cuda/Loss.cu:186: nll_loss_forward_no_reduce_cuda_kernel: block: [0,0,0], thread: [30,0,0] Assertion `cur_target >= 0 && cur_target < n_classes` failed.
/opt/conda/conda-bld/pytorch_1716905971214/work/aten/src/ATen/native/cuda/Loss.cu:186: nll_loss_forward_no_reduce_cuda_kernel: block: [0,0,0], thread: [31,0,0] Assertion `cur_target >= 0 && cur_target < n_classes` failed.
/opt/conda/conda-bld/pytorch_1716905971214/work/aten/src/ATen/native/cuda/Loss.cu:186: nll_loss_forward_no_reduce_cuda_kernel: block: [0,0,0], thread: [64,0,0] Assertion `cur_target >= 0 && cur_target < n_classes` failed.
/opt/conda/conda-bld/pytorch_1716905971214/work/aten/src/ATen/native/cuda/Loss.cu:186: nll_loss_forward_no_reduce_cuda_kernel: block: [0,0,0], thread: [65,0,0] Assertion `cur_target >= 0 && cur_target < n_classes` failed.
/opt/conda/conda-bld/pytorch_1716905971214/work/aten/src/ATen/native/cuda/Loss.cu:186: nll_loss_forward_no_reduce_cuda_kernel: block: [0,0,0], thread: [66,0,0] Assertion `cur_target >= 0 && cur_target < n_classes` failed.
/opt/conda/conda-bld/pytorch_1716905971214/work/aten/src/ATen/native/cuda/Loss.cu:186: nll_loss_forward_no_reduce_cuda_kernel: block: [0,0,0], thread: [67,0,0] Assertion `cur_target >= 0 && cur_target < n_classes` failed.
/opt/conda/conda-bld/pytorch_1716905971214/work/aten/src/ATen/native/cuda/Loss.cu:186: nll_loss_forward_no_reduce_cuda_kernel: block: [0,0,0], thread: [68,0,0] Assertion `cur_target >= 0 && cur_target < n_classes` failed.
/opt/conda/conda-bld/pytorch_1716905971214/work/aten/src/ATen/native/cuda/Loss.cu:186: nll_loss_forward_no_reduce_cuda_kernel: block: [0,0,0], thread: [69,0,0] Assertion `cur_target >= 0 && cur_target < n_classes` failed.
/opt/conda/conda-bld/pytorch_1716905971214/work/aten/src/ATen/native/cuda/Loss.cu:186: nll_loss_forward_no_reduce_cuda_kernel: block: [0,0,0], thread: [70,0,0] Assertion `cur_target >= 0 && cur_target < n_classes` failed.
/opt/conda/conda-bld/pytorch_1716905971214/work/aten/src/ATen/native/cuda/Loss.cu:186: nll_loss_forward_no_reduce_cuda_kernel: block: [0,0,0], thread: [71,0,0] Assertion `cur_target >= 0 && cur_target < n_classes` failed.
/opt/conda/conda-bld/pytorch_1716905971214/work/aten/src/ATen/native/cuda/Loss.cu:186: nll_loss_forward_no_reduce_cuda_kernel: block: [0,0,0], thread: [72,0,0] Assertion `cur_target >= 0 && cur_target < n_classes` failed.
/opt/conda/conda-bld/pytorch_1716905971214/work/aten/src/ATen/native/cuda/Loss.cu:186: nll_loss_forward_no_reduce_cuda_kernel: block: [0,0,0], thread: [73,0,0] Assertion `cur_target >= 0 && cur_target < n_classes` failed.
/opt/conda/conda-bld/pytorch_1716905971214/work/aten/src/ATen/native/cuda/Loss.cu:186: nll_loss_forward_no_reduce_cuda_kernel: block: [0,0,0], thread: [74,0,0] Assertion `cur_target >= 0 && cur_target < n_classes` failed.
/opt/conda/conda-bld/pytorch_1716905971214/work/aten/src/ATen/native/cuda/Loss.cu:186: nll_loss_forward_no_reduce_cuda_kernel: block: [0,0,0], thread: [75,0,0] Assertion `cur_target >= 0 && cur_target < n_classes` failed.
/opt/conda/conda-bld/pytorch_1716905971214/work/aten/src/ATen/native/cuda/Loss.cu:186: nll_loss_forward_no_reduce_cuda_kernel: block: [0,0,0], thread: [76,0,0] Assertion `cur_target >= 0 && cur_target < n_classes` failed.
/opt/conda/conda-bld/pytorch_1716905971214/work/aten/src/ATen/native/cuda/Loss.cu:186: nll_loss_forward_no_reduce_cuda_kernel: block: [0,0,0], thread: [77,0,0] Assertion `cur_target >= 0 && cur_target < n_classes` failed.
/opt/conda/conda-bld/pytorch_1716905971214/work/aten/src/ATen/native/cuda/Loss.cu:186: nll_loss_forward_no_reduce_cuda_kernel: block: [0,0,0], thread: [78,0,0] Assertion `cur_target >= 0 && cur_target < n_classes` failed.
/opt/conda/conda-bld/pytorch_1716905971214/work/aten/src/ATen/native/cuda/Loss.cu:186: nll_loss_forward_no_reduce_cuda_kernel: block: [0,0,0], thread: [79,0,0] Assertion `cur_target >= 0 && cur_target < n_classes` failed.
/opt/conda/conda-bld/pytorch_1716905971214/work/aten/src/ATen/native/cuda/Loss.cu:186: nll_loss_forward_no_reduce_cuda_kernel: block: [0,0,0], thread: [80,0,0] Assertion `cur_target >= 0 && cur_target < n_classes` failed.
/opt/conda/conda-bld/pytorch_1716905971214/work/aten/src/ATen/native/cuda/Loss.cu:186: nll_loss_forward_no_reduce_cuda_kernel: block: [0,0,0], thread: [81,0,0] Assertion `cur_target >= 0 && cur_target < n_classes` failed.
/opt/conda/conda-bld/pytorch_1716905971214/work/aten/src/ATen/native/cuda/Loss.cu:186: nll_loss_forward_no_reduce_cuda_kernel: block: [0,0,0], thread: [82,0,0] Assertion `cur_target >= 0 && cur_target < n_classes` failed.
/opt/conda/conda-bld/pytorch_1716905971214/work/aten/src/ATen/native/cuda/Loss.cu:186: nll_loss_forward_no_reduce_cuda_kernel: block: [0,0,0], thread: [83,0,0] Assertion `cur_target >= 0 && cur_target < n_classes` failed.
/opt/conda/conda-bld/pytorch_1716905971214/work/aten/src/ATen/native/cuda/Loss.cu:186: nll_loss_forward_no_reduce_cuda_kernel: block: [0,0,0], thread: [84,0,0] Assertion `cur_target >= 0 && cur_target < n_classes` failed.
/opt/conda/conda-bld/pytorch_1716905971214/work/aten/src/ATen/native/cuda/Loss.cu:186: nll_loss_forward_no_reduce_cuda_kernel: block: [0,0,0], thread: [85,0,0] Assertion `cur_target >= 0 && cur_target < n_classes` failed.
/opt/conda/conda-bld/pytorch_1716905971214/work/aten/src/ATen/native/cuda/Loss.cu:186: nll_loss_forward_no_reduce_cuda_kernel: block: [0,0,0], thread: [86,0,0] Assertion `cur_target >= 0 && cur_target < n_classes` failed.
/opt/conda/conda-bld/pytorch_1716905971214/work/aten/src/ATen/native/cuda/Loss.cu:186: nll_loss_forward_no_reduce_cuda_kernel: block: [0,0,0], thread: [87,0,0] Assertion `cur_target >= 0 && cur_target < n_classes` failed.
/opt/conda/conda-bld/pytorch_1716905971214/work/aten/src/ATen/native/cuda/Loss.cu:186: nll_loss_forward_no_reduce_cuda_kernel: block: [0,0,0], thread: [88,0,0] Assertion `cur_target >= 0 && cur_target < n_classes` failed.
/opt/conda/conda-bld/pytorch_1716905971214/work/aten/src/ATen/native/cuda/Loss.cu:186: nll_loss_forward_no_reduce_cuda_kernel: block: [0,0,0], thread: [89,0,0] Assertion `cur_target >= 0 && cur_target < n_classes` failed.
/opt/conda/conda-bld/pytorch_1716905971214/work/aten/src/ATen/native/cuda/Loss.cu:186: nll_loss_forward_no_reduce_cuda_kernel: block: [0,0,0], thread: [90,0,0] Assertion `cur_target >= 0 && cur_target < n_classes` failed.
/opt/conda/conda-bld/pytorch_1716905971214/work/aten/src/ATen/native/cuda/Loss.cu:186: nll_loss_forward_no_reduce_cuda_kernel: block: [0,0,0], thread: [91,0,0] Assertion `cur_target >= 0 && cur_target < n_classes` failed.
/opt/conda/conda-bld/pytorch_1716905971214/work/aten/src/ATen/native/cuda/Loss.cu:186: nll_loss_forward_no_reduce_cuda_kernel: block: [0,0,0], thread: [92,0,0] Assertion `cur_target >= 0 && cur_target < n_classes` failed.
/opt/conda/conda-bld/pytorch_1716905971214/work/aten/src/ATen/native/cuda/Loss.cu:186: nll_loss_forward_no_reduce_cuda_kernel: block: [0,0,0], thread: [93,0,0] Assertion `cur_target >= 0 && cur_target < n_classes` failed.
/opt/conda/conda-bld/pytorch_1716905971214/work/aten/src/ATen/native/cuda/Loss.cu:186: nll_loss_forward_no_reduce_cuda_kernel: block: [0,0,0], thread: [94,0,0] Assertion `cur_target >= 0 && cur_target < n_classes` failed.
/opt/conda/conda-bld/pytorch_1716905971214/work/aten/src/ATen/native/cuda/Loss.cu:186: nll_loss_forward_no_reduce_cuda_kernel: block: [0,0,0], thread: [95,0,0] Assertion `cur_target >= 0 && cur_target < n_classes` failed.
Process Process-1:
Traceback (most recent call last):
  File "/home/rtcalumby/miniconda3/envs/py382/lib/python3.12/multiprocessing/process.py", line 314, in _bootstrap
    self.run()
  File "/home/rtcalumby/miniconda3/envs/py382/lib/python3.12/multiprocessing/process.py", line 108, in run
    self._target(*self._args, **self._kwargs)
  File "/home/rtcalumby/adam/luciano/LifeCLEFPlant2022/DeepCluster/main_FGDCC.py", line 52, in process_main
    app_main(args=params)
  File "/home/rtcalumby/adam/luciano/LifeCLEFPlant2022/DeepCluster/engine_FGDCC.py", line 634, in main
    (loss, k_means_loss, ae_lr, _new_lr, _new_wd, grad_stats, bottleneck_output), etime = gpu_timer(train_step)
                                                                                          ^^^^^^^^^^^^^^^^^^^^^
  File "/home/rtcalumby/adam/luciano/LifeCLEFPlant2022/DeepCluster/src/utils/logging.py", line 21, in gpu_timer
    result = closure()
             ^^^^^^^^^
  File "/home/rtcalumby/adam/luciano/LifeCLEFPlant2022/DeepCluster/engine_FGDCC.py", line 549, in train_step
    print('Subclass_idx_loss:', subclass_loss)
  File "/home/rtcalumby/miniconda3/envs/py382/lib/python3.12/site-packages/torch/_tensor.py", line 464, in __repr__
    return torch._tensor_str._str(self, tensor_contents=tensor_contents)
           ^^^^^^^^^^^^^^^^^^^^^^^^^^^^^^^^^^^^^^^^^^^^^^^^^^^^^^^^^^^^^
  File "/home/rtcalumby/miniconda3/envs/py382/lib/python3.12/site-packages/torch/_tensor_str.py", line 697, in _str
    return _str_intern(self, tensor_contents=tensor_contents)
           ^^^^^^^^^^^^^^^^^^^^^^^^^^^^^^^^^^^^^^^^^^^^^^^^^^
  File "/home/rtcalumby/miniconda3/envs/py382/lib/python3.12/site-packages/torch/_tensor_str.py", line 617, in _str_intern
    tensor_str = _tensor_str(self, indent)
                 ^^^^^^^^^^^^^^^^^^^^^^^^^
  File "/home/rtcalumby/miniconda3/envs/py382/lib/python3.12/site-packages/torch/_tensor_str.py", line 349, in _tensor_str
    formatter = _Formatter(get_summarized_data(self) if summarize else self)
                ^^^^^^^^^^^^^^^^^^^^^^^^^^^^^^^^^^^^^^^^^^^^^^^^^^^^^^^^^^^^
  File "/home/rtcalumby/miniconda3/envs/py382/lib/python3.12/site-packages/torch/_tensor_str.py", line 137, in __init__
    nonzero_finite_vals = torch.masked_select(
                          ^^^^^^^^^^^^^^^^^^^^
RuntimeError: CUDA error: device-side assert triggered
CUDA kernel errors might be asynchronously reported at some other API call, so the stacktrace below might be incorrect.
For debugging consider passing CUDA_LAUNCH_BLOCKING=1.
Compile with `TORCH_USE_CUDA_DSA` to enable device-side assertions.

Faiss assertion 'err == cudaSuccess' failed in virtual void faiss::gpu::StandardGpuResourcesImpl::deallocMemory(int, void*) at /home/circleci/miniconda/conda-bld/faiss-pkg_1709244513520/work/faiss/gpu/StandardGpuResources.cpp:607; details: Failed to cudaFree pointer 0x7f3297548e00 (error 710 device-side assert triggered)
