INFO:faiss.loader:Loading faiss with AVX2 support.
INFO:faiss.loader:Successfully loaded faiss with AVX2 support.
INFO:faiss.loader:Loading faiss with AVX2 support.
INFO:faiss.loader:Successfully loaded faiss with AVX2 support.
INFO:root:called-params configs/plantnet300k.yaml
INFO:root:loaded params...
{   'data': {   'batch_size': 96,
                'cache_path': '/home/rtcalumby/adam/luciano/DeepCluster/cache/plantnet_300k',
                'color_jitter_strength': 0.0,
                'crop_scale': [0.3, 1.0],
                'crop_size': 224,
                'cutmix': 0.0,
                'drop_path': 0.25,
                'image_folder': '/home/rtcalumby/adam/luciano/plantnet_300K/',
                'mixup': 0.0,
                'nb_classes': 1081,
                'num_workers': 16,
                'pin_mem': True,
                'reprob': 0.25,
                'resume_epoch': 0,
                'root_path': '/home/rtcalumby/adam/luciano/',
                'use_color_distortion': False,
                'use_gaussian_blur': False,
                'use_horizontal_flip': False},
    'dinov2': True,
    'dinov2_meta': {'model_name': 'vit_large'},
    'k_means': {'K_range': [2, 3, 4, 5], 'reinitialize_centroids': 5},
    'logging': {   'folder': '/home/rtcalumby/adam/luciano/LifeCLEFPlant2022/logs/PlantNet300k_exp66',
                   'write_tag': 'jepa'},
    'mask': {   'allow_overlap': False,
                'aspect_ratio': [0.75, 1.5],
                'enc_mask_scale': [0.85, 1.0],
                'min_keep': 10,
                'num_enc_masks': 1,
                'num_pred_masks': 4,
                'patch_size': 14,
                'pred_mask_scale': [0.15, 0.2]},
    'meta': {   'copy_data': False,
                'load_checkpoint': True,
                'model_name': 'vit_huge',
                'pred_depth': 12,
                'pred_emb_dim': 384,
                'read_checkpoint': None,
                'use_bfloat16': True},
    'optimization': {   'ema': [0.9, 0.999],
                        'epochs': 50,
                        'final_lr': 1e-05,
                        'final_weight_decay': 0.4,
                        'ipe_scale': 1.0,
                        'label_smoothing': 0.1,
                        'lr': 0.0001,
                        'start_lr': 1e-05,
                        'warmup': 25,
                        'weight_decay': 0.05},
    'vicreg': {'alpha': 7.5, 'beta': 25.0, 'gamma': 1.0}}
INFO:root:Running... (rank: 0/1)
INFO:root:Initialized (rank/world-size) 0/1
INFO:root:making imagenet data transforms
INFO:root:making imagenet data transforms
INFO:root:Finetuning dataset created
INFO:root:PairedDataset created
Training dataset, length: 245952
INFO:root:Finetuning dataset created
Val dataset, length: 31200
INFO:root:Using AdamW
Using cache found in /home/rtcalumby/.cache/torch/hub/facebookresearch_dinov2_main
/home/rtcalumby/.cache/torch/hub/facebookresearch_dinov2_main/dinov2/layers/swiglu_ffn.py:51: UserWarning: xFormers is not available (SwiGLU)
  warnings.warn("xFormers is not available (SwiGLU)")
/home/rtcalumby/.cache/torch/hub/facebookresearch_dinov2_main/dinov2/layers/attention.py:33: UserWarning: xFormers is not available (Attention)
  warnings.warn("xFormers is not available (Attention)")
/home/rtcalumby/.cache/torch/hub/facebookresearch_dinov2_main/dinov2/layers/block.py:40: UserWarning: xFormers is not available (Block)
  warnings.warn("xFormers is not available (Block)")
INFO:dinov2:using MLP layer as FFN
INFO:root:Dino target encoder: DinoVisionTransformer(
  (patch_embed): PatchEmbed(
    (proj): Conv2d(3, 1024, kernel_size=(14, 14), stride=(14, 14))
    (norm): Identity()
  )
  (blocks): ModuleList(
    (0-23): 24 x NestedTensorBlock(
      (norm1): LayerNorm((1024,), eps=1e-06, elementwise_affine=True)
      (attn): MemEffAttention(
        (qkv): Linear(in_features=1024, out_features=3072, bias=True)
        (attn_drop): Dropout(p=0.0, inplace=False)
        (proj): Linear(in_features=1024, out_features=1024, bias=True)
        (proj_drop): Dropout(p=0.0, inplace=False)
      )
      (ls1): LayerScale()
      (drop_path1): Identity()
      (norm2): LayerNorm((1024,), eps=1e-06, elementwise_affine=True)
      (mlp): Mlp(
        (fc1): Linear(in_features=1024, out_features=4096, bias=True)
        (act): GELU(approximate='none')
        (fc2): Linear(in_features=4096, out_features=1024, bias=True)
        (drop): Dropout(p=0.0, inplace=False)
      )
      (ls2): LayerScale()
      (drop_path2): Identity()
    )
  )
  (norm): LayerNorm((1024,), eps=1e-06, elementwise_affine=True)
  (head): Identity()
)
INFO:root:ClassificationHead(
  (dropout): Dropout(p=0.15, inplace=False)
  (classifier): Linear(in_features=1024, out_features=15134, bias=True)
)
INFO:root:Using AdamW
INFO:root:DinoVisionTransformer(
  (patch_embed): PatchEmbed(
    (proj): Conv2d(3, 1024, kernel_size=(14, 14), stride=(14, 14))
    (norm): Identity()
  )
  (blocks): ModuleList(
    (0-23): 24 x NestedTensorBlock(
      (norm1): LayerNorm((1024,), eps=1e-06, elementwise_affine=True)
      (attn): MemEffAttention(
        (qkv): Linear(in_features=1024, out_features=3072, bias=True)
        (attn_drop): Dropout(p=0.0, inplace=False)
        (proj): Linear(in_features=1024, out_features=1024, bias=True)
        (proj_drop): Dropout(p=0.0, inplace=False)
      )
      (ls1): LayerScale()
      (drop_path1): Identity()
      (norm2): LayerNorm((1024,), eps=1e-06, elementwise_affine=True)
      (mlp): Mlp(
        (fc1): Linear(in_features=1024, out_features=4096, bias=True)
        (act): GELU(approximate='none')
        (fc2): Linear(in_features=4096, out_features=1024, bias=True)
        (drop): Dropout(p=0.0, inplace=False)
      )
      (ls2): LayerScale()
      (drop_path2): Identity()
    )
  )
  (norm): LayerNorm((1024,), eps=1e-06, elementwise_affine=True)
  (head): Identity()
)
INFO:root:Setting up cache...
INFO:root:Loading cached features at /home/rtcalumby/adam/luciano/DeepCluster/cache/plantnet_300k/dinov2_vit_large
INFO:root:Done...
INFO:root:Initializing centroids...
INFO:root:Update Step...
/home/rtcalumby/miniconda3/envs/fgdcc/lib/python3.9/site-packages/faiss/contrib/torch_utils.py:51: UserWarning: TypedStorage is deprecated. It will be removed in the future and UntypedStorage will be the only storage class. This should only matter to you if you are using storages directly.  To access UntypedStorage directly, use tensor.untyped_storage() instead of tensor.storage()
  x.storage().data_ptr() + x.storage_offset() * 4)
INFO:root:Epoch 1
INFO:faiss.loader:Loading faiss with AVX2 support.
INFO:faiss.loader:Successfully loaded faiss with AVX2 support.
INFO:faiss.loader:Loading faiss with AVX2 support.
INFO:faiss.loader:Successfully loaded faiss with AVX2 support.
INFO:faiss.loader:Loading faiss with AVX2 support.
INFO:faiss.loader:Successfully loaded faiss with AVX2 support.
INFO:faiss.loader:Loading faiss with AVX2 support.
INFO:faiss.loader:Successfully loaded faiss with AVX2 support.
INFO:faiss.loader:Loading faiss with AVX2 support.
INFO:faiss.loader:Successfully loaded faiss with AVX2 support.
INFO:faiss.loader:Loading faiss with AVX2 support.
INFO:faiss.loader:Successfully loaded faiss with AVX2 support.
INFO:faiss.loader:Loading faiss with AVX2 support.
INFO:faiss.loader:Successfully loaded faiss with AVX2 support.
INFO:faiss.loader:Loading faiss with AVX2 support.
INFO:faiss.loader:Successfully loaded faiss with AVX2 support.
INFO:faiss.loader:Loading faiss with AVX2 support.
INFO:faiss.loader:Successfully loaded faiss with AVX2 support.
INFO:faiss.loader:Loading faiss with AVX2 support.
INFO:faiss.loader:Successfully loaded faiss with AVX2 support.
INFO:faiss.loader:Loading faiss with AVX2 support.
INFO:faiss.loader:Successfully loaded faiss with AVX2 support.
INFO:faiss.loader:Loading faiss with AVX2 support.
INFO:faiss.loader:Successfully loaded faiss with AVX2 support.
INFO:faiss.loader:Loading faiss with AVX2 support.
INFO:faiss.loader:Successfully loaded faiss with AVX2 support.
INFO:faiss.loader:Loading faiss with AVX2 support.
INFO:faiss.loader:Successfully loaded faiss with AVX2 support.
INFO:faiss.loader:Loading faiss with AVX2 support.
INFO:faiss.loader:Successfully loaded faiss with AVX2 support.
INFO:faiss.loader:Loading faiss with AVX2 support.
INFO:faiss.loader:Successfully loaded faiss with AVX2 support.
INFO:root:[1,     0/ 2562] - train_losses - Parent Class: 0.0000 - Children class: 9.6338 -Autoencoder Loss (total): 1647.4047 - Reconstruction/K-Means Loss: [0.0000 / 1647.4047] - Consistency Loss: [0.0000] - VICReg Loss: [24.2134][wd: 5.00e-02] [lr: 1.00e-05] [autoencoder lr: 0.00e+00][mem: 4.19e+04] (3017.2 ms)
INFO:root:[1,     0] grad_stats: [1.33e-02 7.95e-01] (1.33e-02, 6.74e+00)
INFO:root:[1,    50/ 2562] - train_losses - Parent Class: 0.0000 - Children class: 9.2910 -Autoencoder Loss (total): 1559.3757 - Reconstruction/K-Means Loss: [0.0000 / 1559.3757] - Consistency Loss: [0.0000] - VICReg Loss: [24.3234][wd: 5.00e-02] [lr: 1.01e-05] [autoencoder lr: 0.00e+00][mem: 4.43e+04] (1035.3 ms)
INFO:root:[1,    50] grad_stats: [3.58e-03 1.36e-01] (3.58e-03, 1.87e+01)
INFO:root:[1,   100/ 2562] - train_losses - Parent Class: 0.0000 - Children class: 8.6217 -Autoencoder Loss (total): 1557.6409 - Reconstruction/K-Means Loss: [0.0000 / 1557.6409] - Consistency Loss: [0.0000] - VICReg Loss: [24.4851][wd: 5.00e-02] [lr: 1.01e-05] [autoencoder lr: 0.00e+00][mem: 4.43e+04] (1012.3 ms)
INFO:root:[1,   100] grad_stats: [2.11e-02 1.49e-01] (4.13e-03, 1.92e+01)
INFO:root:[1,   150/ 2562] - train_losses - Parent Class: 0.0000 - Children class: 8.0460 -Autoencoder Loss (total): 1556.2962 - Reconstruction/K-Means Loss: [0.0000 / 1556.2962] - Consistency Loss: [0.0000] - VICReg Loss: [24.5519][wd: 5.00e-02] [lr: 1.02e-05] [autoencoder lr: 0.00e+00][mem: 4.43e+04] (1007.6 ms)
INFO:root:[1,   150] grad_stats: [8.68e-03 1.01e-01] (5.08e-03, 1.56e+01)
INFO:root:[1,   200/ 2562] - train_losses - Parent Class: 0.0000 - Children class: 7.6495 -Autoencoder Loss (total): 1557.3841 - Reconstruction/K-Means Loss: [0.0000 / 1557.3841] - Consistency Loss: [0.0000] - VICReg Loss: [24.5702][wd: 5.00e-02] [lr: 1.03e-05] [autoencoder lr: 0.00e+00][mem: 4.43e+04] (1006.4 ms)
INFO:root:[1,   200] grad_stats: [9.10e-03 1.80e-01] (9.10e-03, 1.29e+01)
INFO:root:[1,   250/ 2562] - train_losses - Parent Class: 0.0000 - Children class: 7.3527 -Autoencoder Loss (total): 1558.0107 - Reconstruction/K-Means Loss: [0.0000 / 1558.0107] - Consistency Loss: [0.0000] - VICReg Loss: [24.5665][wd: 5.00e-02] [lr: 1.04e-05] [autoencoder lr: 0.00e+00][mem: 4.43e+04] (1006.9 ms)
INFO:root:[1,   250] grad_stats: [2.86e-02 4.94e-01] (2.86e-02, 1.34e+01)
INFO:root:[1,   300/ 2562] - train_losses - Parent Class: 0.0000 - Children class: 7.1225 -Autoencoder Loss (total): 1557.3563 - Reconstruction/K-Means Loss: [0.0000 / 1557.3563] - Consistency Loss: [0.0000] - VICReg Loss: [24.5535][wd: 5.00e-02] [lr: 1.04e-05] [autoencoder lr: 0.00e+00][mem: 4.43e+04] (1009.0 ms)
INFO:root:[1,   300] grad_stats: [2.37e-02 5.90e-01] (2.37e-02, 1.19e+01)
INFO:root:[1,   350/ 2562] - train_losses - Parent Class: 0.0000 - Children class: 6.9345 -Autoencoder Loss (total): 1557.4968 - Reconstruction/K-Means Loss: [0.0000 / 1557.4968] - Consistency Loss: [0.0000] - VICReg Loss: [24.5367][wd: 5.00e-02] [lr: 1.05e-05] [autoencoder lr: 0.00e+00][mem: 4.43e+04] (1011.6 ms)
INFO:root:[1,   350] grad_stats: [4.12e-02 4.65e-01] (4.12e-02, 1.13e+01)
INFO:root:[1,   400/ 2562] - train_losses - Parent Class: 0.0000 - Children class: 6.7688 -Autoencoder Loss (total): 1557.7008 - Reconstruction/K-Means Loss: [0.0000 / 1557.7008] - Consistency Loss: [0.0000] - VICReg Loss: [24.5191][wd: 5.00e-02] [lr: 1.06e-05] [autoencoder lr: 0.00e+00][mem: 4.43e+04] (1014.3 ms)
INFO:root:[1,   400] grad_stats: [1.95e-02 3.71e-01] (1.95e-02, 1.11e+01)
INFO:root:[1,   450/ 2562] - train_losses - Parent Class: 0.0000 - Children class: 6.6114 -Autoencoder Loss (total): 1557.3363 - Reconstruction/K-Means Loss: [0.0000 / 1557.3363] - Consistency Loss: [0.0000] - VICReg Loss: [24.5025][wd: 5.00e-02] [lr: 1.06e-05] [autoencoder lr: 0.00e+00][mem: 4.43e+04] (1017.6 ms)
INFO:root:[1,   450] grad_stats: [3.80e-02 3.86e-01] (3.80e-02, 1.03e+01)
INFO:root:[1,   500/ 2562] - train_losses - Parent Class: 0.0000 - Children class: 6.4636 -Autoencoder Loss (total): 1558.2185 - Reconstruction/K-Means Loss: [0.0000 / 1558.2185] - Consistency Loss: [0.0000] - VICReg Loss: [24.4868][wd: 5.00e-02] [lr: 1.07e-05] [autoencoder lr: 0.00e+00][mem: 4.43e+04] (1022.0 ms)
INFO:root:[1,   500] grad_stats: [1.99e-02 3.75e-01] (1.99e-02, 1.04e+01)
INFO:root:[1,   550/ 2562] - train_losses - Parent Class: 0.0000 - Children class: 6.3220 -Autoencoder Loss (total): 1558.6606 - Reconstruction/K-Means Loss: [0.0000 / 1558.6606] - Consistency Loss: [0.0000] - VICReg Loss: [24.4723][wd: 5.00e-02] [lr: 1.08e-05] [autoencoder lr: 0.00e+00][mem: 4.43e+04] (1026.2 ms)
INFO:root:[1,   550] grad_stats: [4.67e-02 5.29e-01] (4.67e-02, 9.49e+00)
INFO:root:[1,   600/ 2562] - train_losses - Parent Class: 0.0000 - Children class: 6.1814 -Autoencoder Loss (total): 1558.5684 - Reconstruction/K-Means Loss: [0.0000 / 1558.5684] - Consistency Loss: [0.0000] - VICReg Loss: [24.4589][wd: 5.00e-02] [lr: 1.08e-05] [autoencoder lr: 0.00e+00][mem: 4.43e+04] (1030.6 ms)
INFO:root:[1,   600] grad_stats: [2.11e-02 3.66e-01] (2.11e-02, 8.65e+00)
INFO:root:[1,   650/ 2562] - train_losses - Parent Class: 0.0000 - Children class: 6.0524 -Autoencoder Loss (total): 1558.2226 - Reconstruction/K-Means Loss: [0.0000 / 1558.2226] - Consistency Loss: [0.0000] - VICReg Loss: [24.4466][wd: 5.00e-02] [lr: 1.09e-05] [autoencoder lr: 0.00e+00][mem: 4.43e+04] (1035.2 ms)
INFO:root:[1,   650] grad_stats: [3.09e-02 3.98e-01] (3.09e-02, 8.29e+00)
INFO:root:[1,   700/ 2562] - train_losses - Parent Class: 0.0000 - Children class: 5.9325 -Autoencoder Loss (total): 1558.1852 - Reconstruction/K-Means Loss: [0.0000 / 1558.1852] - Consistency Loss: [0.0000] - VICReg Loss: [24.4352][wd: 5.00e-02] [lr: 1.10e-05] [autoencoder lr: 0.00e+00][mem: 4.43e+04] (1039.1 ms)
INFO:root:[1,   700] grad_stats: [5.52e-02 6.32e-01] (5.52e-02, 8.56e+00)
INFO:root:[1,   750/ 2562] - train_losses - Parent Class: 0.0000 - Children class: 5.8149 -Autoencoder Loss (total): 1558.3863 - Reconstruction/K-Means Loss: [0.0000 / 1558.3863] - Consistency Loss: [0.0000] - VICReg Loss: [24.4249][wd: 5.00e-02] [lr: 1.11e-05] [autoencoder lr: 0.00e+00][mem: 4.43e+04] (1043.4 ms)
INFO:root:[1,   750] grad_stats: [3.98e-02 5.39e-01] (3.98e-02, 9.19e+00)
INFO:root:[1,   800/ 2562] - train_losses - Parent Class: 0.0000 - Children class: 5.7052 -Autoencoder Loss (total): 1558.5866 - Reconstruction/K-Means Loss: [0.0000 / 1558.5866] - Consistency Loss: [0.0000] - VICReg Loss: [24.4153][wd: 5.00e-02] [lr: 1.11e-05] [autoencoder lr: 0.00e+00][mem: 4.43e+04] (1048.0 ms)
INFO:root:[1,   800] grad_stats: [6.36e-02 4.25e-01] (6.36e-02, 7.55e+00)
INFO:root:[1,   850/ 2562] - train_losses - Parent Class: 0.0000 - Children class: 5.6045 -Autoencoder Loss (total): 1558.5100 - Reconstruction/K-Means Loss: [0.0000 / 1558.5100] - Consistency Loss: [0.0000] - VICReg Loss: [24.4064][wd: 5.00e-02] [lr: 1.12e-05] [autoencoder lr: 0.00e+00][mem: 4.43e+04] (1052.8 ms)
INFO:root:[1,   850] grad_stats: [3.92e-02 5.39e-01] (3.92e-02, 7.89e+00)
INFO:root:[1,   900/ 2562] - train_losses - Parent Class: 0.0000 - Children class: 5.5067 -Autoencoder Loss (total): 1558.1458 - Reconstruction/K-Means Loss: [0.0000 / 1558.1458] - Consistency Loss: [0.0000] - VICReg Loss: [24.3981][wd: 5.00e-02] [lr: 1.13e-05] [autoencoder lr: 0.00e+00][mem: 4.43e+04] (1057.7 ms)
INFO:root:[1,   900] grad_stats: [3.53e-02 6.03e-01] (3.53e-02, 6.97e+00)
INFO:root:[1,   950/ 2562] - train_losses - Parent Class: 0.0000 - Children class: 5.4136 -Autoencoder Loss (total): 1558.0778 - Reconstruction/K-Means Loss: [0.0000 / 1558.0778] - Consistency Loss: [0.0000] - VICReg Loss: [24.3905][wd: 5.00e-02] [lr: 1.13e-05] [autoencoder lr: 0.00e+00][mem: 4.43e+04] (1062.7 ms)
INFO:root:[1,   950] grad_stats: [5.17e-02 5.55e-01] (5.17e-02, 6.90e+00)
INFO:root:[1,  1000/ 2562] - train_losses - Parent Class: 0.0000 - Children class: 5.3235 -Autoencoder Loss (total): 1557.8602 - Reconstruction/K-Means Loss: [0.0000 / 1557.8602] - Consistency Loss: [0.0000] - VICReg Loss: [24.3834][wd: 5.01e-02] [lr: 1.14e-05] [autoencoder lr: 0.00e+00][mem: 4.43e+04] (1067.9 ms)
INFO:root:[1,  1000] grad_stats: [8.60e-02 7.81e-01] (8.60e-02, 6.81e+00)
INFO:root:[1,  1050/ 2562] - train_losses - Parent Class: 0.0000 - Children class: 5.2422 -Autoencoder Loss (total): 1557.5439 - Reconstruction/K-Means Loss: [0.0000 / 1557.5439] - Consistency Loss: [0.0000] - VICReg Loss: [24.3767][wd: 5.01e-02] [lr: 1.15e-05] [autoencoder lr: 0.00e+00][mem: 4.43e+04] (1073.0 ms)
INFO:root:[1,  1050] grad_stats: [3.72e-02 5.34e-01] (3.72e-02, 6.53e+00)
INFO:root:[1,  1100/ 2562] - train_losses - Parent Class: 0.0000 - Children class: 5.1623 -Autoencoder Loss (total): 1557.3171 - Reconstruction/K-Means Loss: [0.0000 / 1557.3171] - Consistency Loss: [0.0000] - VICReg Loss: [24.3705][wd: 5.01e-02] [lr: 1.15e-05] [autoencoder lr: 0.00e+00][mem: 4.43e+04] (1078.6 ms)
INFO:root:[1,  1100] grad_stats: [6.60e-02 6.86e-01] (6.60e-02, 6.82e+00)
slurmstepd: error: *** JOB 5116 ON hgx CANCELLED AT 2025-02-24T12:15:10 ***
