INFO:faiss.loader:Loading faiss with AVX2 support.
INFO:faiss.loader:Successfully loaded faiss with AVX2 support.
INFO:faiss.loader:Loading faiss with AVX2 support.
INFO:faiss.loader:Successfully loaded faiss with AVX2 support.
INFO:root:called-params configs/in1k_vith14_ep300_FGDCC.yaml
INFO:root:loaded params...
{   'data': {   'batch_size': 96,
                'color_jitter_strength': 0.0,
                'crop_scale': [0.3, 1.0],
                'crop_size': 224,
                'cutmix': 0.0,
                'drop_path': 0.25,
                'image_folder': '/home/rtcalumby/adam/luciano/plantnet_300K/',
                'mixup': 0.0,
                'nb_classes': 1081,
                'num_workers': 16,
                'pin_mem': True,
                'reprob': 0.25,
                'resume_epoch': 0,
                'root_path': '/home/rtcalumby/adam/luciano/',
                'use_color_distortion': False,
                'use_gaussian_blur': False,
                'use_horizontal_flip': False},
    'logging': {   'folder': '/home/rtcalumby/adam/luciano/LifeCLEFPlant2022/logs/PlantNet300k_exp41',
                   'write_tag': 'jepa'},
    'mask': {   'allow_overlap': False,
                'aspect_ratio': [0.75, 1.5],
                'enc_mask_scale': [0.85, 1.0],
                'min_keep': 10,
                'num_enc_masks': 1,
                'num_pred_masks': 4,
                'patch_size': 14,
                'pred_mask_scale': [0.15, 0.2]},
    'meta': {   'copy_data': False,
                'load_checkpoint': True,
                'model_name': 'vit_huge',
                'pred_depth': 12,
                'pred_emb_dim': 384,
                'read_checkpoint': None,
                'use_bfloat16': True},
    'optimization': {   'ema': [0.9, 0.999],
                        'epochs': 75,
                        'final_lr': 1e-05,
                        'final_weight_decay': 0.4,
                        'ipe_scale': 1.0,
                        'label_smoothing': 0.1,
                        'lr': 0.00025,
                        'start_lr': 8.5e-05,
                        'warmup': 5,
                        'weight_decay': 0.05}}
INFO:root:Running... (rank: 0/1)
INFO:root:Initialized (rank/world-size) 0/1
INFO:root:making imagenet data transforms
INFO:root:making imagenet data transforms
INFO:root:Finetuning dataset created
Training dataset, length: 245952
INFO:root:Finetuning dataset created
Val dataset, length: 31200
INFO:root:Using AdamW
['encoder', 'predictor', 'opt', 'scaler', 'target_encoder', 'epoch', 'loss', 'batch_size', 'world_size', 'lr']
INFO:root:loaded pretrained encoder from epoch 66 with msg: <All keys matched successfully>
INFO:root:PairedCrossAttentionClassifier(
  (act): GELU(approximate='none')
  (subclass_proj): Sequential(
    (0): Linear(in_features=1280, out_features=1280, bias=True)
    (1): GELU(approximate='none')
  )
  (parent_cross_attention): MultiHeadCrossAttention(
    (query): Linear(in_features=1280, out_features=1280, bias=True)
    (key): Linear(in_features=1280, out_features=1280, bias=True)
    (value): Linear(in_features=1280, out_features=1280, bias=True)
  )
  (subclass_cross_attention): MultiHeadCrossAttention(
    (query): Linear(in_features=1280, out_features=1280, bias=True)
    (key): Linear(in_features=1280, out_features=1280, bias=True)
    (value): Linear(in_features=1280, out_features=1280, bias=True)
  )
  (parent_feature_selection): Linear(in_features=2560, out_features=1280, bias=True)
  (subclass_feature_selection): Linear(in_features=2560, out_features=1280, bias=True)
  (parent_classifier): Linear(in_features=1280, out_features=1081, bias=True)
  (subclass_classifier): Linear(in_features=1280, out_features=4324, bias=True)
  (head_drop): Dropout(p=0.25, inplace=False)
)
INFO:root:Using AdamW
INFO:root:VisionTransformerAutoEncoder(
  (encoder): Sequential(
    (0): Block(
      (norm1): LayerNorm((1280,), eps=1e-05, elementwise_affine=True)
      (attn): Attention(
        (qkv): Linear(in_features=1280, out_features=3840, bias=False)
        (attn_drop): Dropout(p=0.0, inplace=False)
        (proj): Linear(in_features=1280, out_features=1280, bias=True)
        (proj_drop): Dropout(p=0.1, inplace=False)
      )
      (drop_path): Identity()
      (norm2): LayerNorm((1280,), eps=1e-05, elementwise_affine=True)
      (mlp): MLP(
        (fc1): Linear(in_features=1280, out_features=1422, bias=True)
        (act): GELU(approximate='none')
        (fc2): Linear(in_features=1422, out_features=1280, bias=True)
        (drop): Dropout(p=0.1, inplace=False)
      )
    )
    (1): Linear(in_features=1280, out_features=1152, bias=True)
    (2): GELU(approximate='none')
    (3): Block(
      (norm1): LayerNorm((1152,), eps=1e-05, elementwise_affine=True)
      (attn): Attention(
        (qkv): Linear(in_features=1152, out_features=3456, bias=False)
        (attn_drop): Dropout(p=0.0, inplace=False)
        (proj): Linear(in_features=1152, out_features=1152, bias=True)
        (proj_drop): Dropout(p=0.1, inplace=False)
      )
      (drop_path): Identity()
      (norm2): LayerNorm((1152,), eps=1e-05, elementwise_affine=True)
      (mlp): MLP(
        (fc1): Linear(in_features=1152, out_features=1296, bias=True)
        (act): GELU(approximate='none')
        (fc2): Linear(in_features=1296, out_features=1152, bias=True)
        (drop): Dropout(p=0.1, inplace=False)
      )
    )
    (4): Linear(in_features=1152, out_features=1024, bias=True)
    (5): GELU(approximate='none')
    (6): Block(
      (norm1): LayerNorm((1024,), eps=1e-05, elementwise_affine=True)
      (attn): Attention(
        (qkv): Linear(in_features=1024, out_features=3072, bias=False)
        (attn_drop): Dropout(p=0.0, inplace=False)
        (proj): Linear(in_features=1024, out_features=1024, bias=True)
        (proj_drop): Dropout(p=0.1, inplace=False)
      )
      (drop_path): Identity()
      (norm2): LayerNorm((1024,), eps=1e-05, elementwise_affine=True)
      (mlp): MLP(
        (fc1): Linear(in_features=1024, out_features=1170, bias=True)
        (act): GELU(approximate='none')
        (fc2): Linear(in_features=1170, out_features=1024, bias=True)
        (drop): Dropout(p=0.1, inplace=False)
      )
    )
    (7): Linear(in_features=1024, out_features=896, bias=True)
    (8): GELU(approximate='none')
    (9): Block(
      (norm1): LayerNorm((896,), eps=1e-05, elementwise_affine=True)
      (attn): Attention(
        (qkv): Linear(in_features=896, out_features=2688, bias=False)
        (attn_drop): Dropout(p=0.0, inplace=False)
        (proj): Linear(in_features=896, out_features=896, bias=True)
        (proj_drop): Dropout(p=0.1, inplace=False)
      )
      (drop_path): Identity()
      (norm2): LayerNorm((896,), eps=1e-05, elementwise_affine=True)
      (mlp): MLP(
        (fc1): Linear(in_features=896, out_features=1045, bias=True)
        (act): GELU(approximate='none')
        (fc2): Linear(in_features=1045, out_features=896, bias=True)
        (drop): Dropout(p=0.1, inplace=False)
      )
    )
    (10): Linear(in_features=896, out_features=768, bias=True)
  )
  (decoder): Sequential(
    (0): Block(
      (norm1): LayerNorm((768,), eps=1e-05, elementwise_affine=True)
      (attn): Attention(
        (qkv): Linear(in_features=768, out_features=2304, bias=False)
        (attn_drop): Dropout(p=0.0, inplace=False)
        (proj): Linear(in_features=768, out_features=768, bias=True)
        (proj_drop): Dropout(p=0.1, inplace=False)
      )
      (drop_path): Identity()
      (norm2): LayerNorm((768,), eps=1e-05, elementwise_affine=True)
      (mlp): MLP(
        (fc1): Linear(in_features=768, out_features=658, bias=True)
        (act): GELU(approximate='none')
        (fc2): Linear(in_features=658, out_features=768, bias=True)
        (drop): Dropout(p=0.1, inplace=False)
      )
    )
    (1): Linear(in_features=768, out_features=896, bias=True)
    (2): GELU(approximate='none')
    (3): Block(
      (norm1): LayerNorm((896,), eps=1e-05, elementwise_affine=True)
      (attn): Attention(
        (qkv): Linear(in_features=896, out_features=2688, bias=False)
        (attn_drop): Dropout(p=0.0, inplace=False)
        (proj): Linear(in_features=896, out_features=896, bias=True)
        (proj_drop): Dropout(p=0.1, inplace=False)
      )
      (drop_path): Identity()
      (norm2): LayerNorm((896,), eps=1e-05, elementwise_affine=True)
      (mlp): MLP(
        (fc1): Linear(in_features=896, out_features=784, bias=True)
        (act): GELU(approximate='none')
        (fc2): Linear(in_features=784, out_features=896, bias=True)
        (drop): Dropout(p=0.1, inplace=False)
      )
    )
    (4): Linear(in_features=896, out_features=1024, bias=True)
    (5): GELU(approximate='none')
    (6): Block(
      (norm1): LayerNorm((1024,), eps=1e-05, elementwise_affine=True)
      (attn): Attention(
        (qkv): Linear(in_features=1024, out_features=3072, bias=False)
        (attn_drop): Dropout(p=0.0, inplace=False)
        (proj): Linear(in_features=1024, out_features=1024, bias=True)
        (proj_drop): Dropout(p=0.1, inplace=False)
      )
      (drop_path): Identity()
      (norm2): LayerNorm((1024,), eps=1e-05, elementwise_affine=True)
      (mlp): MLP(
        (fc1): Linear(in_features=1024, out_features=910, bias=True)
        (act): GELU(approximate='none')
        (fc2): Linear(in_features=910, out_features=1024, bias=True)
        (drop): Dropout(p=0.1, inplace=False)
      )
    )
    (7): Linear(in_features=1024, out_features=1152, bias=True)
    (8): GELU(approximate='none')
    (9): Block(
      (norm1): LayerNorm((1152,), eps=1e-05, elementwise_affine=True)
      (attn): Attention(
        (qkv): Linear(in_features=1152, out_features=3456, bias=False)
        (attn_drop): Dropout(p=0.0, inplace=False)
        (proj): Linear(in_features=1152, out_features=1152, bias=True)
        (proj_drop): Dropout(p=0.1, inplace=False)
      )
      (drop_path): Identity()
      (norm2): LayerNorm((1152,), eps=1e-05, elementwise_affine=True)
      (mlp): MLP(
        (fc1): Linear(in_features=1152, out_features=1036, bias=True)
        (act): GELU(approximate='none')
        (fc2): Linear(in_features=1036, out_features=1152, bias=True)
        (drop): Dropout(p=0.1, inplace=False)
      )
    )
    (10): Linear(in_features=1152, out_features=1280, bias=True)
  )
)
INFO:root:VisionTransformer(
  (patch_embed): PatchEmbed(
    (proj): Conv2d(3, 1280, kernel_size=(14, 14), stride=(14, 14))
  )
  (blocks): ModuleList(
    (0-31): 32 x Block(
      (norm1): LayerNorm((1280,), eps=1e-06, elementwise_affine=True)
      (attn): Attention(
        (qkv): Linear(in_features=1280, out_features=3840, bias=True)
        (attn_drop): Dropout(p=0.0, inplace=False)
        (proj): Linear(in_features=1280, out_features=1280, bias=True)
        (proj_drop): Dropout(p=0.0, inplace=False)
      )
      (drop_path): Identity()
      (norm2): LayerNorm((1280,), eps=1e-06, elementwise_affine=True)
      (mlp): MLP(
        (fc1): Linear(in_features=1280, out_features=5120, bias=True)
        (act): GELU(approximate='none')
        (fc2): Linear(in_features=5120, out_features=1280, bias=True)
        (drop): Dropout(p=0.0, inplace=False)
      )
    )
  )
  (norm): LayerNorm((1280,), eps=1e-06, elementwise_affine=True)
)
INFO:root:Autoencoder Training...
INFO:root: - - Epoch: 1 - - 
INFO:faiss.loader:Loading faiss with AVX2 support.
INFO:faiss.loader:Successfully loaded faiss with AVX2 support.
INFO:faiss.loader:Loading faiss with AVX2 support.
INFO:faiss.loader:Successfully loaded faiss with AVX2 support.
INFO:faiss.loader:Loading faiss with AVX2 support.
INFO:faiss.loader:Successfully loaded faiss with AVX2 support.
INFO:faiss.loader:Loading faiss with AVX2 support.
INFO:faiss.loader:Successfully loaded faiss with AVX2 support.
INFO:faiss.loader:Loading faiss with AVX2 support.
INFO:faiss.loader:Successfully loaded faiss with AVX2 support.
INFO:faiss.loader:Loading faiss with AVX2 support.
INFO:faiss.loader:Successfully loaded faiss with AVX2 support.
INFO:faiss.loader:Loading faiss with AVX2 support.
INFO:faiss.loader:Successfully loaded faiss with AVX2 support.
INFO:faiss.loader:Loading faiss with AVX2 support.
INFO:faiss.loader:Successfully loaded faiss with AVX2 support.
INFO:faiss.loader:Loading faiss with AVX2 support.
INFO:faiss.loader:Successfully loaded faiss with AVX2 support.
INFO:faiss.loader:Loading faiss with AVX2 support.
INFO:faiss.loader:Successfully loaded faiss with AVX2 support.
INFO:faiss.loader:Loading faiss with AVX2 support.
INFO:faiss.loader:Successfully loaded faiss with AVX2 support.
INFO:faiss.loader:Loading faiss with AVX2 support.
INFO:faiss.loader:Successfully loaded faiss with AVX2 support.
INFO:faiss.loader:Loading faiss with AVX2 support.
INFO:faiss.loader:Successfully loaded faiss with AVX2 support.
INFO:faiss.loader:Loading faiss with AVX2 support.
INFO:faiss.loader:Successfully loaded faiss with AVX2 support.
INFO:faiss.loader:Loading faiss with AVX2 support.
INFO:faiss.loader:Successfully loaded faiss with AVX2 support.
INFO:faiss.loader:Loading faiss with AVX2 support.
INFO:faiss.loader:Successfully loaded faiss with AVX2 support.
INFO:root:[1,     0/ 2562] - [Autoencoder Training] [Autoencoder Loss: 1.0000] [autoencoder lr: 9.00e-04][mem: 1.48e+04](2435.9 ms)
INFO:root:[1,   100/ 2562] - [Autoencoder Training] [Autoencoder Loss: 0.9997] [autoencoder lr: 9.00e-04][mem: 1.55e+04](645.6 ms)
INFO:root:[1,   200/ 2562] - [Autoencoder Training] [Autoencoder Loss: 0.9996] [autoencoder lr: 9.01e-04][mem: 1.55e+04](636.2 ms)
INFO:root:[1,   300/ 2562] - [Autoencoder Training] [Autoencoder Loss: 0.9995] [autoencoder lr: 9.01e-04][mem: 1.55e+04](634.1 ms)
INFO:root:[1,   400/ 2562] - [Autoencoder Training] [Autoencoder Loss: 0.9992] [autoencoder lr: 9.02e-04][mem: 1.55e+04](633.8 ms)
INFO:root:[1,   500/ 2562] - [Autoencoder Training] [Autoencoder Loss: 0.9987] [autoencoder lr: 9.02e-04][mem: 1.55e+04](632.2 ms)
INFO:root:[1,   600/ 2562] - [Autoencoder Training] [Autoencoder Loss: 0.9980] [autoencoder lr: 9.02e-04][mem: 1.55e+04](632.5 ms)
INFO:root:[1,   700/ 2562] - [Autoencoder Training] [Autoencoder Loss: 0.9968] [autoencoder lr: 9.03e-04][mem: 1.55e+04](631.9 ms)
INFO:root:[1,   800/ 2562] - [Autoencoder Training] [Autoencoder Loss: 0.9951] [autoencoder lr: 9.03e-04][mem: 1.55e+04](632.2 ms)
INFO:root:[1,   900/ 2562] - [Autoencoder Training] [Autoencoder Loss: 0.9931] [autoencoder lr: 9.04e-04][mem: 1.55e+04](631.6 ms)
INFO:root:[1,  1000/ 2562] - [Autoencoder Training] [Autoencoder Loss: 0.9909] [autoencoder lr: 9.04e-04][mem: 1.55e+04](632.1 ms)
INFO:root:[1,  1100/ 2562] - [Autoencoder Training] [Autoencoder Loss: 0.9888] [autoencoder lr: 9.04e-04][mem: 1.55e+04](631.6 ms)
INFO:root:[1,  1200/ 2562] - [Autoencoder Training] [Autoencoder Loss: 0.9866] [autoencoder lr: 9.05e-04][mem: 1.55e+04](631.1 ms)
INFO:root:[1,  1300/ 2562] - [Autoencoder Training] [Autoencoder Loss: 0.9844] [autoencoder lr: 9.05e-04][mem: 1.55e+04](631.8 ms)
INFO:root:[1,  1400/ 2562] - [Autoencoder Training] [Autoencoder Loss: 0.9822] [autoencoder lr: 9.05e-04][mem: 1.55e+04](631.5 ms)
INFO:root:[1,  1500/ 2562] - [Autoencoder Training] [Autoencoder Loss: 0.9799] [autoencoder lr: 9.06e-04][mem: 1.55e+04](631.1 ms)
INFO:root:[1,  1600/ 2562] - [Autoencoder Training] [Autoencoder Loss: 0.9776] [autoencoder lr: 9.06e-04][mem: 1.55e+04](630.9 ms)
INFO:root:[1,  1700/ 2562] - [Autoencoder Training] [Autoencoder Loss: 0.9753] [autoencoder lr: 9.07e-04][mem: 1.55e+04](631.6 ms)
INFO:root:[1,  1800/ 2562] - [Autoencoder Training] [Autoencoder Loss: 0.9729] [autoencoder lr: 9.07e-04][mem: 1.55e+04](631.4 ms)
INFO:root:[1,  1900/ 2562] - [Autoencoder Training] [Autoencoder Loss: 0.9705] [autoencoder lr: 9.07e-04][mem: 1.55e+04](631.2 ms)
INFO:root:[1,  2000/ 2562] - [Autoencoder Training] [Autoencoder Loss: 0.9681] [autoencoder lr: 9.08e-04][mem: 1.55e+04](630.9 ms)
INFO:root:[1,  2100/ 2562] - [Autoencoder Training] [Autoencoder Loss: 0.9655] [autoencoder lr: 9.08e-04][mem: 1.55e+04](630.7 ms)
INFO:root:[1,  2200/ 2562] - [Autoencoder Training] [Autoencoder Loss: 0.9630] [autoencoder lr: 9.09e-04][mem: 1.55e+04](631.4 ms)
INFO:root:[1,  2300/ 2562] - [Autoencoder Training] [Autoencoder Loss: 0.9603] [autoencoder lr: 9.09e-04][mem: 1.55e+04](631.2 ms)
INFO:root:[1,  2400/ 2562] - [Autoencoder Training] [Autoencoder Loss: 0.9576] [autoencoder lr: 9.09e-04][mem: 1.55e+04](631.1 ms)
INFO:root:[1,  2500/ 2562] - [Autoencoder Training] [Autoencoder Loss: 0.9548] [autoencoder lr: 9.10e-04][mem: 1.55e+04](630.9 ms)
INFO:root:Initializing centroids...
INFO:root:Update Step...
/home/rtcalumby/miniconda3/envs/py382/lib/python3.12/site-packages/faiss/contrib/torch_utils.py:51: UserWarning: TypedStorage is deprecated. It will be removed in the future and UntypedStorage will be the only storage class. This should only matter to you if you are using storages directly.  To access UntypedStorage directly, use tensor.untyped_storage() instead of tensor.storage()
  x.storage().data_ptr() + x.storage_offset() * 4)
INFO:root:Epoch 1
INFO:faiss.loader:Loading faiss with AVX2 support.
INFO:faiss.loader:Successfully loaded faiss with AVX2 support.
INFO:faiss.loader:Loading faiss with AVX2 support.
INFO:faiss.loader:Successfully loaded faiss with AVX2 support.
INFO:faiss.loader:Loading faiss with AVX2 support.
INFO:faiss.loader:Successfully loaded faiss with AVX2 support.
INFO:faiss.loader:Loading faiss with AVX2 support.
INFO:faiss.loader:Successfully loaded faiss with AVX2 support.
INFO:faiss.loader:Loading faiss with AVX2 support.
INFO:faiss.loader:Successfully loaded faiss with AVX2 support.
INFO:faiss.loader:Loading faiss with AVX2 support.
INFO:faiss.loader:Successfully loaded faiss with AVX2 support.
INFO:faiss.loader:Loading faiss with AVX2 support.
INFO:faiss.loader:Successfully loaded faiss with AVX2 support.
INFO:faiss.loader:Loading faiss with AVX2 support.
INFO:faiss.loader:Successfully loaded faiss with AVX2 support.
INFO:faiss.loader:Loading faiss with AVX2 support.
INFO:faiss.loader:Successfully loaded faiss with AVX2 support.
INFO:faiss.loader:Loading faiss with AVX2 support.
INFO:faiss.loader:Successfully loaded faiss with AVX2 support.
INFO:faiss.loader:Loading faiss with AVX2 support.
INFO:faiss.loader:Successfully loaded faiss with AVX2 support.
INFO:faiss.loader:Loading faiss with AVX2 support.
INFO:faiss.loader:Successfully loaded faiss with AVX2 support.
INFO:faiss.loader:Loading faiss with AVX2 support.
INFO:faiss.loader:Successfully loaded faiss with AVX2 support.
INFO:faiss.loader:Loading faiss with AVX2 support.
INFO:faiss.loader:Successfully loaded faiss with AVX2 support.
INFO:faiss.loader:Loading faiss with AVX2 support.
INFO:faiss.loader:Successfully loaded faiss with AVX2 support.
INFO:faiss.loader:Loading faiss with AVX2 support.
INFO:faiss.loader:Successfully loaded faiss with AVX2 support.
[rank0]:[W reducer.cpp:1389] Warning: find_unused_parameters=True was specified in DDP constructor, but did not find any unused parameters in the forward pass. This flag results in an extra traversal of the autograd graph every iteration,  which can adversely affect performance. If your model indeed never has any unused parameters in the forward pass, consider turning this flag off. Note that this warning may be a false positive if your model has flow control causing later iterations to have unused parameters. (function operator())
INFO:root:[1,     0/ 2562] - train_losses - Parent Class: 6.9856 - Children class: 8.3719 -Autoencoder Loss (total): 47.3733 - Reconstruction/K-Means Loss: [0.9527 / 46.4206] - Consistency Loss: [0.0000] - VICReg Loss: [0.0000][wd: 5.00e-02] [lr: 8.50e-05] [autoencoder lr: 9.10e-04][mem: 7.18e+04] (2925.3 ms)
INFO:root:[1,     0] grad_stats: [3.99e-07 5.28e-06] (3.81e-13, 9.51e-03)
Process Process-1:
Traceback (most recent call last):
  File "/home/rtcalumby/miniconda3/envs/py382/lib/python3.12/multiprocessing/process.py", line 314, in _bootstrap
    self.run()
  File "/home/rtcalumby/miniconda3/envs/py382/lib/python3.12/multiprocessing/process.py", line 108, in run
    self._target(*self._args, **self._kwargs)
  File "/home/rtcalumby/adam/luciano/LifeCLEFPlant2022/DeepCluster/main_FGDCC.py", line 52, in process_main
    app_main(args=params)
  File "/home/rtcalumby/adam/luciano/LifeCLEFPlant2022/DeepCluster/engine_FGDCC.py", line 705, in main
    (loss, k_means_loss, ae_lr, _new_lr, _new_wd, grad_stats, bottleneck_output), etime = gpu_timer(train_step)
                                                                                          ^^^^^^^^^^^^^^^^^^^^^
  File "/home/rtcalumby/adam/luciano/LifeCLEFPlant2022/DeepCluster/src/utils/logging.py", line 21, in gpu_timer
    result = closure()
             ^^^^^^^^^
  File "/home/rtcalumby/adam/luciano/LifeCLEFPlant2022/DeepCluster/engine_FGDCC.py", line 607, in train_step
    reconstruction_loss, compressed_features, parent_logits, child_logits = fgdcc(imgs, device)
                                                                            ^^^^^^^^^^^^^^^^^^^
  File "/home/rtcalumby/miniconda3/envs/py382/lib/python3.12/site-packages/torch/nn/modules/module.py", line 1532, in _wrapped_call_impl
    return self._call_impl(*args, **kwargs)
           ^^^^^^^^^^^^^^^^^^^^^^^^^^^^^^^^
  File "/home/rtcalumby/miniconda3/envs/py382/lib/python3.12/site-packages/torch/nn/modules/module.py", line 1541, in _call_impl
    return forward_call(*args, **kwargs)
           ^^^^^^^^^^^^^^^^^^^^^^^^^^^^^
  File "/home/rtcalumby/miniconda3/envs/py382/lib/python3.12/site-packages/torch/nn/parallel/distributed.py", line 1593, in forward
    else self._run_ddp_forward(*inputs, **kwargs)
         ^^^^^^^^^^^^^^^^^^^^^^^^^^^^^^^^^^^^^^^^
  File "/home/rtcalumby/miniconda3/envs/py382/lib/python3.12/site-packages/torch/nn/parallel/distributed.py", line 1411, in _run_ddp_forward
    return self.module(*inputs, **kwargs)  # type: ignore[index]
           ^^^^^^^^^^^^^^^^^^^^^^^^^^^^^^
  File "/home/rtcalumby/miniconda3/envs/py382/lib/python3.12/site-packages/torch/nn/modules/module.py", line 1532, in _wrapped_call_impl
    return self._call_impl(*args, **kwargs)
           ^^^^^^^^^^^^^^^^^^^^^^^^^^^^^^^^
  File "/home/rtcalumby/miniconda3/envs/py382/lib/python3.12/site-packages/torch/nn/modules/module.py", line 1541, in _call_impl
    return forward_call(*args, **kwargs)
           ^^^^^^^^^^^^^^^^^^^^^^^^^^^^^
  File "/home/rtcalumby/adam/luciano/LifeCLEFPlant2022/DeepCluster/src/models/FGDCC.py", line 46, in forward
    reconstruction_loss = self.l2_norm(reconstructed_input, subclass_proj_embed)
                          ^^^^^^^^^^^^^^^^^^^^^^^^^^^^^^^^^^^^^^^^^^^^^^^^^^^^^^
  File "/home/rtcalumby/miniconda3/envs/py382/lib/python3.12/site-packages/torch/nn/modules/module.py", line 1532, in _wrapped_call_impl
    return self._call_impl(*args, **kwargs)
           ^^^^^^^^^^^^^^^^^^^^^^^^^^^^^^^^
  File "/home/rtcalumby/miniconda3/envs/py382/lib/python3.12/site-packages/torch/nn/modules/module.py", line 1541, in _call_impl
    return forward_call(*args, **kwargs)
           ^^^^^^^^^^^^^^^^^^^^^^^^^^^^^
  File "/home/rtcalumby/miniconda3/envs/py382/lib/python3.12/site-packages/torch/nn/modules/loss.py", line 535, in forward
    return F.mse_loss(input, target, reduction=self.reduction)
           ^^^^^^^^^^^^^^^^^^^^^^^^^^^^^^^^^^^^^^^^^^^^^^^^^^^
  File "/home/rtcalumby/miniconda3/envs/py382/lib/python3.12/site-packages/torch/nn/functional.py", line 3366, in mse_loss
    return torch._C._nn.mse_loss(expanded_input, expanded_target, _Reduction.get_enum(reduction))
           ^^^^^^^^^^^^^^^^^^^^^^^^^^^^^^^^^^^^^^^^^^^^^^^^^^^^^^^^^^^^^^^^^^^^^^^^^^^^^^^^^^^^^^
torch.cuda.OutOfMemoryError: CUDA out of memory. Tried to allocate 120.00 MiB. GPU 
