INFO:faiss.loader:Loading faiss with AVX2 support.
INFO:faiss.loader:Successfully loaded faiss with AVX2 support.
INFO:faiss.loader:Loading faiss with AVX2 support.
INFO:faiss.loader:Successfully loaded faiss with AVX2 support.
INFO:root:called-params configs/in1k_vith14_ep300_FGDCC.yaml
INFO:root:loaded params...
{   'data': {   'batch_size': 96,
                'color_jitter_strength': 0.0,
                'crop_scale': [0.3, 1.0],
                'crop_size': 224,
                'cutmix': 0.0,
                'drop_path': 0.25,
                'image_folder': '/home/rtcalumby/adam/luciano/plantnet_300K/',
                'mixup': 0.0,
                'nb_classes': 1081,
                'num_workers': 16,
                'pin_mem': True,
                'reprob': 0.25,
                'resume_epoch': 0,
                'root_path': '/home/rtcalumby/adam/luciano/',
                'use_color_distortion': False,
                'use_gaussian_blur': False,
                'use_horizontal_flip': False},
    'logging': {   'folder': '/home/rtcalumby/adam/luciano/LifeCLEFPlant2022/logs/PlantNet300k_exp40',
                   'write_tag': 'jepa'},
    'mask': {   'allow_overlap': False,
                'aspect_ratio': [0.75, 1.5],
                'enc_mask_scale': [0.85, 1.0],
                'min_keep': 10,
                'num_enc_masks': 1,
                'num_pred_masks': 4,
                'patch_size': 14,
                'pred_mask_scale': [0.15, 0.2]},
    'meta': {   'copy_data': False,
                'load_checkpoint': True,
                'model_name': 'vit_huge',
                'pred_depth': 12,
                'pred_emb_dim': 384,
                'read_checkpoint': None,
                'use_bfloat16': True},
    'optimization': {   'ema': [0.9, 0.999],
                        'epochs': 75,
                        'final_lr': 1e-05,
                        'final_weight_decay': 0.4,
                        'ipe_scale': 1.0,
                        'label_smoothing': 0.1,
                        'lr': 0.00025,
                        'start_lr': 8.5e-05,
                        'warmup': 5,
                        'weight_decay': 0.05}}
INFO:root:Running... (rank: 0/1)
INFO:root:Initialized (rank/world-size) 0/1
INFO:root:making imagenet data transforms
INFO:root:making imagenet data transforms
INFO:root:Finetuning dataset created
Training dataset, length: 245952
INFO:root:Finetuning dataset created
Val dataset, length: 31200
INFO:root:Using AdamW
['encoder', 'predictor', 'opt', 'scaler', 'target_encoder', 'epoch', 'loss', 'batch_size', 'world_size', 'lr']
INFO:root:loaded pretrained encoder from epoch 66 with msg: <All keys matched successfully>
INFO:root:VisionTransformerAutoEncoder(
  (encoder): Sequential(
    (0): Linear(in_features=1280, out_features=1024, bias=True)
    (1): GELU(approximate='none')
    (2): Block(
      (norm1): LayerNorm((1024,), eps=1e-05, elementwise_affine=True)
      (attn): Attention(
        (qkv): Linear(in_features=1024, out_features=3072, bias=False)
        (attn_drop): Dropout(p=0.0, inplace=False)
        (proj): Linear(in_features=1024, out_features=1024, bias=True)
        (proj_drop): Dropout(p=0.0, inplace=False)
      )
      (drop_path): Identity()
      (norm2): LayerNorm((1024,), eps=1e-05, elementwise_affine=True)
      (mlp): MLP(
        (fc1): Linear(in_features=1024, out_features=4096, bias=True)
        (act): GELU(approximate='none')
        (fc2): Linear(in_features=4096, out_features=1024, bias=True)
        (drop): Dropout(p=0.0, inplace=False)
      )
    )
    (3): Linear(in_features=1024, out_features=768, bias=True)
  )
  (decoder): Sequential(
    (0): Linear(in_features=768, out_features=1024, bias=True)
    (1): GELU(approximate='none')
    (2): Block(
      (norm1): LayerNorm((1024,), eps=1e-05, elementwise_affine=True)
      (attn): Attention(
        (qkv): Linear(in_features=1024, out_features=3072, bias=False)
        (attn_drop): Dropout(p=0.0, inplace=False)
        (proj): Linear(in_features=1024, out_features=1024, bias=True)
        (proj_drop): Dropout(p=0.0, inplace=False)
      )
      (drop_path): Identity()
      (norm2): LayerNorm((1024,), eps=1e-05, elementwise_affine=True)
      (mlp): MLP(
        (fc1): Linear(in_features=1024, out_features=4096, bias=True)
        (act): GELU(approximate='none')
        (fc2): Linear(in_features=4096, out_features=1024, bias=True)
        (drop): Dropout(p=0.0, inplace=False)
      )
    )
    (3): Linear(in_features=1024, out_features=1280, bias=True)
  )
)
INFO:root:PairedCrossAttentionClassifier(
  (act): GELU(approximate='none')
  (subclass_proj): Sequential(
    (0): Linear(in_features=1280, out_features=1280, bias=True)
    (1): GELU(approximate='none')
  )
  (parent_cross_attention): MultiHeadCrossAttention(
    (query): Linear(in_features=1280, out_features=1280, bias=True)
    (key): Linear(in_features=1280, out_features=1280, bias=True)
    (value): Linear(in_features=1280, out_features=1280, bias=True)
  )
  (subclass_cross_attention): MultiHeadCrossAttention(
    (query): Linear(in_features=1280, out_features=1280, bias=True)
    (key): Linear(in_features=1280, out_features=1280, bias=True)
    (value): Linear(in_features=1280, out_features=1280, bias=True)
  )
  (parent_feature_selection): Linear(in_features=2560, out_features=1280, bias=True)
  (subclass_feature_selection): Linear(in_features=2560, out_features=1280, bias=True)
  (parent_classifier): Linear(in_features=1280, out_features=1081, bias=True)
  (subclass_classifier): Linear(in_features=1280, out_features=4324, bias=True)
  (head_drop): Dropout(p=0.25, inplace=False)
)
INFO:root:Using AdamW
INFO:root:VisionTransformer(
  (patch_embed): PatchEmbed(
    (proj): Conv2d(3, 1280, kernel_size=(14, 14), stride=(14, 14))
  )
  (blocks): ModuleList(
    (0-31): 32 x Block(
      (norm1): LayerNorm((1280,), eps=1e-06, elementwise_affine=True)
      (attn): Attention(
        (qkv): Linear(in_features=1280, out_features=3840, bias=True)
        (attn_drop): Dropout(p=0.0, inplace=False)
        (proj): Linear(in_features=1280, out_features=1280, bias=True)
        (proj_drop): Dropout(p=0.0, inplace=False)
      )
      (drop_path): Identity()
      (norm2): LayerNorm((1280,), eps=1e-06, elementwise_affine=True)
      (mlp): MLP(
        (fc1): Linear(in_features=1280, out_features=5120, bias=True)
        (act): GELU(approximate='none')
        (fc2): Linear(in_features=5120, out_features=1280, bias=True)
        (drop): Dropout(p=0.0, inplace=False)
      )
    )
  )
  (norm): LayerNorm((1280,), eps=1e-06, elementwise_affine=True)
)
INFO:root:Autoencoder Training...
INFO:root: - - Epoch: 1 - - 
INFO:faiss.loader:Loading faiss with AVX2 support.
INFO:faiss.loader:Successfully loaded faiss with AVX2 support.
INFO:faiss.loader:Loading faiss with AVX2 support.
INFO:faiss.loader:Successfully loaded faiss with AVX2 support.
INFO:faiss.loader:Loading faiss with AVX2 support.
INFO:faiss.loader:Successfully loaded faiss with AVX2 support.
INFO:faiss.loader:Loading faiss with AVX2 support.
INFO:faiss.loader:Successfully loaded faiss with AVX2 support.
INFO:faiss.loader:Loading faiss with AVX2 support.
INFO:faiss.loader:Successfully loaded faiss with AVX2 support.
INFO:faiss.loader:Loading faiss with AVX2 support.
INFO:faiss.loader:Successfully loaded faiss with AVX2 support.
INFO:faiss.loader:Loading faiss with AVX2 support.
INFO:faiss.loader:Successfully loaded faiss with AVX2 support.
INFO:faiss.loader:Loading faiss with AVX2 support.
INFO:faiss.loader:Successfully loaded faiss with AVX2 support.
INFO:faiss.loader:Loading faiss with AVX2 support.
INFO:faiss.loader:Successfully loaded faiss with AVX2 support.
INFO:faiss.loader:Loading faiss with AVX2 support.
INFO:faiss.loader:Successfully loaded faiss with AVX2 support.
INFO:faiss.loader:Loading faiss with AVX2 support.
INFO:faiss.loader:Successfully loaded faiss with AVX2 support.
INFO:faiss.loader:Loading faiss with AVX2 support.
INFO:faiss.loader:Successfully loaded faiss with AVX2 support.
INFO:faiss.loader:Loading faiss with AVX2 support.
INFO:faiss.loader:Successfully loaded faiss with AVX2 support.
INFO:faiss.loader:Loading faiss with AVX2 support.
INFO:faiss.loader:Successfully loaded faiss with AVX2 support.
INFO:faiss.loader:Loading faiss with AVX2 support.
INFO:faiss.loader:Successfully loaded faiss with AVX2 support.
INFO:faiss.loader:Loading faiss with AVX2 support.
INFO:faiss.loader:Successfully loaded faiss with AVX2 support.
INFO:root:[1,     0/ 2562] - [Autoencoder Training] [Autoencoder Loss: 2.0098] [autoencoder lr: 7.50e-04][mem: 1.02e+04](2588.4 ms)
INFO:root:[1,   100/ 2562] - [Autoencoder Training] [Autoencoder Loss: 1.0005] [autoencoder lr: 7.50e-04][mem: 1.08e+04](413.2 ms)
INFO:root:[1,   200/ 2562] - [Autoencoder Training] [Autoencoder Loss: 0.7462] [autoencoder lr: 7.50e-04][mem: 1.08e+04](403.5 ms)
INFO:root:[1,   300/ 2562] - [Autoencoder Training] [Autoencoder Loss: 0.6095] [autoencoder lr: 7.50e-04][mem: 1.08e+04](400.5 ms)
INFO:root:[1,   400/ 2562] - [Autoencoder Training] [Autoencoder Loss: 0.5274] [autoencoder lr: 7.50e-04][mem: 1.08e+04](399.0 ms)
INFO:root:[1,   500/ 2562] - [Autoencoder Training] [Autoencoder Loss: 0.4732] [autoencoder lr: 7.50e-04][mem: 1.08e+04](398.4 ms)
INFO:root:[1,   600/ 2562] - [Autoencoder Training] [Autoencoder Loss: 0.4350] [autoencoder lr: 7.50e-04][mem: 1.08e+04](397.8 ms)
INFO:root:[1,   700/ 2562] - [Autoencoder Training] [Autoencoder Loss: 0.4064] [autoencoder lr: 7.50e-04][mem: 1.08e+04](397.3 ms)
INFO:root:[1,   800/ 2562] - [Autoencoder Training] [Autoencoder Loss: 0.3845] [autoencoder lr: 7.50e-04][mem: 1.08e+04](396.9 ms)
INFO:root:[1,   900/ 2562] - [Autoencoder Training] [Autoencoder Loss: 0.3674] [autoencoder lr: 7.50e-04][mem: 1.08e+04](397.0 ms)
INFO:root:[1,  1000/ 2562] - [Autoencoder Training] [Autoencoder Loss: 0.3536] [autoencoder lr: 7.50e-04][mem: 1.08e+04](396.7 ms)
INFO:root:[1,  1100/ 2562] - [Autoencoder Training] [Autoencoder Loss: 0.3422] [autoencoder lr: 7.50e-04][mem: 1.08e+04](396.5 ms)
INFO:root:[1,  1200/ 2562] - [Autoencoder Training] [Autoencoder Loss: 0.3327] [autoencoder lr: 7.50e-04][mem: 1.08e+04](396.4 ms)
INFO:root:[1,  1300/ 2562] - [Autoencoder Training] [Autoencoder Loss: 0.3246] [autoencoder lr: 7.50e-04][mem: 1.08e+04](396.5 ms)
INFO:root:[1,  1400/ 2562] - [Autoencoder Training] [Autoencoder Loss: 0.3176] [autoencoder lr: 7.50e-04][mem: 1.08e+04](396.3 ms)
INFO:root:[1,  1500/ 2562] - [Autoencoder Training] [Autoencoder Loss: 0.3115] [autoencoder lr: 7.50e-04][mem: 1.08e+04](396.1 ms)
INFO:root:[1,  1600/ 2562] - [Autoencoder Training] [Autoencoder Loss: 0.3062] [autoencoder lr: 7.50e-04][mem: 1.08e+04](396.0 ms)
INFO:root:[1,  1700/ 2562] - [Autoencoder Training] [Autoencoder Loss: 0.3015] [autoencoder lr: 7.50e-04][mem: 1.08e+04](395.9 ms)
INFO:root:[1,  1800/ 2562] - [Autoencoder Training] [Autoencoder Loss: 0.2986] [autoencoder lr: 7.50e-04][mem: 1.08e+04](395.8 ms)
INFO:root:[1,  1900/ 2562] - [Autoencoder Training] [Autoencoder Loss: 0.3505] [autoencoder lr: 7.50e-04][mem: 1.08e+04](396.0 ms)
INFO:root:[1,  2000/ 2562] - [Autoencoder Training] [Autoencoder Loss: 0.3949] [autoencoder lr: 7.50e-04][mem: 1.08e+04](395.9 ms)
INFO:root:[1,  2100/ 2562] - [Autoencoder Training] [Autoencoder Loss: 0.4345] [autoencoder lr: 7.50e-04][mem: 1.08e+04](395.8 ms)
INFO:root:[1,  2200/ 2562] - [Autoencoder Training] [Autoencoder Loss: 0.4675] [autoencoder lr: 7.50e-04][mem: 1.08e+04](395.7 ms)
INFO:root:[1,  2300/ 2562] - [Autoencoder Training] [Autoencoder Loss: 0.4960] [autoencoder lr: 7.50e-04][mem: 1.08e+04](395.6 ms)
INFO:root:[1,  2400/ 2562] - [Autoencoder Training] [Autoencoder Loss: 0.5209] [autoencoder lr: 7.50e-04][mem: 1.08e+04](395.6 ms)
INFO:root:[1,  2500/ 2562] - [Autoencoder Training] [Autoencoder Loss: 0.5427] [autoencoder lr: 7.50e-04][mem: 1.08e+04](395.6 ms)
INFO:root: - - Epoch: 2 - - 
INFO:faiss.loader:Loading faiss with AVX2 support.
INFO:faiss.loader:Successfully loaded faiss with AVX2 support.
INFO:faiss.loader:Loading faiss with AVX2 support.
INFO:faiss.loader:Successfully loaded faiss with AVX2 support.
INFO:faiss.loader:Loading faiss with AVX2 support.
INFO:faiss.loader:Successfully loaded faiss with AVX2 support.
INFO:faiss.loader:Loading faiss with AVX2 support.
INFO:faiss.loader:Successfully loaded faiss with AVX2 support.
INFO:faiss.loader:Loading faiss with AVX2 support.
INFO:faiss.loader:Successfully loaded faiss with AVX2 support.
INFO:faiss.loader:Loading faiss with AVX2 support.
INFO:faiss.loader:Successfully loaded faiss with AVX2 support.
INFO:faiss.loader:Loading faiss with AVX2 support.
INFO:faiss.loader:Successfully loaded faiss with AVX2 support.
INFO:faiss.loader:Loading faiss with AVX2 support.
INFO:faiss.loader:Successfully loaded faiss with AVX2 support.
INFO:faiss.loader:Loading faiss with AVX2 support.
INFO:faiss.loader:Successfully loaded faiss with AVX2 support.
INFO:faiss.loader:Loading faiss with AVX2 support.
INFO:faiss.loader:Successfully loaded faiss with AVX2 support.
INFO:faiss.loader:Loading faiss with AVX2 support.
INFO:faiss.loader:Successfully loaded faiss with AVX2 support.
INFO:faiss.loader:Loading faiss with AVX2 support.
INFO:faiss.loader:Successfully loaded faiss with AVX2 support.
INFO:faiss.loader:Loading faiss with AVX2 support.
INFO:faiss.loader:Successfully loaded faiss with AVX2 support.
INFO:faiss.loader:Loading faiss with AVX2 support.
INFO:faiss.loader:Successfully loaded faiss with AVX2 support.
INFO:faiss.loader:Loading faiss with AVX2 support.
INFO:faiss.loader:Successfully loaded faiss with AVX2 support.
INFO:faiss.loader:Loading faiss with AVX2 support.
INFO:faiss.loader:Successfully loaded faiss with AVX2 support.
INFO:root:[2,     0/ 2562] - [Autoencoder Training] [Autoencoder Loss: 0.5552] [autoencoder lr: 7.50e-04][mem: 1.08e+04](395.8 ms)
INFO:root:[2,   100/ 2562] - [Autoencoder Training] [Autoencoder Loss: 0.5736] [autoencoder lr: 7.50e-04][mem: 1.08e+04](395.8 ms)
INFO:root:[2,   200/ 2562] - [Autoencoder Training] [Autoencoder Loss: 0.5897] [autoencoder lr: 7.50e-04][mem: 1.08e+04](395.7 ms)
INFO:root:[2,   300/ 2562] - [Autoencoder Training] [Autoencoder Loss: 0.6030] [autoencoder lr: 7.50e-04][mem: 1.08e+04](395.7 ms)
INFO:root:[2,   400/ 2562] - [Autoencoder Training] [Autoencoder Loss: 0.6146] [autoencoder lr: 7.50e-04][mem: 1.08e+04](395.7 ms)
INFO:root:[2,   500/ 2562] - [Autoencoder Training] [Autoencoder Loss: 0.6250] [autoencoder lr: 7.50e-04][mem: 1.08e+04](395.7 ms)
INFO:root:[2,   600/ 2562] - [Autoencoder Training] [Autoencoder Loss: 0.6358] [autoencoder lr: 7.50e-04][mem: 1.08e+04](395.7 ms)
INFO:root:[2,   700/ 2562] - [Autoencoder Training] [Autoencoder Loss: 0.6445] [autoencoder lr: 7.50e-04][mem: 1.08e+04](396.2 ms)
INFO:root:[2,   800/ 2562] - [Autoencoder Training] [Autoencoder Loss: 0.6522] [autoencoder lr: 7.50e-04][mem: 1.08e+04](396.1 ms)
INFO:root:[2,   900/ 2562] - [Autoencoder Training] [Autoencoder Loss: 0.6590] [autoencoder lr: 7.50e-04][mem: 1.08e+04](396.1 ms)
INFO:root:[2,  1000/ 2562] - [Autoencoder Training] [Autoencoder Loss: 0.6651] [autoencoder lr: 7.50e-04][mem: 1.08e+04](396.1 ms)
INFO:root:[2,  1100/ 2562] - [Autoencoder Training] [Autoencoder Loss: 0.6704] [autoencoder lr: 7.50e-04][mem: 1.08e+04](396.1 ms)
INFO:root:[2,  1200/ 2562] - [Autoencoder Training] [Autoencoder Loss: 0.6749] [autoencoder lr: 7.50e-04][mem: 1.08e+04](396.1 ms)
INFO:root:[2,  1300/ 2562] - [Autoencoder Training] [Autoencoder Loss: 0.6786] [autoencoder lr: 7.50e-04][mem: 1.08e+04](396.1 ms)
INFO:root:[2,  1400/ 2562] - [Autoencoder Training] [Autoencoder Loss: 0.6818] [autoencoder lr: 7.50e-04][mem: 1.08e+04](396.1 ms)
INFO:root:[2,  1500/ 2562] - [Autoencoder Training] [Autoencoder Loss: 0.6843] [autoencoder lr: 7.50e-04][mem: 1.08e+04](396.5 ms)
INFO:root:[2,  1600/ 2562] - [Autoencoder Training] [Autoencoder Loss: 0.6862] [autoencoder lr: 7.50e-04][mem: 1.08e+04](396.5 ms)
INFO:root:[2,  1700/ 2562] - [Autoencoder Training] [Autoencoder Loss: 0.6875] [autoencoder lr: 7.50e-04][mem: 1.08e+04](396.5 ms)
INFO:root:[2,  1800/ 2562] - [Autoencoder Training] [Autoencoder Loss: 0.6882] [autoencoder lr: 7.50e-04][mem: 1.08e+04](396.5 ms)
INFO:root:[2,  1900/ 2562] - [Autoencoder Training] [Autoencoder Loss: 0.6882] [autoencoder lr: 7.50e-04][mem: 1.08e+04](396.5 ms)
INFO:root:[2,  2000/ 2562] - [Autoencoder Training] [Autoencoder Loss: 0.6880] [autoencoder lr: 7.50e-04][mem: 1.08e+04](396.5 ms)
INFO:root:[2,  2100/ 2562] - [Autoencoder Training] [Autoencoder Loss: 0.6871] [autoencoder lr: 7.50e-04][mem: 1.08e+04](396.5 ms)
INFO:root:[2,  2200/ 2562] - [Autoencoder Training] [Autoencoder Loss: 0.6855] [autoencoder lr: 7.50e-04][mem: 1.08e+04](396.5 ms)
INFO:root:[2,  2300/ 2562] - [Autoencoder Training] [Autoencoder Loss: 0.6835] [autoencoder lr: 7.50e-04][mem: 1.08e+04](396.5 ms)
INFO:root:[2,  2400/ 2562] - [Autoencoder Training] [Autoencoder Loss: 0.6812] [autoencoder lr: 7.50e-04][mem: 1.08e+04](396.4 ms)
INFO:root:[2,  2500/ 2562] - [Autoencoder Training] [Autoencoder Loss: 0.6786] [autoencoder lr: 7.50e-04][mem: 1.08e+04](396.9 ms)
INFO:root:Initializing centroids...
INFO:root:Update Step...
/home/rtcalumby/miniconda3/envs/py382/lib/python3.12/site-packages/faiss/contrib/torch_utils.py:51: UserWarning: TypedStorage is deprecated. It will be removed in the future and UntypedStorage will be the only storage class. This should only matter to you if you are using storages directly.  To access UntypedStorage directly, use tensor.untyped_storage() instead of tensor.storage()
  x.storage().data_ptr() + x.storage_offset() * 4)
INFO:root:Epoch 1
INFO:faiss.loader:Loading faiss with AVX2 support.
INFO:faiss.loader:Successfully loaded faiss with AVX2 support.
INFO:faiss.loader:Loading faiss with AVX2 support.
INFO:faiss.loader:Successfully loaded faiss with AVX2 support.
INFO:faiss.loader:Loading faiss with AVX2 support.
INFO:faiss.loader:Successfully loaded faiss with AVX2 support.
INFO:faiss.loader:Loading faiss with AVX2 support.
INFO:faiss.loader:Successfully loaded faiss with AVX2 support.
INFO:faiss.loader:Loading faiss with AVX2 support.
INFO:faiss.loader:Successfully loaded faiss with AVX2 support.
INFO:faiss.loader:Loading faiss with AVX2 support.
INFO:faiss.loader:Successfully loaded faiss with AVX2 support.
INFO:faiss.loader:Loading faiss with AVX2 support.
INFO:faiss.loader:Successfully loaded faiss with AVX2 support.
INFO:faiss.loader:Loading faiss with AVX2 support.
INFO:faiss.loader:Successfully loaded faiss with AVX2 support.
INFO:faiss.loader:Loading faiss with AVX2 support.
INFO:faiss.loader:Successfully loaded faiss with AVX2 support.
INFO:faiss.loader:Loading faiss with AVX2 support.
INFO:faiss.loader:Successfully loaded faiss with AVX2 support.
INFO:faiss.loader:Loading faiss with AVX2 support.
INFO:faiss.loader:Successfully loaded faiss with AVX2 support.
INFO:faiss.loader:Loading faiss with AVX2 support.
INFO:faiss.loader:Successfully loaded faiss with AVX2 support.
INFO:faiss.loader:Loading faiss with AVX2 support.
INFO:faiss.loader:Successfully loaded faiss with AVX2 support.
INFO:faiss.loader:Loading faiss with AVX2 support.
INFO:faiss.loader:Successfully loaded faiss with AVX2 support.
INFO:faiss.loader:Loading faiss with AVX2 support.
INFO:faiss.loader:Successfully loaded faiss with AVX2 support.
INFO:faiss.loader:Loading faiss with AVX2 support.
INFO:faiss.loader:Successfully loaded faiss with AVX2 support.
INFO:root:[1,     0/ 2562] - train_losses - Parent Class: 6.9856 - Children class: 8.3719 -Autoencoder Loss (total): 15.6927 - Reconstruction/K-Means Loss: [0.6769 / 15.0158] - Consistency Loss: [0.0000] - VICReg Loss: [0.0000][wd: 5.00e-02] [lr: 8.50e-05] [autoencoder lr: 7.50e-04][mem: 6.56e+04] (2643.3 ms)
INFO:root:[1,     0] grad_stats: [3.06e-07 4.94e-06] (3.65e-13, 8.88e-03)
INFO:root:[1,    50/ 2562] - train_losses - Parent Class: 6.0264 - Children class: 6.6059 -Autoencoder Loss (total): 427.9857 - Reconstruction/K-Means Loss: [0.6763 / 427.3094] - Consistency Loss: [0.0000] - VICReg Loss: [0.0000][wd: 5.00e-02] [lr: 8.57e-05] [autoencoder lr: 7.50e-04][mem: 7.07e+04] (1671.5 ms)
INFO:root:[1,    50] grad_stats: [8.16e-04 2.60e-02] (1.16e-09, 5.06e+00)
INFO:root:[1,   100/ 2562] - train_losses - Parent Class: 5.8764 - Children class: 6.3116 -Autoencoder Loss (total): 447.8777 - Reconstruction/K-Means Loss: [0.6705 / 447.2072] - Consistency Loss: [0.0000] - VICReg Loss: [0.0000][wd: 5.00e-02] [lr: 8.63e-05] [autoencoder lr: 7.50e-04][mem: 7.07e+04] (1683.9 ms)
INFO:root:[1,   100] grad_stats: [6.10e-04 2.77e-02] (4.09e-10, 4.30e+00)
INFO:root:[1,   150/ 2562] - train_losses - Parent Class: 5.8080 - Children class: 6.1888 -Autoencoder Loss (total): 456.5480 - Reconstruction/K-Means Loss: [0.6643 / 455.8837] - Consistency Loss: [0.0000] - VICReg Loss: [0.0000][wd: 5.00e-02] [lr: 8.69e-05] [autoencoder lr: 7.50e-04][mem: 7.07e+04] (1671.7 ms)
INFO:root:[1,   150] grad_stats: [1.23e-03 3.32e-02] (4.95e-10, 4.27e+00)
INFO:root:[1,   200/ 2562] - train_losses - Parent Class: 5.7805 - Children class: 6.1338 -Autoencoder Loss (total): 462.1817 - Reconstruction/K-Means Loss: [0.6583 / 461.5234] - Consistency Loss: [0.0000] - VICReg Loss: [0.0000][wd: 5.00e-02] [lr: 8.76e-05] [autoencoder lr: 7.50e-04][mem: 7.07e+04] (1667.3 ms)
INFO:root:[1,   200] grad_stats: [1.62e-03 3.58e-02] (2.93e-10, 3.71e+00)
INFO:root:[1,   250/ 2562] - train_losses - Parent Class: 5.7576 - Children class: 6.0921 -Autoencoder Loss (total): 465.9901 - Reconstruction/K-Means Loss: [0.6523 / 465.3378] - Consistency Loss: [0.0000] - VICReg Loss: [0.0000][wd: 5.00e-02] [lr: 8.82e-05] [autoencoder lr: 7.50e-04][mem: 7.07e+04] (1682.9 ms)
INFO:root:[1,   250] grad_stats: [3.78e-03 2.83e-02] (3.41e-10, 3.58e+00)
INFO:root:[1,   300/ 2562] - train_losses - Parent Class: 5.7423 - Children class: 6.0652 -Autoencoder Loss (total): 468.4980 - Reconstruction/K-Means Loss: [0.6464 / 467.8516] - Consistency Loss: [0.0000] - VICReg Loss: [0.0000][wd: 5.00e-02] [lr: 8.89e-05] [autoencoder lr: 7.50e-04][mem: 7.07e+04] (1681.5 ms)
INFO:root:[1,   300] grad_stats: [2.92e-02 3.54e-02] (1.18e-09, 3.91e+00)
INFO:root:[1,   350/ 2562] - train_losses - Parent Class: 5.7359 - Children class: 6.0501 -Autoencoder Loss (total): 470.1394 - Reconstruction/K-Means Loss: [0.6407 / 469.4987] - Consistency Loss: [0.0000] - VICReg Loss: [0.0000][wd: 5.00e-02] [lr: 8.95e-05] [autoencoder lr: 7.50e-04][mem: 7.07e+04] (1681.6 ms)
INFO:root:[1,   350] grad_stats: [2.12e-02 4.69e-03] (1.12e-08, 3.52e+00)
INFO:root:[1,   400/ 2562] - train_losses - Parent Class: 5.7329 - Children class: 6.0411 -Autoencoder Loss (total): 471.9169 - Reconstruction/K-Means Loss: [0.6353 / 471.2816] - Consistency Loss: [0.0000] - VICReg Loss: [0.0000][wd: 5.00e-02] [lr: 9.02e-05] [autoencoder lr: 7.50e-04][mem: 7.07e+04] (1682.1 ms)
INFO:root:[1,   400] grad_stats: [2.65e-02 2.73e-02] (7.11e-09, 3.78e+00)
INFO:root:[1,   450/ 2562] - train_losses - Parent Class: 5.7271 - Children class: 6.0308 -Autoencoder Loss (total): 472.8647 - Reconstruction/K-Means Loss: [0.6300 / 472.2347] - Consistency Loss: [0.0000] - VICReg Loss: [0.0000][wd: 5.00e-02] [lr: 9.08e-05] [autoencoder lr: 7.50e-04][mem: 7.07e+04] (1695.6 ms)
INFO:root:[1,   450] grad_stats: [4.10e-02 2.61e-02] (9.72e-09, 3.19e+00)
INFO:root:[1,   500/ 2562] - train_losses - Parent Class: 5.7237 - Children class: 6.0238 -Autoencoder Loss (total): 473.8226 - Reconstruction/K-Means Loss: [0.6248 / 473.1978] - Consistency Loss: [0.0000] - VICReg Loss: [0.0000][wd: 5.00e-02] [lr: 9.15e-05] [autoencoder lr: 7.50e-04][mem: 7.07e+04] (1696.7 ms)
INFO:root:[1,   500] grad_stats: [3.24e-02 1.77e-02] (6.62e-09, 3.63e+00)
INFO:root:[1,   550/ 2562] - train_losses - Parent Class: 5.7222 - Children class: 6.0221 -Autoencoder Loss (total): 474.8401 - Reconstruction/K-Means Loss: [0.6201 / 474.2200] - Consistency Loss: [0.0000] - VICReg Loss: [0.0000][wd: 5.00e-02] [lr: 9.21e-05] [autoencoder lr: 7.50e-04][mem: 7.07e+04] (1698.5 ms)
INFO:root:[1,   550] grad_stats: [2.18e-02 1.50e-02] (1.63e-06, 3.23e+00)
INFO:root:[1,   600/ 2562] - train_losses - Parent Class: 5.7156 - Children class: 6.0137 -Autoencoder Loss (total): 475.4787 - Reconstruction/K-Means Loss: [0.6153 / 474.8634] - Consistency Loss: [0.0000] - VICReg Loss: [0.0000][wd: 5.00e-02] [lr: 9.27e-05] [autoencoder lr: 7.50e-04][mem: 7.07e+04] (1701.0 ms)
INFO:root:[1,   600] grad_stats: [1.85e-01 1.91e-02] (9.76e-06, 3.45e+00)
INFO:root:[1,   650/ 2562] - train_losses - Parent Class: 5.7068 - Children class: 6.0027 -Autoencoder Loss (total): 476.0868 - Reconstruction/K-Means Loss: [0.6124 / 475.4744] - Consistency Loss: [0.0000] - VICReg Loss: [0.0000][wd: 5.00e-02] [lr: 9.34e-05] [autoencoder lr: 7.50e-04][mem: 7.07e+04] (1714.2 ms)
INFO:root:[1,   650] grad_stats: [2.57e-01 2.84e-02] (2.90e-05, 3.77e+00)
INFO:root:[1,   700/ 2562] - train_losses - Parent Class: 5.7009 - Children class: 5.9951 -Autoencoder Loss (total): 476.6253 - Reconstruction/K-Means Loss: [0.6084 / 476.0169] - Consistency Loss: [0.0000] - VICReg Loss: [0.0000][wd: 5.00e-02] [lr: 9.40e-05] [autoencoder lr: 7.50e-04][mem: 7.07e+04] (1716.8 ms)
INFO:root:[1,   700] grad_stats: [1.59e-01 3.07e-02] (3.30e-05, 3.99e+00)
INFO:root:[1,   750/ 2562] - train_losses - Parent Class: 5.6916 - Children class: 5.9839 -Autoencoder Loss (total): 477.2377 - Reconstruction/K-Means Loss: [0.6041 / 476.6336] - Consistency Loss: [0.0000] - VICReg Loss: [0.0000][wd: 5.00e-02] [lr: 9.47e-05] [autoencoder lr: 7.50e-04][mem: 7.07e+04] (1719.5 ms)
INFO:root:[1,   750] grad_stats: [4.37e-01 5.27e-02] (2.15e-04, 3.78e+00)
INFO:root:[1,   800/ 2562] - train_losses - Parent Class: 5.6846 - Children class: 5.9749 -Autoencoder Loss (total): 477.6120 - Reconstruction/K-Means Loss: [0.5998 / 477.0122] - Consistency Loss: [0.0000] - VICReg Loss: [0.0000][wd: 5.00e-02] [lr: 9.53e-05] [autoencoder lr: 7.50e-04][mem: 7.07e+04] (1721.8 ms)
INFO:root:[1,   800] grad_stats: [2.09e-01 1.42e-02] (1.92e-05, 3.69e+00)
INFO:root:[1,   850/ 2562] - train_losses - Parent Class: 5.6774 - Children class: 5.9659 -Autoencoder Loss (total): 477.9653 - Reconstruction/K-Means Loss: [0.5956 / 477.3697] - Consistency Loss: [0.0000] - VICReg Loss: [0.0000][wd: 5.00e-02] [lr: 9.60e-05] [autoencoder lr: 7.50e-04][mem: 7.07e+04] (1724.0 ms)
INFO:root:[1,   850] grad_stats: [1.97e-01 1.26e-02] (6.04e-06, 3.74e+00)
INFO:root:[1,   900/ 2562] - train_losses - Parent Class: 5.6699 - Children class: 5.9569 -Autoencoder Loss (total): 478.1660 - Reconstruction/K-Means Loss: [0.5915 / 477.5745] - Consistency Loss: [0.0000] - VICReg Loss: [0.0000][wd: 5.00e-02] [lr: 9.66e-05] [autoencoder lr: 7.50e-04][mem: 7.07e+04] (1735.4 ms)
INFO:root:[1,   900] grad_stats: [3.14e-01 2.45e-02] (2.24e-05, 4.05e+00)
INFO:root:[1,   950/ 2562] - train_losses - Parent Class: 5.6628 - Children class: 5.9483 -Autoencoder Loss (total): 478.4513 - Reconstruction/K-Means Loss: [0.5875 / 477.8637] - Consistency Loss: [0.0000] - VICReg Loss: [0.0000][wd: 5.00e-02] [lr: 9.72e-05] [autoencoder lr: 7.50e-04][mem: 7.07e+04] (1738.4 ms)
INFO:root:[1,   950] grad_stats: [4.45e-01 5.01e-02] (1.68e-05, 3.56e+00)
INFO:root:[1,  1000/ 2562] - train_losses - Parent Class: 5.6549 - Children class: 5.9389 -Autoencoder Loss (total): 478.7212 - Reconstruction/K-Means Loss: [0.5837 / 478.1374] - Consistency Loss: [0.0000] - VICReg Loss: [0.0000][wd: 5.00e-02] [lr: 9.79e-05] [autoencoder lr: 7.50e-04][mem: 7.07e+04] (1740.7 ms)
INFO:root:[1,  1000] grad_stats: [3.33e-01 4.28e-02] (1.03e-05, 3.36e+00)
INFO:root:[1,  1050/ 2562] - train_losses - Parent Class: 5.6492 - Children class: 5.9321 -Autoencoder Loss (total): 478.9293 - Reconstruction/K-Means Loss: [0.5799 / 478.3494] - Consistency Loss: [0.0000] - VICReg Loss: [0.0000][wd: 5.00e-02] [lr: 9.85e-05] [autoencoder lr: 7.50e-04][mem: 7.07e+04] (1743.6 ms)
INFO:root:[1,  1050] grad_stats: [2.44e-01 1.37e-02] (8.21e-06, 3.46e+00)
INFO:root:[1,  1100/ 2562] - train_losses - Parent Class: 5.6427 - Children class: 5.9249 -Autoencoder Loss (total): 479.3071 - Reconstruction/K-Means Loss: [0.5761 / 478.7309] - Consistency Loss: [0.0000] - VICReg Loss: [0.0000][wd: 5.00e-02] [lr: 9.92e-05] [autoencoder lr: 7.50e-04][mem: 7.07e+04] (1746.9 ms)
INFO:root:[1,  1100] grad_stats: [3.88e-01 2.93e-02] (3.71e-05, 3.63e+00)
INFO:root:[1,  1150/ 2562] - train_losses - Parent Class: 5.6364 - Children class: 5.9182 -Autoencoder Loss (total): 479.5337 - Reconstruction/K-Means Loss: [0.5725 / 478.9613] - Consistency Loss: [0.0000] - VICReg Loss: [0.0000][wd: 5.00e-02] [lr: 9.98e-05] [autoencoder lr: 7.50e-04][mem: 7.07e+04] (1750.2 ms)
INFO:root:[1,  1150] grad_stats: [6.36e-01 6.50e-02] (1.35e-05, 3.95e+00)
INFO:root:[1,  1200/ 2562] - train_losses - Parent Class: 5.6288 - Children class: 5.9102 -Autoencoder Loss (total): 479.7892 - Reconstruction/K-Means Loss: [0.5704 / 479.2188] - Consistency Loss: [0.0000] - VICReg Loss: [0.0000][wd: 5.00e-02] [lr: 1.00e-04] [autoencoder lr: 7.50e-04][mem: 7.07e+04] (1753.5 ms)
INFO:root:[1,  1200] grad_stats: [3.99e-01 2.87e-02] (2.47e-04, 4.07e+00)
INFO:root:[1,  1250/ 2562] - train_losses - Parent Class: 5.6202 - Children class: 5.9007 -Autoencoder Loss (total): 479.9583 - Reconstruction/K-Means Loss: [0.5683 / 479.3900] - Consistency Loss: [0.0000] - VICReg Loss: [0.0000][wd: 5.00e-02] [lr: 1.01e-04] [autoencoder lr: 7.50e-04][mem: 7.07e+04] (1764.8 ms)
INFO:root:[1,  1250] grad_stats: [3.84e-01 3.25e-02] (1.10e-04, 4.04e+00)
INFO:root:[1,  1300/ 2562] - train_losses - Parent Class: 5.6105 - Children class: 5.8900 -Autoencoder Loss (total): 480.2009 - Reconstruction/K-Means Loss: [0.5659 / 479.6350] - Consistency Loss: [0.0000] - VICReg Loss: [0.0000][wd: 5.00e-02] [lr: 1.02e-04] [autoencoder lr: 7.50e-04][mem: 7.07e+04] (1768.6 ms)
INFO:root:[1,  1300] grad_stats: [5.36e-01 2.77e-02] (5.22e-05, 3.80e+00)
INFO:root:[1,  1350/ 2562] - train_losses - Parent Class: 5.5997 - Children class: 5.8783 -Autoencoder Loss (total): 480.3720 - Reconstruction/K-Means Loss: [0.5640 / 479.8080] - Consistency Loss: [0.0000] - VICReg Loss: [0.0000][wd: 5.00e-02] [lr: 1.02e-04] [autoencoder lr: 7.50e-04][mem: 7.07e+04] (1772.1 ms)
INFO:root:[1,  1350] grad_stats: [3.03e-01 3.82e-02] (1.19e-04, 4.32e+00)
INFO:root:[1,  1400/ 2562] - train_losses - Parent Class: 5.5900 - Children class: 5.8679 -Autoencoder Loss (total): 480.7103 - Reconstruction/K-Means Loss: [0.5628 / 480.1475] - Consistency Loss: [0.0000] - VICReg Loss: [0.0000][wd: 5.00e-02] [lr: 1.03e-04] [autoencoder lr: 7.50e-04][mem: 7.07e+04] (1776.0 ms)
INFO:root:[1,  1400] grad_stats: [3.85e-01 9.05e-02] (1.87e-04, 4.31e+00)
INFO:root:[1,  1450/ 2562] - train_losses - Parent Class: 5.5786 - Children class: 5.8555 -Autoencoder Loss (total): 480.9830 - Reconstruction/K-Means Loss: [0.5619 / 480.4211] - Consistency Loss: [0.0000] - VICReg Loss: [0.0000][wd: 5.00e-02] [lr: 1.04e-04] [autoencoder lr: 7.50e-04][mem: 7.07e+04] (1780.1 ms)
INFO:root:[1,  1450] grad_stats: [4.88e-01 4.81e-02] (2.41e-04, 3.97e+00)
INFO:root:[1,  1500/ 2562] - train_losses - Parent Class: 5.5670 - Children class: 5.8431 -Autoencoder Loss (total): 481.2401 - Reconstruction/K-Means Loss: [0.5610 / 480.6792] - Consistency Loss: [0.0000] - VICReg Loss: [0.0000][wd: 5.01e-02] [lr: 1.04e-04] [autoencoder lr: 7.50e-04][mem: 7.07e+04] (1784.4 ms)
INFO:root:[1,  1500] grad_stats: [5.66e-01 7.76e-02] (4.32e-04, 3.74e+00)
INFO:root:[1,  1550/ 2562] - train_losses - Parent Class: 5.5575 - Children class: 5.8331 -Autoencoder Loss (total): 481.4350 - Reconstruction/K-Means Loss: [0.5601 / 480.8750] - Consistency Loss: [0.0000] - VICReg Loss: [0.0000][wd: 5.01e-02] [lr: 1.05e-04] [autoencoder lr: 7.50e-04][mem: 7.07e+04] (1788.5 ms)
INFO:root:[1,  1550] grad_stats: [4.10e-01 3.68e-02] (3.44e-04, 4.02e+00)
INFO:root:[1,  1600/ 2562] - train_losses - Parent Class: 5.5473 - Children class: 5.8227 -Autoencoder Loss (total): 481.5269 - Reconstruction/K-Means Loss: [0.5592 / 480.9677] - Consistency Loss: [0.0000] - VICReg Loss: [0.0000][wd: 5.01e-02] [lr: 1.06e-04] [autoencoder lr: 7.50e-04][mem: 7.07e+04] (1800.1 ms)
INFO:root:[1,  1600] grad_stats: [4.79e-01 3.64e-02] (1.08e-03, 4.18e+00)
INFO:root:[1,  1650/ 2562] - train_losses - Parent Class: 5.5372 - Children class: 5.8121 -Autoencoder Loss (total): 481.6512 - Reconstruction/K-Means Loss: [0.5581 / 481.0931] - Consistency Loss: [0.0000] - VICReg Loss: [0.0000][wd: 5.01e-02] [lr: 1.06e-04] [autoencoder lr: 7.50e-04][mem: 7.07e+04] (1804.4 ms)
INFO:root:[1,  1650] grad_stats: [4.70e-01 4.78e-02] (6.14e-04, 4.32e+00)
INFO:root:[1,  1700/ 2562] - train_losses - Parent Class: 5.5280 - Children class: 5.8026 -Autoencoder Loss (total): 481.7254 - Reconstruction/K-Means Loss: [0.5567 / 481.1687] - Consistency Loss: [0.0000] - VICReg Loss: [0.0000][wd: 5.01e-02] [lr: 1.07e-04] [autoencoder lr: 7.50e-04][mem: 7.07e+04] (1808.4 ms)
INFO:root:[1,  1700] grad_stats: [4.93e-01 4.14e-02] (6.65e-04, 4.09e+00)
INFO:root:[1,  1750/ 2562] - train_losses - Parent Class: 5.5183 - Children class: 5.7924 -Autoencoder Loss (total): 481.8833 - Reconstruction/K-Means Loss: [0.5548 / 481.3285] - Consistency Loss: [0.0000] - VICReg Loss: [0.0000][wd: 5.01e-02] [lr: 1.08e-04] [autoencoder lr: 7.50e-04][mem: 7.07e+04] (1812.6 ms)
INFO:root:[1,  1750] grad_stats: [4.31e-01 4.63e-02] (1.38e-03, 4.38e+00)
INFO:root:[1,  1800/ 2562] - train_losses - Parent Class: 5.5087 - Children class: 5.7825 -Autoencoder Loss (total): 481.9393 - Reconstruction/K-Means Loss: [0.5531 / 481.3861] - Consistency Loss: [0.0000] - VICReg Loss: [0.0000][wd: 5.01e-02] [lr: 1.08e-04] [autoencoder lr: 7.50e-04][mem: 7.07e+04] (1817.0 ms)
INFO:root:[1,  1800] grad_stats: [4.50e-01 4.88e-02] (6.03e-04, 4.12e+00)
INFO:root:[1,  1850/ 2562] - train_losses - Parent Class: 5.4991 - Children class: 5.7725 -Autoencoder Loss (total): 482.0350 - Reconstruction/K-Means Loss: [0.5518 / 481.4832] - Consistency Loss: [0.0000] - VICReg Loss: [0.0000][wd: 5.01e-02] [lr: 1.09e-04] [autoencoder lr: 7.50e-04][mem: 7.07e+04] (1821.0 ms)
INFO:root:[1,  1850] grad_stats: [5.91e-01 7.69e-02] (3.14e-04, 4.32e+00)
INFO:root:[1,  1900/ 2562] - train_losses - Parent Class: 5.4902 - Children class: 5.7631 -Autoencoder Loss (total): 482.1378 - Reconstruction/K-Means Loss: [0.5503 / 481.5874] - Consistency Loss: [0.0000] - VICReg Loss: [0.0000][wd: 5.01e-02] [lr: 1.09e-04] [autoencoder lr: 7.50e-04][mem: 7.07e+04] (1825.6 ms)
INFO:root:[1,  1900] grad_stats: [4.45e-01 7.61e-02] (2.69e-04, 3.79e+00)
INFO:root:[1,  1950/ 2562] - train_losses - Parent Class: 5.4813 - Children class: 5.7539 -Autoencoder Loss (total): 482.1942 - Reconstruction/K-Means Loss: [0.5490 / 481.6452] - Consistency Loss: [0.0000] - VICReg Loss: [0.0000][wd: 5.01e-02] [lr: 1.10e-04] [autoencoder lr: 7.50e-04][mem: 7.07e+04] (1830.0 ms)
INFO:root:[1,  1950] grad_stats: [3.58e-01 4.53e-02] (6.14e-03, 3.65e+00)
INFO:root:[1,  2000/ 2562] - train_losses - Parent Class: 5.4729 - Children class: 5.7451 -Autoencoder Loss (total): 482.2682 - Reconstruction/K-Means Loss: [0.5475 / 481.7207] - Consistency Loss: [0.0000] - VICReg Loss: [0.0000][wd: 5.01e-02] [lr: 1.11e-04] [autoencoder lr: 7.50e-04][mem: 7.07e+04] (1834.5 ms)
INFO:root:[1,  2000] grad_stats: [6.40e-01 7.12e-02] (1.87e-03, 3.54e+00)
INFO:root:[1,  2050/ 2562] - train_losses - Parent Class: 5.4640 - Children class: 5.7368 -Autoencoder Loss (total): 482.3577 - Reconstruction/K-Means Loss: [0.5460 / 481.8117] - Consistency Loss: [0.0000] - VICReg Loss: [0.0000][wd: 5.01e-02] [lr: 1.11e-04] [autoencoder lr: 7.50e-04][mem: 7.07e+04] (1839.0 ms)
INFO:root:[1,  2050] grad_stats: [5.63e-01 5.58e-02] (4.61e-04, 4.07e+00)
INFO:root:[1,  2100/ 2562] - train_losses - Parent Class: 5.4552 - Children class: 5.7279 -Autoencoder Loss (total): 482.4239 - Reconstruction/K-Means Loss: [0.5444 / 481.8795] - Consistency Loss: [0.0000] - VICReg Loss: [0.0000][wd: 5.01e-02] [lr: 1.12e-04] [autoencoder lr: 7.50e-04][mem: 7.07e+04] (1850.7 ms)
INFO:root:[1,  2100] grad_stats: [4.85e-01 8.06e-02] (1.46e-03, 3.86e+00)
INFO:root:[1,  2150/ 2562] - train_losses - Parent Class: 5.4470 - Children class: 5.7196 -Autoencoder Loss (total): 482.4905 - Reconstruction/K-Means Loss: [0.5431 / 481.9474] - Consistency Loss: [0.0000] - VICReg Loss: [0.0000][wd: 5.01e-02] [lr: 1.13e-04] [autoencoder lr: 7.50e-04][mem: 7.07e+04] (1855.3 ms)
INFO:root:[1,  2150] grad_stats: [5.49e-01 1.29e-01] (7.23e-04, 3.61e+00)
INFO:root:[1,  2200/ 2562] - train_losses - Parent Class: 5.4394 - Children class: 5.7119 -Autoencoder Loss (total): 482.6186 - Reconstruction/K-Means Loss: [0.5416 / 482.0769] - Consistency Loss: [0.0000] - VICReg Loss: [0.0000][wd: 5.01e-02] [lr: 1.13e-04] [autoencoder lr: 7.50e-04][mem: 7.07e+04] (1860.1 ms)
INFO:root:[1,  2200] grad_stats: [4.50e-01 6.75e-02] (7.11e-04, 3.68e+00)
INFO:root:[1,  2250/ 2562] - train_losses - Parent Class: 5.4314 - Children class: 5.7036 -Autoencoder Loss (total): 482.6863 - Reconstruction/K-Means Loss: [0.5404 / 482.1459] - Consistency Loss: [0.0000] - VICReg Loss: [0.0000][wd: 5.01e-02] [lr: 1.14e-04] [autoencoder lr: 7.50e-04][mem: 7.07e+04] (1864.6 ms)
INFO:root:[1,  2250] grad_stats: [5.91e-01 7.13e-02] (1.45e-03, 4.25e+00)
INFO:root:[1,  2300/ 2562] - train_losses - Parent Class: 5.4236 - Children class: 5.6955 -Autoencoder Loss (total): 482.7427 - Reconstruction/K-Means Loss: [0.5391 / 482.2036] - Consistency Loss: [0.0000] - VICReg Loss: [0.0000][wd: 5.01e-02] [lr: 1.15e-04] [autoencoder lr: 7.50e-04][mem: 7.07e+04] (1869.3 ms)
INFO:root:[1,  2300] grad_stats: [4.49e-01 7.34e-02] (4.98e-04, 3.88e+00)
INFO:root:[1,  2350/ 2562] - train_losses - Parent Class: 5.4159 - Children class: 5.6875 -Autoencoder Loss (total): 482.7905 - Reconstruction/K-Means Loss: [0.5380 / 482.2524] - Consistency Loss: [0.0000] - VICReg Loss: [0.0000][wd: 5.01e-02] [lr: 1.15e-04] [autoencoder lr: 7.50e-04][mem: 7.07e+04] (1873.8 ms)
INFO:root:[1,  2350] grad_stats: [5.92e-01 8.98e-02] (1.27e-03, 4.00e+00)
INFO:root:[1,  2400/ 2562] - train_losses - Parent Class: 5.4095 - Children class: 5.6807 -Autoencoder Loss (total): 482.8425 - Reconstruction/K-Means Loss: [0.5370 / 482.3055] - Consistency Loss: [0.0000] - VICReg Loss: [0.0000][wd: 5.01e-02] [lr: 1.16e-04] [autoencoder lr: 7.50e-04][mem: 7.07e+04] (1878.2 ms)
INFO:root:[1,  2400] grad_stats: [4.96e-01 7.60e-02] (2.24e-03, 3.66e+00)
INFO:root:[1,  2450/ 2562] - train_losses - Parent Class: 5.4021 - Children class: 5.6734 -Autoencoder Loss (total): 482.8982 - Reconstruction/K-Means Loss: [0.5357 / 482.3625] - Consistency Loss: [0.0000] - VICReg Loss: [0.0000][wd: 5.01e-02] [lr: 1.17e-04] [autoencoder lr: 7.50e-04][mem: 7.07e+04] (1883.0 ms)
INFO:root:[1,  2450] grad_stats: [3.98e-01 7.04e-02] (3.87e-04, 3.30e+00)
INFO:root:[1,  2500/ 2562] - train_losses - Parent Class: 5.3940 - Children class: 5.6654 -Autoencoder Loss (total): 483.0281 - Reconstruction/K-Means Loss: [0.5344 / 482.4937] - Consistency Loss: [0.0000] - VICReg Loss: [0.0000][wd: 5.01e-02] [lr: 1.17e-04] [autoencoder lr: 7.50e-04][mem: 7.07e+04] (1887.8 ms)
INFO:root:[1,  2500] grad_stats: [5.24e-01 1.38e-01] (1.60e-03, 3.77e+00)
INFO:root:[1,  2550/ 2562] - train_losses - Parent Class: 5.3870 - Children class: 5.6588 -Autoencoder Loss (total): 483.1206 - Reconstruction/K-Means Loss: [0.5333 / 482.5873] - Consistency Loss: [0.0000] - VICReg Loss: [0.0000][wd: 5.02e-02] [lr: 1.18e-04] [autoencoder lr: 7.50e-04][mem: 7.07e+04] (1892.6 ms)
INFO:root:[1,  2550] grad_stats: [4.86e-01 9.94e-02] (4.13e-03, 3.32e+00)
INFO:root:Autoencoder Training...
INFO:root: - - Epoch: 4 - - 
INFO:faiss.loader:Loading faiss with AVX2 support.
INFO:faiss.loader:Successfully loaded faiss with AVX2 support.
INFO:faiss.loader:Loading faiss with AVX2 support.
INFO:faiss.loader:Successfully loaded faiss with AVX2 support.
INFO:faiss.loader:Loading faiss with AVX2 support.
INFO:faiss.loader:Successfully loaded faiss with AVX2 support.
INFO:faiss.loader:Loading faiss with AVX2 support.
INFO:faiss.loader:Successfully loaded faiss with AVX2 support.
INFO:faiss.loader:Loading faiss with AVX2 support.
INFO:faiss.loader:Successfully loaded faiss with AVX2 support.
INFO:faiss.loader:Loading faiss with AVX2 support.
INFO:faiss.loader:Successfully loaded faiss with AVX2 support.
INFO:faiss.loader:Loading faiss with AVX2 support.
INFO:faiss.loader:Successfully loaded faiss with AVX2 support.
INFO:faiss.loader:Loading faiss with AVX2 support.
INFO:faiss.loader:Successfully loaded faiss with AVX2 support.
INFO:faiss.loader:Loading faiss with AVX2 support.
INFO:faiss.loader:Successfully loaded faiss with AVX2 support.
INFO:faiss.loader:Loading faiss with AVX2 support.
INFO:faiss.loader:Successfully loaded faiss with AVX2 support.
INFO:faiss.loader:Loading faiss with AVX2 support.
INFO:faiss.loader:Successfully loaded faiss with AVX2 support.
INFO:faiss.loader:Loading faiss with AVX2 support.
INFO:faiss.loader:Successfully loaded faiss with AVX2 support.
INFO:faiss.loader:Loading faiss with AVX2 support.
INFO:faiss.loader:Successfully loaded faiss with AVX2 support.
INFO:faiss.loader:Loading faiss with AVX2 support.
INFO:faiss.loader:Successfully loaded faiss with AVX2 support.
INFO:faiss.loader:Loading faiss with AVX2 support.
INFO:faiss.loader:Successfully loaded faiss with AVX2 support.
INFO:faiss.loader:Loading faiss with AVX2 support.
INFO:faiss.loader:Successfully loaded faiss with AVX2 support.
INFO:root:[4,     0/ 2562] - [Autoencoder Training] [Autoencoder Loss: 0.5330] [autoencoder lr: 7.50e-04][mem: 7.07e+04](478.6 ms)
INFO:root:[4,   100/ 2562] - [Autoencoder Training] [Autoencoder Loss: 0.5301] [autoencoder lr: 7.50e-04][mem: 7.07e+04](405.1 ms)
/home/rtcalumby/miniconda3/envs/py382/lib/python3.12/site-packages/torch/autograd/graph.py:744: UserWarning: Error detected in SoftmaxBackward0. Traceback of forward call that caused the error:
  File "<string>", line 1, in <module>
  File "/home/rtcalumby/miniconda3/envs/py382/lib/python3.12/multiprocessing/spawn.py", line 122, in spawn_main
    exitcode = _main(fd, parent_sentinel)
  File "/home/rtcalumby/miniconda3/envs/py382/lib/python3.12/multiprocessing/spawn.py", line 135, in _main
    return self._bootstrap(parent_sentinel)
  File "/home/rtcalumby/miniconda3/envs/py382/lib/python3.12/multiprocessing/process.py", line 314, in _bootstrap
    self.run()
  File "/home/rtcalumby/miniconda3/envs/py382/lib/python3.12/multiprocessing/process.py", line 108, in run
    self._target(*self._args, **self._kwargs)
  File "/home/rtcalumby/adam/luciano/LifeCLEFPlant2022/DeepCluster/main_FGDCC.py", line 52, in process_main
    app_main(args=params)
  File "/home/rtcalumby/adam/luciano/LifeCLEFPlant2022/DeepCluster/engine_FGDCC.py", line 773, in main
    cached_features, AE_scheduler, AE_optimizer = train_autoencoder(fgdcc=fgdcc,
  File "/home/rtcalumby/adam/luciano/LifeCLEFPlant2022/DeepCluster/engine_FGDCC.py", line 533, in train_autoencoder
    (ae_lr, reconstruction_loss, cache), elapsed_time = gpu_timer(train_step)
  File "/home/rtcalumby/adam/luciano/LifeCLEFPlant2022/DeepCluster/src/utils/logging.py", line 21, in gpu_timer
    result = closure()
  File "/home/rtcalumby/adam/luciano/LifeCLEFPlant2022/DeepCluster/engine_FGDCC.py", line 506, in train_step
    reconstructed_input, bottleneck_output = autoencoder(subclass_proj_embed, device)
  File "/home/rtcalumby/miniconda3/envs/py382/lib/python3.12/site-packages/torch/nn/modules/module.py", line 1532, in _wrapped_call_impl
    return self._call_impl(*args, **kwargs)
  File "/home/rtcalumby/miniconda3/envs/py382/lib/python3.12/site-packages/torch/nn/modules/module.py", line 1541, in _call_impl
    return forward_call(*args, **kwargs)
  File "/home/rtcalumby/miniconda3/envs/py382/lib/python3.12/site-packages/torch/nn/parallel/distributed.py", line 1593, in forward
    else self._run_ddp_forward(*inputs, **kwargs)
  File "/home/rtcalumby/miniconda3/envs/py382/lib/python3.12/site-packages/torch/nn/parallel/distributed.py", line 1411, in _run_ddp_forward
    return self.module(*inputs, **kwargs)  # type: ignore[index]
  File "/home/rtcalumby/miniconda3/envs/py382/lib/python3.12/site-packages/torch/nn/modules/module.py", line 1532, in _wrapped_call_impl
    return self._call_impl(*args, **kwargs)
  File "/home/rtcalumby/miniconda3/envs/py382/lib/python3.12/site-packages/torch/nn/modules/module.py", line 1541, in _call_impl
    return forward_call(*args, **kwargs)
  File "/home/rtcalumby/adam/luciano/LifeCLEFPlant2022/DeepCluster/src/models/transformer_autoencoder.py", line 139, in forward
    bottleneck_output = self.encoder(masked_input)
  File "/home/rtcalumby/miniconda3/envs/py382/lib/python3.12/site-packages/torch/nn/modules/module.py", line 1532, in _wrapped_call_impl
    return self._call_impl(*args, **kwargs)
  File "/home/rtcalumby/miniconda3/envs/py382/lib/python3.12/site-packages/torch/nn/modules/module.py", line 1541, in _call_impl
    return forward_call(*args, **kwargs)
  File "/home/rtcalumby/miniconda3/envs/py382/lib/python3.12/site-packages/torch/nn/modules/container.py", line 217, in forward
    input = module(input)
  File "/home/rtcalumby/miniconda3/envs/py382/lib/python3.12/site-packages/torch/nn/modules/module.py", line 1532, in _wrapped_call_impl
    return self._call_impl(*args, **kwargs)
  File "/home/rtcalumby/miniconda3/envs/py382/lib/python3.12/site-packages/torch/nn/modules/module.py", line 1541, in _call_impl
    return forward_call(*args, **kwargs)
  File "/home/rtcalumby/adam/luciano/LifeCLEFPlant2022/DeepCluster/src/models/vision_transformer.py", line 166, in forward
    y, attn = self.attn(self.norm1(x))
  File "/home/rtcalumby/miniconda3/envs/py382/lib/python3.12/site-packages/torch/nn/modules/module.py", line 1532, in _wrapped_call_impl
    return self._call_impl(*args, **kwargs)
  File "/home/rtcalumby/miniconda3/envs/py382/lib/python3.12/site-packages/torch/nn/modules/module.py", line 1541, in _call_impl
    return forward_call(*args, **kwargs)
  File "/home/rtcalumby/adam/luciano/LifeCLEFPlant2022/DeepCluster/src/models/vision_transformer.py", line 144, in forward
    attn = attn.softmax(dim=-1)
 (Triggered internally at /opt/conda/conda-bld/pytorch_1716905969118/work/torch/csrc/autograd/python_anomaly_mode.cpp:111.)
  return Variable._execution_engine.run_backward(  # Calls into the C++ engine to run the backward pass
terminate called without an active exception
Exception ignored in: <function _MultiProcessingDataLoaderIter.__del__ at 0x7fd1dd3dc0e0>
Traceback (most recent call last):
  File "/home/rtcalumby/miniconda3/envs/py382/lib/python3.12/site-packages/torch/utils/data/dataloader.py", line 1479, in __del__
    self._shutdown_workers()
  File "/home/rtcalumby/miniconda3/envs/py382/lib/python3.12/site-packages/torch/utils/data/dataloader.py", line 1443, in _shutdown_workers
    w.join(timeout=_utils.MP_STATUS_CHECK_INTERVAL)
  File "/home/rtcalumby/miniconda3/envs/py382/lib/python3.12/multiprocessing/process.py", line 149, in join
    res = self._popen.wait(timeout)
          ^^^^^^^^^^^^^^^^^^^^^^^^^
  File "/home/rtcalumby/miniconda3/envs/py382/lib/python3.12/multiprocessing/popen_fork.py", line 40, in wait
    if not wait([self.sentinel], timeout):
           ^^^^^^^^^^^^^^^^^^^^^^^^^^^^^^
  File "/home/rtcalumby/miniconda3/envs/py382/lib/python3.12/multiprocessing/connection.py", line 1136, in wait
    ready = selector.select(timeout)
            ^^^^^^^^^^^^^^^^^^^^^^^^
  File "/home/rtcalumby/miniconda3/envs/py382/lib/python3.12/selectors.py", line 415, in select
    fd_event_list = self._selector.poll(timeout)
                    ^^^^^^^^^^^^^^^^^^^^^^^^^^^^
  File "/home/rtcalumby/miniconda3/envs/py382/lib/python3.12/site-packages/torch/utils/data/_utils/signal_handling.py", line 66, in handler
    _error_if_any_worker_fails()
RuntimeError: DataLoader worker (pid 676559) is killed by signal: Aborted. 
Process Process-1:
Traceback (most recent call last):
  File "/home/rtcalumby/miniconda3/envs/py382/lib/python3.12/multiprocessing/process.py", line 314, in _bootstrap
    self.run()
  File "/home/rtcalumby/miniconda3/envs/py382/lib/python3.12/multiprocessing/process.py", line 108, in run
    self._target(*self._args, **self._kwargs)
  File "/home/rtcalumby/adam/luciano/LifeCLEFPlant2022/DeepCluster/main_FGDCC.py", line 52, in process_main
    app_main(args=params)
  File "/home/rtcalumby/adam/luciano/LifeCLEFPlant2022/DeepCluster/engine_FGDCC.py", line 773, in main
    cached_features, AE_scheduler, AE_optimizer = train_autoencoder(fgdcc=fgdcc,
                                                  ^^^^^^^^^^^^^^^^^^^^^^^^^^^^^^
  File "/home/rtcalumby/adam/luciano/LifeCLEFPlant2022/DeepCluster/engine_FGDCC.py", line 533, in train_autoencoder
    (ae_lr, reconstruction_loss, cache), elapsed_time = gpu_timer(train_step)
                                                        ^^^^^^^^^^^^^^^^^^^^^
  File "/home/rtcalumby/adam/luciano/LifeCLEFPlant2022/DeepCluster/src/utils/logging.py", line 21, in gpu_timer
    result = closure()
             ^^^^^^^^^
  File "/home/rtcalumby/adam/luciano/LifeCLEFPlant2022/DeepCluster/engine_FGDCC.py", line 521, in train_step
    scaler(reconstruction_loss, AE_optimizer, clip_grad=None,
  File "/home/rtcalumby/adam/luciano/LifeCLEFPlant2022/DeepCluster/src/helper.py", line 156, in __call__
    self._scaler.scale(loss).backward(create_graph=create_graph, retain_graph=retain_graph)
  File "/home/rtcalumby/miniconda3/envs/py382/lib/python3.12/site-packages/torch/_tensor.py", line 525, in backward
    torch.autograd.backward(
  File "/home/rtcalumby/miniconda3/envs/py382/lib/python3.12/site-packages/torch/autograd/__init__.py", line 267, in backward
    _engine_run_backward(
  File "/home/rtcalumby/miniconda3/envs/py382/lib/python3.12/site-packages/torch/autograd/graph.py", line 744, in _engine_run_backward
    return Variable._execution_engine.run_backward(  # Calls into the C++ engine to run the backward pass
           ^^^^^^^^^^^^^^^^^^^^^^^^^^^^^^^^^^^^^^^^^^^^^^^^^^^^^^^^^^^^^^^^^^^^^^^^^^^^^^^^^^^^^^^^^^^^^^
RuntimeError: Function 'SoftmaxBackward0' returned nan values in its 0th output.
