INFO:faiss.loader:Loading faiss with AVX2 support.
INFO:faiss.loader:Successfully loaded faiss with AVX2 support.
INFO:faiss.loader:Loading faiss with AVX2 support.
INFO:faiss.loader:Successfully loaded faiss with AVX2 support.
INFO:root:called-params configs/in1k_vith14_ep300_FGDCC.yaml
INFO:root:loaded params...
{   'data': {   'batch_size': 96,
                'color_jitter_strength': 0.0,
                'crop_scale': [0.3, 1.0],
                'crop_size': 224,
                'cutmix': 0.0,
                'drop_path': 0.25,
                'image_folder': '/home/rtcalumby/adam/luciano/plantnet_300K/',
                'mixup': 0.0,
                'nb_classes': 1081,
                'num_workers': 8,
                'pin_mem': True,
                'reprob': 0.25,
                'resume_epoch': 0,
                'root_path': '/home/rtcalumby/adam/luciano/',
                'use_color_distortion': False,
                'use_gaussian_blur': False,
                'use_horizontal_flip': False},
    'logging': {   'folder': '/home/rtcalumby/adam/luciano/LifeCLEFPlant2022/logs/PlantNet300k_exp19',
                   'write_tag': 'jepa'},
    'mask': {   'allow_overlap': False,
                'aspect_ratio': [0.75, 1.5],
                'enc_mask_scale': [0.85, 1.0],
                'min_keep': 10,
                'num_enc_masks': 1,
                'num_pred_masks': 4,
                'patch_size': 14,
                'pred_mask_scale': [0.15, 0.2]},
    'meta': {   'copy_data': False,
                'load_checkpoint': True,
                'model_name': 'vit_huge',
                'pred_depth': 12,
                'pred_emb_dim': 384,
                'read_checkpoint': None,
                'use_bfloat16': True},
    'optimization': {   'ema': [0.9, 0.999],
                        'epochs': 50,
                        'final_lr': 3e-06,
                        'final_weight_decay': 0.4,
                        'ipe_scale': 1.0,
                        'label_smoothing': 0.1,
                        'lr': 0.0004,
                        'start_lr': 0.00015,
                        'warmup': 5,
                        'weight_decay': 0.05}}
INFO:root:Running... (rank: 0/1)
INFO:root:Initialized (rank/world-size) 0/1
INFO:root:MaskedAutoEncoder(
  (encoder): Sequential(
    (0): Linear(in_features=1024, out_features=768, bias=True)
    (1): GELU(approximate='none')
    (2): Linear(in_features=768, out_features=512, bias=True)
    (3): GELU(approximate='none')
    (4): Linear(in_features=512, out_features=384, bias=True)
    (5): GELU(approximate='none')
  )
  (decoder): Sequential(
    (0): Linear(in_features=384, out_features=512, bias=True)
    (1): GELU(approximate='none')
    (2): Linear(in_features=512, out_features=768, bias=True)
    (3): GELU(approximate='none')
    (4): Linear(in_features=768, out_features=1024, bias=True)
  )
)
INFO:root:making imagenet data transforms
INFO:root:making imagenet data transforms
INFO:root:Finetuning dataset created
Training dataset, length: 245952
INFO:root:Finetuning dataset created
Val dataset, length: 31200
INFO:root:Using AdamW
['encoder', 'predictor', 'opt', 'scaler', 'target_encoder', 'epoch', 'loss', 'batch_size', 'world_size', 'lr']
INFO:root:loaded pretrained encoder from epoch 66 with msg: <All keys matched successfully>
INFO:root:Using AdamW
INFO:root:VisionTransformer(
  (patch_embed): PatchEmbed(
    (proj): Conv2d(3, 1280, kernel_size=(14, 14), stride=(14, 14))
  )
  (blocks): ModuleList(
    (0-31): 32 x Block(
      (norm1): LayerNorm((1280,), eps=1e-06, elementwise_affine=True)
      (attn): Attention(
        (qkv): Linear(in_features=1280, out_features=3840, bias=True)
        (attn_drop): Dropout(p=0.0, inplace=False)
        (proj): Linear(in_features=1280, out_features=1280, bias=True)
        (proj_drop): Dropout(p=0.0, inplace=False)
      )
      (drop_path): Identity()
      (norm2): LayerNorm((1280,), eps=1e-06, elementwise_affine=True)
      (mlp): MLP(
        (fc1): Linear(in_features=1280, out_features=5120, bias=True)
        (act): GELU(approximate='none')
        (fc2): Linear(in_features=5120, out_features=1280, bias=True)
        (drop): Dropout(p=0.0, inplace=False)
      )
    )
  )
  (norm): LayerNorm((1280,), eps=1e-06, elementwise_affine=True)
)
INFO:root:Building cache...
INFO:root:Done.
INFO:root:Initializing centroids...
INFO:root:Done.
INFO:root:M - Step...
/home/rtcalumby/miniconda3/envs/py382/lib/python3.12/site-packages/faiss/contrib/torch_utils.py:51: UserWarning: TypedStorage is deprecated. It will be removed in the future and UntypedStorage will be the only storage class. This should only matter to you if you are using storages directly.  To access UntypedStorage directly, use tensor.untyped_storage() instead of tensor.storage()
  x.storage().data_ptr() + x.storage_offset() * 4)
INFO:root:Epoch 1
INFO:faiss.loader:Loading faiss with AVX2 support.
INFO:faiss.loader:Successfully loaded faiss with AVX2 support.
INFO:faiss.loader:Loading faiss with AVX2 support.
INFO:faiss.loader:Successfully loaded faiss with AVX2 support.
INFO:faiss.loader:Loading faiss with AVX2 support.
INFO:faiss.loader:Successfully loaded faiss with AVX2 support.
INFO:faiss.loader:Loading faiss with AVX2 support.
INFO:faiss.loader:Successfully loaded faiss with AVX2 support.
INFO:faiss.loader:Loading faiss with AVX2 support.
INFO:faiss.loader:Successfully loaded faiss with AVX2 support.
INFO:faiss.loader:Loading faiss with AVX2 support.
INFO:faiss.loader:Successfully loaded faiss with AVX2 support.
INFO:faiss.loader:Loading faiss with AVX2 support.
INFO:faiss.loader:Successfully loaded faiss with AVX2 support.
INFO:faiss.loader:Loading faiss with AVX2 support.
INFO:faiss.loader:Successfully loaded faiss with AVX2 support.
INFO:root:[1,     0/ 2562] - train_losses - Parent Class: 6.9856 - Children class: 0.6931 -Autoencoder Loss (total): 464.4153 - Reconstruction/K-Means Loss: [0.9974 / 463.4180] - Consistency Loss: [0.0000] - VICReg Loss: [24.7500][wd: 5.00e-02] [lr: 1.50e-04] [autoencoder lr: 1.00e-04][mem: 6.00e+04] (2773.2 ms)
INFO:root:[1,     0] grad_stats: [4.92e-05 3.51e-04] (0.00e+00, 1.62e-01)
INFO:root:[1,    50/ 2562] - train_losses - Parent Class: 6.3961 - Children class: 0.5189 -Autoencoder Loss (total): 448.0760 - Reconstruction/K-Means Loss: [0.6369 / 447.4390] - Consistency Loss: [0.0000] - VICReg Loss: [23.9407][wd: 5.00e-02] [lr: 1.51e-04] [autoencoder lr: 1.03e-04][mem: 6.50e+04] (1272.0 ms)
INFO:root:[1,    50] grad_stats: [1.87e-02 6.94e-02] (0.00e+00, 2.05e+00)
INFO:root:[1,   100/ 2562] - train_losses - Parent Class: 6.1009 - Children class: 0.3474 -Autoencoder Loss (total): 447.1414 - Reconstruction/K-Means Loss: [0.3801 / 446.7613] - Consistency Loss: [0.0000] - VICReg Loss: [22.8944][wd: 5.00e-02] [lr: 1.52e-04] [autoencoder lr: 1.05e-04][mem: 6.50e+04] (1249.4 ms)
INFO:root:[1,   100] grad_stats: [1.08e-01 9.23e-02] (0.00e+00, 2.48e+00)
INFO:root:[1,   150/ 2562] - train_losses - Parent Class: 5.9747 - Children class: 0.2671 -Autoencoder Loss (total): 446.6149 - Reconstruction/K-Means Loss: [0.3017 / 446.3132] - Consistency Loss: [0.0000] - VICReg Loss: [22.2253][wd: 5.00e-02] [lr: 1.53e-04] [autoencoder lr: 1.08e-04][mem: 6.50e+04] (1243.3 ms)
INFO:root:[1,   150] grad_stats: [4.12e-02 6.69e-02] (0.00e+00, 2.32e+00)
INFO:root:[1,   200/ 2562] - train_losses - Parent Class: 5.9146 - Children class: 0.2241 -Autoencoder Loss (total): 446.9266 - Reconstruction/K-Means Loss: [0.2716 / 446.6550] - Consistency Loss: [0.0000] - VICReg Loss: [21.6356][wd: 5.00e-02] [lr: 1.54e-04] [autoencoder lr: 1.10e-04][mem: 6.50e+04] (1240.4 ms)
INFO:root:[1,   200] grad_stats: [1.78e-02 5.17e-02] (0.00e+00, 2.15e+00)
INFO:root:[1,   250/ 2562] - train_losses - Parent Class: 5.8700 - Children class: 0.1935 -Autoencoder Loss (total): 447.0218 - Reconstruction/K-Means Loss: [0.2403 / 446.7815] - Consistency Loss: [0.0000] - VICReg Loss: [21.2249][wd: 5.00e-02] [lr: 1.55e-04] [autoencoder lr: 1.13e-04][mem: 6.50e+04] (1239.8 ms)
INFO:root:[1,   250] grad_stats: [7.86e-02 6.43e-02] (0.00e+00, 2.42e+00)
INFO:root:[1,   300/ 2562] - train_losses - Parent Class: 5.8406 - Children class: 0.1720 -Autoencoder Loss (total): 446.8140 - Reconstruction/K-Means Loss: [0.2178 / 446.5962] - Consistency Loss: [0.0000] - VICReg Loss: [20.9103][wd: 5.00e-02] [lr: 1.56e-04] [autoencoder lr: 1.15e-04][mem: 6.50e+04] (1238.6 ms)
INFO:root:[1,   300] grad_stats: [2.36e-02 7.22e-02] (0.00e+00, 2.33e+00)
INFO:root:[1,   350/ 2562] - train_losses - Parent Class: 5.8238 - Children class: 0.1553 -Autoencoder Loss (total): 446.4099 - Reconstruction/K-Means Loss: [0.2018 / 446.2081] - Consistency Loss: [0.0000] - VICReg Loss: [20.6607][wd: 5.00e-02] [lr: 1.57e-04] [autoencoder lr: 1.18e-04][mem: 6.50e+04] (1238.0 ms)
INFO:root:[1,   350] grad_stats: [1.18e-02 5.21e-02] (0.00e+00, 2.30e+00)
INFO:root:[1,   400/ 2562] - train_losses - Parent Class: 5.8140 - Children class: 0.1425 -Autoencoder Loss (total): 446.2420 - Reconstruction/K-Means Loss: [0.1915 / 446.0505] - Consistency Loss: [0.0000] - VICReg Loss: [20.4453][wd: 5.00e-02] [lr: 1.58e-04] [autoencoder lr: 1.20e-04][mem: 6.50e+04] (1237.3 ms)
INFO:root:[1,   400] grad_stats: [2.81e-02 8.84e-02] (0.00e+00, 2.32e+00)
INFO:root:[1,   450/ 2562] - train_losses - Parent Class: 5.8018 - Children class: 0.1316 -Autoencoder Loss (total): 446.0247 - Reconstruction/K-Means Loss: [0.1832 / 445.8415] - Consistency Loss: [0.0000] - VICReg Loss: [20.2547][wd: 5.00e-02] [lr: 1.59e-04] [autoencoder lr: 1.23e-04][mem: 6.50e+04] (1237.7 ms)
INFO:root:[1,   450] grad_stats: [1.33e-02 6.93e-02] (0.00e+00, 2.31e+00)
INFO:root:[1,   500/ 2562] - train_losses - Parent Class: 5.7930 - Children class: 0.1228 -Autoencoder Loss (total): 445.8292 - Reconstruction/K-Means Loss: [0.1747 / 445.6544] - Consistency Loss: [0.0000] - VICReg Loss: [20.0918][wd: 5.00e-02] [lr: 1.60e-04] [autoencoder lr: 1.25e-04][mem: 6.50e+04] (1237.5 ms)
INFO:root:[1,   500] grad_stats: [5.66e-02 8.04e-02] (0.00e+00, 2.48e+00)
INFO:root:[1,   550/ 2562] - train_losses - Parent Class: 5.7854 - Children class: 0.1153 -Autoencoder Loss (total): 445.6600 - Reconstruction/K-Means Loss: [0.1672 / 445.4928] - Consistency Loss: [0.0000] - VICReg Loss: [19.9507][wd: 5.00e-02] [lr: 1.61e-04] [autoencoder lr: 1.28e-04][mem: 6.50e+04] (1236.9 ms)
INFO:root:[1,   550] grad_stats: [8.71e-02 6.96e-02] (0.00e+00, 2.33e+00)
INFO:root:[1,   600/ 2562] - train_losses - Parent Class: 5.7759 - Children class: 0.1083 -Autoencoder Loss (total): 445.5564 - Reconstruction/K-Means Loss: [0.1608 / 445.3956] - Consistency Loss: [0.0000] - VICReg Loss: [19.8291][wd: 5.00e-02] [lr: 1.62e-04] [autoencoder lr: 1.30e-04][mem: 6.50e+04] (1236.6 ms)
INFO:root:[1,   600] grad_stats: [5.39e-02 5.74e-02] (0.00e+00, 2.36e+00)
INFO:root:[1,   650/ 2562] - train_losses - Parent Class: 5.7684 - Children class: 0.1023 -Autoencoder Loss (total): 445.4799 - Reconstruction/K-Means Loss: [0.1557 / 445.3242] - Consistency Loss: [0.0000] - VICReg Loss: [19.7194][wd: 5.00e-02] [lr: 1.63e-04] [autoencoder lr: 1.33e-04][mem: 6.50e+04] (1236.5 ms)
INFO:root:[1,   650] grad_stats: [3.45e-01 9.75e-02] (0.00e+00, 2.33e+00)
INFO:root:[1,   700/ 2562] - train_losses - Parent Class: 5.7635 - Children class: 0.0975 -Autoencoder Loss (total): 445.5016 - Reconstruction/K-Means Loss: [0.1514 / 445.3501] - Consistency Loss: [0.0000] - VICReg Loss: [19.6196][wd: 5.00e-02] [lr: 1.64e-04] [autoencoder lr: 1.36e-04][mem: 6.50e+04] (1236.4 ms)
INFO:root:[1,   700] grad_stats: [2.10e-01 5.08e-02] (0.00e+00, 2.46e+00)
INFO:root:[1,   750/ 2562] - train_losses - Parent Class: 5.7557 - Children class: 0.0929 -Autoencoder Loss (total): 445.4758 - Reconstruction/K-Means Loss: [0.1473 / 445.3285] - Consistency Loss: [0.0000] - VICReg Loss: [19.5285][wd: 5.00e-02] [lr: 1.65e-04] [autoencoder lr: 1.38e-04][mem: 6.50e+04] (1236.4 ms)
INFO:root:[1,   750] grad_stats: [1.10e-01 6.66e-02] (0.00e+00, 2.54e+00)
INFO:root:[1,   800/ 2562] - train_losses - Parent Class: 5.7495 - Children class: 0.0889 -Autoencoder Loss (total): 445.4954 - Reconstruction/K-Means Loss: [0.1435 / 445.3519] - Consistency Loss: [0.0000] - VICReg Loss: [19.4484][wd: 5.00e-02] [lr: 1.66e-04] [autoencoder lr: 1.41e-04][mem: 6.50e+04] (1236.9 ms)
INFO:root:[1,   800] grad_stats: [2.11e-01 6.45e-02] (0.00e+00, 2.38e+00)
INFO:root:[1,   850/ 2562] - train_losses - Parent Class: 5.7437 - Children class: 0.0854 -Autoencoder Loss (total): 445.6384 - Reconstruction/K-Means Loss: [0.1407 / 445.4977] - Consistency Loss: [0.0000] - VICReg Loss: [19.3734][wd: 5.00e-02] [lr: 1.67e-04] [autoencoder lr: 1.43e-04][mem: 6.50e+04] (1236.5 ms)
INFO:root:[1,   850] grad_stats: [1.76e-01 5.06e-02] (0.00e+00, 2.48e+00)
INFO:root:[1,   900/ 2562] - train_losses - Parent Class: 5.7371 - Children class: 0.0823 -Autoencoder Loss (total): 445.8092 - Reconstruction/K-Means Loss: [0.1375 / 445.6716] - Consistency Loss: [0.0000] - VICReg Loss: [19.3019][wd: 5.00e-02] [lr: 1.68e-04] [autoencoder lr: 1.46e-04][mem: 6.50e+04] (1236.4 ms)
INFO:root:[1,   900] grad_stats: [1.12e-01 5.58e-02] (0.00e+00, 2.50e+00)
INFO:root:[1,   950/ 2562] - train_losses - Parent Class: 5.7303 - Children class: 0.0794 -Autoencoder Loss (total): 446.0687 - Reconstruction/K-Means Loss: [0.1339 / 445.9349] - Consistency Loss: [0.0000] - VICReg Loss: [19.2360][wd: 5.00e-02] [lr: 1.69e-04] [autoencoder lr: 1.48e-04][mem: 6.50e+04] (1236.4 ms)
INFO:root:[1,   950] grad_stats: [2.45e-01 8.69e-02] (0.00e+00, 2.33e+00)
INFO:root:[1,  1000/ 2562] - train_losses - Parent Class: 5.7223 - Children class: 0.0766 -Autoencoder Loss (total): 446.3204 - Reconstruction/K-Means Loss: [0.1299 / 446.1905] - Consistency Loss: [0.0000] - VICReg Loss: [19.1716][wd: 5.01e-02] [lr: 1.70e-04] [autoencoder lr: 1.51e-04][mem: 6.50e+04] (1236.5 ms)
INFO:root:[1,  1000] grad_stats: [1.25e-01 4.58e-02] (0.00e+00, 2.40e+00)
INFO:root:[1,  1050/ 2562] - train_losses - Parent Class: 5.7161 - Children class: 0.0742 -Autoencoder Loss (total): 446.5995 - Reconstruction/K-Means Loss: [0.1262 / 446.4732] - Consistency Loss: [0.0000] - VICReg Loss: [19.1113][wd: 5.01e-02] [lr: 1.71e-04] [autoencoder lr: 1.53e-04][mem: 6.50e+04] (1236.6 ms)
INFO:root:[1,  1050] grad_stats: [3.14e-01 7.15e-02] (0.00e+00, 2.53e+00)
INFO:root:[1,  1100/ 2562] - train_losses - Parent Class: 5.7089 - Children class: 0.0719 -Autoencoder Loss (total): 446.8519 - Reconstruction/K-Means Loss: [0.1227 / 446.7293] - Consistency Loss: [0.0000] - VICReg Loss: [19.0535][wd: 5.01e-02] [lr: 1.71e-04] [autoencoder lr: 1.56e-04][mem: 6.50e+04] (1236.7 ms)
INFO:root:[1,  1100] grad_stats: [1.18e-01 6.54e-02] (0.00e+00, 2.56e+00)
INFO:root:[1,  1150/ 2562] - train_losses - Parent Class: 5.7036 - Children class: 0.0698 -Autoencoder Loss (total): 447.0765 - Reconstruction/K-Means Loss: [0.1194 / 446.9571] - Consistency Loss: [0.0000] - VICReg Loss: [18.9997][wd: 5.01e-02] [lr: 1.72e-04] [autoencoder lr: 1.58e-04][mem: 6.50e+04] (1236.7 ms)
INFO:root:[1,  1150] grad_stats: [2.55e-01 6.07e-02] (0.00e+00, 2.57e+00)
INFO:root:[1,  1200/ 2562] - train_losses - Parent Class: 5.6975 - Children class: 0.0680 -Autoencoder Loss (total): 447.3157 - Reconstruction/K-Means Loss: [0.1159 / 447.1998] - Consistency Loss: [0.0000] - VICReg Loss: [18.9502][wd: 5.01e-02] [lr: 1.73e-04] [autoencoder lr: 1.61e-04][mem: 6.50e+04] (1237.2 ms)
INFO:root:[1,  1200] grad_stats: [1.80e-01 6.25e-02] (0.00e+00, 2.43e+00)
INFO:root:[1,  1250/ 2562] - train_losses - Parent Class: 5.6912 - Children class: 0.0661 -Autoencoder Loss (total): 447.5163 - Reconstruction/K-Means Loss: [0.1128 / 447.4035] - Consistency Loss: [0.0000] - VICReg Loss: [18.9029][wd: 5.01e-02] [lr: 1.74e-04] [autoencoder lr: 1.63e-04][mem: 6.50e+04] (1237.2 ms)
INFO:root:[1,  1250] grad_stats: [3.20e-01 6.04e-02] (0.00e+00, 2.26e+00)
INFO:root:[1,  1300/ 2562] - train_losses - Parent Class: 5.6849 - Children class: 0.0644 -Autoencoder Loss (total): 447.7027 - Reconstruction/K-Means Loss: [0.1100 / 447.5927] - Consistency Loss: [0.0000] - VICReg Loss: [18.8561][wd: 5.01e-02] [lr: 1.75e-04] [autoencoder lr: 1.66e-04][mem: 6.50e+04] (1237.3 ms)
INFO:root:[1,  1300] grad_stats: [3.33e-01 8.19e-02] (0.00e+00, 2.35e+00)
INFO:root:[1,  1350/ 2562] - train_losses - Parent Class: 5.6770 - Children class: 0.0628 -Autoencoder Loss (total): 447.8683 - Reconstruction/K-Means Loss: [0.1072 / 447.7611] - Consistency Loss: [0.0000] - VICReg Loss: [18.8121][wd: 5.01e-02] [lr: 1.76e-04] [autoencoder lr: 1.69e-04][mem: 6.50e+04] (1237.3 ms)
INFO:root:[1,  1350] grad_stats: [1.74e-01 5.91e-02] (0.00e+00, 2.51e+00)
INFO:root:[1,  1400/ 2562] - train_losses - Parent Class: 5.6703 - Children class: 0.0613 -Autoencoder Loss (total): 448.0246 - Reconstruction/K-Means Loss: [0.1046 / 447.9201] - Consistency Loss: [0.0000] - VICReg Loss: [18.7703][wd: 5.01e-02] [lr: 1.77e-04] [autoencoder lr: 1.71e-04][mem: 6.50e+04] (1237.3 ms)
INFO:root:[1,  1400] grad_stats: [2.94e-01 1.08e-01] (0.00e+00, 2.66e+00)
INFO:root:[1,  1450/ 2562] - train_losses - Parent Class: 5.6624 - Children class: 0.0598 -Autoencoder Loss (total): 448.1705 - Reconstruction/K-Means Loss: [0.1022 / 448.0683] - Consistency Loss: [0.0000] - VICReg Loss: [18.7293][wd: 5.01e-02] [lr: 1.78e-04] [autoencoder lr: 1.74e-04][mem: 6.50e+04] (1237.4 ms)
INFO:root:[1,  1450] grad_stats: [2.99e-01 6.93e-02] (0.00e+00, 2.37e+00)
INFO:root:[1,  1500/ 2562] - train_losses - Parent Class: 5.6536 - Children class: 0.0585 -Autoencoder Loss (total): 448.3134 - Reconstruction/K-Means Loss: [0.0998 / 448.2136] - Consistency Loss: [0.0000] - VICReg Loss: [18.6905][wd: 5.01e-02] [lr: 1.79e-04] [autoencoder lr: 1.76e-04][mem: 6.50e+04] (1237.5 ms)
INFO:root:[1,  1500] grad_stats: [2.45e-01 6.51e-02] (0.00e+00, 2.40e+00)
INFO:root:[1,  1550/ 2562] - train_losses - Parent Class: 5.6463 - Children class: 0.0572 -Autoencoder Loss (total): 448.4586 - Reconstruction/K-Means Loss: [0.0974 / 448.3611] - Consistency Loss: [0.0000] - VICReg Loss: [18.6526][wd: 5.01e-02] [lr: 1.80e-04] [autoencoder lr: 1.79e-04][mem: 6.50e+04] (1237.6 ms)
INFO:root:[1,  1550] grad_stats: [2.72e-01 5.23e-02] (0.00e+00, 2.45e+00)
INFO:root:[1,  1600/ 2562] - train_losses - Parent Class: 5.6386 - Children class: 0.0560 -Autoencoder Loss (total): 448.5867 - Reconstruction/K-Means Loss: [0.0953 / 448.4914] - Consistency Loss: [0.0000] - VICReg Loss: [18.6159][wd: 5.01e-02] [lr: 1.81e-04] [autoencoder lr: 1.81e-04][mem: 6.50e+04] (1237.6 ms)
INFO:root:[1,  1600] grad_stats: [3.20e-01 5.68e-02] (0.00e+00, 2.38e+00)
INFO:root:[1,  1650/ 2562] - train_losses - Parent Class: 5.6308 - Children class: 0.0549 -Autoencoder Loss (total): 448.6937 - Reconstruction/K-Means Loss: [0.0931 / 448.6006] - Consistency Loss: [0.0000] - VICReg Loss: [18.5813][wd: 5.01e-02] [lr: 1.82e-04] [autoencoder lr: 1.84e-04][mem: 6.50e+04] (1237.7 ms)
INFO:root:[1,  1650] grad_stats: [2.25e-01 5.45e-02] (0.00e+00, 2.49e+00)
INFO:root:[1,  1700/ 2562] - train_losses - Parent Class: 5.6240 - Children class: 0.0538 -Autoencoder Loss (total): 448.8283 - Reconstruction/K-Means Loss: [0.0911 / 448.7372] - Consistency Loss: [0.0000] - VICReg Loss: [18.5470][wd: 5.02e-02] [lr: 1.83e-04] [autoencoder lr: 1.86e-04][mem: 6.50e+04] (1237.8 ms)
INFO:root:[1,  1700] grad_stats: [3.10e-01 7.10e-02] (0.00e+00, 2.33e+00)
INFO:root:[1,  1750/ 2562] - train_losses - Parent Class: 5.6160 - Children class: 0.0528 -Autoencoder Loss (total): 448.9464 - Reconstruction/K-Means Loss: [0.0892 / 448.8572] - Consistency Loss: [0.0000] - VICReg Loss: [18.5140][wd: 5.02e-02] [lr: 1.84e-04] [autoencoder lr: 1.89e-04][mem: 6.50e+04] (1237.8 ms)
INFO:root:[1,  1750] grad_stats: [3.78e-01 7.32e-02] (0.00e+00, 2.38e+00)
INFO:root:[1,  1800/ 2562] - train_losses - Parent Class: 5.6083 - Children class: 0.0518 -Autoencoder Loss (total): 449.0579 - Reconstruction/K-Means Loss: [0.0874 / 448.9704] - Consistency Loss: [0.0000] - VICReg Loss: [18.4821][wd: 5.02e-02] [lr: 1.85e-04] [autoencoder lr: 1.91e-04][mem: 6.50e+04] (1237.9 ms)
INFO:root:[1,  1800] grad_stats: [4.28e-01 6.01e-02] (0.00e+00, 2.36e+00)
INFO:root:[1,  1850/ 2562] - train_losses - Parent Class: 5.6005 - Children class: 0.0508 -Autoencoder Loss (total): 449.1732 - Reconstruction/K-Means Loss: [0.0858 / 449.0874] - Consistency Loss: [0.0000] - VICReg Loss: [18.4503][wd: 5.02e-02] [lr: 1.86e-04] [autoencoder lr: 1.94e-04][mem: 6.50e+04] (1237.8 ms)
INFO:root:[1,  1850] grad_stats: [2.77e-01 7.61e-02] (0.00e+00, 2.47e+00)
INFO:root:[1,  1900/ 2562] - train_losses - Parent Class: 5.5927 - Children class: 0.0499 -Autoencoder Loss (total): 449.2874 - Reconstruction/K-Means Loss: [0.0842 / 449.2032] - Consistency Loss: [0.0000] - VICReg Loss: [18.4184][wd: 5.02e-02] [lr: 1.87e-04] [autoencoder lr: 1.96e-04][mem: 6.50e+04] (1237.9 ms)
INFO:root:[1,  1900] grad_stats: [3.37e-01 5.16e-02] (0.00e+00, 2.33e+00)
INFO:root:[1,  1950/ 2562] - train_losses - Parent Class: 5.5854 - Children class: 0.0490 -Autoencoder Loss (total): 449.3864 - Reconstruction/K-Means Loss: [0.0829 / 449.3036] - Consistency Loss: [0.0000] - VICReg Loss: [18.3870][wd: 5.02e-02] [lr: 1.88e-04] [autoencoder lr: 1.99e-04][mem: 6.50e+04] (1237.8 ms)
INFO:root:[1,  1950] grad_stats: [3.57e-01 7.35e-02] (0.00e+00, 2.35e+00)
INFO:root:[1,  2000/ 2562] - train_losses - Parent Class: 5.5786 - Children class: 0.0482 -Autoencoder Loss (total): 449.4725 - Reconstruction/K-Means Loss: [0.0815 / 449.3910] - Consistency Loss: [0.0000] - VICReg Loss: [18.3564][wd: 5.02e-02] [lr: 1.89e-04] [autoencoder lr: 2.02e-04][mem: 6.50e+04] (1237.9 ms)
INFO:root:[1,  2000] grad_stats: [3.74e-01 8.80e-02] (0.00e+00, 2.53e+00)
INFO:root:[1,  2050/ 2562] - train_losses - Parent Class: 5.5718 - Children class: 0.0474 -Autoencoder Loss (total): 449.5635 - Reconstruction/K-Means Loss: [0.0802 / 449.4833] - Consistency Loss: [0.0000] - VICReg Loss: [18.3270][wd: 5.02e-02] [lr: 1.90e-04] [autoencoder lr: 2.04e-04][mem: 6.50e+04] (1238.0 ms)
INFO:root:[1,  2050] grad_stats: [2.64e-01 4.55e-02] (0.00e+00, 2.33e+00)
INFO:root:[1,  2100/ 2562] - train_losses - Parent Class: 5.5652 - Children class: 0.0466 -Autoencoder Loss (total): 449.6529 - Reconstruction/K-Means Loss: [0.0789 / 449.5740] - Consistency Loss: [0.0000] - VICReg Loss: [18.2977][wd: 5.02e-02] [lr: 1.91e-04] [autoencoder lr: 2.07e-04][mem: 6.50e+04] (1238.0 ms)
INFO:root:[1,  2100] grad_stats: [2.32e-01 5.84e-02] (0.00e+00, 2.35e+00)
INFO:root:[1,  2150/ 2562] - train_losses - Parent Class: 5.5589 - Children class: 0.0458 -Autoencoder Loss (total): 449.7393 - Reconstruction/K-Means Loss: [0.0776 / 449.6616] - Consistency Loss: [0.0000] - VICReg Loss: [18.2688][wd: 5.02e-02] [lr: 1.92e-04] [autoencoder lr: 2.09e-04][mem: 6.50e+04] (1238.4 ms)
INFO:root:[1,  2150] grad_stats: [3.51e-01 4.98e-02] (0.00e+00, 2.37e+00)
INFO:root:[1,  2200/ 2562] - train_losses - Parent Class: 5.5529 - Children class: 0.0451 -Autoencoder Loss (total): 449.8308 - Reconstruction/K-Means Loss: [0.0764 / 449.7544] - Consistency Loss: [0.0000] - VICReg Loss: [18.2407][wd: 5.03e-02] [lr: 1.93e-04] [autoencoder lr: 2.12e-04][mem: 6.50e+04] (1238.4 ms)
INFO:root:[1,  2200] grad_stats: [2.76e-01 4.89e-02] (0.00e+00, 2.26e+00)
INFO:root:[1,  2250/ 2562] - train_losses - Parent Class: 5.5464 - Children class: 0.0444 -Autoencoder Loss (total): 449.9188 - Reconstruction/K-Means Loss: [0.0753 / 449.8435] - Consistency Loss: [0.0000] - VICReg Loss: [18.2135][wd: 5.03e-02] [lr: 1.94e-04] [autoencoder lr: 2.14e-04][mem: 6.50e+04] (1238.5 ms)
INFO:root:[1,  2250] grad_stats: [4.00e-01 6.06e-02] (0.00e+00, 2.34e+00)
INFO:root:[1,  2300/ 2562] - train_losses - Parent Class: 5.5403 - Children class: 0.0437 -Autoencoder Loss (total): 450.0008 - Reconstruction/K-Means Loss: [0.0741 / 449.9267] - Consistency Loss: [0.0000] - VICReg Loss: [18.1867][wd: 5.03e-02] [lr: 1.95e-04] [autoencoder lr: 2.17e-04][mem: 6.50e+04] (1238.6 ms)
INFO:root:[1,  2300] grad_stats: [5.01e-01 6.55e-02] (0.00e+00, 2.46e+00)
INFO:root:[1,  2350/ 2562] - train_losses - Parent Class: 5.5346 - Children class: 0.0431 -Autoencoder Loss (total): 450.0848 - Reconstruction/K-Means Loss: [0.0731 / 450.0117] - Consistency Loss: [0.0000] - VICReg Loss: [18.1594][wd: 5.03e-02] [lr: 1.96e-04] [autoencoder lr: 2.19e-04][mem: 6.50e+04] (1238.4 ms)
INFO:root:[1,  2350] grad_stats: [4.27e-01 8.32e-02] (0.00e+00, 2.42e+00)
INFO:root:[1,  2400/ 2562] - train_losses - Parent Class: 5.5294 - Children class: 0.0425 -Autoencoder Loss (total): 450.1602 - Reconstruction/K-Means Loss: [0.0723 / 450.0878] - Consistency Loss: [0.0000] - VICReg Loss: [18.1316][wd: 5.03e-02] [lr: 1.97e-04] [autoencoder lr: 2.22e-04][mem: 6.50e+04] (1238.8 ms)
INFO:root:[1,  2400] grad_stats: [3.50e-01 6.04e-02] (0.00e+00, 2.44e+00)
INFO:root:[1,  2450/ 2562] - train_losses - Parent Class: 5.5235 - Children class: 0.0419 -Autoencoder Loss (total): 450.2427 - Reconstruction/K-Means Loss: [0.0715 / 450.1712] - Consistency Loss: [0.0000] - VICReg Loss: [18.1047][wd: 5.03e-02] [lr: 1.98e-04] [autoencoder lr: 2.24e-04][mem: 6.50e+04] (1238.9 ms)
INFO:root:[1,  2450] grad_stats: [4.41e-01 8.46e-02] (0.00e+00, 2.90e+00)
INFO:root:[1,  2500/ 2562] - train_losses - Parent Class: 5.5170 - Children class: 0.0413 -Autoencoder Loss (total): 450.3099 - Reconstruction/K-Means Loss: [0.0705 / 450.2393] - Consistency Loss: [0.0000] - VICReg Loss: [18.0783][wd: 5.03e-02] [lr: 1.99e-04] [autoencoder lr: 2.27e-04][mem: 6.50e+04] (1239.0 ms)
INFO:root:[1,  2500] grad_stats: [3.95e-01 1.06e-01] (0.00e+00, 2.38e+00)
INFO:root:[1,  2550/ 2562] - train_losses - Parent Class: 5.5113 - Children class: 0.0407 -Autoencoder Loss (total): 450.3849 - Reconstruction/K-Means Loss: [0.0697 / 450.3152] - Consistency Loss: [0.0000] - VICReg Loss: [18.0518][wd: 5.03e-02] [lr: 2.00e-04] [autoencoder lr: 2.29e-04][mem: 6.50e+04] (1239.0 ms)
INFO:root:[1,  2550] grad_stats: [4.38e-01 8.99e-02] (0.00e+00, 2.39e+00)
INFO:root:Asserting cache length
Avg no of empty clusters: 20.913968547641073
INFO:faiss.loader:Loading faiss with AVX2 support.
INFO:faiss.loader:Successfully loaded faiss with AVX2 support.
INFO:faiss.loader:Loading faiss with AVX2 support.
INFO:faiss.loader:Successfully loaded faiss with AVX2 support.
INFO:faiss.loader:Loading faiss with AVX2 support.
INFO:faiss.loader:Successfully loaded faiss with AVX2 support.
INFO:faiss.loader:Loading faiss with AVX2 support.
INFO:faiss.loader:Successfully loaded faiss with AVX2 support.
INFO:faiss.loader:Loading faiss with AVX2 support.
INFO:faiss.loader:Successfully loaded faiss with AVX2 support.
INFO:faiss.loader:Loading faiss with AVX2 support.
INFO:faiss.loader:Successfully loaded faiss with AVX2 support.
INFO:faiss.loader:Loading faiss with AVX2 support.
INFO:faiss.loader:Successfully loaded faiss with AVX2 support.
INFO:faiss.loader:Loading faiss with AVX2 support.
INFO:faiss.loader:Successfully loaded faiss with AVX2 support.
INFO:root:avg. train_loss 23.597
INFO:root:avg. test_loss 4.618 avg. Accuracy@1 13.732 - avg. Accuracy@5 32.745
Process Process-1:
Traceback (most recent call last):
  File "/home/rtcalumby/miniconda3/envs/py382/lib/python3.12/multiprocessing/process.py", line 314, in _bootstrap
    self.run()
  File "/home/rtcalumby/miniconda3/envs/py382/lib/python3.12/multiprocessing/process.py", line 108, in run
    self._target(*self._args, **self._kwargs)
  File "/home/rtcalumby/adam/luciano/LifeCLEFPlant2022/DeepCluster/main_FGDCC.py", line 52, in process_main
    app_main(args=params)
  File "/home/rtcalumby/adam/luciano/LifeCLEFPlant2022/DeepCluster/engine_FGDCC.py", line 760, in main
    save_checkpoint(epoch+1)
  File "/home/rtcalumby/adam/luciano/LifeCLEFPlant2022/DeepCluster/engine_FGDCC.py", line 334, in save_checkpoint
    'target_encoder': fgdcc.vit_encoder.state_dict(),
                      ^^^^^^^^^^^^^^^^^
  File "/home/rtcalumby/miniconda3/envs/py382/lib/python3.12/site-packages/torch/nn/modules/module.py", line 1709, in __getattr__
    raise AttributeError(f"'{type(self).__name__}' object has no attribute '{name}'")
AttributeError: 'DistributedDataParallel' object has no attribute 'vit_encoder'
