INFO:faiss.loader:Loading faiss with AVX2 support.
INFO:faiss.loader:Successfully loaded faiss with AVX2 support.
INFO:faiss.loader:Loading faiss with AVX2 support.
INFO:faiss.loader:Successfully loaded faiss with AVX2 support.
INFO:root:called-params configs/in1k_vith14_ep300_FGDCC.yaml
INFO:root:loaded params...
{   'data': {   'batch_size': 96,
                'color_jitter_strength': 0.0,
                'crop_scale': [0.3, 1.0],
                'crop_size': 224,
                'cutmix': 0.0,
                'drop_path': 0.25,
                'image_folder': '/home/rtcalumby/adam/luciano/plantnet_300K/',
                'mixup': 0.0,
                'nb_classes': 1081,
                'num_workers': 16,
                'pin_mem': True,
                'reprob': 0.25,
                'resume_epoch': 0,
                'root_path': '/home/rtcalumby/adam/luciano/',
                'use_color_distortion': False,
                'use_gaussian_blur': False,
                'use_horizontal_flip': False},
    'logging': {   'folder': '/home/rtcalumby/adam/luciano/LifeCLEFPlant2022/logs/PlantNet300k_exp41',
                   'write_tag': 'jepa'},
    'mask': {   'allow_overlap': False,
                'aspect_ratio': [0.75, 1.5],
                'enc_mask_scale': [0.85, 1.0],
                'min_keep': 10,
                'num_enc_masks': 1,
                'num_pred_masks': 4,
                'patch_size': 14,
                'pred_mask_scale': [0.15, 0.2]},
    'meta': {   'copy_data': False,
                'load_checkpoint': True,
                'model_name': 'vit_huge',
                'pred_depth': 12,
                'pred_emb_dim': 384,
                'read_checkpoint': None,
                'use_bfloat16': True},
    'optimization': {   'ema': [0.9, 0.999],
                        'epochs': 75,
                        'final_lr': 1e-05,
                        'final_weight_decay': 0.4,
                        'ipe_scale': 1.0,
                        'label_smoothing': 0.1,
                        'lr': 2.5e-05,
                        'start_lr': 8.5e-05,
                        'warmup': 5,
                        'weight_decay': 0.05}}
INFO:root:Running... (rank: 0/1)
INFO:root:Initialized (rank/world-size) 0/1
INFO:root:MaskedAutoEncoder(
  (encoder): Sequential(
    (0): Linear(in_features=1280, out_features=1152, bias=True)
    (1): GELU(approximate='none')
    (2): Linear(in_features=1152, out_features=1024, bias=True)
    (3): GELU(approximate='none')
    (4): Linear(in_features=1024, out_features=768, bias=True)
  )
  (decoder): Sequential(
    (0): Linear(in_features=768, out_features=1024, bias=True)
    (1): GELU(approximate='none')
    (2): Linear(in_features=1024, out_features=1152, bias=True)
    (3): GELU(approximate='none')
    (4): Linear(in_features=1152, out_features=1280, bias=True)
  )
)
INFO:root:making imagenet data transforms
INFO:root:making imagenet data transforms
INFO:root:Finetuning dataset created
Training dataset, length: 245952
INFO:root:Finetuning dataset created
Val dataset, length: 31200
INFO:root:Using AdamW
['encoder', 'predictor', 'opt', 'scaler', 'target_encoder', 'epoch', 'loss', 'batch_size', 'world_size', 'lr']
INFO:root:loaded pretrained encoder from epoch 66 with msg: <All keys matched successfully>
INFO:root:PairedCrossAttentionClassifier(
  (act): GELU(approximate='none')
  (subclass_proj): Sequential(
    (0): Linear(in_features=1280, out_features=1280, bias=True)
    (1): GELU(approximate='none')
  )
  (parent_cross_attention): MultiHeadCrossAttention(
    (query): Linear(in_features=1280, out_features=1280, bias=True)
    (key): Linear(in_features=1280, out_features=1280, bias=True)
    (value): Linear(in_features=1280, out_features=1280, bias=True)
  )
  (subclass_cross_attention): MultiHeadCrossAttention(
    (query): Linear(in_features=1280, out_features=1280, bias=True)
    (key): Linear(in_features=1280, out_features=1280, bias=True)
    (value): Linear(in_features=1280, out_features=1280, bias=True)
  )
  (parent_feature_selection): Linear(in_features=2560, out_features=1280, bias=True)
  (subclass_feature_selection): Linear(in_features=2560, out_features=1280, bias=True)
  (parent_classifier): Linear(in_features=1280, out_features=1081, bias=True)
  (subclass_classifier): Linear(in_features=1280, out_features=4324, bias=True)
  (head_drop): Dropout(p=0.25, inplace=False)
)
INFO:root:Using AdamW
INFO:root:VisionTransformer(
  (patch_embed): PatchEmbed(
    (proj): Conv2d(3, 1280, kernel_size=(14, 14), stride=(14, 14))
  )
  (blocks): ModuleList(
    (0-31): 32 x Block(
      (norm1): LayerNorm((1280,), eps=1e-06, elementwise_affine=True)
      (attn): Attention(
        (qkv): Linear(in_features=1280, out_features=3840, bias=True)
        (attn_drop): Dropout(p=0.0, inplace=False)
        (proj): Linear(in_features=1280, out_features=1280, bias=True)
        (proj_drop): Dropout(p=0.0, inplace=False)
      )
      (drop_path): Identity()
      (norm2): LayerNorm((1280,), eps=1e-06, elementwise_affine=True)
      (mlp): MLP(
        (fc1): Linear(in_features=1280, out_features=5120, bias=True)
        (act): GELU(approximate='none')
        (fc2): Linear(in_features=5120, out_features=1280, bias=True)
        (drop): Dropout(p=0.0, inplace=False)
      )
    )
  )
  (norm): LayerNorm((1280,), eps=1e-06, elementwise_affine=True)
)
INFO:root:Autoencoder Training...
INFO:root: - - Epoch: 1 - - 
INFO:faiss.loader:Loading faiss with AVX2 support.
INFO:faiss.loader:Successfully loaded faiss with AVX2 support.
INFO:faiss.loader:Loading faiss with AVX2 support.
INFO:faiss.loader:Successfully loaded faiss with AVX2 support.
INFO:faiss.loader:Loading faiss with AVX2 support.
INFO:faiss.loader:Successfully loaded faiss with AVX2 support.
INFO:faiss.loader:Loading faiss with AVX2 support.
INFO:faiss.loader:Successfully loaded faiss with AVX2 support.
INFO:faiss.loader:Loading faiss with AVX2 support.
INFO:faiss.loader:Successfully loaded faiss with AVX2 support.
INFO:faiss.loader:Loading faiss with AVX2 support.
INFO:faiss.loader:Successfully loaded faiss with AVX2 support.
INFO:faiss.loader:Loading faiss with AVX2 support.
INFO:faiss.loader:Successfully loaded faiss with AVX2 support.
INFO:faiss.loader:Loading faiss with AVX2 support.
INFO:faiss.loader:Successfully loaded faiss with AVX2 support.
INFO:faiss.loader:Loading faiss with AVX2 support.
INFO:faiss.loader:Successfully loaded faiss with AVX2 support.
INFO:faiss.loader:Loading faiss with AVX2 support.
INFO:faiss.loader:Successfully loaded faiss with AVX2 support.
INFO:faiss.loader:Loading faiss with AVX2 support.
INFO:faiss.loader:Successfully loaded faiss with AVX2 support.
INFO:faiss.loader:Loading faiss with AVX2 support.
INFO:faiss.loader:Successfully loaded faiss with AVX2 support.
INFO:faiss.loader:Loading faiss with AVX2 support.
INFO:faiss.loader:Successfully loaded faiss with AVX2 support.
INFO:faiss.loader:Loading faiss with AVX2 support.
INFO:faiss.loader:Successfully loaded faiss with AVX2 support.
INFO:faiss.loader:Loading faiss with AVX2 support.
INFO:faiss.loader:Successfully loaded faiss with AVX2 support.
INFO:faiss.loader:Loading faiss with AVX2 support.
INFO:faiss.loader:Successfully loaded faiss with AVX2 support.
INFO:root:[1,     0/ 2562] - [Autoencoder Training] [Autoencoder Loss: 1.9787] [autoencoder lr: 1.50e-04][mem: 7.84e+03](3140.2 ms)
INFO:root:[1,   100/ 2562] - [Autoencoder Training] [Autoencoder Loss: 1.9811] [autoencoder lr: 1.51e-04][mem: 8.33e+03](342.3 ms)
INFO:root:[1,   200/ 2562] - [Autoencoder Training] [Autoencoder Loss: 1.9813] [autoencoder lr: 1.53e-04][mem: 8.33e+03](329.1 ms)
INFO:root:[1,   300/ 2562] - [Autoencoder Training] [Autoencoder Loss: 1.9810] [autoencoder lr: 1.54e-04][mem: 8.33e+03](324.6 ms)
INFO:root:[1,   400/ 2562] - [Autoencoder Training] [Autoencoder Loss: 1.9811] [autoencoder lr: 1.55e-04][mem: 8.33e+03](322.4 ms)
INFO:root:[1,   500/ 2562] - [Autoencoder Training] [Autoencoder Loss: 1.9811] [autoencoder lr: 1.57e-04][mem: 8.33e+03](321.1 ms)
INFO:root:[1,   600/ 2562] - [Autoencoder Training] [Autoencoder Loss: 1.9811] [autoencoder lr: 1.58e-04][mem: 8.33e+03](320.2 ms)
INFO:root:[1,   700/ 2562] - [Autoencoder Training] [Autoencoder Loss: 1.9811] [autoencoder lr: 1.60e-04][mem: 8.33e+03](319.5 ms)
INFO:root:[1,   800/ 2562] - [Autoencoder Training] [Autoencoder Loss: 1.9811] [autoencoder lr: 1.61e-04][mem: 8.33e+03](319.0 ms)
INFO:root:[1,   900/ 2562] - [Autoencoder Training] [Autoencoder Loss: 1.9811] [autoencoder lr: 1.62e-04][mem: 8.33e+03](318.6 ms)
INFO:root:[1,  1000/ 2562] - [Autoencoder Training] [Autoencoder Loss: 1.9811] [autoencoder lr: 1.64e-04][mem: 8.33e+03](318.3 ms)
INFO:root:[1,  1100/ 2562] - [Autoencoder Training] [Autoencoder Loss: 1.9810] [autoencoder lr: 1.65e-04][mem: 8.33e+03](318.1 ms)
INFO:root:[1,  1200/ 2562] - [Autoencoder Training] [Autoencoder Loss: 1.9811] [autoencoder lr: 1.66e-04][mem: 8.33e+03](317.9 ms)
INFO:root:[1,  1300/ 2562] - [Autoencoder Training] [Autoencoder Loss: 1.9811] [autoencoder lr: 1.68e-04][mem: 8.33e+03](317.7 ms)
INFO:root:[1,  1400/ 2562] - [Autoencoder Training] [Autoencoder Loss: 1.9811] [autoencoder lr: 1.69e-04][mem: 8.33e+03](317.6 ms)
INFO:root:[1,  1500/ 2562] - [Autoencoder Training] [Autoencoder Loss: 1.9811] [autoencoder lr: 1.71e-04][mem: 8.33e+03](317.5 ms)
INFO:root:[1,  1600/ 2562] - [Autoencoder Training] [Autoencoder Loss: 1.9811] [autoencoder lr: 1.72e-04][mem: 8.33e+03](317.4 ms)
INFO:root:[1,  1700/ 2562] - [Autoencoder Training] [Autoencoder Loss: 1.9811] [autoencoder lr: 1.73e-04][mem: 8.33e+03](317.3 ms)
INFO:root:[1,  1800/ 2562] - [Autoencoder Training] [Autoencoder Loss: 1.9811] [autoencoder lr: 1.75e-04][mem: 8.33e+03](317.2 ms)
INFO:root:[1,  1900/ 2562] - [Autoencoder Training] [Autoencoder Loss: 1.9811] [autoencoder lr: 1.76e-04][mem: 8.33e+03](317.1 ms)
INFO:root:[1,  2000/ 2562] - [Autoencoder Training] [Autoencoder Loss: 1.9811] [autoencoder lr: 1.77e-04][mem: 8.33e+03](317.0 ms)
INFO:root:[1,  2100/ 2562] - [Autoencoder Training] [Autoencoder Loss: 1.9811] [autoencoder lr: 1.79e-04][mem: 8.33e+03](317.0 ms)
INFO:root:[1,  2200/ 2562] - [Autoencoder Training] [Autoencoder Loss: 1.9811] [autoencoder lr: 1.80e-04][mem: 8.33e+03](316.9 ms)
INFO:root:[1,  2300/ 2562] - [Autoencoder Training] [Autoencoder Loss: 1.9811] [autoencoder lr: 1.81e-04][mem: 8.33e+03](316.9 ms)
INFO:root:[1,  2400/ 2562] - [Autoencoder Training] [Autoencoder Loss: 1.9811] [autoencoder lr: 1.83e-04][mem: 8.33e+03](316.8 ms)
INFO:root:[1,  2500/ 2562] - [Autoencoder Training] [Autoencoder Loss: 1.9811] [autoencoder lr: 1.84e-04][mem: 8.33e+03](316.8 ms)
INFO:root: - - Epoch: 2 - - 
INFO:faiss.loader:Loading faiss with AVX2 support.
INFO:faiss.loader:Successfully loaded faiss with AVX2 support.
INFO:faiss.loader:Loading faiss with AVX2 support.
INFO:faiss.loader:Successfully loaded faiss with AVX2 support.
INFO:faiss.loader:Loading faiss with AVX2 support.
INFO:faiss.loader:Successfully loaded faiss with AVX2 support.
INFO:faiss.loader:Loading faiss with AVX2 support.
INFO:faiss.loader:Successfully loaded faiss with AVX2 support.
INFO:faiss.loader:Loading faiss with AVX2 support.
INFO:faiss.loader:Successfully loaded faiss with AVX2 support.
INFO:faiss.loader:Loading faiss with AVX2 support.
INFO:faiss.loader:Successfully loaded faiss with AVX2 support.
INFO:faiss.loader:Loading faiss with AVX2 support.
INFO:faiss.loader:Successfully loaded faiss with AVX2 support.
INFO:faiss.loader:Loading faiss with AVX2 support.
INFO:faiss.loader:Successfully loaded faiss with AVX2 support.
INFO:faiss.loader:Loading faiss with AVX2 support.
INFO:faiss.loader:Successfully loaded faiss with AVX2 support.
INFO:faiss.loader:Loading faiss with AVX2 support.
INFO:faiss.loader:Successfully loaded faiss with AVX2 support.
INFO:faiss.loader:Loading faiss with AVX2 support.
INFO:faiss.loader:Successfully loaded faiss with AVX2 support.
INFO:faiss.loader:Loading faiss with AVX2 support.
INFO:faiss.loader:Successfully loaded faiss with AVX2 support.
INFO:faiss.loader:Loading faiss with AVX2 support.
INFO:faiss.loader:Successfully loaded faiss with AVX2 support.
INFO:faiss.loader:Loading faiss with AVX2 support.
INFO:faiss.loader:Successfully loaded faiss with AVX2 support.
INFO:faiss.loader:Loading faiss with AVX2 support.
INFO:faiss.loader:Successfully loaded faiss with AVX2 support.
INFO:faiss.loader:Loading faiss with AVX2 support.
INFO:faiss.loader:Successfully loaded faiss with AVX2 support.
INFO:root:[2,     0/ 2562] - [Autoencoder Training] [Autoencoder Loss: 1.9812] [autoencoder lr: 1.85e-04][mem: 8.33e+03](316.7 ms)
INFO:root:[2,   100/ 2562] - [Autoencoder Training] [Autoencoder Loss: 1.9889] [autoencoder lr: 1.86e-04][mem: 8.33e+03](316.6 ms)
INFO:root:[2,   200/ 2562] - [Autoencoder Training] [Autoencoder Loss: 1.9961] [autoencoder lr: 1.88e-04][mem: 8.33e+03](316.6 ms)
INFO:root:[2,   300/ 2562] - [Autoencoder Training] [Autoencoder Loss: 2.0028] [autoencoder lr: 1.89e-04][mem: 8.33e+03](316.5 ms)
INFO:root:[2,   400/ 2562] - [Autoencoder Training] [Autoencoder Loss: 2.0091] [autoencoder lr: 1.90e-04][mem: 8.33e+03](316.5 ms)
INFO:root:[2,   500/ 2562] - [Autoencoder Training] [Autoencoder Loss: 2.0149] [autoencoder lr: 1.92e-04][mem: 8.33e+03](316.4 ms)
INFO:root:[2,   600/ 2562] - [Autoencoder Training] [Autoencoder Loss: 2.0204] [autoencoder lr: 1.93e-04][mem: 8.33e+03](316.4 ms)
INFO:root:[2,   700/ 2562] - [Autoencoder Training] [Autoencoder Loss: 2.0255] [autoencoder lr: 1.95e-04][mem: 8.33e+03](316.3 ms)
INFO:root:[2,   800/ 2562] - [Autoencoder Training] [Autoencoder Loss: 2.0304] [autoencoder lr: 1.96e-04][mem: 8.33e+03](316.3 ms)
INFO:root:[2,   900/ 2562] - [Autoencoder Training] [Autoencoder Loss: 2.0349] [autoencoder lr: 1.97e-04][mem: 8.33e+03](316.2 ms)
INFO:root:[2,  1000/ 2562] - [Autoencoder Training] [Autoencoder Loss: 2.0391] [autoencoder lr: 1.99e-04][mem: 8.33e+03](316.2 ms)
INFO:root:[2,  1100/ 2562] - [Autoencoder Training] [Autoencoder Loss: 2.0432] [autoencoder lr: 2.00e-04][mem: 8.33e+03](316.2 ms)
INFO:root:[2,  1200/ 2562] - [Autoencoder Training] [Autoencoder Loss: 2.0470] [autoencoder lr: 2.01e-04][mem: 8.33e+03](316.1 ms)
INFO:root:[2,  1300/ 2562] - [Autoencoder Training] [Autoencoder Loss: 2.0507] [autoencoder lr: 2.03e-04][mem: 8.33e+03](316.1 ms)
INFO:root:[2,  1400/ 2562] - [Autoencoder Training] [Autoencoder Loss: 2.0542] [autoencoder lr: 2.04e-04][mem: 8.33e+03](316.0 ms)
INFO:root:[2,  1500/ 2562] - [Autoencoder Training] [Autoencoder Loss: 2.0574] [autoencoder lr: 2.06e-04][mem: 8.33e+03](316.0 ms)
INFO:root:[2,  1600/ 2562] - [Autoencoder Training] [Autoencoder Loss: 2.0606] [autoencoder lr: 2.07e-04][mem: 8.33e+03](316.0 ms)
INFO:root:[2,  1700/ 2562] - [Autoencoder Training] [Autoencoder Loss: 2.0636] [autoencoder lr: 2.08e-04][mem: 8.33e+03](316.0 ms)
INFO:root:[2,  1800/ 2562] - [Autoencoder Training] [Autoencoder Loss: 2.0664] [autoencoder lr: 2.10e-04][mem: 8.33e+03](315.9 ms)
INFO:root:[2,  1900/ 2562] - [Autoencoder Training] [Autoencoder Loss: 2.0691] [autoencoder lr: 2.11e-04][mem: 8.33e+03](315.9 ms)
INFO:root:[2,  2000/ 2562] - [Autoencoder Training] [Autoencoder Loss: 2.0717] [autoencoder lr: 2.12e-04][mem: 8.33e+03](315.9 ms)
INFO:root:[2,  2100/ 2562] - [Autoencoder Training] [Autoencoder Loss: 2.0742] [autoencoder lr: 2.14e-04][mem: 8.33e+03](315.9 ms)
INFO:root:[2,  2200/ 2562] - [Autoencoder Training] [Autoencoder Loss: 2.0766] [autoencoder lr: 2.15e-04][mem: 8.33e+03](315.9 ms)
INFO:root:[2,  2300/ 2562] - [Autoencoder Training] [Autoencoder Loss: 2.0789] [autoencoder lr: 2.16e-04][mem: 8.33e+03](315.9 ms)
INFO:root:[2,  2400/ 2562] - [Autoencoder Training] [Autoencoder Loss: 2.0811] [autoencoder lr: 2.18e-04][mem: 8.33e+03](315.9 ms)
INFO:root:[2,  2500/ 2562] - [Autoencoder Training] [Autoencoder Loss: 2.0832] [autoencoder lr: 2.19e-04][mem: 8.33e+03](315.8 ms)
INFO:root: - - Epoch: 3 - - 
INFO:faiss.loader:Loading faiss with AVX2 support.
INFO:faiss.loader:Successfully loaded faiss with AVX2 support.
INFO:faiss.loader:Loading faiss with AVX2 support.
INFO:faiss.loader:Successfully loaded faiss with AVX2 support.
INFO:faiss.loader:Loading faiss with AVX2 support.
INFO:faiss.loader:Successfully loaded faiss with AVX2 support.
INFO:faiss.loader:Loading faiss with AVX2 support.
INFO:faiss.loader:Successfully loaded faiss with AVX2 support.
INFO:faiss.loader:Loading faiss with AVX2 support.
INFO:faiss.loader:Successfully loaded faiss with AVX2 support.
INFO:faiss.loader:Loading faiss with AVX2 support.
INFO:faiss.loader:Successfully loaded faiss with AVX2 support.
INFO:faiss.loader:Loading faiss with AVX2 support.
INFO:faiss.loader:Successfully loaded faiss with AVX2 support.
INFO:faiss.loader:Loading faiss with AVX2 support.
INFO:faiss.loader:Successfully loaded faiss with AVX2 support.
INFO:faiss.loader:Loading faiss with AVX2 support.
INFO:faiss.loader:Successfully loaded faiss with AVX2 support.
INFO:faiss.loader:Loading faiss with AVX2 support.
INFO:faiss.loader:Successfully loaded faiss with AVX2 support.
INFO:faiss.loader:Loading faiss with AVX2 support.
INFO:faiss.loader:Successfully loaded faiss with AVX2 support.
INFO:faiss.loader:Loading faiss with AVX2 support.
INFO:faiss.loader:Successfully loaded faiss with AVX2 support.
INFO:faiss.loader:Loading faiss with AVX2 support.
INFO:faiss.loader:Successfully loaded faiss with AVX2 support.
INFO:faiss.loader:Loading faiss with AVX2 support.
INFO:faiss.loader:Successfully loaded faiss with AVX2 support.
INFO:faiss.loader:Loading faiss with AVX2 support.
INFO:faiss.loader:Successfully loaded faiss with AVX2 support.
INFO:faiss.loader:Loading faiss with AVX2 support.
INFO:faiss.loader:Successfully loaded faiss with AVX2 support.
INFO:root:[3,     0/ 2562] - [Autoencoder Training] [Autoencoder Loss: 2.0845] [autoencoder lr: 2.20e-04][mem: 8.33e+03](315.8 ms)
INFO:root:[3,   100/ 2562] - [Autoencoder Training] [Autoencoder Loss: 2.0865] [autoencoder lr: 2.21e-04][mem: 8.33e+03](315.8 ms)
INFO:root:[3,   200/ 2562] - [Autoencoder Training] [Autoencoder Loss: 2.0884] [autoencoder lr: 2.23e-04][mem: 8.33e+03](315.7 ms)
INFO:root:[3,   300/ 2562] - [Autoencoder Training] [Autoencoder Loss: 2.0902] [autoencoder lr: 2.24e-04][mem: 8.33e+03](315.7 ms)
INFO:root:[3,   400/ 2562] - [Autoencoder Training] [Autoencoder Loss: 2.0920] [autoencoder lr: 2.25e-04][mem: 8.33e+03](315.7 ms)
INFO:root:[3,   500/ 2562] - [Autoencoder Training] [Autoencoder Loss: 2.0937] [autoencoder lr: 2.27e-04][mem: 8.33e+03](315.7 ms)
INFO:root:[3,   600/ 2562] - [Autoencoder Training] [Autoencoder Loss: 2.0953] [autoencoder lr: 2.28e-04][mem: 8.33e+03](315.7 ms)
INFO:root:[3,   700/ 2562] - [Autoencoder Training] [Autoencoder Loss: 2.0969] [autoencoder lr: 2.30e-04][mem: 8.33e+03](315.6 ms)
INFO:root:[3,   800/ 2562] - [Autoencoder Training] [Autoencoder Loss: 2.0984] [autoencoder lr: 2.31e-04][mem: 8.33e+03](315.6 ms)
INFO:root:[3,   900/ 2562] - [Autoencoder Training] [Autoencoder Loss: 2.0999] [autoencoder lr: 2.32e-04][mem: 8.33e+03](315.6 ms)
INFO:root:[3,  1000/ 2562] - [Autoencoder Training] [Autoencoder Loss: 2.1014] [autoencoder lr: 2.34e-04][mem: 8.33e+03](315.6 ms)
INFO:root:[3,  1100/ 2562] - [Autoencoder Training] [Autoencoder Loss: 2.1027] [autoencoder lr: 2.35e-04][mem: 8.33e+03](315.6 ms)
INFO:root:[3,  1200/ 2562] - [Autoencoder Training] [Autoencoder Loss: 2.1041] [autoencoder lr: 2.36e-04][mem: 8.33e+03](315.6 ms)
INFO:root:[3,  1300/ 2562] - [Autoencoder Training] [Autoencoder Loss: 2.1054] [autoencoder lr: 2.38e-04][mem: 8.33e+03](315.5 ms)
INFO:root:[3,  1400/ 2562] - [Autoencoder Training] [Autoencoder Loss: 2.1067] [autoencoder lr: 2.39e-04][mem: 8.33e+03](315.5 ms)
INFO:root:[3,  1500/ 2562] - [Autoencoder Training] [Autoencoder Loss: 2.1079] [autoencoder lr: 2.41e-04][mem: 8.33e+03](315.5 ms)
INFO:root:[3,  1600/ 2562] - [Autoencoder Training] [Autoencoder Loss: 2.1091] [autoencoder lr: 2.42e-04][mem: 8.33e+03](315.5 ms)
INFO:root:[3,  1700/ 2562] - [Autoencoder Training] [Autoencoder Loss: 2.1102] [autoencoder lr: 2.43e-04][mem: 8.33e+03](315.5 ms)
INFO:root:[3,  1800/ 2562] - [Autoencoder Training] [Autoencoder Loss: 2.1113] [autoencoder lr: 2.45e-04][mem: 8.33e+03](315.5 ms)
INFO:root:[3,  1900/ 2562] - [Autoencoder Training] [Autoencoder Loss: 2.1124] [autoencoder lr: 2.46e-04][mem: 8.33e+03](315.5 ms)
INFO:root:[3,  2000/ 2562] - [Autoencoder Training] [Autoencoder Loss: 2.1135] [autoencoder lr: 2.47e-04][mem: 8.33e+03](315.5 ms)
INFO:root:[3,  2100/ 2562] - [Autoencoder Training] [Autoencoder Loss: 2.1145] [autoencoder lr: 2.49e-04][mem: 8.33e+03](315.5 ms)
INFO:root:[3,  2200/ 2562] - [Autoencoder Training] [Autoencoder Loss: 2.1155] [autoencoder lr: 2.50e-04][mem: 8.33e+03](315.5 ms)
INFO:root:[3,  2300/ 2562] - [Autoencoder Training] [Autoencoder Loss: 2.1165] [autoencoder lr: 2.51e-04][mem: 8.33e+03](315.5 ms)
INFO:root:[3,  2400/ 2562] - [Autoencoder Training] [Autoencoder Loss: 2.1174] [autoencoder lr: 2.53e-04][mem: 8.33e+03](315.5 ms)
INFO:root:[3,  2500/ 2562] - [Autoencoder Training] [Autoencoder Loss: 2.1184] [autoencoder lr: 2.54e-04][mem: 8.33e+03](315.4 ms)
INFO:root: - - Epoch: 4 - - 
INFO:faiss.loader:Loading faiss with AVX2 support.
INFO:faiss.loader:Successfully loaded faiss with AVX2 support.
INFO:faiss.loader:Loading faiss with AVX2 support.
INFO:faiss.loader:Successfully loaded faiss with AVX2 support.
INFO:faiss.loader:Loading faiss with AVX2 support.
INFO:faiss.loader:Successfully loaded faiss with AVX2 support.
INFO:faiss.loader:Loading faiss with AVX2 support.
INFO:faiss.loader:Successfully loaded faiss with AVX2 support.
INFO:faiss.loader:Loading faiss with AVX2 support.
INFO:faiss.loader:Successfully loaded faiss with AVX2 support.
INFO:faiss.loader:Loading faiss with AVX2 support.
INFO:faiss.loader:Successfully loaded faiss with AVX2 support.
INFO:faiss.loader:Loading faiss with AVX2 support.
INFO:faiss.loader:Successfully loaded faiss with AVX2 support.
INFO:faiss.loader:Loading faiss with AVX2 support.
INFO:faiss.loader:Successfully loaded faiss with AVX2 support.
INFO:faiss.loader:Loading faiss with AVX2 support.
INFO:faiss.loader:Successfully loaded faiss with AVX2 support.
INFO:faiss.loader:Loading faiss with AVX2 support.
INFO:faiss.loader:Successfully loaded faiss with AVX2 support.
INFO:faiss.loader:Loading faiss with AVX2 support.
INFO:faiss.loader:Successfully loaded faiss with AVX2 support.
INFO:faiss.loader:Loading faiss with AVX2 support.
INFO:faiss.loader:Successfully loaded faiss with AVX2 support.
INFO:faiss.loader:Loading faiss with AVX2 support.
INFO:faiss.loader:Successfully loaded faiss with AVX2 support.
INFO:faiss.loader:Loading faiss with AVX2 support.
INFO:faiss.loader:Successfully loaded faiss with AVX2 support.
INFO:faiss.loader:Loading faiss with AVX2 support.
INFO:faiss.loader:Successfully loaded faiss with AVX2 support.
INFO:faiss.loader:Loading faiss with AVX2 support.
INFO:faiss.loader:Successfully loaded faiss with AVX2 support.
INFO:root:[4,     0/ 2562] - [Autoencoder Training] [Autoencoder Loss: 2.1189] [autoencoder lr: 2.55e-04][mem: 8.33e+03](315.4 ms)
INFO:root:[4,   100/ 2562] - [Autoencoder Training] [Autoencoder Loss: 2.1198] [autoencoder lr: 2.56e-04][mem: 8.33e+03](315.4 ms)
INFO:root:[4,   200/ 2562] - [Autoencoder Training] [Autoencoder Loss: 2.1207] [autoencoder lr: 2.58e-04][mem: 8.33e+03](315.4 ms)
INFO:root:[4,   300/ 2562] - [Autoencoder Training] [Autoencoder Loss: 2.1215] [autoencoder lr: 2.59e-04][mem: 8.33e+03](315.4 ms)
INFO:root:[4,   400/ 2562] - [Autoencoder Training] [Autoencoder Loss: 2.1223] [autoencoder lr: 2.60e-04][mem: 8.33e+03](315.4 ms)
INFO:root:[4,   500/ 2562] - [Autoencoder Training] [Autoencoder Loss: 2.1231] [autoencoder lr: 2.62e-04][mem: 8.33e+03](315.4 ms)
INFO:root:[4,   600/ 2562] - [Autoencoder Training] [Autoencoder Loss: 2.1239] [autoencoder lr: 2.63e-04][mem: 8.33e+03](315.4 ms)
INFO:root:[4,   700/ 2562] - [Autoencoder Training] [Autoencoder Loss: 2.1247] [autoencoder lr: 2.65e-04][mem: 8.33e+03](315.4 ms)
INFO:root:[4,   800/ 2562] - [Autoencoder Training] [Autoencoder Loss: 2.1254] [autoencoder lr: 2.66e-04][mem: 8.33e+03](315.4 ms)
INFO:root:[4,   900/ 2562] - [Autoencoder Training] [Autoencoder Loss: 2.1261] [autoencoder lr: 2.67e-04][mem: 8.33e+03](315.4 ms)
INFO:root:[4,  1000/ 2562] - [Autoencoder Training] [Autoencoder Loss: 2.1268] [autoencoder lr: 2.69e-04][mem: 8.33e+03](315.4 ms)
INFO:root:[4,  1100/ 2562] - [Autoencoder Training] [Autoencoder Loss: 2.1275] [autoencoder lr: 2.70e-04][mem: 8.33e+03](315.4 ms)
INFO:root:[4,  1200/ 2562] - [Autoencoder Training] [Autoencoder Loss: 2.1282] [autoencoder lr: 2.71e-04][mem: 8.33e+03](315.4 ms)
INFO:root:[4,  1300/ 2562] - [Autoencoder Training] [Autoencoder Loss: 2.1289] [autoencoder lr: 2.73e-04][mem: 8.33e+03](315.4 ms)
INFO:root:[4,  1400/ 2562] - [Autoencoder Training] [Autoencoder Loss: 2.1295] [autoencoder lr: 2.74e-04][mem: 8.33e+03](315.4 ms)
INFO:root:[4,  1500/ 2562] - [Autoencoder Training] [Autoencoder Loss: 2.1302] [autoencoder lr: 2.76e-04][mem: 8.33e+03](315.4 ms)
INFO:root:[4,  1600/ 2562] - [Autoencoder Training] [Autoencoder Loss: 2.1308] [autoencoder lr: 2.77e-04][mem: 8.33e+03](315.4 ms)
INFO:root:[4,  1700/ 2562] - [Autoencoder Training] [Autoencoder Loss: 2.1314] [autoencoder lr: 2.78e-04][mem: 8.33e+03](315.4 ms)
INFO:root:[4,  1800/ 2562] - [Autoencoder Training] [Autoencoder Loss: 2.1320] [autoencoder lr: 2.80e-04][mem: 8.33e+03](315.4 ms)
INFO:root:[4,  1900/ 2562] - [Autoencoder Training] [Autoencoder Loss: 2.1326] [autoencoder lr: 2.81e-04][mem: 8.33e+03](315.4 ms)
INFO:root:[4,  2000/ 2562] - [Autoencoder Training] [Autoencoder Loss: 2.1331] [autoencoder lr: 2.82e-04][mem: 8.33e+03](315.4 ms)
INFO:root:[4,  2100/ 2562] - [Autoencoder Training] [Autoencoder Loss: 2.1337] [autoencoder lr: 2.84e-04][mem: 8.33e+03](315.4 ms)
INFO:root:[4,  2200/ 2562] - [Autoencoder Training] [Autoencoder Loss: 2.1342] [autoencoder lr: 2.85e-04][mem: 8.33e+03](315.4 ms)
INFO:root:[4,  2300/ 2562] - [Autoencoder Training] [Autoencoder Loss: 2.1348] [autoencoder lr: 2.86e-04][mem: 8.33e+03](315.3 ms)
INFO:root:[4,  2400/ 2562] - [Autoencoder Training] [Autoencoder Loss: 2.1353] [autoencoder lr: 2.88e-04][mem: 8.33e+03](315.3 ms)
INFO:root:[4,  2500/ 2562] - [Autoencoder Training] [Autoencoder Loss: 2.1358] [autoencoder lr: 2.89e-04][mem: 8.33e+03](315.3 ms)
INFO:root: - - Epoch: 5 - - 
INFO:faiss.loader:Loading faiss with AVX2 support.
INFO:faiss.loader:Successfully loaded faiss with AVX2 support.
INFO:faiss.loader:Loading faiss with AVX2 support.
INFO:faiss.loader:Successfully loaded faiss with AVX2 support.
INFO:faiss.loader:Loading faiss with AVX2 support.
INFO:faiss.loader:Successfully loaded faiss with AVX2 support.
INFO:faiss.loader:Loading faiss with AVX2 support.
INFO:faiss.loader:Successfully loaded faiss with AVX2 support.
INFO:faiss.loader:Loading faiss with AVX2 support.
INFO:faiss.loader:Successfully loaded faiss with AVX2 support.
INFO:faiss.loader:Loading faiss with AVX2 support.
INFO:faiss.loader:Successfully loaded faiss with AVX2 support.
INFO:faiss.loader:Loading faiss with AVX2 support.
INFO:faiss.loader:Successfully loaded faiss with AVX2 support.
INFO:faiss.loader:Loading faiss with AVX2 support.
INFO:faiss.loader:Successfully loaded faiss with AVX2 support.
INFO:faiss.loader:Loading faiss with AVX2 support.
INFO:faiss.loader:Successfully loaded faiss with AVX2 support.
INFO:faiss.loader:Loading faiss with AVX2 support.
INFO:faiss.loader:Successfully loaded faiss with AVX2 support.
INFO:faiss.loader:Loading faiss with AVX2 support.
INFO:faiss.loader:Successfully loaded faiss with AVX2 support.
INFO:faiss.loader:Loading faiss with AVX2 support.
INFO:faiss.loader:Successfully loaded faiss with AVX2 support.
INFO:faiss.loader:Loading faiss with AVX2 support.
INFO:faiss.loader:Successfully loaded faiss with AVX2 support.
INFO:faiss.loader:Loading faiss with AVX2 support.
INFO:faiss.loader:Successfully loaded faiss with AVX2 support.
INFO:faiss.loader:Loading faiss with AVX2 support.
INFO:faiss.loader:Successfully loaded faiss with AVX2 support.
INFO:faiss.loader:Loading faiss with AVX2 support.
INFO:faiss.loader:Successfully loaded faiss with AVX2 support.
INFO:root:[5,     0/ 2562] - [Autoencoder Training] [Autoencoder Loss: 2.1361] [autoencoder lr: 2.90e-04][mem: 8.33e+03](315.3 ms)
INFO:root:[5,   100/ 2562] - [Autoencoder Training] [Autoencoder Loss: 2.1366] [autoencoder lr: 2.91e-04][mem: 8.33e+03](315.3 ms)
INFO:root:[5,   200/ 2562] - [Autoencoder Training] [Autoencoder Loss: 2.1371] [autoencoder lr: 2.93e-04][mem: 8.33e+03](315.3 ms)
INFO:root:[5,   300/ 2562] - [Autoencoder Training] [Autoencoder Loss: 2.1376] [autoencoder lr: 2.94e-04][mem: 8.33e+03](315.3 ms)
INFO:root:[5,   400/ 2562] - [Autoencoder Training] [Autoencoder Loss: 2.1381] [autoencoder lr: 2.95e-04][mem: 8.33e+03](315.3 ms)
INFO:root:[5,   500/ 2562] - [Autoencoder Training] [Autoencoder Loss: 2.1385] [autoencoder lr: 2.97e-04][mem: 8.33e+03](315.3 ms)
INFO:root:[5,   600/ 2562] - [Autoencoder Training] [Autoencoder Loss: 2.1390] [autoencoder lr: 2.98e-04][mem: 8.33e+03](315.3 ms)
INFO:root:[5,   700/ 2562] - [Autoencoder Training] [Autoencoder Loss: 2.1394] [autoencoder lr: 3.00e-04][mem: 8.33e+03](315.3 ms)
INFO:root:[5,   800/ 2562] - [Autoencoder Training] [Autoencoder Loss: 2.1399] [autoencoder lr: 3.01e-04][mem: 8.33e+03](315.3 ms)
INFO:root:[5,   900/ 2562] - [Autoencoder Training] [Autoencoder Loss: 2.1403] [autoencoder lr: 3.02e-04][mem: 8.33e+03](315.3 ms)
INFO:root:[5,  1000/ 2562] - [Autoencoder Training] [Autoencoder Loss: 2.1407] [autoencoder lr: 3.04e-04][mem: 8.33e+03](315.3 ms)
INFO:root:[5,  1100/ 2562] - [Autoencoder Training] [Autoencoder Loss: 2.1411] [autoencoder lr: 3.05e-04][mem: 8.33e+03](315.3 ms)
INFO:root:[5,  1200/ 2562] - [Autoencoder Training] [Autoencoder Loss: 2.1415] [autoencoder lr: 3.06e-04][mem: 8.33e+03](315.3 ms)
INFO:root:[5,  1300/ 2562] - [Autoencoder Training] [Autoencoder Loss: 2.1419] [autoencoder lr: 3.08e-04][mem: 8.33e+03](315.2 ms)
INFO:root:[5,  1400/ 2562] - [Autoencoder Training] [Autoencoder Loss: 2.1423] [autoencoder lr: 3.09e-04][mem: 8.33e+03](315.2 ms)
INFO:root:[5,  1500/ 2562] - [Autoencoder Training] [Autoencoder Loss: 2.1427] [autoencoder lr: 3.11e-04][mem: 8.33e+03](315.2 ms)
INFO:root:[5,  1600/ 2562] - [Autoencoder Training] [Autoencoder Loss: 2.1431] [autoencoder lr: 3.12e-04][mem: 8.33e+03](315.2 ms)
INFO:root:[5,  1700/ 2562] - [Autoencoder Training] [Autoencoder Loss: 2.1435] [autoencoder lr: 3.13e-04][mem: 8.33e+03](315.2 ms)
INFO:root:[5,  1800/ 2562] - [Autoencoder Training] [Autoencoder Loss: 2.1438] [autoencoder lr: 3.15e-04][mem: 8.33e+03](315.2 ms)
INFO:root:[5,  1900/ 2562] - [Autoencoder Training] [Autoencoder Loss: 2.1442] [autoencoder lr: 3.16e-04][mem: 8.33e+03](315.2 ms)
INFO:root:[5,  2000/ 2562] - [Autoencoder Training] [Autoencoder Loss: 2.1446] [autoencoder lr: 3.17e-04][mem: 8.33e+03](315.2 ms)
INFO:root:[5,  2100/ 2562] - [Autoencoder Training] [Autoencoder Loss: 2.1449] [autoencoder lr: 3.19e-04][mem: 8.33e+03](315.2 ms)
INFO:root:[5,  2200/ 2562] - [Autoencoder Training] [Autoencoder Loss: 2.1452] [autoencoder lr: 3.20e-04][mem: 8.33e+03](315.2 ms)
INFO:root:[5,  2300/ 2562] - [Autoencoder Training] [Autoencoder Loss: 2.1456] [autoencoder lr: 3.21e-04][mem: 8.33e+03](315.2 ms)
INFO:root:[5,  2400/ 2562] - [Autoencoder Training] [Autoencoder Loss: 2.1459] [autoencoder lr: 3.23e-04][mem: 8.33e+03](315.2 ms)
INFO:root:[5,  2500/ 2562] - [Autoencoder Training] [Autoencoder Loss: 2.1462] [autoencoder lr: 3.24e-04][mem: 8.33e+03](315.2 ms)
INFO:root: - - Epoch: 6 - - 
INFO:faiss.loader:Loading faiss with AVX2 support.
INFO:faiss.loader:Successfully loaded faiss with AVX2 support.
INFO:faiss.loader:Loading faiss with AVX2 support.
INFO:faiss.loader:Successfully loaded faiss with AVX2 support.
INFO:faiss.loader:Loading faiss with AVX2 support.
INFO:faiss.loader:Successfully loaded faiss with AVX2 support.
INFO:faiss.loader:Loading faiss with AVX2 support.
INFO:faiss.loader:Successfully loaded faiss with AVX2 support.
INFO:faiss.loader:Loading faiss with AVX2 support.
INFO:faiss.loader:Successfully loaded faiss with AVX2 support.
INFO:faiss.loader:Loading faiss with AVX2 support.
INFO:faiss.loader:Successfully loaded faiss with AVX2 support.
INFO:faiss.loader:Loading faiss with AVX2 support.
INFO:faiss.loader:Successfully loaded faiss with AVX2 support.
INFO:faiss.loader:Loading faiss with AVX2 support.
INFO:faiss.loader:Successfully loaded faiss with AVX2 support.
INFO:faiss.loader:Loading faiss with AVX2 support.
INFO:faiss.loader:Successfully loaded faiss with AVX2 support.
INFO:faiss.loader:Loading faiss with AVX2 support.
INFO:faiss.loader:Successfully loaded faiss with AVX2 support.
INFO:faiss.loader:Loading faiss with AVX2 support.
INFO:faiss.loader:Successfully loaded faiss with AVX2 support.
INFO:faiss.loader:Loading faiss with AVX2 support.
INFO:faiss.loader:Successfully loaded faiss with AVX2 support.
INFO:faiss.loader:Loading faiss with AVX2 support.
INFO:faiss.loader:Successfully loaded faiss with AVX2 support.
INFO:faiss.loader:Loading faiss with AVX2 support.
INFO:faiss.loader:Successfully loaded faiss with AVX2 support.
INFO:faiss.loader:Loading faiss with AVX2 support.
INFO:faiss.loader:Successfully loaded faiss with AVX2 support.
INFO:faiss.loader:Loading faiss with AVX2 support.
INFO:faiss.loader:Successfully loaded faiss with AVX2 support.
INFO:root:[6,     0/ 2562] - [Autoencoder Training] [Autoencoder Loss: 2.1465] [autoencoder lr: 3.25e-04][mem: 8.33e+03](315.2 ms)
INFO:root:[6,   100/ 2562] - [Autoencoder Training] [Autoencoder Loss: 2.1468] [autoencoder lr: 3.26e-04][mem: 8.33e+03](315.2 ms)
INFO:root:[6,   200/ 2562] - [Autoencoder Training] [Autoencoder Loss: 2.1471] [autoencoder lr: 3.28e-04][mem: 8.33e+03](315.2 ms)
INFO:root:[6,   300/ 2562] - [Autoencoder Training] [Autoencoder Loss: 2.1474] [autoencoder lr: 3.29e-04][mem: 8.33e+03](315.2 ms)
INFO:root:[6,   400/ 2562] - [Autoencoder Training] [Autoencoder Loss: 2.1477] [autoencoder lr: 3.30e-04][mem: 8.33e+03](315.2 ms)
INFO:root:[6,   500/ 2562] - [Autoencoder Training] [Autoencoder Loss: 2.1480] [autoencoder lr: 3.32e-04][mem: 8.33e+03](315.2 ms)
INFO:root:[6,   600/ 2562] - [Autoencoder Training] [Autoencoder Loss: 2.1483] [autoencoder lr: 3.33e-04][mem: 8.33e+03](315.2 ms)
INFO:root:[6,   700/ 2562] - [Autoencoder Training] [Autoencoder Loss: 2.1486] [autoencoder lr: 3.35e-04][mem: 8.33e+03](315.2 ms)
INFO:root:[6,   800/ 2562] - [Autoencoder Training] [Autoencoder Loss: 2.1489] [autoencoder lr: 3.36e-04][mem: 8.33e+03](315.2 ms)
INFO:root:[6,   900/ 2562] - [Autoencoder Training] [Autoencoder Loss: 2.1492] [autoencoder lr: 3.37e-04][mem: 8.33e+03](315.2 ms)
INFO:root:[6,  1000/ 2562] - [Autoencoder Training] [Autoencoder Loss: 2.1494] [autoencoder lr: 3.39e-04][mem: 8.33e+03](315.2 ms)
INFO:root:[6,  1100/ 2562] - [Autoencoder Training] [Autoencoder Loss: 2.1497] [autoencoder lr: 3.40e-04][mem: 8.33e+03](315.2 ms)
INFO:root:[6,  1200/ 2562] - [Autoencoder Training] [Autoencoder Loss: 2.1500] [autoencoder lr: 3.41e-04][mem: 8.33e+03](315.2 ms)
INFO:root:[6,  1300/ 2562] - [Autoencoder Training] [Autoencoder Loss: 2.1503] [autoencoder lr: 3.43e-04][mem: 8.33e+03](315.2 ms)
INFO:root:[6,  1400/ 2562] - [Autoencoder Training] [Autoencoder Loss: 2.1505] [autoencoder lr: 3.44e-04][mem: 8.33e+03](315.2 ms)
INFO:root:[6,  1500/ 2562] - [Autoencoder Training] [Autoencoder Loss: 2.1508] [autoencoder lr: 3.46e-04][mem: 8.33e+03](315.2 ms)
INFO:root:[6,  1600/ 2562] - [Autoencoder Training] [Autoencoder Loss: 2.1510] [autoencoder lr: 3.47e-04][mem: 8.33e+03](315.2 ms)
INFO:root:[6,  1700/ 2562] - [Autoencoder Training] [Autoencoder Loss: 2.1513] [autoencoder lr: 3.48e-04][mem: 8.33e+03](315.2 ms)
INFO:root:[6,  1800/ 2562] - [Autoencoder Training] [Autoencoder Loss: 2.1516] [autoencoder lr: 3.50e-04][mem: 8.33e+03](315.2 ms)
INFO:root:[6,  1900/ 2562] - [Autoencoder Training] [Autoencoder Loss: 2.1518] [autoencoder lr: 3.51e-04][mem: 8.33e+03](315.2 ms)
INFO:root:[6,  2000/ 2562] - [Autoencoder Training] [Autoencoder Loss: 2.1520] [autoencoder lr: 3.52e-04][mem: 8.33e+03](315.2 ms)
INFO:root:[6,  2100/ 2562] - [Autoencoder Training] [Autoencoder Loss: 2.1523] [autoencoder lr: 3.54e-04][mem: 8.33e+03](315.2 ms)
INFO:root:[6,  2200/ 2562] - [Autoencoder Training] [Autoencoder Loss: 2.1525] [autoencoder lr: 3.55e-04][mem: 8.33e+03](315.2 ms)
INFO:root:[6,  2300/ 2562] - [Autoencoder Training] [Autoencoder Loss: 2.1528] [autoencoder lr: 3.56e-04][mem: 8.33e+03](315.2 ms)
INFO:root:[6,  2400/ 2562] - [Autoencoder Training] [Autoencoder Loss: 2.1530] [autoencoder lr: 3.58e-04][mem: 8.33e+03](315.2 ms)
INFO:root:[6,  2500/ 2562] - [Autoencoder Training] [Autoencoder Loss: 2.1532] [autoencoder lr: 3.59e-04][mem: 8.33e+03](315.2 ms)
INFO:root: - - Epoch: 7 - - 
INFO:faiss.loader:Loading faiss with AVX2 support.
INFO:faiss.loader:Successfully loaded faiss with AVX2 support.
INFO:faiss.loader:Loading faiss with AVX2 support.
INFO:faiss.loader:Successfully loaded faiss with AVX2 support.
INFO:faiss.loader:Loading faiss with AVX2 support.
INFO:faiss.loader:Successfully loaded faiss with AVX2 support.
INFO:faiss.loader:Loading faiss with AVX2 support.
INFO:faiss.loader:Successfully loaded faiss with AVX2 support.
INFO:faiss.loader:Loading faiss with AVX2 support.
INFO:faiss.loader:Successfully loaded faiss with AVX2 support.
INFO:faiss.loader:Loading faiss with AVX2 support.
INFO:faiss.loader:Successfully loaded faiss with AVX2 support.
INFO:faiss.loader:Loading faiss with AVX2 support.
INFO:faiss.loader:Successfully loaded faiss with AVX2 support.
INFO:faiss.loader:Loading faiss with AVX2 support.
INFO:faiss.loader:Successfully loaded faiss with AVX2 support.
INFO:faiss.loader:Loading faiss with AVX2 support.
INFO:faiss.loader:Successfully loaded faiss with AVX2 support.
INFO:faiss.loader:Loading faiss with AVX2 support.
INFO:faiss.loader:Successfully loaded faiss with AVX2 support.
INFO:faiss.loader:Loading faiss with AVX2 support.
INFO:faiss.loader:Successfully loaded faiss with AVX2 support.
INFO:faiss.loader:Loading faiss with AVX2 support.
INFO:faiss.loader:Successfully loaded faiss with AVX2 support.
INFO:faiss.loader:Loading faiss with AVX2 support.
INFO:faiss.loader:Successfully loaded faiss with AVX2 support.
INFO:faiss.loader:Loading faiss with AVX2 support.
INFO:faiss.loader:Successfully loaded faiss with AVX2 support.
INFO:faiss.loader:Loading faiss with AVX2 support.
INFO:faiss.loader:Successfully loaded faiss with AVX2 support.
INFO:faiss.loader:Loading faiss with AVX2 support.
INFO:faiss.loader:Successfully loaded faiss with AVX2 support.
INFO:root:[7,     0/ 2562] - [Autoencoder Training] [Autoencoder Loss: 2.1534] [autoencoder lr: 3.60e-04][mem: 8.33e+03](315.2 ms)
INFO:root:[7,   100/ 2562] - [Autoencoder Training] [Autoencoder Loss: 2.1536] [autoencoder lr: 3.61e-04][mem: 8.33e+03](315.2 ms)
INFO:root:[7,   200/ 2562] - [Autoencoder Training] [Autoencoder Loss: 2.1538] [autoencoder lr: 3.63e-04][mem: 8.33e+03](315.2 ms)
INFO:root:[7,   300/ 2562] - [Autoencoder Training] [Autoencoder Loss: 2.1540] [autoencoder lr: 3.64e-04][mem: 8.33e+03](315.2 ms)
INFO:root:[7,   400/ 2562] - [Autoencoder Training] [Autoencoder Loss: 2.1542] [autoencoder lr: 3.65e-04][mem: 8.33e+03](315.2 ms)
INFO:root:[7,   500/ 2562] - [Autoencoder Training] [Autoencoder Loss: 2.1545] [autoencoder lr: 3.67e-04][mem: 8.33e+03](315.2 ms)
INFO:root:[7,   600/ 2562] - [Autoencoder Training] [Autoencoder Loss: 2.1547] [autoencoder lr: 3.68e-04][mem: 8.33e+03](315.2 ms)
INFO:root:[7,   700/ 2562] - [Autoencoder Training] [Autoencoder Loss: 2.1549] [autoencoder lr: 3.70e-04][mem: 8.33e+03](315.2 ms)
INFO:root:[7,   800/ 2562] - [Autoencoder Training] [Autoencoder Loss: 2.1551] [autoencoder lr: 3.71e-04][mem: 8.33e+03](315.2 ms)
INFO:root:[7,   900/ 2562] - [Autoencoder Training] [Autoencoder Loss: 2.1553] [autoencoder lr: 3.72e-04][mem: 8.33e+03](315.2 ms)
INFO:root:[7,  1000/ 2562] - [Autoencoder Training] [Autoencoder Loss: 2.1555] [autoencoder lr: 3.74e-04][mem: 8.33e+03](315.2 ms)
INFO:root:[7,  1100/ 2562] - [Autoencoder Training] [Autoencoder Loss: 2.1557] [autoencoder lr: 3.75e-04][mem: 8.33e+03](315.2 ms)
INFO:root:[7,  1200/ 2562] - [Autoencoder Training] [Autoencoder Loss: 2.1559] [autoencoder lr: 3.76e-04][mem: 8.33e+03](315.2 ms)
INFO:root:[7,  1300/ 2562] - [Autoencoder Training] [Autoencoder Loss: 2.1560] [autoencoder lr: 3.78e-04][mem: 8.33e+03](315.2 ms)
INFO:root:[7,  1400/ 2562] - [Autoencoder Training] [Autoencoder Loss: 2.1562] [autoencoder lr: 3.79e-04][mem: 8.33e+03](315.2 ms)
INFO:root:[7,  1500/ 2562] - [Autoencoder Training] [Autoencoder Loss: 2.1564] [autoencoder lr: 3.81e-04][mem: 8.33e+03](315.2 ms)
INFO:root:[7,  1600/ 2562] - [Autoencoder Training] [Autoencoder Loss: 2.1566] [autoencoder lr: 3.82e-04][mem: 8.33e+03](315.2 ms)
INFO:root:[7,  1700/ 2562] - [Autoencoder Training] [Autoencoder Loss: 2.1568] [autoencoder lr: 3.83e-04][mem: 8.33e+03](315.2 ms)
INFO:root:[7,  1800/ 2562] - [Autoencoder Training] [Autoencoder Loss: 2.1570] [autoencoder lr: 3.85e-04][mem: 8.33e+03](315.2 ms)
INFO:root:[7,  1900/ 2562] - [Autoencoder Training] [Autoencoder Loss: 2.1572] [autoencoder lr: 3.86e-04][mem: 8.33e+03](315.2 ms)
INFO:root:[7,  2000/ 2562] - [Autoencoder Training] [Autoencoder Loss: 2.1573] [autoencoder lr: 3.87e-04][mem: 8.33e+03](315.2 ms)
INFO:root:[7,  2100/ 2562] - [Autoencoder Training] [Autoencoder Loss: 2.1575] [autoencoder lr: 3.89e-04][mem: 8.33e+03](315.2 ms)
INFO:root:[7,  2200/ 2562] - [Autoencoder Training] [Autoencoder Loss: 2.1577] [autoencoder lr: 3.90e-04][mem: 8.33e+03](315.2 ms)
INFO:root:[7,  2300/ 2562] - [Autoencoder Training] [Autoencoder Loss: 2.1578] [autoencoder lr: 3.91e-04][mem: 8.33e+03](315.2 ms)
INFO:root:[7,  2400/ 2562] - [Autoencoder Training] [Autoencoder Loss: 2.1580] [autoencoder lr: 3.93e-04][mem: 8.33e+03](315.2 ms)
INFO:root:[7,  2500/ 2562] - [Autoencoder Training] [Autoencoder Loss: 2.1582] [autoencoder lr: 3.94e-04][mem: 8.33e+03](315.2 ms)
INFO:root: - - Epoch: 8 - - 
INFO:faiss.loader:Loading faiss with AVX2 support.
INFO:faiss.loader:Successfully loaded faiss with AVX2 support.
INFO:faiss.loader:Loading faiss with AVX2 support.
INFO:faiss.loader:Successfully loaded faiss with AVX2 support.
INFO:faiss.loader:Loading faiss with AVX2 support.
INFO:faiss.loader:Successfully loaded faiss with AVX2 support.
INFO:faiss.loader:Loading faiss with AVX2 support.
INFO:faiss.loader:Successfully loaded faiss with AVX2 support.
INFO:faiss.loader:Loading faiss with AVX2 support.
INFO:faiss.loader:Successfully loaded faiss with AVX2 support.
INFO:faiss.loader:Loading faiss with AVX2 support.
INFO:faiss.loader:Successfully loaded faiss with AVX2 support.
INFO:faiss.loader:Loading faiss with AVX2 support.
INFO:faiss.loader:Successfully loaded faiss with AVX2 support.
INFO:faiss.loader:Loading faiss with AVX2 support.
INFO:faiss.loader:Successfully loaded faiss with AVX2 support.
INFO:faiss.loader:Loading faiss with AVX2 support.
INFO:faiss.loader:Successfully loaded faiss with AVX2 support.
INFO:faiss.loader:Loading faiss with AVX2 support.
INFO:faiss.loader:Successfully loaded faiss with AVX2 support.
INFO:faiss.loader:Loading faiss with AVX2 support.
INFO:faiss.loader:Successfully loaded faiss with AVX2 support.
INFO:faiss.loader:Loading faiss with AVX2 support.
INFO:faiss.loader:Successfully loaded faiss with AVX2 support.
INFO:faiss.loader:Loading faiss with AVX2 support.
INFO:faiss.loader:Successfully loaded faiss with AVX2 support.
INFO:faiss.loader:Loading faiss with AVX2 support.
INFO:faiss.loader:Successfully loaded faiss with AVX2 support.
INFO:faiss.loader:Loading faiss with AVX2 support.
INFO:faiss.loader:Successfully loaded faiss with AVX2 support.
INFO:faiss.loader:Loading faiss with AVX2 support.
INFO:faiss.loader:Successfully loaded faiss with AVX2 support.
INFO:root:[8,     0/ 2562] - [Autoencoder Training] [Autoencoder Loss: 2.1583] [autoencoder lr: 3.95e-04][mem: 8.33e+03](315.2 ms)
INFO:root:[8,   100/ 2562] - [Autoencoder Training] [Autoencoder Loss: 2.1585] [autoencoder lr: 3.96e-04][mem: 8.33e+03](315.2 ms)
INFO:root:[8,   200/ 2562] - [Autoencoder Training] [Autoencoder Loss: 2.1586] [autoencoder lr: 3.98e-04][mem: 8.33e+03](315.2 ms)
INFO:root:[8,   300/ 2562] - [Autoencoder Training] [Autoencoder Loss: 2.1588] [autoencoder lr: 3.99e-04][mem: 8.33e+03](315.2 ms)
INFO:root:[8,   400/ 2562] - [Autoencoder Training] [Autoencoder Loss: 2.1589] [autoencoder lr: 4.00e-04][mem: 8.33e+03](315.2 ms)
INFO:root:[8,   500/ 2562] - [Autoencoder Training] [Autoencoder Loss: 2.1591] [autoencoder lr: 4.02e-04][mem: 8.33e+03](315.2 ms)
INFO:root:[8,   600/ 2562] - [Autoencoder Training] [Autoencoder Loss: 2.1593] [autoencoder lr: 4.03e-04][mem: 8.33e+03](315.2 ms)
INFO:root:[8,   700/ 2562] - [Autoencoder Training] [Autoencoder Loss: 2.1594] [autoencoder lr: 4.05e-04][mem: 8.33e+03](315.2 ms)
INFO:root:[8,   800/ 2562] - [Autoencoder Training] [Autoencoder Loss: 2.1596] [autoencoder lr: 4.06e-04][mem: 8.33e+03](315.2 ms)
INFO:root:[8,   900/ 2562] - [Autoencoder Training] [Autoencoder Loss: 2.1597] [autoencoder lr: 4.07e-04][mem: 8.33e+03](315.2 ms)
INFO:root:[8,  1000/ 2562] - [Autoencoder Training] [Autoencoder Loss: 2.1599] [autoencoder lr: 4.09e-04][mem: 8.33e+03](315.2 ms)
INFO:root:[8,  1100/ 2562] - [Autoencoder Training] [Autoencoder Loss: 2.1600] [autoencoder lr: 4.10e-04][mem: 8.33e+03](315.2 ms)
INFO:root:[8,  1200/ 2562] - [Autoencoder Training] [Autoencoder Loss: 2.1601] [autoencoder lr: 4.11e-04][mem: 8.33e+03](315.2 ms)
INFO:root:[8,  1300/ 2562] - [Autoencoder Training] [Autoencoder Loss: 2.1603] [autoencoder lr: 4.13e-04][mem: 8.33e+03](315.2 ms)
INFO:root:[8,  1400/ 2562] - [Autoencoder Training] [Autoencoder Loss: 2.1604] [autoencoder lr: 4.14e-04][mem: 8.33e+03](315.2 ms)
INFO:root:[8,  1500/ 2562] - [Autoencoder Training] [Autoencoder Loss: 2.1606] [autoencoder lr: 4.16e-04][mem: 8.33e+03](315.2 ms)
INFO:root:[8,  1600/ 2562] - [Autoencoder Training] [Autoencoder Loss: 2.1607] [autoencoder lr: 4.17e-04][mem: 8.33e+03](315.2 ms)
INFO:root:[8,  1700/ 2562] - [Autoencoder Training] [Autoencoder Loss: 2.1609] [autoencoder lr: 4.18e-04][mem: 8.33e+03](315.2 ms)
INFO:root:[8,  1800/ 2562] - [Autoencoder Training] [Autoencoder Loss: 2.1610] [autoencoder lr: 4.20e-04][mem: 8.33e+03](315.2 ms)
INFO:root:[8,  1900/ 2562] - [Autoencoder Training] [Autoencoder Loss: 2.1611] [autoencoder lr: 4.21e-04][mem: 8.33e+03](315.1 ms)
INFO:root:[8,  2000/ 2562] - [Autoencoder Training] [Autoencoder Loss: 2.1613] [autoencoder lr: 4.22e-04][mem: 8.33e+03](315.1 ms)
INFO:root:[8,  2100/ 2562] - [Autoencoder Training] [Autoencoder Loss: 2.1614] [autoencoder lr: 4.24e-04][mem: 8.33e+03](315.1 ms)
INFO:root:[8,  2200/ 2562] - [Autoencoder Training] [Autoencoder Loss: 2.1615] [autoencoder lr: 4.25e-04][mem: 8.33e+03](315.1 ms)
INFO:root:[8,  2300/ 2562] - [Autoencoder Training] [Autoencoder Loss: 2.1617] [autoencoder lr: 4.26e-04][mem: 8.33e+03](315.1 ms)
INFO:root:[8,  2400/ 2562] - [Autoencoder Training] [Autoencoder Loss: 2.1618] [autoencoder lr: 4.28e-04][mem: 8.33e+03](315.1 ms)
INFO:root:[8,  2500/ 2562] - [Autoencoder Training] [Autoencoder Loss: 2.1619] [autoencoder lr: 4.29e-04][mem: 8.33e+03](315.1 ms)
INFO:root: - - Epoch: 9 - - 
INFO:faiss.loader:Loading faiss with AVX2 support.
INFO:faiss.loader:Successfully loaded faiss with AVX2 support.
INFO:faiss.loader:Loading faiss with AVX2 support.
INFO:faiss.loader:Successfully loaded faiss with AVX2 support.
INFO:faiss.loader:Loading faiss with AVX2 support.
INFO:faiss.loader:Successfully loaded faiss with AVX2 support.
INFO:faiss.loader:Loading faiss with AVX2 support.
INFO:faiss.loader:Successfully loaded faiss with AVX2 support.
INFO:faiss.loader:Loading faiss with AVX2 support.
INFO:faiss.loader:Successfully loaded faiss with AVX2 support.
INFO:faiss.loader:Loading faiss with AVX2 support.
INFO:faiss.loader:Successfully loaded faiss with AVX2 support.
INFO:faiss.loader:Loading faiss with AVX2 support.
INFO:faiss.loader:Successfully loaded faiss with AVX2 support.
INFO:faiss.loader:Loading faiss with AVX2 support.
INFO:faiss.loader:Successfully loaded faiss with AVX2 support.
INFO:faiss.loader:Loading faiss with AVX2 support.
INFO:faiss.loader:Successfully loaded faiss with AVX2 support.
INFO:faiss.loader:Loading faiss with AVX2 support.
INFO:faiss.loader:Successfully loaded faiss with AVX2 support.
INFO:faiss.loader:Loading faiss with AVX2 support.
INFO:faiss.loader:Successfully loaded faiss with AVX2 support.
INFO:faiss.loader:Loading faiss with AVX2 support.
INFO:faiss.loader:Successfully loaded faiss with AVX2 support.
INFO:faiss.loader:Loading faiss with AVX2 support.
INFO:faiss.loader:Successfully loaded faiss with AVX2 support.
INFO:faiss.loader:Loading faiss with AVX2 support.
INFO:faiss.loader:Successfully loaded faiss with AVX2 support.
INFO:faiss.loader:Loading faiss with AVX2 support.
INFO:faiss.loader:Successfully loaded faiss with AVX2 support.
INFO:faiss.loader:Loading faiss with AVX2 support.
INFO:faiss.loader:Successfully loaded faiss with AVX2 support.
INFO:root:[9,     0/ 2562] - [Autoencoder Training] [Autoencoder Loss: 2.1620] [autoencoder lr: 4.30e-04][mem: 8.33e+03](315.1 ms)
INFO:root:[9,   100/ 2562] - [Autoencoder Training] [Autoencoder Loss: 2.1621] [autoencoder lr: 4.31e-04][mem: 8.33e+03](315.1 ms)
INFO:root:[9,   200/ 2562] - [Autoencoder Training] [Autoencoder Loss: 2.1622] [autoencoder lr: 4.33e-04][mem: 8.33e+03](315.1 ms)
INFO:root:[9,   300/ 2562] - [Autoencoder Training] [Autoencoder Loss: 2.1624] [autoencoder lr: 4.34e-04][mem: 8.33e+03](315.1 ms)
INFO:root:[9,   400/ 2562] - [Autoencoder Training] [Autoencoder Loss: 2.1625] [autoencoder lr: 4.35e-04][mem: 8.33e+03](315.1 ms)
INFO:root:[9,   500/ 2562] - [Autoencoder Training] [Autoencoder Loss: 2.1626] [autoencoder lr: 4.37e-04][mem: 8.33e+03](315.1 ms)
INFO:root:[9,   600/ 2562] - [Autoencoder Training] [Autoencoder Loss: 2.1627] [autoencoder lr: 4.38e-04][mem: 8.33e+03](315.1 ms)
INFO:root:[9,   700/ 2562] - [Autoencoder Training] [Autoencoder Loss: 2.1628] [autoencoder lr: 4.40e-04][mem: 8.33e+03](315.1 ms)
INFO:root:[9,   800/ 2562] - [Autoencoder Training] [Autoencoder Loss: 2.1630] [autoencoder lr: 4.41e-04][mem: 8.33e+03](315.1 ms)
INFO:root:[9,   900/ 2562] - [Autoencoder Training] [Autoencoder Loss: 2.1631] [autoencoder lr: 4.42e-04][mem: 8.33e+03](315.1 ms)
INFO:root:[9,  1000/ 2562] - [Autoencoder Training] [Autoencoder Loss: 2.1632] [autoencoder lr: 4.44e-04][mem: 8.33e+03](315.1 ms)
INFO:root:[9,  1100/ 2562] - [Autoencoder Training] [Autoencoder Loss: 2.1633] [autoencoder lr: 4.45e-04][mem: 8.33e+03](315.1 ms)
INFO:root:[9,  1200/ 2562] - [Autoencoder Training] [Autoencoder Loss: 2.1634] [autoencoder lr: 4.46e-04][mem: 8.33e+03](315.1 ms)
INFO:root:[9,  1300/ 2562] - [Autoencoder Training] [Autoencoder Loss: 2.1635] [autoencoder lr: 4.48e-04][mem: 8.33e+03](315.1 ms)
INFO:root:[9,  1400/ 2562] - [Autoencoder Training] [Autoencoder Loss: 2.1636] [autoencoder lr: 4.49e-04][mem: 8.33e+03](315.1 ms)
INFO:root:[9,  1500/ 2562] - [Autoencoder Training] [Autoencoder Loss: 2.1638] [autoencoder lr: 4.51e-04][mem: 8.33e+03](315.1 ms)
INFO:root:[9,  1600/ 2562] - [Autoencoder Training] [Autoencoder Loss: 2.1639] [autoencoder lr: 4.52e-04][mem: 8.33e+03](315.1 ms)
INFO:root:[9,  1700/ 2562] - [Autoencoder Training] [Autoencoder Loss: 2.1640] [autoencoder lr: 4.53e-04][mem: 8.33e+03](315.1 ms)
INFO:root:[9,  1800/ 2562] - [Autoencoder Training] [Autoencoder Loss: 2.1641] [autoencoder lr: 4.55e-04][mem: 8.33e+03](315.1 ms)
INFO:root:[9,  1900/ 2562] - [Autoencoder Training] [Autoencoder Loss: 2.1642] [autoencoder lr: 4.56e-04][mem: 8.33e+03](315.1 ms)
INFO:root:[9,  2000/ 2562] - [Autoencoder Training] [Autoencoder Loss: 2.1643] [autoencoder lr: 4.57e-04][mem: 8.33e+03](315.1 ms)
INFO:root:[9,  2100/ 2562] - [Autoencoder Training] [Autoencoder Loss: 2.1644] [autoencoder lr: 4.59e-04][mem: 8.33e+03](315.1 ms)
INFO:root:[9,  2200/ 2562] - [Autoencoder Training] [Autoencoder Loss: 2.1645] [autoencoder lr: 4.60e-04][mem: 8.33e+03](315.1 ms)
INFO:root:[9,  2300/ 2562] - [Autoencoder Training] [Autoencoder Loss: 2.1646] [autoencoder lr: 4.61e-04][mem: 8.33e+03](315.1 ms)
INFO:root:[9,  2400/ 2562] - [Autoencoder Training] [Autoencoder Loss: 2.1647] [autoencoder lr: 4.63e-04][mem: 8.33e+03](315.1 ms)
INFO:root:[9,  2500/ 2562] - [Autoencoder Training] [Autoencoder Loss: 2.1648] [autoencoder lr: 4.64e-04][mem: 8.33e+03](315.1 ms)
INFO:root: - - Epoch: 10 - - 
INFO:faiss.loader:Loading faiss with AVX2 support.
INFO:faiss.loader:Successfully loaded faiss with AVX2 support.
INFO:faiss.loader:Loading faiss with AVX2 support.
INFO:faiss.loader:Successfully loaded faiss with AVX2 support.
INFO:faiss.loader:Loading faiss with AVX2 support.
INFO:faiss.loader:Successfully loaded faiss with AVX2 support.
INFO:faiss.loader:Loading faiss with AVX2 support.
INFO:faiss.loader:Successfully loaded faiss with AVX2 support.
INFO:faiss.loader:Loading faiss with AVX2 support.
INFO:faiss.loader:Successfully loaded faiss with AVX2 support.
INFO:faiss.loader:Loading faiss with AVX2 support.
INFO:faiss.loader:Successfully loaded faiss with AVX2 support.
INFO:faiss.loader:Loading faiss with AVX2 support.
INFO:faiss.loader:Successfully loaded faiss with AVX2 support.
INFO:faiss.loader:Loading faiss with AVX2 support.
INFO:faiss.loader:Successfully loaded faiss with AVX2 support.
INFO:faiss.loader:Loading faiss with AVX2 support.
INFO:faiss.loader:Successfully loaded faiss with AVX2 support.
INFO:faiss.loader:Loading faiss with AVX2 support.
INFO:faiss.loader:Successfully loaded faiss with AVX2 support.
INFO:faiss.loader:Loading faiss with AVX2 support.
INFO:faiss.loader:Successfully loaded faiss with AVX2 support.
INFO:faiss.loader:Loading faiss with AVX2 support.
INFO:faiss.loader:Successfully loaded faiss with AVX2 support.
INFO:faiss.loader:Loading faiss with AVX2 support.
INFO:faiss.loader:Successfully loaded faiss with AVX2 support.
INFO:faiss.loader:Loading faiss with AVX2 support.
INFO:faiss.loader:Successfully loaded faiss with AVX2 support.
INFO:faiss.loader:Loading faiss with AVX2 support.
INFO:faiss.loader:Successfully loaded faiss with AVX2 support.
INFO:faiss.loader:Loading faiss with AVX2 support.
INFO:faiss.loader:Successfully loaded faiss with AVX2 support.
INFO:root:[10,     0/ 2562] - [Autoencoder Training] [Autoencoder Loss: 2.1649] [autoencoder lr: 4.65e-04][mem: 8.33e+03](315.1 ms)
INFO:root:[10,   100/ 2562] - [Autoencoder Training] [Autoencoder Loss: 2.1650] [autoencoder lr: 4.66e-04][mem: 8.33e+03](315.1 ms)
INFO:root:[10,   200/ 2562] - [Autoencoder Training] [Autoencoder Loss: 2.1651] [autoencoder lr: 4.68e-04][mem: 8.33e+03](315.1 ms)
INFO:root:[10,   300/ 2562] - [Autoencoder Training] [Autoencoder Loss: 2.1652] [autoencoder lr: 4.69e-04][mem: 8.33e+03](315.1 ms)
INFO:root:[10,   400/ 2562] - [Autoencoder Training] [Autoencoder Loss: 2.1653] [autoencoder lr: 4.70e-04][mem: 8.33e+03](315.1 ms)
INFO:root:[10,   500/ 2562] - [Autoencoder Training] [Autoencoder Loss: 2.1654] [autoencoder lr: 4.72e-04][mem: 8.33e+03](315.1 ms)
INFO:root:[10,   600/ 2562] - [Autoencoder Training] [Autoencoder Loss: 2.1654] [autoencoder lr: 4.73e-04][mem: 8.33e+03](315.1 ms)
INFO:root:[10,   700/ 2562] - [Autoencoder Training] [Autoencoder Loss: 2.1655] [autoencoder lr: 4.75e-04][mem: 8.33e+03](315.1 ms)
INFO:root:[10,   800/ 2562] - [Autoencoder Training] [Autoencoder Loss: 2.1656] [autoencoder lr: 4.76e-04][mem: 8.33e+03](315.1 ms)
INFO:root:[10,   900/ 2562] - [Autoencoder Training] [Autoencoder Loss: 2.1657] [autoencoder lr: 4.77e-04][mem: 8.33e+03](315.1 ms)
INFO:root:[10,  1000/ 2562] - [Autoencoder Training] [Autoencoder Loss: 2.1658] [autoencoder lr: 4.79e-04][mem: 8.33e+03](315.1 ms)
INFO:root:[10,  1100/ 2562] - [Autoencoder Training] [Autoencoder Loss: 2.1659] [autoencoder lr: 4.80e-04][mem: 8.33e+03](315.1 ms)
INFO:root:[10,  1200/ 2562] - [Autoencoder Training] [Autoencoder Loss: 2.1660] [autoencoder lr: 4.81e-04][mem: 8.33e+03](315.1 ms)
INFO:root:[10,  1300/ 2562] - [Autoencoder Training] [Autoencoder Loss: 2.1661] [autoencoder lr: 4.83e-04][mem: 8.33e+03](315.1 ms)
INFO:root:[10,  1400/ 2562] - [Autoencoder Training] [Autoencoder Loss: 2.1662] [autoencoder lr: 4.84e-04][mem: 8.33e+03](315.1 ms)
INFO:root:[10,  1500/ 2562] - [Autoencoder Training] [Autoencoder Loss: 2.1663] [autoencoder lr: 4.86e-04][mem: 8.33e+03](315.1 ms)
INFO:root:[10,  1600/ 2562] - [Autoencoder Training] [Autoencoder Loss: 2.1664] [autoencoder lr: 4.87e-04][mem: 8.33e+03](315.1 ms)
INFO:root:[10,  1700/ 2562] - [Autoencoder Training] [Autoencoder Loss: 2.1664] [autoencoder lr: 4.88e-04][mem: 8.33e+03](315.1 ms)
INFO:root:[10,  1800/ 2562] - [Autoencoder Training] [Autoencoder Loss: 2.1665] [autoencoder lr: 4.90e-04][mem: 8.33e+03](315.1 ms)
INFO:root:[10,  1900/ 2562] - [Autoencoder Training] [Autoencoder Loss: 2.1666] [autoencoder lr: 4.91e-04][mem: 8.33e+03](315.1 ms)
INFO:root:[10,  2000/ 2562] - [Autoencoder Training] [Autoencoder Loss: 2.1667] [autoencoder lr: 4.92e-04][mem: 8.33e+03](315.1 ms)
INFO:root:[10,  2100/ 2562] - [Autoencoder Training] [Autoencoder Loss: 2.1668] [autoencoder lr: 4.94e-04][mem: 8.33e+03](315.1 ms)
INFO:root:[10,  2200/ 2562] - [Autoencoder Training] [Autoencoder Loss: 2.1668] [autoencoder lr: 4.95e-04][mem: 8.33e+03](315.1 ms)
INFO:root:[10,  2300/ 2562] - [Autoencoder Training] [Autoencoder Loss: 2.1669] [autoencoder lr: 4.96e-04][mem: 8.33e+03](315.1 ms)
INFO:root:[10,  2400/ 2562] - [Autoencoder Training] [Autoencoder Loss: 2.1670] [autoencoder lr: 4.98e-04][mem: 8.33e+03](315.1 ms)
INFO:root:[10,  2500/ 2562] - [Autoencoder Training] [Autoencoder Loss: 2.1671] [autoencoder lr: 4.99e-04][mem: 8.33e+03](315.1 ms)
INFO:root: - - Epoch: 11 - - 
INFO:faiss.loader:Loading faiss with AVX2 support.
INFO:faiss.loader:Successfully loaded faiss with AVX2 support.
INFO:faiss.loader:Loading faiss with AVX2 support.
INFO:faiss.loader:Successfully loaded faiss with AVX2 support.
INFO:faiss.loader:Loading faiss with AVX2 support.
INFO:faiss.loader:Successfully loaded faiss with AVX2 support.
Traceback (most recent call last):
  File "<string>", line 1, in <module>
  File "/home/rtcalumby/miniconda3/envs/py382/lib/python3.12/multiprocessing/spawn.py", line 122, in spawn_main
    exitcode = _main(fd, parent_sentinel)
               ^^^^^^^^^^^^^^^^^^^^^^^^^^
  File "/home/rtcalumby/miniconda3/envs/py382/lib/python3.12/multiprocessing/spawn.py", line 131, in _main
    prepare(preparation_data)
  File "/home/rtcalumby/miniconda3/envs/py382/lib/python3.12/multiprocessing/spawn.py", line 246, in prepare
    _fixup_main_from_path(data['init_main_from_path'])
  File "/home/rtcalumby/miniconda3/envs/py382/lib/python3.12/multiprocessing/spawn.py", line 297, in _fixup_main_from_path
    main_content = runpy.run_path(main_path,
                   ^^^^^^^^^^^^^^^^^^^^^^^^^
  File "<frozen runpy>", line 286, in run_path
  File "<frozen runpy>", line 98, in _run_module_code
  File "<frozen runpy>", line 88, in _run_code
  File "/home/rtcalumby/adam/luciano/LifeCLEFPlant2022/DeepCluster/main_FGDCC.py", line 16, in <module>
    from engine_FGDCC import main as app_main
  File "/home/rtcalumby/adam/luciano/LifeCLEFPlant2022/DeepCluster/engine_FGDCC.py", line 61, in <module>
    from src.models import FGDCC
  File "/home/rtcalumby/adam/luciano/LifeCLEFPlant2022/DeepCluster/src/models/FGDCC.py", line 8, in <module>
    from src.models.transformer_autoencoder import SpatialMaskedAutoEncoder
  File "/home/rtcalumby/adam/luciano/LifeCLEFPlant2022/DeepCluster/src/models/transformer_autoencoder.py", line 58
    nn.Linear(1024 , 768)                        
    ^^^^^^^^^^^^^^^^^^^^^^^^^^^^^^^^^^^^^^^^^^^^^
SyntaxError: invalid syntax. Perhaps you forgot a comma?
slurmstepd: error: *** JOB 3817 ON hgx CANCELLED AT 2024-11-07T21:59:53 ***
