INFO:faiss.loader:Loading faiss with AVX2 support.
INFO:faiss.loader:Successfully loaded faiss with AVX2 support.
INFO:faiss.loader:Loading faiss with AVX2 support.
INFO:faiss.loader:Successfully loaded faiss with AVX2 support.
INFO:root:called-params configs/in1k_vith14_ep300_FGDCC.yaml
INFO:root:loaded params...
{   'data': {   'batch_size': 96,
                'color_jitter_strength': 0.0,
                'crop_scale': [0.3, 1.0],
                'crop_size': 224,
                'cutmix': 0.0,
                'drop_path': 0.25,
                'image_folder': '/home/rtcalumby/adam/luciano/plantnet_300K/',
                'mixup': 0.0,
                'nb_classes': 1081,
                'num_workers': 16,
                'pin_mem': True,
                'reprob': 0.25,
                'resume_epoch': 0,
                'root_path': '/home/rtcalumby/adam/luciano/',
                'use_color_distortion': False,
                'use_gaussian_blur': False,
                'use_horizontal_flip': False},
    'logging': {   'folder': '/home/rtcalumby/adam/luciano/LifeCLEFPlant2022/logs/PlantNet300k_exp48',
                   'write_tag': 'jepa'},
    'mask': {   'allow_overlap': False,
                'aspect_ratio': [0.75, 1.5],
                'enc_mask_scale': [0.85, 1.0],
                'min_keep': 10,
                'num_enc_masks': 1,
                'num_pred_masks': 4,
                'patch_size': 14,
                'pred_mask_scale': [0.15, 0.2]},
    'meta': {   'copy_data': False,
                'load_checkpoint': True,
                'model_name': 'vit_huge',
                'pred_depth': 12,
                'pred_emb_dim': 384,
                'read_checkpoint': None,
                'use_bfloat16': True},
    'optimization': {   'ema': [0.9, 0.999],
                        'epochs': 50,
                        'final_lr': 1e-05,
                        'final_weight_decay': 0.4,
                        'ipe_scale': 1.0,
                        'label_smoothing': 0.1,
                        'lr': 0.00035,
                        'start_lr': 9e-05,
                        'warmup': 35,
                        'weight_decay': 0.05}}
INFO:root:Running... (rank: 0/1)
INFO:root:Initialized (rank/world-size) 0/1
INFO:root:making imagenet data transforms
INFO:root:making imagenet data transforms
INFO:root:Finetuning dataset created
INFO:root:PairedDataset created
Training dataset, length: 245952
INFO:root:Finetuning dataset created
Val dataset, length: 31200
INFO:root:Using AdamW
['encoder', 'predictor', 'opt', 'scaler', 'target_encoder', 'epoch', 'loss', 'batch_size', 'world_size', 'lr']
INFO:root:loaded pretrained encoder from epoch 66 with msg: <All keys matched successfully>
INFO:root:ClassificationHead(
  (classifier): Linear(in_features=1280, out_features=15134, bias=True)
)
INFO:root:Using AdamW
INFO:root:VisionTransformer(
  (patch_embed): PatchEmbed(
    (proj): Conv2d(3, 1280, kernel_size=(14, 14), stride=(14, 14))
  )
  (blocks): ModuleList(
    (0-31): 32 x Block(
      (norm1): LayerNorm((1280,), eps=1e-06, elementwise_affine=True)
      (attn): Attention(
        (qkv): Linear(in_features=1280, out_features=3840, bias=True)
        (attn_drop): Dropout(p=0.0, inplace=False)
        (proj): Linear(in_features=1280, out_features=1280, bias=True)
        (proj_drop): Dropout(p=0.0, inplace=False)
      )
      (drop_path): Identity()
      (norm2): LayerNorm((1280,), eps=1e-06, elementwise_affine=True)
      (mlp): MLP(
        (fc1): Linear(in_features=1280, out_features=5120, bias=True)
        (act): GELU(approximate='none')
        (fc2): Linear(in_features=5120, out_features=1280, bias=True)
        (drop): Dropout(p=0.0, inplace=False)
      )
    )
  )
  (norm): LayerNorm((1280,), eps=1e-06, elementwise_affine=True)
)
INFO:root:Setting up cache...
INFO:root:Done...
INFO:root:Initializing centroids...
INFO:root:Update Step...
/home/rtcalumby/miniconda3/envs/py382/lib/python3.12/site-packages/faiss/contrib/torch_utils.py:51: UserWarning: TypedStorage is deprecated. It will be removed in the future and UntypedStorage will be the only storage class. This should only matter to you if you are using storages directly.  To access UntypedStorage directly, use tensor.untyped_storage() instead of tensor.storage()
  x.storage().data_ptr() + x.storage_offset() * 4)
INFO:root:Epoch 1
INFO:faiss.loader:Loading faiss with AVX2 support.
INFO:faiss.loader:Successfully loaded faiss with AVX2 support.
INFO:faiss.loader:Loading faiss with AVX2 support.
INFO:faiss.loader:Successfully loaded faiss with AVX2 support.
INFO:faiss.loader:Loading faiss with AVX2 support.
INFO:faiss.loader:Successfully loaded faiss with AVX2 support.
INFO:faiss.loader:Loading faiss with AVX2 support.
INFO:faiss.loader:Successfully loaded faiss with AVX2 support.
INFO:faiss.loader:Loading faiss with AVX2 support.
INFO:faiss.loader:Successfully loaded faiss with AVX2 support.
INFO:faiss.loader:Loading faiss with AVX2 support.
INFO:faiss.loader:Successfully loaded faiss with AVX2 support.
INFO:faiss.loader:Loading faiss with AVX2 support.
INFO:faiss.loader:Successfully loaded faiss with AVX2 support.
INFO:faiss.loader:Loading faiss with AVX2 support.
INFO:faiss.loader:Successfully loaded faiss with AVX2 support.
INFO:faiss.loader:Loading faiss with AVX2 support.
INFO:faiss.loader:Successfully loaded faiss with AVX2 support.
INFO:faiss.loader:Loading faiss with AVX2 support.
INFO:faiss.loader:Successfully loaded faiss with AVX2 support.
INFO:faiss.loader:Loading faiss with AVX2 support.
INFO:faiss.loader:Successfully loaded faiss with AVX2 support.
INFO:faiss.loader:Loading faiss with AVX2 support.
INFO:faiss.loader:Successfully loaded faiss with AVX2 support.
INFO:faiss.loader:Loading faiss with AVX2 support.
INFO:faiss.loader:Successfully loaded faiss with AVX2 support.
INFO:faiss.loader:Loading faiss with AVX2 support.
INFO:faiss.loader:Successfully loaded faiss with AVX2 support.
INFO:faiss.loader:Loading faiss with AVX2 support.
INFO:faiss.loader:Successfully loaded faiss with AVX2 support.
INFO:faiss.loader:Loading faiss with AVX2 support.
INFO:faiss.loader:Successfully loaded faiss with AVX2 support.
INFO:root:[1,     0/ 2562] - train_losses - Parent Class: 0.0000 - Children class: 9.6247 -Autoencoder Loss (total): 154.5900 - Reconstruction/K-Means Loss: [0.0000 / 154.5900] - Consistency Loss: [0.0000] - VICReg Loss: [35.0204][wd: 5.00e-02] [lr: 9.00e-05] [autoencoder lr: 0.00e+00][mem: 6.12e+04] (4758.0 ms)
INFO:root:[1,     0] grad_stats: [1.87e+00 1.10e+01] (1.27e+00, 3.49e+01)
INFO:root:[1,    50/ 2562] - train_losses - Parent Class: 0.0000 - Children class: 8.4764 -Autoencoder Loss (total): 402.4045 - Reconstruction/K-Means Loss: [0.0000 / 402.4045] - Consistency Loss: [0.0000] - VICReg Loss: [24.1653][wd: 5.00e-02] [lr: 9.01e-05] [autoencoder lr: 0.00e+00][mem: 6.63e+04] (1487.1 ms)
INFO:root:[1,    50] grad_stats: [4.67e-02 1.73e-01] (1.72e-03, 4.05e+00)
INFO:root:[1,   100/ 2562] - train_losses - Parent Class: 0.0000 - Children class: 7.6366 -Autoencoder Loss (total): 438.4926 - Reconstruction/K-Means Loss: [0.0000 / 438.4926] - Consistency Loss: [0.0000] - VICReg Loss: [23.9733][wd: 5.00e-02] [lr: 9.03e-05] [autoencoder lr: 0.00e+00][mem: 6.63e+04] (1455.8 ms)
INFO:root:[1,   100] grad_stats: [9.07e-02 2.05e-01] (1.25e-03, 3.44e+00)
INFO:root:[1,   150/ 2562] - train_losses - Parent Class: 0.0000 - Children class: 7.2275 -Autoencoder Loss (total): 449.6523 - Reconstruction/K-Means Loss: [0.0000 / 449.6523] - Consistency Loss: [0.0000] - VICReg Loss: [23.8369][wd: 5.00e-02] [lr: 9.04e-05] [autoencoder lr: 0.00e+00][mem: 6.63e+04] (1448.6 ms)
INFO:root:[1,   150] grad_stats: [1.04e-01 1.81e-01] (3.07e-03, 3.43e+00)
INFO:root:[1,   200/ 2562] - train_losses - Parent Class: 0.0000 - Children class: 6.9920 -Autoencoder Loss (total): 460.9722 - Reconstruction/K-Means Loss: [0.0000 / 460.9722] - Consistency Loss: [0.0000] - VICReg Loss: [23.7367][wd: 5.00e-02] [lr: 9.06e-05] [autoencoder lr: 0.00e+00][mem: 6.63e+04] (1446.8 ms)
INFO:root:[1,   200] grad_stats: [7.40e-02 1.28e-01] (1.66e-03, 3.11e+00)
INFO:root:[1,   250/ 2562] - train_losses - Parent Class: 0.0000 - Children class: 6.8346 -Autoencoder Loss (total): 467.2482 - Reconstruction/K-Means Loss: [0.0000 / 467.2482] - Consistency Loss: [0.0000] - VICReg Loss: [23.6638][wd: 5.00e-02] [lr: 9.07e-05] [autoencoder lr: 0.00e+00][mem: 6.63e+04] (1447.3 ms)
INFO:root:[1,   250] grad_stats: [5.81e-02 9.94e-02] (1.43e-03, 3.39e+00)
INFO:root:[1,   300/ 2562] - train_losses - Parent Class: 0.0000 - Children class: 6.7266 -Autoencoder Loss (total): 472.2977 - Reconstruction/K-Means Loss: [0.0000 / 472.2977] - Consistency Loss: [0.0000] - VICReg Loss: [23.6122][wd: 5.00e-02] [lr: 9.09e-05] [autoencoder lr: 0.00e+00][mem: 6.63e+04] (1449.2 ms)
INFO:root:[1,   300] grad_stats: [3.75e-02 1.30e-01] (1.83e-03, 3.35e+00)
INFO:root:[1,   350/ 2562] - train_losses - Parent Class: 0.0000 - Children class: 6.6596 -Autoencoder Loss (total): 478.0954 - Reconstruction/K-Means Loss: [0.0000 / 478.0954] - Consistency Loss: [0.0000] - VICReg Loss: [23.5547][wd: 5.00e-02] [lr: 9.10e-05] [autoencoder lr: 0.00e+00][mem: 6.63e+04] (1452.9 ms)
INFO:root:[1,   350] grad_stats: [7.80e-02 2.04e-01] (5.24e-03, 3.28e+00)
INFO:root:[1,   400/ 2562] - train_losses - Parent Class: 0.0000 - Children class: 6.6309 -Autoencoder Loss (total): 482.5382 - Reconstruction/K-Means Loss: [0.0000 / 482.5382] - Consistency Loss: [0.0000] - VICReg Loss: [23.4769][wd: 5.00e-02] [lr: 9.12e-05] [autoencoder lr: 0.00e+00][mem: 6.63e+04] (1455.9 ms)
INFO:root:[1,   400] grad_stats: [1.55e-01 2.61e-01] (6.99e-03, 3.84e+00)
INFO:root:[1,   450/ 2562] - train_losses - Parent Class: 0.0000 - Children class: 6.6529 -Autoencoder Loss (total): 485.1858 - Reconstruction/K-Means Loss: [0.0000 / 485.1858] - Consistency Loss: [0.0000] - VICReg Loss: [23.4156][wd: 5.00e-02] [lr: 9.13e-05] [autoencoder lr: 0.00e+00][mem: 6.63e+04] (1459.5 ms)
INFO:root:[1,   450] grad_stats: [9.66e-02 1.98e-01] (7.80e-03, 3.32e+00)
INFO:root:[1,   500/ 2562] - train_losses - Parent Class: 0.0000 - Children class: 6.6256 -Autoencoder Loss (total): 487.6280 - Reconstruction/K-Means Loss: [0.0000 / 487.6280] - Consistency Loss: [0.0000] - VICReg Loss: [23.3501][wd: 5.00e-02] [lr: 9.15e-05] [autoencoder lr: 0.00e+00][mem: 6.63e+04] (1464.0 ms)
INFO:root:[1,   500] grad_stats: [6.95e-02 1.48e-01] (4.35e-03, 3.65e+00)
INFO:root:[1,   550/ 2562] - train_losses - Parent Class: 0.0000 - Children class: 6.6070 -Autoencoder Loss (total): 489.8749 - Reconstruction/K-Means Loss: [0.0000 / 489.8749] - Consistency Loss: [0.0000] - VICReg Loss: [23.2889][wd: 5.00e-02] [lr: 9.16e-05] [autoencoder lr: 0.00e+00][mem: 6.63e+04] (1468.8 ms)
INFO:root:[1,   550] grad_stats: [1.43e-01 2.56e-01] (6.44e-03, 3.56e+00)
INFO:root:[1,   600/ 2562] - train_losses - Parent Class: 0.0000 - Children class: 6.5905 -Autoencoder Loss (total): 490.9173 - Reconstruction/K-Means Loss: [0.0000 / 490.9173] - Consistency Loss: [0.0000] - VICReg Loss: [23.2350][wd: 5.00e-02] [lr: 9.17e-05] [autoencoder lr: 0.00e+00][mem: 6.63e+04] (1473.9 ms)
INFO:root:[1,   600] grad_stats: [2.13e-01 2.60e-01] (1.29e-02, 3.29e+00)
INFO:root:[1,   650/ 2562] - train_losses - Parent Class: 0.0000 - Children class: 6.5714 -Autoencoder Loss (total): 492.7921 - Reconstruction/K-Means Loss: [0.0000 / 492.7921] - Consistency Loss: [0.0000] - VICReg Loss: [23.1871][wd: 5.00e-02] [lr: 9.19e-05] [autoencoder lr: 0.00e+00][mem: 6.63e+04] (1478.5 ms)
INFO:root:[1,   650] grad_stats: [2.07e-01 2.27e-01] (1.27e-02, 3.46e+00)
INFO:root:[1,   700/ 2562] - train_losses - Parent Class: 0.0000 - Children class: 6.5491 -Autoencoder Loss (total): 494.2294 - Reconstruction/K-Means Loss: [0.0000 / 494.2294] - Consistency Loss: [0.0000] - VICReg Loss: [23.1443][wd: 5.00e-02] [lr: 9.20e-05] [autoencoder lr: 0.00e+00][mem: 6.63e+04] (1482.9 ms)
INFO:root:[1,   700] grad_stats: [1.14e-01 1.80e-01] (1.28e-02, 3.62e+00)
INFO:root:[1,   750/ 2562] - train_losses - Parent Class: 0.0000 - Children class: 6.5219 -Autoencoder Loss (total): 495.5363 - Reconstruction/K-Means Loss: [0.0000 / 495.5363] - Consistency Loss: [0.0000] - VICReg Loss: [23.1034][wd: 5.00e-02] [lr: 9.22e-05] [autoencoder lr: 0.00e+00][mem: 6.63e+04] (1487.8 ms)
INFO:root:[1,   750] grad_stats: [1.13e-01 1.41e-01] (1.77e-02, 3.57e+00)
INFO:root:[1,   800/ 2562] - train_losses - Parent Class: 0.0000 - Children class: 6.4996 -Autoencoder Loss (total): 497.0088 - Reconstruction/K-Means Loss: [0.0000 / 497.0088] - Consistency Loss: [0.0000] - VICReg Loss: [23.0674][wd: 5.00e-02] [lr: 9.23e-05] [autoencoder lr: 0.00e+00][mem: 6.63e+04] (1492.6 ms)
INFO:root:[1,   800] grad_stats: [1.25e-01 1.43e-01] (2.17e-02, 3.44e+00)
INFO:root:[1,   850/ 2562] - train_losses - Parent Class: 0.0000 - Children class: 6.4831 -Autoencoder Loss (total): 498.2600 - Reconstruction/K-Means Loss: [0.0000 / 498.2600] - Consistency Loss: [0.0000] - VICReg Loss: [23.0328][wd: 5.00e-02] [lr: 9.25e-05] [autoencoder lr: 0.00e+00][mem: 6.63e+04] (1498.1 ms)
INFO:root:[1,   850] grad_stats: [2.38e-01 1.95e-01] (2.57e-02, 3.43e+00)
INFO:root:[1,   900/ 2562] - train_losses - Parent Class: 0.0000 - Children class: 6.4666 -Autoencoder Loss (total): 499.0331 - Reconstruction/K-Means Loss: [0.0000 / 499.0331] - Consistency Loss: [0.0000] - VICReg Loss: [23.0022][wd: 5.00e-02] [lr: 9.26e-05] [autoencoder lr: 0.00e+00][mem: 6.63e+04] (1503.5 ms)
INFO:root:[1,   900] grad_stats: [2.17e-01 2.01e-01] (2.24e-02, 3.45e+00)
INFO:root:[1,   950/ 2562] - train_losses - Parent Class: 0.0000 - Children class: 6.4499 -Autoencoder Loss (total): 499.6600 - Reconstruction/K-Means Loss: [0.0000 / 499.6600] - Consistency Loss: [0.0000] - VICReg Loss: [22.9722][wd: 5.00e-02] [lr: 9.28e-05] [autoencoder lr: 0.00e+00][mem: 6.63e+04] (1509.0 ms)
INFO:root:[1,   950] grad_stats: [1.75e-01 1.72e-01] (2.85e-02, 3.08e+00)
INFO:root:[1,  1000/ 2562] - train_losses - Parent Class: 0.0000 - Children class: 6.4315 -Autoencoder Loss (total): 500.0791 - Reconstruction/K-Means Loss: [0.0000 / 500.0791] - Consistency Loss: [0.0000] - VICReg Loss: [22.9424][wd: 5.01e-02] [lr: 9.29e-05] [autoencoder lr: 0.00e+00][mem: 6.63e+04] (1514.7 ms)
INFO:root:[1,  1000] grad_stats: [2.03e-01 1.09e-01] (1.55e-02, 3.40e+00)
INFO:root:[1,  1050/ 2562] - train_losses - Parent Class: 0.0000 - Children class: 6.4125 -Autoencoder Loss (total): 500.7577 - Reconstruction/K-Means Loss: [0.0000 / 500.7577] - Consistency Loss: [0.0000] - VICReg Loss: [22.9139][wd: 5.01e-02] [lr: 9.30e-05] [autoencoder lr: 0.00e+00][mem: 6.63e+04] (1520.4 ms)
INFO:root:[1,  1050] grad_stats: [2.60e-01 2.26e-01] (3.12e-02, 3.44e+00)
INFO:root:[1,  1100/ 2562] - train_losses - Parent Class: 0.0000 - Children class: 6.3925 -Autoencoder Loss (total): 501.2345 - Reconstruction/K-Means Loss: [0.0000 / 501.2345] - Consistency Loss: [0.0000] - VICReg Loss: [22.8865][wd: 5.01e-02] [lr: 9.32e-05] [autoencoder lr: 0.00e+00][mem: 6.63e+04] (1526.7 ms)
INFO:root:[1,  1100] grad_stats: [2.02e-01 1.68e-01] (2.58e-02, 3.48e+00)
INFO:root:[1,  1150/ 2562] - train_losses - Parent Class: 0.0000 - Children class: 6.3788 -Autoencoder Loss (total): 502.0361 - Reconstruction/K-Means Loss: [0.0000 / 502.0361] - Consistency Loss: [0.0000] - VICReg Loss: [22.8616][wd: 5.01e-02] [lr: 9.33e-05] [autoencoder lr: 0.00e+00][mem: 6.63e+04] (1533.0 ms)
INFO:root:[1,  1150] grad_stats: [2.71e-01 1.34e-01] (1.81e-02, 3.79e+00)
INFO:root:[1,  1200/ 2562] - train_losses - Parent Class: 0.0000 - Children class: 6.3874 -Autoencoder Loss (total): 502.7543 - Reconstruction/K-Means Loss: [0.0000 / 502.7543] - Consistency Loss: [0.0000] - VICReg Loss: [22.8411][wd: 5.01e-02] [lr: 9.35e-05] [autoencoder lr: 0.00e+00][mem: 6.63e+04] (1539.8 ms)
INFO:root:[1,  1200] grad_stats: [1.83e-01 1.93e-01] (2.17e-02, 3.55e+00)
INFO:root:[1,  1250/ 2562] - train_losses - Parent Class: 0.0000 - Children class: 6.3813 -Autoencoder Loss (total): 503.4705 - Reconstruction/K-Means Loss: [0.0000 / 503.4705] - Consistency Loss: [0.0000] - VICReg Loss: [22.8203][wd: 5.01e-02] [lr: 9.36e-05] [autoencoder lr: 0.00e+00][mem: 6.63e+04] (1546.4 ms)
INFO:root:[1,  1250] grad_stats: [1.63e-01 1.21e-01] (1.35e-02, 3.08e+00)
INFO:root:[1,  1300/ 2562] - train_losses - Parent Class: 0.0000 - Children class: 6.3741 -Autoencoder Loss (total): 504.0481 - Reconstruction/K-Means Loss: [0.0000 / 504.0481] - Consistency Loss: [0.0000] - VICReg Loss: [22.7997][wd: 5.01e-02] [lr: 9.38e-05] [autoencoder lr: 0.00e+00][mem: 6.63e+04] (1553.1 ms)
INFO:root:[1,  1300] grad_stats: [5.32e-01 2.13e-01] (2.82e-02, 3.18e+00)
INFO:root:[1,  1350/ 2562] - train_losses - Parent Class: 0.0000 - Children class: 6.3776 -Autoencoder Loss (total): 504.3725 - Reconstruction/K-Means Loss: [0.0000 / 504.3725] - Consistency Loss: [0.0000] - VICReg Loss: [22.7799][wd: 5.01e-02] [lr: 9.39e-05] [autoencoder lr: 0.00e+00][mem: 6.63e+04] (1560.1 ms)
INFO:root:[1,  1350] grad_stats: [2.53e-01 2.35e-01] (2.45e-02, 4.18e+00)
INFO:root:[1,  1400/ 2562] - train_losses - Parent Class: 0.0000 - Children class: 6.3727 -Autoencoder Loss (total): 504.8860 - Reconstruction/K-Means Loss: [0.0000 / 504.8860] - Consistency Loss: [0.0000] - VICReg Loss: [22.7615][wd: 5.01e-02] [lr: 9.41e-05] [autoencoder lr: 0.00e+00][mem: 6.63e+04] (1567.4 ms)
INFO:root:[1,  1400] grad_stats: [2.99e-01 1.79e-01] (2.82e-02, 4.06e+00)
INFO:root:[1,  1450/ 2562] - train_losses - Parent Class: 0.0000 - Children class: 6.3600 -Autoencoder Loss (total): 505.1362 - Reconstruction/K-Means Loss: [0.0000 / 505.1362] - Consistency Loss: [0.0000] - VICReg Loss: [22.7430][wd: 5.01e-02] [lr: 9.42e-05] [autoencoder lr: 0.00e+00][mem: 6.63e+04] (1575.0 ms)
INFO:root:[1,  1450] grad_stats: [3.32e-01 1.62e-01] (2.65e-02, 3.10e+00)
INFO:root:[1,  1500/ 2562] - train_losses - Parent Class: 0.0000 - Children class: 6.3439 -Autoencoder Loss (total): 505.2419 - Reconstruction/K-Means Loss: [0.0000 / 505.2419] - Consistency Loss: [0.0000] - VICReg Loss: [22.7240][wd: 5.01e-02] [lr: 9.44e-05] [autoencoder lr: 0.00e+00][mem: 6.63e+04] (1582.8 ms)
INFO:root:[1,  1500] grad_stats: [2.81e-01 1.32e-01] (2.09e-02, 3.07e+00)
INFO:root:[1,  1550/ 2562] - train_losses - Parent Class: 0.0000 - Children class: 6.3310 -Autoencoder Loss (total): 505.4201 - Reconstruction/K-Means Loss: [0.0000 / 505.4201] - Consistency Loss: [0.0000] - VICReg Loss: [22.7069][wd: 5.01e-02] [lr: 9.45e-05] [autoencoder lr: 0.00e+00][mem: 6.63e+04] (1590.4 ms)
INFO:root:[1,  1550] grad_stats: [2.86e-01 1.85e-01] (3.08e-02, 3.37e+00)
INFO:root:[1,  1600/ 2562] - train_losses - Parent Class: 0.0000 - Children class: 6.3178 -Autoencoder Loss (total): 505.7318 - Reconstruction/K-Means Loss: [0.0000 / 505.7318] - Consistency Loss: [0.0000] - VICReg Loss: [22.6898][wd: 5.01e-02] [lr: 9.46e-05] [autoencoder lr: 0.00e+00][mem: 6.63e+04] (1598.2 ms)
INFO:root:[1,  1600] grad_stats: [4.00e-01 1.30e-01] (2.09e-02, 3.34e+00)
INFO:root:[1,  1650/ 2562] - train_losses - Parent Class: 0.0000 - Children class: 6.3026 -Autoencoder Loss (total): 506.0621 - Reconstruction/K-Means Loss: [0.0000 / 506.0621] - Consistency Loss: [0.0000] - VICReg Loss: [22.6735][wd: 5.01e-02] [lr: 9.48e-05] [autoencoder lr: 0.00e+00][mem: 6.63e+04] (1605.7 ms)
INFO:root:[1,  1650] grad_stats: [2.56e-01 3.08e-01] (3.44e-02, 3.33e+00)
INFO:root:[1,  1700/ 2562] - train_losses - Parent Class: 0.0000 - Children class: 6.2886 -Autoencoder Loss (total): 506.4344 - Reconstruction/K-Means Loss: [0.0000 / 506.4344] - Consistency Loss: [0.0000] - VICReg Loss: [22.6572][wd: 5.02e-02] [lr: 9.49e-05] [autoencoder lr: 0.00e+00][mem: 6.63e+04] (1613.4 ms)
INFO:root:[1,  1700] grad_stats: [2.74e-01 1.38e-01] (2.17e-02, 3.01e+00)
INFO:root:[1,  1750/ 2562] - train_losses - Parent Class: 0.0000 - Children class: 6.2736 -Autoencoder Loss (total): 506.6461 - Reconstruction/K-Means Loss: [0.0000 / 506.6461] - Consistency Loss: [0.0000] - VICReg Loss: [22.6408][wd: 5.02e-02] [lr: 9.51e-05] [autoencoder lr: 0.00e+00][mem: 6.63e+04] (1621.1 ms)
INFO:root:[1,  1750] grad_stats: [3.17e-01 1.38e-01] (1.94e-02, 3.21e+00)
INFO:root:[1,  1800/ 2562] - train_losses - Parent Class: 0.0000 - Children class: 6.2583 -Autoencoder Loss (total): 506.9553 - Reconstruction/K-Means Loss: [0.0000 / 506.9553] - Consistency Loss: [0.0000] - VICReg Loss: [22.6252][wd: 5.02e-02] [lr: 9.52e-05] [autoencoder lr: 0.00e+00][mem: 6.63e+04] (1629.1 ms)
INFO:root:[1,  1800] grad_stats: [3.56e-01 1.78e-01] (2.77e-02, 3.24e+00)
INFO:root:[1,  1850/ 2562] - train_losses - Parent Class: 0.0000 - Children class: 6.2435 -Autoencoder Loss (total): 506.8178 - Reconstruction/K-Means Loss: [0.0000 / 506.8178] - Consistency Loss: [0.0000] - VICReg Loss: [22.6103][wd: 5.02e-02] [lr: 9.54e-05] [autoencoder lr: 0.00e+00][mem: 6.63e+04] (1636.8 ms)
INFO:root:[1,  1850] grad_stats: [2.57e-01 1.51e-01] (2.14e-02, 3.45e+00)
INFO:root:[1,  1900/ 2562] - train_losses - Parent Class: 0.0000 - Children class: 6.2299 -Autoencoder Loss (total): 507.0767 - Reconstruction/K-Means Loss: [0.0000 / 507.0767] - Consistency Loss: [0.0000] - VICReg Loss: [22.5968][wd: 5.02e-02] [lr: 9.55e-05] [autoencoder lr: 0.00e+00][mem: 6.63e+04] (1645.2 ms)
INFO:root:[1,  1900] grad_stats: [3.68e-01 1.47e-01] (2.54e-02, 3.15e+00)
INFO:root:[1,  1950/ 2562] - train_losses - Parent Class: 0.0000 - Children class: 6.2158 -Autoencoder Loss (total): 507.2742 - Reconstruction/K-Means Loss: [0.0000 / 507.2742] - Consistency Loss: [0.0000] - VICReg Loss: [22.5827][wd: 5.02e-02] [lr: 9.57e-05] [autoencoder lr: 0.00e+00][mem: 6.63e+04] (1653.1 ms)
INFO:root:[1,  1950] grad_stats: [3.32e-01 1.26e-01] (2.30e-02, 3.05e+00)
INFO:root:[1,  2000/ 2562] - train_losses - Parent Class: 0.0000 - Children class: 6.2015 -Autoencoder Loss (total): 507.4760 - Reconstruction/K-Means Loss: [0.0000 / 507.4760] - Consistency Loss: [0.0000] - VICReg Loss: [22.5683][wd: 5.02e-02] [lr: 9.58e-05] [autoencoder lr: 0.00e+00][mem: 6.63e+04] (1661.3 ms)
INFO:root:[1,  2000] grad_stats: [2.45e-01 1.71e-01] (2.30e-02, 3.27e+00)
INFO:root:[1,  2050/ 2562] - train_losses - Parent Class: 0.0000 - Children class: 6.1878 -Autoencoder Loss (total): 507.6980 - Reconstruction/K-Means Loss: [0.0000 / 507.6980] - Consistency Loss: [0.0000] - VICReg Loss: [22.5553][wd: 5.02e-02] [lr: 9.59e-05] [autoencoder lr: 0.00e+00][mem: 6.63e+04] (1669.6 ms)
INFO:root:[1,  2050] grad_stats: [3.10e-01 1.75e-01] (3.40e-02, 3.22e+00)
INFO:root:[1,  2100/ 2562] - train_losses - Parent Class: 0.0000 - Children class: 6.1747 -Autoencoder Loss (total): 507.5915 - Reconstruction/K-Means Loss: [0.0000 / 507.5915] - Consistency Loss: [0.0000] - VICReg Loss: [22.5429][wd: 5.02e-02] [lr: 9.61e-05] [autoencoder lr: 0.00e+00][mem: 6.63e+04] (1677.9 ms)
INFO:root:[1,  2100] grad_stats: [3.32e-01 1.39e-01] (2.49e-02, 3.12e+00)
INFO:root:[1,  2150/ 2562] - train_losses - Parent Class: 0.0000 - Children class: 6.1619 -Autoencoder Loss (total): 507.8187 - Reconstruction/K-Means Loss: [0.0000 / 507.8187] - Consistency Loss: [0.0000] - VICReg Loss: [22.5297][wd: 5.02e-02] [lr: 9.62e-05] [autoencoder lr: 0.00e+00][mem: 6.63e+04] (1685.8 ms)
INFO:root:[1,  2150] grad_stats: [3.80e-01 1.47e-01] (2.95e-02, 3.37e+00)
INFO:root:[1,  2200/ 2562] - train_losses - Parent Class: 0.0000 - Children class: 6.1494 -Autoencoder Loss (total): 507.9027 - Reconstruction/K-Means Loss: [0.0000 / 507.9027] - Consistency Loss: [0.0000] - VICReg Loss: [22.5178][wd: 5.03e-02] [lr: 9.64e-05] [autoencoder lr: 0.00e+00][mem: 6.63e+04] (1694.1 ms)
INFO:root:[1,  2200] grad_stats: [5.11e-01 1.86e-01] (3.01e-02, 3.27e+00)
INFO:root:[1,  2250/ 2562] - train_losses - Parent Class: 0.0000 - Children class: 6.1365 -Autoencoder Loss (total): 508.1527 - Reconstruction/K-Means Loss: [0.0000 / 508.1527] - Consistency Loss: [0.0000] - VICReg Loss: [22.5057][wd: 5.03e-02] [lr: 9.65e-05] [autoencoder lr: 0.00e+00][mem: 6.63e+04] (1699.8 ms)
INFO:root:[1,  2250] grad_stats: [4.65e-01 2.46e-01] (4.18e-02, 3.85e+00)
INFO:root:[1,  2300/ 2562] - train_losses - Parent Class: 0.0000 - Children class: 6.1241 -Autoencoder Loss (total): 508.4044 - Reconstruction/K-Means Loss: [0.0000 / 508.4044] - Consistency Loss: [0.0000] - VICReg Loss: [22.4941][wd: 5.03e-02] [lr: 9.67e-05] [autoencoder lr: 0.00e+00][mem: 6.63e+04] (1705.6 ms)
INFO:root:[1,  2300] grad_stats: [3.76e-01 2.00e-01] (3.68e-02, 3.39e+00)
INFO:root:[1,  2350/ 2562] - train_losses - Parent Class: 0.0000 - Children class: 6.1119 -Autoencoder Loss (total): 508.4909 - Reconstruction/K-Means Loss: [0.0000 / 508.4909] - Consistency Loss: [0.0000] - VICReg Loss: [22.4829][wd: 5.03e-02] [lr: 9.68e-05] [autoencoder lr: 0.00e+00][mem: 6.63e+04] (1711.6 ms)
INFO:root:[1,  2350] grad_stats: [3.51e-01 1.55e-01] (4.25e-02, 3.91e+00)
INFO:root:[1,  2400/ 2562] - train_losses - Parent Class: 0.0000 - Children class: 6.1008 -Autoencoder Loss (total): 508.7604 - Reconstruction/K-Means Loss: [0.0000 / 508.7604] - Consistency Loss: [0.0000] - VICReg Loss: [22.4718][wd: 5.03e-02] [lr: 9.70e-05] [autoencoder lr: 0.00e+00][mem: 6.63e+04] (1717.5 ms)
INFO:root:[1,  2400] grad_stats: [3.99e-01 1.31e-01] (3.27e-02, 3.42e+00)
INFO:root:[1,  2450/ 2562] - train_losses - Parent Class: 0.0000 - Children class: 6.0888 -Autoencoder Loss (total): 508.7574 - Reconstruction/K-Means Loss: [0.0000 / 508.7574] - Consistency Loss: [0.0000] - VICReg Loss: [22.4615][wd: 5.03e-02] [lr: 9.71e-05] [autoencoder lr: 0.00e+00][mem: 6.63e+04] (1724.5 ms)
INFO:root:[1,  2450] grad_stats: [3.77e-01 1.47e-01] (3.30e-02, 3.14e+00)
INFO:root:[1,  2500/ 2562] - train_losses - Parent Class: 0.0000 - Children class: 6.0758 -Autoencoder Loss (total): 508.7747 - Reconstruction/K-Means Loss: [0.0000 / 508.7747] - Consistency Loss: [0.0000] - VICReg Loss: [22.4507][wd: 5.03e-02] [lr: 9.73e-05] [autoencoder lr: 0.00e+00][mem: 6.63e+04] (1731.7 ms)
INFO:root:[1,  2500] grad_stats: [4.81e-01 1.80e-01] (4.56e-02, 3.70e+00)
INFO:root:[1,  2550/ 2562] - train_losses - Parent Class: 0.0000 - Children class: 6.0641 -Autoencoder Loss (total): 508.8600 - Reconstruction/K-Means Loss: [0.0000 / 508.8600] - Consistency Loss: [0.0000] - VICReg Loss: [22.4403][wd: 5.03e-02] [lr: 9.74e-05] [autoencoder lr: 0.00e+00][mem: 6.63e+04] (1738.7 ms)
INFO:root:[1,  2550] grad_stats: [3.00e-01 1.82e-01] (3.17e-02, 3.56e+00)
INFO:root:Asserting cache length
INFO:root:Reinitializing centroids
Avg no of empty clusters: 8.928909952606634
INFO:faiss.loader:Loading faiss with AVX2 support.
INFO:faiss.loader:Successfully loaded faiss with AVX2 support.
INFO:faiss.loader:Loading faiss with AVX2 support.
INFO:faiss.loader:Successfully loaded faiss with AVX2 support.
INFO:faiss.loader:Loading faiss with AVX2 support.
INFO:faiss.loader:Successfully loaded faiss with AVX2 support.
INFO:faiss.loader:Loading faiss with AVX2 support.
INFO:faiss.loader:Successfully loaded faiss with AVX2 support.
INFO:faiss.loader:Loading faiss with AVX2 support.
INFO:faiss.loader:Successfully loaded faiss with AVX2 support.
INFO:faiss.loader:Loading faiss with AVX2 support.
INFO:faiss.loader:Successfully loaded faiss with AVX2 support.
INFO:faiss.loader:Loading faiss with AVX2 support.
INFO:faiss.loader:Successfully loaded faiss with AVX2 support.
INFO:faiss.loader:Loading faiss with AVX2 support.
INFO:faiss.loader:Successfully loaded faiss with AVX2 support.
INFO:faiss.loader:Loading faiss with AVX2 support.
INFO:faiss.loader:Successfully loaded faiss with AVX2 support.
INFO:faiss.loader:Loading faiss with AVX2 support.
INFO:faiss.loader:Successfully loaded faiss with AVX2 support.
INFO:faiss.loader:Loading faiss with AVX2 support.
INFO:faiss.loader:Successfully loaded faiss with AVX2 support.
INFO:faiss.loader:Loading faiss with AVX2 support.
INFO:faiss.loader:Successfully loaded faiss with AVX2 support.
INFO:faiss.loader:Loading faiss with AVX2 support.
INFO:faiss.loader:Successfully loaded faiss with AVX2 support.
INFO:faiss.loader:Loading faiss with AVX2 support.
INFO:faiss.loader:Successfully loaded faiss with AVX2 support.
INFO:faiss.loader:Loading faiss with AVX2 support.
INFO:faiss.loader:Successfully loaded faiss with AVX2 support.
INFO:faiss.loader:Loading faiss with AVX2 support.
INFO:faiss.loader:Successfully loaded faiss with AVX2 support.
INFO:root:avg. train_loss 28.500
INFO:root:avg. test_loss 0.000 avg. Accuracy@1 0.172 - avg. Accuracy@5 0.000
INFO:root:Loss 27.6950
INFO:root:Epoch 2
INFO:faiss.loader:Loading faiss with AVX2 support.
INFO:faiss.loader:Successfully loaded faiss with AVX2 support.
INFO:faiss.loader:Loading faiss with AVX2 support.
INFO:faiss.loader:Successfully loaded faiss with AVX2 support.
INFO:faiss.loader:Loading faiss with AVX2 support.
INFO:faiss.loader:Successfully loaded faiss with AVX2 support.
INFO:faiss.loader:Loading faiss with AVX2 support.
INFO:faiss.loader:Successfully loaded faiss with AVX2 support.
INFO:faiss.loader:Loading faiss with AVX2 support.
INFO:faiss.loader:Successfully loaded faiss with AVX2 support.
INFO:faiss.loader:Loading faiss with AVX2 support.
INFO:faiss.loader:Successfully loaded faiss with AVX2 support.
INFO:faiss.loader:Loading faiss with AVX2 support.
INFO:faiss.loader:Successfully loaded faiss with AVX2 support.
INFO:faiss.loader:Loading faiss with AVX2 support.
INFO:faiss.loader:Successfully loaded faiss with AVX2 support.
INFO:faiss.loader:Loading faiss with AVX2 support.
INFO:faiss.loader:Successfully loaded faiss with AVX2 support.
INFO:faiss.loader:Loading faiss with AVX2 support.
INFO:faiss.loader:Successfully loaded faiss with AVX2 support.
INFO:faiss.loader:Loading faiss with AVX2 support.
INFO:faiss.loader:Successfully loaded faiss with AVX2 support.
INFO:faiss.loader:Loading faiss with AVX2 support.
INFO:faiss.loader:Successfully loaded faiss with AVX2 support.
INFO:faiss.loader:Loading faiss with AVX2 support.
INFO:faiss.loader:Successfully loaded faiss with AVX2 support.
INFO:faiss.loader:Loading faiss with AVX2 support.
INFO:faiss.loader:Successfully loaded faiss with AVX2 support.
INFO:faiss.loader:Loading faiss with AVX2 support.
INFO:faiss.loader:Successfully loaded faiss with AVX2 support.
INFO:faiss.loader:Loading faiss with AVX2 support.
INFO:faiss.loader:Successfully loaded faiss with AVX2 support.
INFO:root:[2,     0/ 2562] - train_losses - Parent Class: 0.0000 - Children class: 7.7024 -Autoencoder Loss (total): 889.5515 - Reconstruction/K-Means Loss: [0.0000 / 889.5515] - Consistency Loss: [0.0000] - VICReg Loss: [22.1087][wd: 5.03e-02] [lr: 9.74e-05] [autoencoder lr: 0.00e+00][mem: 6.63e+04] (2381.7 ms)
INFO:root:[2,     0] grad_stats: [3.23e-01 1.66e-01] (2.60e-02, 4.61e+00)
INFO:root:[2,    50/ 2562] - train_losses - Parent Class: 0.0000 - Children class: 6.6967 -Autoencoder Loss (total): 210.5982 - Reconstruction/K-Means Loss: [0.0000 / 210.5982] - Consistency Loss: [0.0000] - VICReg Loss: [21.9583][wd: 5.04e-02] [lr: 9.76e-05] [autoencoder lr: 0.00e+00][mem: 6.63e+04] (1462.0 ms)
INFO:root:[2,    50] grad_stats: [2.53e-01 1.31e-01] (2.15e-02, 3.21e+00)
INFO:root:[2,   100/ 2562] - train_losses - Parent Class: 0.0000 - Children class: 6.2092 -Autoencoder Loss (total): 191.8852 - Reconstruction/K-Means Loss: [0.0000 / 191.8852] - Consistency Loss: [0.0000] - VICReg Loss: [21.9425][wd: 5.04e-02] [lr: 9.77e-05] [autoencoder lr: 0.00e+00][mem: 6.63e+04] (1455.7 ms)
INFO:root:[2,   100] grad_stats: [5.00e-01 1.69e-01] (3.79e-02, 4.43e+00)
INFO:root:[2,   150/ 2562] - train_losses - Parent Class: 0.0000 - Children class: 5.9937 -Autoencoder Loss (total): 185.7106 - Reconstruction/K-Means Loss: [0.0000 / 185.7106] - Consistency Loss: [0.0000] - VICReg Loss: [21.9292][wd: 5.04e-02] [lr: 9.79e-05] [autoencoder lr: 0.00e+00][mem: 6.63e+04] (1457.3 ms)
INFO:root:[2,   150] grad_stats: [3.28e-01 1.16e-01] (2.33e-02, 3.12e+00)
INFO:root:[2,   200/ 2562] - train_losses - Parent Class: 0.0000 - Children class: 5.8672 -Autoencoder Loss (total): 182.0339 - Reconstruction/K-Means Loss: [0.0000 / 182.0339] - Consistency Loss: [0.0000] - VICReg Loss: [21.9204][wd: 5.04e-02] [lr: 9.80e-05] [autoencoder lr: 0.00e+00][mem: 6.63e+04] (1461.5 ms)
INFO:root:[2,   200] grad_stats: [3.77e-01 1.32e-01] (2.84e-02, 3.68e+00)
INFO:root:[2,   250/ 2562] - train_losses - Parent Class: 0.0000 - Children class: 5.7808 -Autoencoder Loss (total): 180.6584 - Reconstruction/K-Means Loss: [0.0000 / 180.6584] - Consistency Loss: [0.0000] - VICReg Loss: [21.9087][wd: 5.04e-02] [lr: 9.82e-05] [autoencoder lr: 0.00e+00][mem: 6.63e+04] (1465.7 ms)
INFO:root:[2,   250] grad_stats: [4.21e-01 1.34e-01] (2.93e-02, 3.55e+00)
INFO:root:[2,   300/ 2562] - train_losses - Parent Class: 0.0000 - Children class: 5.7281 -Autoencoder Loss (total): 179.8888 - Reconstruction/K-Means Loss: [0.0000 / 179.8888] - Consistency Loss: [0.0000] - VICReg Loss: [21.9075][wd: 5.04e-02] [lr: 9.83e-05] [autoencoder lr: 0.00e+00][mem: 6.63e+04] (1470.5 ms)
INFO:root:[2,   300] grad_stats: [7.18e-01 2.39e-01] (4.25e-02, 5.83e+00)
INFO:root:[2,   350/ 2562] - train_losses - Parent Class: 0.0000 - Children class: 5.6800 -Autoencoder Loss (total): 179.5789 - Reconstruction/K-Means Loss: [0.0000 / 179.5789] - Consistency Loss: [0.0000] - VICReg Loss: [21.9051][wd: 5.04e-02] [lr: 9.84e-05] [autoencoder lr: 0.00e+00][mem: 6.63e+04] (1475.6 ms)
INFO:root:[2,   350] grad_stats: [3.94e-01 1.58e-01] (3.43e-02, 3.05e+00)
INFO:root:[2,   400/ 2562] - train_losses - Parent Class: 0.0000 - Children class: 5.6509 -Autoencoder Loss (total): 179.4386 - Reconstruction/K-Means Loss: [0.0000 / 179.4386] - Consistency Loss: [0.0000] - VICReg Loss: [21.9007][wd: 5.05e-02] [lr: 9.86e-05] [autoencoder lr: 0.00e+00][mem: 6.63e+04] (1480.4 ms)
INFO:root:[2,   400] grad_stats: [3.30e-01 1.66e-01] (3.08e-02, 3.43e+00)
INFO:root:[2,   450/ 2562] - train_losses - Parent Class: 0.0000 - Children class: 5.6212 -Autoencoder Loss (total): 179.7219 - Reconstruction/K-Means Loss: [0.0000 / 179.7219] - Consistency Loss: [0.0000] - VICReg Loss: [21.8969][wd: 5.05e-02] [lr: 9.87e-05] [autoencoder lr: 0.00e+00][mem: 6.63e+04] (1486.0 ms)
INFO:root:[2,   450] grad_stats: [4.29e-01 1.47e-01] (3.06e-02, 3.97e+00)
INFO:root:[2,   500/ 2562] - train_losses - Parent Class: 0.0000 - Children class: 5.5895 -Autoencoder Loss (total): 179.3641 - Reconstruction/K-Means Loss: [0.0000 / 179.3641] - Consistency Loss: [0.0000] - VICReg Loss: [21.8919][wd: 5.05e-02] [lr: 9.89e-05] [autoencoder lr: 0.00e+00][mem: 6.63e+04] (1491.9 ms)
INFO:root:[2,   500] grad_stats: [3.66e-01 1.21e-01] (2.85e-02, 3.35e+00)
INFO:root:[2,   550/ 2562] - train_losses - Parent Class: 0.0000 - Children class: 5.5701 -Autoencoder Loss (total): 179.6861 - Reconstruction/K-Means Loss: [0.0000 / 179.6861] - Consistency Loss: [0.0000] - VICReg Loss: [21.8891][wd: 5.05e-02] [lr: 9.90e-05] [autoencoder lr: 0.00e+00][mem: 6.63e+04] (1497.4 ms)
INFO:root:[2,   550] grad_stats: [5.45e-01 2.89e-01] (4.23e-02, 4.64e+00)
INFO:root:[2,   600/ 2562] - train_losses - Parent Class: 0.0000 - Children class: 5.5476 -Autoencoder Loss (total): 179.6165 - Reconstruction/K-Means Loss: [0.0000 / 179.6165] - Consistency Loss: [0.0000] - VICReg Loss: [21.8842][wd: 5.05e-02] [lr: 9.92e-05] [autoencoder lr: 0.00e+00][mem: 6.63e+04] (1503.6 ms)
INFO:root:[2,   600] grad_stats: [3.88e-01 1.28e-01] (3.16e-02, 3.24e+00)
INFO:root:[2,   650/ 2562] - train_losses - Parent Class: 0.0000 - Children class: 5.5270 -Autoencoder Loss (total): 179.5007 - Reconstruction/K-Means Loss: [0.0000 / 179.5007] - Consistency Loss: [0.0000] - VICReg Loss: [21.8776][wd: 5.05e-02] [lr: 9.93e-05] [autoencoder lr: 0.00e+00][mem: 6.63e+04] (1509.7 ms)
INFO:root:[2,   650] grad_stats: [4.74e-01 1.22e-01] (2.79e-02, 3.50e+00)
INFO:root:[2,   700/ 2562] - train_losses - Parent Class: 0.0000 - Children class: 5.5101 -Autoencoder Loss (total): 179.7975 - Reconstruction/K-Means Loss: [0.0000 / 179.7975] - Consistency Loss: [0.0000] - VICReg Loss: [21.8722][wd: 5.06e-02] [lr: 9.95e-05] [autoencoder lr: 0.00e+00][mem: 6.63e+04] (1515.3 ms)
INFO:root:[2,   700] grad_stats: [5.82e-01 1.69e-01] (3.82e-02, 5.48e+00)
INFO:root:[2,   750/ 2562] - train_losses - Parent Class: 0.0000 - Children class: 5.4926 -Autoencoder Loss (total): 179.6291 - Reconstruction/K-Means Loss: [0.0000 / 179.6291] - Consistency Loss: [0.0000] - VICReg Loss: [21.8648][wd: 5.06e-02] [lr: 9.96e-05] [autoencoder lr: 0.00e+00][mem: 6.63e+04] (1521.3 ms)
INFO:root:[2,   750] grad_stats: [3.09e-01 1.42e-01] (2.81e-02, 3.41e+00)
INFO:root:[2,   800/ 2562] - train_losses - Parent Class: 0.0000 - Children class: 5.4774 -Autoencoder Loss (total): 179.4808 - Reconstruction/K-Means Loss: [0.0000 / 179.4808] - Consistency Loss: [0.0000] - VICReg Loss: [21.8613][wd: 5.06e-02] [lr: 9.98e-05] [autoencoder lr: 0.00e+00][mem: 6.63e+04] (1527.0 ms)
INFO:root:[2,   800] grad_stats: [4.41e-01 1.92e-01] (3.48e-02, 3.72e+00)
INFO:root:[2,   850/ 2562] - train_losses - Parent Class: 0.0000 - Children class: 5.4660 -Autoencoder Loss (total): 179.5450 - Reconstruction/K-Means Loss: [0.0000 / 179.5450] - Consistency Loss: [0.0000] - VICReg Loss: [21.8593][wd: 5.06e-02] [lr: 9.99e-05] [autoencoder lr: 0.00e+00][mem: 6.63e+04] (1532.7 ms)
INFO:root:[2,   850] grad_stats: [3.62e-01 1.50e-01] (3.17e-02, 3.31e+00)
INFO:root:[2,   900/ 2562] - train_losses - Parent Class: 0.0000 - Children class: 5.4519 -Autoencoder Loss (total): 179.4399 - Reconstruction/K-Means Loss: [0.0000 / 179.4399] - Consistency Loss: [0.0000] - VICReg Loss: [21.8547][wd: 5.06e-02] [lr: 1.00e-04] [autoencoder lr: 0.00e+00][mem: 6.63e+04] (1538.3 ms)
INFO:root:[2,   900] grad_stats: [4.81e-01 1.27e-01] (2.85e-02, 4.18e+00)
INFO:root:[2,   950/ 2562] - train_losses - Parent Class: 0.0000 - Children class: 5.4386 -Autoencoder Loss (total): 179.4010 - Reconstruction/K-Means Loss: [0.0000 / 179.4010] - Consistency Loss: [0.0000] - VICReg Loss: [21.8494][wd: 5.06e-02] [lr: 1.00e-04] [autoencoder lr: 0.00e+00][mem: 6.63e+04] (1544.2 ms)
INFO:root:[2,   950] grad_stats: [3.47e-01 1.13e-01] (2.72e-02, 3.48e+00)
INFO:root:[2,  1000/ 2562] - train_losses - Parent Class: 0.0000 - Children class: 5.4262 -Autoencoder Loss (total): 179.5541 - Reconstruction/K-Means Loss: [0.0000 / 179.5541] - Consistency Loss: [0.0000] - VICReg Loss: [21.8441][wd: 5.07e-02] [lr: 1.00e-04] [autoencoder lr: 0.00e+00][mem: 6.63e+04] (1550.2 ms)
INFO:root:[2,  1000] grad_stats: [4.34e-01 1.54e-01] (3.00e-02, 3.92e+00)
INFO:root:[2,  1050/ 2562] - train_losses - Parent Class: 0.0000 - Children class: 5.4157 -Autoencoder Loss (total): 179.5895 - Reconstruction/K-Means Loss: [0.0000 / 179.5895] - Consistency Loss: [0.0000] - VICReg Loss: [21.8412][wd: 5.07e-02] [lr: 1.00e-04] [autoencoder lr: 0.00e+00][mem: 6.63e+04] (1555.7 ms)
INFO:root:[2,  1050] grad_stats: [4.92e-01 2.44e-01] (5.02e-02, 6.22e+00)
INFO:root:[2,  1100/ 2562] - train_losses - Parent Class: 0.0000 - Children class: 5.4064 -Autoencoder Loss (total): 179.8241 - Reconstruction/K-Means Loss: [0.0000 / 179.8241] - Consistency Loss: [0.0000] - VICReg Loss: [21.8374][wd: 5.07e-02] [lr: 1.01e-04] [autoencoder lr: 0.00e+00][mem: 6.63e+04] (1561.7 ms)
INFO:root:[2,  1100] grad_stats: [5.02e-01 2.07e-01] (3.96e-02, 4.24e+00)
INFO:root:[2,  1150/ 2562] - train_losses - Parent Class: 0.0000 - Children class: 5.3974 -Autoencoder Loss (total): 179.8416 - Reconstruction/K-Means Loss: [0.0000 / 179.8416] - Consistency Loss: [0.0000] - VICReg Loss: [21.8335][wd: 5.07e-02] [lr: 1.01e-04] [autoencoder lr: 0.00e+00][mem: 6.63e+04] (1567.5 ms)
INFO:root:[2,  1150] grad_stats: [3.96e-01 1.33e-01] (2.91e-02, 3.57e+00)
INFO:root:[2,  1200/ 2562] - train_losses - Parent Class: 0.0000 - Children class: 5.3853 -Autoencoder Loss (total): 179.7418 - Reconstruction/K-Means Loss: [0.0000 / 179.7418] - Consistency Loss: [0.0000] - VICReg Loss: [21.8289][wd: 5.07e-02] [lr: 1.01e-04] [autoencoder lr: 0.00e+00][mem: 6.63e+04] (1573.4 ms)
INFO:root:[2,  1200] grad_stats: [4.99e-01 1.71e-01] (3.10e-02, 4.17e+00)
INFO:root:[2,  1250/ 2562] - train_losses - Parent Class: 0.0000 - Children class: 5.3765 -Autoencoder Loss (total): 179.7459 - Reconstruction/K-Means Loss: [0.0000 / 179.7459] - Consistency Loss: [0.0000] - VICReg Loss: [21.8251][wd: 5.08e-02] [lr: 1.01e-04] [autoencoder lr: 0.00e+00][mem: 6.63e+04] (1579.1 ms)
INFO:root:[2,  1250] grad_stats: [3.78e-01 1.75e-01] (3.56e-02, 3.30e+00)
INFO:root:[2,  1300/ 2562] - train_losses - Parent Class: 0.0000 - Children class: 5.3658 -Autoencoder Loss (total): 179.8411 - Reconstruction/K-Means Loss: [0.0000 / 179.8411] - Consistency Loss: [0.0000] - VICReg Loss: [21.8196][wd: 5.08e-02] [lr: 1.01e-04] [autoencoder lr: 0.00e+00][mem: 6.63e+04] (1585.1 ms)
INFO:root:[2,  1300] grad_stats: [4.55e-01 1.53e-01] (3.58e-02, 3.53e+00)
INFO:root:[2,  1350/ 2562] - train_losses - Parent Class: 0.0000 - Children class: 5.3572 -Autoencoder Loss (total): 179.7893 - Reconstruction/K-Means Loss: [0.0000 / 179.7893] - Consistency Loss: [0.0000] - VICReg Loss: [21.8161][wd: 5.08e-02] [lr: 1.01e-04] [autoencoder lr: 0.00e+00][mem: 6.63e+04] (1590.9 ms)
INFO:root:[2,  1350] grad_stats: [3.99e-01 1.26e-01] (3.03e-02, 3.09e+00)
INFO:root:[2,  1400/ 2562] - train_losses - Parent Class: 0.0000 - Children class: 5.3482 -Autoencoder Loss (total): 179.7315 - Reconstruction/K-Means Loss: [0.0000 / 179.7315] - Consistency Loss: [0.0000] - VICReg Loss: [21.8129][wd: 5.08e-02] [lr: 1.01e-04] [autoencoder lr: 0.00e+00][mem: 6.63e+04] (1596.8 ms)
INFO:root:[2,  1400] grad_stats: [3.40e-01 1.63e-01] (3.22e-02, 3.01e+00)
INFO:root:[2,  1450/ 2562] - train_losses - Parent Class: 0.0000 - Children class: 5.3390 -Autoencoder Loss (total): 179.6809 - Reconstruction/K-Means Loss: [0.0000 / 179.6809] - Consistency Loss: [0.0000] - VICReg Loss: [21.8093][wd: 5.08e-02] [lr: 1.02e-04] [autoencoder lr: 0.00e+00][mem: 6.63e+04] (1602.7 ms)
INFO:root:[2,  1450] grad_stats: [6.61e-01 1.77e-01] (4.51e-02, 6.27e+00)
INFO:root:[2,  1500/ 2562] - train_losses - Parent Class: 0.0000 - Children class: 5.3299 -Autoencoder Loss (total): 179.6164 - Reconstruction/K-Means Loss: [0.0000 / 179.6164] - Consistency Loss: [0.0000] - VICReg Loss: [21.8059][wd: 5.09e-02] [lr: 1.02e-04] [autoencoder lr: 0.00e+00][mem: 6.63e+04] (1608.7 ms)
INFO:root:[2,  1500] grad_stats: [5.54e-01 1.50e-01] (3.37e-02, 4.28e+00)
INFO:root:[2,  1550/ 2562] - train_losses - Parent Class: 0.0000 - Children class: 5.3230 -Autoencoder Loss (total): 179.6643 - Reconstruction/K-Means Loss: [0.0000 / 179.6643] - Consistency Loss: [0.0000] - VICReg Loss: [21.8026][wd: 5.09e-02] [lr: 1.02e-04] [autoencoder lr: 0.00e+00][mem: 6.63e+04] (1614.3 ms)
INFO:root:[2,  1550] grad_stats: [5.74e-01 1.48e-01] (3.13e-02, 4.58e+00)
INFO:root:[2,  1600/ 2562] - train_losses - Parent Class: 0.0000 - Children class: 5.3148 -Autoencoder Loss (total): 179.6039 - Reconstruction/K-Means Loss: [0.0000 / 179.6039] - Consistency Loss: [0.0000] - VICReg Loss: [21.7985][wd: 5.09e-02] [lr: 1.02e-04] [autoencoder lr: 0.00e+00][mem: 6.63e+04] (1620.4 ms)
INFO:root:[2,  1600] grad_stats: [4.96e-01 1.50e-01] (3.26e-02, 3.72e+00)
INFO:root:[2,  1650/ 2562] - train_losses - Parent Class: 0.0000 - Children class: 5.3066 -Autoencoder Loss (total): 179.6682 - Reconstruction/K-Means Loss: [0.0000 / 179.6682] - Consistency Loss: [0.0000] - VICReg Loss: [21.7940][wd: 5.09e-02] [lr: 1.02e-04] [autoencoder lr: 0.00e+00][mem: 6.63e+04] (1626.1 ms)
INFO:root:[2,  1650] grad_stats: [5.43e-01 1.46e-01] (3.09e-02, 4.22e+00)
INFO:root:[2,  1700/ 2562] - train_losses - Parent Class: 0.0000 - Children class: 5.2984 -Autoencoder Loss (total): 179.5873 - Reconstruction/K-Means Loss: [0.0000 / 179.5873] - Consistency Loss: [0.0000] - VICReg Loss: [21.7896][wd: 5.10e-02] [lr: 1.02e-04] [autoencoder lr: 0.00e+00][mem: 6.63e+04] (1632.2 ms)
INFO:root:[2,  1700] grad_stats: [7.10e-01 1.65e-01] (3.29e-02, 7.89e+00)
INFO:root:[2,  1750/ 2562] - train_losses - Parent Class: 0.0000 - Children class: 5.2897 -Autoencoder Loss (total): 179.5972 - Reconstruction/K-Means Loss: [0.0000 / 179.5972] - Consistency Loss: [0.0000] - VICReg Loss: [21.7849][wd: 5.10e-02] [lr: 1.03e-04] [autoencoder lr: 0.00e+00][mem: 6.63e+04] (1638.0 ms)
INFO:root:[2,  1750] grad_stats: [6.94e-01 1.41e-01] (3.15e-02, 7.51e+00)
INFO:root:[2,  1800/ 2562] - train_losses - Parent Class: 0.0000 - Children class: 5.2820 -Autoencoder Loss (total): 179.7121 - Reconstruction/K-Means Loss: [0.0000 / 179.7121] - Consistency Loss: [0.0000] - VICReg Loss: [21.7804][wd: 5.10e-02] [lr: 1.03e-04] [autoencoder lr: 0.00e+00][mem: 6.63e+04] (1643.6 ms)
INFO:root:[2,  1800] grad_stats: [5.30e-01 1.12e-01] (2.81e-02, 4.77e+00)
INFO:root:[2,  1850/ 2562] - train_losses - Parent Class: 0.0000 - Children class: 5.2741 -Autoencoder Loss (total): 179.7021 - Reconstruction/K-Means Loss: [0.0000 / 179.7021] - Consistency Loss: [0.0000] - VICReg Loss: [21.7757][wd: 5.10e-02] [lr: 1.03e-04] [autoencoder lr: 0.00e+00][mem: 6.63e+04] (1649.3 ms)
INFO:root:[2,  1850] grad_stats: [4.65e-01 1.44e-01] (3.30e-02, 3.40e+00)
INFO:root:[2,  1900/ 2562] - train_losses - Parent Class: 0.0000 - Children class: 5.2656 -Autoencoder Loss (total): 179.7956 - Reconstruction/K-Means Loss: [0.0000 / 179.7956] - Consistency Loss: [0.0000] - VICReg Loss: [21.7714][wd: 5.10e-02] [lr: 1.03e-04] [autoencoder lr: 0.00e+00][mem: 6.63e+04] (1655.3 ms)
INFO:root:[2,  1900] grad_stats: [7.34e-01 1.73e-01] (4.20e-02, 5.49e+00)
INFO:root:[2,  1950/ 2562] - train_losses - Parent Class: 0.0000 - Children class: 5.2576 -Autoencoder Loss (total): 179.7711 - Reconstruction/K-Means Loss: [0.0000 / 179.7711] - Consistency Loss: [0.0000] - VICReg Loss: [21.7677][wd: 5.11e-02] [lr: 1.03e-04] [autoencoder lr: 0.00e+00][mem: 6.63e+04] (1661.1 ms)
INFO:root:[2,  1950] grad_stats: [5.33e-01 1.39e-01] (3.16e-02, 4.29e+00)
INFO:root:[2,  2000/ 2562] - train_losses - Parent Class: 0.0000 - Children class: 5.2498 -Autoencoder Loss (total): 179.7425 - Reconstruction/K-Means Loss: [0.0000 / 179.7425] - Consistency Loss: [0.0000] - VICReg Loss: [21.7629][wd: 5.11e-02] [lr: 1.03e-04] [autoencoder lr: 0.00e+00][mem: 6.63e+04] (1666.9 ms)
INFO:root:[2,  2000] grad_stats: [3.93e-01 1.27e-01] (2.98e-02, 3.29e+00)
INFO:root:[2,  2050/ 2562] - train_losses - Parent Class: 0.0000 - Children class: 5.2417 -Autoencoder Loss (total): 179.7582 - Reconstruction/K-Means Loss: [0.0000 / 179.7582] - Consistency Loss: [0.0000] - VICReg Loss: [21.7587][wd: 5.11e-02] [lr: 1.03e-04] [autoencoder lr: 0.00e+00][mem: 6.63e+04] (1672.6 ms)
INFO:root:[2,  2050] grad_stats: [4.56e-01 1.37e-01] (3.14e-02, 3.24e+00)
INFO:root:[2,  2100/ 2562] - train_losses - Parent Class: 0.0000 - Children class: 5.2344 -Autoencoder Loss (total): 179.7566 - Reconstruction/K-Means Loss: [0.0000 / 179.7566] - Consistency Loss: [0.0000] - VICReg Loss: [21.7540][wd: 5.11e-02] [lr: 1.04e-04] [autoencoder lr: 0.00e+00][mem: 6.63e+04] (1678.5 ms)
INFO:root:[2,  2100] grad_stats: [5.87e-01 1.29e-01] (3.46e-02, 4.83e+00)
INFO:root:[2,  2150/ 2562] - train_losses - Parent Class: 0.0000 - Children class: 5.2265 -Autoencoder Loss (total): 179.8130 - Reconstruction/K-Means Loss: [0.0000 / 179.8130] - Consistency Loss: [0.0000] - VICReg Loss: [21.7495][wd: 5.12e-02] [lr: 1.04e-04] [autoencoder lr: 0.00e+00][mem: 6.63e+04] (1684.1 ms)
INFO:root:[2,  2150] grad_stats: [5.38e-01 1.27e-01] (3.04e-02, 5.59e+00)
INFO:root:[2,  2200/ 2562] - train_losses - Parent Class: 0.0000 - Children class: 5.2188 -Autoencoder Loss (total): 179.8270 - Reconstruction/K-Means Loss: [0.0000 / 179.8270] - Consistency Loss: [0.0000] - VICReg Loss: [21.7458][wd: 5.12e-02] [lr: 1.04e-04] [autoencoder lr: 0.00e+00][mem: 6.63e+04] (1689.7 ms)
INFO:root:[2,  2200] grad_stats: [6.81e-01 1.82e-01] (3.94e-02, 4.23e+00)
INFO:root:[2,  2250/ 2562] - train_losses - Parent Class: 0.0000 - Children class: 5.2107 -Autoencoder Loss (total): 179.7648 - Reconstruction/K-Means Loss: [0.0000 / 179.7648] - Consistency Loss: [0.0000] - VICReg Loss: [21.7410][wd: 5.12e-02] [lr: 1.04e-04] [autoencoder lr: 0.00e+00][mem: 6.63e+04] (1695.6 ms)
INFO:root:[2,  2250] grad_stats: [4.88e-01 1.71e-01] (4.22e-02, 5.01e+00)
INFO:root:[2,  2300/ 2562] - train_losses - Parent Class: 0.0000 - Children class: 5.2030 -Autoencoder Loss (total): 179.7745 - Reconstruction/K-Means Loss: [0.0000 / 179.7745] - Consistency Loss: [0.0000] - VICReg Loss: [21.7366][wd: 5.12e-02] [lr: 1.04e-04] [autoencoder lr: 0.00e+00][mem: 6.63e+04] (1701.4 ms)
INFO:root:[2,  2300] grad_stats: [4.66e-01 1.42e-01] (3.12e-02, 3.23e+00)
INFO:root:[2,  2350/ 2562] - train_losses - Parent Class: 0.0000 - Children class: 5.1956 -Autoencoder Loss (total): 179.6501 - Reconstruction/K-Means Loss: [0.0000 / 179.6501] - Consistency Loss: [0.0000] - VICReg Loss: [21.7329][wd: 5.13e-02] [lr: 1.04e-04] [autoencoder lr: 0.00e+00][mem: 6.63e+04] (1707.5 ms)
INFO:root:[2,  2350] grad_stats: [5.75e-01 1.49e-01] (3.65e-02, 6.96e+00)
INFO:root:[2,  2400/ 2562] - train_losses - Parent Class: 0.0000 - Children class: 5.1880 -Autoencoder Loss (total): 179.6854 - Reconstruction/K-Means Loss: [0.0000 / 179.6854] - Consistency Loss: [0.0000] - VICReg Loss: [21.7289][wd: 5.13e-02] [lr: 1.04e-04] [autoencoder lr: 0.00e+00][mem: 6.63e+04] (1713.3 ms)
INFO:root:[2,  2400] grad_stats: [5.91e-01 2.13e-01] (4.96e-02, 4.87e+00)
INFO:root:[2,  2450/ 2562] - train_losses - Parent Class: 0.0000 - Children class: 5.1812 -Autoencoder Loss (total): 179.6430 - Reconstruction/K-Means Loss: [0.0000 / 179.6430] - Consistency Loss: [0.0000] - VICReg Loss: [21.7255][wd: 5.13e-02] [lr: 1.05e-04] [autoencoder lr: 0.00e+00][mem: 6.63e+04] (1719.0 ms)
INFO:root:[2,  2450] grad_stats: [6.17e-01 1.37e-01] (3.26e-02, 3.82e+00)
INFO:root:[2,  2500/ 2562] - train_losses - Parent Class: 0.0000 - Children class: 5.1743 -Autoencoder Loss (total): 179.6813 - Reconstruction/K-Means Loss: [0.0000 / 179.6813] - Consistency Loss: [0.0000] - VICReg Loss: [21.7216][wd: 5.13e-02] [lr: 1.05e-04] [autoencoder lr: 0.00e+00][mem: 6.63e+04] (1724.7 ms)
INFO:root:[2,  2500] grad_stats: [5.71e-01 1.32e-01] (3.25e-02, 4.73e+00)
INFO:root:[2,  2550/ 2562] - train_losses - Parent Class: 0.0000 - Children class: 5.1671 -Autoencoder Loss (total): 179.6941 - Reconstruction/K-Means Loss: [0.0000 / 179.6941] - Consistency Loss: [0.0000] - VICReg Loss: [21.7174][wd: 5.14e-02] [lr: 1.05e-04] [autoencoder lr: 0.00e+00][mem: 6.63e+04] (1730.2 ms)
INFO:root:[2,  2550] grad_stats: [5.39e-01 1.52e-01] (3.22e-02, 4.50e+00)
INFO:root:Asserting cache length
INFO:root:Reinitializing centroids
Avg no of empty clusters: 18.269195189639223
INFO:faiss.loader:Loading faiss with AVX2 support.
INFO:faiss.loader:Successfully loaded faiss with AVX2 support.
INFO:faiss.loader:Loading faiss with AVX2 support.
INFO:faiss.loader:Successfully loaded faiss with AVX2 support.
INFO:faiss.loader:Loading faiss with AVX2 support.
INFO:faiss.loader:Successfully loaded faiss with AVX2 support.
INFO:faiss.loader:Loading faiss with AVX2 support.
INFO:faiss.loader:Successfully loaded faiss with AVX2 support.
INFO:faiss.loader:Loading faiss with AVX2 support.
INFO:faiss.loader:Successfully loaded faiss with AVX2 support.
INFO:faiss.loader:Loading faiss with AVX2 support.
INFO:faiss.loader:Successfully loaded faiss with AVX2 support.
INFO:faiss.loader:Loading faiss with AVX2 support.
INFO:faiss.loader:Successfully loaded faiss with AVX2 support.
INFO:faiss.loader:Loading faiss with AVX2 support.
INFO:faiss.loader:Successfully loaded faiss with AVX2 support.
INFO:faiss.loader:Loading faiss with AVX2 support.
INFO:faiss.loader:Successfully loaded faiss with AVX2 support.
INFO:faiss.loader:Loading faiss with AVX2 support.
INFO:faiss.loader:Successfully loaded faiss with AVX2 support.
INFO:faiss.loader:Loading faiss with AVX2 support.
INFO:faiss.loader:Successfully loaded faiss with AVX2 support.
INFO:faiss.loader:Loading faiss with AVX2 support.
INFO:faiss.loader:Successfully loaded faiss with AVX2 support.
INFO:faiss.loader:Loading faiss with AVX2 support.
INFO:faiss.loader:Successfully loaded faiss with AVX2 support.
INFO:faiss.loader:Loading faiss with AVX2 support.
INFO:faiss.loader:Successfully loaded faiss with AVX2 support.
INFO:faiss.loader:Loading faiss with AVX2 support.
INFO:faiss.loader:Successfully loaded faiss with AVX2 support.
INFO:faiss.loader:Loading faiss with AVX2 support.
INFO:faiss.loader:Successfully loaded faiss with AVX2 support.
INFO:root:avg. train_loss 26.883
INFO:root:avg. test_loss 0.000 avg. Accuracy@1 0.302 - avg. Accuracy@5 0.000
INFO:root:Loss 26.2956
INFO:root:Epoch 3
INFO:faiss.loader:Loading faiss with AVX2 support.
INFO:faiss.loader:Successfully loaded faiss with AVX2 support.
INFO:faiss.loader:Loading faiss with AVX2 support.
INFO:faiss.loader:Successfully loaded faiss with AVX2 support.
INFO:faiss.loader:Loading faiss with AVX2 support.
INFO:faiss.loader:Successfully loaded faiss with AVX2 support.
INFO:faiss.loader:Loading faiss with AVX2 support.
INFO:faiss.loader:Successfully loaded faiss with AVX2 support.
INFO:faiss.loader:Loading faiss with AVX2 support.
INFO:faiss.loader:Successfully loaded faiss with AVX2 support.
INFO:faiss.loader:Loading faiss with AVX2 support.
INFO:faiss.loader:Successfully loaded faiss with AVX2 support.
INFO:faiss.loader:Loading faiss with AVX2 support.
INFO:faiss.loader:Successfully loaded faiss with AVX2 support.
INFO:faiss.loader:Loading faiss with AVX2 support.
INFO:faiss.loader:Successfully loaded faiss with AVX2 support.
INFO:faiss.loader:Loading faiss with AVX2 support.
INFO:faiss.loader:Successfully loaded faiss with AVX2 support.
INFO:faiss.loader:Loading faiss with AVX2 support.
INFO:faiss.loader:Successfully loaded faiss with AVX2 support.
INFO:faiss.loader:Loading faiss with AVX2 support.
INFO:faiss.loader:Successfully loaded faiss with AVX2 support.
INFO:faiss.loader:Loading faiss with AVX2 support.
INFO:faiss.loader:Successfully loaded faiss with AVX2 support.
INFO:faiss.loader:Loading faiss with AVX2 support.
INFO:faiss.loader:Successfully loaded faiss with AVX2 support.
INFO:faiss.loader:Loading faiss with AVX2 support.
INFO:faiss.loader:Successfully loaded faiss with AVX2 support.
INFO:faiss.loader:Loading faiss with AVX2 support.
INFO:faiss.loader:Successfully loaded faiss with AVX2 support.
INFO:faiss.loader:Loading faiss with AVX2 support.
INFO:faiss.loader:Successfully loaded faiss with AVX2 support.
INFO:root:[3,     0/ 2562] - train_losses - Parent Class: 0.0000 - Children class: 10.3948 -Autoencoder Loss (total): 329.8773 - Reconstruction/K-Means Loss: [0.0000 / 329.8773] - Consistency Loss: [0.0000] - VICReg Loss: [21.5523][wd: 5.14e-02] [lr: 1.05e-04] [autoencoder lr: 0.00e+00][mem: 6.63e+04] (2117.7 ms)
INFO:root:[3,     0] grad_stats: [3.64e-01 2.07e-01] (3.35e-02, 4.42e+00)
INFO:root:[3,    50/ 2562] - train_losses - Parent Class: 0.0000 - Children class: 7.0826 -Autoencoder Loss (total): 117.3733 - Reconstruction/K-Means Loss: [0.0000 / 117.3733] - Consistency Loss: [0.0000] - VICReg Loss: [21.6777][wd: 5.14e-02] [lr: 1.05e-04] [autoencoder lr: 0.00e+00][mem: 6.63e+04] (1461.9 ms)
INFO:root:[3,    50] grad_stats: [4.60e-01 1.57e-01] (3.50e-02, 3.87e+00)
INFO:root:[3,   100/ 2562] - train_losses - Parent Class: 0.0000 - Children class: 6.3450 -Autoencoder Loss (total): 130.7560 - Reconstruction/K-Means Loss: [0.0000 / 130.7560] - Consistency Loss: [0.0000] - VICReg Loss: [21.6155][wd: 5.14e-02] [lr: 1.05e-04] [autoencoder lr: 0.00e+00][mem: 6.63e+04] (1458.8 ms)
INFO:root:[3,   100] grad_stats: [5.53e-01 1.36e-01] (3.84e-02, 3.90e+00)
INFO:root:[3,   150/ 2562] - train_losses - Parent Class: 0.0000 - Children class: 6.0171 -Autoencoder Loss (total): 138.7211 - Reconstruction/K-Means Loss: [0.0000 / 138.7211] - Consistency Loss: [0.0000] - VICReg Loss: [21.5767][wd: 5.15e-02] [lr: 1.05e-04] [autoencoder lr: 0.00e+00][mem: 6.63e+04] (1462.3 ms)
INFO:root:[3,   150] grad_stats: [5.41e-01 1.46e-01] (3.72e-02, 4.86e+00)
INFO:root:[3,   200/ 2562] - train_losses - Parent Class: 0.0000 - Children class: 5.8338 -Autoencoder Loss (total): 145.7750 - Reconstruction/K-Means Loss: [0.0000 / 145.7750] - Consistency Loss: [0.0000] - VICReg Loss: [21.5616][wd: 5.15e-02] [lr: 1.05e-04] [autoencoder lr: 0.00e+00][mem: 6.63e+04] (1464.8 ms)
INFO:root:[3,   200] grad_stats: [6.98e-01 1.34e-01] (4.37e-02, 5.04e+00)
INFO:root:[3,   250/ 2562] - train_losses - Parent Class: 0.0000 - Children class: 5.6861 -Autoencoder Loss (total): 148.2974 - Reconstruction/K-Means Loss: [0.0000 / 148.2974] - Consistency Loss: [0.0000] - VICReg Loss: [21.5462][wd: 5.15e-02] [lr: 1.06e-04] [autoencoder lr: 0.00e+00][mem: 6.63e+04] (1469.2 ms)
INFO:root:[3,   250] grad_stats: [4.78e-01 1.60e-01] (3.55e-02, 3.72e+00)
INFO:root:[3,   300/ 2562] - train_losses - Parent Class: 0.0000 - Children class: 5.5965 -Autoencoder Loss (total): 151.8851 - Reconstruction/K-Means Loss: [0.0000 / 151.8851] - Consistency Loss: [0.0000] - VICReg Loss: [21.5395][wd: 5.15e-02] [lr: 1.06e-04] [autoencoder lr: 0.00e+00][mem: 6.63e+04] (1473.6 ms)
INFO:root:[3,   300] grad_stats: [5.86e-01 1.42e-01] (3.24e-02, 4.32e+00)
INFO:root:[3,   350/ 2562] - train_losses - Parent Class: 0.0000 - Children class: 5.5203 -Autoencoder Loss (total): 153.5579 - Reconstruction/K-Means Loss: [0.0000 / 153.5579] - Consistency Loss: [0.0000] - VICReg Loss: [21.5327][wd: 5.16e-02] [lr: 1.06e-04] [autoencoder lr: 0.00e+00][mem: 6.63e+04] (1478.2 ms)
INFO:root:[3,   350] grad_stats: [5.65e-01 1.55e-01] (3.22e-02, 4.24e+00)
INFO:root:[3,   400/ 2562] - train_losses - Parent Class: 0.0000 - Children class: 5.4629 -Autoencoder Loss (total): 154.7540 - Reconstruction/K-Means Loss: [0.0000 / 154.7540] - Consistency Loss: [0.0000] - VICReg Loss: [21.5254][wd: 5.16e-02] [lr: 1.06e-04] [autoencoder lr: 0.00e+00][mem: 6.63e+04] (1483.0 ms)
INFO:root:[3,   400] grad_stats: [7.98e-01 2.04e-01] (5.47e-02, 7.48e+00)
INFO:root:[3,   450/ 2562] - train_losses - Parent Class: 0.0000 - Children class: 5.4104 -Autoencoder Loss (total): 157.1337 - Reconstruction/K-Means Loss: [0.0000 / 157.1337] - Consistency Loss: [0.0000] - VICReg Loss: [21.5211][wd: 5.16e-02] [lr: 1.06e-04] [autoencoder lr: 0.00e+00][mem: 6.63e+04] (1488.2 ms)
INFO:root:[3,   450] grad_stats: [6.41e-01 1.59e-01] (3.26e-02, 4.10e+00)
INFO:root:[3,   500/ 2562] - train_losses - Parent Class: 0.0000 - Children class: 5.3721 -Autoencoder Loss (total): 158.6355 - Reconstruction/K-Means Loss: [0.0000 / 158.6355] - Consistency Loss: [0.0000] - VICReg Loss: [21.5174][wd: 5.17e-02] [lr: 1.06e-04] [autoencoder lr: 0.00e+00][mem: 6.63e+04] (1493.5 ms)
INFO:root:[3,   500] grad_stats: [4.39e-01 1.35e-01] (3.02e-02, 3.13e+00)
INFO:root:[3,   550/ 2562] - train_losses - Parent Class: 0.0000 - Children class: 5.3344 -Autoencoder Loss (total): 159.5225 - Reconstruction/K-Means Loss: [0.0000 / 159.5225] - Consistency Loss: [0.0000] - VICReg Loss: [21.5157][wd: 5.17e-02] [lr: 1.06e-04] [autoencoder lr: 0.00e+00][mem: 6.63e+04] (1499.9 ms)
INFO:root:[3,   550] grad_stats: [5.08e-01 2.02e-01] (3.18e-02, 3.91e+00)
INFO:root:[3,   600/ 2562] - train_losses - Parent Class: 0.0000 - Children class: 5.3049 -Autoencoder Loss (total): 160.8519 - Reconstruction/K-Means Loss: [0.0000 / 160.8519] - Consistency Loss: [0.0000] - VICReg Loss: [21.5114][wd: 5.17e-02] [lr: 1.07e-04] [autoencoder lr: 0.00e+00][mem: 6.63e+04] (1505.8 ms)
INFO:root:[3,   600] grad_stats: [8.26e-01 1.54e-01] (3.42e-02, 6.98e+00)
INFO:root:[3,   650/ 2562] - train_losses - Parent Class: 0.0000 - Children class: 5.2739 -Autoencoder Loss (total): 161.6198 - Reconstruction/K-Means Loss: [0.0000 / 161.6198] - Consistency Loss: [0.0000] - VICReg Loss: [21.5051][wd: 5.18e-02] [lr: 1.07e-04] [autoencoder lr: 0.00e+00][mem: 6.63e+04] (1511.8 ms)
INFO:root:[3,   650] grad_stats: [5.55e-01 1.46e-01] (3.22e-02, 5.19e+00)
INFO:root:[3,   700/ 2562] - train_losses - Parent Class: 0.0000 - Children class: 5.2491 -Autoencoder Loss (total): 162.2249 - Reconstruction/K-Means Loss: [0.0000 / 162.2249] - Consistency Loss: [0.0000] - VICReg Loss: [21.5008][wd: 5.18e-02] [lr: 1.07e-04] [autoencoder lr: 0.00e+00][mem: 6.63e+04] (1517.9 ms)
INFO:root:[3,   700] grad_stats: [6.05e-01 1.37e-01] (3.46e-02, 3.82e+00)
INFO:root:[3,   750/ 2562] - train_losses - Parent Class: 0.0000 - Children class: 5.2242 -Autoencoder Loss (total): 163.0898 - Reconstruction/K-Means Loss: [0.0000 / 163.0898] - Consistency Loss: [0.0000] - VICReg Loss: [21.4937][wd: 5.18e-02] [lr: 1.07e-04] [autoencoder lr: 0.00e+00][mem: 6.63e+04] (1523.8 ms)
INFO:root:[3,   750] grad_stats: [5.48e-01 1.32e-01] (3.36e-02, 3.37e+00)
INFO:root:[3,   800/ 2562] - train_losses - Parent Class: 0.0000 - Children class: 5.1997 -Autoencoder Loss (total): 163.0365 - Reconstruction/K-Means Loss: [0.0000 / 163.0365] - Consistency Loss: [0.0000] - VICReg Loss: [21.4901][wd: 5.18e-02] [lr: 1.07e-04] [autoencoder lr: 0.00e+00][mem: 6.63e+04] (1529.6 ms)
INFO:root:[3,   800] grad_stats: [7.41e-01 1.46e-01] (3.72e-02, 3.91e+00)
INFO:root:[3,   850/ 2562] - train_losses - Parent Class: 0.0000 - Children class: 5.1797 -Autoencoder Loss (total): 163.7839 - Reconstruction/K-Means Loss: [0.0000 / 163.7839] - Consistency Loss: [0.0000] - VICReg Loss: [21.4841][wd: 5.19e-02] [lr: 1.07e-04] [autoencoder lr: 0.00e+00][mem: 6.63e+04] (1535.3 ms)
INFO:root:[3,   850] grad_stats: [6.29e-01 1.49e-01] (3.92e-02, 5.81e+00)
INFO:root:[3,   900/ 2562] - train_losses - Parent Class: 0.0000 - Children class: 5.1617 -Autoencoder Loss (total): 164.5817 - Reconstruction/K-Means Loss: [0.0000 / 164.5817] - Consistency Loss: [0.0000] - VICReg Loss: [21.4792][wd: 5.19e-02] [lr: 1.07e-04] [autoencoder lr: 0.00e+00][mem: 6.63e+04] (1540.9 ms)
INFO:root:[3,   900] grad_stats: [6.09e-01 1.38e-01] (2.63e-02, 3.87e+00)
INFO:root:[3,   950/ 2562] - train_losses - Parent Class: 0.0000 - Children class: 5.1442 -Autoencoder Loss (total): 165.2082 - Reconstruction/K-Means Loss: [0.0000 / 165.2082] - Consistency Loss: [0.0000] - VICReg Loss: [21.4757][wd: 5.19e-02] [lr: 1.08e-04] [autoencoder lr: 0.00e+00][mem: 6.63e+04] (1546.8 ms)
INFO:root:[3,   950] grad_stats: [6.25e-01 1.90e-01] (4.24e-02, 5.78e+00)
INFO:root:[3,  1000/ 2562] - train_losses - Parent Class: 0.0000 - Children class: 5.1304 -Autoencoder Loss (total): 165.8973 - Reconstruction/K-Means Loss: [0.0000 / 165.8973] - Consistency Loss: [0.0000] - VICReg Loss: [21.4731][wd: 5.20e-02] [lr: 1.08e-04] [autoencoder lr: 0.00e+00][mem: 6.63e+04] (1552.3 ms)
INFO:root:[3,  1000] grad_stats: [6.58e-01 1.69e-01] (3.30e-02, 4.02e+00)
INFO:root:[3,  1050/ 2562] - train_losses - Parent Class: 0.0000 - Children class: 5.1147 -Autoencoder Loss (total): 166.1496 - Reconstruction/K-Means Loss: [0.0000 / 166.1496] - Consistency Loss: [0.0000] - VICReg Loss: [21.4708][wd: 5.20e-02] [lr: 1.08e-04] [autoencoder lr: 0.00e+00][mem: 6.63e+04] (1558.6 ms)
INFO:root:[3,  1050] grad_stats: [5.99e-01 1.80e-01] (4.19e-02, 4.20e+00)
INFO:root:[3,  1100/ 2562] - train_losses - Parent Class: 0.0000 - Children class: 5.1003 -Autoencoder Loss (total): 166.5703 - Reconstruction/K-Means Loss: [0.0000 / 166.5703] - Consistency Loss: [0.0000] - VICReg Loss: [21.4658][wd: 5.20e-02] [lr: 1.08e-04] [autoencoder lr: 0.00e+00][mem: 6.63e+04] (1565.0 ms)
INFO:root:[3,  1100] grad_stats: [5.32e-01 1.42e-01] (3.12e-02, 3.79e+00)
INFO:root:[3,  1150/ 2562] - train_losses - Parent Class: 0.0000 - Children class: 5.0861 -Autoencoder Loss (total): 166.8760 - Reconstruction/K-Means Loss: [0.0000 / 166.8760] - Consistency Loss: [0.0000] - VICReg Loss: [21.4614][wd: 5.21e-02] [lr: 1.08e-04] [autoencoder lr: 0.00e+00][mem: 6.63e+04] (1570.9 ms)
INFO:root:[3,  1150] grad_stats: [1.10e+00 1.23e-01] (3.37e-02, 6.35e+00)
INFO:root:[3,  1200/ 2562] - train_losses - Parent Class: 0.0000 - Children class: 5.0710 -Autoencoder Loss (total): 166.9848 - Reconstruction/K-Means Loss: [0.0000 / 166.9848] - Consistency Loss: [0.0000] - VICReg Loss: [21.4565][wd: 5.21e-02] [lr: 1.08e-04] [autoencoder lr: 0.00e+00][mem: 6.63e+04] (1577.6 ms)
INFO:root:[3,  1200] grad_stats: [7.93e-01 1.26e-01] (3.21e-02, 5.30e+00)
INFO:root:[3,  1250/ 2562] - train_losses - Parent Class: 0.0000 - Children class: 5.0570 -Autoencoder Loss (total): 167.1316 - Reconstruction/K-Means Loss: [0.0000 / 167.1316] - Consistency Loss: [0.0000] - VICReg Loss: [21.4532][wd: 5.21e-02] [lr: 1.08e-04] [autoencoder lr: 0.00e+00][mem: 6.63e+04] (1583.9 ms)
INFO:root:[3,  1250] grad_stats: [7.10e-01 1.56e-01] (3.18e-02, 5.27e+00)
INFO:root:[3,  1300/ 2562] - train_losses - Parent Class: 0.0000 - Children class: 5.0435 -Autoencoder Loss (total): 167.2619 - Reconstruction/K-Means Loss: [0.0000 / 167.2619] - Consistency Loss: [0.0000] - VICReg Loss: [21.4503][wd: 5.22e-02] [lr: 1.09e-04] [autoencoder lr: 0.00e+00][mem: 6.63e+04] (1589.9 ms)
INFO:root:[3,  1300] grad_stats: [6.57e-01 1.05e-01] (2.71e-02, 3.73e+00)
INFO:root:[3,  1350/ 2562] - train_losses - Parent Class: 0.0000 - Children class: 5.0305 -Autoencoder Loss (total): 167.5408 - Reconstruction/K-Means Loss: [0.0000 / 167.5408] - Consistency Loss: [0.0000] - VICReg Loss: [21.4463][wd: 5.22e-02] [lr: 1.09e-04] [autoencoder lr: 0.00e+00][mem: 6.63e+04] (1596.0 ms)
INFO:root:[3,  1350] grad_stats: [8.25e-01 1.62e-01] (4.41e-02, 6.71e+00)
INFO:root:[3,  1400/ 2562] - train_losses - Parent Class: 0.0000 - Children class: 5.0204 -Autoencoder Loss (total): 168.0246 - Reconstruction/K-Means Loss: [0.0000 / 168.0246] - Consistency Loss: [0.0000] - VICReg Loss: [21.4438][wd: 5.22e-02] [lr: 1.09e-04] [autoencoder lr: 0.00e+00][mem: 6.63e+04] (1601.6 ms)
INFO:root:[3,  1400] grad_stats: [6.19e-01 1.52e-01] (3.77e-02, 5.11e+00)
INFO:root:[3,  1450/ 2562] - train_losses - Parent Class: 0.0000 - Children class: 5.0087 -Autoencoder Loss (total): 168.1986 - Reconstruction/K-Means Loss: [0.0000 / 168.1986] - Consistency Loss: [0.0000] - VICReg Loss: [21.4406][wd: 5.23e-02] [lr: 1.09e-04] [autoencoder lr: 0.00e+00][mem: 6.63e+04] (1607.2 ms)
INFO:root:[3,  1450] grad_stats: [5.40e-01 1.52e-01] (3.29e-02, 3.80e+00)
INFO:root:[3,  1500/ 2562] - train_losses - Parent Class: 0.0000 - Children class: 4.9973 -Autoencoder Loss (total): 168.3988 - Reconstruction/K-Means Loss: [0.0000 / 168.3988] - Consistency Loss: [0.0000] - VICReg Loss: [21.4372][wd: 5.23e-02] [lr: 1.09e-04] [autoencoder lr: 0.00e+00][mem: 6.63e+04] (1612.8 ms)
INFO:root:[3,  1500] grad_stats: [7.80e-01 1.34e-01] (3.37e-02, 4.83e+00)
INFO:root:[3,  1550/ 2562] - train_losses - Parent Class: 0.0000 - Children class: 4.9858 -Autoencoder Loss (total): 168.4651 - Reconstruction/K-Means Loss: [0.0000 / 168.4651] - Consistency Loss: [0.0000] - VICReg Loss: [21.4338][wd: 5.23e-02] [lr: 1.09e-04] [autoencoder lr: 0.00e+00][mem: 6.63e+04] (1618.4 ms)
INFO:root:[3,  1550] grad_stats: [1.06e+00 1.71e-01] (3.95e-02, 5.62e+00)
INFO:root:[3,  1600/ 2562] - train_losses - Parent Class: 0.0000 - Children class: 4.9757 -Autoencoder Loss (total): 168.6322 - Reconstruction/K-Means Loss: [0.0000 / 168.6322] - Consistency Loss: [0.0000] - VICReg Loss: [21.4297][wd: 5.24e-02] [lr: 1.09e-04] [autoencoder lr: 0.00e+00][mem: 6.63e+04] (1623.9 ms)
INFO:root:[3,  1600] grad_stats: [6.86e-01 1.43e-01] (3.67e-02, 4.73e+00)
INFO:root:[3,  1650/ 2562] - train_losses - Parent Class: 0.0000 - Children class: 4.9673 -Autoencoder Loss (total): 168.7993 - Reconstruction/K-Means Loss: [0.0000 / 168.7993] - Consistency Loss: [0.0000] - VICReg Loss: [21.4266][wd: 5.24e-02] [lr: 1.10e-04] [autoencoder lr: 0.00e+00][mem: 6.63e+04] (1629.3 ms)
INFO:root:[3,  1650] grad_stats: [7.00e-01 1.35e-01] (3.13e-02, 4.58e+00)
INFO:root:[3,  1700/ 2562] - train_losses - Parent Class: 0.0000 - Children class: 4.9565 -Autoencoder Loss (total): 168.6965 - Reconstruction/K-Means Loss: [0.0000 / 168.6965] - Consistency Loss: [0.0000] - VICReg Loss: [21.4224][wd: 5.24e-02] [lr: 1.10e-04] [autoencoder lr: 0.00e+00][mem: 6.63e+04] (1635.1 ms)
INFO:root:[3,  1700] grad_stats: [8.38e-01 1.35e-01] (3.81e-02, 4.91e+00)
INFO:root:[3,  1750/ 2562] - train_losses - Parent Class: 0.0000 - Children class: 4.9467 -Autoencoder Loss (total): 168.8668 - Reconstruction/K-Means Loss: [0.0000 / 168.8668] - Consistency Loss: [0.0000] - VICReg Loss: [21.4190][wd: 5.25e-02] [lr: 1.10e-04] [autoencoder lr: 0.00e+00][mem: 6.63e+04] (1640.7 ms)
INFO:root:[3,  1750] grad_stats: [7.30e-01 1.78e-01] (3.78e-02, 4.45e+00)
INFO:root:[3,  1800/ 2562] - train_losses - Parent Class: 0.0000 - Children class: 4.9373 -Autoencoder Loss (total): 169.0220 - Reconstruction/K-Means Loss: [0.0000 / 169.0220] - Consistency Loss: [0.0000] - VICReg Loss: [21.4158][wd: 5.25e-02] [lr: 1.10e-04] [autoencoder lr: 0.00e+00][mem: 6.63e+04] (1646.5 ms)
INFO:root:[3,  1800] grad_stats: [9.11e-01 1.99e-01] (3.92e-02, 4.39e+00)
INFO:root:[3,  1850/ 2562] - train_losses - Parent Class: 0.0000 - Children class: 4.9282 -Autoencoder Loss (total): 169.1944 - Reconstruction/K-Means Loss: [0.0000 / 169.1944] - Consistency Loss: [0.0000] - VICReg Loss: [21.4131][wd: 5.26e-02] [lr: 1.10e-04] [autoencoder lr: 0.00e+00][mem: 6.63e+04] (1652.2 ms)
INFO:root:[3,  1850] grad_stats: [8.33e-01 1.40e-01] (3.45e-02, 4.65e+00)
INFO:root:[3,  1900/ 2562] - train_losses - Parent Class: 0.0000 - Children class: 4.9180 -Autoencoder Loss (total): 169.2777 - Reconstruction/K-Means Loss: [0.0000 / 169.2777] - Consistency Loss: [0.0000] - VICReg Loss: [21.4092][wd: 5.26e-02] [lr: 1.10e-04] [autoencoder lr: 0.00e+00][mem: 6.63e+04] (1657.7 ms)
INFO:root:[3,  1900] grad_stats: [8.18e-01 1.47e-01] (3.47e-02, 4.84e+00)
INFO:root:[3,  1950/ 2562] - train_losses - Parent Class: 0.0000 - Children class: 4.9098 -Autoencoder Loss (total): 169.2921 - Reconstruction/K-Means Loss: [0.0000 / 169.2921] - Consistency Loss: [0.0000] - VICReg Loss: [21.4059][wd: 5.26e-02] [lr: 1.11e-04] [autoencoder lr: 0.00e+00][mem: 6.63e+04] (1663.2 ms)
INFO:root:[3,  1950] grad_stats: [7.49e-01 1.40e-01] (3.30e-02, 4.33e+00)
INFO:root:[3,  2000/ 2562] - train_losses - Parent Class: 0.0000 - Children class: 4.9000 -Autoencoder Loss (total): 169.2180 - Reconstruction/K-Means Loss: [0.0000 / 169.2180] - Consistency Loss: [0.0000] - VICReg Loss: [21.4023][wd: 5.27e-02] [lr: 1.11e-04] [autoencoder lr: 0.00e+00][mem: 6.63e+04] (1668.8 ms)
INFO:root:[3,  2000] grad_stats: [7.17e-01 1.36e-01] (3.02e-02, 4.57e+00)
INFO:root:[3,  2050/ 2562] - train_losses - Parent Class: 0.0000 - Children class: 4.8911 -Autoencoder Loss (total): 169.3777 - Reconstruction/K-Means Loss: [0.0000 / 169.3777] - Consistency Loss: [0.0000] - VICReg Loss: [21.3984][wd: 5.27e-02] [lr: 1.11e-04] [autoencoder lr: 0.00e+00][mem: 6.63e+04] (1674.7 ms)
INFO:root:[3,  2050] grad_stats: [9.77e-01 2.23e-01] (4.60e-02, 7.04e+00)
INFO:root:[3,  2100/ 2562] - train_losses - Parent Class: 0.0000 - Children class: 4.8814 -Autoencoder Loss (total): 169.3784 - Reconstruction/K-Means Loss: [0.0000 / 169.3784] - Consistency Loss: [0.0000] - VICReg Loss: [21.3944][wd: 5.27e-02] [lr: 1.11e-04] [autoencoder lr: 0.00e+00][mem: 6.63e+04] (1680.6 ms)
INFO:root:[3,  2100] grad_stats: [7.85e-01 1.39e-01] (3.81e-02, 5.06e+00)
INFO:root:[3,  2150/ 2562] - train_losses - Parent Class: 0.0000 - Children class: 4.8729 -Autoencoder Loss (total): 169.4598 - Reconstruction/K-Means Loss: [0.0000 / 169.4598] - Consistency Loss: [0.0000] - VICReg Loss: [21.3907][wd: 5.28e-02] [lr: 1.11e-04] [autoencoder lr: 0.00e+00][mem: 6.63e+04] (1686.3 ms)
INFO:root:[3,  2150] grad_stats: [6.14e-01 1.61e-01] (3.97e-02, 3.65e+00)
INFO:root:[3,  2200/ 2562] - train_losses - Parent Class: 0.0000 - Children class: 4.8658 -Autoencoder Loss (total): 169.6505 - Reconstruction/K-Means Loss: [0.0000 / 169.6505] - Consistency Loss: [0.0000] - VICReg Loss: [21.3872][wd: 5.28e-02] [lr: 1.11e-04] [autoencoder lr: 0.00e+00][mem: 6.63e+04] (1692.1 ms)
INFO:root:[3,  2200] grad_stats: [8.56e-01 1.41e-01] (3.49e-02, 5.01e+00)
INFO:root:[3,  2250/ 2562] - train_losses - Parent Class: 0.0000 - Children class: 4.8592 -Autoencoder Loss (total): 169.8158 - Reconstruction/K-Means Loss: [0.0000 / 169.8158] - Consistency Loss: [0.0000] - VICReg Loss: [21.3841][wd: 5.29e-02] [lr: 1.11e-04] [autoencoder lr: 0.00e+00][mem: 6.63e+04] (1697.7 ms)
INFO:root:[3,  2250] grad_stats: [9.14e-01 1.57e-01] (3.89e-02, 4.52e+00)
INFO:root:[3,  2300/ 2562] - train_losses - Parent Class: 0.0000 - Children class: 4.8510 -Autoencoder Loss (total): 169.8485 - Reconstruction/K-Means Loss: [0.0000 / 169.8485] - Consistency Loss: [0.0000] - VICReg Loss: [21.3804][wd: 5.29e-02] [lr: 1.12e-04] [autoencoder lr: 0.00e+00][mem: 6.63e+04] (1703.4 ms)
INFO:root:[3,  2300] grad_stats: [7.10e-01 1.33e-01] (3.46e-02, 4.64e+00)
INFO:root:[3,  2350/ 2562] - train_losses - Parent Class: 0.0000 - Children class: 4.8430 -Autoencoder Loss (total): 169.7378 - Reconstruction/K-Means Loss: [0.0000 / 169.7378] - Consistency Loss: [0.0000] - VICReg Loss: [21.3771][wd: 5.29e-02] [lr: 1.12e-04] [autoencoder lr: 0.00e+00][mem: 6.63e+04] (1708.9 ms)
INFO:root:[3,  2350] grad_stats: [8.96e-01 1.47e-01] (4.03e-02, 6.52e+00)
INFO:root:[3,  2400/ 2562] - train_losses - Parent Class: 0.0000 - Children class: 4.8357 -Autoencoder Loss (total): 169.8825 - Reconstruction/K-Means Loss: [0.0000 / 169.8825] - Consistency Loss: [0.0000] - VICReg Loss: [21.3733][wd: 5.30e-02] [lr: 1.12e-04] [autoencoder lr: 0.00e+00][mem: 6.63e+04] (1714.5 ms)
INFO:root:[3,  2400] grad_stats: [6.93e-01 1.54e-01] (3.92e-02, 4.86e+00)
INFO:root:[3,  2450/ 2562] - train_losses - Parent Class: 0.0000 - Children class: 4.8277 -Autoencoder Loss (total): 169.8549 - Reconstruction/K-Means Loss: [0.0000 / 169.8549] - Consistency Loss: [0.0000] - VICReg Loss: [21.3699][wd: 5.30e-02] [lr: 1.12e-04] [autoencoder lr: 0.00e+00][mem: 6.63e+04] (1720.1 ms)
INFO:root:[3,  2450] grad_stats: [8.34e-01 1.67e-01] (3.93e-02, 5.25e+00)
INFO:root:[3,  2500/ 2562] - train_losses - Parent Class: 0.0000 - Children class: 4.8200 -Autoencoder Loss (total): 169.8340 - Reconstruction/K-Means Loss: [0.0000 / 169.8340] - Consistency Loss: [0.0000] - VICReg Loss: [21.3669][wd: 5.31e-02] [lr: 1.12e-04] [autoencoder lr: 0.00e+00][mem: 6.63e+04] (1726.0 ms)
INFO:root:[3,  2500] grad_stats: [5.91e-01 1.52e-01] (3.99e-02, 3.88e+00)
INFO:root:[3,  2550/ 2562] - train_losses - Parent Class: 0.0000 - Children class: 4.8122 -Autoencoder Loss (total): 169.9234 - Reconstruction/K-Means Loss: [0.0000 / 169.9234] - Consistency Loss: [0.0000] - VICReg Loss: [21.3634][wd: 5.31e-02] [lr: 1.12e-04] [autoencoder lr: 0.00e+00][mem: 6.63e+04] (1731.8 ms)
INFO:root:[3,  2550] grad_stats: [8.50e-01 1.81e-01] (3.89e-02, 6.10e+00)
INFO:root:Asserting cache length
INFO:root:Reinitializing centroids
Avg no of empty clusters: 17.782608695652176
INFO:faiss.loader:Loading faiss with AVX2 support.
INFO:faiss.loader:Successfully loaded faiss with AVX2 support.
INFO:faiss.loader:Loading faiss with AVX2 support.
INFO:faiss.loader:Successfully loaded faiss with AVX2 support.
INFO:faiss.loader:Loading faiss with AVX2 support.
INFO:faiss.loader:Successfully loaded faiss with AVX2 support.
INFO:faiss.loader:Loading faiss with AVX2 support.
INFO:faiss.loader:Successfully loaded faiss with AVX2 support.
INFO:faiss.loader:Loading faiss with AVX2 support.
INFO:faiss.loader:Successfully loaded faiss with AVX2 support.
INFO:faiss.loader:Loading faiss with AVX2 support.
INFO:faiss.loader:Successfully loaded faiss with AVX2 support.
INFO:faiss.loader:Loading faiss with AVX2 support.
INFO:faiss.loader:Successfully loaded faiss with AVX2 support.
INFO:faiss.loader:Loading faiss with AVX2 support.
INFO:faiss.loader:Successfully loaded faiss with AVX2 support.
INFO:faiss.loader:Loading faiss with AVX2 support.
INFO:faiss.loader:Successfully loaded faiss with AVX2 support.
INFO:faiss.loader:Loading faiss with AVX2 support.
INFO:faiss.loader:Successfully loaded faiss with AVX2 support.
INFO:faiss.loader:Loading faiss with AVX2 support.
INFO:faiss.loader:Successfully loaded faiss with AVX2 support.
INFO:faiss.loader:Loading faiss with AVX2 support.
INFO:faiss.loader:Successfully loaded faiss with AVX2 support.
INFO:faiss.loader:Loading faiss with AVX2 support.
INFO:faiss.loader:Successfully loaded faiss with AVX2 support.
INFO:faiss.loader:Loading faiss with AVX2 support.
INFO:faiss.loader:Successfully loaded faiss with AVX2 support.
INFO:faiss.loader:Loading faiss with AVX2 support.
INFO:faiss.loader:Successfully loaded faiss with AVX2 support.
INFO:faiss.loader:Loading faiss with AVX2 support.
INFO:faiss.loader:Successfully loaded faiss with AVX2 support.
INFO:root:avg. train_loss 26.174
INFO:root:avg. test_loss 0.000 avg. Accuracy@1 0.385 - avg. Accuracy@5 0.000
INFO:root:Loss 26.0132
INFO:root:Epoch 4
INFO:faiss.loader:Loading faiss with AVX2 support.
INFO:faiss.loader:Successfully loaded faiss with AVX2 support.
INFO:faiss.loader:Loading faiss with AVX2 support.
INFO:faiss.loader:Successfully loaded faiss with AVX2 support.
INFO:faiss.loader:Loading faiss with AVX2 support.
INFO:faiss.loader:Successfully loaded faiss with AVX2 support.
INFO:faiss.loader:Loading faiss with AVX2 support.
INFO:faiss.loader:Successfully loaded faiss with AVX2 support.
INFO:faiss.loader:Loading faiss with AVX2 support.
INFO:faiss.loader:Successfully loaded faiss with AVX2 support.
INFO:faiss.loader:Loading faiss with AVX2 support.
INFO:faiss.loader:Successfully loaded faiss with AVX2 support.
INFO:faiss.loader:Loading faiss with AVX2 support.
INFO:faiss.loader:Successfully loaded faiss with AVX2 support.
INFO:faiss.loader:Loading faiss with AVX2 support.
INFO:faiss.loader:Successfully loaded faiss with AVX2 support.
INFO:faiss.loader:Loading faiss with AVX2 support.
INFO:faiss.loader:Successfully loaded faiss with AVX2 support.
INFO:faiss.loader:Loading faiss with AVX2 support.
INFO:faiss.loader:Successfully loaded faiss with AVX2 support.
INFO:faiss.loader:Loading faiss with AVX2 support.
INFO:faiss.loader:Successfully loaded faiss with AVX2 support.
INFO:faiss.loader:Loading faiss with AVX2 support.
INFO:faiss.loader:Successfully loaded faiss with AVX2 support.
INFO:faiss.loader:Loading faiss with AVX2 support.
INFO:faiss.loader:Successfully loaded faiss with AVX2 support.
INFO:faiss.loader:Loading faiss with AVX2 support.
INFO:faiss.loader:Successfully loaded faiss with AVX2 support.
INFO:faiss.loader:Loading faiss with AVX2 support.
INFO:faiss.loader:Successfully loaded faiss with AVX2 support.
INFO:faiss.loader:Loading faiss with AVX2 support.
INFO:faiss.loader:Successfully loaded faiss with AVX2 support.
INFO:root:[4,     0/ 2562] - train_losses - Parent Class: 0.0000 - Children class: 10.2803 -Autoencoder Loss (total): 595.5477 - Reconstruction/K-Means Loss: [0.0000 / 595.5477] - Consistency Loss: [0.0000] - VICReg Loss: [21.2797][wd: 5.31e-02] [lr: 1.12e-04] [autoencoder lr: 0.00e+00][mem: 6.63e+04] (2396.5 ms)
INFO:root:[4,     0] grad_stats: [4.84e-01 2.03e-01] (4.96e-02, 4.86e+00)
INFO:root:[4,    50/ 2562] - train_losses - Parent Class: 0.0000 - Children class: 6.8620 -Autoencoder Loss (total): 110.7634 - Reconstruction/K-Means Loss: [0.0000 / 110.7634] - Consistency Loss: [0.0000] - VICReg Loss: [21.3709][wd: 5.31e-02] [lr: 1.12e-04] [autoencoder lr: 0.00e+00][mem: 6.63e+04] (1467.2 ms)
INFO:root:[4,    50] grad_stats: [5.72e-01 1.67e-01] (3.74e-02, 3.77e+00)
INFO:root:[4,   100/ 2562] - train_losses - Parent Class: 0.0000 - Children class: 6.0535 -Autoencoder Loss (total): 103.1794 - Reconstruction/K-Means Loss: [0.0000 / 103.1794] - Consistency Loss: [0.0000] - VICReg Loss: [21.2950][wd: 5.32e-02] [lr: 1.13e-04] [autoencoder lr: 0.00e+00][mem: 6.63e+04] (1460.2 ms)
INFO:root:[4,   100] grad_stats: [5.95e-01 1.39e-01] (3.63e-02, 5.45e+00)
INFO:root:[4,   150/ 2562] - train_losses - Parent Class: 0.0000 - Children class: 5.7138 -Autoencoder Loss (total): 103.0663 - Reconstruction/K-Means Loss: [0.0000 / 103.0663] - Consistency Loss: [0.0000] - VICReg Loss: [21.2594][wd: 5.32e-02] [lr: 1.13e-04] [autoencoder lr: 0.00e+00][mem: 6.63e+04] (1461.5 ms)
INFO:root:[4,   150] grad_stats: [8.34e-01 1.61e-01] (4.42e-02, 4.10e+00)
INFO:root:[4,   200/ 2562] - train_losses - Parent Class: 0.0000 - Children class: 5.5053 -Autoencoder Loss (total): 102.5349 - Reconstruction/K-Means Loss: [0.0000 / 102.5349] - Consistency Loss: [0.0000] - VICReg Loss: [21.2486][wd: 5.33e-02] [lr: 1.13e-04] [autoencoder lr: 0.00e+00][mem: 6.63e+04] (1464.4 ms)
INFO:root:[4,   200] grad_stats: [8.08e-01 1.48e-01] (3.86e-02, 5.58e+00)
INFO:root:[4,   250/ 2562] - train_losses - Parent Class: 0.0000 - Children class: 5.3812 -Autoencoder Loss (total): 103.6457 - Reconstruction/K-Means Loss: [0.0000 / 103.6457] - Consistency Loss: [0.0000] - VICReg Loss: [21.2406][wd: 5.33e-02] [lr: 1.13e-04] [autoencoder lr: 0.00e+00][mem: 6.63e+04] (1467.7 ms)
INFO:root:[4,   250] grad_stats: [7.27e-01 1.36e-01] (3.40e-02, 4.76e+00)
INFO:root:[4,   300/ 2562] - train_losses - Parent Class: 0.0000 - Children class: 5.2816 -Autoencoder Loss (total): 104.5893 - Reconstruction/K-Means Loss: [0.0000 / 104.5893] - Consistency Loss: [0.0000] - VICReg Loss: [21.2331][wd: 5.33e-02] [lr: 1.13e-04] [autoencoder lr: 0.00e+00][mem: 6.63e+04] (1472.2 ms)
INFO:root:[4,   300] grad_stats: [5.60e-01 1.52e-01] (4.13e-02, 3.31e+00)
INFO:root:[4,   350/ 2562] - train_losses - Parent Class: 0.0000 - Children class: 5.2070 -Autoencoder Loss (total): 105.2122 - Reconstruction/K-Means Loss: [0.0000 / 105.2122] - Consistency Loss: [0.0000] - VICReg Loss: [21.2209][wd: 5.34e-02] [lr: 1.13e-04] [autoencoder lr: 0.00e+00][mem: 6.63e+04] (1477.0 ms)
INFO:root:[4,   350] grad_stats: [9.14e-01 1.24e-01] (3.55e-02, 5.77e+00)
INFO:root:[4,   400/ 2562] - train_losses - Parent Class: 0.0000 - Children class: 5.1485 -Autoencoder Loss (total): 105.6565 - Reconstruction/K-Means Loss: [0.0000 / 105.6565] - Consistency Loss: [0.0000] - VICReg Loss: [21.2196][wd: 5.34e-02] [lr: 1.13e-04] [autoencoder lr: 0.00e+00][mem: 6.63e+04] (1481.9 ms)
INFO:root:[4,   400] grad_stats: [7.20e-01 1.39e-01] (3.73e-02, 4.14e+00)
INFO:root:[4,   450/ 2562] - train_losses - Parent Class: 0.0000 - Children class: 5.0893 -Autoencoder Loss (total): 105.8491 - Reconstruction/K-Means Loss: [0.0000 / 105.8491] - Consistency Loss: [0.0000] - VICReg Loss: [21.2149][wd: 5.35e-02] [lr: 1.14e-04] [autoencoder lr: 0.00e+00][mem: 6.63e+04] (1487.3 ms)
INFO:root:[4,   450] grad_stats: [9.48e-01 1.59e-01] (4.38e-02, 5.73e+00)
INFO:root:[4,   500/ 2562] - train_losses - Parent Class: 0.0000 - Children class: 5.0445 -Autoencoder Loss (total): 106.3963 - Reconstruction/K-Means Loss: [0.0000 / 106.3963] - Consistency Loss: [0.0000] - VICReg Loss: [21.2095][wd: 5.35e-02] [lr: 1.14e-04] [autoencoder lr: 0.00e+00][mem: 6.63e+04] (1493.2 ms)
INFO:root:[4,   500] grad_stats: [8.63e-01 1.50e-01] (3.99e-02, 5.73e+00)
INFO:root:[4,   550/ 2562] - train_losses - Parent Class: 0.0000 - Children class: 5.0058 -Autoencoder Loss (total): 106.8886 - Reconstruction/K-Means Loss: [0.0000 / 106.8886] - Consistency Loss: [0.0000] - VICReg Loss: [21.2036][wd: 5.36e-02] [lr: 1.14e-04] [autoencoder lr: 0.00e+00][mem: 6.63e+04] (1499.5 ms)
INFO:root:[4,   550] grad_stats: [1.20e+00 1.50e-01] (4.77e-02, 7.07e+00)
INFO:root:[4,   600/ 2562] - train_losses - Parent Class: 0.0000 - Children class: 4.9712 -Autoencoder Loss (total): 107.1915 - Reconstruction/K-Means Loss: [0.0000 / 107.1915] - Consistency Loss: [0.0000] - VICReg Loss: [21.1996][wd: 5.36e-02] [lr: 1.14e-04] [autoencoder lr: 0.00e+00][mem: 6.63e+04] (1505.4 ms)
INFO:root:[4,   600] grad_stats: [1.05e+00 1.73e-01] (4.55e-02, 9.17e+00)
INFO:root:[4,   650/ 2562] - train_losses - Parent Class: 0.0000 - Children class: 4.9396 -Autoencoder Loss (total): 107.4416 - Reconstruction/K-Means Loss: [0.0000 / 107.4416] - Consistency Loss: [0.0000] - VICReg Loss: [21.1937][wd: 5.36e-02] [lr: 1.14e-04] [autoencoder lr: 0.00e+00][mem: 6.63e+04] (1511.3 ms)
INFO:root:[4,   650] grad_stats: [8.15e-01 1.32e-01] (4.08e-02, 4.94e+00)
INFO:root:[4,   700/ 2562] - train_losses - Parent Class: 0.0000 - Children class: 4.9157 -Autoencoder Loss (total): 107.8041 - Reconstruction/K-Means Loss: [0.0000 / 107.8041] - Consistency Loss: [0.0000] - VICReg Loss: [21.1898][wd: 5.37e-02] [lr: 1.14e-04] [autoencoder lr: 0.00e+00][mem: 6.63e+04] (1517.3 ms)
INFO:root:[4,   700] grad_stats: [9.13e-01 1.34e-01] (3.73e-02, 5.13e+00)
INFO:root:[4,   750/ 2562] - train_losses - Parent Class: 0.0000 - Children class: 4.8891 -Autoencoder Loss (total): 107.9645 - Reconstruction/K-Means Loss: [0.0000 / 107.9645] - Consistency Loss: [0.0000] - VICReg Loss: [21.1843][wd: 5.37e-02] [lr: 1.14e-04] [autoencoder lr: 0.00e+00][mem: 6.63e+04] (1523.1 ms)
INFO:root:[4,   750] grad_stats: [1.20e+00 1.30e-01] (3.32e-02, 5.14e+00)
INFO:root:[4,   800/ 2562] - train_losses - Parent Class: 0.0000 - Children class: 4.8648 -Autoencoder Loss (total): 108.1859 - Reconstruction/K-Means Loss: [0.0000 / 108.1859] - Consistency Loss: [0.0000] - VICReg Loss: [21.1804][wd: 5.38e-02] [lr: 1.15e-04] [autoencoder lr: 0.00e+00][mem: 6.63e+04] (1529.2 ms)
INFO:root:[4,   800] grad_stats: [7.70e-01 1.52e-01] (3.49e-02, 5.05e+00)
INFO:root:[4,   850/ 2562] - train_losses - Parent Class: 0.0000 - Children class: 4.8434 -Autoencoder Loss (total): 108.3918 - Reconstruction/K-Means Loss: [0.0000 / 108.3918] - Consistency Loss: [0.0000] - VICReg Loss: [21.1767][wd: 5.38e-02] [lr: 1.15e-04] [autoencoder lr: 0.00e+00][mem: 6.63e+04] (1535.6 ms)
INFO:root:[4,   850] grad_stats: [9.76e-01 1.35e-01] (4.47e-02, 6.12e+00)
INFO:root:[4,   900/ 2562] - train_losses - Parent Class: 0.0000 - Children class: 4.8212 -Autoencoder Loss (total): 108.4397 - Reconstruction/K-Means Loss: [0.0000 / 108.4397] - Consistency Loss: [0.0000] - VICReg Loss: [21.1715][wd: 5.39e-02] [lr: 1.15e-04] [autoencoder lr: 0.00e+00][mem: 6.63e+04] (1541.5 ms)
INFO:root:[4,   900] grad_stats: [7.68e-01 1.33e-01] (3.66e-02, 3.37e+00)
INFO:root:[4,   950/ 2562] - train_losses - Parent Class: 0.0000 - Children class: 4.8046 -Autoencoder Loss (total): 108.6392 - Reconstruction/K-Means Loss: [0.0000 / 108.6392] - Consistency Loss: [0.0000] - VICReg Loss: [21.1696][wd: 5.39e-02] [lr: 1.15e-04] [autoencoder lr: 0.00e+00][mem: 6.63e+04] (1547.5 ms)
INFO:root:[4,   950] grad_stats: [9.58e-01 1.39e-01] (3.65e-02, 5.10e+00)
INFO:root:[4,  1000/ 2562] - train_losses - Parent Class: 0.0000 - Children class: 4.7894 -Autoencoder Loss (total): 108.8891 - Reconstruction/K-Means Loss: [0.0000 / 108.8891] - Consistency Loss: [0.0000] - VICReg Loss: [21.1680][wd: 5.40e-02] [lr: 1.15e-04] [autoencoder lr: 0.00e+00][mem: 6.63e+04] (1553.3 ms)
INFO:root:[4,  1000] grad_stats: [1.28e+00 1.41e-01] (4.18e-02, 6.42e+00)
INFO:root:[4,  1050/ 2562] - train_losses - Parent Class: 0.0000 - Children class: 4.7737 -Autoencoder Loss (total): 109.0678 - Reconstruction/K-Means Loss: [0.0000 / 109.0678] - Consistency Loss: [0.0000] - VICReg Loss: [21.1657][wd: 5.40e-02] [lr: 1.15e-04] [autoencoder lr: 0.00e+00][mem: 6.63e+04] (1558.9 ms)
INFO:root:[4,  1050] grad_stats: [9.98e-01 1.64e-01] (4.10e-02, 1.00e+01)
INFO:root:[4,  1100/ 2562] - train_losses - Parent Class: 0.0000 - Children class: 4.7609 -Autoencoder Loss (total): 109.5029 - Reconstruction/K-Means Loss: [0.0000 / 109.5029] - Consistency Loss: [0.0000] - VICReg Loss: [21.1640][wd: 5.40e-02] [lr: 1.15e-04] [autoencoder lr: 0.00e+00][mem: 6.63e+04] (1564.4 ms)
INFO:root:[4,  1100] grad_stats: [1.09e+00 1.42e-01] (4.02e-02, 5.49e+00)
INFO:root:[4,  1150/ 2562] - train_losses - Parent Class: 0.0000 - Children class: 4.7449 -Autoencoder Loss (total): 109.6282 - Reconstruction/K-Means Loss: [0.0000 / 109.6282] - Consistency Loss: [0.0000] - VICReg Loss: [21.1616][wd: 5.41e-02] [lr: 1.16e-04] [autoencoder lr: 0.00e+00][mem: 6.63e+04] (1570.3 ms)
INFO:root:[4,  1150] grad_stats: [7.76e-01 1.37e-01] (3.79e-02, 5.51e+00)
INFO:root:[4,  1200/ 2562] - train_losses - Parent Class: 0.0000 - Children class: 4.7299 -Autoencoder Loss (total): 109.6107 - Reconstruction/K-Means Loss: [0.0000 / 109.6107] - Consistency Loss: [0.0000] - VICReg Loss: [21.1584][wd: 5.41e-02] [lr: 1.16e-04] [autoencoder lr: 0.00e+00][mem: 6.63e+04] (1576.0 ms)
INFO:root:[4,  1200] grad_stats: [7.17e-01 1.31e-01] (4.01e-02, 4.55e+00)
INFO:root:[4,  1250/ 2562] - train_losses - Parent Class: 0.0000 - Children class: 4.7153 -Autoencoder Loss (total): 109.7187 - Reconstruction/K-Means Loss: [0.0000 / 109.7187] - Consistency Loss: [0.0000] - VICReg Loss: [21.1554][wd: 5.42e-02] [lr: 1.16e-04] [autoencoder lr: 0.00e+00][mem: 6.63e+04] (1582.4 ms)
INFO:root:[4,  1250] grad_stats: [1.11e+00 1.57e-01] (4.53e-02, 5.31e+00)
INFO:root:[4,  1300/ 2562] - train_losses - Parent Class: 0.0000 - Children class: 4.7022 -Autoencoder Loss (total): 109.6098 - Reconstruction/K-Means Loss: [0.0000 / 109.6098] - Consistency Loss: [0.0000] - VICReg Loss: [21.1537][wd: 5.42e-02] [lr: 1.16e-04] [autoencoder lr: 0.00e+00][mem: 6.63e+04] (1589.3 ms)
INFO:root:[4,  1300] grad_stats: [8.13e-01 1.21e-01] (3.67e-02, 4.77e+00)
slurmstepd: error: *** JOB 4644 ON hgx CANCELLED AT 2025-01-02T16:48:10 ***
