INFO:faiss.loader:Loading faiss with AVX2 support.
INFO:faiss.loader:Successfully loaded faiss with AVX2 support.
INFO:faiss.loader:Loading faiss with AVX2 support.
INFO:faiss.loader:Successfully loaded faiss with AVX2 support.
INFO:root:called-params configs/in1k_vith14_ep300_FGDCC.yaml
INFO:root:loaded params...
{   'data': {   'batch_size': 96,
                'color_jitter_strength': 0.0,
                'crop_scale': [0.3, 1.0],
                'crop_size': 224,
                'cutmix': 0.0,
                'drop_path': 0.25,
                'image_folder': '/home/rtcalumby/adam/luciano/plantnet_300K/',
                'mixup': 0.0,
                'nb_classes': 1081,
                'num_workers': 16,
                'pin_mem': True,
                'reprob': 0.25,
                'resume_epoch': 0,
                'root_path': '/home/rtcalumby/adam/luciano/',
                'use_color_distortion': False,
                'use_gaussian_blur': False,
                'use_horizontal_flip': False},
    'logging': {   'folder': '/home/rtcalumby/adam/luciano/LifeCLEFPlant2022/logs/PlantNet300k_exp43',
                   'write_tag': 'jepa'},
    'mask': {   'allow_overlap': False,
                'aspect_ratio': [0.75, 1.5],
                'enc_mask_scale': [0.85, 1.0],
                'min_keep': 10,
                'num_enc_masks': 1,
                'num_pred_masks': 4,
                'patch_size': 14,
                'pred_mask_scale': [0.15, 0.2]},
    'meta': {   'copy_data': False,
                'load_checkpoint': True,
                'model_name': 'vit_huge',
                'pred_depth': 12,
                'pred_emb_dim': 384,
                'read_checkpoint': None,
                'use_bfloat16': True},
    'optimization': {   'ema': [0.9, 0.999],
                        'epochs': 50,
                        'final_lr': 1e-05,
                        'final_weight_decay': 0.4,
                        'ipe_scale': 1.0,
                        'label_smoothing': 0.1,
                        'lr': 0.00035,
                        'start_lr': 0.0009,
                        'warmup': 35,
                        'weight_decay': 0.05}}
INFO:root:Running... (rank: 0/1)
INFO:root:Initialized (rank/world-size) 0/1
INFO:root:making imagenet data transforms
INFO:root:making imagenet data transforms
INFO:root:Finetuning dataset created
Training dataset, length: 245952
INFO:root:Finetuning dataset created
Val dataset, length: 31200
INFO:root:Using AdamW
['encoder', 'predictor', 'opt', 'scaler', 'target_encoder', 'epoch', 'loss', 'batch_size', 'world_size', 'lr']
INFO:root:loaded pretrained encoder from epoch 66 with msg: <All keys matched successfully>
INFO:root:VisionTransformerAutoEncoder(
  (encoder): Sequential(
    (0): Linear(in_features=1280, out_features=1024, bias=True)
    (1): GELU(approximate='none')
    (2): Block(
      (norm1): LayerNorm((1024,), eps=1e-05, elementwise_affine=True)
      (attn): Attention(
        (qkv): Linear(in_features=1024, out_features=3072, bias=False)
        (attn_drop): Dropout(p=0.0, inplace=False)
        (proj): Linear(in_features=1024, out_features=1024, bias=True)
        (proj_drop): Dropout(p=0.2, inplace=False)
      )
      (drop_path): Identity()
      (norm2): LayerNorm((1024,), eps=1e-05, elementwise_affine=True)
      (mlp): MLP(
        (fc1): Linear(in_features=1024, out_features=4096, bias=True)
        (act): GELU(approximate='none')
        (fc2): Linear(in_features=4096, out_features=1024, bias=True)
        (drop): Dropout(p=0.2, inplace=False)
      )
    )
    (3): Linear(in_features=1024, out_features=768, bias=True)
  )
  (decoder): Sequential(
    (0): Linear(in_features=768, out_features=1024, bias=True)
    (1): GELU(approximate='none')
    (2): Block(
      (norm1): LayerNorm((1024,), eps=1e-05, elementwise_affine=True)
      (attn): Attention(
        (qkv): Linear(in_features=1024, out_features=3072, bias=False)
        (attn_drop): Dropout(p=0.0, inplace=False)
        (proj): Linear(in_features=1024, out_features=1024, bias=True)
        (proj_drop): Dropout(p=0.2, inplace=False)
      )
      (drop_path): Identity()
      (norm2): LayerNorm((1024,), eps=1e-05, elementwise_affine=True)
      (mlp): MLP(
        (fc1): Linear(in_features=1024, out_features=4096, bias=True)
        (act): GELU(approximate='none')
        (fc2): Linear(in_features=4096, out_features=1024, bias=True)
        (drop): Dropout(p=0.2, inplace=False)
      )
    )
    (3): Linear(in_features=1024, out_features=1280, bias=True)
  )
)
INFO:root:PairedCrossAttentionClassifier(
  (act): GELU(approximate='none')
  (subclass_proj): Sequential(
    (0): Linear(in_features=1280, out_features=1280, bias=True)
    (1): GELU(approximate='none')
  )
  (parent_cross_attention): MultiHeadCrossAttention(
    (query): Linear(in_features=1280, out_features=1280, bias=True)
    (key): Linear(in_features=1280, out_features=1280, bias=True)
    (value): Linear(in_features=1280, out_features=1280, bias=True)
  )
  (subclass_cross_attention): MultiHeadCrossAttention(
    (query): Linear(in_features=1280, out_features=1280, bias=True)
    (key): Linear(in_features=1280, out_features=1280, bias=True)
    (value): Linear(in_features=1280, out_features=1280, bias=True)
  )
  (parent_feature_selection): Linear(in_features=2560, out_features=1280, bias=True)
  (subclass_feature_selection): Linear(in_features=2560, out_features=1280, bias=True)
  (parent_classifier): Linear(in_features=1280, out_features=1081, bias=True)
  (subclass_classifier): Linear(in_features=1280, out_features=4324, bias=True)
  (head_drop): Dropout(p=0.25, inplace=False)
)
INFO:root:Using AdamW
INFO:root:VisionTransformer(
  (patch_embed): PatchEmbed(
    (proj): Conv2d(3, 1280, kernel_size=(14, 14), stride=(14, 14))
  )
  (blocks): ModuleList(
    (0-31): 32 x Block(
      (norm1): LayerNorm((1280,), eps=1e-06, elementwise_affine=True)
      (attn): Attention(
        (qkv): Linear(in_features=1280, out_features=3840, bias=True)
        (attn_drop): Dropout(p=0.0, inplace=False)
        (proj): Linear(in_features=1280, out_features=1280, bias=True)
        (proj_drop): Dropout(p=0.0, inplace=False)
      )
      (drop_path): Identity()
      (norm2): LayerNorm((1280,), eps=1e-06, elementwise_affine=True)
      (mlp): MLP(
        (fc1): Linear(in_features=1280, out_features=5120, bias=True)
        (act): GELU(approximate='none')
        (fc2): Linear(in_features=5120, out_features=1280, bias=True)
        (drop): Dropout(p=0.0, inplace=False)
      )
    )
  )
  (norm): LayerNorm((1280,), eps=1e-06, elementwise_affine=True)
)
INFO:root:Autoencoder Training...
INFO:root: - - Epoch: 1 - - 
INFO:faiss.loader:Loading faiss with AVX2 support.
INFO:faiss.loader:Successfully loaded faiss with AVX2 support.
INFO:faiss.loader:Loading faiss with AVX2 support.
INFO:faiss.loader:Successfully loaded faiss with AVX2 support.
INFO:faiss.loader:Loading faiss with AVX2 support.
INFO:faiss.loader:Successfully loaded faiss with AVX2 support.
INFO:faiss.loader:Loading faiss with AVX2 support.
INFO:faiss.loader:Successfully loaded faiss with AVX2 support.
INFO:faiss.loader:Loading faiss with AVX2 support.
INFO:faiss.loader:Successfully loaded faiss with AVX2 support.
INFO:faiss.loader:Loading faiss with AVX2 support.
INFO:faiss.loader:Successfully loaded faiss with AVX2 support.
INFO:faiss.loader:Loading faiss with AVX2 support.
INFO:faiss.loader:Successfully loaded faiss with AVX2 support.
INFO:faiss.loader:Loading faiss with AVX2 support.
INFO:faiss.loader:Successfully loaded faiss with AVX2 support.
INFO:faiss.loader:Loading faiss with AVX2 support.
INFO:faiss.loader:Successfully loaded faiss with AVX2 support.
INFO:faiss.loader:Loading faiss with AVX2 support.
INFO:faiss.loader:Successfully loaded faiss with AVX2 support.
INFO:faiss.loader:Loading faiss with AVX2 support.
INFO:faiss.loader:Successfully loaded faiss with AVX2 support.
INFO:faiss.loader:Loading faiss with AVX2 support.
INFO:faiss.loader:Successfully loaded faiss with AVX2 support.
INFO:faiss.loader:Loading faiss with AVX2 support.
INFO:faiss.loader:Successfully loaded faiss with AVX2 support.
INFO:faiss.loader:Loading faiss with AVX2 support.
INFO:faiss.loader:Successfully loaded faiss with AVX2 support.
INFO:faiss.loader:Loading faiss with AVX2 support.
INFO:faiss.loader:Successfully loaded faiss with AVX2 support.
INFO:faiss.loader:Loading faiss with AVX2 support.
INFO:faiss.loader:Successfully loaded faiss with AVX2 support.
INFO:root:[1,     0/ 2562] - [Autoencoder Training] [Autoencoder Loss: 2.0089] [autoencoder lr: 1.50e-04][mem: 1.05e+04](2377.5 ms)
INFO:root:[1,   100/ 2562] - [Autoencoder Training] [Autoencoder Loss: 1.1076] [autoencoder lr: 1.50e-04][mem: 1.11e+04](384.4 ms)
INFO:root:[1,   200/ 2562] - [Autoencoder Training] [Autoencoder Loss: 0.9871] [autoencoder lr: 1.50e-04][mem: 1.11e+04](374.9 ms)
INFO:root:[1,   300/ 2562] - [Autoencoder Training] [Autoencoder Loss: 0.9277] [autoencoder lr: 1.50e-04][mem: 1.11e+04](371.9 ms)
INFO:root:[1,   400/ 2562] - [Autoencoder Training] [Autoencoder Loss: 0.8902] [autoencoder lr: 1.50e-04][mem: 1.11e+04](370.3 ms)
INFO:root:[1,   500/ 2562] - [Autoencoder Training] [Autoencoder Loss: 0.8634] [autoencoder lr: 1.51e-04][mem: 1.11e+04](369.4 ms)
INFO:root:[1,   600/ 2562] - [Autoencoder Training] [Autoencoder Loss: 0.8432] [autoencoder lr: 1.51e-04][mem: 1.11e+04](368.9 ms)
INFO:root:[1,   700/ 2562] - [Autoencoder Training] [Autoencoder Loss: 0.8269] [autoencoder lr: 1.51e-04][mem: 1.11e+04](368.5 ms)
INFO:root:[1,   800/ 2562] - [Autoencoder Training] [Autoencoder Loss: 0.8136] [autoencoder lr: 1.51e-04][mem: 1.11e+04](368.3 ms)
INFO:root:[1,   900/ 2562] - [Autoencoder Training] [Autoencoder Loss: 0.8027] [autoencoder lr: 1.51e-04][mem: 1.11e+04](368.0 ms)
INFO:root:[1,  1000/ 2562] - [Autoencoder Training] [Autoencoder Loss: 0.7933] [autoencoder lr: 1.51e-04][mem: 1.11e+04](367.8 ms)
INFO:root:[1,  1100/ 2562] - [Autoencoder Training] [Autoencoder Loss: 0.7853] [autoencoder lr: 1.51e-04][mem: 1.11e+04](367.6 ms)
INFO:root:[1,  1200/ 2562] - [Autoencoder Training] [Autoencoder Loss: 0.7783] [autoencoder lr: 1.51e-04][mem: 1.11e+04](367.5 ms)
INFO:root:[1,  1300/ 2562] - [Autoencoder Training] [Autoencoder Loss: 0.7722] [autoencoder lr: 1.51e-04][mem: 1.11e+04](367.4 ms)
INFO:root:[1,  1400/ 2562] - [Autoencoder Training] [Autoencoder Loss: 0.7666] [autoencoder lr: 1.52e-04][mem: 1.11e+04](367.2 ms)
INFO:root:[1,  1500/ 2562] - [Autoencoder Training] [Autoencoder Loss: 0.7616] [autoencoder lr: 1.52e-04][mem: 1.11e+04](367.1 ms)
INFO:root:[1,  1600/ 2562] - [Autoencoder Training] [Autoencoder Loss: 0.7572] [autoencoder lr: 1.52e-04][mem: 1.11e+04](367.1 ms)
INFO:root:[1,  1700/ 2562] - [Autoencoder Training] [Autoencoder Loss: 0.7531] [autoencoder lr: 1.52e-04][mem: 1.11e+04](367.0 ms)
INFO:root:[1,  1800/ 2562] - [Autoencoder Training] [Autoencoder Loss: 0.7494] [autoencoder lr: 1.52e-04][mem: 1.11e+04](366.9 ms)
INFO:root:[1,  1900/ 2562] - [Autoencoder Training] [Autoencoder Loss: 0.7461] [autoencoder lr: 1.52e-04][mem: 1.11e+04](366.9 ms)
INFO:root:[1,  2000/ 2562] - [Autoencoder Training] [Autoencoder Loss: 0.7429] [autoencoder lr: 1.52e-04][mem: 1.11e+04](366.8 ms)
INFO:root:[1,  2100/ 2562] - [Autoencoder Training] [Autoencoder Loss: 0.7401] [autoencoder lr: 1.52e-04][mem: 1.11e+04](366.7 ms)
INFO:root:[1,  2200/ 2562] - [Autoencoder Training] [Autoencoder Loss: 0.7376] [autoencoder lr: 1.53e-04][mem: 1.11e+04](366.7 ms)
INFO:root:[1,  2300/ 2562] - [Autoencoder Training] [Autoencoder Loss: 0.7351] [autoencoder lr: 1.53e-04][mem: 1.11e+04](366.7 ms)
INFO:root:[1,  2400/ 2562] - [Autoencoder Training] [Autoencoder Loss: 0.7328] [autoencoder lr: 1.53e-04][mem: 1.11e+04](366.7 ms)
INFO:root:[1,  2500/ 2562] - [Autoencoder Training] [Autoencoder Loss: 0.7306] [autoencoder lr: 1.53e-04][mem: 1.11e+04](366.7 ms)
INFO:root: - - Epoch: 2 - - 
INFO:faiss.loader:Loading faiss with AVX2 support.
INFO:faiss.loader:Successfully loaded faiss with AVX2 support.
INFO:faiss.loader:Loading faiss with AVX2 support.
INFO:faiss.loader:Successfully loaded faiss with AVX2 support.
INFO:faiss.loader:Loading faiss with AVX2 support.
INFO:faiss.loader:Successfully loaded faiss with AVX2 support.
INFO:faiss.loader:Loading faiss with AVX2 support.
INFO:faiss.loader:Successfully loaded faiss with AVX2 support.
INFO:faiss.loader:Loading faiss with AVX2 support.
INFO:faiss.loader:Successfully loaded faiss with AVX2 support.
INFO:faiss.loader:Loading faiss with AVX2 support.
INFO:faiss.loader:Successfully loaded faiss with AVX2 support.
INFO:faiss.loader:Loading faiss with AVX2 support.
INFO:faiss.loader:Successfully loaded faiss with AVX2 support.
INFO:faiss.loader:Loading faiss with AVX2 support.
INFO:faiss.loader:Successfully loaded faiss with AVX2 support.
INFO:faiss.loader:Loading faiss with AVX2 support.
INFO:faiss.loader:Successfully loaded faiss with AVX2 support.
INFO:faiss.loader:Loading faiss with AVX2 support.
INFO:faiss.loader:Successfully loaded faiss with AVX2 support.
INFO:faiss.loader:Loading faiss with AVX2 support.
INFO:faiss.loader:Successfully loaded faiss with AVX2 support.
INFO:faiss.loader:Loading faiss with AVX2 support.
INFO:faiss.loader:Successfully loaded faiss with AVX2 support.
INFO:faiss.loader:Loading faiss with AVX2 support.
INFO:faiss.loader:Successfully loaded faiss with AVX2 support.
INFO:faiss.loader:Loading faiss with AVX2 support.
INFO:faiss.loader:Successfully loaded faiss with AVX2 support.
INFO:faiss.loader:Loading faiss with AVX2 support.
INFO:faiss.loader:Successfully loaded faiss with AVX2 support.
INFO:faiss.loader:Loading faiss with AVX2 support.
INFO:faiss.loader:Successfully loaded faiss with AVX2 support.
INFO:root:[2,     0/ 2562] - [Autoencoder Training] [Autoencoder Loss: 0.7294] [autoencoder lr: 1.53e-04][mem: 1.11e+04](366.6 ms)
INFO:root:[2,   100/ 2562] - [Autoencoder Training] [Autoencoder Loss: 0.7275] [autoencoder lr: 1.53e-04][mem: 1.11e+04](366.5 ms)
INFO:root:[2,   200/ 2562] - [Autoencoder Training] [Autoencoder Loss: 0.7258] [autoencoder lr: 1.53e-04][mem: 1.11e+04](366.5 ms)
INFO:root:[2,   300/ 2562] - [Autoencoder Training] [Autoencoder Loss: 0.7241] [autoencoder lr: 1.53e-04][mem: 1.11e+04](366.5 ms)
INFO:root:[2,   400/ 2562] - [Autoencoder Training] [Autoencoder Loss: 0.7224] [autoencoder lr: 1.53e-04][mem: 1.11e+04](366.5 ms)
INFO:root:[2,   500/ 2562] - [Autoencoder Training] [Autoencoder Loss: 0.7209] [autoencoder lr: 1.53e-04][mem: 1.11e+04](366.5 ms)
INFO:root:[2,   600/ 2562] - [Autoencoder Training] [Autoencoder Loss: 0.7195] [autoencoder lr: 1.54e-04][mem: 1.11e+04](366.4 ms)
INFO:root:[2,   700/ 2562] - [Autoencoder Training] [Autoencoder Loss: 0.7181] [autoencoder lr: 1.54e-04][mem: 1.11e+04](366.4 ms)
INFO:root:[2,   800/ 2562] - [Autoencoder Training] [Autoencoder Loss: 0.7168] [autoencoder lr: 1.54e-04][mem: 1.11e+04](366.4 ms)
INFO:root:[2,   900/ 2562] - [Autoencoder Training] [Autoencoder Loss: 0.7156] [autoencoder lr: 1.54e-04][mem: 1.11e+04](366.4 ms)
INFO:root:[2,  1000/ 2562] - [Autoencoder Training] [Autoencoder Loss: 0.7145] [autoencoder lr: 1.54e-04][mem: 1.11e+04](366.3 ms)
INFO:root:[2,  1100/ 2562] - [Autoencoder Training] [Autoencoder Loss: 0.7134] [autoencoder lr: 1.54e-04][mem: 1.11e+04](366.3 ms)
INFO:root:[2,  1200/ 2562] - [Autoencoder Training] [Autoencoder Loss: 0.7124] [autoencoder lr: 1.54e-04][mem: 1.11e+04](366.3 ms)
INFO:root:[2,  1300/ 2562] - [Autoencoder Training] [Autoencoder Loss: 0.7114] [autoencoder lr: 1.54e-04][mem: 1.11e+04](366.3 ms)
INFO:root:[2,  1400/ 2562] - [Autoencoder Training] [Autoencoder Loss: 0.7104] [autoencoder lr: 1.55e-04][mem: 1.11e+04](366.3 ms)
INFO:root:[2,  1500/ 2562] - [Autoencoder Training] [Autoencoder Loss: 0.7095] [autoencoder lr: 1.55e-04][mem: 1.11e+04](366.3 ms)
INFO:root:[2,  1600/ 2562] - [Autoencoder Training] [Autoencoder Loss: 0.7086] [autoencoder lr: 1.55e-04][mem: 1.11e+04](366.3 ms)
INFO:root:[2,  1700/ 2562] - [Autoencoder Training] [Autoencoder Loss: 0.7078] [autoencoder lr: 1.55e-04][mem: 1.11e+04](366.3 ms)
INFO:root:[2,  1800/ 2562] - [Autoencoder Training] [Autoencoder Loss: 0.7070] [autoencoder lr: 1.55e-04][mem: 1.11e+04](366.3 ms)
INFO:root:[2,  1900/ 2562] - [Autoencoder Training] [Autoencoder Loss: 0.7062] [autoencoder lr: 1.55e-04][mem: 1.11e+04](366.3 ms)
INFO:root:[2,  2000/ 2562] - [Autoencoder Training] [Autoencoder Loss: 0.7055] [autoencoder lr: 1.55e-04][mem: 1.11e+04](366.3 ms)
INFO:root:[2,  2100/ 2562] - [Autoencoder Training] [Autoencoder Loss: 0.7048] [autoencoder lr: 1.55e-04][mem: 1.11e+04](366.3 ms)
INFO:root:[2,  2200/ 2562] - [Autoencoder Training] [Autoencoder Loss: 0.7041] [autoencoder lr: 1.55e-04][mem: 1.11e+04](366.2 ms)
INFO:root:[2,  2300/ 2562] - [Autoencoder Training] [Autoencoder Loss: 0.7035] [autoencoder lr: 1.56e-04][mem: 1.11e+04](366.2 ms)
INFO:root:[2,  2400/ 2562] - [Autoencoder Training] [Autoencoder Loss: 0.7028] [autoencoder lr: 1.56e-04][mem: 1.11e+04](366.2 ms)
INFO:root:[2,  2500/ 2562] - [Autoencoder Training] [Autoencoder Loss: 0.7022] [autoencoder lr: 1.56e-04][mem: 1.11e+04](366.2 ms)
INFO:root: - - Epoch: 3 - - 
INFO:faiss.loader:Loading faiss with AVX2 support.
INFO:faiss.loader:Successfully loaded faiss with AVX2 support.
INFO:faiss.loader:Loading faiss with AVX2 support.
INFO:faiss.loader:Successfully loaded faiss with AVX2 support.
INFO:faiss.loader:Loading faiss with AVX2 support.
INFO:faiss.loader:Successfully loaded faiss with AVX2 support.
INFO:faiss.loader:Loading faiss with AVX2 support.
INFO:faiss.loader:Successfully loaded faiss with AVX2 support.
INFO:faiss.loader:Loading faiss with AVX2 support.
INFO:faiss.loader:Successfully loaded faiss with AVX2 support.
INFO:faiss.loader:Loading faiss with AVX2 support.
INFO:faiss.loader:Successfully loaded faiss with AVX2 support.
INFO:faiss.loader:Loading faiss with AVX2 support.
INFO:faiss.loader:Successfully loaded faiss with AVX2 support.
INFO:faiss.loader:Loading faiss with AVX2 support.
INFO:faiss.loader:Successfully loaded faiss with AVX2 support.
INFO:faiss.loader:Loading faiss with AVX2 support.
INFO:faiss.loader:Successfully loaded faiss with AVX2 support.
INFO:faiss.loader:Loading faiss with AVX2 support.
INFO:faiss.loader:Successfully loaded faiss with AVX2 support.
INFO:faiss.loader:Loading faiss with AVX2 support.
INFO:faiss.loader:Successfully loaded faiss with AVX2 support.
INFO:faiss.loader:Loading faiss with AVX2 support.
INFO:faiss.loader:Successfully loaded faiss with AVX2 support.
INFO:faiss.loader:Loading faiss with AVX2 support.
INFO:faiss.loader:Successfully loaded faiss with AVX2 support.
INFO:faiss.loader:Loading faiss with AVX2 support.
INFO:faiss.loader:Successfully loaded faiss with AVX2 support.
INFO:faiss.loader:Loading faiss with AVX2 support.
INFO:faiss.loader:Successfully loaded faiss with AVX2 support.
INFO:faiss.loader:Loading faiss with AVX2 support.
INFO:faiss.loader:Successfully loaded faiss with AVX2 support.
INFO:root:[3,     0/ 2562] - [Autoencoder Training] [Autoencoder Loss: 0.7019] [autoencoder lr: 1.56e-04][mem: 1.11e+04](366.2 ms)
INFO:root:[3,   100/ 2562] - [Autoencoder Training] [Autoencoder Loss: 0.7013] [autoencoder lr: 1.56e-04][mem: 1.11e+04](366.1 ms)
INFO:root:[3,   200/ 2562] - [Autoencoder Training] [Autoencoder Loss: 0.7007] [autoencoder lr: 1.56e-04][mem: 1.11e+04](366.1 ms)
INFO:root:[3,   300/ 2562] - [Autoencoder Training] [Autoencoder Loss: 0.7002] [autoencoder lr: 1.56e-04][mem: 1.11e+04](366.1 ms)
INFO:root:[3,   400/ 2562] - [Autoencoder Training] [Autoencoder Loss: 0.6997] [autoencoder lr: 1.56e-04][mem: 1.11e+04](366.1 ms)
INFO:root:[3,   500/ 2562] - [Autoencoder Training] [Autoencoder Loss: 0.6992] [autoencoder lr: 1.56e-04][mem: 1.11e+04](366.1 ms)
INFO:root:[3,   600/ 2562] - [Autoencoder Training] [Autoencoder Loss: 0.6987] [autoencoder lr: 1.57e-04][mem: 1.11e+04](366.1 ms)
INFO:root:[3,   700/ 2562] - [Autoencoder Training] [Autoencoder Loss: 0.6982] [autoencoder lr: 1.57e-04][mem: 1.11e+04](366.1 ms)
INFO:root:[3,   800/ 2562] - [Autoencoder Training] [Autoencoder Loss: 0.6978] [autoencoder lr: 1.57e-04][mem: 1.11e+04](366.1 ms)
INFO:root:[3,   900/ 2562] - [Autoencoder Training] [Autoencoder Loss: 0.6973] [autoencoder lr: 1.57e-04][mem: 1.11e+04](366.1 ms)
INFO:root:[3,  1000/ 2562] - [Autoencoder Training] [Autoencoder Loss: 0.6968] [autoencoder lr: 1.57e-04][mem: 1.11e+04](366.1 ms)
INFO:root:[3,  1100/ 2562] - [Autoencoder Training] [Autoencoder Loss: 0.6964] [autoencoder lr: 1.57e-04][mem: 1.11e+04](366.1 ms)
INFO:root:[3,  1200/ 2562] - [Autoencoder Training] [Autoencoder Loss: 0.6960] [autoencoder lr: 1.57e-04][mem: 1.11e+04](366.1 ms)
INFO:root:[3,  1300/ 2562] - [Autoencoder Training] [Autoencoder Loss: 0.6956] [autoencoder lr: 1.57e-04][mem: 1.11e+04](366.1 ms)
INFO:root:[3,  1400/ 2562] - [Autoencoder Training] [Autoencoder Loss: 0.6952] [autoencoder lr: 1.57e-04][mem: 1.11e+04](366.1 ms)
INFO:root:[3,  1500/ 2562] - [Autoencoder Training] [Autoencoder Loss: 0.6949] [autoencoder lr: 1.58e-04][mem: 1.11e+04](366.1 ms)
INFO:root:[3,  1600/ 2562] - [Autoencoder Training] [Autoencoder Loss: 0.6945] [autoencoder lr: 1.58e-04][mem: 1.11e+04](366.1 ms)
INFO:root:[3,  1700/ 2562] - [Autoencoder Training] [Autoencoder Loss: 0.6942] [autoencoder lr: 1.58e-04][mem: 1.11e+04](366.1 ms)
INFO:root:[3,  1800/ 2562] - [Autoencoder Training] [Autoencoder Loss: 0.6938] [autoencoder lr: 1.58e-04][mem: 1.11e+04](366.1 ms)
INFO:root:[3,  1900/ 2562] - [Autoencoder Training] [Autoencoder Loss: 0.6935] [autoencoder lr: 1.58e-04][mem: 1.11e+04](366.1 ms)
INFO:root:[3,  2000/ 2562] - [Autoencoder Training] [Autoencoder Loss: 0.6931] [autoencoder lr: 1.58e-04][mem: 1.11e+04](366.1 ms)
INFO:root:[3,  2100/ 2562] - [Autoencoder Training] [Autoencoder Loss: 0.6928] [autoencoder lr: 1.58e-04][mem: 1.11e+04](366.1 ms)
INFO:root:[3,  2200/ 2562] - [Autoencoder Training] [Autoencoder Loss: 0.6925] [autoencoder lr: 1.58e-04][mem: 1.11e+04](366.1 ms)
INFO:root:[3,  2300/ 2562] - [Autoencoder Training] [Autoencoder Loss: 0.6922] [autoencoder lr: 1.58e-04][mem: 1.11e+04](366.1 ms)
INFO:root:[3,  2400/ 2562] - [Autoencoder Training] [Autoencoder Loss: 0.6919] [autoencoder lr: 1.59e-04][mem: 1.11e+04](366.1 ms)
INFO:root:[3,  2500/ 2562] - [Autoencoder Training] [Autoencoder Loss: 0.6915] [autoencoder lr: 1.59e-04][mem: 1.11e+04](366.1 ms)
INFO:root: - - Epoch: 4 - - 
INFO:faiss.loader:Loading faiss with AVX2 support.
INFO:faiss.loader:Successfully loaded faiss with AVX2 support.
INFO:faiss.loader:Loading faiss with AVX2 support.
INFO:faiss.loader:Successfully loaded faiss with AVX2 support.
INFO:faiss.loader:Loading faiss with AVX2 support.
INFO:faiss.loader:Successfully loaded faiss with AVX2 support.
INFO:faiss.loader:Loading faiss with AVX2 support.
INFO:faiss.loader:Successfully loaded faiss with AVX2 support.
INFO:faiss.loader:Loading faiss with AVX2 support.
INFO:faiss.loader:Successfully loaded faiss with AVX2 support.
INFO:faiss.loader:Loading faiss with AVX2 support.
INFO:faiss.loader:Successfully loaded faiss with AVX2 support.
INFO:faiss.loader:Loading faiss with AVX2 support.
INFO:faiss.loader:Successfully loaded faiss with AVX2 support.
INFO:faiss.loader:Loading faiss with AVX2 support.
INFO:faiss.loader:Successfully loaded faiss with AVX2 support.
INFO:faiss.loader:Loading faiss with AVX2 support.
INFO:faiss.loader:Successfully loaded faiss with AVX2 support.
INFO:faiss.loader:Loading faiss with AVX2 support.
INFO:faiss.loader:Successfully loaded faiss with AVX2 support.
INFO:faiss.loader:Loading faiss with AVX2 support.
INFO:faiss.loader:Successfully loaded faiss with AVX2 support.
INFO:faiss.loader:Loading faiss with AVX2 support.
INFO:faiss.loader:Successfully loaded faiss with AVX2 support.
INFO:faiss.loader:Loading faiss with AVX2 support.
INFO:faiss.loader:Successfully loaded faiss with AVX2 support.
INFO:faiss.loader:Loading faiss with AVX2 support.
INFO:faiss.loader:Successfully loaded faiss with AVX2 support.
INFO:faiss.loader:Loading faiss with AVX2 support.
INFO:faiss.loader:Successfully loaded faiss with AVX2 support.
INFO:faiss.loader:Loading faiss with AVX2 support.
INFO:faiss.loader:Successfully loaded faiss with AVX2 support.
INFO:root:[4,     0/ 2562] - [Autoencoder Training] [Autoencoder Loss: 0.6914] [autoencoder lr: 1.59e-04][mem: 1.11e+04](366.0 ms)
INFO:root:[4,   100/ 2562] - [Autoencoder Training] [Autoencoder Loss: 0.6911] [autoencoder lr: 1.59e-04][mem: 1.11e+04](366.0 ms)
INFO:root:[4,   200/ 2562] - [Autoencoder Training] [Autoencoder Loss: 0.6908] [autoencoder lr: 1.59e-04][mem: 1.11e+04](366.0 ms)
INFO:root:[4,   300/ 2562] - [Autoencoder Training] [Autoencoder Loss: 0.6906] [autoencoder lr: 1.59e-04][mem: 1.11e+04](366.0 ms)
INFO:root:[4,   400/ 2562] - [Autoencoder Training] [Autoencoder Loss: 0.6903] [autoencoder lr: 1.59e-04][mem: 1.11e+04](366.0 ms)
INFO:root:[4,   500/ 2562] - [Autoencoder Training] [Autoencoder Loss: 0.6900] [autoencoder lr: 1.59e-04][mem: 1.11e+04](366.0 ms)
INFO:root:[4,   600/ 2562] - [Autoencoder Training] [Autoencoder Loss: 0.6898] [autoencoder lr: 1.59e-04][mem: 1.11e+04](366.0 ms)
INFO:root:[4,   700/ 2562] - [Autoencoder Training] [Autoencoder Loss: 0.6895] [autoencoder lr: 1.60e-04][mem: 1.11e+04](366.0 ms)
INFO:root:[4,   800/ 2562] - [Autoencoder Training] [Autoencoder Loss: 0.6893] [autoencoder lr: 1.60e-04][mem: 1.11e+04](366.0 ms)
INFO:root:[4,   900/ 2562] - [Autoencoder Training] [Autoencoder Loss: 0.6890] [autoencoder lr: 1.60e-04][mem: 1.11e+04](366.0 ms)
INFO:root:[4,  1000/ 2562] - [Autoencoder Training] [Autoencoder Loss: 0.6888] [autoencoder lr: 1.60e-04][mem: 1.11e+04](366.0 ms)
INFO:root:[4,  1100/ 2562] - [Autoencoder Training] [Autoencoder Loss: 0.6886] [autoencoder lr: 1.60e-04][mem: 1.11e+04](366.0 ms)
INFO:root:[4,  1200/ 2562] - [Autoencoder Training] [Autoencoder Loss: 0.6884] [autoencoder lr: 1.60e-04][mem: 1.11e+04](366.0 ms)
INFO:root:[4,  1300/ 2562] - [Autoencoder Training] [Autoencoder Loss: 0.6881] [autoencoder lr: 1.60e-04][mem: 1.11e+04](366.0 ms)
INFO:root:[4,  1400/ 2562] - [Autoencoder Training] [Autoencoder Loss: 0.6879] [autoencoder lr: 1.60e-04][mem: 1.11e+04](366.0 ms)
INFO:root:[4,  1500/ 2562] - [Autoencoder Training] [Autoencoder Loss: 0.6877] [autoencoder lr: 1.60e-04][mem: 1.11e+04](366.0 ms)
INFO:root:[4,  1600/ 2562] - [Autoencoder Training] [Autoencoder Loss: 0.6875] [autoencoder lr: 1.61e-04][mem: 1.11e+04](366.0 ms)
INFO:root:[4,  1700/ 2562] - [Autoencoder Training] [Autoencoder Loss: 0.6873] [autoencoder lr: 1.61e-04][mem: 1.11e+04](366.0 ms)
INFO:root:[4,  1800/ 2562] - [Autoencoder Training] [Autoencoder Loss: 0.6871] [autoencoder lr: 1.61e-04][mem: 1.11e+04](366.0 ms)
INFO:root:[4,  1900/ 2562] - [Autoencoder Training] [Autoencoder Loss: 0.6869] [autoencoder lr: 1.61e-04][mem: 1.11e+04](366.0 ms)
INFO:root:[4,  2000/ 2562] - [Autoencoder Training] [Autoencoder Loss: 0.6867] [autoencoder lr: 1.61e-04][mem: 1.11e+04](366.0 ms)
INFO:root:[4,  2100/ 2562] - [Autoencoder Training] [Autoencoder Loss: 0.6865] [autoencoder lr: 1.61e-04][mem: 1.11e+04](366.0 ms)
INFO:root:[4,  2200/ 2562] - [Autoencoder Training] [Autoencoder Loss: 0.6863] [autoencoder lr: 1.61e-04][mem: 1.11e+04](366.0 ms)
INFO:root:[4,  2300/ 2562] - [Autoencoder Training] [Autoencoder Loss: 0.6861] [autoencoder lr: 1.61e-04][mem: 1.11e+04](366.0 ms)
INFO:root:[4,  2400/ 2562] - [Autoencoder Training] [Autoencoder Loss: 0.6860] [autoencoder lr: 1.61e-04][mem: 1.11e+04](366.0 ms)
INFO:root:[4,  2500/ 2562] - [Autoencoder Training] [Autoencoder Loss: 0.6858] [autoencoder lr: 1.62e-04][mem: 1.11e+04](366.0 ms)
INFO:root: - - Epoch: 5 - - 
INFO:faiss.loader:Loading faiss with AVX2 support.
INFO:faiss.loader:Successfully loaded faiss with AVX2 support.
INFO:faiss.loader:Loading faiss with AVX2 support.
INFO:faiss.loader:Successfully loaded faiss with AVX2 support.
INFO:faiss.loader:Loading faiss with AVX2 support.
INFO:faiss.loader:Successfully loaded faiss with AVX2 support.
INFO:faiss.loader:Loading faiss with AVX2 support.
INFO:faiss.loader:Successfully loaded faiss with AVX2 support.
INFO:faiss.loader:Loading faiss with AVX2 support.
INFO:faiss.loader:Successfully loaded faiss with AVX2 support.
INFO:faiss.loader:Loading faiss with AVX2 support.
INFO:faiss.loader:Successfully loaded faiss with AVX2 support.
INFO:faiss.loader:Loading faiss with AVX2 support.
INFO:faiss.loader:Successfully loaded faiss with AVX2 support.
INFO:faiss.loader:Loading faiss with AVX2 support.
INFO:faiss.loader:Successfully loaded faiss with AVX2 support.
INFO:faiss.loader:Loading faiss with AVX2 support.
INFO:faiss.loader:Successfully loaded faiss with AVX2 support.
INFO:faiss.loader:Loading faiss with AVX2 support.
INFO:faiss.loader:Successfully loaded faiss with AVX2 support.
INFO:faiss.loader:Loading faiss with AVX2 support.
INFO:faiss.loader:Successfully loaded faiss with AVX2 support.
INFO:faiss.loader:Loading faiss with AVX2 support.
INFO:faiss.loader:Successfully loaded faiss with AVX2 support.
INFO:faiss.loader:Loading faiss with AVX2 support.
INFO:faiss.loader:Successfully loaded faiss with AVX2 support.
INFO:faiss.loader:Loading faiss with AVX2 support.
INFO:faiss.loader:Successfully loaded faiss with AVX2 support.
INFO:faiss.loader:Loading faiss with AVX2 support.
INFO:faiss.loader:Successfully loaded faiss with AVX2 support.
INFO:faiss.loader:Loading faiss with AVX2 support.
INFO:faiss.loader:Successfully loaded faiss with AVX2 support.
INFO:root:[5,     0/ 2562] - [Autoencoder Training] [Autoencoder Loss: 0.6857] [autoencoder lr: 1.62e-04][mem: 1.11e+04](366.0 ms)
INFO:root:[5,   100/ 2562] - [Autoencoder Training] [Autoencoder Loss: 0.6855] [autoencoder lr: 1.62e-04][mem: 1.11e+04](366.0 ms)
INFO:root:[5,   200/ 2562] - [Autoencoder Training] [Autoencoder Loss: 0.6854] [autoencoder lr: 1.62e-04][mem: 1.11e+04](366.0 ms)
INFO:root:[5,   300/ 2562] - [Autoencoder Training] [Autoencoder Loss: 0.6852] [autoencoder lr: 1.62e-04][mem: 1.11e+04](366.0 ms)
INFO:root:[5,   400/ 2562] - [Autoencoder Training] [Autoencoder Loss: 0.6850] [autoencoder lr: 1.62e-04][mem: 1.11e+04](366.0 ms)
INFO:root:[5,   500/ 2562] - [Autoencoder Training] [Autoencoder Loss: 0.6849] [autoencoder lr: 1.62e-04][mem: 1.11e+04](366.0 ms)
INFO:root:[5,   600/ 2562] - [Autoencoder Training] [Autoencoder Loss: 0.6848] [autoencoder lr: 1.62e-04][mem: 1.11e+04](366.0 ms)
INFO:root:[5,   700/ 2562] - [Autoencoder Training] [Autoencoder Loss: 0.6846] [autoencoder lr: 1.62e-04][mem: 1.11e+04](366.0 ms)
INFO:root:[5,   800/ 2562] - [Autoencoder Training] [Autoencoder Loss: 0.6845] [autoencoder lr: 1.63e-04][mem: 1.11e+04](366.0 ms)
INFO:root:[5,   900/ 2562] - [Autoencoder Training] [Autoencoder Loss: 0.6843] [autoencoder lr: 1.63e-04][mem: 1.11e+04](366.0 ms)
INFO:root:[5,  1000/ 2562] - [Autoencoder Training] [Autoencoder Loss: 0.6842] [autoencoder lr: 1.63e-04][mem: 1.11e+04](366.0 ms)
INFO:root:[5,  1100/ 2562] - [Autoencoder Training] [Autoencoder Loss: 0.6840] [autoencoder lr: 1.63e-04][mem: 1.11e+04](366.0 ms)
INFO:root:[5,  1200/ 2562] - [Autoencoder Training] [Autoencoder Loss: 0.6839] [autoencoder lr: 1.63e-04][mem: 1.11e+04](366.0 ms)
INFO:root:[5,  1300/ 2562] - [Autoencoder Training] [Autoencoder Loss: 0.6838] [autoencoder lr: 1.63e-04][mem: 1.11e+04](366.0 ms)
INFO:root:[5,  1400/ 2562] - [Autoencoder Training] [Autoencoder Loss: 0.6836] [autoencoder lr: 1.63e-04][mem: 1.11e+04](366.0 ms)
INFO:root:[5,  1500/ 2562] - [Autoencoder Training] [Autoencoder Loss: 0.6835] [autoencoder lr: 1.63e-04][mem: 1.11e+04](366.0 ms)
INFO:root:[5,  1600/ 2562] - [Autoencoder Training] [Autoencoder Loss: 0.6834] [autoencoder lr: 1.63e-04][mem: 1.11e+04](366.0 ms)
INFO:root:[5,  1700/ 2562] - [Autoencoder Training] [Autoencoder Loss: 0.6832] [autoencoder lr: 1.64e-04][mem: 1.11e+04](366.0 ms)
INFO:root:[5,  1800/ 2562] - [Autoencoder Training] [Autoencoder Loss: 0.6831] [autoencoder lr: 1.64e-04][mem: 1.11e+04](366.0 ms)
INFO:root:[5,  1900/ 2562] - [Autoencoder Training] [Autoencoder Loss: 0.6830] [autoencoder lr: 1.64e-04][mem: 1.11e+04](366.0 ms)
INFO:root:[5,  2000/ 2562] - [Autoencoder Training] [Autoencoder Loss: 0.6828] [autoencoder lr: 1.64e-04][mem: 1.11e+04](366.0 ms)
INFO:root:[5,  2100/ 2562] - [Autoencoder Training] [Autoencoder Loss: 0.6827] [autoencoder lr: 1.64e-04][mem: 1.11e+04](366.0 ms)
INFO:root:[5,  2200/ 2562] - [Autoencoder Training] [Autoencoder Loss: 0.6826] [autoencoder lr: 1.64e-04][mem: 1.11e+04](365.9 ms)
INFO:root:[5,  2300/ 2562] - [Autoencoder Training] [Autoencoder Loss: 0.6825] [autoencoder lr: 1.64e-04][mem: 1.11e+04](365.9 ms)
INFO:root:[5,  2400/ 2562] - [Autoencoder Training] [Autoencoder Loss: 0.6823] [autoencoder lr: 1.64e-04][mem: 1.11e+04](365.9 ms)
INFO:root:[5,  2500/ 2562] - [Autoencoder Training] [Autoencoder Loss: 0.6822] [autoencoder lr: 1.65e-04][mem: 1.11e+04](365.9 ms)
INFO:root: - - Epoch: 6 - - 
INFO:faiss.loader:Loading faiss with AVX2 support.
INFO:faiss.loader:Successfully loaded faiss with AVX2 support.
INFO:faiss.loader:Loading faiss with AVX2 support.
INFO:faiss.loader:Successfully loaded faiss with AVX2 support.
INFO:faiss.loader:Loading faiss with AVX2 support.
INFO:faiss.loader:Successfully loaded faiss with AVX2 support.
INFO:faiss.loader:Loading faiss with AVX2 support.
INFO:faiss.loader:Successfully loaded faiss with AVX2 support.
INFO:faiss.loader:Loading faiss with AVX2 support.
INFO:faiss.loader:Successfully loaded faiss with AVX2 support.
INFO:faiss.loader:Loading faiss with AVX2 support.
INFO:faiss.loader:Successfully loaded faiss with AVX2 support.
INFO:faiss.loader:Loading faiss with AVX2 support.
INFO:faiss.loader:Successfully loaded faiss with AVX2 support.
INFO:faiss.loader:Loading faiss with AVX2 support.
INFO:faiss.loader:Successfully loaded faiss with AVX2 support.
INFO:faiss.loader:Loading faiss with AVX2 support.
INFO:faiss.loader:Successfully loaded faiss with AVX2 support.
INFO:faiss.loader:Loading faiss with AVX2 support.
INFO:faiss.loader:Successfully loaded faiss with AVX2 support.
INFO:faiss.loader:Loading faiss with AVX2 support.
INFO:faiss.loader:Successfully loaded faiss with AVX2 support.
INFO:faiss.loader:Loading faiss with AVX2 support.
INFO:faiss.loader:Successfully loaded faiss with AVX2 support.
INFO:faiss.loader:Loading faiss with AVX2 support.
INFO:faiss.loader:Successfully loaded faiss with AVX2 support.
INFO:faiss.loader:Loading faiss with AVX2 support.
INFO:faiss.loader:Successfully loaded faiss with AVX2 support.
INFO:faiss.loader:Loading faiss with AVX2 support.
INFO:faiss.loader:Successfully loaded faiss with AVX2 support.
INFO:faiss.loader:Loading faiss with AVX2 support.
INFO:faiss.loader:Successfully loaded faiss with AVX2 support.
INFO:root:[6,     0/ 2562] - [Autoencoder Training] [Autoencoder Loss: 0.6822] [autoencoder lr: 1.65e-04][mem: 1.11e+04](365.9 ms)
INFO:root:[6,   100/ 2562] - [Autoencoder Training] [Autoencoder Loss: 0.6820] [autoencoder lr: 1.65e-04][mem: 1.11e+04](365.9 ms)
INFO:root:[6,   200/ 2562] - [Autoencoder Training] [Autoencoder Loss: 0.6819] [autoencoder lr: 1.65e-04][mem: 1.11e+04](365.9 ms)
INFO:root:[6,   300/ 2562] - [Autoencoder Training] [Autoencoder Loss: 0.6818] [autoencoder lr: 1.65e-04][mem: 1.11e+04](365.9 ms)
INFO:root:[6,   400/ 2562] - [Autoencoder Training] [Autoencoder Loss: 0.6817] [autoencoder lr: 1.65e-04][mem: 1.11e+04](365.9 ms)
INFO:root:[6,   500/ 2562] - [Autoencoder Training] [Autoencoder Loss: 0.6816] [autoencoder lr: 1.65e-04][mem: 1.11e+04](365.9 ms)
INFO:root:[6,   600/ 2562] - [Autoencoder Training] [Autoencoder Loss: 0.6815] [autoencoder lr: 1.65e-04][mem: 1.11e+04](365.9 ms)
INFO:root:[6,   700/ 2562] - [Autoencoder Training] [Autoencoder Loss: 0.6814] [autoencoder lr: 1.65e-04][mem: 1.11e+04](365.9 ms)
INFO:root:[6,   800/ 2562] - [Autoencoder Training] [Autoencoder Loss: 0.6813] [autoencoder lr: 1.65e-04][mem: 1.11e+04](365.9 ms)
INFO:root:[6,   900/ 2562] - [Autoencoder Training] [Autoencoder Loss: 0.6812] [autoencoder lr: 1.66e-04][mem: 1.11e+04](365.9 ms)
INFO:root:[6,  1000/ 2562] - [Autoencoder Training] [Autoencoder Loss: 0.6811] [autoencoder lr: 1.66e-04][mem: 1.11e+04](365.9 ms)
INFO:root:[6,  1100/ 2562] - [Autoencoder Training] [Autoencoder Loss: 0.6810] [autoencoder lr: 1.66e-04][mem: 1.11e+04](365.9 ms)
INFO:root:[6,  1200/ 2562] - [Autoencoder Training] [Autoencoder Loss: 0.6809] [autoencoder lr: 1.66e-04][mem: 1.11e+04](365.9 ms)
INFO:root:[6,  1300/ 2562] - [Autoencoder Training] [Autoencoder Loss: 0.6808] [autoencoder lr: 1.66e-04][mem: 1.11e+04](365.9 ms)
INFO:root:[6,  1400/ 2562] - [Autoencoder Training] [Autoencoder Loss: 0.6807] [autoencoder lr: 1.66e-04][mem: 1.11e+04](365.9 ms)
INFO:root:[6,  1500/ 2562] - [Autoencoder Training] [Autoencoder Loss: 0.6806] [autoencoder lr: 1.66e-04][mem: 1.11e+04](365.9 ms)
INFO:root:[6,  1600/ 2562] - [Autoencoder Training] [Autoencoder Loss: 0.6805] [autoencoder lr: 1.66e-04][mem: 1.11e+04](365.9 ms)
INFO:root:[6,  1700/ 2562] - [Autoencoder Training] [Autoencoder Loss: 0.6804] [autoencoder lr: 1.67e-04][mem: 1.11e+04](365.9 ms)
INFO:root:[6,  1800/ 2562] - [Autoencoder Training] [Autoencoder Loss: 0.6803] [autoencoder lr: 1.67e-04][mem: 1.11e+04](365.9 ms)
INFO:root:[6,  1900/ 2562] - [Autoencoder Training] [Autoencoder Loss: 0.6802] [autoencoder lr: 1.67e-04][mem: 1.11e+04](365.9 ms)
INFO:root:[6,  2000/ 2562] - [Autoencoder Training] [Autoencoder Loss: 0.6801] [autoencoder lr: 1.67e-04][mem: 1.11e+04](365.9 ms)
INFO:root:[6,  2100/ 2562] - [Autoencoder Training] [Autoencoder Loss: 0.6800] [autoencoder lr: 1.67e-04][mem: 1.11e+04](365.9 ms)
INFO:root:[6,  2200/ 2562] - [Autoencoder Training] [Autoencoder Loss: 0.6799] [autoencoder lr: 1.67e-04][mem: 1.11e+04](365.9 ms)
INFO:root:[6,  2300/ 2562] - [Autoencoder Training] [Autoencoder Loss: 0.6798] [autoencoder lr: 1.67e-04][mem: 1.11e+04](365.9 ms)
INFO:root:[6,  2400/ 2562] - [Autoencoder Training] [Autoencoder Loss: 0.6798] [autoencoder lr: 1.67e-04][mem: 1.11e+04](365.9 ms)
INFO:root:[6,  2500/ 2562] - [Autoencoder Training] [Autoencoder Loss: 0.6797] [autoencoder lr: 1.67e-04][mem: 1.11e+04](365.9 ms)
INFO:root: - - Epoch: 7 - - 
INFO:faiss.loader:Loading faiss with AVX2 support.
INFO:faiss.loader:Successfully loaded faiss with AVX2 support.
INFO:faiss.loader:Loading faiss with AVX2 support.
INFO:faiss.loader:Successfully loaded faiss with AVX2 support.
INFO:faiss.loader:Loading faiss with AVX2 support.
INFO:faiss.loader:Successfully loaded faiss with AVX2 support.
INFO:faiss.loader:Loading faiss with AVX2 support.
INFO:faiss.loader:Successfully loaded faiss with AVX2 support.
INFO:faiss.loader:Loading faiss with AVX2 support.
INFO:faiss.loader:Successfully loaded faiss with AVX2 support.
INFO:faiss.loader:Loading faiss with AVX2 support.
INFO:faiss.loader:Successfully loaded faiss with AVX2 support.
INFO:faiss.loader:Loading faiss with AVX2 support.
INFO:faiss.loader:Successfully loaded faiss with AVX2 support.
INFO:faiss.loader:Loading faiss with AVX2 support.
INFO:faiss.loader:Successfully loaded faiss with AVX2 support.
INFO:faiss.loader:Loading faiss with AVX2 support.
INFO:faiss.loader:Successfully loaded faiss with AVX2 support.
INFO:faiss.loader:Loading faiss with AVX2 support.
INFO:faiss.loader:Successfully loaded faiss with AVX2 support.
INFO:faiss.loader:Loading faiss with AVX2 support.
INFO:faiss.loader:Successfully loaded faiss with AVX2 support.
INFO:faiss.loader:Loading faiss with AVX2 support.
INFO:faiss.loader:Successfully loaded faiss with AVX2 support.
INFO:faiss.loader:Loading faiss with AVX2 support.
INFO:faiss.loader:Successfully loaded faiss with AVX2 support.
INFO:faiss.loader:Loading faiss with AVX2 support.
INFO:faiss.loader:Successfully loaded faiss with AVX2 support.
INFO:faiss.loader:Loading faiss with AVX2 support.
INFO:faiss.loader:Successfully loaded faiss with AVX2 support.
INFO:faiss.loader:Loading faiss with AVX2 support.
INFO:faiss.loader:Successfully loaded faiss with AVX2 support.
INFO:root:[7,     0/ 2562] - [Autoencoder Training] [Autoencoder Loss: 0.6796] [autoencoder lr: 1.68e-04][mem: 1.11e+04](365.9 ms)
INFO:root:[7,   100/ 2562] - [Autoencoder Training] [Autoencoder Loss: 0.6795] [autoencoder lr: 1.68e-04][mem: 1.11e+04](365.9 ms)
INFO:root:[7,   200/ 2562] - [Autoencoder Training] [Autoencoder Loss: 0.6794] [autoencoder lr: 1.68e-04][mem: 1.11e+04](365.9 ms)
INFO:root:[7,   300/ 2562] - [Autoencoder Training] [Autoencoder Loss: 0.6794] [autoencoder lr: 1.68e-04][mem: 1.11e+04](365.9 ms)
INFO:root:[7,   400/ 2562] - [Autoencoder Training] [Autoencoder Loss: 0.6793] [autoencoder lr: 1.68e-04][mem: 1.11e+04](365.9 ms)
INFO:root:[7,   500/ 2562] - [Autoencoder Training] [Autoencoder Loss: 0.6792] [autoencoder lr: 1.68e-04][mem: 1.11e+04](365.9 ms)
INFO:root:[7,   600/ 2562] - [Autoencoder Training] [Autoencoder Loss: 0.6791] [autoencoder lr: 1.68e-04][mem: 1.11e+04](365.9 ms)
INFO:root:[7,   700/ 2562] - [Autoencoder Training] [Autoencoder Loss: 0.6791] [autoencoder lr: 1.68e-04][mem: 1.11e+04](365.9 ms)
INFO:root:[7,   800/ 2562] - [Autoencoder Training] [Autoencoder Loss: 0.6790] [autoencoder lr: 1.68e-04][mem: 1.11e+04](365.9 ms)
INFO:root:[7,   900/ 2562] - [Autoencoder Training] [Autoencoder Loss: 0.6789] [autoencoder lr: 1.69e-04][mem: 1.11e+04](365.9 ms)
INFO:root:[7,  1000/ 2562] - [Autoencoder Training] [Autoencoder Loss: 0.6788] [autoencoder lr: 1.69e-04][mem: 1.11e+04](365.9 ms)
INFO:root:[7,  1100/ 2562] - [Autoencoder Training] [Autoencoder Loss: 0.6787] [autoencoder lr: 1.69e-04][mem: 1.11e+04](365.9 ms)
INFO:root:[7,  1200/ 2562] - [Autoencoder Training] [Autoencoder Loss: 0.6787] [autoencoder lr: 1.69e-04][mem: 1.11e+04](365.9 ms)
INFO:root:[7,  1300/ 2562] - [Autoencoder Training] [Autoencoder Loss: 0.6786] [autoencoder lr: 1.69e-04][mem: 1.11e+04](365.9 ms)
INFO:root:[7,  1400/ 2562] - [Autoencoder Training] [Autoencoder Loss: 0.6785] [autoencoder lr: 1.69e-04][mem: 1.11e+04](365.9 ms)
INFO:root:[7,  1500/ 2562] - [Autoencoder Training] [Autoencoder Loss: 0.6785] [autoencoder lr: 1.69e-04][mem: 1.11e+04](365.9 ms)
INFO:root:[7,  1600/ 2562] - [Autoencoder Training] [Autoencoder Loss: 0.6784] [autoencoder lr: 1.69e-04][mem: 1.11e+04](365.9 ms)
INFO:root:[7,  1700/ 2562] - [Autoencoder Training] [Autoencoder Loss: 0.6783] [autoencoder lr: 1.69e-04][mem: 1.11e+04](365.9 ms)
INFO:root:[7,  1800/ 2562] - [Autoencoder Training] [Autoencoder Loss: 0.6782] [autoencoder lr: 1.70e-04][mem: 1.11e+04](365.9 ms)
INFO:root:[7,  1900/ 2562] - [Autoencoder Training] [Autoencoder Loss: 0.6782] [autoencoder lr: 1.70e-04][mem: 1.11e+04](365.9 ms)
INFO:root:[7,  2000/ 2562] - [Autoencoder Training] [Autoencoder Loss: 0.6781] [autoencoder lr: 1.70e-04][mem: 1.11e+04](365.9 ms)
INFO:root:[7,  2100/ 2562] - [Autoencoder Training] [Autoencoder Loss: 0.6780] [autoencoder lr: 1.70e-04][mem: 1.11e+04](365.9 ms)
INFO:root:[7,  2200/ 2562] - [Autoencoder Training] [Autoencoder Loss: 0.6780] [autoencoder lr: 1.70e-04][mem: 1.11e+04](365.9 ms)
INFO:root:[7,  2300/ 2562] - [Autoencoder Training] [Autoencoder Loss: 0.6779] [autoencoder lr: 1.70e-04][mem: 1.11e+04](365.9 ms)
INFO:root:[7,  2400/ 2562] - [Autoencoder Training] [Autoencoder Loss: 0.6778] [autoencoder lr: 1.70e-04][mem: 1.11e+04](365.9 ms)
INFO:root:[7,  2500/ 2562] - [Autoencoder Training] [Autoencoder Loss: 0.6778] [autoencoder lr: 1.70e-04][mem: 1.11e+04](365.9 ms)
INFO:root: - - Epoch: 8 - - 
INFO:faiss.loader:Loading faiss with AVX2 support.
INFO:faiss.loader:Successfully loaded faiss with AVX2 support.
INFO:faiss.loader:Loading faiss with AVX2 support.
INFO:faiss.loader:Successfully loaded faiss with AVX2 support.
INFO:faiss.loader:Loading faiss with AVX2 support.
INFO:faiss.loader:Successfully loaded faiss with AVX2 support.
INFO:faiss.loader:Loading faiss with AVX2 support.
INFO:faiss.loader:Successfully loaded faiss with AVX2 support.
INFO:faiss.loader:Loading faiss with AVX2 support.
INFO:faiss.loader:Successfully loaded faiss with AVX2 support.
INFO:faiss.loader:Loading faiss with AVX2 support.
INFO:faiss.loader:Successfully loaded faiss with AVX2 support.
INFO:faiss.loader:Loading faiss with AVX2 support.
INFO:faiss.loader:Successfully loaded faiss with AVX2 support.
INFO:faiss.loader:Loading faiss with AVX2 support.
INFO:faiss.loader:Successfully loaded faiss with AVX2 support.
INFO:faiss.loader:Loading faiss with AVX2 support.
INFO:faiss.loader:Successfully loaded faiss with AVX2 support.
INFO:faiss.loader:Loading faiss with AVX2 support.
INFO:faiss.loader:Successfully loaded faiss with AVX2 support.
INFO:faiss.loader:Loading faiss with AVX2 support.
INFO:faiss.loader:Successfully loaded faiss with AVX2 support.
INFO:faiss.loader:Loading faiss with AVX2 support.
INFO:faiss.loader:Successfully loaded faiss with AVX2 support.
INFO:faiss.loader:Loading faiss with AVX2 support.
INFO:faiss.loader:Successfully loaded faiss with AVX2 support.
INFO:faiss.loader:Loading faiss with AVX2 support.
INFO:faiss.loader:Successfully loaded faiss with AVX2 support.
INFO:faiss.loader:Loading faiss with AVX2 support.
INFO:faiss.loader:Successfully loaded faiss with AVX2 support.
INFO:faiss.loader:Loading faiss with AVX2 support.
INFO:faiss.loader:Successfully loaded faiss with AVX2 support.
INFO:root:[8,     0/ 2562] - [Autoencoder Training] [Autoencoder Loss: 0.6777] [autoencoder lr: 1.70e-04][mem: 1.11e+04](365.9 ms)
INFO:root:[8,   100/ 2562] - [Autoencoder Training] [Autoencoder Loss: 0.6777] [autoencoder lr: 1.71e-04][mem: 1.11e+04](365.9 ms)
INFO:root:[8,   200/ 2562] - [Autoencoder Training] [Autoencoder Loss: 0.6776] [autoencoder lr: 1.71e-04][mem: 1.11e+04](365.9 ms)
INFO:root:[8,   300/ 2562] - [Autoencoder Training] [Autoencoder Loss: 0.6776] [autoencoder lr: 1.71e-04][mem: 1.11e+04](365.9 ms)
INFO:root:[8,   400/ 2562] - [Autoencoder Training] [Autoencoder Loss: 0.6775] [autoencoder lr: 1.71e-04][mem: 1.11e+04](365.9 ms)
INFO:root:[8,   500/ 2562] - [Autoencoder Training] [Autoencoder Loss: 0.6774] [autoencoder lr: 1.71e-04][mem: 1.11e+04](365.9 ms)
INFO:root:[8,   600/ 2562] - [Autoencoder Training] [Autoencoder Loss: 0.6774] [autoencoder lr: 1.71e-04][mem: 1.11e+04](365.9 ms)
INFO:root:[8,   700/ 2562] - [Autoencoder Training] [Autoencoder Loss: 0.6773] [autoencoder lr: 1.71e-04][mem: 1.11e+04](365.9 ms)
INFO:root:[8,   800/ 2562] - [Autoencoder Training] [Autoencoder Loss: 0.6772] [autoencoder lr: 1.71e-04][mem: 1.11e+04](365.9 ms)
INFO:root:[8,   900/ 2562] - [Autoencoder Training] [Autoencoder Loss: 0.6772] [autoencoder lr: 1.71e-04][mem: 1.11e+04](365.9 ms)
INFO:root:[8,  1000/ 2562] - [Autoencoder Training] [Autoencoder Loss: 0.6771] [autoencoder lr: 1.72e-04][mem: 1.11e+04](365.9 ms)
INFO:root:[8,  1100/ 2562] - [Autoencoder Training] [Autoencoder Loss: 0.6771] [autoencoder lr: 1.72e-04][mem: 1.11e+04](365.9 ms)
INFO:root:[8,  1200/ 2562] - [Autoencoder Training] [Autoencoder Loss: 0.6770] [autoencoder lr: 1.72e-04][mem: 1.11e+04](365.9 ms)
INFO:root:[8,  1300/ 2562] - [Autoencoder Training] [Autoencoder Loss: 0.6770] [autoencoder lr: 1.72e-04][mem: 1.11e+04](365.9 ms)
INFO:root:[8,  1400/ 2562] - [Autoencoder Training] [Autoencoder Loss: 0.6769] [autoencoder lr: 1.72e-04][mem: 1.11e+04](365.9 ms)
INFO:root:[8,  1500/ 2562] - [Autoencoder Training] [Autoencoder Loss: 0.6768] [autoencoder lr: 1.72e-04][mem: 1.11e+04](365.9 ms)
INFO:root:[8,  1600/ 2562] - [Autoencoder Training] [Autoencoder Loss: 0.6768] [autoencoder lr: 1.72e-04][mem: 1.11e+04](365.9 ms)
INFO:root:[8,  1700/ 2562] - [Autoencoder Training] [Autoencoder Loss: 0.6767] [autoencoder lr: 1.72e-04][mem: 1.11e+04](365.9 ms)
INFO:root:[8,  1800/ 2562] - [Autoencoder Training] [Autoencoder Loss: 0.6767] [autoencoder lr: 1.72e-04][mem: 1.11e+04](365.9 ms)
INFO:root:[8,  1900/ 2562] - [Autoencoder Training] [Autoencoder Loss: 0.6766] [autoencoder lr: 1.73e-04][mem: 1.11e+04](365.9 ms)
INFO:root:[8,  2000/ 2562] - [Autoencoder Training] [Autoencoder Loss: 0.6766] [autoencoder lr: 1.73e-04][mem: 1.11e+04](365.9 ms)
INFO:root:[8,  2100/ 2562] - [Autoencoder Training] [Autoencoder Loss: 0.6765] [autoencoder lr: 1.73e-04][mem: 1.11e+04](365.9 ms)
INFO:root:[8,  2200/ 2562] - [Autoencoder Training] [Autoencoder Loss: 0.6765] [autoencoder lr: 1.73e-04][mem: 1.11e+04](365.9 ms)
INFO:root:[8,  2300/ 2562] - [Autoencoder Training] [Autoencoder Loss: 0.6764] [autoencoder lr: 1.73e-04][mem: 1.11e+04](365.9 ms)
INFO:root:[8,  2400/ 2562] - [Autoencoder Training] [Autoencoder Loss: 0.6764] [autoencoder lr: 1.73e-04][mem: 1.11e+04](365.9 ms)
INFO:root:[8,  2500/ 2562] - [Autoencoder Training] [Autoencoder Loss: 0.6763] [autoencoder lr: 1.73e-04][mem: 1.11e+04](365.9 ms)
INFO:root: - - Epoch: 9 - - 
INFO:faiss.loader:Loading faiss with AVX2 support.
INFO:faiss.loader:Successfully loaded faiss with AVX2 support.
INFO:faiss.loader:Loading faiss with AVX2 support.
INFO:faiss.loader:Successfully loaded faiss with AVX2 support.
INFO:faiss.loader:Loading faiss with AVX2 support.
INFO:faiss.loader:Successfully loaded faiss with AVX2 support.
INFO:faiss.loader:Loading faiss with AVX2 support.
INFO:faiss.loader:Successfully loaded faiss with AVX2 support.
INFO:faiss.loader:Loading faiss with AVX2 support.
INFO:faiss.loader:Successfully loaded faiss with AVX2 support.
INFO:faiss.loader:Loading faiss with AVX2 support.
INFO:faiss.loader:Successfully loaded faiss with AVX2 support.
INFO:faiss.loader:Loading faiss with AVX2 support.
INFO:faiss.loader:Successfully loaded faiss with AVX2 support.
INFO:faiss.loader:Loading faiss with AVX2 support.
INFO:faiss.loader:Successfully loaded faiss with AVX2 support.
INFO:faiss.loader:Loading faiss with AVX2 support.
INFO:faiss.loader:Successfully loaded faiss with AVX2 support.
INFO:faiss.loader:Loading faiss with AVX2 support.
INFO:faiss.loader:Successfully loaded faiss with AVX2 support.
INFO:faiss.loader:Loading faiss with AVX2 support.
INFO:faiss.loader:Successfully loaded faiss with AVX2 support.
INFO:faiss.loader:Loading faiss with AVX2 support.
INFO:faiss.loader:Successfully loaded faiss with AVX2 support.
INFO:faiss.loader:Loading faiss with AVX2 support.
INFO:faiss.loader:Successfully loaded faiss with AVX2 support.
INFO:faiss.loader:Loading faiss with AVX2 support.
INFO:faiss.loader:Successfully loaded faiss with AVX2 support.
INFO:faiss.loader:Loading faiss with AVX2 support.
INFO:faiss.loader:Successfully loaded faiss with AVX2 support.
INFO:faiss.loader:Loading faiss with AVX2 support.
INFO:faiss.loader:Successfully loaded faiss with AVX2 support.
INFO:root:[9,     0/ 2562] - [Autoencoder Training] [Autoencoder Loss: 0.6763] [autoencoder lr: 1.73e-04][mem: 1.11e+04](365.9 ms)
INFO:root:[9,   100/ 2562] - [Autoencoder Training] [Autoencoder Loss: 0.6762] [autoencoder lr: 1.73e-04][mem: 1.11e+04](365.9 ms)
INFO:root:[9,   200/ 2562] - [Autoencoder Training] [Autoencoder Loss: 0.6762] [autoencoder lr: 1.74e-04][mem: 1.11e+04](365.9 ms)
INFO:root:[9,   300/ 2562] - [Autoencoder Training] [Autoencoder Loss: 0.6761] [autoencoder lr: 1.74e-04][mem: 1.11e+04](365.9 ms)
INFO:root:[9,   400/ 2562] - [Autoencoder Training] [Autoencoder Loss: 0.6761] [autoencoder lr: 1.74e-04][mem: 1.11e+04](365.9 ms)
INFO:root:[9,   500/ 2562] - [Autoencoder Training] [Autoencoder Loss: 0.6760] [autoencoder lr: 1.74e-04][mem: 1.11e+04](365.9 ms)
INFO:root:[9,   600/ 2562] - [Autoencoder Training] [Autoencoder Loss: 0.6760] [autoencoder lr: 1.74e-04][mem: 1.11e+04](365.9 ms)
INFO:root:[9,   700/ 2562] - [Autoencoder Training] [Autoencoder Loss: 0.6759] [autoencoder lr: 1.74e-04][mem: 1.11e+04](365.9 ms)
INFO:root:[9,   800/ 2562] - [Autoencoder Training] [Autoencoder Loss: 0.6759] [autoencoder lr: 1.74e-04][mem: 1.11e+04](365.9 ms)
INFO:root:[9,   900/ 2562] - [Autoencoder Training] [Autoencoder Loss: 0.6758] [autoencoder lr: 1.74e-04][mem: 1.11e+04](365.9 ms)
INFO:root:[9,  1000/ 2562] - [Autoencoder Training] [Autoencoder Loss: 0.6758] [autoencoder lr: 1.74e-04][mem: 1.11e+04](365.9 ms)
INFO:root:[9,  1100/ 2562] - [Autoencoder Training] [Autoencoder Loss: 0.6757] [autoencoder lr: 1.75e-04][mem: 1.11e+04](365.9 ms)
INFO:root:[9,  1200/ 2562] - [Autoencoder Training] [Autoencoder Loss: 0.6757] [autoencoder lr: 1.75e-04][mem: 1.11e+04](365.9 ms)
INFO:root:[9,  1300/ 2562] - [Autoencoder Training] [Autoencoder Loss: 0.6756] [autoencoder lr: 1.75e-04][mem: 1.11e+04](365.9 ms)
INFO:root:[9,  1400/ 2562] - [Autoencoder Training] [Autoencoder Loss: 0.6756] [autoencoder lr: 1.75e-04][mem: 1.11e+04](365.9 ms)
INFO:root:[9,  1500/ 2562] - [Autoencoder Training] [Autoencoder Loss: 0.6755] [autoencoder lr: 1.75e-04][mem: 1.11e+04](365.9 ms)
INFO:root:[9,  1600/ 2562] - [Autoencoder Training] [Autoencoder Loss: 0.6755] [autoencoder lr: 1.75e-04][mem: 1.11e+04](365.9 ms)
INFO:root:[9,  1700/ 2562] - [Autoencoder Training] [Autoencoder Loss: 0.6754] [autoencoder lr: 1.75e-04][mem: 1.11e+04](365.9 ms)
INFO:root:[9,  1800/ 2562] - [Autoencoder Training] [Autoencoder Loss: 0.6754] [autoencoder lr: 1.75e-04][mem: 1.11e+04](365.9 ms)
INFO:root:[9,  1900/ 2562] - [Autoencoder Training] [Autoencoder Loss: 0.6753] [autoencoder lr: 1.75e-04][mem: 1.11e+04](365.9 ms)
INFO:root:[9,  2000/ 2562] - [Autoencoder Training] [Autoencoder Loss: 0.6753] [autoencoder lr: 1.76e-04][mem: 1.11e+04](365.9 ms)
INFO:root:[9,  2100/ 2562] - [Autoencoder Training] [Autoencoder Loss: 0.6753] [autoencoder lr: 1.76e-04][mem: 1.11e+04](365.9 ms)
INFO:root:[9,  2200/ 2562] - [Autoencoder Training] [Autoencoder Loss: 0.6752] [autoencoder lr: 1.76e-04][mem: 1.11e+04](365.9 ms)
INFO:root:[9,  2300/ 2562] - [Autoencoder Training] [Autoencoder Loss: 0.6752] [autoencoder lr: 1.76e-04][mem: 1.11e+04](365.9 ms)
INFO:root:[9,  2400/ 2562] - [Autoencoder Training] [Autoencoder Loss: 0.6752] [autoencoder lr: 1.76e-04][mem: 1.11e+04](365.9 ms)
INFO:root:[9,  2500/ 2562] - [Autoencoder Training] [Autoencoder Loss: 0.6751] [autoencoder lr: 1.76e-04][mem: 1.11e+04](365.9 ms)
INFO:root: - - Epoch: 10 - - 
INFO:faiss.loader:Loading faiss with AVX2 support.
INFO:faiss.loader:Successfully loaded faiss with AVX2 support.
INFO:faiss.loader:Loading faiss with AVX2 support.
INFO:faiss.loader:Successfully loaded faiss with AVX2 support.
INFO:faiss.loader:Loading faiss with AVX2 support.
INFO:faiss.loader:Successfully loaded faiss with AVX2 support.
INFO:faiss.loader:Loading faiss with AVX2 support.
INFO:faiss.loader:Successfully loaded faiss with AVX2 support.
INFO:faiss.loader:Loading faiss with AVX2 support.
INFO:faiss.loader:Successfully loaded faiss with AVX2 support.
INFO:faiss.loader:Loading faiss with AVX2 support.
INFO:faiss.loader:Successfully loaded faiss with AVX2 support.
INFO:faiss.loader:Loading faiss with AVX2 support.
INFO:faiss.loader:Successfully loaded faiss with AVX2 support.
INFO:faiss.loader:Loading faiss with AVX2 support.
INFO:faiss.loader:Successfully loaded faiss with AVX2 support.
INFO:faiss.loader:Loading faiss with AVX2 support.
INFO:faiss.loader:Successfully loaded faiss with AVX2 support.
INFO:faiss.loader:Loading faiss with AVX2 support.
INFO:faiss.loader:Successfully loaded faiss with AVX2 support.
INFO:faiss.loader:Loading faiss with AVX2 support.
INFO:faiss.loader:Successfully loaded faiss with AVX2 support.
INFO:faiss.loader:Loading faiss with AVX2 support.
INFO:faiss.loader:Successfully loaded faiss with AVX2 support.
INFO:faiss.loader:Loading faiss with AVX2 support.
INFO:faiss.loader:Successfully loaded faiss with AVX2 support.
INFO:faiss.loader:Loading faiss with AVX2 support.
INFO:faiss.loader:Successfully loaded faiss with AVX2 support.
INFO:faiss.loader:Loading faiss with AVX2 support.
INFO:faiss.loader:Successfully loaded faiss with AVX2 support.
INFO:faiss.loader:Loading faiss with AVX2 support.
INFO:faiss.loader:Successfully loaded faiss with AVX2 support.
INFO:root:[10,     0/ 2562] - [Autoencoder Training] [Autoencoder Loss: 0.6751] [autoencoder lr: 1.76e-04][mem: 1.11e+04](365.9 ms)
INFO:root:[10,   100/ 2562] - [Autoencoder Training] [Autoencoder Loss: 0.6750] [autoencoder lr: 1.76e-04][mem: 1.11e+04](365.9 ms)
INFO:root:[10,   200/ 2562] - [Autoencoder Training] [Autoencoder Loss: 0.6750] [autoencoder lr: 1.76e-04][mem: 1.11e+04](365.9 ms)
INFO:root:[10,   300/ 2562] - [Autoencoder Training] [Autoencoder Loss: 0.6750] [autoencoder lr: 1.77e-04][mem: 1.11e+04](365.9 ms)
INFO:root:[10,   400/ 2562] - [Autoencoder Training] [Autoencoder Loss: 0.6749] [autoencoder lr: 1.77e-04][mem: 1.11e+04](365.9 ms)
INFO:root:[10,   500/ 2562] - [Autoencoder Training] [Autoencoder Loss: 0.6749] [autoencoder lr: 1.77e-04][mem: 1.11e+04](365.9 ms)
INFO:root:[10,   600/ 2562] - [Autoencoder Training] [Autoencoder Loss: 0.6748] [autoencoder lr: 1.77e-04][mem: 1.11e+04](365.9 ms)
INFO:root:[10,   700/ 2562] - [Autoencoder Training] [Autoencoder Loss: 0.6748] [autoencoder lr: 1.77e-04][mem: 1.11e+04](365.9 ms)
INFO:root:[10,   800/ 2562] - [Autoencoder Training] [Autoencoder Loss: 0.6748] [autoencoder lr: 1.77e-04][mem: 1.11e+04](365.9 ms)
INFO:root:[10,   900/ 2562] - [Autoencoder Training] [Autoencoder Loss: 0.6747] [autoencoder lr: 1.77e-04][mem: 1.11e+04](365.9 ms)
INFO:root:[10,  1000/ 2562] - [Autoencoder Training] [Autoencoder Loss: 0.6747] [autoencoder lr: 1.77e-04][mem: 1.11e+04](365.9 ms)
INFO:root:[10,  1100/ 2562] - [Autoencoder Training] [Autoencoder Loss: 0.6746] [autoencoder lr: 1.78e-04][mem: 1.11e+04](365.9 ms)
INFO:root:[10,  1200/ 2562] - [Autoencoder Training] [Autoencoder Loss: 0.6746] [autoencoder lr: 1.78e-04][mem: 1.11e+04](365.9 ms)
INFO:root:[10,  1300/ 2562] - [Autoencoder Training] [Autoencoder Loss: 0.6746] [autoencoder lr: 1.78e-04][mem: 1.11e+04](365.9 ms)
INFO:root:[10,  1400/ 2562] - [Autoencoder Training] [Autoencoder Loss: 0.6745] [autoencoder lr: 1.78e-04][mem: 1.11e+04](365.9 ms)
INFO:root:[10,  1500/ 2562] - [Autoencoder Training] [Autoencoder Loss: 0.6745] [autoencoder lr: 1.78e-04][mem: 1.11e+04](365.9 ms)
INFO:root:[10,  1600/ 2562] - [Autoencoder Training] [Autoencoder Loss: 0.6745] [autoencoder lr: 1.78e-04][mem: 1.11e+04](365.9 ms)
INFO:root:[10,  1700/ 2562] - [Autoencoder Training] [Autoencoder Loss: 0.6744] [autoencoder lr: 1.78e-04][mem: 1.11e+04](365.9 ms)
INFO:root:[10,  1800/ 2562] - [Autoencoder Training] [Autoencoder Loss: 0.6744] [autoencoder lr: 1.78e-04][mem: 1.11e+04](365.9 ms)
INFO:root:[10,  1900/ 2562] - [Autoencoder Training] [Autoencoder Loss: 0.6743] [autoencoder lr: 1.78e-04][mem: 1.11e+04](365.9 ms)
INFO:root:[10,  2000/ 2562] - [Autoencoder Training] [Autoencoder Loss: 0.6743] [autoencoder lr: 1.79e-04][mem: 1.11e+04](365.9 ms)
INFO:root:[10,  2100/ 2562] - [Autoencoder Training] [Autoencoder Loss: 0.6743] [autoencoder lr: 1.79e-04][mem: 1.11e+04](366.0 ms)
INFO:root:[10,  2200/ 2562] - [Autoencoder Training] [Autoencoder Loss: 0.6742] [autoencoder lr: 1.79e-04][mem: 1.11e+04](366.0 ms)
INFO:root:[10,  2300/ 2562] - [Autoencoder Training] [Autoencoder Loss: 0.6742] [autoencoder lr: 1.79e-04][mem: 1.11e+04](366.0 ms)
INFO:root:[10,  2400/ 2562] - [Autoencoder Training] [Autoencoder Loss: 0.6742] [autoencoder lr: 1.79e-04][mem: 1.11e+04](366.0 ms)
INFO:root:[10,  2500/ 2562] - [Autoencoder Training] [Autoencoder Loss: 0.6741] [autoencoder lr: 1.79e-04][mem: 1.11e+04](366.0 ms)
INFO:root:Initializing centroids...
INFO:root:Update Step...
/home/rtcalumby/miniconda3/envs/py382/lib/python3.12/site-packages/faiss/contrib/torch_utils.py:51: UserWarning: TypedStorage is deprecated. It will be removed in the future and UntypedStorage will be the only storage class. This should only matter to you if you are using storages directly.  To access UntypedStorage directly, use tensor.untyped_storage() instead of tensor.storage()
  x.storage().data_ptr() + x.storage_offset() * 4)
INFO:root:Epoch 1
INFO:faiss.loader:Loading faiss with AVX2 support.
INFO:faiss.loader:Successfully loaded faiss with AVX2 support.
INFO:faiss.loader:Loading faiss with AVX2 support.
INFO:faiss.loader:Successfully loaded faiss with AVX2 support.
INFO:faiss.loader:Loading faiss with AVX2 support.
INFO:faiss.loader:Successfully loaded faiss with AVX2 support.
INFO:faiss.loader:Loading faiss with AVX2 support.
INFO:faiss.loader:Successfully loaded faiss with AVX2 support.
INFO:faiss.loader:Loading faiss with AVX2 support.
INFO:faiss.loader:Successfully loaded faiss with AVX2 support.
INFO:faiss.loader:Loading faiss with AVX2 support.
INFO:faiss.loader:Successfully loaded faiss with AVX2 support.
INFO:faiss.loader:Loading faiss with AVX2 support.
INFO:faiss.loader:Successfully loaded faiss with AVX2 support.
INFO:faiss.loader:Loading faiss with AVX2 support.
INFO:faiss.loader:Successfully loaded faiss with AVX2 support.
INFO:faiss.loader:Loading faiss with AVX2 support.
INFO:faiss.loader:Successfully loaded faiss with AVX2 support.
INFO:faiss.loader:Loading faiss with AVX2 support.
INFO:faiss.loader:Successfully loaded faiss with AVX2 support.
INFO:faiss.loader:Loading faiss with AVX2 support.
INFO:faiss.loader:Successfully loaded faiss with AVX2 support.
INFO:faiss.loader:Loading faiss with AVX2 support.
INFO:faiss.loader:Successfully loaded faiss with AVX2 support.
INFO:faiss.loader:Loading faiss with AVX2 support.
INFO:faiss.loader:Successfully loaded faiss with AVX2 support.
INFO:faiss.loader:Loading faiss with AVX2 support.
INFO:faiss.loader:Successfully loaded faiss with AVX2 support.
INFO:faiss.loader:Loading faiss with AVX2 support.
INFO:faiss.loader:Successfully loaded faiss with AVX2 support.
INFO:faiss.loader:Loading faiss with AVX2 support.
INFO:faiss.loader:Successfully loaded faiss with AVX2 support.
INFO:root:[1,     0/ 2562] - train_losses - Parent Class: 6.9856 - Children class: 8.3736 -Autoencoder Loss (total): 264.5528 - Reconstruction/K-Means Loss: [0.6742 / 263.8786] - Consistency Loss: [0.0000] - VICReg Loss: [0.0000][wd: 5.00e-02] [lr: 9.00e-04] [autoencoder lr: 1.79e-04][mem: 6.57e+04] (1878.0 ms)
INFO:root:[1,     0] grad_stats: [4.23e-03 7.72e-02] (5.23e-10, 9.54e+00)
terminate called without an active exception
Process Process-1:
Traceback (most recent call last):
  File "/home/rtcalumby/miniconda3/envs/py382/lib/python3.12/multiprocessing/process.py", line 314, in _bootstrap
    self.run()
  File "/home/rtcalumby/miniconda3/envs/py382/lib/python3.12/multiprocessing/process.py", line 108, in run
    self._target(*self._args, **self._kwargs)
  File "/home/rtcalumby/adam/luciano/LifeCLEFPlant2022/DeepCluster/main_FGDCC.py", line 52, in process_main
    app_main(args=params)
  File "/home/rtcalumby/adam/luciano/LifeCLEFPlant2022/DeepCluster/engine_FGDCC.py", line 720, in main
    (loss, k_means_loss, ae_lr, _new_lr, _new_wd, grad_stats, bottleneck_output), etime = gpu_timer(train_step)
                                                                                          ^^^^^^^^^^^^^^^^^^^^^
  File "/home/rtcalumby/adam/luciano/LifeCLEFPlant2022/DeepCluster/src/utils/logging.py", line 21, in gpu_timer
    result = closure()
             ^^^^^^^^^
  File "/home/rtcalumby/adam/luciano/LifeCLEFPlant2022/DeepCluster/engine_FGDCC.py", line 623, in train_step
    parent_logits, subclass_logits, subclass_proj_embed = fgdcc(imgs, device)
                                                          ^^^^^^^^^^^^^^^^^^^
  File "/home/rtcalumby/miniconda3/envs/py382/lib/python3.12/site-packages/torch/nn/modules/module.py", line 1532, in _wrapped_call_impl
    return self._call_impl(*args, **kwargs)
           ^^^^^^^^^^^^^^^^^^^^^^^^^^^^^^^^
  File "/home/rtcalumby/miniconda3/envs/py382/lib/python3.12/site-packages/torch/nn/modules/module.py", line 1541, in _call_impl
    return forward_call(*args, **kwargs)
           ^^^^^^^^^^^^^^^^^^^^^^^^^^^^^
  File "/home/rtcalumby/miniconda3/envs/py382/lib/python3.12/site-packages/torch/nn/parallel/distributed.py", line 1589, in forward
    inputs, kwargs = self._pre_forward(*inputs, **kwargs)
                     ^^^^^^^^^^^^^^^^^^^^^^^^^^^^^^^^^^^^
  File "/home/rtcalumby/miniconda3/envs/py382/lib/python3.12/site-packages/torch/nn/parallel/distributed.py", line 1480, in _pre_forward
    if torch.is_grad_enabled() and self.reducer._rebuild_buckets():
                                   ^^^^^^^^^^^^^^^^^^^^^^^^^^^^^^^
RuntimeError: Expected to have finished reduction in the prior iteration before starting a new one. This error indicates that your module has parameters that were not used in producing loss. You can enable unused parameter detection by passing the keyword argument `find_unused_parameters=True` to `torch.nn.parallel.DistributedDataParallel`, and by 
making sure all `forward` function outputs participate in calculating loss. 
If you already have done the above, then the distributed data parallel module wasn't able to locate the output tensors in the return value of your module's `forward` function. Please include the loss function and the structure of the return value of `forward` of your module when reporting this issue (e.g. list, dict, iterable).
Parameters which did not receive grad for rank 0: classifier.subclass_feature_selection.bias, classifier.subclass_feature_selection.weight, classifier.parent_feature_selection.bias, classifier.parent_feature_selection.weight
Parameter indices which did not receive grad for rank 0: 403 404 405 406
