INFO:faiss.loader:Loading faiss with AVX2 support.
INFO:faiss.loader:Successfully loaded faiss with AVX2 support.
INFO:faiss.loader:Loading faiss with AVX2 support.
INFO:faiss.loader:Successfully loaded faiss with AVX2 support.
INFO:root:called-params configs/in1k_vith14_ep300_FGDCC.yaml
INFO:root:loaded params...
{   'data': {   'batch_size': 96,
                'color_jitter_strength': 0.0,
                'crop_scale': [0.3, 1.0],
                'crop_size': 224,
                'cutmix': 0.0,
                'drop_path': 0.25,
                'image_folder': '/home/rtcalumby/adam/luciano/plantnet_300K/',
                'mixup': 0.0,
                'nb_classes': 1081,
                'num_workers': 16,
                'pin_mem': True,
                'reprob': 0.25,
                'resume_epoch': 0,
                'root_path': '/home/rtcalumby/adam/luciano/',
                'use_color_distortion': False,
                'use_gaussian_blur': False,
                'use_horizontal_flip': False},
    'logging': {   'folder': '/home/rtcalumby/adam/luciano/LifeCLEFPlant2022/logs/PlantNet300k_exp44',
                   'write_tag': 'jepa'},
    'mask': {   'allow_overlap': False,
                'aspect_ratio': [0.75, 1.5],
                'enc_mask_scale': [0.85, 1.0],
                'min_keep': 10,
                'num_enc_masks': 1,
                'num_pred_masks': 4,
                'patch_size': 14,
                'pred_mask_scale': [0.15, 0.2]},
    'meta': {   'copy_data': False,
                'load_checkpoint': True,
                'model_name': 'vit_huge',
                'pred_depth': 12,
                'pred_emb_dim': 384,
                'read_checkpoint': None,
                'use_bfloat16': True},
    'optimization': {   'ema': [0.9, 0.999],
                        'epochs': 50,
                        'final_lr': 1e-05,
                        'final_weight_decay': 0.4,
                        'ipe_scale': 1.0,
                        'label_smoothing': 0.1,
                        'lr': 0.00035,
                        'start_lr': 9e-05,
                        'warmup': 35,
                        'weight_decay': 0.05}}
INFO:root:Running... (rank: 0/1)
INFO:root:Initialized (rank/world-size) 0/1
INFO:root:making imagenet data transforms
INFO:root:making imagenet data transforms
INFO:root:Finetuning dataset created
Training dataset, length: 245952
INFO:root:Finetuning dataset created
Val dataset, length: 31200
INFO:root:Using AdamW
['encoder', 'predictor', 'opt', 'scaler', 'target_encoder', 'epoch', 'loss', 'batch_size', 'world_size', 'lr']
INFO:root:loaded pretrained encoder from epoch 66 with msg: <All keys matched successfully>
INFO:root:VisionTransformerAutoEncoder(
  (encoder): Sequential(
    (0): Linear(in_features=1280, out_features=1024, bias=True)
    (1): GELU(approximate='none')
    (2): Block(
      (norm1): LayerNorm((1024,), eps=1e-05, elementwise_affine=True)
      (attn): Attention(
        (qkv): Linear(in_features=1024, out_features=3072, bias=False)
        (attn_drop): Dropout(p=0.0, inplace=False)
        (proj): Linear(in_features=1024, out_features=1024, bias=True)
        (proj_drop): Dropout(p=0.25, inplace=False)
      )
      (drop_path): Identity()
      (norm2): LayerNorm((1024,), eps=1e-05, elementwise_affine=True)
      (mlp): MLP(
        (fc1): Linear(in_features=1024, out_features=4096, bias=True)
        (act): GELU(approximate='none')
        (fc2): Linear(in_features=4096, out_features=1024, bias=True)
        (drop): Dropout(p=0.25, inplace=False)
      )
    )
    (3): Linear(in_features=1024, out_features=768, bias=True)
  )
  (decoder): Sequential(
    (0): Linear(in_features=768, out_features=1024, bias=True)
    (1): GELU(approximate='none')
    (2): Block(
      (norm1): LayerNorm((1024,), eps=1e-05, elementwise_affine=True)
      (attn): Attention(
        (qkv): Linear(in_features=1024, out_features=3072, bias=False)
        (attn_drop): Dropout(p=0.0, inplace=False)
        (proj): Linear(in_features=1024, out_features=1024, bias=True)
        (proj_drop): Dropout(p=0.25, inplace=False)
      )
      (drop_path): Identity()
      (norm2): LayerNorm((1024,), eps=1e-05, elementwise_affine=True)
      (mlp): MLP(
        (fc1): Linear(in_features=1024, out_features=4096, bias=True)
        (act): GELU(approximate='none')
        (fc2): Linear(in_features=4096, out_features=1024, bias=True)
        (drop): Dropout(p=0.25, inplace=False)
      )
    )
    (3): Linear(in_features=1024, out_features=1280, bias=True)
  )
)
INFO:root:PairedCrossAttentionClassifier(
  (act): GELU(approximate='none')
  (subclass_proj): Block(
    (norm1): LayerNorm((1280,), eps=1e-05, elementwise_affine=True)
    (attn): Attention(
      (qkv): Linear(in_features=1280, out_features=3840, bias=False)
      (attn_drop): Dropout(p=0.0, inplace=False)
      (proj): Linear(in_features=1280, out_features=1280, bias=True)
      (proj_drop): Dropout(p=0.2, inplace=False)
    )
    (drop_path): Identity()
    (norm2): LayerNorm((1280,), eps=1e-05, elementwise_affine=True)
    (mlp): MLP(
      (fc1): Linear(in_features=1280, out_features=5120, bias=True)
      (act): GELU(approximate='none')
      (fc2): Linear(in_features=5120, out_features=1280, bias=True)
      (drop): Dropout(p=0.2, inplace=False)
    )
  )
  (parent_cross_attention): MultiHeadCrossAttention(
    (query): Linear(in_features=1280, out_features=1280, bias=True)
    (key): Linear(in_features=1280, out_features=1280, bias=True)
    (value): Linear(in_features=1280, out_features=1280, bias=True)
  )
  (parent_classifier): Linear(in_features=1280, out_features=1081, bias=True)
  (subclass_classifier): Linear(in_features=1280, out_features=4324, bias=True)
  (head_drop): Dropout(p=0.25, inplace=False)
)
INFO:root:Using AdamW
INFO:root:VisionTransformer(
  (patch_embed): PatchEmbed(
    (proj): Conv2d(3, 1280, kernel_size=(14, 14), stride=(14, 14))
  )
  (blocks): ModuleList(
    (0-31): 32 x Block(
      (norm1): LayerNorm((1280,), eps=1e-06, elementwise_affine=True)
      (attn): Attention(
        (qkv): Linear(in_features=1280, out_features=3840, bias=True)
        (attn_drop): Dropout(p=0.0, inplace=False)
        (proj): Linear(in_features=1280, out_features=1280, bias=True)
        (proj_drop): Dropout(p=0.0, inplace=False)
      )
      (drop_path): Identity()
      (norm2): LayerNorm((1280,), eps=1e-06, elementwise_affine=True)
      (mlp): MLP(
        (fc1): Linear(in_features=1280, out_features=5120, bias=True)
        (act): GELU(approximate='none')
        (fc2): Linear(in_features=5120, out_features=1280, bias=True)
        (drop): Dropout(p=0.0, inplace=False)
      )
    )
  )
  (norm): LayerNorm((1280,), eps=1e-06, elementwise_affine=True)
)
INFO:root:Autoencoder Training...
INFO:root: - - Epoch: 1 - - 
INFO:faiss.loader:Loading faiss with AVX2 support.
INFO:faiss.loader:Successfully loaded faiss with AVX2 support.
INFO:faiss.loader:Loading faiss with AVX2 support.
INFO:faiss.loader:Successfully loaded faiss with AVX2 support.
INFO:faiss.loader:Loading faiss with AVX2 support.
INFO:faiss.loader:Successfully loaded faiss with AVX2 support.
INFO:faiss.loader:Loading faiss with AVX2 support.
INFO:faiss.loader:Successfully loaded faiss with AVX2 support.
INFO:faiss.loader:Loading faiss with AVX2 support.
INFO:faiss.loader:Successfully loaded faiss with AVX2 support.
INFO:faiss.loader:Loading faiss with AVX2 support.
INFO:faiss.loader:Successfully loaded faiss with AVX2 support.
INFO:faiss.loader:Loading faiss with AVX2 support.
INFO:faiss.loader:Successfully loaded faiss with AVX2 support.
INFO:faiss.loader:Loading faiss with AVX2 support.
INFO:faiss.loader:Successfully loaded faiss with AVX2 support.
INFO:faiss.loader:Loading faiss with AVX2 support.
INFO:faiss.loader:Successfully loaded faiss with AVX2 support.
INFO:faiss.loader:Loading faiss with AVX2 support.
INFO:faiss.loader:Successfully loaded faiss with AVX2 support.
INFO:faiss.loader:Loading faiss with AVX2 support.
INFO:faiss.loader:Successfully loaded faiss with AVX2 support.
INFO:faiss.loader:Loading faiss with AVX2 support.
INFO:faiss.loader:Successfully loaded faiss with AVX2 support.
INFO:faiss.loader:Loading faiss with AVX2 support.
INFO:faiss.loader:Successfully loaded faiss with AVX2 support.
INFO:faiss.loader:Loading faiss with AVX2 support.
INFO:faiss.loader:Successfully loaded faiss with AVX2 support.
INFO:faiss.loader:Loading faiss with AVX2 support.
INFO:faiss.loader:Successfully loaded faiss with AVX2 support.
INFO:faiss.loader:Loading faiss with AVX2 support.
INFO:faiss.loader:Successfully loaded faiss with AVX2 support.
INFO:root:[1,     0/ 2562] - [Autoencoder Training] [Autoencoder Loss: 2.0105] [autoencoder lr: 8.50e-05][mem: 1.05e+04](2040.4 ms)
INFO:root:[1,   100/ 2562] - [Autoencoder Training] [Autoencoder Loss: 1.1989] [autoencoder lr: 8.53e-05][mem: 1.11e+04](379.6 ms)
INFO:root:[1,   200/ 2562] - [Autoencoder Training] [Autoencoder Loss: 1.0786] [autoencoder lr: 8.55e-05][mem: 1.11e+04](371.2 ms)
INFO:root:[1,   300/ 2562] - [Autoencoder Training] [Autoencoder Loss: 1.0162] [autoencoder lr: 8.58e-05][mem: 1.11e+04](368.6 ms)
INFO:root:[1,   400/ 2562] - [Autoencoder Training] [Autoencoder Loss: 0.9765] [autoencoder lr: 8.60e-05][mem: 1.11e+04](367.4 ms)
INFO:root:[1,   500/ 2562] - [Autoencoder Training] [Autoencoder Loss: 0.9480] [autoencoder lr: 8.63e-05][mem: 1.11e+04](366.6 ms)
INFO:root:[1,   600/ 2562] - [Autoencoder Training] [Autoencoder Loss: 0.9260] [autoencoder lr: 8.65e-05][mem: 1.11e+04](366.2 ms)
INFO:root:[1,   700/ 2562] - [Autoencoder Training] [Autoencoder Loss: 0.9087] [autoencoder lr: 8.68e-05][mem: 1.11e+04](365.8 ms)
INFO:root:[1,   800/ 2562] - [Autoencoder Training] [Autoencoder Loss: 0.8943] [autoencoder lr: 8.70e-05][mem: 1.11e+04](365.5 ms)
INFO:root:[1,   900/ 2562] - [Autoencoder Training] [Autoencoder Loss: 0.8825] [autoencoder lr: 8.73e-05][mem: 1.11e+04](365.3 ms)
INFO:root:[1,  1000/ 2562] - [Autoencoder Training] [Autoencoder Loss: 0.8721] [autoencoder lr: 8.76e-05][mem: 1.11e+04](365.1 ms)
INFO:root:[1,  1100/ 2562] - [Autoencoder Training] [Autoencoder Loss: 0.8631] [autoencoder lr: 8.78e-05][mem: 1.11e+04](365.0 ms)
INFO:root:[1,  1200/ 2562] - [Autoencoder Training] [Autoencoder Loss: 0.8552] [autoencoder lr: 8.81e-05][mem: 1.11e+04](364.8 ms)
INFO:root:[1,  1300/ 2562] - [Autoencoder Training] [Autoencoder Loss: 0.8479] [autoencoder lr: 8.83e-05][mem: 1.11e+04](364.7 ms)
INFO:root:[1,  1400/ 2562] - [Autoencoder Training] [Autoencoder Loss: 0.8414] [autoencoder lr: 8.86e-05][mem: 1.11e+04](364.6 ms)
INFO:root:[1,  1500/ 2562] - [Autoencoder Training] [Autoencoder Loss: 0.8355] [autoencoder lr: 8.88e-05][mem: 1.11e+04](364.5 ms)
INFO:root:[1,  1600/ 2562] - [Autoencoder Training] [Autoencoder Loss: 0.8301] [autoencoder lr: 8.91e-05][mem: 1.11e+04](364.4 ms)
INFO:root:[1,  1700/ 2562] - [Autoencoder Training] [Autoencoder Loss: 0.8253] [autoencoder lr: 8.93e-05][mem: 1.11e+04](364.4 ms)
INFO:root:[1,  1800/ 2562] - [Autoencoder Training] [Autoencoder Loss: 0.8208] [autoencoder lr: 8.96e-05][mem: 1.11e+04](364.3 ms)
INFO:root:[1,  1900/ 2562] - [Autoencoder Training] [Autoencoder Loss: 0.8166] [autoencoder lr: 8.98e-05][mem: 1.11e+04](364.2 ms)
INFO:root:[1,  2000/ 2562] - [Autoencoder Training] [Autoencoder Loss: 0.8129] [autoencoder lr: 9.01e-05][mem: 1.11e+04](364.2 ms)
INFO:root:[1,  2100/ 2562] - [Autoencoder Training] [Autoencoder Loss: 0.8093] [autoencoder lr: 9.04e-05][mem: 1.11e+04](364.1 ms)
INFO:root:[1,  2200/ 2562] - [Autoencoder Training] [Autoencoder Loss: 0.8060] [autoencoder lr: 9.06e-05][mem: 1.11e+04](364.1 ms)
INFO:root:[1,  2300/ 2562] - [Autoencoder Training] [Autoencoder Loss: 0.8029] [autoencoder lr: 9.09e-05][mem: 1.11e+04](364.0 ms)
INFO:root:[1,  2400/ 2562] - [Autoencoder Training] [Autoencoder Loss: 0.8000] [autoencoder lr: 9.11e-05][mem: 1.11e+04](364.0 ms)
INFO:root:[1,  2500/ 2562] - [Autoencoder Training] [Autoencoder Loss: 0.7974] [autoencoder lr: 9.14e-05][mem: 1.11e+04](364.0 ms)
INFO:root: - - Epoch: 2 - - 
INFO:faiss.loader:Loading faiss with AVX2 support.
INFO:faiss.loader:Successfully loaded faiss with AVX2 support.
INFO:faiss.loader:Loading faiss with AVX2 support.
INFO:faiss.loader:Successfully loaded faiss with AVX2 support.
INFO:faiss.loader:Loading faiss with AVX2 support.
INFO:faiss.loader:Successfully loaded faiss with AVX2 support.
INFO:faiss.loader:Loading faiss with AVX2 support.
INFO:faiss.loader:Successfully loaded faiss with AVX2 support.
INFO:faiss.loader:Loading faiss with AVX2 support.
INFO:faiss.loader:Successfully loaded faiss with AVX2 support.
INFO:faiss.loader:Loading faiss with AVX2 support.
INFO:faiss.loader:Successfully loaded faiss with AVX2 support.
INFO:faiss.loader:Loading faiss with AVX2 support.
INFO:faiss.loader:Successfully loaded faiss with AVX2 support.
INFO:faiss.loader:Loading faiss with AVX2 support.
INFO:faiss.loader:Successfully loaded faiss with AVX2 support.
INFO:faiss.loader:Loading faiss with AVX2 support.
INFO:faiss.loader:Successfully loaded faiss with AVX2 support.
INFO:faiss.loader:Loading faiss with AVX2 support.
INFO:faiss.loader:Successfully loaded faiss with AVX2 support.
INFO:faiss.loader:Loading faiss with AVX2 support.
INFO:faiss.loader:Successfully loaded faiss with AVX2 support.
INFO:faiss.loader:Loading faiss with AVX2 support.
INFO:faiss.loader:Successfully loaded faiss with AVX2 support.
INFO:faiss.loader:Loading faiss with AVX2 support.
INFO:faiss.loader:Successfully loaded faiss with AVX2 support.
INFO:faiss.loader:Loading faiss with AVX2 support.
INFO:faiss.loader:Successfully loaded faiss with AVX2 support.
INFO:faiss.loader:Loading faiss with AVX2 support.
INFO:faiss.loader:Successfully loaded faiss with AVX2 support.
INFO:faiss.loader:Loading faiss with AVX2 support.
INFO:faiss.loader:Successfully loaded faiss with AVX2 support.
INFO:root:[2,     0/ 2562] - [Autoencoder Training] [Autoencoder Loss: 0.7958] [autoencoder lr: 9.15e-05][mem: 1.11e+04](363.9 ms)
INFO:root:[2,   100/ 2562] - [Autoencoder Training] [Autoencoder Loss: 0.7933] [autoencoder lr: 9.18e-05][mem: 1.11e+04](363.8 ms)
INFO:root:[2,   200/ 2562] - [Autoencoder Training] [Autoencoder Loss: 0.7910] [autoencoder lr: 9.20e-05][mem: 1.11e+04](363.8 ms)
INFO:root:[2,   300/ 2562] - [Autoencoder Training] [Autoencoder Loss: 0.7888] [autoencoder lr: 9.23e-05][mem: 1.11e+04](363.7 ms)
INFO:root:[2,   400/ 2562] - [Autoencoder Training] [Autoencoder Loss: 0.7867] [autoencoder lr: 9.26e-05][mem: 1.11e+04](363.7 ms)
INFO:root:[2,   500/ 2562] - [Autoencoder Training] [Autoencoder Loss: 0.7847] [autoencoder lr: 9.28e-05][mem: 1.11e+04](363.7 ms)
INFO:root:[2,   600/ 2562] - [Autoencoder Training] [Autoencoder Loss: 0.7829] [autoencoder lr: 9.31e-05][mem: 1.11e+04](363.7 ms)
INFO:root:[2,   700/ 2562] - [Autoencoder Training] [Autoencoder Loss: 0.7811] [autoencoder lr: 9.33e-05][mem: 1.11e+04](363.7 ms)
INFO:root:[2,   800/ 2562] - [Autoencoder Training] [Autoencoder Loss: 0.7794] [autoencoder lr: 9.36e-05][mem: 1.11e+04](363.7 ms)
INFO:root:[2,   900/ 2562] - [Autoencoder Training] [Autoencoder Loss: 0.7778] [autoencoder lr: 9.38e-05][mem: 1.11e+04](363.7 ms)
INFO:root:[2,  1000/ 2562] - [Autoencoder Training] [Autoencoder Loss: 0.7763] [autoencoder lr: 9.41e-05][mem: 1.11e+04](363.7 ms)
INFO:root:[2,  1100/ 2562] - [Autoencoder Training] [Autoencoder Loss: 0.7749] [autoencoder lr: 9.43e-05][mem: 1.11e+04](363.7 ms)
INFO:root:[2,  1200/ 2562] - [Autoencoder Training] [Autoencoder Loss: 0.7735] [autoencoder lr: 9.46e-05][mem: 1.11e+04](363.7 ms)
INFO:root:[2,  1300/ 2562] - [Autoencoder Training] [Autoencoder Loss: 0.7721] [autoencoder lr: 9.49e-05][mem: 1.11e+04](363.7 ms)
INFO:root:[2,  1400/ 2562] - [Autoencoder Training] [Autoencoder Loss: 0.7709] [autoencoder lr: 9.51e-05][mem: 1.11e+04](363.7 ms)
INFO:root:[2,  1500/ 2562] - [Autoencoder Training] [Autoencoder Loss: 0.7696] [autoencoder lr: 9.54e-05][mem: 1.11e+04](363.7 ms)
INFO:root:[2,  1600/ 2562] - [Autoencoder Training] [Autoencoder Loss: 0.7684] [autoencoder lr: 9.56e-05][mem: 1.11e+04](363.7 ms)
INFO:root:[2,  1700/ 2562] - [Autoencoder Training] [Autoencoder Loss: 0.7673] [autoencoder lr: 9.59e-05][mem: 1.11e+04](363.7 ms)
INFO:root:[2,  1800/ 2562] - [Autoencoder Training] [Autoencoder Loss: 0.7662] [autoencoder lr: 9.61e-05][mem: 1.11e+04](363.7 ms)
INFO:root:[2,  1900/ 2562] - [Autoencoder Training] [Autoencoder Loss: 0.7651] [autoencoder lr: 9.64e-05][mem: 1.11e+04](363.7 ms)
INFO:root:[2,  2000/ 2562] - [Autoencoder Training] [Autoencoder Loss: 0.7641] [autoencoder lr: 9.66e-05][mem: 1.11e+04](363.6 ms)
INFO:root:[2,  2100/ 2562] - [Autoencoder Training] [Autoencoder Loss: 0.7631] [autoencoder lr: 9.69e-05][mem: 1.11e+04](363.6 ms)
INFO:root:[2,  2200/ 2562] - [Autoencoder Training] [Autoencoder Loss: 0.7622] [autoencoder lr: 9.72e-05][mem: 1.11e+04](363.6 ms)
INFO:root:[2,  2300/ 2562] - [Autoencoder Training] [Autoencoder Loss: 0.7613] [autoencoder lr: 9.74e-05][mem: 1.11e+04](363.6 ms)
INFO:root:[2,  2400/ 2562] - [Autoencoder Training] [Autoencoder Loss: 0.7605] [autoencoder lr: 9.77e-05][mem: 1.11e+04](363.6 ms)
INFO:root:[2,  2500/ 2562] - [Autoencoder Training] [Autoencoder Loss: 0.7596] [autoencoder lr: 9.79e-05][mem: 1.11e+04](363.6 ms)
INFO:root: - - Epoch: 3 - - 
INFO:faiss.loader:Loading faiss with AVX2 support.
INFO:faiss.loader:Successfully loaded faiss with AVX2 support.
INFO:faiss.loader:Loading faiss with AVX2 support.
INFO:faiss.loader:Successfully loaded faiss with AVX2 support.
INFO:faiss.loader:Loading faiss with AVX2 support.
INFO:faiss.loader:Successfully loaded faiss with AVX2 support.
INFO:faiss.loader:Loading faiss with AVX2 support.
INFO:faiss.loader:Successfully loaded faiss with AVX2 support.
INFO:faiss.loader:Loading faiss with AVX2 support.
INFO:faiss.loader:Successfully loaded faiss with AVX2 support.
INFO:faiss.loader:Loading faiss with AVX2 support.
INFO:faiss.loader:Successfully loaded faiss with AVX2 support.
INFO:faiss.loader:Loading faiss with AVX2 support.
INFO:faiss.loader:Successfully loaded faiss with AVX2 support.
INFO:faiss.loader:Loading faiss with AVX2 support.
INFO:faiss.loader:Successfully loaded faiss with AVX2 support.
INFO:faiss.loader:Loading faiss with AVX2 support.
INFO:faiss.loader:Successfully loaded faiss with AVX2 support.
INFO:faiss.loader:Loading faiss with AVX2 support.
INFO:faiss.loader:Successfully loaded faiss with AVX2 support.
INFO:faiss.loader:Loading faiss with AVX2 support.
INFO:faiss.loader:Successfully loaded faiss with AVX2 support.
INFO:faiss.loader:Loading faiss with AVX2 support.
INFO:faiss.loader:Successfully loaded faiss with AVX2 support.
INFO:faiss.loader:Loading faiss with AVX2 support.
INFO:faiss.loader:Successfully loaded faiss with AVX2 support.
INFO:faiss.loader:Loading faiss with AVX2 support.
INFO:faiss.loader:Successfully loaded faiss with AVX2 support.
INFO:faiss.loader:Loading faiss with AVX2 support.
INFO:faiss.loader:Successfully loaded faiss with AVX2 support.
INFO:faiss.loader:Loading faiss with AVX2 support.
INFO:faiss.loader:Successfully loaded faiss with AVX2 support.
INFO:root:[3,     0/ 2562] - [Autoencoder Training] [Autoencoder Loss: 0.7591] [autoencoder lr: 9.81e-05][mem: 1.11e+04](363.6 ms)
INFO:root:[3,   100/ 2562] - [Autoencoder Training] [Autoencoder Loss: 0.7583] [autoencoder lr: 9.83e-05][mem: 1.11e+04](363.5 ms)
INFO:root:[3,   200/ 2562] - [Autoencoder Training] [Autoencoder Loss: 0.7576] [autoencoder lr: 9.86e-05][mem: 1.11e+04](363.5 ms)
INFO:root:[3,   300/ 2562] - [Autoencoder Training] [Autoencoder Loss: 0.7568] [autoencoder lr: 9.88e-05][mem: 1.11e+04](363.5 ms)
INFO:root:[3,   400/ 2562] - [Autoencoder Training] [Autoencoder Loss: 0.7561] [autoencoder lr: 9.91e-05][mem: 1.11e+04](363.5 ms)
INFO:root:[3,   500/ 2562] - [Autoencoder Training] [Autoencoder Loss: 0.7554] [autoencoder lr: 9.93e-05][mem: 1.11e+04](363.5 ms)
INFO:root:[3,   600/ 2562] - [Autoencoder Training] [Autoencoder Loss: 0.7547] [autoencoder lr: 9.96e-05][mem: 1.11e+04](363.5 ms)
INFO:root:[3,   700/ 2562] - [Autoencoder Training] [Autoencoder Loss: 0.7541] [autoencoder lr: 9.99e-05][mem: 1.11e+04](363.5 ms)
INFO:root:[3,   800/ 2562] - [Autoencoder Training] [Autoencoder Loss: 0.7534] [autoencoder lr: 1.00e-04][mem: 1.11e+04](363.5 ms)
INFO:root:[3,   900/ 2562] - [Autoencoder Training] [Autoencoder Loss: 0.7528] [autoencoder lr: 1.00e-04][mem: 1.11e+04](363.5 ms)
INFO:root:[3,  1000/ 2562] - [Autoencoder Training] [Autoencoder Loss: 0.7522] [autoencoder lr: 1.01e-04][mem: 1.11e+04](363.5 ms)
INFO:root:[3,  1100/ 2562] - [Autoencoder Training] [Autoencoder Loss: 0.7516] [autoencoder lr: 1.01e-04][mem: 1.11e+04](363.5 ms)
INFO:root:[3,  1200/ 2562] - [Autoencoder Training] [Autoencoder Loss: 0.7511] [autoencoder lr: 1.01e-04][mem: 1.11e+04](363.5 ms)
INFO:root:[3,  1300/ 2562] - [Autoencoder Training] [Autoencoder Loss: 0.7505] [autoencoder lr: 1.01e-04][mem: 1.11e+04](363.5 ms)
INFO:root:[3,  1400/ 2562] - [Autoencoder Training] [Autoencoder Loss: 0.7500] [autoencoder lr: 1.02e-04][mem: 1.11e+04](363.5 ms)
INFO:root:[3,  1500/ 2562] - [Autoencoder Training] [Autoencoder Loss: 0.7495] [autoencoder lr: 1.02e-04][mem: 1.11e+04](363.5 ms)
INFO:root:[3,  1600/ 2562] - [Autoencoder Training] [Autoencoder Loss: 0.7490] [autoencoder lr: 1.02e-04][mem: 1.11e+04](363.5 ms)
INFO:root:[3,  1700/ 2562] - [Autoencoder Training] [Autoencoder Loss: 0.7484] [autoencoder lr: 1.02e-04][mem: 1.11e+04](363.5 ms)
INFO:root:[3,  1800/ 2562] - [Autoencoder Training] [Autoencoder Loss: 0.7480] [autoencoder lr: 1.03e-04][mem: 1.11e+04](363.5 ms)
INFO:root:[3,  1900/ 2562] - [Autoencoder Training] [Autoencoder Loss: 0.7475] [autoencoder lr: 1.03e-04][mem: 1.11e+04](363.5 ms)
INFO:root:[3,  2000/ 2562] - [Autoencoder Training] [Autoencoder Loss: 0.7470] [autoencoder lr: 1.03e-04][mem: 1.11e+04](363.5 ms)
INFO:root:[3,  2100/ 2562] - [Autoencoder Training] [Autoencoder Loss: 0.7466] [autoencoder lr: 1.03e-04][mem: 1.11e+04](363.5 ms)
INFO:root:[3,  2200/ 2562] - [Autoencoder Training] [Autoencoder Loss: 0.7462] [autoencoder lr: 1.04e-04][mem: 1.11e+04](363.5 ms)
INFO:root:[3,  2300/ 2562] - [Autoencoder Training] [Autoencoder Loss: 0.7457] [autoencoder lr: 1.04e-04][mem: 1.11e+04](363.5 ms)
INFO:root:[3,  2400/ 2562] - [Autoencoder Training] [Autoencoder Loss: 0.7453] [autoencoder lr: 1.04e-04][mem: 1.11e+04](363.5 ms)
INFO:root:[3,  2500/ 2562] - [Autoencoder Training] [Autoencoder Loss: 0.7449] [autoencoder lr: 1.04e-04][mem: 1.11e+04](363.5 ms)
INFO:root: - - Epoch: 4 - - 
INFO:faiss.loader:Loading faiss with AVX2 support.
INFO:faiss.loader:Successfully loaded faiss with AVX2 support.
INFO:faiss.loader:Loading faiss with AVX2 support.
INFO:faiss.loader:Successfully loaded faiss with AVX2 support.
INFO:faiss.loader:Loading faiss with AVX2 support.
INFO:faiss.loader:Successfully loaded faiss with AVX2 support.
INFO:faiss.loader:Loading faiss with AVX2 support.
INFO:faiss.loader:Successfully loaded faiss with AVX2 support.
INFO:faiss.loader:Loading faiss with AVX2 support.
INFO:faiss.loader:Successfully loaded faiss with AVX2 support.
INFO:faiss.loader:Loading faiss with AVX2 support.
INFO:faiss.loader:Successfully loaded faiss with AVX2 support.
INFO:faiss.loader:Loading faiss with AVX2 support.
INFO:faiss.loader:Successfully loaded faiss with AVX2 support.
INFO:faiss.loader:Loading faiss with AVX2 support.
INFO:faiss.loader:Successfully loaded faiss with AVX2 support.
INFO:faiss.loader:Loading faiss with AVX2 support.
INFO:faiss.loader:Successfully loaded faiss with AVX2 support.
INFO:faiss.loader:Loading faiss with AVX2 support.
INFO:faiss.loader:Successfully loaded faiss with AVX2 support.
INFO:faiss.loader:Loading faiss with AVX2 support.
INFO:faiss.loader:Successfully loaded faiss with AVX2 support.
INFO:faiss.loader:Loading faiss with AVX2 support.
INFO:faiss.loader:Successfully loaded faiss with AVX2 support.
INFO:faiss.loader:Loading faiss with AVX2 support.
INFO:faiss.loader:Successfully loaded faiss with AVX2 support.
INFO:faiss.loader:Loading faiss with AVX2 support.
INFO:faiss.loader:Successfully loaded faiss with AVX2 support.
INFO:faiss.loader:Loading faiss with AVX2 support.
INFO:faiss.loader:Successfully loaded faiss with AVX2 support.
INFO:faiss.loader:Loading faiss with AVX2 support.
INFO:faiss.loader:Successfully loaded faiss with AVX2 support.
INFO:root:[4,     0/ 2562] - [Autoencoder Training] [Autoencoder Loss: 0.7446] [autoencoder lr: 1.05e-04][mem: 1.11e+04](363.5 ms)
INFO:root:[4,   100/ 2562] - [Autoencoder Training] [Autoencoder Loss: 0.7442] [autoencoder lr: 1.05e-04][mem: 1.11e+04](363.4 ms)
INFO:root:[4,   200/ 2562] - [Autoencoder Training] [Autoencoder Loss: 0.7438] [autoencoder lr: 1.05e-04][mem: 1.11e+04](363.4 ms)
INFO:root:[4,   300/ 2562] - [Autoencoder Training] [Autoencoder Loss: 0.7435] [autoencoder lr: 1.05e-04][mem: 1.11e+04](363.4 ms)
INFO:root:[4,   400/ 2562] - [Autoencoder Training] [Autoencoder Loss: 0.7431] [autoencoder lr: 1.06e-04][mem: 1.11e+04](363.4 ms)
INFO:root:[4,   500/ 2562] - [Autoencoder Training] [Autoencoder Loss: 0.7428] [autoencoder lr: 1.06e-04][mem: 1.11e+04](363.4 ms)
INFO:root:[4,   600/ 2562] - [Autoencoder Training] [Autoencoder Loss: 0.7424] [autoencoder lr: 1.06e-04][mem: 1.11e+04](363.5 ms)
INFO:root:[4,   700/ 2562] - [Autoencoder Training] [Autoencoder Loss: 0.7421] [autoencoder lr: 1.06e-04][mem: 1.11e+04](363.5 ms)
INFO:root:[4,   800/ 2562] - [Autoencoder Training] [Autoencoder Loss: 0.7417] [autoencoder lr: 1.07e-04][mem: 1.11e+04](363.5 ms)
INFO:root:[4,   900/ 2562] - [Autoencoder Training] [Autoencoder Loss: 0.7414] [autoencoder lr: 1.07e-04][mem: 1.11e+04](363.5 ms)
INFO:root:[4,  1000/ 2562] - [Autoencoder Training] [Autoencoder Loss: 0.7411] [autoencoder lr: 1.07e-04][mem: 1.11e+04](363.5 ms)
INFO:root:[4,  1100/ 2562] - [Autoencoder Training] [Autoencoder Loss: 0.7407] [autoencoder lr: 1.07e-04][mem: 1.11e+04](363.5 ms)
INFO:root:[4,  1200/ 2562] - [Autoencoder Training] [Autoencoder Loss: 0.7405] [autoencoder lr: 1.08e-04][mem: 1.11e+04](363.5 ms)
INFO:root:[4,  1300/ 2562] - [Autoencoder Training] [Autoencoder Loss: 0.7401] [autoencoder lr: 1.08e-04][mem: 1.11e+04](363.5 ms)
INFO:root:[4,  1400/ 2562] - [Autoencoder Training] [Autoencoder Loss: 0.7398] [autoencoder lr: 1.08e-04][mem: 1.11e+04](363.5 ms)
INFO:root:[4,  1500/ 2562] - [Autoencoder Training] [Autoencoder Loss: 0.7395] [autoencoder lr: 1.08e-04][mem: 1.11e+04](363.4 ms)
INFO:root:[4,  1600/ 2562] - [Autoencoder Training] [Autoencoder Loss: 0.7392] [autoencoder lr: 1.09e-04][mem: 1.11e+04](363.4 ms)
INFO:root:[4,  1700/ 2562] - [Autoencoder Training] [Autoencoder Loss: 0.7390] [autoencoder lr: 1.09e-04][mem: 1.11e+04](363.4 ms)
INFO:root:[4,  1800/ 2562] - [Autoencoder Training] [Autoencoder Loss: 0.7387] [autoencoder lr: 1.09e-04][mem: 1.11e+04](363.4 ms)
INFO:root:[4,  1900/ 2562] - [Autoencoder Training] [Autoencoder Loss: 0.7384] [autoencoder lr: 1.09e-04][mem: 1.11e+04](363.4 ms)
INFO:root:[4,  2000/ 2562] - [Autoencoder Training] [Autoencoder Loss: 0.7381] [autoencoder lr: 1.10e-04][mem: 1.11e+04](363.4 ms)
INFO:root:[4,  2100/ 2562] - [Autoencoder Training] [Autoencoder Loss: 0.7379] [autoencoder lr: 1.10e-04][mem: 1.11e+04](363.4 ms)
INFO:root:[4,  2200/ 2562] - [Autoencoder Training] [Autoencoder Loss: 0.7376] [autoencoder lr: 1.10e-04][mem: 1.11e+04](363.4 ms)
INFO:root:[4,  2300/ 2562] - [Autoencoder Training] [Autoencoder Loss: 0.7373] [autoencoder lr: 1.10e-04][mem: 1.11e+04](363.4 ms)
INFO:root:[4,  2400/ 2562] - [Autoencoder Training] [Autoencoder Loss: 0.7371] [autoencoder lr: 1.11e-04][mem: 1.11e+04](363.4 ms)
INFO:root:[4,  2500/ 2562] - [Autoencoder Training] [Autoencoder Loss: 0.7368] [autoencoder lr: 1.11e-04][mem: 1.11e+04](363.4 ms)
INFO:root: - - Epoch: 5 - - 
INFO:faiss.loader:Loading faiss with AVX2 support.
INFO:faiss.loader:Successfully loaded faiss with AVX2 support.
INFO:faiss.loader:Loading faiss with AVX2 support.
INFO:faiss.loader:Successfully loaded faiss with AVX2 support.
INFO:faiss.loader:Loading faiss with AVX2 support.
INFO:faiss.loader:Successfully loaded faiss with AVX2 support.
INFO:faiss.loader:Loading faiss with AVX2 support.
INFO:faiss.loader:Successfully loaded faiss with AVX2 support.
INFO:faiss.loader:Loading faiss with AVX2 support.
INFO:faiss.loader:Successfully loaded faiss with AVX2 support.
INFO:faiss.loader:Loading faiss with AVX2 support.
INFO:faiss.loader:Successfully loaded faiss with AVX2 support.
INFO:faiss.loader:Loading faiss with AVX2 support.
INFO:faiss.loader:Successfully loaded faiss with AVX2 support.
INFO:faiss.loader:Loading faiss with AVX2 support.
INFO:faiss.loader:Successfully loaded faiss with AVX2 support.
INFO:faiss.loader:Loading faiss with AVX2 support.
INFO:faiss.loader:Successfully loaded faiss with AVX2 support.
INFO:faiss.loader:Loading faiss with AVX2 support.
INFO:faiss.loader:Successfully loaded faiss with AVX2 support.
INFO:faiss.loader:Loading faiss with AVX2 support.
INFO:faiss.loader:Successfully loaded faiss with AVX2 support.
INFO:faiss.loader:Loading faiss with AVX2 support.
INFO:faiss.loader:Successfully loaded faiss with AVX2 support.
INFO:faiss.loader:Loading faiss with AVX2 support.
INFO:faiss.loader:Successfully loaded faiss with AVX2 support.
INFO:faiss.loader:Loading faiss with AVX2 support.
INFO:faiss.loader:Successfully loaded faiss with AVX2 support.
INFO:faiss.loader:Loading faiss with AVX2 support.
INFO:faiss.loader:Successfully loaded faiss with AVX2 support.
INFO:faiss.loader:Loading faiss with AVX2 support.
INFO:faiss.loader:Successfully loaded faiss with AVX2 support.
INFO:root:[5,     0/ 2562] - [Autoencoder Training] [Autoencoder Loss: 0.7367] [autoencoder lr: 1.11e-04][mem: 1.11e+04](363.4 ms)
INFO:root:[5,   100/ 2562] - [Autoencoder Training] [Autoencoder Loss: 0.7364] [autoencoder lr: 1.11e-04][mem: 1.11e+04](363.4 ms)
INFO:root:[5,   200/ 2562] - [Autoencoder Training] [Autoencoder Loss: 0.7362] [autoencoder lr: 1.12e-04][mem: 1.11e+04](363.4 ms)
INFO:root:[5,   300/ 2562] - [Autoencoder Training] [Autoencoder Loss: 0.7360] [autoencoder lr: 1.12e-04][mem: 1.11e+04](363.4 ms)
INFO:root:[5,   400/ 2562] - [Autoencoder Training] [Autoencoder Loss: 0.7358] [autoencoder lr: 1.12e-04][mem: 1.11e+04](363.4 ms)
INFO:root:[5,   500/ 2562] - [Autoencoder Training] [Autoencoder Loss: 0.7356] [autoencoder lr: 1.12e-04][mem: 1.11e+04](363.4 ms)
INFO:root:[5,   600/ 2562] - [Autoencoder Training] [Autoencoder Loss: 0.7353] [autoencoder lr: 1.13e-04][mem: 1.11e+04](363.4 ms)
INFO:root:[5,   700/ 2562] - [Autoencoder Training] [Autoencoder Loss: 0.7351] [autoencoder lr: 1.13e-04][mem: 1.11e+04](363.4 ms)
INFO:root:[5,   800/ 2562] - [Autoencoder Training] [Autoencoder Loss: 0.7349] [autoencoder lr: 1.13e-04][mem: 1.11e+04](363.4 ms)
INFO:root:[5,   900/ 2562] - [Autoencoder Training] [Autoencoder Loss: 0.7347] [autoencoder lr: 1.13e-04][mem: 1.11e+04](363.4 ms)
INFO:root:[5,  1000/ 2562] - [Autoencoder Training] [Autoencoder Loss: 0.7345] [autoencoder lr: 1.14e-04][mem: 1.11e+04](363.4 ms)
INFO:root:[5,  1100/ 2562] - [Autoencoder Training] [Autoencoder Loss: 0.7343] [autoencoder lr: 1.14e-04][mem: 1.11e+04](363.4 ms)
INFO:root:[5,  1200/ 2562] - [Autoencoder Training] [Autoencoder Loss: 0.7341] [autoencoder lr: 1.14e-04][mem: 1.11e+04](363.4 ms)
INFO:root:[5,  1300/ 2562] - [Autoencoder Training] [Autoencoder Loss: 0.7339] [autoencoder lr: 1.14e-04][mem: 1.11e+04](363.4 ms)
INFO:root:[5,  1400/ 2562] - [Autoencoder Training] [Autoencoder Loss: 0.7337] [autoencoder lr: 1.15e-04][mem: 1.11e+04](363.4 ms)
INFO:root:[5,  1500/ 2562] - [Autoencoder Training] [Autoencoder Loss: 0.7335] [autoencoder lr: 1.15e-04][mem: 1.11e+04](363.4 ms)
INFO:root:[5,  1600/ 2562] - [Autoencoder Training] [Autoencoder Loss: 0.7333] [autoencoder lr: 1.15e-04][mem: 1.11e+04](363.4 ms)
INFO:root:[5,  1700/ 2562] - [Autoencoder Training] [Autoencoder Loss: 0.7331] [autoencoder lr: 1.15e-04][mem: 1.11e+04](363.4 ms)
INFO:root:[5,  1800/ 2562] - [Autoencoder Training] [Autoencoder Loss: 0.7329] [autoencoder lr: 1.16e-04][mem: 1.11e+04](363.4 ms)
INFO:root:[5,  1900/ 2562] - [Autoencoder Training] [Autoencoder Loss: 0.7327] [autoencoder lr: 1.16e-04][mem: 1.11e+04](363.4 ms)
INFO:root:[5,  2000/ 2562] - [Autoencoder Training] [Autoencoder Loss: 0.7326] [autoencoder lr: 1.16e-04][mem: 1.11e+04](363.4 ms)
INFO:root:[5,  2100/ 2562] - [Autoencoder Training] [Autoencoder Loss: 0.7324] [autoencoder lr: 1.17e-04][mem: 1.11e+04](363.4 ms)
INFO:root:[5,  2200/ 2562] - [Autoencoder Training] [Autoencoder Loss: 0.7322] [autoencoder lr: 1.17e-04][mem: 1.11e+04](363.4 ms)
INFO:root:[5,  2300/ 2562] - [Autoencoder Training] [Autoencoder Loss: 0.7321] [autoencoder lr: 1.17e-04][mem: 1.11e+04](363.4 ms)
INFO:root:[5,  2400/ 2562] - [Autoencoder Training] [Autoencoder Loss: 0.7319] [autoencoder lr: 1.17e-04][mem: 1.11e+04](363.4 ms)
INFO:root:[5,  2500/ 2562] - [Autoencoder Training] [Autoencoder Loss: 0.7317] [autoencoder lr: 1.18e-04][mem: 1.11e+04](363.4 ms)
INFO:root: - - Epoch: 6 - - 
INFO:faiss.loader:Loading faiss with AVX2 support.
INFO:faiss.loader:Successfully loaded faiss with AVX2 support.
INFO:faiss.loader:Loading faiss with AVX2 support.
INFO:faiss.loader:Successfully loaded faiss with AVX2 support.
INFO:faiss.loader:Loading faiss with AVX2 support.
INFO:faiss.loader:Successfully loaded faiss with AVX2 support.
INFO:faiss.loader:Loading faiss with AVX2 support.
INFO:faiss.loader:Successfully loaded faiss with AVX2 support.
INFO:faiss.loader:Loading faiss with AVX2 support.
INFO:faiss.loader:Successfully loaded faiss with AVX2 support.
INFO:faiss.loader:Loading faiss with AVX2 support.
INFO:faiss.loader:Successfully loaded faiss with AVX2 support.
INFO:faiss.loader:Loading faiss with AVX2 support.
INFO:faiss.loader:Successfully loaded faiss with AVX2 support.
INFO:faiss.loader:Loading faiss with AVX2 support.
INFO:faiss.loader:Successfully loaded faiss with AVX2 support.
INFO:faiss.loader:Loading faiss with AVX2 support.
INFO:faiss.loader:Successfully loaded faiss with AVX2 support.
INFO:faiss.loader:Loading faiss with AVX2 support.
INFO:faiss.loader:Successfully loaded faiss with AVX2 support.
INFO:faiss.loader:Loading faiss with AVX2 support.
INFO:faiss.loader:Successfully loaded faiss with AVX2 support.
INFO:faiss.loader:Loading faiss with AVX2 support.
INFO:faiss.loader:Successfully loaded faiss with AVX2 support.
INFO:faiss.loader:Loading faiss with AVX2 support.
INFO:faiss.loader:Successfully loaded faiss with AVX2 support.
INFO:faiss.loader:Loading faiss with AVX2 support.
INFO:faiss.loader:Successfully loaded faiss with AVX2 support.
INFO:faiss.loader:Loading faiss with AVX2 support.
INFO:faiss.loader:Successfully loaded faiss with AVX2 support.
INFO:faiss.loader:Loading faiss with AVX2 support.
INFO:faiss.loader:Successfully loaded faiss with AVX2 support.
INFO:root:[6,     0/ 2562] - [Autoencoder Training] [Autoencoder Loss: 0.7316] [autoencoder lr: 1.18e-04][mem: 1.11e+04](363.4 ms)
INFO:root:[6,   100/ 2562] - [Autoencoder Training] [Autoencoder Loss: 0.7315] [autoencoder lr: 1.18e-04][mem: 1.11e+04](363.4 ms)
INFO:root:[6,   200/ 2562] - [Autoencoder Training] [Autoencoder Loss: 0.7313] [autoencoder lr: 1.18e-04][mem: 1.11e+04](363.4 ms)
INFO:root:[6,   300/ 2562] - [Autoencoder Training] [Autoencoder Loss: 0.7312] [autoencoder lr: 1.18e-04][mem: 1.11e+04](363.4 ms)
INFO:root:[6,   400/ 2562] - [Autoencoder Training] [Autoencoder Loss: 0.7310] [autoencoder lr: 1.19e-04][mem: 1.11e+04](363.4 ms)
INFO:root:[6,   500/ 2562] - [Autoencoder Training] [Autoencoder Loss: 0.7309] [autoencoder lr: 1.19e-04][mem: 1.11e+04](363.4 ms)
INFO:root:[6,   600/ 2562] - [Autoencoder Training] [Autoencoder Loss: 0.7307] [autoencoder lr: 1.19e-04][mem: 1.11e+04](363.4 ms)
INFO:root:[6,   700/ 2562] - [Autoencoder Training] [Autoencoder Loss: 0.7306] [autoencoder lr: 1.19e-04][mem: 1.11e+04](363.4 ms)
INFO:root:[6,   800/ 2562] - [Autoencoder Training] [Autoencoder Loss: 0.7304] [autoencoder lr: 1.20e-04][mem: 1.11e+04](363.4 ms)
INFO:root:[6,   900/ 2562] - [Autoencoder Training] [Autoencoder Loss: 0.7303] [autoencoder lr: 1.20e-04][mem: 1.11e+04](363.4 ms)
INFO:root:[6,  1000/ 2562] - [Autoencoder Training] [Autoencoder Loss: 0.7301] [autoencoder lr: 1.20e-04][mem: 1.11e+04](363.4 ms)
INFO:root:[6,  1100/ 2562] - [Autoencoder Training] [Autoencoder Loss: 0.7300] [autoencoder lr: 1.20e-04][mem: 1.11e+04](363.4 ms)
INFO:root:[6,  1200/ 2562] - [Autoencoder Training] [Autoencoder Loss: 0.7299] [autoencoder lr: 1.21e-04][mem: 1.11e+04](363.4 ms)
INFO:root:[6,  1300/ 2562] - [Autoencoder Training] [Autoencoder Loss: 0.7297] [autoencoder lr: 1.21e-04][mem: 1.11e+04](363.4 ms)
INFO:root:[6,  1400/ 2562] - [Autoencoder Training] [Autoencoder Loss: 0.7296] [autoencoder lr: 1.21e-04][mem: 1.11e+04](363.4 ms)
INFO:root:[6,  1500/ 2562] - [Autoencoder Training] [Autoencoder Loss: 0.7294] [autoencoder lr: 1.22e-04][mem: 1.11e+04](363.4 ms)
INFO:root:[6,  1600/ 2562] - [Autoencoder Training] [Autoencoder Loss: 0.7293] [autoencoder lr: 1.22e-04][mem: 1.11e+04](363.4 ms)
INFO:root:[6,  1700/ 2562] - [Autoencoder Training] [Autoencoder Loss: 0.7292] [autoencoder lr: 1.22e-04][mem: 1.11e+04](363.4 ms)
INFO:root:[6,  1800/ 2562] - [Autoencoder Training] [Autoencoder Loss: 0.7291] [autoencoder lr: 1.22e-04][mem: 1.11e+04](363.4 ms)
INFO:root:[6,  1900/ 2562] - [Autoencoder Training] [Autoencoder Loss: 0.7289] [autoencoder lr: 1.23e-04][mem: 1.11e+04](363.4 ms)
INFO:root:[6,  2000/ 2562] - [Autoencoder Training] [Autoencoder Loss: 0.7288] [autoencoder lr: 1.23e-04][mem: 1.11e+04](363.4 ms)
INFO:root:[6,  2100/ 2562] - [Autoencoder Training] [Autoencoder Loss: 0.7287] [autoencoder lr: 1.23e-04][mem: 1.11e+04](363.4 ms)
INFO:root:[6,  2200/ 2562] - [Autoencoder Training] [Autoencoder Loss: 0.7286] [autoencoder lr: 1.23e-04][mem: 1.11e+04](363.4 ms)
INFO:root:[6,  2300/ 2562] - [Autoencoder Training] [Autoencoder Loss: 0.7285] [autoencoder lr: 1.24e-04][mem: 1.11e+04](363.4 ms)
INFO:root:[6,  2400/ 2562] - [Autoencoder Training] [Autoencoder Loss: 0.7283] [autoencoder lr: 1.24e-04][mem: 1.11e+04](363.4 ms)
INFO:root:[6,  2500/ 2562] - [Autoencoder Training] [Autoencoder Loss: 0.7282] [autoencoder lr: 1.24e-04][mem: 1.11e+04](363.4 ms)
INFO:root: - - Epoch: 7 - - 
INFO:faiss.loader:Loading faiss with AVX2 support.
INFO:faiss.loader:Successfully loaded faiss with AVX2 support.
INFO:faiss.loader:Loading faiss with AVX2 support.
INFO:faiss.loader:Successfully loaded faiss with AVX2 support.
INFO:faiss.loader:Loading faiss with AVX2 support.
INFO:faiss.loader:Successfully loaded faiss with AVX2 support.
INFO:faiss.loader:Loading faiss with AVX2 support.
INFO:faiss.loader:Successfully loaded faiss with AVX2 support.
INFO:faiss.loader:Loading faiss with AVX2 support.
INFO:faiss.loader:Successfully loaded faiss with AVX2 support.
INFO:faiss.loader:Loading faiss with AVX2 support.
INFO:faiss.loader:Successfully loaded faiss with AVX2 support.
INFO:faiss.loader:Loading faiss with AVX2 support.
INFO:faiss.loader:Successfully loaded faiss with AVX2 support.
INFO:faiss.loader:Loading faiss with AVX2 support.
INFO:faiss.loader:Successfully loaded faiss with AVX2 support.
INFO:faiss.loader:Loading faiss with AVX2 support.
INFO:faiss.loader:Successfully loaded faiss with AVX2 support.
INFO:faiss.loader:Loading faiss with AVX2 support.
INFO:faiss.loader:Successfully loaded faiss with AVX2 support.
INFO:faiss.loader:Loading faiss with AVX2 support.
INFO:faiss.loader:Successfully loaded faiss with AVX2 support.
INFO:faiss.loader:Loading faiss with AVX2 support.
INFO:faiss.loader:Successfully loaded faiss with AVX2 support.
INFO:faiss.loader:Loading faiss with AVX2 support.
INFO:faiss.loader:Successfully loaded faiss with AVX2 support.
INFO:faiss.loader:Loading faiss with AVX2 support.
INFO:faiss.loader:Successfully loaded faiss with AVX2 support.
INFO:faiss.loader:Loading faiss with AVX2 support.
INFO:faiss.loader:Successfully loaded faiss with AVX2 support.
INFO:faiss.loader:Loading faiss with AVX2 support.
INFO:faiss.loader:Successfully loaded faiss with AVX2 support.
INFO:root:[7,     0/ 2562] - [Autoencoder Training] [Autoencoder Loss: 0.7281] [autoencoder lr: 1.24e-04][mem: 1.11e+04](363.4 ms)
INFO:root:[7,   100/ 2562] - [Autoencoder Training] [Autoencoder Loss: 0.7280] [autoencoder lr: 1.24e-04][mem: 1.11e+04](363.4 ms)
INFO:root:[7,   200/ 2562] - [Autoencoder Training] [Autoencoder Loss: 0.7279] [autoencoder lr: 1.25e-04][mem: 1.11e+04](363.4 ms)
INFO:root:[7,   300/ 2562] - [Autoencoder Training] [Autoencoder Loss: 0.7278] [autoencoder lr: 1.25e-04][mem: 1.11e+04](363.4 ms)
INFO:root:[7,   400/ 2562] - [Autoencoder Training] [Autoencoder Loss: 0.7277] [autoencoder lr: 1.25e-04][mem: 1.11e+04](363.4 ms)
INFO:root:[7,   500/ 2562] - [Autoencoder Training] [Autoencoder Loss: 0.7276] [autoencoder lr: 1.25e-04][mem: 1.11e+04](363.4 ms)
INFO:root:[7,   600/ 2562] - [Autoencoder Training] [Autoencoder Loss: 0.7274] [autoencoder lr: 1.26e-04][mem: 1.11e+04](363.4 ms)
INFO:root:[7,   700/ 2562] - [Autoencoder Training] [Autoencoder Loss: 0.7273] [autoencoder lr: 1.26e-04][mem: 1.11e+04](363.4 ms)
INFO:root:[7,   800/ 2562] - [Autoencoder Training] [Autoencoder Loss: 0.7272] [autoencoder lr: 1.26e-04][mem: 1.11e+04](363.4 ms)
INFO:root:[7,   900/ 2562] - [Autoencoder Training] [Autoencoder Loss: 0.7271] [autoencoder lr: 1.27e-04][mem: 1.11e+04](363.4 ms)
INFO:root:[7,  1000/ 2562] - [Autoencoder Training] [Autoencoder Loss: 0.7270] [autoencoder lr: 1.27e-04][mem: 1.11e+04](363.4 ms)
INFO:root:[7,  1100/ 2562] - [Autoencoder Training] [Autoencoder Loss: 0.7269] [autoencoder lr: 1.27e-04][mem: 1.11e+04](363.4 ms)
INFO:root:[7,  1200/ 2562] - [Autoencoder Training] [Autoencoder Loss: 0.7268] [autoencoder lr: 1.27e-04][mem: 1.11e+04](363.4 ms)
INFO:root:[7,  1300/ 2562] - [Autoencoder Training] [Autoencoder Loss: 0.7267] [autoencoder lr: 1.28e-04][mem: 1.11e+04](363.4 ms)
INFO:root:[7,  1400/ 2562] - [Autoencoder Training] [Autoencoder Loss: 0.7266] [autoencoder lr: 1.28e-04][mem: 1.11e+04](363.4 ms)
INFO:root:[7,  1500/ 2562] - [Autoencoder Training] [Autoencoder Loss: 0.7265] [autoencoder lr: 1.28e-04][mem: 1.11e+04](363.4 ms)
INFO:root:[7,  1600/ 2562] - [Autoencoder Training] [Autoencoder Loss: 0.7264] [autoencoder lr: 1.28e-04][mem: 1.11e+04](363.4 ms)
INFO:root:[7,  1700/ 2562] - [Autoencoder Training] [Autoencoder Loss: 0.7263] [autoencoder lr: 1.29e-04][mem: 1.11e+04](363.4 ms)
INFO:root:[7,  1800/ 2562] - [Autoencoder Training] [Autoencoder Loss: 0.7262] [autoencoder lr: 1.29e-04][mem: 1.11e+04](363.4 ms)
INFO:root:[7,  1900/ 2562] - [Autoencoder Training] [Autoencoder Loss: 0.7261] [autoencoder lr: 1.29e-04][mem: 1.11e+04](363.4 ms)
INFO:root:[7,  2000/ 2562] - [Autoencoder Training] [Autoencoder Loss: 0.7260] [autoencoder lr: 1.29e-04][mem: 1.11e+04](363.4 ms)
INFO:root:[7,  2100/ 2562] - [Autoencoder Training] [Autoencoder Loss: 0.7259] [autoencoder lr: 1.30e-04][mem: 1.11e+04](363.4 ms)
INFO:root:[7,  2200/ 2562] - [Autoencoder Training] [Autoencoder Loss: 0.7258] [autoencoder lr: 1.30e-04][mem: 1.11e+04](363.4 ms)
INFO:root:[7,  2300/ 2562] - [Autoencoder Training] [Autoencoder Loss: 0.7258] [autoencoder lr: 1.30e-04][mem: 1.11e+04](363.4 ms)
INFO:root:[7,  2400/ 2562] - [Autoencoder Training] [Autoencoder Loss: 0.7257] [autoencoder lr: 1.30e-04][mem: 1.11e+04](363.4 ms)
INFO:root:[7,  2500/ 2562] - [Autoencoder Training] [Autoencoder Loss: 0.7256] [autoencoder lr: 1.31e-04][mem: 1.11e+04](363.4 ms)
INFO:root: - - Epoch: 8 - - 
INFO:faiss.loader:Loading faiss with AVX2 support.
INFO:faiss.loader:Successfully loaded faiss with AVX2 support.
INFO:faiss.loader:Loading faiss with AVX2 support.
INFO:faiss.loader:Successfully loaded faiss with AVX2 support.
INFO:faiss.loader:Loading faiss with AVX2 support.
INFO:faiss.loader:Successfully loaded faiss with AVX2 support.
INFO:faiss.loader:Loading faiss with AVX2 support.
INFO:faiss.loader:Successfully loaded faiss with AVX2 support.
INFO:faiss.loader:Loading faiss with AVX2 support.
INFO:faiss.loader:Successfully loaded faiss with AVX2 support.
INFO:faiss.loader:Loading faiss with AVX2 support.
INFO:faiss.loader:Successfully loaded faiss with AVX2 support.
INFO:faiss.loader:Loading faiss with AVX2 support.
INFO:faiss.loader:Successfully loaded faiss with AVX2 support.
INFO:faiss.loader:Loading faiss with AVX2 support.
INFO:faiss.loader:Successfully loaded faiss with AVX2 support.
INFO:faiss.loader:Loading faiss with AVX2 support.
INFO:faiss.loader:Successfully loaded faiss with AVX2 support.
INFO:faiss.loader:Loading faiss with AVX2 support.
INFO:faiss.loader:Successfully loaded faiss with AVX2 support.
INFO:faiss.loader:Loading faiss with AVX2 support.
INFO:faiss.loader:Successfully loaded faiss with AVX2 support.
INFO:faiss.loader:Loading faiss with AVX2 support.
INFO:faiss.loader:Successfully loaded faiss with AVX2 support.
INFO:faiss.loader:Loading faiss with AVX2 support.
INFO:faiss.loader:Successfully loaded faiss with AVX2 support.
INFO:faiss.loader:Loading faiss with AVX2 support.
INFO:faiss.loader:Successfully loaded faiss with AVX2 support.
INFO:faiss.loader:Loading faiss with AVX2 support.
INFO:faiss.loader:Successfully loaded faiss with AVX2 support.
INFO:faiss.loader:Loading faiss with AVX2 support.
INFO:faiss.loader:Successfully loaded faiss with AVX2 support.
INFO:root:[8,     0/ 2562] - [Autoencoder Training] [Autoencoder Loss: 0.7255] [autoencoder lr: 1.31e-04][mem: 1.11e+04](363.4 ms)
INFO:root:[8,   100/ 2562] - [Autoencoder Training] [Autoencoder Loss: 0.7254] [autoencoder lr: 1.31e-04][mem: 1.11e+04](363.4 ms)
INFO:root:[8,   200/ 2562] - [Autoencoder Training] [Autoencoder Loss: 0.7253] [autoencoder lr: 1.31e-04][mem: 1.11e+04](363.4 ms)
INFO:root:[8,   300/ 2562] - [Autoencoder Training] [Autoencoder Loss: 0.7252] [autoencoder lr: 1.32e-04][mem: 1.11e+04](363.4 ms)
INFO:root:[8,   400/ 2562] - [Autoencoder Training] [Autoencoder Loss: 0.7252] [autoencoder lr: 1.32e-04][mem: 1.11e+04](363.4 ms)
INFO:root:[8,   500/ 2562] - [Autoencoder Training] [Autoencoder Loss: 0.7251] [autoencoder lr: 1.32e-04][mem: 1.11e+04](363.4 ms)
INFO:root:[8,   600/ 2562] - [Autoencoder Training] [Autoencoder Loss: 0.7250] [autoencoder lr: 1.32e-04][mem: 1.11e+04](363.4 ms)
INFO:root:[8,   700/ 2562] - [Autoencoder Training] [Autoencoder Loss: 0.7249] [autoencoder lr: 1.33e-04][mem: 1.11e+04](363.4 ms)
INFO:root:[8,   800/ 2562] - [Autoencoder Training] [Autoencoder Loss: 0.7248] [autoencoder lr: 1.33e-04][mem: 1.11e+04](363.4 ms)
INFO:root:[8,   900/ 2562] - [Autoencoder Training] [Autoencoder Loss: 0.7247] [autoencoder lr: 1.33e-04][mem: 1.11e+04](363.4 ms)
INFO:root:[8,  1000/ 2562] - [Autoencoder Training] [Autoencoder Loss: 0.7246] [autoencoder lr: 1.33e-04][mem: 1.11e+04](363.4 ms)
INFO:root:[8,  1100/ 2562] - [Autoencoder Training] [Autoencoder Loss: 0.7246] [autoencoder lr: 1.34e-04][mem: 1.11e+04](363.4 ms)
INFO:root:[8,  1200/ 2562] - [Autoencoder Training] [Autoencoder Loss: 0.7245] [autoencoder lr: 1.34e-04][mem: 1.11e+04](363.4 ms)
INFO:root:[8,  1300/ 2562] - [Autoencoder Training] [Autoencoder Loss: 0.7244] [autoencoder lr: 1.34e-04][mem: 1.11e+04](363.4 ms)
INFO:root:[8,  1400/ 2562] - [Autoencoder Training] [Autoencoder Loss: 0.7243] [autoencoder lr: 1.34e-04][mem: 1.11e+04](363.4 ms)
INFO:root:[8,  1500/ 2562] - [Autoencoder Training] [Autoencoder Loss: 0.7242] [autoencoder lr: 1.35e-04][mem: 1.11e+04](363.4 ms)
INFO:root:[8,  1600/ 2562] - [Autoencoder Training] [Autoencoder Loss: 0.7242] [autoencoder lr: 1.35e-04][mem: 1.11e+04](363.4 ms)
INFO:root:[8,  1700/ 2562] - [Autoencoder Training] [Autoencoder Loss: 0.7241] [autoencoder lr: 1.35e-04][mem: 1.11e+04](363.4 ms)
INFO:root:[8,  1800/ 2562] - [Autoencoder Training] [Autoencoder Loss: 0.7240] [autoencoder lr: 1.35e-04][mem: 1.11e+04](363.4 ms)
INFO:root:[8,  1900/ 2562] - [Autoencoder Training] [Autoencoder Loss: 0.7239] [autoencoder lr: 1.36e-04][mem: 1.11e+04](363.4 ms)
INFO:root:[8,  2000/ 2562] - [Autoencoder Training] [Autoencoder Loss: 0.7239] [autoencoder lr: 1.36e-04][mem: 1.11e+04](363.4 ms)
INFO:root:[8,  2100/ 2562] - [Autoencoder Training] [Autoencoder Loss: 0.7238] [autoencoder lr: 1.36e-04][mem: 1.11e+04](363.4 ms)
INFO:root:[8,  2200/ 2562] - [Autoencoder Training] [Autoencoder Loss: 0.7237] [autoencoder lr: 1.36e-04][mem: 1.11e+04](363.4 ms)
INFO:root:[8,  2300/ 2562] - [Autoencoder Training] [Autoencoder Loss: 0.7237] [autoencoder lr: 1.37e-04][mem: 1.11e+04](363.4 ms)
INFO:root:[8,  2400/ 2562] - [Autoencoder Training] [Autoencoder Loss: 0.7236] [autoencoder lr: 1.37e-04][mem: 1.11e+04](363.4 ms)
INFO:root:[8,  2500/ 2562] - [Autoencoder Training] [Autoencoder Loss: 0.7235] [autoencoder lr: 1.37e-04][mem: 1.11e+04](363.4 ms)
INFO:root: - - Epoch: 9 - - 
INFO:faiss.loader:Loading faiss with AVX2 support.
INFO:faiss.loader:Successfully loaded faiss with AVX2 support.
INFO:faiss.loader:Loading faiss with AVX2 support.
INFO:faiss.loader:Successfully loaded faiss with AVX2 support.
INFO:faiss.loader:Loading faiss with AVX2 support.
INFO:faiss.loader:Successfully loaded faiss with AVX2 support.
INFO:faiss.loader:Loading faiss with AVX2 support.
INFO:faiss.loader:Successfully loaded faiss with AVX2 support.
INFO:faiss.loader:Loading faiss with AVX2 support.
INFO:faiss.loader:Successfully loaded faiss with AVX2 support.
INFO:faiss.loader:Loading faiss with AVX2 support.
INFO:faiss.loader:Successfully loaded faiss with AVX2 support.
INFO:faiss.loader:Loading faiss with AVX2 support.
INFO:faiss.loader:Successfully loaded faiss with AVX2 support.
INFO:faiss.loader:Loading faiss with AVX2 support.
INFO:faiss.loader:Successfully loaded faiss with AVX2 support.
INFO:faiss.loader:Loading faiss with AVX2 support.
INFO:faiss.loader:Successfully loaded faiss with AVX2 support.
INFO:faiss.loader:Loading faiss with AVX2 support.
INFO:faiss.loader:Successfully loaded faiss with AVX2 support.
INFO:faiss.loader:Loading faiss with AVX2 support.
INFO:faiss.loader:Successfully loaded faiss with AVX2 support.
INFO:faiss.loader:Loading faiss with AVX2 support.
INFO:faiss.loader:Successfully loaded faiss with AVX2 support.
INFO:faiss.loader:Loading faiss with AVX2 support.
INFO:faiss.loader:Successfully loaded faiss with AVX2 support.
INFO:faiss.loader:Loading faiss with AVX2 support.
INFO:faiss.loader:Successfully loaded faiss with AVX2 support.
INFO:faiss.loader:Loading faiss with AVX2 support.
INFO:faiss.loader:Successfully loaded faiss with AVX2 support.
INFO:faiss.loader:Loading faiss with AVX2 support.
INFO:faiss.loader:Successfully loaded faiss with AVX2 support.
INFO:root:[9,     0/ 2562] - [Autoencoder Training] [Autoencoder Loss: 0.7235] [autoencoder lr: 1.37e-04][mem: 1.11e+04](363.4 ms)
INFO:root:[9,   100/ 2562] - [Autoencoder Training] [Autoencoder Loss: 0.7234] [autoencoder lr: 1.38e-04][mem: 1.11e+04](363.4 ms)
INFO:root:[9,   200/ 2562] - [Autoencoder Training] [Autoencoder Loss: 0.7233] [autoencoder lr: 1.38e-04][mem: 1.11e+04](363.4 ms)
INFO:root:[9,   300/ 2562] - [Autoencoder Training] [Autoencoder Loss: 0.7233] [autoencoder lr: 1.38e-04][mem: 1.11e+04](363.4 ms)
INFO:root:[9,   400/ 2562] - [Autoencoder Training] [Autoencoder Loss: 0.7232] [autoencoder lr: 1.38e-04][mem: 1.11e+04](363.4 ms)
INFO:root:[9,   500/ 2562] - [Autoencoder Training] [Autoencoder Loss: 0.7231] [autoencoder lr: 1.39e-04][mem: 1.11e+04](363.4 ms)
INFO:root:[9,   600/ 2562] - [Autoencoder Training] [Autoencoder Loss: 0.7231] [autoencoder lr: 1.39e-04][mem: 1.11e+04](363.4 ms)
INFO:root:[9,   700/ 2562] - [Autoencoder Training] [Autoencoder Loss: 0.7230] [autoencoder lr: 1.39e-04][mem: 1.11e+04](363.4 ms)
INFO:root:[9,   800/ 2562] - [Autoencoder Training] [Autoencoder Loss: 0.7229] [autoencoder lr: 1.39e-04][mem: 1.11e+04](363.4 ms)
INFO:root:[9,   900/ 2562] - [Autoencoder Training] [Autoencoder Loss: 0.7229] [autoencoder lr: 1.40e-04][mem: 1.11e+04](363.4 ms)
INFO:root:[9,  1000/ 2562] - [Autoencoder Training] [Autoencoder Loss: 0.7228] [autoencoder lr: 1.40e-04][mem: 1.11e+04](363.4 ms)
INFO:root:[9,  1100/ 2562] - [Autoencoder Training] [Autoencoder Loss: 0.7228] [autoencoder lr: 1.40e-04][mem: 1.11e+04](363.4 ms)
INFO:root:[9,  1200/ 2562] - [Autoencoder Training] [Autoencoder Loss: 0.7227] [autoencoder lr: 1.40e-04][mem: 1.11e+04](363.4 ms)
INFO:root:[9,  1300/ 2562] - [Autoencoder Training] [Autoencoder Loss: 0.7226] [autoencoder lr: 1.41e-04][mem: 1.11e+04](363.4 ms)
INFO:root:[9,  1400/ 2562] - [Autoencoder Training] [Autoencoder Loss: 0.7226] [autoencoder lr: 1.41e-04][mem: 1.11e+04](363.4 ms)
INFO:root:[9,  1500/ 2562] - [Autoencoder Training] [Autoencoder Loss: 0.7225] [autoencoder lr: 1.41e-04][mem: 1.11e+04](363.4 ms)
INFO:root:[9,  1600/ 2562] - [Autoencoder Training] [Autoencoder Loss: 0.7225] [autoencoder lr: 1.41e-04][mem: 1.11e+04](363.4 ms)
INFO:root:[9,  1700/ 2562] - [Autoencoder Training] [Autoencoder Loss: 0.7224] [autoencoder lr: 1.42e-04][mem: 1.11e+04](363.4 ms)
INFO:root:[9,  1800/ 2562] - [Autoencoder Training] [Autoencoder Loss: 0.7224] [autoencoder lr: 1.42e-04][mem: 1.11e+04](363.4 ms)
INFO:root:[9,  1900/ 2562] - [Autoencoder Training] [Autoencoder Loss: 0.7223] [autoencoder lr: 1.42e-04][mem: 1.11e+04](363.4 ms)
INFO:root:[9,  2000/ 2562] - [Autoencoder Training] [Autoencoder Loss: 0.7222] [autoencoder lr: 1.42e-04][mem: 1.11e+04](363.4 ms)
INFO:root:[9,  2100/ 2562] - [Autoencoder Training] [Autoencoder Loss: 0.7222] [autoencoder lr: 1.43e-04][mem: 1.11e+04](363.4 ms)
INFO:root:[9,  2200/ 2562] - [Autoencoder Training] [Autoencoder Loss: 0.7221] [autoencoder lr: 1.43e-04][mem: 1.11e+04](363.4 ms)
INFO:root:[9,  2300/ 2562] - [Autoencoder Training] [Autoencoder Loss: 0.7221] [autoencoder lr: 1.43e-04][mem: 1.11e+04](363.4 ms)
INFO:root:[9,  2400/ 2562] - [Autoencoder Training] [Autoencoder Loss: 0.7220] [autoencoder lr: 1.43e-04][mem: 1.11e+04](363.4 ms)
INFO:root:[9,  2500/ 2562] - [Autoencoder Training] [Autoencoder Loss: 0.7220] [autoencoder lr: 1.44e-04][mem: 1.11e+04](363.4 ms)
INFO:root: - - Epoch: 10 - - 
INFO:faiss.loader:Loading faiss with AVX2 support.
INFO:faiss.loader:Successfully loaded faiss with AVX2 support.
INFO:faiss.loader:Loading faiss with AVX2 support.
INFO:faiss.loader:Successfully loaded faiss with AVX2 support.
INFO:faiss.loader:Loading faiss with AVX2 support.
INFO:faiss.loader:Successfully loaded faiss with AVX2 support.
INFO:faiss.loader:Loading faiss with AVX2 support.
INFO:faiss.loader:Successfully loaded faiss with AVX2 support.
INFO:faiss.loader:Loading faiss with AVX2 support.
INFO:faiss.loader:Successfully loaded faiss with AVX2 support.
INFO:faiss.loader:Loading faiss with AVX2 support.
INFO:faiss.loader:Successfully loaded faiss with AVX2 support.
INFO:faiss.loader:Loading faiss with AVX2 support.
INFO:faiss.loader:Successfully loaded faiss with AVX2 support.
INFO:faiss.loader:Loading faiss with AVX2 support.
INFO:faiss.loader:Successfully loaded faiss with AVX2 support.
INFO:faiss.loader:Loading faiss with AVX2 support.
INFO:faiss.loader:Successfully loaded faiss with AVX2 support.
INFO:faiss.loader:Loading faiss with AVX2 support.
INFO:faiss.loader:Successfully loaded faiss with AVX2 support.
INFO:faiss.loader:Loading faiss with AVX2 support.
INFO:faiss.loader:Successfully loaded faiss with AVX2 support.
INFO:faiss.loader:Loading faiss with AVX2 support.
INFO:faiss.loader:Successfully loaded faiss with AVX2 support.
INFO:faiss.loader:Loading faiss with AVX2 support.
INFO:faiss.loader:Successfully loaded faiss with AVX2 support.
INFO:faiss.loader:Loading faiss with AVX2 support.
INFO:faiss.loader:Successfully loaded faiss with AVX2 support.
INFO:faiss.loader:Loading faiss with AVX2 support.
INFO:faiss.loader:Successfully loaded faiss with AVX2 support.
INFO:faiss.loader:Loading faiss with AVX2 support.
INFO:faiss.loader:Successfully loaded faiss with AVX2 support.
INFO:root:[10,     0/ 2562] - [Autoencoder Training] [Autoencoder Loss: 0.7219] [autoencoder lr: 1.44e-04][mem: 1.11e+04](363.4 ms)
INFO:root:[10,   100/ 2562] - [Autoencoder Training] [Autoencoder Loss: 0.7219] [autoencoder lr: 1.44e-04][mem: 1.11e+04](363.4 ms)
INFO:root:[10,   200/ 2562] - [Autoencoder Training] [Autoencoder Loss: 0.7218] [autoencoder lr: 1.44e-04][mem: 1.11e+04](363.4 ms)
INFO:root:[10,   300/ 2562] - [Autoencoder Training] [Autoencoder Loss: 0.7218] [autoencoder lr: 1.45e-04][mem: 1.11e+04](363.4 ms)
INFO:root:[10,   400/ 2562] - [Autoencoder Training] [Autoencoder Loss: 0.7217] [autoencoder lr: 1.45e-04][mem: 1.11e+04](363.4 ms)
INFO:root:[10,   500/ 2562] - [Autoencoder Training] [Autoencoder Loss: 0.7217] [autoencoder lr: 1.45e-04][mem: 1.11e+04](363.4 ms)
INFO:root:[10,   600/ 2562] - [Autoencoder Training] [Autoencoder Loss: 0.7216] [autoencoder lr: 1.45e-04][mem: 1.11e+04](363.4 ms)
INFO:root:[10,   700/ 2562] - [Autoencoder Training] [Autoencoder Loss: 0.7215] [autoencoder lr: 1.46e-04][mem: 1.11e+04](363.4 ms)
INFO:root:[10,   800/ 2562] - [Autoencoder Training] [Autoencoder Loss: 0.7215] [autoencoder lr: 1.46e-04][mem: 1.11e+04](363.4 ms)
INFO:root:[10,   900/ 2562] - [Autoencoder Training] [Autoencoder Loss: 0.7214] [autoencoder lr: 1.46e-04][mem: 1.11e+04](363.4 ms)
INFO:root:[10,  1000/ 2562] - [Autoencoder Training] [Autoencoder Loss: 0.7214] [autoencoder lr: 1.46e-04][mem: 1.11e+04](363.4 ms)
INFO:root:[10,  1100/ 2562] - [Autoencoder Training] [Autoencoder Loss: 0.7213] [autoencoder lr: 1.47e-04][mem: 1.11e+04](363.4 ms)
INFO:root:[10,  1200/ 2562] - [Autoencoder Training] [Autoencoder Loss: 0.7213] [autoencoder lr: 1.47e-04][mem: 1.11e+04](363.4 ms)
INFO:root:[10,  1300/ 2562] - [Autoencoder Training] [Autoencoder Loss: 0.7212] [autoencoder lr: 1.47e-04][mem: 1.11e+04](363.4 ms)
INFO:root:[10,  1400/ 2562] - [Autoencoder Training] [Autoencoder Loss: 0.7212] [autoencoder lr: 1.47e-04][mem: 1.11e+04](363.4 ms)
INFO:root:[10,  1500/ 2562] - [Autoencoder Training] [Autoencoder Loss: 0.7211] [autoencoder lr: 1.48e-04][mem: 1.11e+04](363.4 ms)
INFO:root:[10,  1600/ 2562] - [Autoencoder Training] [Autoencoder Loss: 0.7211] [autoencoder lr: 1.48e-04][mem: 1.11e+04](363.4 ms)
INFO:root:[10,  1700/ 2562] - [Autoencoder Training] [Autoencoder Loss: 0.7210] [autoencoder lr: 1.48e-04][mem: 1.11e+04](363.4 ms)
INFO:root:[10,  1800/ 2562] - [Autoencoder Training] [Autoencoder Loss: 0.7210] [autoencoder lr: 1.48e-04][mem: 1.11e+04](363.4 ms)
INFO:root:[10,  1900/ 2562] - [Autoencoder Training] [Autoencoder Loss: 0.7209] [autoencoder lr: 1.49e-04][mem: 1.11e+04](363.4 ms)
INFO:root:[10,  2000/ 2562] - [Autoencoder Training] [Autoencoder Loss: 0.7209] [autoencoder lr: 1.49e-04][mem: 1.11e+04](363.4 ms)
INFO:root:[10,  2100/ 2562] - [Autoencoder Training] [Autoencoder Loss: 0.7208] [autoencoder lr: 1.49e-04][mem: 1.11e+04](363.4 ms)
INFO:root:[10,  2200/ 2562] - [Autoencoder Training] [Autoencoder Loss: 0.7208] [autoencoder lr: 1.49e-04][mem: 1.11e+04](363.4 ms)
INFO:root:[10,  2300/ 2562] - [Autoencoder Training] [Autoencoder Loss: 0.7207] [autoencoder lr: 1.50e-04][mem: 1.11e+04](363.4 ms)
INFO:root:[10,  2400/ 2562] - [Autoencoder Training] [Autoencoder Loss: 0.7207] [autoencoder lr: 1.50e-04][mem: 1.11e+04](363.4 ms)
INFO:root:[10,  2500/ 2562] - [Autoencoder Training] [Autoencoder Loss: 0.7206] [autoencoder lr: 1.50e-04][mem: 1.11e+04](363.4 ms)
INFO:root:Initializing centroids...
INFO:root:Update Step...
/home/rtcalumby/miniconda3/envs/py382/lib/python3.12/site-packages/faiss/contrib/torch_utils.py:51: UserWarning: TypedStorage is deprecated. It will be removed in the future and UntypedStorage will be the only storage class. This should only matter to you if you are using storages directly.  To access UntypedStorage directly, use tensor.untyped_storage() instead of tensor.storage()
  x.storage().data_ptr() + x.storage_offset() * 4)
INFO:root:Epoch 1
INFO:faiss.loader:Loading faiss with AVX2 support.
INFO:faiss.loader:Successfully loaded faiss with AVX2 support.
INFO:faiss.loader:Loading faiss with AVX2 support.
INFO:faiss.loader:Successfully loaded faiss with AVX2 support.
INFO:faiss.loader:Loading faiss with AVX2 support.
INFO:faiss.loader:Successfully loaded faiss with AVX2 support.
INFO:faiss.loader:Loading faiss with AVX2 support.
INFO:faiss.loader:Successfully loaded faiss with AVX2 support.
INFO:faiss.loader:Loading faiss with AVX2 support.
INFO:faiss.loader:Successfully loaded faiss with AVX2 support.
INFO:faiss.loader:Loading faiss with AVX2 support.
INFO:faiss.loader:Successfully loaded faiss with AVX2 support.
INFO:faiss.loader:Loading faiss with AVX2 support.
INFO:faiss.loader:Successfully loaded faiss with AVX2 support.
INFO:faiss.loader:Loading faiss with AVX2 support.
INFO:faiss.loader:Successfully loaded faiss with AVX2 support.
INFO:faiss.loader:Loading faiss with AVX2 support.
INFO:faiss.loader:Successfully loaded faiss with AVX2 support.
INFO:faiss.loader:Loading faiss with AVX2 support.
INFO:faiss.loader:Successfully loaded faiss with AVX2 support.
INFO:faiss.loader:Loading faiss with AVX2 support.
INFO:faiss.loader:Successfully loaded faiss with AVX2 support.
INFO:faiss.loader:Loading faiss with AVX2 support.
INFO:faiss.loader:Successfully loaded faiss with AVX2 support.
INFO:faiss.loader:Loading faiss with AVX2 support.
INFO:faiss.loader:Successfully loaded faiss with AVX2 support.
INFO:faiss.loader:Loading faiss with AVX2 support.
INFO:faiss.loader:Successfully loaded faiss with AVX2 support.
INFO:faiss.loader:Loading faiss with AVX2 support.
INFO:faiss.loader:Successfully loaded faiss with AVX2 support.
INFO:faiss.loader:Loading faiss with AVX2 support.
INFO:faiss.loader:Successfully loaded faiss with AVX2 support.
INFO:root:[1,     0/ 2562] - train_losses - Parent Class: 6.9857 - Children class: 8.3720 -Autoencoder Loss (total): 275.1161 - Reconstruction/K-Means Loss: [0.7206 / 274.3955] - Consistency Loss: [0.0000] - VICReg Loss: [0.0000][wd: 5.00e-02] [lr: 9.00e-05] [autoencoder lr: 1.50e-04][mem: 6.67e+04] (1813.8 ms)
INFO:root:[1,     0] grad_stats: [2.71e-04 4.45e-03] (3.68e-08, 2.43e+00)
INFO:root:[1,    50/ 2562] - train_losses - Parent Class: 5.9577 - Children class: 6.7226 -Autoencoder Loss (total): 370.6885 - Reconstruction/K-Means Loss: [0.7195 / 369.9690] - Consistency Loss: [0.0000] - VICReg Loss: [0.0000][wd: 5.00e-02] [lr: 9.01e-05] [autoencoder lr: 1.50e-04][mem: 7.18e+04] (1180.5 ms)
INFO:root:[1,    50] grad_stats: [1.85e-04 2.31e-02] (6.64e-08, 6.29e+00)
INFO:root:[1,   100/ 2562] - train_losses - Parent Class: 5.8407 - Children class: 6.3669 -Autoencoder Loss (total): 376.1106 - Reconstruction/K-Means Loss: [0.7184 / 375.3923] - Consistency Loss: [0.0000] - VICReg Loss: [0.0000][wd: 5.00e-02] [lr: 9.03e-05] [autoencoder lr: 1.51e-04][mem: 7.18e+04] (1173.5 ms)
INFO:root:[1,   100] grad_stats: [1.82e-04 2.78e-02] (6.92e-08, 5.72e+00)
INFO:root:[1,   150/ 2562] - train_losses - Parent Class: 5.7843 - Children class: 6.2242 -Autoencoder Loss (total): 378.7314 - Reconstruction/K-Means Loss: [0.7172 / 378.0142] - Consistency Loss: [0.0000] - VICReg Loss: [0.0000][wd: 5.00e-02] [lr: 9.04e-05] [autoencoder lr: 1.51e-04][mem: 7.18e+04] (1173.0 ms)
INFO:root:[1,   150] grad_stats: [3.41e-04 2.74e-02] (1.43e-07, 5.35e+00)
INFO:root:[1,   200/ 2562] - train_losses - Parent Class: 5.7625 - Children class: 6.1591 -Autoencoder Loss (total): 380.4324 - Reconstruction/K-Means Loss: [0.7161 / 379.7163] - Consistency Loss: [0.0000] - VICReg Loss: [0.0000][wd: 5.00e-02] [lr: 9.06e-05] [autoencoder lr: 1.51e-04][mem: 7.18e+04] (1174.0 ms)
INFO:root:[1,   200] grad_stats: [5.54e-04 2.46e-02] (2.33e-07, 4.41e+00)
INFO:root:[1,   250/ 2562] - train_losses - Parent Class: 5.7520 - Children class: 6.1270 -Autoencoder Loss (total): 381.7141 - Reconstruction/K-Means Loss: [0.7149 / 380.9991] - Consistency Loss: [0.0000] - VICReg Loss: [0.0000][wd: 5.00e-02] [lr: 9.07e-05] [autoencoder lr: 1.51e-04][mem: 7.18e+04] (1176.0 ms)
INFO:root:[1,   250] grad_stats: [1.76e-03 2.06e-02] (1.18e-06, 4.65e+00)
INFO:root:[1,   300/ 2562] - train_losses - Parent Class: 5.7360 - Children class: 6.0925 -Autoencoder Loss (total): 382.7129 - Reconstruction/K-Means Loss: [0.7139 / 381.9990] - Consistency Loss: [0.0000] - VICReg Loss: [0.0000][wd: 5.00e-02] [lr: 9.09e-05] [autoencoder lr: 1.51e-04][mem: 7.18e+04] (1178.3 ms)
INFO:root:[1,   300] grad_stats: [2.03e-01 2.68e-02] (3.07e-06, 4.41e+00)
INFO:root:[1,   350/ 2562] - train_losses - Parent Class: 5.7252 - Children class: 6.0689 -Autoencoder Loss (total): 383.7983 - Reconstruction/K-Means Loss: [0.7131 / 383.0853] - Consistency Loss: [0.0000] - VICReg Loss: [0.0000][wd: 5.00e-02] [lr: 9.10e-05] [autoencoder lr: 1.51e-04][mem: 7.18e+04] (1180.7 ms)
INFO:root:[1,   350] grad_stats: [2.35e-02 2.78e-02] (2.73e-06, 4.50e+00)
INFO:root:[1,   400/ 2562] - train_losses - Parent Class: 5.7155 - Children class: 6.0496 -Autoencoder Loss (total): 384.4310 - Reconstruction/K-Means Loss: [0.7124 / 383.7187] - Consistency Loss: [0.0000] - VICReg Loss: [0.0000][wd: 5.00e-02] [lr: 9.12e-05] [autoencoder lr: 1.51e-04][mem: 7.18e+04] (1183.1 ms)
INFO:root:[1,   400] grad_stats: [8.92e-02 4.92e-02] (7.37e-06, 4.70e+00)
INFO:root:[1,   450/ 2562] - train_losses - Parent Class: 5.7012 - Children class: 6.0272 -Autoencoder Loss (total): 384.8967 - Reconstruction/K-Means Loss: [0.7117 / 384.1850] - Consistency Loss: [0.0000] - VICReg Loss: [0.0000][wd: 5.00e-02] [lr: 9.13e-05] [autoencoder lr: 1.52e-04][mem: 7.18e+04] (1185.8 ms)
INFO:root:[1,   450] grad_stats: [2.85e-01 5.34e-02] (3.56e-05, 5.44e+00)
INFO:root:[1,   500/ 2562] - train_losses - Parent Class: 5.6905 - Children class: 6.0102 -Autoencoder Loss (total): 385.3477 - Reconstruction/K-Means Loss: [0.7109 / 384.6368] - Consistency Loss: [0.0000] - VICReg Loss: [0.0000][wd: 5.00e-02] [lr: 9.15e-05] [autoencoder lr: 1.52e-04][mem: 7.18e+04] (1188.6 ms)
INFO:root:[1,   500] grad_stats: [1.01e-01 4.07e-02] (1.62e-05, 4.46e+00)
INFO:root:[1,   550/ 2562] - train_losses - Parent Class: 5.6800 - Children class: 5.9941 -Autoencoder Loss (total): 385.7393 - Reconstruction/K-Means Loss: [0.7099 / 385.0295] - Consistency Loss: [0.0000] - VICReg Loss: [0.0000][wd: 5.00e-02] [lr: 9.16e-05] [autoencoder lr: 1.52e-04][mem: 7.18e+04] (1191.7 ms)
INFO:root:[1,   550] grad_stats: [8.94e-02 8.00e-02] (3.29e-05, 4.05e+00)
INFO:root:[1,   600/ 2562] - train_losses - Parent Class: 5.6667 - Children class: 5.9761 -Autoencoder Loss (total): 386.1092 - Reconstruction/K-Means Loss: [0.7089 / 385.4004] - Consistency Loss: [0.0000] - VICReg Loss: [0.0000][wd: 5.00e-02] [lr: 9.17e-05] [autoencoder lr: 1.52e-04][mem: 7.18e+04] (1195.0 ms)
INFO:root:[1,   600] grad_stats: [8.17e-02 6.87e-02] (5.48e-05, 4.36e+00)
INFO:root:[1,   650/ 2562] - train_losses - Parent Class: 5.6564 - Children class: 5.9618 -Autoencoder Loss (total): 386.5505 - Reconstruction/K-Means Loss: [0.7078 / 385.8428] - Consistency Loss: [0.0000] - VICReg Loss: [0.0000][wd: 5.00e-02] [lr: 9.19e-05] [autoencoder lr: 1.52e-04][mem: 7.18e+04] (1198.1 ms)
INFO:root:[1,   650] grad_stats: [1.26e-01 4.53e-02] (5.64e-05, 4.39e+00)
INFO:root:[1,   700/ 2562] - train_losses - Parent Class: 5.6486 - Children class: 5.9519 -Autoencoder Loss (total): 386.9860 - Reconstruction/K-Means Loss: [0.7068 / 386.2792] - Consistency Loss: [0.0000] - VICReg Loss: [0.0000][wd: 5.00e-02] [lr: 9.20e-05] [autoencoder lr: 1.52e-04][mem: 7.18e+04] (1201.3 ms)
INFO:root:[1,   700] grad_stats: [2.01e-01 1.44e-01] (1.31e-04, 4.68e+00)
INFO:root:[1,   750/ 2562] - train_losses - Parent Class: 5.6358 - Children class: 5.9372 -Autoencoder Loss (total): 387.2205 - Reconstruction/K-Means Loss: [0.7059 / 386.5146] - Consistency Loss: [0.0000] - VICReg Loss: [0.0000][wd: 5.00e-02] [lr: 9.22e-05] [autoencoder lr: 1.52e-04][mem: 7.18e+04] (1204.6 ms)
INFO:root:[1,   750] grad_stats: [2.53e-01 1.52e-01] (2.11e-04, 4.72e+00)
INFO:root:[1,   800/ 2562] - train_losses - Parent Class: 5.6230 - Children class: 5.9225 -Autoencoder Loss (total): 387.3547 - Reconstruction/K-Means Loss: [0.7051 / 386.6496] - Consistency Loss: [0.0000] - VICReg Loss: [0.0000][wd: 5.00e-02] [lr: 9.23e-05] [autoencoder lr: 1.52e-04][mem: 7.18e+04] (1208.0 ms)
INFO:root:[1,   800] grad_stats: [1.89e-01 9.91e-02] (9.93e-05, 4.48e+00)
INFO:root:[1,   850/ 2562] - train_losses - Parent Class: 5.6107 - Children class: 5.9078 -Autoencoder Loss (total): 387.5419 - Reconstruction/K-Means Loss: [0.7041 / 386.8378] - Consistency Loss: [0.0000] - VICReg Loss: [0.0000][wd: 5.00e-02] [lr: 9.25e-05] [autoencoder lr: 1.53e-04][mem: 7.18e+04] (1211.3 ms)
INFO:root:[1,   850] grad_stats: [1.99e-01 4.33e-01] (3.81e-04, 4.73e+00)
INFO:root:[1,   900/ 2562] - train_losses - Parent Class: 5.5977 - Children class: 5.8925 -Autoencoder Loss (total): 387.7026 - Reconstruction/K-Means Loss: [0.7031 / 386.9995] - Consistency Loss: [0.0000] - VICReg Loss: [0.0000][wd: 5.00e-02] [lr: 9.26e-05] [autoencoder lr: 1.53e-04][mem: 7.18e+04] (1214.9 ms)
INFO:root:[1,   900] grad_stats: [3.73e-01 1.78e-01] (2.99e-04, 4.67e+00)
INFO:root:[1,   950/ 2562] - train_losses - Parent Class: 5.5841 - Children class: 5.8765 -Autoencoder Loss (total): 388.0198 - Reconstruction/K-Means Loss: [0.7021 / 387.3178] - Consistency Loss: [0.0000] - VICReg Loss: [0.0000][wd: 5.00e-02] [lr: 9.28e-05] [autoencoder lr: 1.53e-04][mem: 7.18e+04] (1218.4 ms)
INFO:root:[1,   950] grad_stats: [7.22e-01 2.29e-01] (5.08e-04, 4.79e+00)
INFO:root:[1,  1000/ 2562] - train_losses - Parent Class: 5.5701 - Children class: 5.8601 -Autoencoder Loss (total): 388.1529 - Reconstruction/K-Means Loss: [0.7010 / 387.4518] - Consistency Loss: [0.0000] - VICReg Loss: [0.0000][wd: 5.01e-02] [lr: 9.29e-05] [autoencoder lr: 1.53e-04][mem: 7.18e+04] (1221.9 ms)
INFO:root:[1,  1000] grad_stats: [2.68e-01 2.99e-01] (2.92e-04, 4.20e+00)
INFO:root:[1,  1050/ 2562] - train_losses - Parent Class: 5.5575 - Children class: 5.8456 -Autoencoder Loss (total): 388.3877 - Reconstruction/K-Means Loss: [0.7000 / 387.6877] - Consistency Loss: [0.0000] - VICReg Loss: [0.0000][wd: 5.01e-02] [lr: 9.30e-05] [autoencoder lr: 1.53e-04][mem: 7.18e+04] (1225.4 ms)
INFO:root:[1,  1050] grad_stats: [3.08e-01 2.24e-01] (3.17e-04, 4.60e+00)
INFO:root:[1,  1100/ 2562] - train_losses - Parent Class: 5.5442 - Children class: 5.8305 -Autoencoder Loss (total): 388.5414 - Reconstruction/K-Means Loss: [0.6990 / 387.8424] - Consistency Loss: [0.0000] - VICReg Loss: [0.0000][wd: 5.01e-02] [lr: 9.32e-05] [autoencoder lr: 1.53e-04][mem: 7.18e+04] (1229.2 ms)
INFO:root:[1,  1100] grad_stats: [3.42e-01 1.66e-01] (5.62e-04, 4.66e+00)
INFO:root:[1,  1150/ 2562] - train_losses - Parent Class: 5.5333 - Children class: 5.8178 -Autoencoder Loss (total): 388.6738 - Reconstruction/K-Means Loss: [0.6980 / 387.9758] - Consistency Loss: [0.0000] - VICReg Loss: [0.0000][wd: 5.01e-02] [lr: 9.33e-05] [autoencoder lr: 1.53e-04][mem: 7.18e+04] (1232.8 ms)
INFO:root:[1,  1150] grad_stats: [4.50e-01 3.17e-01] (2.75e-04, 4.59e+00)
INFO:root:[1,  1200/ 2562] - train_losses - Parent Class: 5.5214 - Children class: 5.8048 -Autoencoder Loss (total): 388.8408 - Reconstruction/K-Means Loss: [0.6970 / 388.1438] - Consistency Loss: [0.0000] - VICReg Loss: [0.0000][wd: 5.01e-02] [lr: 9.35e-05] [autoencoder lr: 1.53e-04][mem: 7.18e+04] (1236.5 ms)
INFO:root:[1,  1200] grad_stats: [3.24e-01 3.22e-01] (6.26e-04, 4.61e+00)
INFO:root:[1,  1250/ 2562] - train_losses - Parent Class: 5.5109 - Children class: 5.7931 -Autoencoder Loss (total): 388.9816 - Reconstruction/K-Means Loss: [0.6960 / 388.2855] - Consistency Loss: [0.0000] - VICReg Loss: [0.0000][wd: 5.01e-02] [lr: 9.36e-05] [autoencoder lr: 1.54e-04][mem: 7.18e+04] (1240.2 ms)
INFO:root:[1,  1250] grad_stats: [3.10e-01 2.71e-01] (7.33e-04, 4.66e+00)
INFO:root:[1,  1300/ 2562] - train_losses - Parent Class: 5.4999 - Children class: 5.7813 -Autoencoder Loss (total): 389.0036 - Reconstruction/K-Means Loss: [0.6951 / 388.3086] - Consistency Loss: [0.0000] - VICReg Loss: [0.0000][wd: 5.01e-02] [lr: 9.38e-05] [autoencoder lr: 1.54e-04][mem: 7.18e+04] (1243.9 ms)
INFO:root:[1,  1300] grad_stats: [4.52e-01 2.83e-01] (1.12e-03, 5.17e+00)
INFO:root:[1,  1350/ 2562] - train_losses - Parent Class: 5.4886 - Children class: 5.7690 -Autoencoder Loss (total): 389.0445 - Reconstruction/K-Means Loss: [0.6941 / 388.3504] - Consistency Loss: [0.0000] - VICReg Loss: [0.0000][wd: 5.01e-02] [lr: 9.39e-05] [autoencoder lr: 1.54e-04][mem: 7.18e+04] (1247.8 ms)
INFO:root:[1,  1350] grad_stats: [2.79e-01 1.61e-01] (7.40e-04, 4.65e+00)
INFO:root:[1,  1400/ 2562] - train_losses - Parent Class: 5.4776 - Children class: 5.7574 -Autoencoder Loss (total): 389.1500 - Reconstruction/K-Means Loss: [0.6932 / 388.4568] - Consistency Loss: [0.0000] - VICReg Loss: [0.0000][wd: 5.01e-02] [lr: 9.41e-05] [autoencoder lr: 1.54e-04][mem: 7.18e+04] (1251.8 ms)
INFO:root:[1,  1400] grad_stats: [3.15e-01 2.95e-01] (1.60e-03, 4.76e+00)
INFO:root:[1,  1450/ 2562] - train_losses - Parent Class: 5.4656 - Children class: 5.7441 -Autoencoder Loss (total): 389.1665 - Reconstruction/K-Means Loss: [0.6923 / 388.4742] - Consistency Loss: [0.0000] - VICReg Loss: [0.0000][wd: 5.01e-02] [lr: 9.42e-05] [autoencoder lr: 1.54e-04][mem: 7.18e+04] (1255.9 ms)
INFO:root:[1,  1450] grad_stats: [5.11e-01 2.95e-01] (1.75e-03, 4.49e+00)
INFO:root:[1,  1500/ 2562] - train_losses - Parent Class: 5.4540 - Children class: 5.7319 -Autoencoder Loss (total): 389.2128 - Reconstruction/K-Means Loss: [0.6914 / 388.5215] - Consistency Loss: [0.0000] - VICReg Loss: [0.0000][wd: 5.01e-02] [lr: 9.44e-05] [autoencoder lr: 1.54e-04][mem: 7.18e+04] (1260.0 ms)
INFO:root:[1,  1500] grad_stats: [5.35e-01 2.28e-01] (1.27e-03, 4.41e+00)
INFO:root:[1,  1550/ 2562] - train_losses - Parent Class: 5.4436 - Children class: 5.7208 -Autoencoder Loss (total): 389.2170 - Reconstruction/K-Means Loss: [0.6905 / 388.5266] - Consistency Loss: [0.0000] - VICReg Loss: [0.0000][wd: 5.01e-02] [lr: 9.45e-05] [autoencoder lr: 1.54e-04][mem: 7.18e+04] (1264.2 ms)
INFO:root:[1,  1550] grad_stats: [2.55e-01 2.05e-01] (8.95e-04, 4.69e+00)
INFO:root:[1,  1600/ 2562] - train_losses - Parent Class: 5.4341 - Children class: 5.7108 -Autoencoder Loss (total): 389.2881 - Reconstruction/K-Means Loss: [0.6896 / 388.5985] - Consistency Loss: [0.0000] - VICReg Loss: [0.0000][wd: 5.01e-02] [lr: 9.46e-05] [autoencoder lr: 1.54e-04][mem: 7.18e+04] (1268.2 ms)
INFO:root:[1,  1600] grad_stats: [2.55e-01 1.37e-01] (1.62e-03, 4.30e+00)
INFO:root:[1,  1650/ 2562] - train_losses - Parent Class: 5.4246 - Children class: 5.7007 -Autoencoder Loss (total): 389.3111 - Reconstruction/K-Means Loss: [0.6887 / 388.6224] - Consistency Loss: [0.0000] - VICReg Loss: [0.0000][wd: 5.01e-02] [lr: 9.48e-05] [autoencoder lr: 1.55e-04][mem: 7.18e+04] (1272.1 ms)
INFO:root:[1,  1650] grad_stats: [4.00e-01 2.33e-01] (8.90e-04, 4.60e+00)
INFO:root:[1,  1700/ 2562] - train_losses - Parent Class: 5.4161 - Children class: 5.6918 -Autoencoder Loss (total): 389.4055 - Reconstruction/K-Means Loss: [0.6879 / 388.7176] - Consistency Loss: [0.0000] - VICReg Loss: [0.0000][wd: 5.02e-02] [lr: 9.49e-05] [autoencoder lr: 1.55e-04][mem: 7.18e+04] (1276.1 ms)
INFO:root:[1,  1700] grad_stats: [3.47e-01 2.60e-01] (1.40e-03, 4.25e+00)
INFO:root:[1,  1750/ 2562] - train_losses - Parent Class: 5.4064 - Children class: 5.6815 -Autoencoder Loss (total): 389.4745 - Reconstruction/K-Means Loss: [0.6870 / 388.7874] - Consistency Loss: [0.0000] - VICReg Loss: [0.0000][wd: 5.02e-02] [lr: 9.51e-05] [autoencoder lr: 1.55e-04][mem: 7.18e+04] (1280.2 ms)
INFO:root:[1,  1750] grad_stats: [3.03e-01 2.44e-01] (9.53e-04, 4.55e+00)
INFO:root:[1,  1800/ 2562] - train_losses - Parent Class: 5.3971 - Children class: 5.6718 -Autoencoder Loss (total): 389.5572 - Reconstruction/K-Means Loss: [0.6862 / 388.8710] - Consistency Loss: [0.0000] - VICReg Loss: [0.0000][wd: 5.02e-02] [lr: 9.52e-05] [autoencoder lr: 1.55e-04][mem: 7.18e+04] (1284.4 ms)
INFO:root:[1,  1800] grad_stats: [5.84e-01 2.62e-01] (2.04e-03, 4.56e+00)
INFO:root:[1,  1850/ 2562] - train_losses - Parent Class: 5.3881 - Children class: 5.6621 -Autoencoder Loss (total): 389.5751 - Reconstruction/K-Means Loss: [0.6853 / 388.8898] - Consistency Loss: [0.0000] - VICReg Loss: [0.0000][wd: 5.02e-02] [lr: 9.54e-05] [autoencoder lr: 1.55e-04][mem: 7.18e+04] (1288.4 ms)
INFO:root:[1,  1850] grad_stats: [5.24e-01 2.65e-01] (9.94e-04, 4.86e+00)
INFO:root:[1,  1900/ 2562] - train_losses - Parent Class: 5.3791 - Children class: 5.6525 -Autoencoder Loss (total): 389.6068 - Reconstruction/K-Means Loss: [0.6844 / 388.9223] - Consistency Loss: [0.0000] - VICReg Loss: [0.0000][wd: 5.02e-02] [lr: 9.55e-05] [autoencoder lr: 1.55e-04][mem: 7.18e+04] (1292.7 ms)
INFO:root:[1,  1900] grad_stats: [3.66e-01 2.65e-01] (1.54e-03, 4.54e+00)
INFO:root:[1,  1950/ 2562] - train_losses - Parent Class: 5.3706 - Children class: 5.6432 -Autoencoder Loss (total): 389.6342 - Reconstruction/K-Means Loss: [0.6836 / 388.9506] - Consistency Loss: [0.0000] - VICReg Loss: [0.0000][wd: 5.02e-02] [lr: 9.57e-05] [autoencoder lr: 1.55e-04][mem: 7.18e+04] (1296.9 ms)
INFO:root:[1,  1950] grad_stats: [4.79e-01 2.53e-01] (1.12e-03, 4.37e+00)
INFO:root:[1,  2000/ 2562] - train_losses - Parent Class: 5.3623 - Children class: 5.6343 -Autoencoder Loss (total): 389.6599 - Reconstruction/K-Means Loss: [0.6828 / 388.9771] - Consistency Loss: [0.0000] - VICReg Loss: [0.0000][wd: 5.02e-02] [lr: 9.58e-05] [autoencoder lr: 1.55e-04][mem: 7.18e+04] (1301.1 ms)
INFO:root:[1,  2000] grad_stats: [5.01e-01 3.28e-01] (2.26e-03, 4.43e+00)
INFO:root:[1,  2050/ 2562] - train_losses - Parent Class: 5.3533 - Children class: 5.6246 -Autoencoder Loss (total): 389.6862 - Reconstruction/K-Means Loss: [0.6819 / 389.0043] - Consistency Loss: [0.0000] - VICReg Loss: [0.0000][wd: 5.02e-02] [lr: 9.59e-05] [autoencoder lr: 1.56e-04][mem: 7.18e+04] (1305.2 ms)
INFO:root:[1,  2050] grad_stats: [3.86e-01 3.24e-01] (1.54e-03, 4.52e+00)
INFO:root:[1,  2100/ 2562] - train_losses - Parent Class: 5.3451 - Children class: 5.6158 -Autoencoder Loss (total): 389.7112 - Reconstruction/K-Means Loss: [0.6811 / 389.0301] - Consistency Loss: [0.0000] - VICReg Loss: [0.0000][wd: 5.02e-02] [lr: 9.61e-05] [autoencoder lr: 1.56e-04][mem: 7.18e+04] (1309.5 ms)
INFO:root:[1,  2100] grad_stats: [4.52e-01 3.28e-01] (2.09e-03, 4.34e+00)
INFO:root:[1,  2150/ 2562] - train_losses - Parent Class: 5.3373 - Children class: 5.6075 -Autoencoder Loss (total): 389.7510 - Reconstruction/K-Means Loss: [0.6803 / 389.0707] - Consistency Loss: [0.0000] - VICReg Loss: [0.0000][wd: 5.02e-02] [lr: 9.62e-05] [autoencoder lr: 1.56e-04][mem: 7.18e+04] (1313.5 ms)
INFO:root:[1,  2150] grad_stats: [4.21e-01 2.44e-01] (1.74e-03, 4.52e+00)
INFO:root:[1,  2200/ 2562] - train_losses - Parent Class: 5.3300 - Children class: 5.5996 -Autoencoder Loss (total): 389.8095 - Reconstruction/K-Means Loss: [0.6795 / 389.1300] - Consistency Loss: [0.0000] - VICReg Loss: [0.0000][wd: 5.03e-02] [lr: 9.64e-05] [autoencoder lr: 1.56e-04][mem: 7.18e+04] (1317.8 ms)
INFO:root:[1,  2200] grad_stats: [3.85e-01 2.42e-01] (2.47e-03, 4.24e+00)
INFO:root:[1,  2250/ 2562] - train_losses - Parent Class: 5.3215 - Children class: 5.5906 -Autoencoder Loss (total): 389.8561 - Reconstruction/K-Means Loss: [0.6787 / 389.1775] - Consistency Loss: [0.0000] - VICReg Loss: [0.0000][wd: 5.03e-02] [lr: 9.65e-05] [autoencoder lr: 1.56e-04][mem: 7.18e+04] (1322.0 ms)
INFO:root:[1,  2250] grad_stats: [4.76e-01 2.93e-01] (3.79e-03, 4.59e+00)
INFO:root:[1,  2300/ 2562] - train_losses - Parent Class: 5.3134 - Children class: 5.5820 -Autoencoder Loss (total): 389.9061 - Reconstruction/K-Means Loss: [0.6778 / 389.2283] - Consistency Loss: [0.0000] - VICReg Loss: [0.0000][wd: 5.03e-02] [lr: 9.67e-05] [autoencoder lr: 1.56e-04][mem: 7.18e+04] (1326.3 ms)
INFO:root:[1,  2300] grad_stats: [5.28e-01 2.67e-01] (2.08e-03, 4.32e+00)
INFO:root:[1,  2350/ 2562] - train_losses - Parent Class: 5.3056 - Children class: 5.5736 -Autoencoder Loss (total): 389.9533 - Reconstruction/K-Means Loss: [0.6769 / 389.2764] - Consistency Loss: [0.0000] - VICReg Loss: [0.0000][wd: 5.03e-02] [lr: 9.68e-05] [autoencoder lr: 1.56e-04][mem: 7.18e+04] (1330.4 ms)
INFO:root:[1,  2350] grad_stats: [6.03e-01 3.96e-01] (2.23e-03, 4.45e+00)
INFO:root:[1,  2400/ 2562] - train_losses - Parent Class: 5.2993 - Children class: 5.5670 -Autoencoder Loss (total): 390.0069 - Reconstruction/K-Means Loss: [0.6760 / 389.3309] - Consistency Loss: [0.0000] - VICReg Loss: [0.0000][wd: 5.03e-02] [lr: 9.70e-05] [autoencoder lr: 1.56e-04][mem: 7.18e+04] (1334.4 ms)
INFO:root:[1,  2400] grad_stats: [4.18e-01 4.27e-01] (4.88e-03, 4.74e+00)
INFO:root:[1,  2450/ 2562] - train_losses - Parent Class: 5.2918 - Children class: 5.5590 -Autoencoder Loss (total): 390.0783 - Reconstruction/K-Means Loss: [0.6751 / 389.4032] - Consistency Loss: [0.0000] - VICReg Loss: [0.0000][wd: 5.03e-02] [lr: 9.71e-05] [autoencoder lr: 1.57e-04][mem: 7.18e+04] (1338.7 ms)
INFO:root:[1,  2450] grad_stats: [4.69e-01 2.72e-01] (1.58e-03, 4.24e+00)
INFO:root:[1,  2500/ 2562] - train_losses - Parent Class: 5.2835 - Children class: 5.5503 -Autoencoder Loss (total): 390.0634 - Reconstruction/K-Means Loss: [0.6742 / 389.3892] - Consistency Loss: [0.0000] - VICReg Loss: [0.0000][wd: 5.03e-02] [lr: 9.73e-05] [autoencoder lr: 1.57e-04][mem: 7.18e+04] (1343.1 ms)
INFO:root:[1,  2500] grad_stats: [6.15e-01 3.66e-01] (2.29e-03, 4.30e+00)
INFO:root:[1,  2550/ 2562] - train_losses - Parent Class: 5.2763 - Children class: 5.5426 -Autoencoder Loss (total): 390.0607 - Reconstruction/K-Means Loss: [0.6733 / 389.3874] - Consistency Loss: [0.0000] - VICReg Loss: [0.0000][wd: 5.03e-02] [lr: 9.74e-05] [autoencoder lr: 1.57e-04][mem: 7.18e+04] (1347.4 ms)
INFO:root:[1,  2550] grad_stats: [4.56e-01 2.92e-01] (2.28e-03, 4.42e+00)
INFO:root:Autoencoder Training...
INFO:root: - - Epoch: 12 - - 
INFO:faiss.loader:Loading faiss with AVX2 support.
INFO:faiss.loader:Successfully loaded faiss with AVX2 support.
INFO:faiss.loader:Loading faiss with AVX2 support.
INFO:faiss.loader:Successfully loaded faiss with AVX2 support.
INFO:faiss.loader:Loading faiss with AVX2 support.
INFO:faiss.loader:Successfully loaded faiss with AVX2 support.
INFO:faiss.loader:Loading faiss with AVX2 support.
INFO:faiss.loader:Successfully loaded faiss with AVX2 support.
INFO:faiss.loader:Loading faiss with AVX2 support.
INFO:faiss.loader:Successfully loaded faiss with AVX2 support.
INFO:faiss.loader:Loading faiss with AVX2 support.
INFO:faiss.loader:Successfully loaded faiss with AVX2 support.
INFO:faiss.loader:Loading faiss with AVX2 support.
INFO:faiss.loader:Successfully loaded faiss with AVX2 support.
INFO:faiss.loader:Loading faiss with AVX2 support.
INFO:faiss.loader:Successfully loaded faiss with AVX2 support.
INFO:faiss.loader:Loading faiss with AVX2 support.
INFO:faiss.loader:Successfully loaded faiss with AVX2 support.
INFO:faiss.loader:Loading faiss with AVX2 support.
INFO:faiss.loader:Successfully loaded faiss with AVX2 support.
INFO:faiss.loader:Loading faiss with AVX2 support.
INFO:faiss.loader:Successfully loaded faiss with AVX2 support.
INFO:faiss.loader:Loading faiss with AVX2 support.
INFO:faiss.loader:Successfully loaded faiss with AVX2 support.
INFO:faiss.loader:Loading faiss with AVX2 support.
INFO:faiss.loader:Successfully loaded faiss with AVX2 support.
INFO:faiss.loader:Loading faiss with AVX2 support.
INFO:faiss.loader:Successfully loaded faiss with AVX2 support.
INFO:faiss.loader:Loading faiss with AVX2 support.
INFO:faiss.loader:Successfully loaded faiss with AVX2 support.
INFO:faiss.loader:Loading faiss with AVX2 support.
INFO:faiss.loader:Successfully loaded faiss with AVX2 support.
INFO:root:[12,     0/ 2562] - [Autoencoder Training] [Autoencoder Loss: 0.6731] [autoencoder lr: 1.57e-04][mem: 7.18e+04](415.6 ms)
INFO:root:[12,   100/ 2562] - [Autoencoder Training] [Autoencoder Loss: 0.6708] [autoencoder lr: 1.57e-04][mem: 7.18e+04](372.7 ms)
INFO:root:[12,   200/ 2562] - [Autoencoder Training] [Autoencoder Loss: 0.6685] [autoencoder lr: 1.57e-04][mem: 7.18e+04](373.2 ms)
INFO:root:[12,   300/ 2562] - [Autoencoder Training] [Autoencoder Loss: 0.6663] [autoencoder lr: 1.58e-04][mem: 7.18e+04](373.4 ms)
INFO:root:[12,   400/ 2562] - [Autoencoder Training] [Autoencoder Loss: 0.6640] [autoencoder lr: 1.58e-04][mem: 7.18e+04](373.7 ms)
INFO:root:[12,   500/ 2562] - [Autoencoder Training] [Autoencoder Loss: 0.6617] [autoencoder lr: 1.58e-04][mem: 7.18e+04](373.8 ms)
INFO:root:[12,   600/ 2562] - [Autoencoder Training] [Autoencoder Loss: 0.6595] [autoencoder lr: 1.58e-04][mem: 7.18e+04](373.9 ms)
INFO:root:[12,   700/ 2562] - [Autoencoder Training] [Autoencoder Loss: 0.6573] [autoencoder lr: 1.59e-04][mem: 7.18e+04](374.0 ms)
INFO:root:[12,   800/ 2562] - [Autoencoder Training] [Autoencoder Loss: 0.6551] [autoencoder lr: 1.59e-04][mem: 7.18e+04](374.0 ms)
INFO:root:[12,   900/ 2562] - [Autoencoder Training] [Autoencoder Loss: 0.6528] [autoencoder lr: 1.59e-04][mem: 7.18e+04](374.1 ms)
INFO:root:[12,  1000/ 2562] - [Autoencoder Training] [Autoencoder Loss: 0.6506] [autoencoder lr: 1.59e-04][mem: 7.18e+04](374.1 ms)
INFO:root:[12,  1100/ 2562] - [Autoencoder Training] [Autoencoder Loss: 0.6484] [autoencoder lr: 1.60e-04][mem: 7.18e+04](374.1 ms)
INFO:root:[12,  1200/ 2562] - [Autoencoder Training] [Autoencoder Loss: 0.6462] [autoencoder lr: 1.60e-04][mem: 7.18e+04](374.1 ms)
INFO:root:[12,  1300/ 2562] - [Autoencoder Training] [Autoencoder Loss: 0.6441] [autoencoder lr: 1.60e-04][mem: 7.18e+04](374.1 ms)
INFO:root:[12,  1400/ 2562] - [Autoencoder Training] [Autoencoder Loss: 0.6419] [autoencoder lr: 1.60e-04][mem: 7.18e+04](374.0 ms)
INFO:root:[12,  1500/ 2562] - [Autoencoder Training] [Autoencoder Loss: 0.6398] [autoencoder lr: 1.61e-04][mem: 7.18e+04](374.0 ms)
INFO:root:[12,  1600/ 2562] - [Autoencoder Training] [Autoencoder Loss: 0.6376] [autoencoder lr: 1.61e-04][mem: 7.18e+04](374.0 ms)
INFO:root:[12,  1700/ 2562] - [Autoencoder Training] [Autoencoder Loss: 0.6355] [autoencoder lr: 1.61e-04][mem: 7.18e+04](374.0 ms)
INFO:root:[12,  1800/ 2562] - [Autoencoder Training] [Autoencoder Loss: 0.6334] [autoencoder lr: 1.61e-04][mem: 7.18e+04](374.0 ms)
INFO:root:[12,  1900/ 2562] - [Autoencoder Training] [Autoencoder Loss: 0.6313] [autoencoder lr: 1.62e-04][mem: 7.18e+04](374.0 ms)
INFO:root:[12,  2000/ 2562] - [Autoencoder Training] [Autoencoder Loss: 0.6293] [autoencoder lr: 1.62e-04][mem: 7.18e+04](374.0 ms)
INFO:root:[12,  2100/ 2562] - [Autoencoder Training] [Autoencoder Loss: 0.6272] [autoencoder lr: 1.62e-04][mem: 7.18e+04](374.0 ms)
INFO:root:[12,  2200/ 2562] - [Autoencoder Training] [Autoencoder Loss: 0.6252] [autoencoder lr: 1.63e-04][mem: 7.18e+04](374.0 ms)
INFO:root:[12,  2300/ 2562] - [Autoencoder Training] [Autoencoder Loss: 0.6231] [autoencoder lr: 1.63e-04][mem: 7.18e+04](374.0 ms)
INFO:root:[12,  2400/ 2562] - [Autoencoder Training] [Autoencoder Loss: 0.6211] [autoencoder lr: 1.63e-04][mem: 7.18e+04](374.0 ms)
INFO:root:[12,  2500/ 2562] - [Autoencoder Training] [Autoencoder Loss: 0.6191] [autoencoder lr: 1.63e-04][mem: 7.18e+04](374.0 ms)
INFO:root: - - Epoch: 13 - - 
INFO:faiss.loader:Loading faiss with AVX2 support.
INFO:faiss.loader:Successfully loaded faiss with AVX2 support.
INFO:faiss.loader:Loading faiss with AVX2 support.
INFO:faiss.loader:Successfully loaded faiss with AVX2 support.
INFO:faiss.loader:Loading faiss with AVX2 support.
INFO:faiss.loader:Successfully loaded faiss with AVX2 support.
INFO:faiss.loader:Loading faiss with AVX2 support.
INFO:faiss.loader:Successfully loaded faiss with AVX2 support.
INFO:faiss.loader:Loading faiss with AVX2 support.
INFO:faiss.loader:Successfully loaded faiss with AVX2 support.
INFO:faiss.loader:Loading faiss with AVX2 support.
INFO:faiss.loader:Successfully loaded faiss with AVX2 support.
INFO:faiss.loader:Loading faiss with AVX2 support.
INFO:faiss.loader:Successfully loaded faiss with AVX2 support.
INFO:faiss.loader:Loading faiss with AVX2 support.
INFO:faiss.loader:Successfully loaded faiss with AVX2 support.
INFO:faiss.loader:Loading faiss with AVX2 support.
INFO:faiss.loader:Successfully loaded faiss with AVX2 support.
INFO:faiss.loader:Loading faiss with AVX2 support.
INFO:faiss.loader:Successfully loaded faiss with AVX2 support.
INFO:faiss.loader:Loading faiss with AVX2 support.
INFO:faiss.loader:Successfully loaded faiss with AVX2 support.
INFO:faiss.loader:Loading faiss with AVX2 support.
INFO:faiss.loader:Successfully loaded faiss with AVX2 support.
INFO:faiss.loader:Loading faiss with AVX2 support.
INFO:faiss.loader:Successfully loaded faiss with AVX2 support.
INFO:faiss.loader:Loading faiss with AVX2 support.
INFO:faiss.loader:Successfully loaded faiss with AVX2 support.
INFO:faiss.loader:Loading faiss with AVX2 support.
INFO:faiss.loader:Successfully loaded faiss with AVX2 support.
INFO:faiss.loader:Loading faiss with AVX2 support.
INFO:faiss.loader:Successfully loaded faiss with AVX2 support.
INFO:root:[13,     0/ 2562] - [Autoencoder Training] [Autoencoder Loss: 0.6178] [autoencoder lr: 1.63e-04][mem: 7.18e+04](374.0 ms)
INFO:root:[13,   100/ 2562] - [Autoencoder Training] [Autoencoder Loss: 0.6159] [autoencoder lr: 1.64e-04][mem: 7.18e+04](373.9 ms)
INFO:root:[13,   200/ 2562] - [Autoencoder Training] [Autoencoder Loss: 0.6139] [autoencoder lr: 1.64e-04][mem: 7.18e+04](374.1 ms)
INFO:root:[13,   300/ 2562] - [Autoencoder Training] [Autoencoder Loss: 0.6119] [autoencoder lr: 1.64e-04][mem: 7.18e+04](374.1 ms)
INFO:root:[13,   400/ 2562] - [Autoencoder Training] [Autoencoder Loss: 0.6100] [autoencoder lr: 1.64e-04][mem: 7.18e+04](374.1 ms)
INFO:root:[13,   500/ 2562] - [Autoencoder Training] [Autoencoder Loss: 0.6080] [autoencoder lr: 1.65e-04][mem: 7.18e+04](374.1 ms)
INFO:root:[13,   600/ 2562] - [Autoencoder Training] [Autoencoder Loss: 0.6061] [autoencoder lr: 1.65e-04][mem: 7.18e+04](374.1 ms)
INFO:root:[13,   700/ 2562] - [Autoencoder Training] [Autoencoder Loss: 0.6042] [autoencoder lr: 1.65e-04][mem: 7.18e+04](374.1 ms)
INFO:root:[13,   800/ 2562] - [Autoencoder Training] [Autoencoder Loss: 0.6023] [autoencoder lr: 1.65e-04][mem: 7.18e+04](374.1 ms)
INFO:root:[13,   900/ 2562] - [Autoencoder Training] [Autoencoder Loss: 0.6004] [autoencoder lr: 1.66e-04][mem: 7.18e+04](374.2 ms)
INFO:root:[13,  1000/ 2562] - [Autoencoder Training] [Autoencoder Loss: 0.5985] [autoencoder lr: 1.66e-04][mem: 7.18e+04](374.2 ms)
INFO:root:[13,  1100/ 2562] - [Autoencoder Training] [Autoencoder Loss: 0.5966] [autoencoder lr: 1.66e-04][mem: 7.18e+04](374.2 ms)
INFO:root:[13,  1200/ 2562] - [Autoencoder Training] [Autoencoder Loss: 0.5948] [autoencoder lr: 1.66e-04][mem: 7.18e+04](374.2 ms)
INFO:root:[13,  1300/ 2562] - [Autoencoder Training] [Autoencoder Loss: 0.5929] [autoencoder lr: 1.67e-04][mem: 7.18e+04](374.2 ms)
INFO:root:[13,  1400/ 2562] - [Autoencoder Training] [Autoencoder Loss: 0.5911] [autoencoder lr: 1.67e-04][mem: 7.18e+04](374.2 ms)
INFO:root:[13,  1500/ 2562] - [Autoencoder Training] [Autoencoder Loss: 0.5893] [autoencoder lr: 1.67e-04][mem: 7.18e+04](374.3 ms)
INFO:root:[13,  1600/ 2562] - [Autoencoder Training] [Autoencoder Loss: 0.5875] [autoencoder lr: 1.68e-04][mem: 7.18e+04](374.3 ms)
INFO:root:[13,  1700/ 2562] - [Autoencoder Training] [Autoencoder Loss: 0.5857] [autoencoder lr: 1.68e-04][mem: 7.18e+04](374.3 ms)
INFO:root:[13,  1800/ 2562] - [Autoencoder Training] [Autoencoder Loss: 0.5839] [autoencoder lr: 1.68e-04][mem: 7.18e+04](374.3 ms)
INFO:root:[13,  1900/ 2562] - [Autoencoder Training] [Autoencoder Loss: 0.5821] [autoencoder lr: 1.68e-04][mem: 7.18e+04](374.3 ms)
INFO:root:[13,  2000/ 2562] - [Autoencoder Training] [Autoencoder Loss: 0.5803] [autoencoder lr: 1.69e-04][mem: 7.18e+04](374.3 ms)
INFO:root:[13,  2100/ 2562] - [Autoencoder Training] [Autoencoder Loss: 0.5786] [autoencoder lr: 1.69e-04][mem: 7.18e+04](374.3 ms)
INFO:root:[13,  2200/ 2562] - [Autoencoder Training] [Autoencoder Loss: 0.5768] [autoencoder lr: 1.69e-04][mem: 7.18e+04](374.3 ms)
INFO:root:[13,  2300/ 2562] - [Autoencoder Training] [Autoencoder Loss: 0.5751] [autoencoder lr: 1.69e-04][mem: 7.18e+04](374.4 ms)
INFO:root:[13,  2400/ 2562] - [Autoencoder Training] [Autoencoder Loss: 0.5734] [autoencoder lr: 1.70e-04][mem: 7.18e+04](374.4 ms)
INFO:root:[13,  2500/ 2562] - [Autoencoder Training] [Autoencoder Loss: 0.5717] [autoencoder lr: 1.70e-04][mem: 7.18e+04](374.4 ms)
INFO:root:Asserting cache length
INFO:root:Reinitializing centroids
Avg no of empty clusters: 7.046697038724374
INFO:faiss.loader:Loading faiss with AVX2 support.
INFO:faiss.loader:Successfully loaded faiss with AVX2 support.
INFO:faiss.loader:Loading faiss with AVX2 support.
INFO:faiss.loader:Successfully loaded faiss with AVX2 support.
INFO:faiss.loader:Loading faiss with AVX2 support.
INFO:faiss.loader:Successfully loaded faiss with AVX2 support.
INFO:faiss.loader:Loading faiss with AVX2 support.
INFO:faiss.loader:Successfully loaded faiss with AVX2 support.
INFO:faiss.loader:Loading faiss with AVX2 support.
INFO:faiss.loader:Successfully loaded faiss with AVX2 support.
INFO:faiss.loader:Loading faiss with AVX2 support.
INFO:faiss.loader:Successfully loaded faiss with AVX2 support.
INFO:faiss.loader:Loading faiss with AVX2 support.
INFO:faiss.loader:Successfully loaded faiss with AVX2 support.
INFO:faiss.loader:Loading faiss with AVX2 support.
INFO:faiss.loader:Successfully loaded faiss with AVX2 support.
INFO:faiss.loader:Loading faiss with AVX2 support.
INFO:faiss.loader:Successfully loaded faiss with AVX2 support.
INFO:faiss.loader:Loading faiss with AVX2 support.
INFO:faiss.loader:Successfully loaded faiss with AVX2 support.
INFO:faiss.loader:Loading faiss with AVX2 support.
INFO:faiss.loader:Successfully loaded faiss with AVX2 support.
INFO:faiss.loader:Loading faiss with AVX2 support.
INFO:faiss.loader:Successfully loaded faiss with AVX2 support.
INFO:faiss.loader:Loading faiss with AVX2 support.
INFO:faiss.loader:Successfully loaded faiss with AVX2 support.
INFO:faiss.loader:Loading faiss with AVX2 support.
INFO:faiss.loader:Successfully loaded faiss with AVX2 support.
INFO:faiss.loader:Loading faiss with AVX2 support.
INFO:faiss.loader:Successfully loaded faiss with AVX2 support.
INFO:faiss.loader:Loading faiss with AVX2 support.
INFO:faiss.loader:Successfully loaded faiss with AVX2 support.
Process Process-1:
Traceback (most recent call last):
  File "/home/rtcalumby/miniconda3/envs/py382/lib/python3.12/multiprocessing/process.py", line 314, in _bootstrap
    self.run()
  File "/home/rtcalumby/miniconda3/envs/py382/lib/python3.12/multiprocessing/process.py", line 108, in run
    self._target(*self._args, **self._kwargs)
  File "/home/rtcalumby/adam/luciano/LifeCLEFPlant2022/DeepCluster/main_FGDCC.py", line 52, in process_main
    app_main(args=params)
  File "/home/rtcalumby/adam/luciano/LifeCLEFPlant2022/DeepCluster/engine_FGDCC.py", line 900, in main
    vtime = gpu_timer(evaluate)
            ^^^^^^^^^^^^^^^^^^^
  File "/home/rtcalumby/adam/luciano/LifeCLEFPlant2022/DeepCluster/src/utils/logging.py", line 21, in gpu_timer
    result = closure()
             ^^^^^^^^^
  File "/home/rtcalumby/miniconda3/envs/py382/lib/python3.12/site-packages/torch/utils/_contextlib.py", line 115, in decorate_context
    return func(*args, **kwargs)
           ^^^^^^^^^^^^^^^^^^^^^
  File "/home/rtcalumby/adam/luciano/LifeCLEFPlant2022/DeepCluster/engine_FGDCC.py", line 887, in evaluate
    subclass_predictions = convert_assignment_to_class_id(subclass_logits, k_means_idx)
                          ^^^^^^^^^^^^^^^^^^^^^^^^^^^^^^^^^^^^^^^^^^^^^^^^^^^^^^^^^^^^
  File "/home/rtcalumby/adam/luciano/LifeCLEFPlant2022/DeepCluster/engine_FGDCC.py", line 846, in convert_assignment_to_class_id
    converted_predictions = torch.tensor([reverse_mapping[pred.item()] for pred in predictions])
                                                          ^^^^^^^^^^^
RuntimeError: a Tensor with 4324 elements cannot be converted to Scalar
