INFO:faiss.loader:Loading faiss with AVX2 support.
INFO:faiss.loader:Successfully loaded faiss with AVX2 support.
INFO:faiss.loader:Loading faiss with AVX2 support.
INFO:faiss.loader:Successfully loaded faiss with AVX2 support.
INFO:root:called-params configs/in1k_vith14_ep300_FGDCC.yaml
INFO:root:loaded params...
{   'data': {   'batch_size': 96,
                'color_jitter_strength': 0.0,
                'crop_scale': [0.3, 1.0],
                'crop_size': 224,
                'cutmix': 0.0,
                'drop_path': 0.25,
                'image_folder': '/home/rtcalumby/adam/luciano/plantnet_300K/',
                'mixup': 0.0,
                'nb_classes': 1081,
                'num_workers': 8,
                'pin_mem': True,
                'reprob': 0.25,
                'resume_epoch': 0,
                'root_path': '/home/rtcalumby/adam/luciano/',
                'use_color_distortion': False,
                'use_gaussian_blur': False,
                'use_horizontal_flip': False},
    'logging': {   'folder': '/home/rtcalumby/adam/luciano/LifeCLEFPlant2022/logs/PlantNet300k_exp25',
                   'write_tag': 'jepa'},
    'mask': {   'allow_overlap': False,
                'aspect_ratio': [0.75, 1.5],
                'enc_mask_scale': [0.85, 1.0],
                'min_keep': 10,
                'num_enc_masks': 1,
                'num_pred_masks': 4,
                'patch_size': 14,
                'pred_mask_scale': [0.15, 0.2]},
    'meta': {   'copy_data': False,
                'load_checkpoint': True,
                'model_name': 'vit_huge',
                'pred_depth': 12,
                'pred_emb_dim': 384,
                'read_checkpoint': None,
                'use_bfloat16': True},
    'optimization': {   'ema': [0.9, 0.999],
                        'epochs': 50,
                        'final_lr': 1e-05,
                        'final_weight_decay': 0.4,
                        'ipe_scale': 1.0,
                        'label_smoothing': 0.1,
                        'lr': 0.0003,
                        'start_lr': 0.0001,
                        'warmup': 5,
                        'weight_decay': 0.05}}
INFO:root:Running... (rank: 0/1)
INFO:root:Initialized (rank/world-size) 0/1
INFO:root:MaskedAutoEncoder(
  (encoder): Sequential(
    (0): Linear(in_features=1280, out_features=1024, bias=True)
    (1): GELU(approximate='none')
    (2): Linear(in_features=1024, out_features=768, bias=True)
    (3): GELU(approximate='none')
    (4): Linear(in_features=768, out_features=512, bias=True)
    (5): GELU(approximate='none')
    (6): Linear(in_features=512, out_features=384, bias=True)
    (7): GELU(approximate='none')
  )
  (decoder): Sequential(
    (0): Linear(in_features=384, out_features=512, bias=True)
    (1): GELU(approximate='none')
    (2): Linear(in_features=512, out_features=768, bias=True)
    (3): GELU(approximate='none')
    (4): Linear(in_features=768, out_features=1024, bias=True)
    (5): GELU(approximate='none')
    (6): Linear(in_features=1024, out_features=1280, bias=True)
  )
)
INFO:root:making imagenet data transforms
INFO:root:making imagenet data transforms
INFO:root:Finetuning dataset created
Training dataset, length: 245952
INFO:root:Finetuning dataset created
Val dataset, length: 31200
INFO:root:Using AdamW
['encoder', 'predictor', 'opt', 'scaler', 'target_encoder', 'epoch', 'loss', 'batch_size', 'world_size', 'lr']
INFO:root:loaded pretrained encoder from epoch 66 with msg: <All keys matched successfully>
INFO:root:MultiHeadAttentionClassifier(
  (act): GELU(approximate='none')
  (subclass_proj): Sequential(
    (0): Linear(in_features=1280, out_features=1280, bias=True)
    (1): GELU(approximate='none')
  )
  (cross_attention): MultiHeadCrossAttention(
    (query): Linear(in_features=1280, out_features=1280, bias=True)
    (key): Linear(in_features=1280, out_features=1280, bias=True)
    (value): Linear(in_features=1280, out_features=1280, bias=True)
  )
  (parent_feature_selection): Linear(in_features=2560, out_features=1280, bias=True)
  (parent_classifier): Linear(in_features=1280, out_features=1081, bias=True)
  (subclass_classifier): Linear(in_features=1280, out_features=4324, bias=True)
  (head_drop): Dropout(p=0.25, inplace=False)
)
INFO:root:Using AdamW
INFO:root:VisionTransformer(
  (patch_embed): PatchEmbed(
    (proj): Conv2d(3, 1280, kernel_size=(14, 14), stride=(14, 14))
  )
  (blocks): ModuleList(
    (0-31): 32 x Block(
      (norm1): LayerNorm((1280,), eps=1e-06, elementwise_affine=True)
      (attn): Attention(
        (qkv): Linear(in_features=1280, out_features=3840, bias=True)
        (attn_drop): Dropout(p=0.0, inplace=False)
        (proj): Linear(in_features=1280, out_features=1280, bias=True)
        (proj_drop): Dropout(p=0.0, inplace=False)
      )
      (drop_path): Identity()
      (norm2): LayerNorm((1280,), eps=1e-06, elementwise_affine=True)
      (mlp): MLP(
        (fc1): Linear(in_features=1280, out_features=5120, bias=True)
        (act): GELU(approximate='none')
        (fc2): Linear(in_features=5120, out_features=1280, bias=True)
        (drop): Dropout(p=0.0, inplace=False)
      )
    )
  )
  (norm): LayerNorm((1280,), eps=1e-06, elementwise_affine=True)
)
INFO:root:Building cache...
INFO:root:Initializing centroids...
INFO:root:Update Step...
/home/rtcalumby/miniconda3/envs/py382/lib/python3.12/site-packages/faiss/contrib/torch_utils.py:51: UserWarning: TypedStorage is deprecated. It will be removed in the future and UntypedStorage will be the only storage class. This should only matter to you if you are using storages directly.  To access UntypedStorage directly, use tensor.untyped_storage() instead of tensor.storage()
  x.storage().data_ptr() + x.storage_offset() * 4)
INFO:root:Epoch 1
INFO:faiss.loader:Loading faiss with AVX2 support.
INFO:faiss.loader:Successfully loaded faiss with AVX2 support.
INFO:faiss.loader:Loading faiss with AVX2 support.
INFO:faiss.loader:Successfully loaded faiss with AVX2 support.
INFO:faiss.loader:Loading faiss with AVX2 support.
INFO:faiss.loader:Successfully loaded faiss with AVX2 support.
INFO:faiss.loader:Loading faiss with AVX2 support.
INFO:faiss.loader:Successfully loaded faiss with AVX2 support.
INFO:faiss.loader:Loading faiss with AVX2 support.
INFO:faiss.loader:Successfully loaded faiss with AVX2 support.
INFO:faiss.loader:Loading faiss with AVX2 support.
INFO:faiss.loader:Successfully loaded faiss with AVX2 support.
INFO:faiss.loader:Loading faiss with AVX2 support.
INFO:faiss.loader:Successfully loaded faiss with AVX2 support.
INFO:faiss.loader:Loading faiss with AVX2 support.
INFO:faiss.loader:Successfully loaded faiss with AVX2 support.
[rank0]:[W reducer.cpp:1389] Warning: find_unused_parameters=True was specified in DDP constructor, but did not find any unused parameters in the forward pass. This flag results in an extra traversal of the autograd graph every iteration,  which can adversely affect performance. If your model indeed never has any unused parameters in the forward pass, consider turning this flag off. Note that this warning may be a false positive if your model has flow control causing later iterations to have unused parameters. (function operator())
INFO:root:[1,     0/ 2562] - train_losses - Parent Class: 6.9857 - Children class: 8.3719 -Autoencoder Loss (total): 40.6736 - Reconstruction/K-Means Loss: [0.9887 / 39.6849] - Consistency Loss: [0.0000] - VICReg Loss: [0.0000][wd: 5.00e-02] [lr: 1.00e-04] [autoencoder lr: 1.00e-04][mem: 6.21e+04] (3153.2 ms)
INFO:root:[1,     0] grad_stats: [3.97e-05 3.31e-04] (1.47e-10, 1.13e+00)
INFO:root:[1,    50/ 2562] - train_losses - Parent Class: 6.0043 - Children class: 6.6931 -Autoencoder Loss (total): 74.3920 - Reconstruction/K-Means Loss: [0.5426 / 73.8494] - Consistency Loss: [0.0000] - VICReg Loss: [0.0000][wd: 5.00e-02] [lr: 1.01e-04] [autoencoder lr: 1.03e-04][mem: 6.70e+04] (1268.0 ms)
INFO:root:[1,    50] grad_stats: [1.33e-04 9.57e-04] (5.06e-09, 3.80e+00)
INFO:root:[1,   100/ 2562] - train_losses - Parent Class: 5.8634 - Children class: 6.3538 -Autoencoder Loss (total): 82.2949 - Reconstruction/K-Means Loss: [0.4531 / 81.8418] - Consistency Loss: [0.0000] - VICReg Loss: [0.0000][wd: 5.00e-02] [lr: 1.02e-04] [autoencoder lr: 1.05e-04][mem: 6.70e+04] (1315.0 ms)
INFO:root:[1,   100] grad_stats: [3.82e-05 9.90e-04] (3.56e-09, 3.88e+00)
INFO:root:[1,   150/ 2562] - train_losses - Parent Class: 5.7995 - Children class: 6.2161 -Autoencoder Loss (total): 84.6430 - Reconstruction/K-Means Loss: [0.4218 / 84.2212] - Consistency Loss: [0.0000] - VICReg Loss: [0.0000][wd: 5.00e-02] [lr: 1.02e-04] [autoencoder lr: 1.08e-04][mem: 6.70e+04] (1370.6 ms)
INFO:root:[1,   150] grad_stats: [7.61e-05 2.47e-03] (3.56e-09, 3.89e+00)
INFO:root:[1,   200/ 2562] - train_losses - Parent Class: 5.7741 - Children class: 6.1530 -Autoencoder Loss (total): 87.3574 - Reconstruction/K-Means Loss: [0.4042 / 86.9533] - Consistency Loss: [0.0000] - VICReg Loss: [0.0000][wd: 5.00e-02] [lr: 1.03e-04] [autoencoder lr: 1.10e-04][mem: 6.70e+04] (1412.6 ms)
INFO:root:[1,   200] grad_stats: [5.00e-05 1.26e-03] (9.58e-08, 3.63e+00)
INFO:root:[1,   250/ 2562] - train_losses - Parent Class: 5.7526 - Children class: 6.1074 -Autoencoder Loss (total): 88.8516 - Reconstruction/K-Means Loss: [0.3931 / 88.4584] - Consistency Loss: [0.0000] - VICReg Loss: [0.0000][wd: 5.00e-02] [lr: 1.04e-04] [autoencoder lr: 1.13e-04][mem: 6.70e+04] (1450.9 ms)
INFO:root:[1,   250] grad_stats: [3.00e-05 7.15e-04] (2.03e-08, 3.86e+00)
INFO:root:[1,   300/ 2562] - train_losses - Parent Class: 5.7380 - Children class: 6.0769 -Autoencoder Loss (total): 90.0387 - Reconstruction/K-Means Loss: [0.3858 / 89.6529] - Consistency Loss: [0.0000] - VICReg Loss: [0.0000][wd: 5.00e-02] [lr: 1.05e-04] [autoencoder lr: 1.15e-04][mem: 6.70e+04] (1473.4 ms)
INFO:root:[1,   300] grad_stats: [1.51e-03 7.37e-03] (1.56e-07, 3.80e+00)
INFO:root:[1,   350/ 2562] - train_losses - Parent Class: 5.7323 - Children class: 6.0600 -Autoencoder Loss (total): 91.3303 - Reconstruction/K-Means Loss: [0.3816 / 90.9487] - Consistency Loss: [0.0000] - VICReg Loss: [0.0000][wd: 5.00e-02] [lr: 1.05e-04] [autoencoder lr: 1.18e-04][mem: 6.70e+04] (1492.4 ms)
INFO:root:[1,   350] grad_stats: [1.33e-02 1.63e-03] (1.53e-05, 3.80e+00)
INFO:root:[1,   400/ 2562] - train_losses - Parent Class: 5.7286 - Children class: 6.0476 -Autoencoder Loss (total): 92.5029 - Reconstruction/K-Means Loss: [0.3899 / 92.1130] - Consistency Loss: [0.0000] - VICReg Loss: [0.0000][wd: 5.00e-02] [lr: 1.06e-04] [autoencoder lr: 1.20e-04][mem: 6.70e+04] (1505.5 ms)
INFO:root:[1,   400] grad_stats: [1.14e-01 6.41e-03] (7.65e-04, 3.98e+00)
INFO:root:[1,   450/ 2562] - train_losses - Parent Class: 5.7176 - Children class: 6.0296 -Autoencoder Loss (total): 93.1922 - Reconstruction/K-Means Loss: [0.3897 / 92.8025] - Consistency Loss: [0.0000] - VICReg Loss: [0.0000][wd: 5.00e-02] [lr: 1.07e-04] [autoencoder lr: 1.23e-04][mem: 6.70e+04] (1520.9 ms)
INFO:root:[1,   450] grad_stats: [1.02e-01 3.09e-03] (6.78e-04, 3.75e+00)
INFO:root:[1,   500/ 2562] - train_losses - Parent Class: 5.7068 - Children class: 6.0135 -Autoencoder Loss (total): 93.9083 - Reconstruction/K-Means Loss: [0.3877 / 93.5207] - Consistency Loss: [0.0000] - VICReg Loss: [0.0000][wd: 5.00e-02] [lr: 1.08e-04] [autoencoder lr: 1.25e-04][mem: 6.70e+04] (1531.7 ms)
INFO:root:[1,   500] grad_stats: [2.25e-01 5.09e-03] (5.60e-04, 3.99e+00)
INFO:root:[1,   550/ 2562] - train_losses - Parent Class: 5.6975 - Children class: 6.0014 -Autoencoder Loss (total): 94.5749 - Reconstruction/K-Means Loss: [0.3851 / 94.1897] - Consistency Loss: [0.0000] - VICReg Loss: [0.0000][wd: 5.00e-02] [lr: 1.09e-04] [autoencoder lr: 1.28e-04][mem: 6.70e+04] (1541.6 ms)
INFO:root:[1,   550] grad_stats: [1.21e+00 2.04e-02] (1.39e-03, 4.02e+00)
INFO:root:[1,   600/ 2562] - train_losses - Parent Class: 5.6841 - Children class: 5.9835 -Autoencoder Loss (total): 94.8907 - Reconstruction/K-Means Loss: [0.3822 / 94.5085] - Consistency Loss: [0.0000] - VICReg Loss: [0.0000][wd: 5.00e-02] [lr: 1.09e-04] [autoencoder lr: 1.30e-04][mem: 6.70e+04] (1550.5 ms)
INFO:root:[1,   600] grad_stats: [4.54e-01 1.98e-02] (1.27e-03, 3.86e+00)
INFO:root:[1,   650/ 2562] - train_losses - Parent Class: 5.6743 - Children class: 5.9693 -Autoencoder Loss (total): 95.3161 - Reconstruction/K-Means Loss: [0.3796 / 94.9366] - Consistency Loss: [0.0000] - VICReg Loss: [0.0000][wd: 5.00e-02] [lr: 1.10e-04] [autoencoder lr: 1.33e-04][mem: 6.70e+04] (1556.6 ms)
INFO:root:[1,   650] grad_stats: [5.23e-01 7.02e-03] (1.25e-03, 3.83e+00)
INFO:root:[1,   700/ 2562] - train_losses - Parent Class: 5.6661 - Children class: 5.9581 -Autoencoder Loss (total): 95.7760 - Reconstruction/K-Means Loss: [0.3771 / 95.3989] - Consistency Loss: [0.0000] - VICReg Loss: [0.0000][wd: 5.00e-02] [lr: 1.11e-04] [autoencoder lr: 1.36e-04][mem: 6.70e+04] (1563.5 ms)
INFO:root:[1,   700] grad_stats: [3.63e-01 1.05e-02] (2.03e-03, 4.10e+00)
INFO:root:[1,   750/ 2562] - train_losses - Parent Class: 5.6545 - Children class: 5.9434 -Autoencoder Loss (total): 96.1830 - Reconstruction/K-Means Loss: [0.3750 / 95.8080] - Consistency Loss: [0.0000] - VICReg Loss: [0.0000][wd: 5.00e-02] [lr: 1.12e-04] [autoencoder lr: 1.38e-04][mem: 6.70e+04] (1567.0 ms)
INFO:root:[1,   750] grad_stats: [6.08e-01 1.89e-02] (1.20e-03, 4.13e+00)
INFO:root:[1,   800/ 2562] - train_losses - Parent Class: 5.6448 - Children class: 5.9312 -Autoencoder Loss (total): 96.5450 - Reconstruction/K-Means Loss: [0.3732 / 96.1718] - Consistency Loss: [0.0000] - VICReg Loss: [0.0000][wd: 5.00e-02] [lr: 1.13e-04] [autoencoder lr: 1.41e-04][mem: 6.70e+04] (1571.2 ms)
INFO:root:[1,   800] grad_stats: [5.18e-01 4.46e-03] (1.04e-03, 3.92e+00)
INFO:root:[1,   850/ 2562] - train_losses - Parent Class: 5.6349 - Children class: 5.9191 -Autoencoder Loss (total): 96.9153 - Reconstruction/K-Means Loss: [0.3718 / 96.5435] - Consistency Loss: [0.0000] - VICReg Loss: [0.0000][wd: 5.00e-02] [lr: 1.13e-04] [autoencoder lr: 1.43e-04][mem: 6.70e+04] (1577.9 ms)
INFO:root:[1,   850] grad_stats: [6.23e-01 8.16e-03] (1.63e-03, 3.80e+00)
INFO:root:[1,   900/ 2562] - train_losses - Parent Class: 5.6258 - Children class: 5.9082 -Autoencoder Loss (total): 97.1545 - Reconstruction/K-Means Loss: [0.3707 / 96.7838] - Consistency Loss: [0.0000] - VICReg Loss: [0.0000][wd: 5.00e-02] [lr: 1.14e-04] [autoencoder lr: 1.46e-04][mem: 6.70e+04] (1584.0 ms)
INFO:root:[1,   900] grad_stats: [5.80e-01 1.29e-02] (1.83e-03, 3.83e+00)
INFO:root:[1,   950/ 2562] - train_losses - Parent Class: 5.6163 - Children class: 5.8969 -Autoencoder Loss (total): 97.3064 - Reconstruction/K-Means Loss: [0.3700 / 96.9364] - Consistency Loss: [0.0000] - VICReg Loss: [0.0000][wd: 5.00e-02] [lr: 1.15e-04] [autoencoder lr: 1.48e-04][mem: 6.70e+04] (1587.7 ms)
INFO:root:[1,   950] grad_stats: [6.67e-01 9.13e-03] (1.73e-03, 3.72e+00)
INFO:root:[1,  1000/ 2562] - train_losses - Parent Class: 5.6059 - Children class: 5.8843 -Autoencoder Loss (total): 97.4304 - Reconstruction/K-Means Loss: [0.3695 / 97.0608] - Consistency Loss: [0.0000] - VICReg Loss: [0.0000][wd: 5.01e-02] [lr: 1.16e-04] [autoencoder lr: 1.51e-04][mem: 6.70e+04] (1595.5 ms)
INFO:root:[1,  1000] grad_stats: [4.45e-01 5.50e-03] (1.12e-03, 3.70e+00)
INFO:root:[1,  1050/ 2562] - train_losses - Parent Class: 5.5976 - Children class: 5.8741 -Autoencoder Loss (total): 97.6102 - Reconstruction/K-Means Loss: [0.3688 / 97.2414] - Consistency Loss: [0.0000] - VICReg Loss: [0.0000][wd: 5.01e-02] [lr: 1.16e-04] [autoencoder lr: 1.53e-04][mem: 6.70e+04] (1601.8 ms)
INFO:root:[1,  1050] grad_stats: [6.00e-01 1.47e-02] (2.05e-03, 3.90e+00)
INFO:root:[1,  1100/ 2562] - train_losses - Parent Class: 5.5881 - Children class: 5.8629 -Autoencoder Loss (total): 97.7488 - Reconstruction/K-Means Loss: [0.3681 / 97.3807] - Consistency Loss: [0.0000] - VICReg Loss: [0.0000][wd: 5.01e-02] [lr: 1.17e-04] [autoencoder lr: 1.56e-04][mem: 6.70e+04] (1606.2 ms)
INFO:root:[1,  1100] grad_stats: [6.01e-01 1.02e-02] (1.66e-03, 4.06e+00)
INFO:root:[1,  1150/ 2562] - train_losses - Parent Class: 5.5802 - Children class: 5.8532 -Autoencoder Loss (total): 97.9688 - Reconstruction/K-Means Loss: [0.3674 / 97.6014] - Consistency Loss: [0.0000] - VICReg Loss: [0.0000][wd: 5.01e-02] [lr: 1.18e-04] [autoencoder lr: 1.58e-04][mem: 6.70e+04] (1611.9 ms)
INFO:root:[1,  1150] grad_stats: [7.31e-01 1.15e-02] (1.77e-03, 4.06e+00)
INFO:root:[1,  1200/ 2562] - train_losses - Parent Class: 5.5725 - Children class: 5.8440 -Autoencoder Loss (total): 98.2266 - Reconstruction/K-Means Loss: [0.3666 / 97.8600] - Consistency Loss: [0.0000] - VICReg Loss: [0.0000][wd: 5.01e-02] [lr: 1.19e-04] [autoencoder lr: 1.61e-04][mem: 6.70e+04] (1618.4 ms)
INFO:root:[1,  1200] grad_stats: [4.64e-01 1.31e-02] (1.66e-03, 3.75e+00)
INFO:root:[1,  1250/ 2562] - train_losses - Parent Class: 5.5647 - Children class: 5.8346 -Autoencoder Loss (total): 98.4145 - Reconstruction/K-Means Loss: [0.3659 / 98.0486] - Consistency Loss: [0.0000] - VICReg Loss: [0.0000][wd: 5.01e-02] [lr: 1.20e-04] [autoencoder lr: 1.63e-04][mem: 6.70e+04] (1623.8 ms)
INFO:root:[1,  1250] grad_stats: [9.30e-01 1.41e-02] (2.83e-03, 3.69e+00)
INFO:root:[1,  1300/ 2562] - train_losses - Parent Class: 5.5609 - Children class: 5.8297 -Autoencoder Loss (total): 98.5842 - Reconstruction/K-Means Loss: [0.3652 / 98.2190] - Consistency Loss: [0.0000] - VICReg Loss: [0.0000][wd: 5.01e-02] [lr: 1.20e-04] [autoencoder lr: 1.66e-04][mem: 6.70e+04] (1629.0 ms)
INFO:root:[1,  1300] grad_stats: [1.19e+00 1.93e-02] (2.46e-03, 3.73e+00)
INFO:root:[1,  1350/ 2562] - train_losses - Parent Class: 5.5605 - Children class: 5.8288 -Autoencoder Loss (total): 98.6550 - Reconstruction/K-Means Loss: [0.3645 / 98.2904] - Consistency Loss: [0.0000] - VICReg Loss: [0.0000][wd: 5.01e-02] [lr: 1.21e-04] [autoencoder lr: 1.69e-04][mem: 6.70e+04] (1632.6 ms)
INFO:root:[1,  1350] grad_stats: [1.23e+00 4.04e-02] (3.59e-03, 3.98e+00)
INFO:root:[1,  1400/ 2562] - train_losses - Parent Class: 5.5591 - Children class: 5.8265 -Autoencoder Loss (total): 98.8191 - Reconstruction/K-Means Loss: [0.3637 / 98.4554] - Consistency Loss: [0.0000] - VICReg Loss: [0.0000][wd: 5.01e-02] [lr: 1.22e-04] [autoencoder lr: 1.71e-04][mem: 6.70e+04] (1638.4 ms)
INFO:root:[1,  1400] grad_stats: [3.25e-01 2.35e-02] (3.46e-03, 4.11e+00)
INFO:root:[1,  1450/ 2562] - train_losses - Parent Class: 5.5537 - Children class: 5.8200 -Autoencoder Loss (total): 98.8708 - Reconstruction/K-Means Loss: [0.3628 / 98.5081] - Consistency Loss: [0.0000] - VICReg Loss: [0.0000][wd: 5.01e-02] [lr: 1.23e-04] [autoencoder lr: 1.74e-04][mem: 6.70e+04] (1641.2 ms)
INFO:root:[1,  1450] grad_stats: [7.56e-01 2.79e-02] (3.44e-03, 3.74e+00)
INFO:root:[1,  1500/ 2562] - train_losses - Parent Class: 5.5480 - Children class: 5.8134 -Autoencoder Loss (total): 98.8972 - Reconstruction/K-Means Loss: [0.3618 / 98.5354] - Consistency Loss: [0.0000] - VICReg Loss: [0.0000][wd: 5.01e-02] [lr: 1.23e-04] [autoencoder lr: 1.76e-04][mem: 6.70e+04] (1643.5 ms)
INFO:root:[1,  1500] grad_stats: [8.14e-01 3.85e-02] (5.91e-03, 3.74e+00)
INFO:root:[1,  1550/ 2562] - train_losses - Parent Class: 5.5432 - Children class: 5.8076 -Autoencoder Loss (total): 99.0051 - Reconstruction/K-Means Loss: [0.3608 / 98.6443] - Consistency Loss: [0.0000] - VICReg Loss: [0.0000][wd: 5.01e-02] [lr: 1.24e-04] [autoencoder lr: 1.79e-04][mem: 6.70e+04] (1645.8 ms)
INFO:root:[1,  1550] grad_stats: [7.87e-01 3.14e-02] (5.29e-03, 4.02e+00)
INFO:root:[1,  1600/ 2562] - train_losses - Parent Class: 5.5383 - Children class: 5.8019 -Autoencoder Loss (total): 99.1061 - Reconstruction/K-Means Loss: [0.3597 / 98.7464] - Consistency Loss: [0.0000] - VICReg Loss: [0.0000][wd: 5.01e-02] [lr: 1.25e-04] [autoencoder lr: 1.81e-04][mem: 6.70e+04] (1649.4 ms)
INFO:root:[1,  1600] grad_stats: [5.62e-01 1.88e-02] (2.52e-03, 3.86e+00)
INFO:root:[1,  1650/ 2562] - train_losses - Parent Class: 5.5325 - Children class: 5.7952 -Autoencoder Loss (total): 99.1960 - Reconstruction/K-Means Loss: [0.3587 / 98.8373] - Consistency Loss: [0.0000] - VICReg Loss: [0.0000][wd: 5.01e-02] [lr: 1.26e-04] [autoencoder lr: 1.84e-04][mem: 6.70e+04] (1651.9 ms)
INFO:root:[1,  1650] grad_stats: [6.22e-01 1.40e-02] (2.60e-03, 3.93e+00)
INFO:root:[1,  1700/ 2562] - train_losses - Parent Class: 5.5276 - Children class: 5.7895 -Autoencoder Loss (total): 99.3195 - Reconstruction/K-Means Loss: [0.3577 / 98.9617] - Consistency Loss: [0.0000] - VICReg Loss: [0.0000][wd: 5.02e-02] [lr: 1.27e-04] [autoencoder lr: 1.86e-04][mem: 6.70e+04] (1654.3 ms)
INFO:root:[1,  1700] grad_stats: [7.94e-01 2.32e-02] (3.48e-03, 3.53e+00)
INFO:root:[1,  1750/ 2562] - train_losses - Parent Class: 5.5213 - Children class: 5.7826 -Autoencoder Loss (total): 99.3669 - Reconstruction/K-Means Loss: [0.3567 / 99.0102] - Consistency Loss: [0.0000] - VICReg Loss: [0.0000][wd: 5.02e-02] [lr: 1.27e-04] [autoencoder lr: 1.89e-04][mem: 6.70e+04] (1656.9 ms)
INFO:root:[1,  1750] grad_stats: [6.62e-01 2.01e-02] (3.08e-03, 3.74e+00)
INFO:root:[1,  1800/ 2562] - train_losses - Parent Class: 5.5146 - Children class: 5.7753 -Autoencoder Loss (total): 99.4531 - Reconstruction/K-Means Loss: [0.3556 / 99.0974] - Consistency Loss: [0.0000] - VICReg Loss: [0.0000][wd: 5.02e-02] [lr: 1.28e-04] [autoencoder lr: 1.91e-04][mem: 6.70e+04] (1658.8 ms)
INFO:root:[1,  1800] grad_stats: [9.07e-01 3.79e-02] (4.50e-03, 3.68e+00)
INFO:root:[1,  1850/ 2562] - train_losses - Parent Class: 5.5085 - Children class: 5.7684 -Autoencoder Loss (total): 99.4442 - Reconstruction/K-Means Loss: [0.3545 / 99.0896] - Consistency Loss: [0.0000] - VICReg Loss: [0.0000][wd: 5.02e-02] [lr: 1.29e-04] [autoencoder lr: 1.94e-04][mem: 6.70e+04] (1661.0 ms)
INFO:root:[1,  1850] grad_stats: [1.17e+00 3.88e-02] (5.43e-03, 3.96e+00)
INFO:root:[1,  1900/ 2562] - train_losses - Parent Class: 5.5018 - Children class: 5.7611 -Autoencoder Loss (total): 99.5264 - Reconstruction/K-Means Loss: [0.3536 / 99.1728] - Consistency Loss: [0.0000] - VICReg Loss: [0.0000][wd: 5.02e-02] [lr: 1.30e-04] [autoencoder lr: 1.96e-04][mem: 6.70e+04] (1663.3 ms)
INFO:root:[1,  1900] grad_stats: [6.88e-01 3.13e-02] (2.93e-03, 3.68e+00)
INFO:root:[1,  1950/ 2562] - train_losses - Parent Class: 5.4953 - Children class: 5.7542 -Autoencoder Loss (total): 99.5849 - Reconstruction/K-Means Loss: [0.3527 / 99.2322] - Consistency Loss: [0.0000] - VICReg Loss: [0.0000][wd: 5.02e-02] [lr: 1.30e-04] [autoencoder lr: 1.99e-04][mem: 6.70e+04] (1665.0 ms)
INFO:root:[1,  1950] grad_stats: [1.68e+00 3.25e-02] (3.37e-03, 3.96e+00)
INFO:root:[1,  2000/ 2562] - train_losses - Parent Class: 5.4889 - Children class: 5.7471 -Autoencoder Loss (total): 99.6396 - Reconstruction/K-Means Loss: [0.3518 / 99.2877] - Consistency Loss: [0.0000] - VICReg Loss: [0.0000][wd: 5.02e-02] [lr: 1.31e-04] [autoencoder lr: 2.02e-04][mem: 6.70e+04] (1667.6 ms)
INFO:root:[1,  2000] grad_stats: [9.47e-01 4.03e-02] (3.72e-03, 3.85e+00)
INFO:root:[1,  2050/ 2562] - train_losses - Parent Class: 5.4823 - Children class: 5.7397 -Autoencoder Loss (total): 99.7150 - Reconstruction/K-Means Loss: [0.3510 / 99.3639] - Consistency Loss: [0.0000] - VICReg Loss: [0.0000][wd: 5.02e-02] [lr: 1.32e-04] [autoencoder lr: 2.04e-04][mem: 6.70e+04] (1669.2 ms)
INFO:root:[1,  2050] grad_stats: [7.55e-01 2.59e-02] (2.83e-03, 3.57e+00)
INFO:root:[1,  2100/ 2562] - train_losses - Parent Class: 5.4761 - Children class: 5.7328 -Autoencoder Loss (total): 99.6852 - Reconstruction/K-Means Loss: [0.3501 / 99.3350] - Consistency Loss: [0.0000] - VICReg Loss: [0.0000][wd: 5.02e-02] [lr: 1.33e-04] [autoencoder lr: 2.07e-04][mem: 6.70e+04] (1671.1 ms)
INFO:root:[1,  2100] grad_stats: [8.22e-01 2.91e-02] (3.29e-03, 3.76e+00)
INFO:root:[1,  2150/ 2562] - train_losses - Parent Class: 5.4702 - Children class: 5.7263 -Autoencoder Loss (total): 99.7580 - Reconstruction/K-Means Loss: [0.3493 / 99.4086] - Consistency Loss: [0.0000] - VICReg Loss: [0.0000][wd: 5.02e-02] [lr: 1.34e-04] [autoencoder lr: 2.09e-04][mem: 6.70e+04] (1673.6 ms)
INFO:root:[1,  2150] grad_stats: [8.90e-01 2.81e-02] (3.11e-03, 3.74e+00)
INFO:root:[1,  2200/ 2562] - train_losses - Parent Class: 5.4648 - Children class: 5.7203 -Autoencoder Loss (total): 99.7876 - Reconstruction/K-Means Loss: [0.3486 / 99.4390] - Consistency Loss: [0.0000] - VICReg Loss: [0.0000][wd: 5.03e-02] [lr: 1.34e-04] [autoencoder lr: 2.12e-04][mem: 6.70e+04] (1676.1 ms)
INFO:root:[1,  2200] grad_stats: [1.02e+00 2.97e-02] (3.42e-03, 3.55e+00)
INFO:root:[1,  2250/ 2562] - train_losses - Parent Class: 5.4587 - Children class: 5.7134 -Autoencoder Loss (total): 99.8352 - Reconstruction/K-Means Loss: [0.3479 / 99.4873] - Consistency Loss: [0.0000] - VICReg Loss: [0.0000][wd: 5.03e-02] [lr: 1.35e-04] [autoencoder lr: 2.14e-04][mem: 6.70e+04] (1678.6 ms)
INFO:root:[1,  2250] grad_stats: [8.69e-01 3.85e-02] (3.30e-03, 3.59e+00)
INFO:root:[1,  2300/ 2562] - train_losses - Parent Class: 5.4529 - Children class: 5.7070 -Autoencoder Loss (total): 99.8997 - Reconstruction/K-Means Loss: [0.3473 / 99.5524] - Consistency Loss: [0.0000] - VICReg Loss: [0.0000][wd: 5.03e-02] [lr: 1.36e-04] [autoencoder lr: 2.17e-04][mem: 6.70e+04] (1680.6 ms)
INFO:root:[1,  2300] grad_stats: [8.03e-01 3.24e-02] (3.51e-03, 3.77e+00)
INFO:root:[1,  2350/ 2562] - train_losses - Parent Class: 5.4472 - Children class: 5.7004 -Autoencoder Loss (total): 99.9373 - Reconstruction/K-Means Loss: [0.3467 / 99.5906] - Consistency Loss: [0.0000] - VICReg Loss: [0.0000][wd: 5.03e-02] [lr: 1.37e-04] [autoencoder lr: 2.19e-04][mem: 6.70e+04] (1682.3 ms)
INFO:root:[1,  2350] grad_stats: [6.07e-01 3.99e-02] (4.30e-03, 3.68e+00)
INFO:root:[1,  2400/ 2562] - train_losses - Parent Class: 5.4425 - Children class: 5.6952 -Autoencoder Loss (total): 100.0106 - Reconstruction/K-Means Loss: [0.3461 / 99.6644] - Consistency Loss: [0.0000] - VICReg Loss: [0.0000][wd: 5.03e-02] [lr: 1.37e-04] [autoencoder lr: 2.22e-04][mem: 6.70e+04] (1683.8 ms)
INFO:root:[1,  2400] grad_stats: [1.03e+00 6.10e-02] (6.27e-03, 3.88e+00)
INFO:root:[1,  2450/ 2562] - train_losses - Parent Class: 5.4369 - Children class: 5.6888 -Autoencoder Loss (total): 100.0105 - Reconstruction/K-Means Loss: [0.3455 / 99.6649] - Consistency Loss: [0.0000] - VICReg Loss: [0.0000][wd: 5.03e-02] [lr: 1.38e-04] [autoencoder lr: 2.24e-04][mem: 6.70e+04] (1685.5 ms)
INFO:root:[1,  2450] grad_stats: [1.08e+00 3.60e-02] (4.15e-03, 3.57e+00)
INFO:root:[1,  2500/ 2562] - train_losses - Parent Class: 5.4308 - Children class: 5.6820 -Autoencoder Loss (total): 100.0162 - Reconstruction/K-Means Loss: [0.3450 / 99.6712] - Consistency Loss: [0.0000] - VICReg Loss: [0.0000][wd: 5.03e-02] [lr: 1.39e-04] [autoencoder lr: 2.27e-04][mem: 6.70e+04] (1688.0 ms)
INFO:root:[1,  2500] grad_stats: [7.65e-01 3.49e-02] (3.22e-03, 3.82e+00)
INFO:root:[1,  2550/ 2562] - train_losses - Parent Class: 5.4251 - Children class: 5.6755 -Autoencoder Loss (total): 100.0369 - Reconstruction/K-Means Loss: [0.3445 / 99.6924] - Consistency Loss: [0.0000] - VICReg Loss: [0.0000][wd: 5.03e-02] [lr: 1.40e-04] [autoencoder lr: 2.29e-04][mem: 6.70e+04] (1689.5 ms)
INFO:root:[1,  2550] grad_stats: [9.30e-01 4.07e-02] (3.62e-03, 3.75e+00)
INFO:root:Asserting cache length
Avg no of empty clusters: 6.46832298136646
INFO:faiss.loader:Loading faiss with AVX2 support.
INFO:faiss.loader:Successfully loaded faiss with AVX2 support.
INFO:faiss.loader:Loading faiss with AVX2 support.
INFO:faiss.loader:Successfully loaded faiss with AVX2 support.
INFO:faiss.loader:Loading faiss with AVX2 support.
INFO:faiss.loader:Successfully loaded faiss with AVX2 support.
INFO:faiss.loader:Loading faiss with AVX2 support.
INFO:faiss.loader:Successfully loaded faiss with AVX2 support.
INFO:faiss.loader:Loading faiss with AVX2 support.
INFO:faiss.loader:Successfully loaded faiss with AVX2 support.
INFO:faiss.loader:Loading faiss with AVX2 support.
INFO:faiss.loader:Successfully loaded faiss with AVX2 support.
INFO:faiss.loader:Loading faiss with AVX2 support.
INFO:faiss.loader:Successfully loaded faiss with AVX2 support.
INFO:faiss.loader:Loading faiss with AVX2 support.
INFO:faiss.loader:Successfully loaded faiss with AVX2 support.
terminate called without an active exception
terminate called without an active exception
terminate called without an active exception
terminate called without an active exception
terminate called without an active exception
terminate called without an active exception
terminate called without an active exception
Exception ignored in: <function _MultiProcessingDataLoaderIter.__del__ at 0x7f3eea7300e0>
Traceback (most recent call last):
  File "/home/rtcalumby/miniconda3/envs/py382/lib/python3.12/site-packages/torch/utils/data/dataloader.py", line 1479, in __del__
    self._shutdown_workers()
  File "/home/rtcalumby/miniconda3/envs/py382/lib/python3.12/site-packages/torch/utils/data/dataloader.py", line 1443, in _shutdown_workers
    w.join(timeout=_utils.MP_STATUS_CHECK_INTERVAL)
  File "/home/rtcalumby/miniconda3/envs/py382/lib/python3.12/multiprocessing/process.py", line 149, in join
    res = self._popen.wait(timeout)
          ^^^^^^^^^^^^^^^^^^^^^^^^^
  File "/home/rtcalumby/miniconda3/envs/py382/lib/python3.12/multiprocessing/popen_fork.py", line 40, in wait
    if not wait([self.sentinel], timeout):
           ^^^^^^^^^^^^^^^^^^^^^^^^^^^^^^
  File "/home/rtcalumby/miniconda3/envs/py382/lib/python3.12/multiprocessing/connection.py", line 1136, in wait
    ready = selector.select(timeout)
            ^^^^^^^^^^^^^^^^^^^^^^^^
  File "/home/rtcalumby/miniconda3/envs/py382/lib/python3.12/selectors.py", line 415, in select
    fd_event_list = self._selector.poll(timeout)
                    ^^^^^^^^^^^^^^^^^^^^^^^^^^^^
  File "/home/rtcalumby/miniconda3/envs/py382/lib/python3.12/site-packages/torch/utils/data/_utils/signal_handling.py", line 66, in handler
    _error_if_any_worker_fails()
RuntimeError: DataLoader worker (pid 1264641) is killed by signal: Aborted. 
Process Process-1:
Traceback (most recent call last):
  File "/home/rtcalumby/miniconda3/envs/py382/lib/python3.12/multiprocessing/process.py", line 314, in _bootstrap
    self.run()
  File "/home/rtcalumby/miniconda3/envs/py382/lib/python3.12/multiprocessing/process.py", line 108, in run
    self._target(*self._args, **self._kwargs)
  File "/home/rtcalumby/adam/luciano/LifeCLEFPlant2022/DeepCluster/main_FGDCC.py", line 52, in process_main
    app_main(args=params)
  File "/home/rtcalumby/adam/luciano/LifeCLEFPlant2022/DeepCluster/engine_FGDCC.py", line 735, in main
    vtime = gpu_timer(evaluate)
            ^^^^^^^^^^^^^^^^^^^
  File "/home/rtcalumby/adam/luciano/LifeCLEFPlant2022/DeepCluster/src/utils/logging.py", line 21, in gpu_timer
    result = closure()
             ^^^^^^^^^
  File "/home/rtcalumby/miniconda3/envs/py382/lib/python3.12/site-packages/torch/utils/_contextlib.py", line 115, in decorate_context
    return func(*args, **kwargs)
           ^^^^^^^^^^^^^^^^^^^^^
  File "/home/rtcalumby/adam/luciano/LifeCLEFPlant2022/DeepCluster/engine_FGDCC.py", line 726, in evaluate
    _, _, parent_logits, _, _, _ = fgdcc(images, targets, device)
               ^^^^^^^^^^^^^^^^^^^^^^^^^^^^^^
  File "/home/rtcalumby/miniconda3/envs/py382/lib/python3.12/site-packages/torch/nn/modules/module.py", line 1532, in _wrapped_call_impl
    return self._call_impl(*args, **kwargs)
           ^^^^^^^^^^^^^^^^^^^^^^^^^^^^^^^^
  File "/home/rtcalumby/miniconda3/envs/py382/lib/python3.12/site-packages/torch/nn/modules/module.py", line 1541, in _call_impl
    return forward_call(*args, **kwargs)
           ^^^^^^^^^^^^^^^^^^^^^^^^^^^^^
  File "/home/rtcalumby/miniconda3/envs/py382/lib/python3.12/site-packages/torch/nn/parallel/distributed.py", line 1593, in forward
    else self._run_ddp_forward(*inputs, **kwargs)
         ^^^^^^^^^^^^^^^^^^^^^^^^^^^^^^^^^^^^^^^^
  File "/home/rtcalumby/miniconda3/envs/py382/lib/python3.12/site-packages/torch/nn/parallel/distributed.py", line 1411, in _run_ddp_forward
    return self.module(*inputs, **kwargs)  # type: ignore[index]
           ^^^^^^^^^^^^^^^^^^^^^^^^^^^^^^
  File "/home/rtcalumby/miniconda3/envs/py382/lib/python3.12/site-packages/torch/nn/modules/module.py", line 1532, in _wrapped_call_impl
    return self._call_impl(*args, **kwargs)
           ^^^^^^^^^^^^^^^^^^^^^^^^^^^^^^^^
  File "/home/rtcalumby/miniconda3/envs/py382/lib/python3.12/site-packages/torch/nn/modules/module.py", line 1541, in _call_impl
    return forward_call(*args, **kwargs)
           ^^^^^^^^^^^^^^^^^^^^^^^^^^^^^
TypeError: FGDCC.forward() takes 3 positional arguments but 4 were given
