INFO:faiss.loader:Loading faiss with AVX2 support.
INFO:faiss.loader:Successfully loaded faiss with AVX2 support.
INFO:faiss.loader:Loading faiss with AVX2 support.
INFO:faiss.loader:Successfully loaded faiss with AVX2 support.
INFO:root:called-params configs/in1k_vith14_ep300_FGDCC.yaml
INFO:root:loaded params...
{   'data': {   'batch_size': 96,
                'color_jitter_strength': 0.0,
                'crop_scale': [0.3, 1.0],
                'crop_size': 224,
                'cutmix': 0.0,
                'drop_path': 0.25,
                'image_folder': '/home/rtcalumby/adam/luciano/plantnet_300K/',
                'mixup': 0.0,
                'nb_classes': 1081,
                'num_workers': 16,
                'pin_mem': True,
                'reprob': 0.25,
                'resume_epoch': 0,
                'root_path': '/home/rtcalumby/adam/luciano/',
                'use_color_distortion': False,
                'use_gaussian_blur': False,
                'use_horizontal_flip': False},
    'logging': {   'folder': '/home/rtcalumby/adam/luciano/LifeCLEFPlant2022/logs/PlantNet300k_exp54',
                   'write_tag': 'jepa'},
    'mask': {   'allow_overlap': False,
                'aspect_ratio': [0.75, 1.5],
                'enc_mask_scale': [0.85, 1.0],
                'min_keep': 10,
                'num_enc_masks': 1,
                'num_pred_masks': 4,
                'patch_size': 14,
                'pred_mask_scale': [0.15, 0.2]},
    'meta': {   'copy_data': False,
                'load_checkpoint': True,
                'model_name': 'vit_huge',
                'pred_depth': 12,
                'pred_emb_dim': 384,
                'read_checkpoint': None,
                'use_bfloat16': True},
    'optimization': {   'ema': [0.9, 0.999],
                        'epochs': 50,
                        'final_lr': 1e-05,
                        'final_weight_decay': 0.4,
                        'ipe_scale': 1.0,
                        'label_smoothing': 0.1,
                        'lr': 0.00025,
                        'start_lr': 8e-05,
                        'warmup': 35,
                        'weight_decay': 0.05}}
INFO:root:Running... (rank: 0/1)
INFO:root:Initialized (rank/world-size) 0/1
INFO:root:making imagenet data transforms
INFO:root:making imagenet data transforms
INFO:root:Finetuning dataset created
INFO:root:PairedDataset created
Training dataset, length: 245952
INFO:root:Finetuning dataset created
Val dataset, length: 31200
INFO:root:Using AdamW
['encoder', 'predictor', 'opt', 'scaler', 'target_encoder', 'epoch', 'loss', 'batch_size', 'world_size', 'lr']
INFO:root:loaded pretrained encoder from epoch 66 with msg: <All keys matched successfully>
INFO:root:ClassificationHead(
  (classifier): Linear(in_features=1280, out_features=1081, bias=True)
)
INFO:root:Using AdamW
INFO:root:VisionTransformer(
  (patch_embed): PatchEmbed(
    (proj): Conv2d(3, 1280, kernel_size=(14, 14), stride=(14, 14))
  )
  (blocks): ModuleList(
    (0-31): 32 x Block(
      (norm1): LayerNorm((1280,), eps=1e-06, elementwise_affine=True)
      (attn): Attention(
        (qkv): Linear(in_features=1280, out_features=3840, bias=True)
        (attn_drop): Dropout(p=0.0, inplace=False)
        (proj): Linear(in_features=1280, out_features=1280, bias=True)
        (proj_drop): Dropout(p=0.0, inplace=False)
      )
      (drop_path): Identity()
      (norm2): LayerNorm((1280,), eps=1e-06, elementwise_affine=True)
      (mlp): MLP(
        (fc1): Linear(in_features=1280, out_features=5120, bias=True)
        (act): GELU(approximate='none')
        (fc2): Linear(in_features=5120, out_features=1280, bias=True)
        (drop): Dropout(p=0.0, inplace=False)
      )
    )
  )
  (norm): LayerNorm((1280,), eps=1e-06, elementwise_affine=True)
)
INFO:root:Setting up cache...
INFO:root:Done...
INFO:root:Initializing centroids...
INFO:root:Update Step...
/home/rtcalumby/miniconda3/envs/py382/lib/python3.12/site-packages/faiss/contrib/torch_utils.py:51: UserWarning: TypedStorage is deprecated. It will be removed in the future and UntypedStorage will be the only storage class. This should only matter to you if you are using storages directly.  To access UntypedStorage directly, use tensor.untyped_storage() instead of tensor.storage()
  x.storage().data_ptr() + x.storage_offset() * 4)
INFO:root:Epoch 1
INFO:faiss.loader:Loading faiss with AVX2 support.
INFO:faiss.loader:Successfully loaded faiss with AVX2 support.
INFO:faiss.loader:Loading faiss with AVX2 support.
INFO:faiss.loader:Successfully loaded faiss with AVX2 support.
INFO:faiss.loader:Loading faiss with AVX2 support.
INFO:faiss.loader:Successfully loaded faiss with AVX2 support.
INFO:faiss.loader:Loading faiss with AVX2 support.
INFO:faiss.loader:Successfully loaded faiss with AVX2 support.
INFO:faiss.loader:Loading faiss with AVX2 support.
INFO:faiss.loader:Successfully loaded faiss with AVX2 support.
INFO:faiss.loader:Loading faiss with AVX2 support.
INFO:faiss.loader:Successfully loaded faiss with AVX2 support.
INFO:faiss.loader:Loading faiss with AVX2 support.
INFO:faiss.loader:Successfully loaded faiss with AVX2 support.
INFO:faiss.loader:Loading faiss with AVX2 support.
INFO:faiss.loader:Successfully loaded faiss with AVX2 support.
INFO:faiss.loader:Loading faiss with AVX2 support.
INFO:faiss.loader:Successfully loaded faiss with AVX2 support.
INFO:faiss.loader:Loading faiss with AVX2 support.
INFO:faiss.loader:Successfully loaded faiss with AVX2 support.
INFO:faiss.loader:Loading faiss with AVX2 support.
INFO:faiss.loader:Successfully loaded faiss with AVX2 support.
INFO:faiss.loader:Loading faiss with AVX2 support.
INFO:faiss.loader:Successfully loaded faiss with AVX2 support.
INFO:faiss.loader:Loading faiss with AVX2 support.
INFO:faiss.loader:Successfully loaded faiss with AVX2 support.
INFO:faiss.loader:Loading faiss with AVX2 support.
INFO:faiss.loader:Successfully loaded faiss with AVX2 support.
INFO:faiss.loader:Loading faiss with AVX2 support.
INFO:faiss.loader:Successfully loaded faiss with AVX2 support.
INFO:faiss.loader:Loading faiss with AVX2 support.
INFO:faiss.loader:Successfully loaded faiss with AVX2 support.
INFO:root:[1,     0/ 2562] - train_losses - Parent Class: 6.9857 - Children class: 0.0000 -Autoencoder Loss (total): 192.7029 - Reconstruction/K-Means Loss: [0.0000 / 192.7029] - Consistency Loss: [0.0000] - VICReg Loss: [25.0703][wd: 5.00e-02] [lr: 8.00e-05] [autoencoder lr: 0.00e+00][mem: 6.11e+04] (3381.1 ms)
INFO:root:[1,     0] grad_stats: [1.42e+00 7.38e+00] (8.39e-01, 3.32e+01)
INFO:root:[1,    50/ 2562] - train_losses - Parent Class: 6.2459 - Children class: 0.0000 -Autoencoder Loss (total): 419.8557 - Reconstruction/K-Means Loss: [0.0000 / 419.8557] - Consistency Loss: [0.0000] - VICReg Loss: [22.9140][wd: 5.00e-02] [lr: 8.01e-05] [autoencoder lr: 0.00e+00][mem: 6.60e+04] (1470.4 ms)
INFO:root:[1,    50] grad_stats: [7.13e-02 5.43e-01] (4.80e-03, 3.26e+00)
INFO:root:[1,   100/ 2562] - train_losses - Parent Class: 5.9815 - Children class: 0.0000 -Autoencoder Loss (total): 451.1005 - Reconstruction/K-Means Loss: [0.0000 / 451.1005] - Consistency Loss: [0.0000] - VICReg Loss: [22.3997][wd: 5.00e-02] [lr: 8.02e-05] [autoencoder lr: 0.00e+00][mem: 6.60e+04] (1456.0 ms)
INFO:root:[1,   100] grad_stats: [7.57e-02 7.22e-01] (8.99e-03, 3.41e+00)
INFO:root:[1,   150/ 2562] - train_losses - Parent Class: 5.8720 - Children class: 0.0000 -Autoencoder Loss (total): 459.5806 - Reconstruction/K-Means Loss: [0.0000 / 459.5806] - Consistency Loss: [0.0000] - VICReg Loss: [21.9744][wd: 5.00e-02] [lr: 8.03e-05] [autoencoder lr: 0.00e+00][mem: 6.60e+04] (1453.5 ms)
INFO:root:[1,   150] grad_stats: [6.39e-02 5.46e-01] (1.71e-02, 3.16e+00)
INFO:root:[1,   200/ 2562] - train_losses - Parent Class: 5.8180 - Children class: 0.0000 -Autoencoder Loss (total): 468.7460 - Reconstruction/K-Means Loss: [0.0000 / 468.7460] - Consistency Loss: [0.0000] - VICReg Loss: [21.6362][wd: 5.00e-02] [lr: 8.04e-05] [autoencoder lr: 0.00e+00][mem: 6.60e+04] (1453.8 ms)
INFO:root:[1,   200] grad_stats: [7.53e-02 6.08e-01] (2.59e-02, 2.86e+00)
INFO:root:[1,   250/ 2562] - train_losses - Parent Class: 5.7719 - Children class: 0.0000 -Autoencoder Loss (total): 473.1630 - Reconstruction/K-Means Loss: [0.0000 / 473.1630] - Consistency Loss: [0.0000] - VICReg Loss: [21.3504][wd: 5.00e-02] [lr: 8.05e-05] [autoencoder lr: 0.00e+00][mem: 6.60e+04] (1455.7 ms)
INFO:root:[1,   250] grad_stats: [7.82e-02 9.19e-01] (3.77e-02, 3.20e+00)
INFO:root:[1,   300/ 2562] - train_losses - Parent Class: 5.7316 - Children class: 0.0000 -Autoencoder Loss (total): 476.9382 - Reconstruction/K-Means Loss: [0.0000 / 476.9382] - Consistency Loss: [0.0000] - VICReg Loss: [21.0833][wd: 5.00e-02] [lr: 8.06e-05] [autoencoder lr: 0.00e+00][mem: 6.60e+04] (1458.6 ms)
INFO:root:[1,   300] grad_stats: [9.50e-02 7.19e-01] (3.37e-02, 3.01e+00)
INFO:root:[1,   350/ 2562] - train_losses - Parent Class: 5.6989 - Children class: 0.0000 -Autoencoder Loss (total): 481.9006 - Reconstruction/K-Means Loss: [0.0000 / 481.9006] - Consistency Loss: [0.0000] - VICReg Loss: [20.8527][wd: 5.00e-02] [lr: 8.07e-05] [autoencoder lr: 0.00e+00][mem: 6.60e+04] (1461.9 ms)
INFO:root:[1,   350] grad_stats: [9.71e-02 7.56e-01] (5.24e-02, 2.96e+00)
INFO:root:[1,   400/ 2562] - train_losses - Parent Class: 5.6678 - Children class: 0.0000 -Autoencoder Loss (total): 485.1875 - Reconstruction/K-Means Loss: [0.0000 / 485.1875] - Consistency Loss: [0.0000] - VICReg Loss: [20.6514][wd: 5.00e-02] [lr: 8.08e-05] [autoencoder lr: 0.00e+00][mem: 6.60e+04] (1465.4 ms)
INFO:root:[1,   400] grad_stats: [1.06e-01 8.37e-01] (4.70e-02, 3.19e+00)
INFO:root:[1,   450/ 2562] - train_losses - Parent Class: 5.6312 - Children class: 0.0000 -Autoencoder Loss (total): 486.8564 - Reconstruction/K-Means Loss: [0.0000 / 486.8564] - Consistency Loss: [0.0000] - VICReg Loss: [20.4774][wd: 5.00e-02] [lr: 8.09e-05] [autoencoder lr: 0.00e+00][mem: 6.60e+04] (1469.4 ms)
INFO:root:[1,   450] grad_stats: [1.39e-01 7.68e-01] (5.92e-02, 2.83e+00)
INFO:root:[1,   500/ 2562] - train_losses - Parent Class: 5.5948 - Children class: 0.0000 -Autoencoder Loss (total): 488.5682 - Reconstruction/K-Means Loss: [0.0000 / 488.5682] - Consistency Loss: [0.0000] - VICReg Loss: [20.3263][wd: 5.00e-02] [lr: 8.09e-05] [autoencoder lr: 0.00e+00][mem: 6.60e+04] (1473.6 ms)
INFO:root:[1,   500] grad_stats: [1.16e-01 7.60e-01] (6.62e-02, 3.09e+00)
INFO:root:[1,   550/ 2562] - train_losses - Parent Class: 5.5588 - Children class: 0.0000 -Autoencoder Loss (total): 490.2034 - Reconstruction/K-Means Loss: [0.0000 / 490.2034] - Consistency Loss: [0.0000] - VICReg Loss: [20.1919][wd: 5.00e-02] [lr: 8.10e-05] [autoencoder lr: 0.00e+00][mem: 6.60e+04] (1478.2 ms)
INFO:root:[1,   550] grad_stats: [1.74e-01 8.70e-01] (7.79e-02, 3.18e+00)
INFO:root:[1,   600/ 2562] - train_losses - Parent Class: 5.5197 - Children class: 0.0000 -Autoencoder Loss (total): 490.8477 - Reconstruction/K-Means Loss: [0.0000 / 490.8477] - Consistency Loss: [0.0000] - VICReg Loss: [20.0746][wd: 5.00e-02] [lr: 8.11e-05] [autoencoder lr: 0.00e+00][mem: 6.60e+04] (1482.8 ms)
INFO:root:[1,   600] grad_stats: [1.31e-01 7.28e-01] (7.31e-02, 2.82e+00)
INFO:root:[1,   650/ 2562] - train_losses - Parent Class: 5.4832 - Children class: 0.0000 -Autoencoder Loss (total): 492.3191 - Reconstruction/K-Means Loss: [0.0000 / 492.3191] - Consistency Loss: [0.0000] - VICReg Loss: [19.9720][wd: 5.00e-02] [lr: 8.12e-05] [autoencoder lr: 0.00e+00][mem: 6.60e+04] (1487.5 ms)
INFO:root:[1,   650] grad_stats: [1.68e-01 7.01e-01] (7.88e-02, 3.06e+00)
INFO:root:[1,   700/ 2562] - train_losses - Parent Class: 5.4474 - Children class: 0.0000 -Autoencoder Loss (total): 493.3525 - Reconstruction/K-Means Loss: [0.0000 / 493.3525] - Consistency Loss: [0.0000] - VICReg Loss: [19.8774][wd: 5.00e-02] [lr: 8.13e-05] [autoencoder lr: 0.00e+00][mem: 6.60e+04] (1492.6 ms)
INFO:root:[1,   700] grad_stats: [1.85e-01 8.31e-01] (8.48e-02, 3.36e+00)
INFO:root:[1,   750/ 2562] - train_losses - Parent Class: 5.4074 - Children class: 0.0000 -Autoencoder Loss (total): 494.4774 - Reconstruction/K-Means Loss: [0.0000 / 494.4774] - Consistency Loss: [0.0000] - VICReg Loss: [19.7891][wd: 5.00e-02] [lr: 8.14e-05] [autoencoder lr: 0.00e+00][mem: 6.60e+04] (1498.4 ms)
INFO:root:[1,   750] grad_stats: [1.99e-01 6.85e-01] (8.68e-02, 3.15e+00)
INFO:root:[1,   800/ 2562] - train_losses - Parent Class: 5.3667 - Children class: 0.0000 -Autoencoder Loss (total): 495.7881 - Reconstruction/K-Means Loss: [0.0000 / 495.7881] - Consistency Loss: [0.0000] - VICReg Loss: [19.7086][wd: 5.00e-02] [lr: 8.15e-05] [autoencoder lr: 0.00e+00][mem: 6.60e+04] (1503.9 ms)
INFO:root:[1,   800] grad_stats: [2.29e-01 9.70e-01] (1.14e-01, 3.86e+00)
INFO:root:[1,   850/ 2562] - train_losses - Parent Class: 5.3292 - Children class: 0.0000 -Autoencoder Loss (total): 496.8147 - Reconstruction/K-Means Loss: [0.0000 / 496.8147] - Consistency Loss: [0.0000] - VICReg Loss: [19.6356][wd: 5.00e-02] [lr: 8.16e-05] [autoencoder lr: 0.00e+00][mem: 6.60e+04] (1509.6 ms)
INFO:root:[1,   850] grad_stats: [2.21e-01 7.21e-01] (1.03e-01, 3.05e+00)
INFO:root:[1,   900/ 2562] - train_losses - Parent Class: 5.2894 - Children class: 0.0000 -Autoencoder Loss (total): 497.4861 - Reconstruction/K-Means Loss: [0.0000 / 497.4861] - Consistency Loss: [0.0000] - VICReg Loss: [19.5674][wd: 5.00e-02] [lr: 8.17e-05] [autoencoder lr: 0.00e+00][mem: 6.60e+04] (1515.1 ms)
INFO:root:[1,   900] grad_stats: [2.83e-01 7.66e-01] (1.05e-01, 3.79e+00)
INFO:root:[1,   950/ 2562] - train_losses - Parent Class: 5.2494 - Children class: 0.0000 -Autoencoder Loss (total): 497.9422 - Reconstruction/K-Means Loss: [0.0000 / 497.9422] - Consistency Loss: [0.0000] - VICReg Loss: [19.5051][wd: 5.00e-02] [lr: 8.18e-05] [autoencoder lr: 0.00e+00][mem: 6.60e+04] (1520.4 ms)
INFO:root:[1,   950] grad_stats: [2.29e-01 7.30e-01] (1.09e-01, 3.04e+00)
INFO:root:[1,  1000/ 2562] - train_losses - Parent Class: 5.2087 - Children class: 0.0000 -Autoencoder Loss (total): 498.2767 - Reconstruction/K-Means Loss: [0.0000 / 498.2767] - Consistency Loss: [0.0000] - VICReg Loss: [19.4465][wd: 5.01e-02] [lr: 8.19e-05] [autoencoder lr: 0.00e+00][mem: 6.60e+04] (1525.7 ms)
INFO:root:[1,  1000] grad_stats: [2.99e-01 7.29e-01] (1.13e-01, 3.32e+00)
INFO:root:[1,  1050/ 2562] - train_losses - Parent Class: 5.1803 - Children class: 0.0000 -Autoencoder Loss (total): 498.7102 - Reconstruction/K-Means Loss: [0.0000 / 498.7102] - Consistency Loss: [0.0000] - VICReg Loss: [19.4473][wd: 5.01e-02] [lr: 8.20e-05] [autoencoder lr: 0.00e+00][mem: 6.60e+04] (1530.8 ms)
INFO:root:[1,  1050] grad_stats: [1.30e-01 1.77e-02] (1.88e-03, 3.56e+00)
INFO:root:[1,  1100/ 2562] - train_losses - Parent Class: 5.2039 - Children class: 0.0000 -Autoencoder Loss (total): 499.0557 - Reconstruction/K-Means Loss: [0.0000 / 499.0557] - Consistency Loss: [0.0000] - VICReg Loss: [19.6619][wd: 5.01e-02] [lr: 8.21e-05] [autoencoder lr: 0.00e+00][mem: 6.60e+04] (1536.1 ms)
INFO:root:[1,  1100] grad_stats: [1.31e-01 1.67e-02] (1.51e-03, 3.47e+00)
INFO:root:[1,  1150/ 2562] - train_losses - Parent Class: 5.2269 - Children class: 0.0000 -Autoencoder Loss (total): 499.7019 - Reconstruction/K-Means Loss: [0.0000 / 499.7019] - Consistency Loss: [0.0000] - VICReg Loss: [19.7996][wd: 5.01e-02] [lr: 8.22e-05] [autoencoder lr: 0.00e+00][mem: 6.60e+04] (1541.3 ms)
INFO:root:[1,  1150] grad_stats: [1.09e-01 2.92e-02] (2.11e-03, 3.63e+00)
INFO:root:[1,  1200/ 2562] - train_losses - Parent Class: 5.2477 - Children class: 0.0000 -Autoencoder Loss (total): 500.2927 - Reconstruction/K-Means Loss: [0.0000 / 500.2927] - Consistency Loss: [0.0000] - VICReg Loss: [19.9027][wd: 5.01e-02] [lr: 8.23e-05] [autoencoder lr: 0.00e+00][mem: 6.60e+04] (1546.4 ms)
INFO:root:[1,  1200] grad_stats: [1.75e-02 1.59e-02] (7.69e-04, 3.21e+00)
INFO:root:[1,  1250/ 2562] - train_losses - Parent Class: 5.2667 - Children class: 0.0000 -Autoencoder Loss (total): 500.9431 - Reconstruction/K-Means Loss: [0.0000 / 500.9431] - Consistency Loss: [0.0000] - VICReg Loss: [19.9923][wd: 5.01e-02] [lr: 8.24e-05] [autoencoder lr: 0.00e+00][mem: 6.60e+04] (1551.6 ms)
INFO:root:[1,  1250] grad_stats: [6.15e-02 2.06e-02] (1.27e-03, 3.02e+00)
INFO:root:[1,  1300/ 2562] - train_losses - Parent Class: 5.2837 - Children class: 0.0000 -Autoencoder Loss (total): 501.4744 - Reconstruction/K-Means Loss: [0.0000 / 501.4744] - Consistency Loss: [0.0000] - VICReg Loss: [20.0689][wd: 5.01e-02] [lr: 8.25e-05] [autoencoder lr: 0.00e+00][mem: 6.60e+04] (1556.7 ms)
INFO:root:[1,  1300] grad_stats: [1.02e-01 2.67e-02] (1.53e-03, 2.94e+00)
INFO:root:[1,  1350/ 2562] - train_losses - Parent Class: 5.2983 - Children class: 0.0000 -Autoencoder Loss (total): 501.8837 - Reconstruction/K-Means Loss: [0.0000 / 501.8837] - Consistency Loss: [0.0000] - VICReg Loss: [20.1380][wd: 5.01e-02] [lr: 8.26e-05] [autoencoder lr: 0.00e+00][mem: 6.60e+04] (1561.9 ms)
INFO:root:[1,  1350] grad_stats: [8.89e-02 2.87e-02] (2.27e-03, 3.51e+00)
INFO:root:[1,  1400/ 2562] - train_losses - Parent Class: 5.3131 - Children class: 0.0000 -Autoencoder Loss (total): 502.3291 - Reconstruction/K-Means Loss: [0.0000 / 502.3291] - Consistency Loss: [0.0000] - VICReg Loss: [20.1992][wd: 5.01e-02] [lr: 8.27e-05] [autoencoder lr: 0.00e+00][mem: 6.60e+04] (1567.4 ms)
INFO:root:[1,  1400] grad_stats: [2.18e-01 3.73e-02] (4.23e-03, 3.80e+00)
INFO:root:[1,  1450/ 2562] - train_losses - Parent Class: 5.3248 - Children class: 0.0000 -Autoencoder Loss (total): 502.5156 - Reconstruction/K-Means Loss: [0.0000 / 502.5156] - Consistency Loss: [0.0000] - VICReg Loss: [20.2516][wd: 5.01e-02] [lr: 8.28e-05] [autoencoder lr: 0.00e+00][mem: 6.60e+04] (1572.9 ms)
INFO:root:[1,  1450] grad_stats: [1.36e-01 2.64e-02] (2.98e-03, 2.95e+00)
INFO:root:[1,  1500/ 2562] - train_losses - Parent Class: 5.3354 - Children class: 0.0000 -Autoencoder Loss (total): 502.5496 - Reconstruction/K-Means Loss: [0.0000 / 502.5496] - Consistency Loss: [0.0000] - VICReg Loss: [20.2931][wd: 5.01e-02] [lr: 8.28e-05] [autoencoder lr: 0.00e+00][mem: 6.60e+04] (1578.6 ms)
INFO:root:[1,  1500] grad_stats: [1.65e-01 4.94e-02] (7.11e-03, 3.12e+00)
INFO:root:[1,  1550/ 2562] - train_losses - Parent Class: 5.3460 - Children class: 0.0000 -Autoencoder Loss (total): 502.5965 - Reconstruction/K-Means Loss: [0.0000 / 502.5965] - Consistency Loss: [0.0000] - VICReg Loss: [20.3277][wd: 5.01e-02] [lr: 8.29e-05] [autoencoder lr: 0.00e+00][mem: 6.60e+04] (1584.0 ms)
INFO:root:[1,  1550] grad_stats: [3.31e-01 5.00e-02] (6.38e-03, 3.48e+00)
INFO:root:[1,  1600/ 2562] - train_losses - Parent Class: 5.3552 - Children class: 0.0000 -Autoencoder Loss (total): 502.8722 - Reconstruction/K-Means Loss: [0.0000 / 502.8722] - Consistency Loss: [0.0000] - VICReg Loss: [20.3573][wd: 5.01e-02] [lr: 8.30e-05] [autoencoder lr: 0.00e+00][mem: 6.60e+04] (1589.6 ms)
INFO:root:[1,  1600] grad_stats: [2.17e-01 5.63e-02] (6.66e-03, 3.27e+00)
INFO:root:[1,  1650/ 2562] - train_losses - Parent Class: 5.3632 - Children class: 0.0000 -Autoencoder Loss (total): 503.1856 - Reconstruction/K-Means Loss: [0.0000 / 503.1856] - Consistency Loss: [0.0000] - VICReg Loss: [20.3762][wd: 5.01e-02] [lr: 8.31e-05] [autoencoder lr: 0.00e+00][mem: 6.60e+04] (1595.0 ms)
INFO:root:[1,  1650] grad_stats: [8.43e+00 8.38e-02] (1.05e-02, 3.07e+01)
INFO:root:[1,  1700/ 2562] - train_losses - Parent Class: 5.3715 - Children class: 0.0000 -Autoencoder Loss (total): 503.4814 - Reconstruction/K-Means Loss: [0.0000 / 503.4814] - Consistency Loss: [0.0000] - VICReg Loss: [20.3884][wd: 5.02e-02] [lr: 8.32e-05] [autoencoder lr: 0.00e+00][mem: 6.60e+04] (1600.8 ms)
INFO:root:[1,  1700] grad_stats: [7.07e-01 1.90e-01] (4.76e-02, 3.05e+00)
INFO:root:[1,  1750/ 2562] - train_losses - Parent Class: 5.3780 - Children class: 0.0000 -Autoencoder Loss (total): 503.5931 - Reconstruction/K-Means Loss: [0.0000 / 503.5931] - Consistency Loss: [0.0000] - VICReg Loss: [20.3946][wd: 5.02e-02] [lr: 8.33e-05] [autoencoder lr: 0.00e+00][mem: 6.60e+04] (1606.4 ms)
INFO:root:[1,  1750] grad_stats: [3.84e-01 1.10e-01] (1.59e-02, 3.08e+00)
INFO:root:[1,  1800/ 2562] - train_losses - Parent Class: 5.3836 - Children class: 0.0000 -Autoencoder Loss (total): 503.8554 - Reconstruction/K-Means Loss: [0.0000 / 503.8554] - Consistency Loss: [0.0000] - VICReg Loss: [20.3937][wd: 5.02e-02] [lr: 8.34e-05] [autoencoder lr: 0.00e+00][mem: 6.60e+04] (1612.0 ms)
INFO:root:[1,  1800] grad_stats: [2.39e+00 1.83e-01] (2.78e-02, 1.42e+01)
INFO:root:[1,  1850/ 2562] - train_losses - Parent Class: 5.3893 - Children class: 0.0000 -Autoencoder Loss (total): 503.6893 - Reconstruction/K-Means Loss: [0.0000 / 503.6893] - Consistency Loss: [0.0000] - VICReg Loss: [20.3895][wd: 5.02e-02] [lr: 8.35e-05] [autoencoder lr: 0.00e+00][mem: 6.60e+04] (1617.6 ms)
INFO:root:[1,  1850] grad_stats: [3.42e+00 5.25e-01] (2.68e-02, 2.09e+01)
INFO:root:[1,  1900/ 2562] - train_losses - Parent Class: 5.3955 - Children class: 0.0000 -Autoencoder Loss (total): 503.8885 - Reconstruction/K-Means Loss: [0.0000 / 503.8885] - Consistency Loss: [0.0000] - VICReg Loss: [20.3929][wd: 5.02e-02] [lr: 8.36e-05] [autoencoder lr: 0.00e+00][mem: 6.60e+04] (1623.5 ms)
INFO:root:[1,  1900] grad_stats: [3.98e-01 4.00e-01] (3.04e-02, 3.09e+00)
INFO:root:[1,  1950/ 2562] - train_losses - Parent Class: 5.4016 - Children class: 0.0000 -Autoencoder Loss (total): 504.1064 - Reconstruction/K-Means Loss: [0.0000 / 504.1064] - Consistency Loss: [0.0000] - VICReg Loss: [20.3904][wd: 5.02e-02] [lr: 8.37e-05] [autoencoder lr: 0.00e+00][mem: 6.60e+04] (1629.2 ms)
INFO:root:[1,  1950] grad_stats: [3.90e-01 5.65e-01] (3.47e-02, 3.13e+00)
INFO:root:[1,  2000/ 2562] - train_losses - Parent Class: 5.4066 - Children class: 0.0000 -Autoencoder Loss (total): 504.3115 - Reconstruction/K-Means Loss: [0.0000 / 504.3115] - Consistency Loss: [0.0000] - VICReg Loss: [20.3784][wd: 5.02e-02] [lr: 8.38e-05] [autoencoder lr: 0.00e+00][mem: 6.60e+04] (1634.8 ms)
INFO:root:[1,  2000] grad_stats: [1.71e+00 4.47e-01] (4.60e-02, 8.13e+00)
INFO:root:[1,  2050/ 2562] - train_losses - Parent Class: 5.4147 - Children class: 0.0000 -Autoencoder Loss (total): 504.4837 - Reconstruction/K-Means Loss: [0.0000 / 504.4837] - Consistency Loss: [0.0000] - VICReg Loss: [20.5019][wd: 5.02e-02] [lr: 8.39e-05] [autoencoder lr: 0.00e+00][mem: 6.60e+04] (1640.5 ms)
INFO:root:[1,  2050] grad_stats: [4.93e-01 1.64e-02] (4.59e-03, 3.14e+00)
INFO:root:[1,  2100/ 2562] - train_losses - Parent Class: 5.4204 - Children class: 0.0000 -Autoencoder Loss (total): 504.3526 - Reconstruction/K-Means Loss: [0.0000 / 504.3526] - Consistency Loss: [0.0000] - VICReg Loss: [20.5246][wd: 5.02e-02] [lr: 8.40e-05] [autoencoder lr: 0.00e+00][mem: 6.60e+04] (1646.4 ms)
INFO:root:[1,  2100] grad_stats: [7.08e-01 1.63e-02] (1.11e-02, 3.08e+00)
INFO:root:[1,  2150/ 2562] - train_losses - Parent Class: 5.4261 - Children class: 0.0000 -Autoencoder Loss (total): 504.6161 - Reconstruction/K-Means Loss: [0.0000 / 504.6161] - Consistency Loss: [0.0000] - VICReg Loss: [20.5398][wd: 5.02e-02] [lr: 8.41e-05] [autoencoder lr: 0.00e+00][mem: 6.60e+04] (1651.9 ms)
INFO:root:[1,  2150] grad_stats: [6.29e-01 2.43e-02] (1.10e-02, 3.10e+00)
INFO:root:[1,  2200/ 2562] - train_losses - Parent Class: 5.4311 - Children class: 0.0000 -Autoencoder Loss (total): 504.6565 - Reconstruction/K-Means Loss: [0.0000 / 504.6565] - Consistency Loss: [0.0000] - VICReg Loss: [20.5539][wd: 5.03e-02] [lr: 8.42e-05] [autoencoder lr: 0.00e+00][mem: 6.60e+04] (1657.6 ms)
INFO:root:[1,  2200] grad_stats: [1.02e+00 1.68e-02] (8.01e-03, 2.86e+00)
INFO:root:[1,  2250/ 2562] - train_losses - Parent Class: 5.4358 - Children class: 0.0000 -Autoencoder Loss (total): 504.9011 - Reconstruction/K-Means Loss: [0.0000 / 504.9011] - Consistency Loss: [0.0000] - VICReg Loss: [20.5625][wd: 5.03e-02] [lr: 8.43e-05] [autoencoder lr: 0.00e+00][mem: 6.60e+04] (1663.2 ms)
INFO:root:[1,  2250] grad_stats: [2.38e+00 1.79e-02] (6.34e-03, 4.82e+00)
INFO:root:[1,  2300/ 2562] - train_losses - Parent Class: 5.4400 - Children class: 0.0000 -Autoencoder Loss (total): 505.1252 - Reconstruction/K-Means Loss: [0.0000 / 505.1252] - Consistency Loss: [0.0000] - VICReg Loss: [20.5678][wd: 5.03e-02] [lr: 8.44e-05] [autoencoder lr: 0.00e+00][mem: 6.60e+04] (1668.9 ms)
INFO:root:[1,  2300] grad_stats: [1.19e+00 1.95e-02] (4.84e-03, 3.27e+00)
INFO:root:[1,  2350/ 2562] - train_losses - Parent Class: 5.4442 - Children class: 0.0000 -Autoencoder Loss (total): 505.2584 - Reconstruction/K-Means Loss: [0.0000 / 505.2584] - Consistency Loss: [0.0000] - VICReg Loss: [20.5701][wd: 5.03e-02] [lr: 8.45e-05] [autoencoder lr: 0.00e+00][mem: 6.60e+04] (1674.5 ms)
INFO:root:[1,  2350] grad_stats: [9.32e-01 1.91e-02] (4.95e-03, 3.04e+00)
INFO:root:[1,  2400/ 2562] - train_losses - Parent Class: 5.4487 - Children class: 0.0000 -Autoencoder Loss (total): 505.5421 - Reconstruction/K-Means Loss: [0.0000 / 505.5421] - Consistency Loss: [0.0000] - VICReg Loss: [20.5703][wd: 5.03e-02] [lr: 8.46e-05] [autoencoder lr: 0.00e+00][mem: 6.60e+04] (1679.9 ms)
INFO:root:[1,  2400] grad_stats: [1.13e+00 2.15e-02] (8.25e-03, 3.28e+00)
INFO:root:[1,  2450/ 2562] - train_losses - Parent Class: 5.4519 - Children class: 0.0000 -Autoencoder Loss (total): 505.5168 - Reconstruction/K-Means Loss: [0.0000 / 505.5168] - Consistency Loss: [0.0000] - VICReg Loss: [20.5704][wd: 5.03e-02] [lr: 8.46e-05] [autoencoder lr: 0.00e+00][mem: 6.60e+04] (1685.7 ms)
INFO:root:[1,  2450] grad_stats: [6.00e-01 2.86e-02] (1.59e-02, 3.03e+00)
INFO:root:[1,  2500/ 2562] - train_losses - Parent Class: 5.4545 - Children class: 0.0000 -Autoencoder Loss (total): 505.5810 - Reconstruction/K-Means Loss: [0.0000 / 505.5810] - Consistency Loss: [0.0000] - VICReg Loss: [20.5689][wd: 5.03e-02] [lr: 8.47e-05] [autoencoder lr: 0.00e+00][mem: 6.60e+04] (1691.4 ms)
INFO:root:[1,  2500] grad_stats: [7.97e-01 2.56e-02] (5.81e-03, 3.25e+00)
INFO:root:[1,  2550/ 2562] - train_losses - Parent Class: 5.4575 - Children class: 0.0000 -Autoencoder Loss (total): 505.6493 - Reconstruction/K-Means Loss: [0.0000 / 505.6493] - Consistency Loss: [0.0000] - VICReg Loss: [20.5651][wd: 5.03e-02] [lr: 8.48e-05] [autoencoder lr: 0.00e+00][mem: 6.60e+04] (1697.3 ms)
INFO:root:[1,  2550] grad_stats: [6.95e-01 2.59e-02] (1.12e-02, 3.21e+00)
INFO:root:Asserting cache length
INFO:root:Reinitializing centroids
Avg no of empty clusters: 0
INFO:faiss.loader:Loading faiss with AVX2 support.
INFO:faiss.loader:Successfully loaded faiss with AVX2 support.
INFO:faiss.loader:Loading faiss with AVX2 support.
INFO:faiss.loader:Successfully loaded faiss with AVX2 support.
INFO:faiss.loader:Loading faiss with AVX2 support.
INFO:faiss.loader:Successfully loaded faiss with AVX2 support.
INFO:faiss.loader:Loading faiss with AVX2 support.
INFO:faiss.loader:Successfully loaded faiss with AVX2 support.
INFO:faiss.loader:Loading faiss with AVX2 support.
INFO:faiss.loader:Successfully loaded faiss with AVX2 support.
INFO:faiss.loader:Loading faiss with AVX2 support.
INFO:faiss.loader:Successfully loaded faiss with AVX2 support.
INFO:faiss.loader:Loading faiss with AVX2 support.
INFO:faiss.loader:Successfully loaded faiss with AVX2 support.
INFO:faiss.loader:Loading faiss with AVX2 support.
INFO:faiss.loader:Successfully loaded faiss with AVX2 support.
INFO:faiss.loader:Loading faiss with AVX2 support.
INFO:faiss.loader:Successfully loaded faiss with AVX2 support.
INFO:faiss.loader:Loading faiss with AVX2 support.
INFO:faiss.loader:Successfully loaded faiss with AVX2 support.
INFO:faiss.loader:Loading faiss with AVX2 support.
INFO:faiss.loader:Successfully loaded faiss with AVX2 support.
INFO:faiss.loader:Loading faiss with AVX2 support.
INFO:faiss.loader:Successfully loaded faiss with AVX2 support.
INFO:faiss.loader:Loading faiss with AVX2 support.
INFO:faiss.loader:Successfully loaded faiss with AVX2 support.
INFO:faiss.loader:Loading faiss with AVX2 support.
INFO:faiss.loader:Successfully loaded faiss with AVX2 support.
INFO:faiss.loader:Loading faiss with AVX2 support.
INFO:faiss.loader:Successfully loaded faiss with AVX2 support.
INFO:faiss.loader:Loading faiss with AVX2 support.
INFO:faiss.loader:Successfully loaded faiss with AVX2 support.
INFO:root:avg. train_loss 26.023
INFO:root:avg. test_loss 0.000 avg. Accuracy@1 5.775 - avg. Accuracy@5 16.797
INFO:root:Loss 26.1881
INFO:root:Epoch 2
INFO:faiss.loader:Loading faiss with AVX2 support.
INFO:faiss.loader:Successfully loaded faiss with AVX2 support.
INFO:faiss.loader:Loading faiss with AVX2 support.
INFO:faiss.loader:Successfully loaded faiss with AVX2 support.
INFO:faiss.loader:Loading faiss with AVX2 support.
INFO:faiss.loader:Successfully loaded faiss with AVX2 support.
INFO:faiss.loader:Loading faiss with AVX2 support.
INFO:faiss.loader:Successfully loaded faiss with AVX2 support.
INFO:faiss.loader:Loading faiss with AVX2 support.
INFO:faiss.loader:Successfully loaded faiss with AVX2 support.
INFO:faiss.loader:Loading faiss with AVX2 support.
INFO:faiss.loader:Successfully loaded faiss with AVX2 support.
INFO:faiss.loader:Loading faiss with AVX2 support.
INFO:faiss.loader:Successfully loaded faiss with AVX2 support.
INFO:faiss.loader:Loading faiss with AVX2 support.
INFO:faiss.loader:Successfully loaded faiss with AVX2 support.
INFO:faiss.loader:Loading faiss with AVX2 support.
INFO:faiss.loader:Successfully loaded faiss with AVX2 support.
INFO:faiss.loader:Loading faiss with AVX2 support.
INFO:faiss.loader:Successfully loaded faiss with AVX2 support.
INFO:faiss.loader:Loading faiss with AVX2 support.
INFO:faiss.loader:Successfully loaded faiss with AVX2 support.
INFO:faiss.loader:Loading faiss with AVX2 support.
INFO:faiss.loader:Successfully loaded faiss with AVX2 support.
INFO:faiss.loader:Loading faiss with AVX2 support.
INFO:faiss.loader:Successfully loaded faiss with AVX2 support.
INFO:faiss.loader:Loading faiss with AVX2 support.
INFO:faiss.loader:Successfully loaded faiss with AVX2 support.
INFO:faiss.loader:Loading faiss with AVX2 support.
INFO:faiss.loader:Successfully loaded faiss with AVX2 support.
INFO:faiss.loader:Loading faiss with AVX2 support.
INFO:faiss.loader:Successfully loaded faiss with AVX2 support.
Process Process-1:
Traceback (most recent call last):
  File "/home/rtcalumby/miniconda3/envs/py382/lib/python3.12/multiprocessing/process.py", line 314, in _bootstrap
    self.run()
  File "/home/rtcalumby/miniconda3/envs/py382/lib/python3.12/multiprocessing/process.py", line 108, in run
    self._target(*self._args, **self._kwargs)
  File "/home/rtcalumby/adam/luciano/LifeCLEFPlant2022/DeepCluster/main_FGDCC_v2.py", line 52, in process_main
    app_main(args=params)
  File "/home/rtcalumby/adam/luciano/LifeCLEFPlant2022/DeepCluster/engine_FGDCCv2.py", line 689, in main
    total_loss_meter.update(loss)
                                  
  File "/home/rtcalumby/adam/luciano/LifeCLEFPlant2022/DeepCluster/src/utils/logging.py", line 21, in gpu_timer
    result = closure()
             ^^^^^^^^^
  File "/home/rtcalumby/adam/luciano/LifeCLEFPlant2022/DeepCluster/engine_FGDCCv2.py", line 625, in train_step
    k_means_losses, best_K_classifiers, cluster_assignments = k_means_module.cosine_cluster_index(bottleneck_output, target, cached_features, cached_features_last_epoch, device)
                                                              ^^^^^^^^^^^^^^^^^^^^^^^^^^^^^^^^^^^^^^^^^^^^^^^^^^^^^^^^^^^^^^^^^^^^^^^^^^^^^^^^^^^^^^^^^^^^^^^^^^^^^^^^^^^^^^^^^^^
  File "/home/rtcalumby/adam/luciano/LifeCLEFPlant2022/DeepCluster/src/KMeans.py", line 80, in cosine_cluster_index
    S_scores = self.inter_cluster_separation(class_id, device=device)
               ^^^^^^^^^^^^^^^^^^^^^^^^^^^^^^^^^^^^^^^^^^^^^^^^^^^^^^
  File "/home/rtcalumby/adam/luciano/LifeCLEFPlant2022/DeepCluster/src/KMeans.py", line 56, in inter_cluster_separation
    centroid_pairs = centroids[pairs]
                     ~~~~~~~~~^^^^^^^
  File "/home/rtcalumby/miniconda3/envs/py382/lib/python3.12/site-packages/torch/_tensor.py", line 1087, in __array__
    return self.numpy()
           ^^^^^^^^^^^^
TypeError: can't convert cuda:0 device type tensor to numpy. Use Tensor.cpu() to copy the tensor to host memory first.
