Traceback (most recent call last):
  File "/home/rtcalumby/adam/luciano/LifeCLEFPlant2022/DeepCluster/main_FGDCC_v2.py", line 16, in <module>
    from engine_FGDCCv2 import main as app_main
  File "/home/rtcalumby/adam/luciano/LifeCLEFPlant2022/DeepCluster/engine_FGDCCv2.py", line 47, in <module>
    from src.datasets.FineTuningDataset import make_GenericDataset
  File "/home/rtcalumby/adam/luciano/LifeCLEFPlant2022/DeepCluster/src/datasets/FineTuningDataset.py", line 11, in <module>
    import torchvision
  File "/home/rtcalumby/miniconda3/envs/py382/lib/python3.12/site-packages/torchvision/__init__.py", line 6, in <module>
    from torchvision import _meta_registrations, datasets, io, models, ops, transforms, utils
  File "/home/rtcalumby/miniconda3/envs/py382/lib/python3.12/site-packages/torchvision/_meta_registrations.py", line 163, in <module>
    @torch._custom_ops.impl_abstract("torchvision::nms")
     ^^^^^^^^^^^^^^^^^^^^^^^^^^^^^^^^^^^^^^^^^^^^^^^^^^^
  File "/home/rtcalumby/miniconda3/envs/py382/lib/python3.12/site-packages/torch/library.py", line 828, in register
    use_lib._register_fake(op_name, func, _stacklevel=stacklevel + 1)
  File "/home/rtcalumby/miniconda3/envs/py382/lib/python3.12/site-packages/torch/library.py", line 198, in _register_fake
    handle = entry.fake_impl.register(func_to_register, source)
             ^^^^^^^^^^^^^^^^^^^^^^^^^^^^^^^^^^^^^^^^^^^^^^^^^^
  File "/home/rtcalumby/miniconda3/envs/py382/lib/python3.12/site-packages/torch/_library/fake_impl.py", line 31, in register
    if torch._C._dispatch_has_kernel_for_dispatch_key(self.qualname, "Meta"):
       ^^^^^^^^^^^^^^^^^^^^^^^^^^^^^^^^^^^^^^^^^^^^^^^^^^^^^^^^^^^^^^^^^^^^^
RuntimeError: operator torchvision::nms does not exist
