INFO:faiss.loader:Loading faiss with AVX2 support.
INFO:faiss.loader:Successfully loaded faiss with AVX2 support.
INFO:faiss.loader:Loading faiss with AVX2 support.
INFO:faiss.loader:Successfully loaded faiss with AVX2 support.
INFO:root:called-params configs/df20.yaml
INFO:root:loaded params...
{   'data': {   'batch_size': 96,
                'cache_path': '/home/rtcalumby/adam/luciano/DeepCluster/cache/df20',
                'color_jitter_strength': 0.0,
                'crop_scale': [0.3, 1.0],
                'crop_size': 224,
                'cutmix': 0.0,
                'drop_path': 0.25,
                'image_folder': '/home/rtcalumby/adam/luciano/fungi_2020/',
                'mixup': 0.0,
                'nb_classes': 1604,
                'num_workers': 16,
                'pin_mem': True,
                'reprob': 0.25,
                'resume_epoch': 0,
                'root_path': '/home/rtcalumby/adam/luciano/',
                'use_color_distortion': False,
                'use_gaussian_blur': False,
                'use_horizontal_flip': False},
    'k_means': {   'K_range': [2, 3, 4, 5],
                   'prototype_features': True,
                   'reinitialize_centroids': 5},
    'logging': {   'folder': '/home/rtcalumby/adam/luciano/fungi_2020/logs/df20_exp2',
                   'write_tag': 'jepa'},
    'mask': {   'allow_overlap': False,
                'aspect_ratio': [0.75, 1.5],
                'enc_mask_scale': [0.85, 1.0],
                'min_keep': 10,
                'num_enc_masks': 1,
                'num_pred_masks': 4,
                'patch_size': 14,
                'pred_mask_scale': [0.15, 0.2]},
    'meta': {   'copy_data': False,
                'load_checkpoint': True,
                'model_name': 'vit_huge',
                'pred_depth': 12,
                'pred_emb_dim': 384,
                'read_checkpoint': None,
                'use_bfloat16': True},
    'optimization': {   'ema': [0.9, 0.999],
                        'epochs': 50,
                        'final_lr': 0.0005,
                        'final_weight_decay': 0.4,
                        'ipe_scale': 1.0,
                        'label_smoothing': 0.1,
                        'lr': 0.01,
                        'start_lr': 0.01,
                        'warmup': 10,
                        'weight_decay': 0.05},
    'vicreg': {'alpha': 5.0, 'beta': 25.0, 'gamma': 1.0}}
INFO:root:Running... (rank: 0/1)
INFO:root:Initialized (rank/world-size) 0/1
INFO:root:making imagenet data transforms
INFO:root:making imagenet data transforms
INFO:root:Finetuning dataset created
INFO:root:PairedDataset created
Training dataset, length: 266400
INFO:root:Finetuning dataset created
Val dataset, length: 29664
INFO:root:Using AdamW
['encoder', 'predictor', 'opt', 'scaler', 'target_encoder', 'epoch', 'loss', 'batch_size', 'world_size', 'lr']
INFO:root:loaded pretrained encoder from epoch 66 with msg: <All keys matched successfully>
INFO:root:ClassificationHead(
  (dropout): Dropout(p=0.15, inplace=False)
  (classifier): Linear(in_features=1280, out_features=22456, bias=True)
)
INFO:root:Using AdamW
INFO:root:VisionTransformer(
  (patch_embed): PatchEmbed(
    (proj): Conv2d(3, 1280, kernel_size=(14, 14), stride=(14, 14))
  )
  (blocks): ModuleList(
    (0-31): 32 x Block(
      (norm1): LayerNorm((1280,), eps=1e-06, elementwise_affine=True)
      (attn): Attention(
        (qkv): Linear(in_features=1280, out_features=3840, bias=True)
        (attn_drop): Dropout(p=0.0, inplace=False)
        (proj): Linear(in_features=1280, out_features=1280, bias=True)
        (proj_drop): Dropout(p=0.0, inplace=False)
      )
      (drop_path): Identity()
      (norm2): LayerNorm((1280,), eps=1e-06, elementwise_affine=True)
      (mlp): MLP(
        (fc1): Linear(in_features=1280, out_features=5120, bias=True)
        (act): GELU(approximate='none')
        (fc2): Linear(in_features=5120, out_features=1280, bias=True)
        (drop): Dropout(p=0.0, inplace=False)
      )
    )
  )
  (norm): LayerNorm((1280,), eps=1e-06, elementwise_affine=True)
)
INFO:root:Setting up cache...
INFO:root:Loading cached features at /home/rtcalumby/adam/luciano/DeepCluster/cache/df20
INFO:root:Done...
INFO:root:Initializing centroids...
INFO:root:Update Step...
/home/rtcalumby/miniconda3/envs/py382/lib/python3.12/site-packages/faiss/contrib/torch_utils.py:51: UserWarning: TypedStorage is deprecated. It will be removed in the future and UntypedStorage will be the only storage class. This should only matter to you if you are using storages directly.  To access UntypedStorage directly, use tensor.untyped_storage() instead of tensor.storage()
  x.storage().data_ptr() + x.storage_offset() * 4)
INFO:root:Epoch 1
INFO:faiss.loader:Loading faiss with AVX2 support.
INFO:faiss.loader:Successfully loaded faiss with AVX2 support.
INFO:faiss.loader:Loading faiss with AVX2 support.
INFO:faiss.loader:Successfully loaded faiss with AVX2 support.
INFO:faiss.loader:Loading faiss with AVX2 support.
INFO:faiss.loader:Successfully loaded faiss with AVX2 support.
INFO:faiss.loader:Loading faiss with AVX2 support.
INFO:faiss.loader:Successfully loaded faiss with AVX2 support.
INFO:faiss.loader:Loading faiss with AVX2 support.
INFO:faiss.loader:Successfully loaded faiss with AVX2 support.
INFO:faiss.loader:Loading faiss with AVX2 support.
INFO:faiss.loader:Successfully loaded faiss with AVX2 support.
INFO:faiss.loader:Loading faiss with AVX2 support.
INFO:faiss.loader:Successfully loaded faiss with AVX2 support.
INFO:faiss.loader:Loading faiss with AVX2 support.
INFO:faiss.loader:Successfully loaded faiss with AVX2 support.
INFO:faiss.loader:Loading faiss with AVX2 support.
INFO:faiss.loader:Successfully loaded faiss with AVX2 support.
INFO:faiss.loader:Loading faiss with AVX2 support.
INFO:faiss.loader:Successfully loaded faiss with AVX2 support.
INFO:faiss.loader:Loading faiss with AVX2 support.
INFO:faiss.loader:Successfully loaded faiss with AVX2 support.
INFO:faiss.loader:Loading faiss with AVX2 support.
INFO:faiss.loader:Successfully loaded faiss with AVX2 support.
INFO:faiss.loader:Loading faiss with AVX2 support.
INFO:faiss.loader:Successfully loaded faiss with AVX2 support.
INFO:faiss.loader:Loading faiss with AVX2 support.
INFO:faiss.loader:Successfully loaded faiss with AVX2 support.
INFO:faiss.loader:Loading faiss with AVX2 support.
INFO:faiss.loader:Successfully loaded faiss with AVX2 support.
INFO:faiss.loader:Loading faiss with AVX2 support.
INFO:faiss.loader:Successfully loaded faiss with AVX2 support.
INFO:root:[1,     0/ 2775] - train_losses - Parent Class: 0.0000 - Children class: 10.0193 -Autoencoder Loss (total): 219.6857 - Reconstruction/K-Means Loss: [0.0000 / 219.6857] - Consistency Loss: [0.0000] - VICReg Loss: [25.1707][wd: 5.00e-02] [lr: 1.00e-02] [autoencoder lr: 0.00e+00][mem: 6.14e+04] (3254.3 ms)
INFO:root:[1,     0] grad_stats: [1.11e+00 7.68e+00] (6.59e-01, 2.88e+01)
INFO:root:[1,    50/ 2775] - train_losses - Parent Class: 0.0000 - Children class: 11.5075 -Autoencoder Loss (total): 1040.7146 - Reconstruction/K-Means Loss: [0.0000 / 1040.7146] - Consistency Loss: [0.0000] - VICReg Loss: [23.9271][wd: 5.00e-02] [lr: 1.00e-02] [autoencoder lr: 0.00e+00][mem: 6.65e+04] (1472.2 ms)
INFO:root:[1,    50] grad_stats: [9.92e-03 6.17e-04] (5.39e-05, 4.72e+00)
INFO:root:[1,   100/ 2775] - train_losses - Parent Class: 0.0000 - Children class: 10.5744 -Autoencoder Loss (total): 1194.0843 - Reconstruction/K-Means Loss: [0.0000 / 1194.0843] - Consistency Loss: [0.0000] - VICReg Loss: [23.8644][wd: 5.00e-02] [lr: 1.00e-02] [autoencoder lr: 0.00e+00][mem: 6.65e+04] (1447.7 ms)
INFO:root:[1,   100] grad_stats: [3.98e-03 2.23e-04] (3.87e-05, 4.10e+00)
/home/rtcalumby/miniconda3/envs/py382/lib/python3.12/site-packages/PIL/Image.py:3218: DecompressionBombWarning: Image size (108000000 pixels) exceeds limit of 89478485 pixels, could be decompression bomb DOS attack.
  warnings.warn(
INFO:root:[1,   150/ 2775] - train_losses - Parent Class: 0.0000 - Children class: 10.0990 -Autoencoder Loss (total): 1264.3749 - Reconstruction/K-Means Loss: [0.0000 / 1264.3749] - Consistency Loss: [0.0000] - VICReg Loss: [23.8657][wd: 5.00e-02] [lr: 1.00e-02] [autoencoder lr: 0.00e+00][mem: 6.65e+04] (1440.4 ms)
INFO:root:[1,   150] grad_stats: [5.96e-03 3.39e-04] (2.82e-05, 3.79e+00)
INFO:root:[1,   200/ 2775] - train_losses - Parent Class: 0.0000 - Children class: 9.7975 -Autoencoder Loss (total): 1303.6563 - Reconstruction/K-Means Loss: [0.0000 / 1303.6563] - Consistency Loss: [0.0000] - VICReg Loss: [23.8902][wd: 5.00e-02] [lr: 1.00e-02] [autoencoder lr: 0.00e+00][mem: 6.65e+04] (1437.5 ms)
INFO:root:[1,   200] grad_stats: [8.29e-03 4.36e-04] (2.46e-05, 3.97e+00)
INFO:root:[1,   250/ 2775] - train_losses - Parent Class: 0.0000 - Children class: 9.5912 -Autoencoder Loss (total): 1326.4694 - Reconstruction/K-Means Loss: [0.0000 / 1326.4694] - Consistency Loss: [0.0000] - VICReg Loss: [23.9207][wd: 5.00e-02] [lr: 1.00e-02] [autoencoder lr: 0.00e+00][mem: 6.65e+04] (1435.9 ms)
INFO:root:[1,   250] grad_stats: [5.66e-03 1.80e-04] (3.44e-05, 3.70e+00)
INFO:root:[1,   300/ 2775] - train_losses - Parent Class: 0.0000 - Children class: 9.4331 -Autoencoder Loss (total): 1346.0806 - Reconstruction/K-Means Loss: [0.0000 / 1346.0806] - Consistency Loss: [0.0000] - VICReg Loss: [23.9473][wd: 5.00e-02] [lr: 1.00e-02] [autoencoder lr: 0.00e+00][mem: 6.65e+04] (1435.3 ms)
INFO:root:[1,   300] grad_stats: [5.30e-03 2.83e-04] (1.69e-05, 3.85e+00)
INFO:root:[1,   350/ 2775] - train_losses - Parent Class: 0.0000 - Children class: 9.3181 -Autoencoder Loss (total): 1357.5005 - Reconstruction/K-Means Loss: [0.0000 / 1357.5005] - Consistency Loss: [0.0000] - VICReg Loss: [23.9681][wd: 5.00e-02] [lr: 1.00e-02] [autoencoder lr: 0.00e+00][mem: 6.65e+04] (1435.2 ms)
INFO:root:[1,   350] grad_stats: [3.31e-02 3.45e-04] (2.24e-05, 3.91e+00)
INFO:root:[1,   400/ 2775] - train_losses - Parent Class: 0.0000 - Children class: 9.2275 -Autoencoder Loss (total): 1366.9285 - Reconstruction/K-Means Loss: [0.0000 / 1366.9285] - Consistency Loss: [0.0000] - VICReg Loss: [23.9931][wd: 5.00e-02] [lr: 1.00e-02] [autoencoder lr: 0.00e+00][mem: 6.65e+04] (1435.5 ms)
INFO:root:[1,   400] grad_stats: [1.67e-02 2.23e-04] (2.22e-05, 3.83e+00)
INFO:root:[1,   450/ 2775] - train_losses - Parent Class: 0.0000 - Children class: 9.1461 -Autoencoder Loss (total): 1373.7717 - Reconstruction/K-Means Loss: [0.0000 / 1373.7717] - Consistency Loss: [0.0000] - VICReg Loss: [24.0131][wd: 5.00e-02] [lr: 1.00e-02] [autoencoder lr: 0.00e+00][mem: 6.65e+04] (1436.0 ms)
INFO:root:[1,   450] grad_stats: [1.77e-02 1.36e-04] (1.89e-05, 4.13e+00)
INFO:root:[1,   500/ 2775] - train_losses - Parent Class: 0.0000 - Children class: 9.0757 -Autoencoder Loss (total): 1379.7727 - Reconstruction/K-Means Loss: [0.0000 / 1379.7727] - Consistency Loss: [0.0000] - VICReg Loss: [24.0306][wd: 5.00e-02] [lr: 1.00e-02] [autoencoder lr: 0.00e+00][mem: 6.65e+04] (1436.6 ms)
INFO:root:[1,   500] grad_stats: [4.34e-02 4.12e-04] (1.89e-05, 4.02e+00)
INFO:root:[1,   550/ 2775] - train_losses - Parent Class: 0.0000 - Children class: 9.0091 -Autoencoder Loss (total): 1383.8314 - Reconstruction/K-Means Loss: [0.0000 / 1383.8314] - Consistency Loss: [0.0000] - VICReg Loss: [24.0477][wd: 5.00e-02] [lr: 1.00e-02] [autoencoder lr: 0.00e+00][mem: 6.65e+04] (1437.5 ms)
INFO:root:[1,   550] grad_stats: [4.08e-02 1.91e-04] (3.85e-05, 3.97e+00)
INFO:root:[1,   600/ 2775] - train_losses - Parent Class: 0.0000 - Children class: 8.9512 -Autoencoder Loss (total): 1388.7961 - Reconstruction/K-Means Loss: [0.0000 / 1388.7961] - Consistency Loss: [0.0000] - VICReg Loss: [24.0644][wd: 5.00e-02] [lr: 1.00e-02] [autoencoder lr: 0.00e+00][mem: 6.65e+04] (1438.1 ms)
INFO:root:[1,   600] grad_stats: [7.29e-02 8.10e-05] (1.71e-05, 3.73e+00)
INFO:root:[1,   650/ 2775] - train_losses - Parent Class: 0.0000 - Children class: 8.9026 -Autoencoder Loss (total): 1392.9632 - Reconstruction/K-Means Loss: [0.0000 / 1392.9632] - Consistency Loss: [0.0000] - VICReg Loss: [24.0776][wd: 5.00e-02] [lr: 1.00e-02] [autoencoder lr: 0.00e+00][mem: 6.65e+04] (1438.7 ms)
INFO:root:[1,   650] grad_stats: [1.10e-01 1.36e-04] (1.25e-05, 3.86e+00)
INFO:root:[1,   700/ 2775] - train_losses - Parent Class: 0.0000 - Children class: 8.8599 -Autoencoder Loss (total): 1394.9654 - Reconstruction/K-Means Loss: [0.0000 / 1394.9654] - Consistency Loss: [0.0000] - VICReg Loss: [24.0886][wd: 5.00e-02] [lr: 1.00e-02] [autoencoder lr: 0.00e+00][mem: 6.65e+04] (1439.4 ms)
INFO:root:[1,   700] grad_stats: [2.44e-02 1.05e-04] (1.64e-05, 3.82e+00)
INFO:root:[1,   750/ 2775] - train_losses - Parent Class: 0.0000 - Children class: 8.8184 -Autoencoder Loss (total): 1397.7455 - Reconstruction/K-Means Loss: [0.0000 / 1397.7455] - Consistency Loss: [0.0000] - VICReg Loss: [24.0999][wd: 5.00e-02] [lr: 1.00e-02] [autoencoder lr: 0.00e+00][mem: 6.65e+04] (1440.2 ms)
INFO:root:[1,   750] grad_stats: [1.11e-01 8.41e-05] (1.92e-05, 3.97e+00)
INFO:root:[1,   800/ 2775] - train_losses - Parent Class: 0.0000 - Children class: 8.7841 -Autoencoder Loss (total): 1400.5952 - Reconstruction/K-Means Loss: [0.0000 / 1400.5952] - Consistency Loss: [0.0000] - VICReg Loss: [24.1101][wd: 5.00e-02] [lr: 1.00e-02] [autoencoder lr: 0.00e+00][mem: 6.65e+04] (1441.2 ms)
INFO:root:[1,   800] grad_stats: [4.30e-02 1.99e-04] (2.47e-05, 3.94e+00)
INFO:root:[1,   850/ 2775] - train_losses - Parent Class: 0.0000 - Children class: 8.7520 -Autoencoder Loss (total): 1403.2902 - Reconstruction/K-Means Loss: [0.0000 / 1403.2902] - Consistency Loss: [0.0000] - VICReg Loss: [24.1207][wd: 5.00e-02] [lr: 1.00e-02] [autoencoder lr: 0.00e+00][mem: 6.65e+04] (1442.1 ms)
INFO:root:[1,   850] grad_stats: [1.59e-01 1.36e-04] (2.14e-05, 3.84e+00)
INFO:root:[1,   900/ 2775] - train_losses - Parent Class: 0.0000 - Children class: 8.7183 -Autoencoder Loss (total): 1404.7764 - Reconstruction/K-Means Loss: [0.0000 / 1404.7764] - Consistency Loss: [0.0000] - VICReg Loss: [24.1284][wd: 5.00e-02] [lr: 1.00e-02] [autoencoder lr: 0.00e+00][mem: 6.65e+04] (1443.1 ms)
INFO:root:[1,   900] grad_stats: [5.08e-02 8.01e-05] (1.52e-05, 4.15e+00)
INFO:root:[1,   950/ 2775] - train_losses - Parent Class: 0.0000 - Children class: 8.6919 -Autoencoder Loss (total): 1406.4631 - Reconstruction/K-Means Loss: [0.0000 / 1406.4631] - Consistency Loss: [0.0000] - VICReg Loss: [24.1370][wd: 5.00e-02] [lr: 1.00e-02] [autoencoder lr: 0.00e+00][mem: 6.65e+04] (1444.0 ms)
INFO:root:[1,   950] grad_stats: [3.49e-02 1.66e-04] (1.47e-05, 3.82e+00)
INFO:root:[1,  1000/ 2775] - train_losses - Parent Class: 0.0000 - Children class: 8.6665 -Autoencoder Loss (total): 1407.3836 - Reconstruction/K-Means Loss: [0.0000 / 1407.3836] - Consistency Loss: [0.0000] - VICReg Loss: [24.1441][wd: 5.00e-02] [lr: 1.00e-02] [autoencoder lr: 0.00e+00][mem: 6.65e+04] (1444.9 ms)
INFO:root:[1,  1000] grad_stats: [8.97e-02 7.67e-05] (1.07e-05, 3.63e+00)
INFO:root:[1,  1050/ 2775] - train_losses - Parent Class: 0.0000 - Children class: 8.6442 -Autoencoder Loss (total): 1408.5964 - Reconstruction/K-Means Loss: [0.0000 / 1408.5964] - Consistency Loss: [0.0000] - VICReg Loss: [24.1517][wd: 5.00e-02] [lr: 1.00e-02] [autoencoder lr: 0.00e+00][mem: 6.65e+04] (1445.8 ms)
INFO:root:[1,  1050] grad_stats: [3.68e-02 4.19e-05] (1.54e-05, 3.96e+00)
/home/rtcalumby/miniconda3/envs/py382/lib/python3.12/site-packages/PIL/Image.py:3218: DecompressionBombWarning: Image size (108000000 pixels) exceeds limit of 89478485 pixels, could be decompression bomb DOS attack.
  warnings.warn(
INFO:root:[1,  1100/ 2775] - train_losses - Parent Class: 0.0000 - Children class: 8.6219 -Autoencoder Loss (total): 1409.5838 - Reconstruction/K-Means Loss: [0.0000 / 1409.5838] - Consistency Loss: [0.0000] - VICReg Loss: [24.1617][wd: 5.01e-02] [lr: 1.00e-02] [autoencoder lr: 0.00e+00][mem: 6.65e+04] (1446.8 ms)
INFO:root:[1,  1100] grad_stats: [9.81e-02 1.53e-04] (1.45e-05, 3.70e+00)
INFO:root:[1,  1150/ 2775] - train_losses - Parent Class: 0.0000 - Children class: 8.6031 -Autoencoder Loss (total): 1410.5741 - Reconstruction/K-Means Loss: [0.0000 / 1410.5741] - Consistency Loss: [0.0000] - VICReg Loss: [24.1680][wd: 5.01e-02] [lr: 1.00e-02] [autoencoder lr: 0.00e+00][mem: 6.65e+04] (1447.8 ms)
INFO:root:[1,  1150] grad_stats: [3.06e-02 5.03e-05] (9.86e-06, 3.77e+00)
INFO:root:[1,  1200/ 2775] - train_losses - Parent Class: 0.0000 - Children class: 8.5842 -Autoencoder Loss (total): 1411.2472 - Reconstruction/K-Means Loss: [0.0000 / 1411.2472] - Consistency Loss: [0.0000] - VICReg Loss: [24.1729][wd: 5.01e-02] [lr: 1.00e-02] [autoencoder lr: 0.00e+00][mem: 6.65e+04] (1448.8 ms)
INFO:root:[1,  1200] grad_stats: [3.16e-01 9.58e-05] (8.53e-06, 3.74e+00)
INFO:root:[1,  1250/ 2775] - train_losses - Parent Class: 0.0000 - Children class: 8.5677 -Autoencoder Loss (total): 1411.9808 - Reconstruction/K-Means Loss: [0.0000 / 1411.9808] - Consistency Loss: [0.0000] - VICReg Loss: [24.1791][wd: 5.01e-02] [lr: 1.00e-02] [autoencoder lr: 0.00e+00][mem: 6.65e+04] (1449.7 ms)
INFO:root:[1,  1250] grad_stats: [1.13e-01 4.66e-05] (8.30e-06, 3.72e+00)
INFO:root:[1,  1300/ 2775] - train_losses - Parent Class: 0.0000 - Children class: 8.5512 -Autoencoder Loss (total): 1412.3584 - Reconstruction/K-Means Loss: [0.0000 / 1412.3584] - Consistency Loss: [0.0000] - VICReg Loss: [24.1847][wd: 5.01e-02] [lr: 1.00e-02] [autoencoder lr: 0.00e+00][mem: 6.65e+04] (1450.6 ms)
INFO:root:[1,  1300] grad_stats: [7.31e-02 5.41e-05] (1.18e-05, 3.66e+00)
INFO:root:[1,  1350/ 2775] - train_losses - Parent Class: 0.0000 - Children class: 8.5377 -Autoencoder Loss (total): 1413.1301 - Reconstruction/K-Means Loss: [0.0000 / 1413.1301] - Consistency Loss: [0.0000] - VICReg Loss: [24.1895][wd: 5.01e-02] [lr: 1.00e-02] [autoencoder lr: 0.00e+00][mem: 6.65e+04] (1451.5 ms)
INFO:root:[1,  1350] grad_stats: [3.34e-02 4.20e-05] (1.01e-05, 3.65e+00)
INFO:root:[1,  1400/ 2775] - train_losses - Parent Class: 0.0000 - Children class: 8.5225 -Autoencoder Loss (total): 1414.1662 - Reconstruction/K-Means Loss: [0.0000 / 1414.1662] - Consistency Loss: [0.0000] - VICReg Loss: [24.1942][wd: 5.01e-02] [lr: 1.00e-02] [autoencoder lr: 0.00e+00][mem: 6.65e+04] (1452.5 ms)
INFO:root:[1,  1400] grad_stats: [4.76e-02 4.44e-05] (9.06e-06, 3.61e+00)
INFO:root:[1,  1450/ 2775] - train_losses - Parent Class: 0.0000 - Children class: 8.5088 -Autoencoder Loss (total): 1415.1154 - Reconstruction/K-Means Loss: [0.0000 / 1415.1154] - Consistency Loss: [0.0000] - VICReg Loss: [24.1995][wd: 5.01e-02] [lr: 1.00e-02] [autoencoder lr: 0.00e+00][mem: 6.65e+04] (1453.3 ms)
INFO:root:[1,  1450] grad_stats: [3.27e-02 4.99e-05] (8.76e-06, 3.69e+00)
INFO:root:[1,  1500/ 2775] - train_losses - Parent Class: 0.0000 - Children class: 8.4958 -Autoencoder Loss (total): 1415.8089 - Reconstruction/K-Means Loss: [0.0000 / 1415.8089] - Consistency Loss: [0.0000] - VICReg Loss: [24.2023][wd: 5.01e-02] [lr: 1.00e-02] [autoencoder lr: 0.00e+00][mem: 6.65e+04] (1454.2 ms)
INFO:root:[1,  1500] grad_stats: [8.76e-02 2.70e-05] (6.26e-06, 3.75e+00)
INFO:root:[1,  1550/ 2775] - train_losses - Parent Class: 0.0000 - Children class: 8.4830 -Autoencoder Loss (total): 1416.0324 - Reconstruction/K-Means Loss: [0.0000 / 1416.0324] - Consistency Loss: [0.0000] - VICReg Loss: [24.2067][wd: 5.01e-02] [lr: 1.00e-02] [autoencoder lr: 0.00e+00][mem: 6.65e+04] (1455.0 ms)
INFO:root:[1,  1550] grad_stats: [2.48e-01 2.82e-05] (8.96e-06, 3.96e+00)
INFO:root:[1,  1600/ 2775] - train_losses - Parent Class: 0.0000 - Children class: 8.4724 -Autoencoder Loss (total): 1416.5459 - Reconstruction/K-Means Loss: [0.0000 / 1416.5459] - Consistency Loss: [0.0000] - VICReg Loss: [24.2108][wd: 5.01e-02] [lr: 1.00e-02] [autoencoder lr: 0.00e+00][mem: 6.65e+04] (1455.9 ms)
INFO:root:[1,  1600] grad_stats: [1.22e-01 3.05e-05] (6.03e-06, 3.66e+00)
INFO:root:[1,  1650/ 2775] - train_losses - Parent Class: 0.0000 - Children class: 8.4609 -Autoencoder Loss (total): 1417.1102 - Reconstruction/K-Means Loss: [0.0000 / 1417.1102] - Consistency Loss: [0.0000] - VICReg Loss: [24.2148][wd: 5.01e-02] [lr: 1.00e-02] [autoencoder lr: 0.00e+00][mem: 6.65e+04] (1457.0 ms)
INFO:root:[1,  1650] grad_stats: [2.69e-02 3.56e-05] (1.01e-05, 3.62e+00)
INFO:root:[1,  1700/ 2775] - train_losses - Parent Class: 0.0000 - Children class: 8.4505 -Autoencoder Loss (total): 1417.9312 - Reconstruction/K-Means Loss: [0.0000 / 1417.9312] - Consistency Loss: [0.0000] - VICReg Loss: [24.2191][wd: 5.01e-02] [lr: 1.00e-02] [autoencoder lr: 0.00e+00][mem: 6.65e+04] (1457.9 ms)
INFO:root:[1,  1700] grad_stats: [4.81e-02 9.84e-05] (1.21e-05, 3.64e+00)
INFO:root:[1,  1750/ 2775] - train_losses - Parent Class: 0.0000 - Children class: 8.4419 -Autoencoder Loss (total): 1418.7572 - Reconstruction/K-Means Loss: [0.0000 / 1418.7572] - Consistency Loss: [0.0000] - VICReg Loss: [24.2232][wd: 5.01e-02] [lr: 1.00e-02] [autoencoder lr: 0.00e+00][mem: 6.65e+04] (1458.8 ms)
INFO:root:[1,  1750] grad_stats: [1.04e-01 4.68e-05] (5.12e-06, 3.77e+00)
INFO:root:[1,  1800/ 2775] - train_losses - Parent Class: 0.0000 - Children class: 8.4325 -Autoencoder Loss (total): 1419.2369 - Reconstruction/K-Means Loss: [0.0000 / 1419.2369] - Consistency Loss: [0.0000] - VICReg Loss: [24.2279][wd: 5.01e-02] [lr: 1.00e-02] [autoencoder lr: 0.00e+00][mem: 6.65e+04] (1459.9 ms)
INFO:root:[1,  1800] grad_stats: [8.11e-02 3.16e-05] (6.76e-06, 3.71e+00)
INFO:root:[1,  1850/ 2775] - train_losses - Parent Class: 0.0000 - Children class: 8.4243 -Autoencoder Loss (total): 1419.9794 - Reconstruction/K-Means Loss: [0.0000 / 1419.9794] - Consistency Loss: [0.0000] - VICReg Loss: [24.2320][wd: 5.02e-02] [lr: 1.00e-02] [autoencoder lr: 0.00e+00][mem: 6.65e+04] (1460.8 ms)
INFO:root:[1,  1850] grad_stats: [2.45e-01 3.60e-05] (7.02e-06, 3.82e+00)
INFO:root:[1,  1900/ 2775] - train_losses - Parent Class: 0.0000 - Children class: 8.4155 -Autoencoder Loss (total): 1420.6228 - Reconstruction/K-Means Loss: [0.0000 / 1420.6228] - Consistency Loss: [0.0000] - VICReg Loss: [24.2376][wd: 5.02e-02] [lr: 1.00e-02] [autoencoder lr: 0.00e+00][mem: 6.65e+04] (1461.7 ms)
INFO:root:[1,  1900] grad_stats: [9.84e-01 1.67e-05] (6.39e-06, 7.02e+00)
INFO:root:[1,  1950/ 2775] - train_losses - Parent Class: 0.0000 - Children class: 8.4065 -Autoencoder Loss (total): 1421.1682 - Reconstruction/K-Means Loss: [0.0000 / 1421.1682] - Consistency Loss: [0.0000] - VICReg Loss: [24.2434][wd: 5.02e-02] [lr: 1.00e-02] [autoencoder lr: 0.00e+00][mem: 6.65e+04] (1462.6 ms)
INFO:root:[1,  1950] grad_stats: [1.52e+00 1.89e-05] (5.78e-06, 5.38e+00)
INFO:root:[1,  2000/ 2775] - train_losses - Parent Class: 0.0000 - Children class: 8.3993 -Autoencoder Loss (total): 1421.7674 - Reconstruction/K-Means Loss: [0.0000 / 1421.7674] - Consistency Loss: [0.0000] - VICReg Loss: [24.2473][wd: 5.02e-02] [lr: 1.00e-02] [autoencoder lr: 0.00e+00][mem: 6.65e+04] (1463.6 ms)
INFO:root:[1,  2000] grad_stats: [1.51e+00 1.19e-05] (5.22e-06, 3.88e+00)
INFO:root:[1,  2050/ 2775] - train_losses - Parent Class: 0.0000 - Children class: 8.3931 -Autoencoder Loss (total): 1421.9956 - Reconstruction/K-Means Loss: [0.0000 / 1421.9956] - Consistency Loss: [0.0000] - VICReg Loss: [24.2493][wd: 5.02e-02] [lr: 1.00e-02] [autoencoder lr: 0.00e+00][mem: 6.65e+04] (1464.4 ms)
INFO:root:[1,  2050] grad_stats: [2.19e-01 1.09e-05] (5.60e-06, 4.14e+00)
/home/rtcalumby/miniconda3/envs/py382/lib/python3.12/site-packages/PIL/Image.py:3218: DecompressionBombWarning: Image size (108000000 pixels) exceeds limit of 89478485 pixels, could be decompression bomb DOS attack.
  warnings.warn(
INFO:root:[1,  2100/ 2775] - train_losses - Parent Class: 0.0000 - Children class: 8.3875 -Autoencoder Loss (total): 1422.4868 - Reconstruction/K-Means Loss: [0.0000 / 1422.4868] - Consistency Loss: [0.0000] - VICReg Loss: [24.2524][wd: 5.02e-02] [lr: 1.00e-02] [autoencoder lr: 0.00e+00][mem: 6.65e+04] (1465.2 ms)
INFO:root:[1,  2100] grad_stats: [3.53e-01 6.88e-06] (4.00e-06, 3.92e+00)
INFO:root:[1,  2150/ 2775] - train_losses - Parent Class: 0.0000 - Children class: 8.3821 -Autoencoder Loss (total): 1422.9492 - Reconstruction/K-Means Loss: [0.0000 / 1422.9492] - Consistency Loss: [0.0000] - VICReg Loss: [24.2544][wd: 5.02e-02] [lr: 1.00e-02] [autoencoder lr: 0.00e+00][mem: 6.65e+04] (1466.1 ms)
INFO:root:[1,  2150] grad_stats: [2.55e-01 8.88e-06] (4.95e-06, 4.09e+00)
INFO:root:[1,  2200/ 2775] - train_losses - Parent Class: 0.0000 - Children class: 8.3757 -Autoencoder Loss (total): 1423.4857 - Reconstruction/K-Means Loss: [0.0000 / 1423.4857] - Consistency Loss: [0.0000] - VICReg Loss: [24.2579][wd: 5.02e-02] [lr: 1.00e-02] [autoencoder lr: 0.00e+00][mem: 6.65e+04] (1467.1 ms)
INFO:root:[1,  2200] grad_stats: [2.66e+00 8.92e-06] (3.09e-06, 1.02e+01)
INFO:root:[1,  2250/ 2775] - train_losses - Parent Class: 0.0000 - Children class: 8.3700 -Autoencoder Loss (total): 1423.7805 - Reconstruction/K-Means Loss: [0.0000 / 1423.7805] - Consistency Loss: [0.0000] - VICReg Loss: [24.2605][wd: 5.02e-02] [lr: 1.00e-02] [autoencoder lr: 0.00e+00][mem: 6.65e+04] (1467.9 ms)
INFO:root:[1,  2250] grad_stats: [5.61e-01 8.57e-06] (2.42e-06, 3.96e+00)
INFO:root:[1,  2300/ 2775] - train_losses - Parent Class: 0.0000 - Children class: 8.3643 -Autoencoder Loss (total): 1424.3812 - Reconstruction/K-Means Loss: [0.0000 / 1424.3812] - Consistency Loss: [0.0000] - VICReg Loss: [24.2656][wd: 5.02e-02] [lr: 1.00e-02] [autoencoder lr: 0.00e+00][mem: 6.65e+04] (1468.8 ms)
INFO:root:[1,  2300] grad_stats: [6.02e-01 4.84e-06] (2.74e-06, 3.69e+00)
INFO:root:[1,  2350/ 2775] - train_losses - Parent Class: 0.0000 - Children class: 8.3570 -Autoencoder Loss (total): 1425.0412 - Reconstruction/K-Means Loss: [0.0000 / 1425.0412] - Consistency Loss: [0.0000] - VICReg Loss: [24.2757][wd: 5.02e-02] [lr: 1.00e-02] [autoencoder lr: 0.00e+00][mem: 6.65e+04] (1469.7 ms)
INFO:root:[1,  2350] grad_stats: [6.15e-01 3.42e-06] (2.24e-06, 3.51e+00)
INFO:root:[1,  2400/ 2775] - train_losses - Parent Class: 0.0000 - Children class: 8.3503 -Autoencoder Loss (total): 1425.3073 - Reconstruction/K-Means Loss: [0.0000 / 1425.3073] - Consistency Loss: [0.0000] - VICReg Loss: [24.2853][wd: 5.03e-02] [lr: 1.00e-02] [autoencoder lr: 0.00e+00][mem: 6.65e+04] (1470.6 ms)
INFO:root:[1,  2400] grad_stats: [1.14e+00 4.07e-06] (1.16e-06, 4.06e+00)
INFO:root:[1,  2450/ 2775] - train_losses - Parent Class: 0.0000 - Children class: 8.3435 -Autoencoder Loss (total): 1425.3175 - Reconstruction/K-Means Loss: [0.0000 / 1425.3175] - Consistency Loss: [0.0000] - VICReg Loss: [24.2941][wd: 5.03e-02] [lr: 1.00e-02] [autoencoder lr: 0.00e+00][mem: 6.65e+04] (1471.5 ms)
INFO:root:[1,  2450] grad_stats: [4.55e+00 3.81e-06] (2.08e-06, 3.44e+01)
INFO:root:[1,  2500/ 2775] - train_losses - Parent Class: 0.0000 - Children class: 8.3369 -Autoencoder Loss (total): 1425.6354 - Reconstruction/K-Means Loss: [0.0000 / 1425.6354] - Consistency Loss: [0.0000] - VICReg Loss: [24.3012][wd: 5.03e-02] [lr: 1.00e-02] [autoencoder lr: 0.00e+00][mem: 6.65e+04] (1472.5 ms)
INFO:root:[1,  2500] grad_stats: [1.08e+00 2.38e-06] (1.10e-06, 1.17e+01)
INFO:root:[1,  2550/ 2775] - train_losses - Parent Class: 0.0000 - Children class: 8.3321 -Autoencoder Loss (total): 1425.8916 - Reconstruction/K-Means Loss: [0.0000 / 1425.8916] - Consistency Loss: [0.0000] - VICReg Loss: [24.3052][wd: 5.03e-02] [lr: 1.00e-02] [autoencoder lr: 0.00e+00][mem: 6.65e+04] (1473.4 ms)
INFO:root:[1,  2550] grad_stats: [1.46e+00 2.65e-06] (1.97e-06, 4.08e+00)
INFO:root:[1,  2600/ 2775] - train_losses - Parent Class: 0.0000 - Children class: 8.3284 -Autoencoder Loss (total): 1426.3083 - Reconstruction/K-Means Loss: [0.0000 / 1426.3083] - Consistency Loss: [0.0000] - VICReg Loss: [24.3080][wd: 5.03e-02] [lr: 1.00e-02] [autoencoder lr: 0.00e+00][mem: 6.65e+04] (1474.2 ms)
INFO:root:[1,  2600] grad_stats: [8.76e-01 2.24e-06] (1.55e-06, 3.80e+00)
INFO:root:[1,  2650/ 2775] - train_losses - Parent Class: 0.0000 - Children class: 8.3247 -Autoencoder Loss (total): 1426.6723 - Reconstruction/K-Means Loss: [0.0000 / 1426.6723] - Consistency Loss: [0.0000] - VICReg Loss: [24.3101][wd: 5.03e-02] [lr: 1.00e-02] [autoencoder lr: 0.00e+00][mem: 6.65e+04] (1475.3 ms)
INFO:root:[1,  2650] grad_stats: [1.91e+01 3.38e-06] (2.57e-06, 1.12e+02)
INFO:root:[1,  2700/ 2775] - train_losses - Parent Class: 0.0000 - Children class: 8.3198 -Autoencoder Loss (total): 1426.9318 - Reconstruction/K-Means Loss: [0.0000 / 1426.9318] - Consistency Loss: [0.0000] - VICReg Loss: [24.3176][wd: 5.03e-02] [lr: 1.00e-02] [autoencoder lr: 0.00e+00][mem: 6.65e+04] (1476.1 ms)
INFO:root:[1,  2700] grad_stats: [4.55e-02 9.86e-07] (8.74e-07, 4.09e+00)
/home/rtcalumby/miniconda3/envs/py382/lib/python3.12/site-packages/PIL/Image.py:3218: DecompressionBombWarning: Image size (108000000 pixels) exceeds limit of 89478485 pixels, could be decompression bomb DOS attack.
  warnings.warn(
INFO:root:[1,  2750/ 2775] - train_losses - Parent Class: 0.0000 - Children class: 8.3139 -Autoencoder Loss (total): 1427.2023 - Reconstruction/K-Means Loss: [0.0000 / 1427.2023] - Consistency Loss: [0.0000] - VICReg Loss: [24.3253][wd: 5.03e-02] [lr: 1.00e-02] [autoencoder lr: 0.00e+00][mem: 6.65e+04] (1477.0 ms)
INFO:root:[1,  2750] grad_stats: [5.28e-02 1.27e-06] (7.67e-07, 3.82e+00)
INFO:root:Asserting cache length
Avg no of empty clusters: 27.761548064918852
INFO:faiss.loader:Loading faiss with AVX2 support.
INFO:faiss.loader:Successfully loaded faiss with AVX2 support.
INFO:faiss.loader:Loading faiss with AVX2 support.
INFO:faiss.loader:Successfully loaded faiss with AVX2 support.
INFO:faiss.loader:Loading faiss with AVX2 support.
INFO:faiss.loader:Successfully loaded faiss with AVX2 support.
INFO:faiss.loader:Loading faiss with AVX2 support.
INFO:faiss.loader:Successfully loaded faiss with AVX2 support.
INFO:faiss.loader:Loading faiss with AVX2 support.
INFO:faiss.loader:Successfully loaded faiss with AVX2 support.
INFO:faiss.loader:Loading faiss with AVX2 support.
INFO:faiss.loader:Successfully loaded faiss with AVX2 support.
INFO:faiss.loader:Loading faiss with AVX2 support.
INFO:faiss.loader:Successfully loaded faiss with AVX2 support.
INFO:faiss.loader:Loading faiss with AVX2 support.
INFO:faiss.loader:Successfully loaded faiss with AVX2 support.
INFO:faiss.loader:Loading faiss with AVX2 support.
INFO:faiss.loader:Successfully loaded faiss with AVX2 support.
INFO:faiss.loader:Loading faiss with AVX2 support.
INFO:faiss.loader:Successfully loaded faiss with AVX2 support.
INFO:faiss.loader:Loading faiss with AVX2 support.
INFO:faiss.loader:Successfully loaded faiss with AVX2 support.
INFO:faiss.loader:Loading faiss with AVX2 support.
INFO:faiss.loader:Successfully loaded faiss with AVX2 support.
INFO:faiss.loader:Loading faiss with AVX2 support.
INFO:faiss.loader:Successfully loaded faiss with AVX2 support.
INFO:faiss.loader:Loading faiss with AVX2 support.
INFO:faiss.loader:Successfully loaded faiss with AVX2 support.
INFO:faiss.loader:Loading faiss with AVX2 support.
INFO:faiss.loader:Successfully loaded faiss with AVX2 support.
INFO:faiss.loader:Loading faiss with AVX2 support.
INFO:faiss.loader:Successfully loaded faiss with AVX2 support.
INFO:root:avg. train_loss 32.640
INFO:root:avg. test_loss 0.000 avg. Accuracy@1 0.108 - avg. Accuracy@5 0.000
INFO:root:Loss 32.7802
INFO:root:Epoch 2
INFO:faiss.loader:Loading faiss with AVX2 support.
INFO:faiss.loader:Successfully loaded faiss with AVX2 support.
INFO:faiss.loader:Loading faiss with AVX2 support.
INFO:faiss.loader:Successfully loaded faiss with AVX2 support.
INFO:faiss.loader:Loading faiss with AVX2 support.
INFO:faiss.loader:Successfully loaded faiss with AVX2 support.
INFO:faiss.loader:Loading faiss with AVX2 support.
INFO:faiss.loader:Successfully loaded faiss with AVX2 support.
INFO:faiss.loader:Loading faiss with AVX2 support.
INFO:faiss.loader:Successfully loaded faiss with AVX2 support.
INFO:faiss.loader:Loading faiss with AVX2 support.
INFO:faiss.loader:Successfully loaded faiss with AVX2 support.
INFO:faiss.loader:Loading faiss with AVX2 support.
INFO:faiss.loader:Successfully loaded faiss with AVX2 support.
INFO:faiss.loader:Loading faiss with AVX2 support.
INFO:faiss.loader:Successfully loaded faiss with AVX2 support.
INFO:faiss.loader:Loading faiss with AVX2 support.
INFO:faiss.loader:Successfully loaded faiss with AVX2 support.
INFO:faiss.loader:Loading faiss with AVX2 support.
INFO:faiss.loader:Successfully loaded faiss with AVX2 support.
INFO:faiss.loader:Loading faiss with AVX2 support.
INFO:faiss.loader:Successfully loaded faiss with AVX2 support.
INFO:faiss.loader:Loading faiss with AVX2 support.
INFO:faiss.loader:Successfully loaded faiss with AVX2 support.
INFO:faiss.loader:Loading faiss with AVX2 support.
INFO:faiss.loader:Successfully loaded faiss with AVX2 support.
INFO:faiss.loader:Loading faiss with AVX2 support.
INFO:faiss.loader:Successfully loaded faiss with AVX2 support.
INFO:faiss.loader:Loading faiss with AVX2 support.
INFO:faiss.loader:Successfully loaded faiss with AVX2 support.
INFO:faiss.loader:Loading faiss with AVX2 support.
INFO:faiss.loader:Successfully loaded faiss with AVX2 support.
INFO:root:[2,     0/ 2775] - train_losses - Parent Class: 0.0000 - Children class: 11.5598 -Autoencoder Loss (total): 1390.1307 - Reconstruction/K-Means Loss: [0.0000 / 1390.1307] - Consistency Loss: [0.0000] - VICReg Loss: [24.7366][wd: 5.03e-02] [lr: 1.00e-02] [autoencoder lr: 0.00e+00][mem: 6.65e+04] (1674.0 ms)
INFO:root:[2,     0] grad_stats: [4.70e-02 2.55e-06] (1.90e-06, 3.96e+00)
INFO:root:[2,    50/ 2775] - train_losses - Parent Class: 0.0000 - Children class: 10.3688 -Autoencoder Loss (total): 342.1032 - Reconstruction/K-Means Loss: [0.0000 / 342.1032] - Consistency Loss: [0.0000] - VICReg Loss: [24.6526][wd: 5.04e-02] [lr: 1.00e-02] [autoencoder lr: 0.00e+00][mem: 6.65e+04] (1452.3 ms)
INFO:root:[2,    50] grad_stats: [1.90e-01 2.69e-06] (1.28e-06, 4.22e+00)
INFO:root:[2,   100/ 2775] - train_losses - Parent Class: 0.0000 - Children class: 9.9821 -Autoencoder Loss (total): 196.4043 - Reconstruction/K-Means Loss: [0.0000 / 196.4043] - Consistency Loss: [0.0000] - VICReg Loss: [24.6610][wd: 5.04e-02] [lr: 1.00e-02] [autoencoder lr: 0.00e+00][mem: 6.65e+04] (1442.7 ms)
INFO:root:[2,   100] grad_stats: [9.34e-02 2.43e-06] (1.70e-06, 4.21e+00)
INFO:root:[2,   150/ 2775] - train_losses - Parent Class: 0.0000 - Children class: 9.7100 -Autoencoder Loss (total): 139.2659 - Reconstruction/K-Means Loss: [0.0000 / 139.2659] - Consistency Loss: [0.0000] - VICReg Loss: [24.6714][wd: 5.04e-02] [lr: 1.00e-02] [autoencoder lr: 0.00e+00][mem: 6.65e+04] (1439.8 ms)
INFO:root:[2,   150] grad_stats: [1.71e-01 1.74e-06] (1.14e-06, 4.37e+00)
INFO:root:[2,   200/ 2775] - train_losses - Parent Class: 0.0000 - Children class: 9.5075 -Autoencoder Loss (total): 107.8557 - Reconstruction/K-Means Loss: [0.0000 / 107.8557] - Consistency Loss: [0.0000] - VICReg Loss: [24.6694][wd: 5.04e-02] [lr: 1.00e-02] [autoencoder lr: 0.00e+00][mem: 6.65e+04] (1438.9 ms)
INFO:root:[2,   200] grad_stats: [1.97e-01 2.16e-06] (1.81e-06, 4.15e+00)
INFO:root:[2,   250/ 2775] - train_losses - Parent Class: 0.0000 - Children class: 9.3525 -Autoencoder Loss (total): 88.4237 - Reconstruction/K-Means Loss: [0.0000 / 88.4237] - Consistency Loss: [0.0000] - VICReg Loss: [24.6619][wd: 5.04e-02] [lr: 1.00e-02] [autoencoder lr: 0.00e+00][mem: 6.65e+04] (1438.7 ms)
INFO:root:[2,   250] grad_stats: [1.22e-01 3.90e-06] (2.03e-06, 3.84e+00)
INFO:root:[2,   300/ 2775] - train_losses - Parent Class: 0.0000 - Children class: 9.2410 -Autoencoder Loss (total): 75.0607 - Reconstruction/K-Means Loss: [0.0000 / 75.0607] - Consistency Loss: [0.0000] - VICReg Loss: [24.6598][wd: 5.04e-02] [lr: 1.00e-02] [autoencoder lr: 0.00e+00][mem: 6.65e+04] (1438.7 ms)
INFO:root:[2,   300] grad_stats: [1.14e-01 1.72e-06] (1.72e-06, 4.24e+00)
INFO:root:[2,   350/ 2775] - train_losses - Parent Class: 0.0000 - Children class: 9.1488 -Autoencoder Loss (total): 65.4428 - Reconstruction/K-Means Loss: [0.0000 / 65.4428] - Consistency Loss: [0.0000] - VICReg Loss: [24.6576][wd: 5.04e-02] [lr: 1.00e-02] [autoencoder lr: 0.00e+00][mem: 6.65e+04] (1439.0 ms)
INFO:root:[2,   350] grad_stats: [5.49e-02 2.99e-06] (2.32e-06, 3.66e+00)
INFO:root:[2,   400/ 2775] - train_losses - Parent Class: 0.0000 - Children class: 9.0742 -Autoencoder Loss (total): 58.1788 - Reconstruction/K-Means Loss: [0.0000 / 58.1788] - Consistency Loss: [0.0000] - VICReg Loss: [24.6526][wd: 5.05e-02] [lr: 1.00e-02] [autoencoder lr: 0.00e+00][mem: 6.65e+04] (1439.2 ms)
INFO:root:[2,   400] grad_stats: [8.04e-02 1.83e-06] (1.30e-06, 3.76e+00)
INFO:root:[2,   450/ 2775] - train_losses - Parent Class: 0.0000 - Children class: 9.0047 -Autoencoder Loss (total): 52.4287 - Reconstruction/K-Means Loss: [0.0000 / 52.4287] - Consistency Loss: [0.0000] - VICReg Loss: [24.6540][wd: 5.05e-02] [lr: 1.00e-02] [autoencoder lr: 0.00e+00][mem: 6.65e+04] (1439.8 ms)
INFO:root:[2,   450] grad_stats: [5.74e-02 1.56e-06] (1.23e-06, 3.98e+00)
INFO:root:[2,   500/ 2775] - train_losses - Parent Class: 0.0000 - Children class: 8.9484 -Autoencoder Loss (total): 47.8141 - Reconstruction/K-Means Loss: [0.0000 / 47.8141] - Consistency Loss: [0.0000] - VICReg Loss: [24.6492][wd: 5.05e-02] [lr: 1.00e-02] [autoencoder lr: 0.00e+00][mem: 6.65e+04] (1440.3 ms)
INFO:root:[2,   500] grad_stats: [1.24e-01 1.48e-06] (8.90e-07, 3.88e+00)
INFO:root:[2,   550/ 2775] - train_losses - Parent Class: 0.0000 - Children class: 8.8946 -Autoencoder Loss (total): 44.0313 - Reconstruction/K-Means Loss: [0.0000 / 44.0313] - Consistency Loss: [0.0000] - VICReg Loss: [24.6449][wd: 5.05e-02] [lr: 1.00e-02] [autoencoder lr: 0.00e+00][mem: 6.65e+04] (1441.0 ms)
INFO:root:[2,   550] grad_stats: [3.00e-02 1.26e-06] (1.17e-06, 3.84e+00)
INFO:root:[2,   600/ 2775] - train_losses - Parent Class: 0.0000 - Children class: 8.8477 -Autoencoder Loss (total): 40.9095 - Reconstruction/K-Means Loss: [0.0000 / 40.9095] - Consistency Loss: [0.0000] - VICReg Loss: [24.6433][wd: 5.05e-02] [lr: 1.00e-02] [autoencoder lr: 0.00e+00][mem: 6.65e+04] (1441.4 ms)
INFO:root:[2,   600] grad_stats: [7.88e-03 1.93e-06] (1.10e-06, 3.87e+00)
INFO:root:[2,   650/ 2775] - train_losses - Parent Class: 0.0000 - Children class: 8.8082 -Autoencoder Loss (total): 38.2544 - Reconstruction/K-Means Loss: [0.0000 / 38.2544] - Consistency Loss: [0.0000] - VICReg Loss: [24.6420][wd: 5.05e-02] [lr: 1.00e-02] [autoencoder lr: 0.00e+00][mem: 6.65e+04] (1441.9 ms)
INFO:root:[2,   650] grad_stats: [1.41e-02 2.26e-06] (1.43e-06, 4.13e+00)
/home/rtcalumby/miniconda3/envs/py382/lib/python3.12/site-packages/PIL/Image.py:3218: DecompressionBombWarning: Image size (108000000 pixels) exceeds limit of 89478485 pixels, could be decompression bomb DOS attack.
  warnings.warn(
INFO:root:[2,   700/ 2775] - train_losses - Parent Class: 0.0000 - Children class: 8.7712 -Autoencoder Loss (total): 35.9580 - Reconstruction/K-Means Loss: [0.0000 / 35.9580] - Consistency Loss: [0.0000] - VICReg Loss: [24.6396][wd: 5.05e-02] [lr: 1.00e-02] [autoencoder lr: 0.00e+00][mem: 6.65e+04] (1442.7 ms)
INFO:root:[2,   700] grad_stats: [5.98e-03 1.40e-06] (1.09e-06, 3.71e+00)
INFO:root:[2,   750/ 2775] - train_losses - Parent Class: 0.0000 - Children class: 8.7390 -Autoencoder Loss (total): 33.9759 - Reconstruction/K-Means Loss: [0.0000 / 33.9759] - Consistency Loss: [0.0000] - VICReg Loss: [24.6359][wd: 5.06e-02] [lr: 1.00e-02] [autoencoder lr: 0.00e+00][mem: 6.65e+04] (1443.4 ms)
INFO:root:[2,   750] grad_stats: [1.46e-02 1.25e-06] (9.69e-07, 3.88e+00)
INFO:root:[2,   800/ 2775] - train_losses - Parent Class: 0.0000 - Children class: 8.7127 -Autoencoder Loss (total): 32.2378 - Reconstruction/K-Means Loss: [0.0000 / 32.2378] - Consistency Loss: [0.0000] - VICReg Loss: [24.6330][wd: 5.06e-02] [lr: 1.00e-02] [autoencoder lr: 0.00e+00][mem: 6.65e+04] (1444.0 ms)
INFO:root:[2,   800] grad_stats: [4.01e-02 1.02e-06] (9.19e-07, 3.72e+00)
INFO:root:[2,   850/ 2775] - train_losses - Parent Class: 0.0000 - Children class: 8.6879 -Autoencoder Loss (total): 30.7069 - Reconstruction/K-Means Loss: [0.0000 / 30.7069] - Consistency Loss: [0.0000] - VICReg Loss: [24.6293][wd: 5.06e-02] [lr: 1.00e-02] [autoencoder lr: 0.00e+00][mem: 6.65e+04] (1444.6 ms)
INFO:root:[2,   850] grad_stats: [8.15e-03 9.94e-07] (9.94e-07, 3.90e+00)
INFO:root:[2,   900/ 2775] - train_losses - Parent Class: 0.0000 - Children class: 8.6633 -Autoencoder Loss (total): 29.3428 - Reconstruction/K-Means Loss: [0.0000 / 29.3428] - Consistency Loss: [0.0000] - VICReg Loss: [24.6257][wd: 5.06e-02] [lr: 1.00e-02] [autoencoder lr: 0.00e+00][mem: 6.65e+04] (1445.3 ms)
INFO:root:[2,   900] grad_stats: [1.10e-02 1.71e-06] (1.19e-06, 3.90e+00)
INFO:root:[2,   950/ 2775] - train_losses - Parent Class: 0.0000 - Children class: 8.6420 -Autoencoder Loss (total): 28.1328 - Reconstruction/K-Means Loss: [0.0000 / 28.1328] - Consistency Loss: [0.0000] - VICReg Loss: [24.6241][wd: 5.06e-02] [lr: 1.00e-02] [autoencoder lr: 0.00e+00][mem: 6.65e+04] (1446.0 ms)
INFO:root:[2,   950] grad_stats: [9.55e-03 1.36e-06] (9.60e-07, 3.71e+00)
INFO:root:[2,  1000/ 2775] - train_losses - Parent Class: 0.0000 - Children class: 8.6202 -Autoencoder Loss (total): 27.0331 - Reconstruction/K-Means Loss: [0.0000 / 27.0331] - Consistency Loss: [0.0000] - VICReg Loss: [24.6219][wd: 5.06e-02] [lr: 1.00e-02] [autoencoder lr: 0.00e+00][mem: 6.65e+04] (1446.6 ms)
INFO:root:[2,  1000] grad_stats: [4.33e-03 1.36e-06] (7.38e-07, 4.02e+00)
INFO:root:[2,  1050/ 2775] - train_losses - Parent Class: 0.0000 - Children class: 8.6007 -Autoencoder Loss (total): 26.0355 - Reconstruction/K-Means Loss: [0.0000 / 26.0355] - Consistency Loss: [0.0000] - VICReg Loss: [24.6197][wd: 5.07e-02] [lr: 1.00e-02] [autoencoder lr: 0.00e+00][mem: 6.65e+04] (1447.3 ms)
INFO:root:[2,  1050] grad_stats: [6.41e-03 1.38e-06] (7.90e-07, 3.92e+00)
INFO:root:[2,  1100/ 2775] - train_losses - Parent Class: 0.0000 - Children class: 8.5832 -Autoencoder Loss (total): 25.1291 - Reconstruction/K-Means Loss: [0.0000 / 25.1291] - Consistency Loss: [0.0000] - VICReg Loss: [24.6166][wd: 5.07e-02] [lr: 1.00e-02] [autoencoder lr: 0.00e+00][mem: 6.65e+04] (1448.0 ms)
INFO:root:[2,  1100] grad_stats: [6.57e-03 1.22e-06] (1.06e-06, 3.67e+00)
INFO:root:[2,  1150/ 2775] - train_losses - Parent Class: 0.0000 - Children class: 8.5671 -Autoencoder Loss (total): 24.2994 - Reconstruction/K-Means Loss: [0.0000 / 24.2994] - Consistency Loss: [0.0000] - VICReg Loss: [24.6137][wd: 5.07e-02] [lr: 1.00e-02] [autoencoder lr: 0.00e+00][mem: 6.65e+04] (1448.5 ms)
INFO:root:[2,  1150] grad_stats: [2.66e-01 7.98e-07] (5.25e-07, 3.74e+00)
INFO:root:[2,  1200/ 2775] - train_losses - Parent Class: 0.0000 - Children class: 8.5540 -Autoencoder Loss (total): 23.5486 - Reconstruction/K-Means Loss: [0.0000 / 23.5486] - Consistency Loss: [0.0000] - VICReg Loss: [24.6105][wd: 5.07e-02] [lr: 1.00e-02] [autoencoder lr: 0.00e+00][mem: 6.65e+04] (1449.2 ms)
INFO:root:[2,  1200] grad_stats: [4.13e-02 9.75e-07] (7.71e-07, 3.81e+00)
INFO:root:[2,  1250/ 2775] - train_losses - Parent Class: 0.0000 - Children class: 8.5403 -Autoencoder Loss (total): 22.8605 - Reconstruction/K-Means Loss: [0.0000 / 22.8605] - Consistency Loss: [0.0000] - VICReg Loss: [24.6086][wd: 5.07e-02] [lr: 1.00e-02] [autoencoder lr: 0.00e+00][mem: 6.65e+04] (1449.8 ms)
INFO:root:[2,  1250] grad_stats: [1.98e-02 7.69e-07] (7.07e-07, 4.02e+00)
/home/rtcalumby/miniconda3/envs/py382/lib/python3.12/site-packages/PIL/Image.py:3218: DecompressionBombWarning: Image size (108000000 pixels) exceeds limit of 89478485 pixels, could be decompression bomb DOS attack.
  warnings.warn(
INFO:root:[2,  1300/ 2775] - train_losses - Parent Class: 0.0000 - Children class: 8.5277 -Autoencoder Loss (total): 22.2195 - Reconstruction/K-Means Loss: [0.0000 / 22.2195] - Consistency Loss: [0.0000] - VICReg Loss: [24.6044][wd: 5.07e-02] [lr: 1.00e-02] [autoencoder lr: 0.00e+00][mem: 6.65e+04] (1450.7 ms)
INFO:root:[2,  1300] grad_stats: [1.59e-02 6.38e-07] (6.38e-07, 3.62e+00)
INFO:root:[2,  1350/ 2775] - train_losses - Parent Class: 0.0000 - Children class: 8.5146 -Autoencoder Loss (total): 21.6296 - Reconstruction/K-Means Loss: [0.0000 / 21.6296] - Consistency Loss: [0.0000] - VICReg Loss: [24.6047][wd: 5.08e-02] [lr: 1.00e-02] [autoencoder lr: 0.00e+00][mem: 6.65e+04] (1451.4 ms)
INFO:root:[2,  1350] grad_stats: [4.07e-03 7.37e-07] (7.37e-07, 3.95e+00)
INFO:root:[2,  1400/ 2775] - train_losses - Parent Class: 0.0000 - Children class: 8.5018 -Autoencoder Loss (total): 21.0862 - Reconstruction/K-Means Loss: [0.0000 / 21.0862] - Consistency Loss: [0.0000] - VICReg Loss: [24.6037][wd: 5.08e-02] [lr: 1.00e-02] [autoencoder lr: 0.00e+00][mem: 6.65e+04] (1452.1 ms)
INFO:root:[2,  1400] grad_stats: [5.65e-03 8.05e-07] (7.09e-07, 3.89e+00)
INFO:root:[2,  1450/ 2775] - train_losses - Parent Class: 0.0000 - Children class: 8.4910 -Autoencoder Loss (total): 20.5760 - Reconstruction/K-Means Loss: [0.0000 / 20.5760] - Consistency Loss: [0.0000] - VICReg Loss: [24.6023][wd: 5.08e-02] [lr: 1.00e-02] [autoencoder lr: 0.00e+00][mem: 6.65e+04] (1452.9 ms)
INFO:root:[2,  1450] grad_stats: [2.74e-03 4.91e-07] (2.37e-07, 3.82e+00)
INFO:root:[2,  1500/ 2775] - train_losses - Parent Class: 0.0000 - Children class: 8.4794 -Autoencoder Loss (total): 20.0873 - Reconstruction/K-Means Loss: [0.0000 / 20.0873] - Consistency Loss: [0.0000] - VICReg Loss: [24.6009][wd: 5.08e-02] [lr: 1.00e-02] [autoencoder lr: 0.00e+00][mem: 6.65e+04] (1453.5 ms)
INFO:root:[2,  1500] grad_stats: [1.77e-03 7.74e-07] (6.85e-07, 3.71e+00)
INFO:root:[2,  1550/ 2775] - train_losses - Parent Class: 0.0000 - Children class: 8.4691 -Autoencoder Loss (total): 19.6432 - Reconstruction/K-Means Loss: [0.0000 / 19.6432] - Consistency Loss: [0.0000] - VICReg Loss: [24.5987][wd: 5.08e-02] [lr: 1.00e-02] [autoencoder lr: 0.00e+00][mem: 6.65e+04] (1454.2 ms)
INFO:root:[2,  1550] grad_stats: [2.42e-03 5.97e-07] (5.97e-07, 3.80e+00)
INFO:root:[2,  1600/ 2775] - train_losses - Parent Class: 0.0000 - Children class: 8.4596 -Autoencoder Loss (total): 19.2250 - Reconstruction/K-Means Loss: [0.0000 / 19.2250] - Consistency Loss: [0.0000] - VICReg Loss: [24.5969][wd: 5.09e-02] [lr: 1.00e-02] [autoencoder lr: 0.00e+00][mem: 6.65e+04] (1454.9 ms)
INFO:root:[2,  1600] grad_stats: [8.16e-03 6.96e-07] (5.06e-07, 4.00e+00)
INFO:root:[2,  1650/ 2775] - train_losses - Parent Class: 0.0000 - Children class: 8.4515 -Autoencoder Loss (total): 18.8346 - Reconstruction/K-Means Loss: [0.0000 / 18.8346] - Consistency Loss: [0.0000] - VICReg Loss: [24.5946][wd: 5.09e-02] [lr: 1.00e-02] [autoencoder lr: 0.00e+00][mem: 6.65e+04] (1455.6 ms)
INFO:root:[2,  1650] grad_stats: [1.66e-03 7.13e-07] (7.13e-07, 3.83e+00)
INFO:root:[2,  1700/ 2775] - train_losses - Parent Class: 0.0000 - Children class: 8.4427 -Autoencoder Loss (total): 18.4653 - Reconstruction/K-Means Loss: [0.0000 / 18.4653] - Consistency Loss: [0.0000] - VICReg Loss: [24.5926][wd: 5.09e-02] [lr: 1.00e-02] [autoencoder lr: 0.00e+00][mem: 6.65e+04] (1456.3 ms)
INFO:root:[2,  1700] grad_stats: [2.05e-03 9.42e-07] (6.41e-07, 3.71e+00)
INFO:root:[2,  1750/ 2775] - train_losses - Parent Class: 0.0000 - Children class: 8.4344 -Autoencoder Loss (total): 18.1189 - Reconstruction/K-Means Loss: [0.0000 / 18.1189] - Consistency Loss: [0.0000] - VICReg Loss: [24.5908][wd: 5.09e-02] [lr: 1.00e-02] [autoencoder lr: 0.00e+00][mem: 6.65e+04] (1456.9 ms)
INFO:root:[2,  1750] grad_stats: [1.03e-03 7.71e-07] (6.38e-07, 3.91e+00)
INFO:root:[2,  1800/ 2775] - train_losses - Parent Class: 0.0000 - Children class: 8.4266 -Autoencoder Loss (total): 17.7865 - Reconstruction/K-Means Loss: [0.0000 / 17.7865] - Consistency Loss: [0.0000] - VICReg Loss: [24.5899][wd: 5.09e-02] [lr: 1.00e-02] [autoencoder lr: 0.00e+00][mem: 6.65e+04] (1457.7 ms)
INFO:root:[2,  1800] grad_stats: [1.83e-03 7.75e-07] (6.29e-07, 3.81e+00)
INFO:root:[2,  1850/ 2775] - train_losses - Parent Class: 0.0000 - Children class: 8.4191 -Autoencoder Loss (total): 17.4743 - Reconstruction/K-Means Loss: [0.0000 / 17.4743] - Consistency Loss: [0.0000] - VICReg Loss: [24.5872][wd: 5.10e-02] [lr: 1.00e-02] [autoencoder lr: 0.00e+00][mem: 6.65e+04] (1458.4 ms)
INFO:root:[2,  1850] grad_stats: [9.88e-03 4.39e-07] (4.18e-07, 3.64e+00)
INFO:root:[2,  1900/ 2775] - train_losses - Parent Class: 0.0000 - Children class: 8.4128 -Autoencoder Loss (total): 17.1761 - Reconstruction/K-Means Loss: [0.0000 / 17.1761] - Consistency Loss: [0.0000] - VICReg Loss: [24.5856][wd: 5.10e-02] [lr: 1.00e-02] [autoencoder lr: 0.00e+00][mem: 6.65e+04] (1459.1 ms)
INFO:root:[2,  1900] grad_stats: [1.35e-03 2.28e-07] (2.28e-07, 3.71e+00)
INFO:root:[2,  1950/ 2775] - train_losses - Parent Class: 0.0000 - Children class: 8.4068 -Autoencoder Loss (total): 16.9028 - Reconstruction/K-Means Loss: [0.0000 / 16.9028] - Consistency Loss: [0.0000] - VICReg Loss: [24.5838][wd: 5.10e-02] [lr: 1.00e-02] [autoencoder lr: 0.00e+00][mem: 6.65e+04] (1460.0 ms)
INFO:root:[2,  1950] grad_stats: [1.15e-03 4.05e-07] (4.00e-07, 3.83e+00)
INFO:root:[2,  2000/ 2775] - train_losses - Parent Class: 0.0000 - Children class: 8.4005 -Autoencoder Loss (total): 16.6267 - Reconstruction/K-Means Loss: [0.0000 / 16.6267] - Consistency Loss: [0.0000] - VICReg Loss: [24.5812][wd: 5.10e-02] [lr: 1.00e-02] [autoencoder lr: 0.00e+00][mem: 6.65e+04] (1460.8 ms)
INFO:root:[2,  2000] grad_stats: [3.20e-02 3.27e-07] (3.27e-07, 3.90e+00)
INFO:root:[2,  2050/ 2775] - train_losses - Parent Class: 0.0000 - Children class: 8.3947 -Autoencoder Loss (total): 16.3759 - Reconstruction/K-Means Loss: [0.0000 / 16.3759] - Consistency Loss: [0.0000] - VICReg Loss: [24.5795][wd: 5.10e-02] [lr: 1.00e-02] [autoencoder lr: 0.00e+00][mem: 6.65e+04] (1461.6 ms)
INFO:root:[2,  2050] grad_stats: [3.54e-03 3.74e-07] (3.74e-07, 3.69e+00)
INFO:root:[2,  2100/ 2775] - train_losses - Parent Class: 0.0000 - Children class: 8.3883 -Autoencoder Loss (total): 16.1314 - Reconstruction/K-Means Loss: [0.0000 / 16.1314] - Consistency Loss: [0.0000] - VICReg Loss: [24.5775][wd: 5.11e-02] [lr: 1.00e-02] [autoencoder lr: 0.00e+00][mem: 6.65e+04] (1462.4 ms)
INFO:root:[2,  2100] grad_stats: [6.79e-04 4.49e-07] (3.47e-07, 3.84e+00)
INFO:root:[2,  2150/ 2775] - train_losses - Parent Class: 0.0000 - Children class: 8.3830 -Autoencoder Loss (total): 15.9017 - Reconstruction/K-Means Loss: [0.0000 / 15.9017] - Consistency Loss: [0.0000] - VICReg Loss: [24.5763][wd: 5.11e-02] [lr: 1.00e-02] [autoencoder lr: 0.00e+00][mem: 6.65e+04] (1463.1 ms)
INFO:root:[2,  2150] grad_stats: [4.77e-02 5.49e-07] (4.14e-07, 3.94e+00)
INFO:root:[2,  2200/ 2775] - train_losses - Parent Class: 0.0000 - Children class: 8.3778 -Autoencoder Loss (total): 15.6846 - Reconstruction/K-Means Loss: [0.0000 / 15.6846] - Consistency Loss: [0.0000] - VICReg Loss: [24.5755][wd: 5.11e-02] [lr: 1.00e-02] [autoencoder lr: 0.00e+00][mem: 6.65e+04] (1463.9 ms)
INFO:root:[2,  2200] grad_stats: [1.37e-03 2.53e-07] (2.07e-07, 3.88e+00)
INFO:root:[2,  2250/ 2775] - train_losses - Parent Class: 0.0000 - Children class: 8.3725 -Autoencoder Loss (total): 15.4720 - Reconstruction/K-Means Loss: [0.0000 / 15.4720] - Consistency Loss: [0.0000] - VICReg Loss: [24.5738][wd: 5.11e-02] [lr: 1.00e-02] [autoencoder lr: 0.00e+00][mem: 6.65e+04] (1464.7 ms)
INFO:root:[2,  2250] grad_stats: [4.62e-01 3.85e-07] (2.95e-07, 6.40e+00)
INFO:root:[2,  2300/ 2775] - train_losses - Parent Class: 0.0000 - Children class: 8.3666 -Autoencoder Loss (total): 15.2703 - Reconstruction/K-Means Loss: [0.0000 / 15.2703] - Consistency Loss: [0.0000] - VICReg Loss: [24.5748][wd: 5.12e-02] [lr: 1.00e-02] [autoencoder lr: 0.00e+00][mem: 6.65e+04] (1465.5 ms)
INFO:root:[2,  2300] grad_stats: [2.16e-01 2.95e-07] (2.22e-07, 3.77e+00)
INFO:root:[2,  2350/ 2775] - train_losses - Parent Class: 0.0000 - Children class: 8.3613 -Autoencoder Loss (total): 15.0764 - Reconstruction/K-Means Loss: [0.0000 / 15.0764] - Consistency Loss: [0.0000] - VICReg Loss: [24.5754][wd: 5.12e-02] [lr: 1.00e-02] [autoencoder lr: 0.00e+00][mem: 6.65e+04] (1466.3 ms)
INFO:root:[2,  2350] grad_stats: [2.29e+00 1.87e-07] (1.84e-07, 1.20e+01)
INFO:root:[2,  2400/ 2775] - train_losses - Parent Class: 0.0000 - Children class: 8.3552 -Autoencoder Loss (total): 14.8907 - Reconstruction/K-Means Loss: [0.0000 / 14.8907] - Consistency Loss: [0.0000] - VICReg Loss: [24.5765][wd: 5.12e-02] [lr: 1.00e-02] [autoencoder lr: 0.00e+00][mem: 6.65e+04] (1467.2 ms)
INFO:root:[2,  2400] grad_stats: [2.82e-01 1.81e-07] (1.77e-07, 4.01e+00)
INFO:root:[2,  2450/ 2775] - train_losses - Parent Class: 0.0000 - Children class: 8.3498 -Autoencoder Loss (total): 14.7122 - Reconstruction/K-Means Loss: [0.0000 / 14.7122] - Consistency Loss: [0.0000] - VICReg Loss: [24.5759][wd: 5.12e-02] [lr: 1.00e-02] [autoencoder lr: 0.00e+00][mem: 6.65e+04] (1468.2 ms)
INFO:root:[2,  2450] grad_stats: [9.79e-02 1.48e-07] (6.04e-08, 3.77e+00)
INFO:root:[2,  2500/ 2775] - train_losses - Parent Class: 0.0000 - Children class: 8.3447 -Autoencoder Loss (total): 14.5420 - Reconstruction/K-Means Loss: [0.0000 / 14.5420] - Consistency Loss: [0.0000] - VICReg Loss: [24.5758][wd: 5.12e-02] [lr: 1.00e-02] [autoencoder lr: 0.00e+00][mem: 6.65e+04] (1469.1 ms)
INFO:root:[2,  2500] grad_stats: [1.32e-01 1.25e-07] (7.35e-08, 4.01e+00)
INFO:root:[2,  2550/ 2775] - train_losses - Parent Class: 0.0000 - Children class: 8.3397 -Autoencoder Loss (total): 14.3754 - Reconstruction/K-Means Loss: [0.0000 / 14.3754] - Consistency Loss: [0.0000] - VICReg Loss: [24.5750][wd: 5.13e-02] [lr: 1.00e-02] [autoencoder lr: 0.00e+00][mem: 6.65e+04] (1469.9 ms)
INFO:root:[2,  2550] grad_stats: [1.15e-02 1.10e-07] (9.83e-08, 4.09e+00)
INFO:root:[2,  2600/ 2775] - train_losses - Parent Class: 0.0000 - Children class: 8.3353 -Autoencoder Loss (total): 14.2133 - Reconstruction/K-Means Loss: [0.0000 / 14.2133] - Consistency Loss: [0.0000] - VICReg Loss: [24.5736][wd: 5.13e-02] [lr: 1.00e-02] [autoencoder lr: 0.00e+00][mem: 6.65e+04] (1470.8 ms)
INFO:root:[2,  2600] grad_stats: [4.69e-03 9.71e-08] (5.51e-08, 3.51e+00)
INFO:root:[2,  2650/ 2775] - train_losses - Parent Class: 0.0000 - Children class: 8.3311 -Autoencoder Loss (total): 14.0626 - Reconstruction/K-Means Loss: [0.0000 / 14.0626] - Consistency Loss: [0.0000] - VICReg Loss: [24.5732][wd: 5.13e-02] [lr: 1.00e-02] [autoencoder lr: 0.00e+00][mem: 6.65e+04] (1471.6 ms)
INFO:root:[2,  2650] grad_stats: [1.33e-02 1.06e-07] (7.49e-08, 3.85e+00)
INFO:root:[2,  2700/ 2775] - train_losses - Parent Class: 0.0000 - Children class: 8.3274 -Autoencoder Loss (total): 13.9151 - Reconstruction/K-Means Loss: [0.0000 / 13.9151] - Consistency Loss: [0.0000] - VICReg Loss: [24.5715][wd: 5.13e-02] [lr: 1.00e-02] [autoencoder lr: 0.00e+00][mem: 6.65e+04] (1472.5 ms)
INFO:root:[2,  2700] grad_stats: [4.28e-03 8.34e-08] (8.34e-08, 3.83e+00)
INFO:root:[2,  2750/ 2775] - train_losses - Parent Class: 0.0000 - Children class: 8.3239 -Autoencoder Loss (total): 13.7686 - Reconstruction/K-Means Loss: [0.0000 / 13.7686] - Consistency Loss: [0.0000] - VICReg Loss: [24.5696][wd: 5.14e-02] [lr: 1.00e-02] [autoencoder lr: 0.00e+00][mem: 6.65e+04] (1473.3 ms)
INFO:root:[2,  2750] grad_stats: [1.24e-02 1.08e-07] (1.04e-07, 3.76e+00)
INFO:root:Asserting cache length
Avg no of empty clusters: 42.42643391521197
INFO:faiss.loader:Loading faiss with AVX2 support.
INFO:faiss.loader:Successfully loaded faiss with AVX2 support.
INFO:faiss.loader:Loading faiss with AVX2 support.
INFO:faiss.loader:Successfully loaded faiss with AVX2 support.
INFO:faiss.loader:Loading faiss with AVX2 support.
INFO:faiss.loader:Successfully loaded faiss with AVX2 support.
INFO:faiss.loader:Loading faiss with AVX2 support.
INFO:faiss.loader:Successfully loaded faiss with AVX2 support.
INFO:faiss.loader:Loading faiss with AVX2 support.
INFO:faiss.loader:Successfully loaded faiss with AVX2 support.
INFO:faiss.loader:Loading faiss with AVX2 support.
INFO:faiss.loader:Successfully loaded faiss with AVX2 support.
INFO:faiss.loader:Loading faiss with AVX2 support.
INFO:faiss.loader:Successfully loaded faiss with AVX2 support.
INFO:faiss.loader:Loading faiss with AVX2 support.
INFO:faiss.loader:Successfully loaded faiss with AVX2 support.
INFO:faiss.loader:Loading faiss with AVX2 support.
INFO:faiss.loader:Successfully loaded faiss with AVX2 support.
INFO:faiss.loader:Loading faiss with AVX2 support.
INFO:faiss.loader:Successfully loaded faiss with AVX2 support.
INFO:faiss.loader:Loading faiss with AVX2 support.
INFO:faiss.loader:Successfully loaded faiss with AVX2 support.
INFO:faiss.loader:Loading faiss with AVX2 support.
INFO:faiss.loader:Successfully loaded faiss with AVX2 support.
INFO:faiss.loader:Loading faiss with AVX2 support.
INFO:faiss.loader:Successfully loaded faiss with AVX2 support.
INFO:faiss.loader:Loading faiss with AVX2 support.
INFO:faiss.loader:Successfully loaded faiss with AVX2 support.
INFO:faiss.loader:Loading faiss with AVX2 support.
INFO:faiss.loader:Successfully loaded faiss with AVX2 support.
INFO:faiss.loader:Loading faiss with AVX2 support.
INFO:faiss.loader:Successfully loaded faiss with AVX2 support.
INFO:root:avg. train_loss 32.892
INFO:root:avg. test_loss 0.000 avg. Accuracy@1 0.108 - avg. Accuracy@5 0.000
INFO:root:Loss 32.7944
INFO:root:Epoch 3
INFO:faiss.loader:Loading faiss with AVX2 support.
INFO:faiss.loader:Successfully loaded faiss with AVX2 support.
INFO:faiss.loader:Loading faiss with AVX2 support.
INFO:faiss.loader:Successfully loaded faiss with AVX2 support.
INFO:faiss.loader:Loading faiss with AVX2 support.
INFO:faiss.loader:Successfully loaded faiss with AVX2 support.
INFO:faiss.loader:Loading faiss with AVX2 support.
INFO:faiss.loader:Successfully loaded faiss with AVX2 support.
INFO:faiss.loader:Loading faiss with AVX2 support.
INFO:faiss.loader:Successfully loaded faiss with AVX2 support.
INFO:faiss.loader:Loading faiss with AVX2 support.
INFO:faiss.loader:Successfully loaded faiss with AVX2 support.
INFO:faiss.loader:Loading faiss with AVX2 support.
INFO:faiss.loader:Successfully loaded faiss with AVX2 support.
INFO:faiss.loader:Loading faiss with AVX2 support.
INFO:faiss.loader:Successfully loaded faiss with AVX2 support.
INFO:faiss.loader:Loading faiss with AVX2 support.
INFO:faiss.loader:Successfully loaded faiss with AVX2 support.
INFO:faiss.loader:Loading faiss with AVX2 support.
INFO:faiss.loader:Successfully loaded faiss with AVX2 support.
INFO:faiss.loader:Loading faiss with AVX2 support.
INFO:faiss.loader:Successfully loaded faiss with AVX2 support.
INFO:faiss.loader:Loading faiss with AVX2 support.
INFO:faiss.loader:Successfully loaded faiss with AVX2 support.
INFO:faiss.loader:Loading faiss with AVX2 support.
INFO:faiss.loader:Successfully loaded faiss with AVX2 support.
INFO:faiss.loader:Loading faiss with AVX2 support.
INFO:faiss.loader:Successfully loaded faiss with AVX2 support.
INFO:faiss.loader:Loading faiss with AVX2 support.
INFO:faiss.loader:Successfully loaded faiss with AVX2 support.
INFO:faiss.loader:Loading faiss with AVX2 support.
INFO:faiss.loader:Successfully loaded faiss with AVX2 support.
INFO:root:[3,     0/ 2775] - train_losses - Parent Class: 0.0000 - Children class: 11.9292 -Autoencoder Loss (total): 1.2268 - Reconstruction/K-Means Loss: [0.0000 / 1.2268] - Consistency Loss: [0.0000] - VICReg Loss: [24.5781][wd: 5.14e-02] [lr: 1.00e-02] [autoencoder lr: 0.00e+00][mem: 6.65e+04] (1730.2 ms)
INFO:root:[3,     0] grad_stats: [6.88e-03 6.44e-07] (2.20e-07, 3.94e+00)
INFO:root:[3,    50/ 2775] - train_losses - Parent Class: 0.0000 - Children class: 11.0539 -Autoencoder Loss (total): 0.6549 - Reconstruction/K-Means Loss: [0.0000 / 0.6549] - Consistency Loss: [0.0000] - VICReg Loss: [24.6365][wd: 5.14e-02] [lr: 1.00e-02] [autoencoder lr: 0.00e+00][mem: 6.65e+04] (1467.5 ms)
INFO:root:[3,    50] grad_stats: [1.71e-03 1.16e-07] (1.12e-07, 5.11e+00)
INFO:root:[3,   100/ 2775] - train_losses - Parent Class: 0.0000 - Children class: 10.5125 -Autoencoder Loss (total): 0.5645 - Reconstruction/K-Means Loss: [0.0000 / 0.5645] - Consistency Loss: [0.0000] - VICReg Loss: [24.6666][wd: 5.14e-02] [lr: 1.00e-02] [autoencoder lr: 0.00e+00][mem: 6.65e+04] (1454.2 ms)
INFO:root:[3,   100] grad_stats: [1.93e-03 1.30e-07] (1.30e-07, 3.91e+00)
INFO:root:[3,   150/ 2775] - train_losses - Parent Class: 0.0000 - Children class: 10.1224 -Autoencoder Loss (total): 0.5350 - Reconstruction/K-Means Loss: [0.0000 / 0.5350] - Consistency Loss: [0.0000] - VICReg Loss: [24.6746][wd: 5.15e-02] [lr: 1.00e-02] [autoencoder lr: 0.00e+00][mem: 6.65e+04] (1449.2 ms)
INFO:root:[3,   150] grad_stats: [1.12e-03 1.48e-07] (1.06e-07, 4.01e+00)
INFO:root:[3,   200/ 2775] - train_losses - Parent Class: 0.0000 - Children class: 9.8900 -Autoencoder Loss (total): 0.5307 - Reconstruction/K-Means Loss: [0.0000 / 0.5307] - Consistency Loss: [0.0000] - VICReg Loss: [24.6796][wd: 5.15e-02] [lr: 1.00e-02] [autoencoder lr: 0.00e+00][mem: 6.65e+04] (1447.2 ms)
INFO:root:[3,   200] grad_stats: [1.71e-03 1.01e-07] (6.98e-08, 4.14e+00)
INFO:root:[3,   250/ 2775] - train_losses - Parent Class: 0.0000 - Children class: 9.7049 -Autoencoder Loss (total): 0.5198 - Reconstruction/K-Means Loss: [0.0000 / 0.5198] - Consistency Loss: [0.0000] - VICReg Loss: [24.6783][wd: 5.15e-02] [lr: 1.00e-02] [autoencoder lr: 0.00e+00][mem: 6.65e+04] (1445.7 ms)
INFO:root:[3,   250] grad_stats: [3.10e-03 8.60e-08] (6.51e-08, 3.93e+00)
INFO:root:[3,   300/ 2775] - train_losses - Parent Class: 0.0000 - Children class: 9.5573 -Autoencoder Loss (total): 0.5109 - Reconstruction/K-Means Loss: [0.0000 / 0.5109] - Consistency Loss: [0.0000] - VICReg Loss: [24.6793][wd: 5.15e-02] [lr: 1.00e-02] [autoencoder lr: 0.00e+00][mem: 6.65e+04] (1444.9 ms)
INFO:root:[3,   300] grad_stats: [2.01e-03 1.11e-07] (4.23e-08, 3.98e+00)
/home/rtcalumby/miniconda3/envs/py382/lib/python3.12/site-packages/PIL/Image.py:3218: DecompressionBombWarning: Image size (108000000 pixels) exceeds limit of 89478485 pixels, could be decompression bomb DOS attack.
  warnings.warn(
INFO:root:[3,   350/ 2775] - train_losses - Parent Class: 0.0000 - Children class: 9.4957 -Autoencoder Loss (total): 0.5087 - Reconstruction/K-Means Loss: [0.0000 / 0.5087] - Consistency Loss: [0.0000] - VICReg Loss: [24.6870][wd: 5.16e-02] [lr: 1.00e-02] [autoencoder lr: 0.00e+00][mem: 6.65e+04] (1444.7 ms)
INFO:root:[3,   350] grad_stats: [6.08e-03 5.03e-08] (5.03e-08, 4.11e+00)
INFO:root:[3,   400/ 2775] - train_losses - Parent Class: 0.0000 - Children class: 9.3812 -Autoencoder Loss (total): 0.5030 - Reconstruction/K-Means Loss: [0.0000 / 0.5030] - Consistency Loss: [0.0000] - VICReg Loss: [24.6949][wd: 5.16e-02] [lr: 1.00e-02] [autoencoder lr: 0.00e+00][mem: 6.65e+04] (1444.5 ms)
INFO:root:[3,   400] grad_stats: [6.02e-04 2.89e-08] (2.46e-08, 3.96e+00)
slurmstepd: error: *** JOB 5003 ON hgx CANCELLED AT 2025-02-11T21:52:16 ***
