INFO:faiss.loader:Loading faiss with AVX2 support.
INFO:faiss.loader:Successfully loaded faiss with AVX2 support.
INFO:faiss.loader:Loading faiss with AVX2 support.
INFO:faiss.loader:Successfully loaded faiss with AVX2 support.
INFO:root:called-params configs/in1k_vith14_ep300_FGDCC.yaml
INFO:root:loaded params...
{   'data': {   'batch_size': 96,
                'color_jitter_strength': 0.0,
                'crop_scale': [0.3, 1.0],
                'crop_size': 224,
                'cutmix': 0.0,
                'drop_path': 0.25,
                'image_folder': '/home/rtcalumby/adam/luciano/plantnet_300K/',
                'mixup': 0.0,
                'nb_classes': 1081,
                'num_workers': 8,
                'pin_mem': True,
                'reprob': 0.25,
                'resume_epoch': 0,
                'root_path': '/home/rtcalumby/adam/luciano/',
                'use_color_distortion': False,
                'use_gaussian_blur': False,
                'use_horizontal_flip': False},
    'logging': {   'folder': '/home/rtcalumby/adam/luciano/LifeCLEFPlant2022/logs/PlantNet300k_exp20',
                   'write_tag': 'jepa'},
    'mask': {   'allow_overlap': False,
                'aspect_ratio': [0.75, 1.5],
                'enc_mask_scale': [0.85, 1.0],
                'min_keep': 10,
                'num_enc_masks': 1,
                'num_pred_masks': 4,
                'patch_size': 14,
                'pred_mask_scale': [0.15, 0.2]},
    'meta': {   'copy_data': False,
                'load_checkpoint': True,
                'model_name': 'vit_huge',
                'pred_depth': 12,
                'pred_emb_dim': 384,
                'read_checkpoint': None,
                'use_bfloat16': True},
    'optimization': {   'ema': [0.9, 0.999],
                        'epochs': 50,
                        'final_lr': 3e-06,
                        'final_weight_decay': 0.4,
                        'ipe_scale': 1.0,
                        'label_smoothing': 0.1,
                        'lr': 0.0004,
                        'start_lr': 0.00015,
                        'warmup': 5,
                        'weight_decay': 0.05}}
INFO:root:Running... (rank: 0/1)
INFO:root:Initialized (rank/world-size) 0/1
INFO:root:MaskedAutoEncoder(
  (encoder): Sequential(
    (0): Linear(in_features=1024, out_features=768, bias=True)
    (1): GELU(approximate='none')
    (2): Linear(in_features=768, out_features=512, bias=True)
    (3): GELU(approximate='none')
    (4): Linear(in_features=512, out_features=384, bias=True)
    (5): GELU(approximate='none')
  )
  (decoder): Sequential(
    (0): Linear(in_features=384, out_features=512, bias=True)
    (1): GELU(approximate='none')
    (2): Linear(in_features=512, out_features=768, bias=True)
    (3): GELU(approximate='none')
    (4): Linear(in_features=768, out_features=1024, bias=True)
  )
)
INFO:root:making imagenet data transforms
INFO:root:making imagenet data transforms
INFO:root:Finetuning dataset created
Training dataset, length: 245952
INFO:root:Finetuning dataset created
Val dataset, length: 31200
INFO:root:Using AdamW
['encoder', 'predictor', 'opt', 'scaler', 'target_encoder', 'epoch', 'loss', 'batch_size', 'world_size', 'lr']
INFO:root:loaded pretrained encoder from epoch 66 with msg: <All keys matched successfully>
INFO:root:Using AdamW
INFO:root:VisionTransformer(
  (patch_embed): PatchEmbed(
    (proj): Conv2d(3, 1280, kernel_size=(14, 14), stride=(14, 14))
  )
  (blocks): ModuleList(
    (0-31): 32 x Block(
      (norm1): LayerNorm((1280,), eps=1e-06, elementwise_affine=True)
      (attn): Attention(
        (qkv): Linear(in_features=1280, out_features=3840, bias=True)
        (attn_drop): Dropout(p=0.0, inplace=False)
        (proj): Linear(in_features=1280, out_features=1280, bias=True)
        (proj_drop): Dropout(p=0.0, inplace=False)
      )
      (drop_path): Identity()
      (norm2): LayerNorm((1280,), eps=1e-06, elementwise_affine=True)
      (mlp): MLP(
        (fc1): Linear(in_features=1280, out_features=5120, bias=True)
        (act): GELU(approximate='none')
        (fc2): Linear(in_features=5120, out_features=1280, bias=True)
        (drop): Dropout(p=0.0, inplace=False)
      )
    )
  )
  (norm): LayerNorm((1280,), eps=1e-06, elementwise_affine=True)
)
INFO:root:Building cache...
INFO:root:Done.
INFO:root:Initializing centroids...
INFO:root:Done.
INFO:root:M - Step...
INFO:root:Epoch 1
INFO:faiss.loader:Loading faiss with AVX2 support.
INFO:faiss.loader:Successfully loaded faiss with AVX2 support.
INFO:faiss.loader:Loading faiss with AVX2 support.
INFO:faiss.loader:Successfully loaded faiss with AVX2 support.
INFO:faiss.loader:Loading faiss with AVX2 support.
INFO:faiss.loader:Successfully loaded faiss with AVX2 support.
INFO:faiss.loader:Loading faiss with AVX2 support.
INFO:faiss.loader:Successfully loaded faiss with AVX2 support.
INFO:faiss.loader:Loading faiss with AVX2 support.
INFO:faiss.loader:Successfully loaded faiss with AVX2 support.
INFO:faiss.loader:Loading faiss with AVX2 support.
INFO:faiss.loader:Successfully loaded faiss with AVX2 support.
INFO:faiss.loader:Loading faiss with AVX2 support.
INFO:faiss.loader:Successfully loaded faiss with AVX2 support.
INFO:faiss.loader:Loading faiss with AVX2 support.
INFO:faiss.loader:Successfully loaded faiss with AVX2 support.
/home/rtcalumby/miniconda3/envs/py382/lib/python3.12/site-packages/faiss/contrib/torch_utils.py:51: UserWarning: TypedStorage is deprecated. It will be removed in the future and UntypedStorage will be the only storage class. This should only matter to you if you are using storages directly.  To access UntypedStorage directly, use tensor.untyped_storage() instead of tensor.storage()
  x.storage().data_ptr() + x.storage_offset() * 4)
INFO:root:[1,     0/ 2562] - train_losses - Parent Class: 6.9829 - Children class: 0.6909 -Autoencoder Loss (total): 461.4915 - Reconstruction/K-Means Loss: [1.0814 / 460.4101] - Consistency Loss: [0.0000] - VICReg Loss: [18.8556][wd: 5.00e-02] [lr: 1.50e-04] [autoencoder lr: 1.00e-04][mem: 6.00e+04] (2951.8 ms)
INFO:root:[1,     0] grad_stats: [2.04e-01 1.18e+00] (0.00e+00, 7.32e+02)
INFO:root:[1,    50/ 2562] - train_losses - Parent Class: 6.0367 - Children class: 0.5443 -Autoencoder Loss (total): 505.2726 - Reconstruction/K-Means Loss: [0.6464 / 504.6262] - Consistency Loss: [0.0000] - VICReg Loss: [14.5121][wd: 5.00e-02] [lr: 1.51e-04] [autoencoder lr: 1.03e-04][mem: 6.49e+04] (1265.4 ms)
INFO:root:[1,    50] grad_stats: [1.31e-03 2.73e-02] (4.27e-05, 7.56e+00)
INFO:root:[1,   100/ 2562] - train_losses - Parent Class: 5.8888 - Children class: 0.5258 -Autoencoder Loss (total): 503.9693 - Reconstruction/K-Means Loss: [0.5200 / 503.4494] - Consistency Loss: [0.0000] - VICReg Loss: [14.1986][wd: 5.00e-02] [lr: 1.52e-04] [autoencoder lr: 1.05e-04][mem: 6.49e+04] (1248.0 ms)
INFO:root:[1,   100] grad_stats: [2.21e-03 3.18e-02] (0.00e+00, 7.59e+00)
INFO:root:[1,   150/ 2562] - train_losses - Parent Class: 5.8273 - Children class: 0.5143 -Autoencoder Loss (total): 503.2455 - Reconstruction/K-Means Loss: [0.4717 / 502.7738] - Consistency Loss: [0.0000] - VICReg Loss: [13.9951][wd: 5.00e-02] [lr: 1.53e-04] [autoencoder lr: 1.08e-04][mem: 6.49e+04] (1241.8 ms)
INFO:root:[1,   150] grad_stats: [1.09e-03 3.64e-02] (0.00e+00, 6.71e+00)
INFO:root:[1,   200/ 2562] - train_losses - Parent Class: 5.8018 - Children class: 0.5112 -Autoencoder Loss (total): 502.6381 - Reconstruction/K-Means Loss: [0.4481 / 502.1900] - Consistency Loss: [0.0000] - VICReg Loss: [13.8852][wd: 5.00e-02] [lr: 1.54e-04] [autoencoder lr: 1.10e-04][mem: 6.49e+04] (1239.0 ms)
INFO:root:[1,   200] grad_stats: [1.31e-03 3.40e-02] (0.00e+00, 6.29e+00)
INFO:root:[1,   250/ 2562] - train_losses - Parent Class: 5.7800 - Children class: 0.5093 -Autoencoder Loss (total): 502.1887 - Reconstruction/K-Means Loss: [0.4351 / 501.7536] - Consistency Loss: [0.0000] - VICReg Loss: [13.8152][wd: 5.00e-02] [lr: 1.55e-04] [autoencoder lr: 1.13e-04][mem: 6.49e+04] (1238.1 ms)
INFO:root:[1,   250] grad_stats: [1.56e-03 3.41e-02] (0.00e+00, 6.77e+00)
INFO:root:[1,   300/ 2562] - train_losses - Parent Class: 5.7648 - Children class: 0.5123 -Autoencoder Loss (total): 501.8155 - Reconstruction/K-Means Loss: [0.4273 / 501.3882] - Consistency Loss: [0.0000] - VICReg Loss: [13.7658][wd: 5.00e-02] [lr: 1.56e-04] [autoencoder lr: 1.15e-04][mem: 6.49e+04] (1236.9 ms)
INFO:root:[1,   300] grad_stats: [1.29e-03 2.85e-02] (5.01e-05, 6.43e+00)
INFO:root:[1,   350/ 2562] - train_losses - Parent Class: 5.7577 - Children class: 0.5154 -Autoencoder Loss (total): 501.4958 - Reconstruction/K-Means Loss: [0.4226 / 501.0733] - Consistency Loss: [0.0000] - VICReg Loss: [13.7294][wd: 5.00e-02] [lr: 1.57e-04] [autoencoder lr: 1.18e-04][mem: 6.49e+04] (1236.1 ms)
INFO:root:[1,   350] grad_stats: [1.04e-02 1.14e-01] (0.00e+00, 4.86e+01)
INFO:root:[1,   400/ 2562] - train_losses - Parent Class: 5.7549 - Children class: 0.5220 -Autoencoder Loss (total): 501.4159 - Reconstruction/K-Means Loss: [0.4189 / 500.9969] - Consistency Loss: [0.0000] - VICReg Loss: [13.7089][wd: 5.00e-02] [lr: 1.58e-04] [autoencoder lr: 1.20e-04][mem: 6.49e+04] (1235.4 ms)
INFO:root:[1,   400] grad_stats: [1.38e-03 1.77e-02] (0.00e+00, 5.71e+00)
INFO:root:[1,   450/ 2562] - train_losses - Parent Class: 5.7491 - Children class: 0.5231 -Autoencoder Loss (total): 501.2983 - Reconstruction/K-Means Loss: [0.4158 / 500.8825] - Consistency Loss: [0.0000] - VICReg Loss: [13.6846][wd: 5.00e-02] [lr: 1.59e-04] [autoencoder lr: 1.23e-04][mem: 6.49e+04] (1234.7 ms)
INFO:root:[1,   450] grad_stats: [1.38e-03 2.16e-02] (5.24e-05, 5.62e+00)
INFO:root:[1,   500/ 2562] - train_losses - Parent Class: 5.7454 - Children class: 0.5239 -Autoencoder Loss (total): 501.1868 - Reconstruction/K-Means Loss: [0.4135 / 500.7733] - Consistency Loss: [0.0000] - VICReg Loss: [13.6638][wd: 5.00e-02] [lr: 1.60e-04] [autoencoder lr: 1.25e-04][mem: 6.49e+04] (1234.4 ms)
INFO:root:[1,   500] grad_stats: [1.79e-03 1.67e-02] (5.90e-05, 5.28e+00)
INFO:root:[1,   550/ 2562] - train_losses - Parent Class: 5.7427 - Children class: 0.5195 -Autoencoder Loss (total): 501.0216 - Reconstruction/K-Means Loss: [0.4121 / 500.6095] - Consistency Loss: [0.0000] - VICReg Loss: [13.6465][wd: 5.00e-02] [lr: 1.61e-04] [autoencoder lr: 1.28e-04][mem: 6.49e+04] (1234.4 ms)
INFO:root:[1,   550] grad_stats: [1.22e-03 1.41e-02] (0.00e+00, 5.18e+00)
INFO:root:[1,   600/ 2562] - train_losses - Parent Class: 5.7381 - Children class: 0.5244 -Autoencoder Loss (total): 500.9783 - Reconstruction/K-Means Loss: [0.4109 / 500.5675] - Consistency Loss: [0.0000] - VICReg Loss: [13.6311][wd: 5.00e-02] [lr: 1.62e-04] [autoencoder lr: 1.30e-04][mem: 6.49e+04] (1234.1 ms)
INFO:root:[1,   600] grad_stats: [4.48e-03 1.96e-02] (1.91e-04, 5.14e+00)
INFO:root:[1,   650/ 2562] - train_losses - Parent Class: 5.7363 - Children class: 0.5277 -Autoencoder Loss (total): 500.8692 - Reconstruction/K-Means Loss: [0.4098 / 500.4595] - Consistency Loss: [0.0000] - VICReg Loss: [13.6176][wd: 5.00e-02] [lr: 1.63e-04] [autoencoder lr: 1.33e-04][mem: 6.49e+04] (1234.0 ms)
INFO:root:[1,   650] grad_stats: [2.43e-03 1.69e-02] (0.00e+00, 5.14e+00)
INFO:root:[1,   700/ 2562] - train_losses - Parent Class: 5.7362 - Children class: 0.5318 -Autoencoder Loss (total): 500.6428 - Reconstruction/K-Means Loss: [0.4088 / 500.2340] - Consistency Loss: [0.0000] - VICReg Loss: [13.6059][wd: 5.00e-02] [lr: 1.64e-04] [autoencoder lr: 1.36e-04][mem: 6.49e+04] (1234.0 ms)
INFO:root:[1,   700] grad_stats: [1.94e-03 1.84e-02] (5.52e-06, 4.87e+00)
INFO:root:[1,   750/ 2562] - train_losses - Parent Class: 5.7331 - Children class: 0.5288 -Autoencoder Loss (total): 500.2317 - Reconstruction/K-Means Loss: [0.4078 / 499.8239] - Consistency Loss: [0.0000] - VICReg Loss: [13.5955][wd: 5.00e-02] [lr: 1.65e-04] [autoencoder lr: 1.38e-04][mem: 6.49e+04] (1234.0 ms)
INFO:root:[1,   750] grad_stats: [2.52e-03 1.80e-02] (5.33e-05, 4.76e+00)
INFO:root:[1,   800/ 2562] - train_losses - Parent Class: 5.7313 - Children class: 0.5284 -Autoencoder Loss (total): 500.1273 - Reconstruction/K-Means Loss: [0.4068 / 499.7205] - Consistency Loss: [0.0000] - VICReg Loss: [13.5861][wd: 5.00e-02] [lr: 1.66e-04] [autoencoder lr: 1.41e-04][mem: 6.49e+04] (1233.9 ms)
INFO:root:[1,   800] grad_stats: [3.48e-03 1.65e-02] (2.35e-05, 4.60e+00)
INFO:root:[1,   850/ 2562] - train_losses - Parent Class: 5.7302 - Children class: 0.5266 -Autoencoder Loss (total): 499.6712 - Reconstruction/K-Means Loss: [0.4059 / 499.2653] - Consistency Loss: [0.0000] - VICReg Loss: [13.5778][wd: 5.00e-02] [lr: 1.67e-04] [autoencoder lr: 1.43e-04][mem: 6.49e+04] (1233.9 ms)
INFO:root:[1,   850] grad_stats: [6.13e-03 1.24e-02] (1.83e-04, 4.63e+00)
INFO:root:[1,   900/ 2562] - train_losses - Parent Class: 5.7284 - Children class: 0.5260 -Autoencoder Loss (total): 499.2903 - Reconstruction/K-Means Loss: [0.4049 / 498.8853] - Consistency Loss: [0.0000] - VICReg Loss: [13.5702][wd: 5.00e-02] [lr: 1.68e-04] [autoencoder lr: 1.46e-04][mem: 6.49e+04] (1233.6 ms)
INFO:root:[1,   900] grad_stats: [8.52e-03 1.99e-02] (0.00e+00, 4.42e+00)
INFO:root:[1,   950/ 2562] - train_losses - Parent Class: 5.7265 - Children class: 0.5239 -Autoencoder Loss (total): 498.7523 - Reconstruction/K-Means Loss: [0.4039 / 498.3484] - Consistency Loss: [0.0000] - VICReg Loss: [13.5634][wd: 5.00e-02] [lr: 1.69e-04] [autoencoder lr: 1.48e-04][mem: 6.49e+04] (1233.6 ms)
INFO:root:[1,   950] grad_stats: [9.70e-03 1.24e-02] (0.00e+00, 4.41e+00)
INFO:root:[1,  1000/ 2562] - train_losses - Parent Class: 5.7238 - Children class: 0.5268 -Autoencoder Loss (total): 498.2531 - Reconstruction/K-Means Loss: [0.4028 / 497.8502] - Consistency Loss: [0.0000] - VICReg Loss: [13.5572][wd: 5.01e-02] [lr: 1.70e-04] [autoencoder lr: 1.51e-04][mem: 6.49e+04] (1233.7 ms)
INFO:root:[1,  1000] grad_stats: [7.46e-03 1.53e-02] (0.00e+00, 4.21e+00)
INFO:root:[1,  1050/ 2562] - train_losses - Parent Class: 5.7226 - Children class: 0.5266 -Autoencoder Loss (total): 497.7887 - Reconstruction/K-Means Loss: [0.4017 / 497.3870] - Consistency Loss: [0.0000] - VICReg Loss: [13.5515][wd: 5.01e-02] [lr: 1.71e-04] [autoencoder lr: 1.53e-04][mem: 6.49e+04] (1233.6 ms)
INFO:root:[1,  1050] grad_stats: [5.58e-03 1.43e-02] (0.00e+00, 4.26e+00)
INFO:root:[1,  1100/ 2562] - train_losses - Parent Class: 5.7204 - Children class: 0.5302 -Autoencoder Loss (total): 497.4070 - Reconstruction/K-Means Loss: [0.4006 / 497.0064] - Consistency Loss: [0.0000] - VICReg Loss: [13.5464][wd: 5.01e-02] [lr: 1.71e-04] [autoencoder lr: 1.56e-04][mem: 6.49e+04] (1233.8 ms)
INFO:root:[1,  1100] grad_stats: [1.52e-02 1.50e-02] (0.00e+00, 3.97e+00)
INFO:root:[1,  1150/ 2562] - train_losses - Parent Class: 5.7197 - Children class: 0.5334 -Autoencoder Loss (total): 496.9099 - Reconstruction/K-Means Loss: [0.3994 / 496.5105] - Consistency Loss: [0.0000] - VICReg Loss: [13.5417][wd: 5.01e-02] [lr: 1.72e-04] [autoencoder lr: 1.58e-04][mem: 6.49e+04] (1233.6 ms)
INFO:root:[1,  1150] grad_stats: [2.11e-02 1.32e-02] (0.00e+00, 3.81e+00)
INFO:root:[1,  1200/ 2562] - train_losses - Parent Class: 5.7187 - Children class: 0.5355 -Autoencoder Loss (total): 496.4492 - Reconstruction/K-Means Loss: [0.3982 / 496.0510] - Consistency Loss: [0.0000] - VICReg Loss: [13.5373][wd: 5.01e-02] [lr: 1.73e-04] [autoencoder lr: 1.61e-04][mem: 6.49e+04] (1233.9 ms)
INFO:root:[1,  1200] grad_stats: [1.34e-02 1.28e-02] (0.00e+00, 3.88e+00)
INFO:root:[1,  1250/ 2562] - train_losses - Parent Class: 5.7179 - Children class: 0.5346 -Autoencoder Loss (total): 496.0189 - Reconstruction/K-Means Loss: [0.3970 / 495.6218] - Consistency Loss: [0.0000] - VICReg Loss: [13.5332][wd: 5.01e-02] [lr: 1.74e-04] [autoencoder lr: 1.63e-04][mem: 6.49e+04] (1233.9 ms)
INFO:root:[1,  1250] grad_stats: [1.96e-02 1.22e-02] (0.00e+00, 3.73e+00)
INFO:root:[1,  1300/ 2562] - train_losses - Parent Class: 5.7168 - Children class: 0.5349 -Autoencoder Loss (total): 495.5416 - Reconstruction/K-Means Loss: [0.3958 / 495.1457] - Consistency Loss: [0.0000] - VICReg Loss: [13.5294][wd: 5.01e-02] [lr: 1.75e-04] [autoencoder lr: 1.66e-04][mem: 6.49e+04] (1234.1 ms)
INFO:root:[1,  1300] grad_stats: [3.69e-02 1.38e-02] (0.00e+00, 3.71e+00)
INFO:root:[1,  1350/ 2562] - train_losses - Parent Class: 5.7149 - Children class: 0.5351 -Autoencoder Loss (total): 495.0423 - Reconstruction/K-Means Loss: [0.3946 / 494.6476] - Consistency Loss: [0.0000] - VICReg Loss: [13.5259][wd: 5.01e-02] [lr: 1.76e-04] [autoencoder lr: 1.69e-04][mem: 6.49e+04] (1234.1 ms)
INFO:root:[1,  1350] grad_stats: [2.35e-02 1.76e-02] (0.00e+00, 3.91e+00)
INFO:root:[1,  1400/ 2562] - train_losses - Parent Class: 5.7140 - Children class: 0.5370 -Autoencoder Loss (total): 494.5444 - Reconstruction/K-Means Loss: [0.3934 / 494.1510] - Consistency Loss: [0.0000] - VICReg Loss: [13.5225][wd: 5.01e-02] [lr: 1.77e-04] [autoencoder lr: 1.71e-04][mem: 6.49e+04] (1234.2 ms)
INFO:root:[1,  1400] grad_stats: [1.60e-02 9.97e-03] (5.20e-06, 3.62e+00)
INFO:root:[1,  1450/ 2562] - train_losses - Parent Class: 5.7114 - Children class: 0.5361 -Autoencoder Loss (total): 494.0417 - Reconstruction/K-Means Loss: [0.3922 / 493.6495] - Consistency Loss: [0.0000] - VICReg Loss: [13.5196][wd: 5.01e-02] [lr: 1.78e-04] [autoencoder lr: 1.74e-04][mem: 6.49e+04] (1234.4 ms)
INFO:root:[1,  1450] grad_stats: [2.81e-02 1.02e-02] (0.00e+00, 3.41e+00)
INFO:root:[1,  1500/ 2562] - train_losses - Parent Class: 5.7087 - Children class: 0.5348 -Autoencoder Loss (total): 493.4897 - Reconstruction/K-Means Loss: [0.3909 / 493.0988] - Consistency Loss: [0.0000] - VICReg Loss: [13.5168][wd: 5.01e-02] [lr: 1.79e-04] [autoencoder lr: 1.76e-04][mem: 6.49e+04] (1234.4 ms)
INFO:root:[1,  1500] grad_stats: [3.86e-02 1.30e-02] (0.00e+00, 3.59e+00)
INFO:root:[1,  1550/ 2562] - train_losses - Parent Class: 5.7070 - Children class: 0.5342 -Autoencoder Loss (total): 493.0144 - Reconstruction/K-Means Loss: [0.3897 / 492.6247] - Consistency Loss: [0.0000] - VICReg Loss: [13.5142][wd: 5.01e-02] [lr: 1.80e-04] [autoencoder lr: 1.79e-04][mem: 6.49e+04] (1234.5 ms)
INFO:root:[1,  1550] grad_stats: [1.82e-02 1.00e-02] (0.00e+00, 3.37e+00)
INFO:root:[1,  1600/ 2562] - train_losses - Parent Class: 5.7053 - Children class: 0.5347 -Autoencoder Loss (total): 492.5104 - Reconstruction/K-Means Loss: [0.3885 / 492.1219] - Consistency Loss: [0.0000] - VICReg Loss: [13.5117][wd: 5.01e-02] [lr: 1.81e-04] [autoencoder lr: 1.81e-04][mem: 6.49e+04] (1234.7 ms)
INFO:root:[1,  1600] grad_stats: [1.76e-02 1.36e-02] (0.00e+00, 3.30e+00)
INFO:root:[1,  1650/ 2562] - train_losses - Parent Class: 5.7037 - Children class: 0.5338 -Autoencoder Loss (total): 491.9441 - Reconstruction/K-Means Loss: [0.3874 / 491.5567] - Consistency Loss: [0.0000] - VICReg Loss: [13.5094][wd: 5.01e-02] [lr: 1.82e-04] [autoencoder lr: 1.84e-04][mem: 6.49e+04] (1234.8 ms)
INFO:root:[1,  1650] grad_stats: [2.67e-02 1.05e-02] (0.00e+00, 3.36e+00)
INFO:root:[1,  1700/ 2562] - train_losses - Parent Class: 5.7026 - Children class: 0.5335 -Autoencoder Loss (total): 491.4890 - Reconstruction/K-Means Loss: [0.3862 / 491.1029] - Consistency Loss: [0.0000] - VICReg Loss: [13.5071][wd: 5.02e-02] [lr: 1.83e-04] [autoencoder lr: 1.86e-04][mem: 6.49e+04] (1234.9 ms)
INFO:root:[1,  1700] grad_stats: [2.59e-02 1.85e-02] (0.00e+00, 3.89e+00)
INFO:root:[1,  1750/ 2562] - train_losses - Parent Class: 5.7011 - Children class: 0.5326 -Autoencoder Loss (total): 491.0436 - Reconstruction/K-Means Loss: [0.3850 / 490.6586] - Consistency Loss: [0.0000] - VICReg Loss: [13.5050][wd: 5.02e-02] [lr: 1.84e-04] [autoencoder lr: 1.89e-04][mem: 6.49e+04] (1234.9 ms)
INFO:root:[1,  1750] grad_stats: [4.24e-02 9.26e-03] (0.00e+00, 3.16e+00)
INFO:root:[1,  1800/ 2562] - train_losses - Parent Class: 5.6996 - Children class: 0.5321 -Autoencoder Loss (total): 490.6148 - Reconstruction/K-Means Loss: [0.3839 / 490.2309] - Consistency Loss: [0.0000] - VICReg Loss: [13.5031][wd: 5.02e-02] [lr: 1.85e-04] [autoencoder lr: 1.91e-04][mem: 6.49e+04] (1235.0 ms)
INFO:root:[1,  1800] grad_stats: [2.87e-02 1.13e-02] (0.00e+00, 3.08e+00)
INFO:root:[1,  1850/ 2562] - train_losses - Parent Class: 5.6976 - Children class: 0.5318 -Autoencoder Loss (total): 490.2397 - Reconstruction/K-Means Loss: [0.3828 / 489.8570] - Consistency Loss: [0.0000] - VICReg Loss: [13.5014][wd: 5.02e-02] [lr: 1.86e-04] [autoencoder lr: 1.94e-04][mem: 6.49e+04] (1235.0 ms)
INFO:root:[1,  1850] grad_stats: [5.42e-02 1.17e-02] (0.00e+00, 3.44e+00)
INFO:root:[1,  1900/ 2562] - train_losses - Parent Class: 5.6954 - Children class: 0.5309 -Autoencoder Loss (total): 489.8510 - Reconstruction/K-Means Loss: [0.3817 / 489.4694] - Consistency Loss: [0.0000] - VICReg Loss: [13.4997][wd: 5.02e-02] [lr: 1.87e-04] [autoencoder lr: 1.96e-04][mem: 6.49e+04] (1235.0 ms)
INFO:root:[1,  1900] grad_stats: [4.13e-02 7.98e-03] (0.00e+00, 3.05e+00)
INFO:root:[1,  1950/ 2562] - train_losses - Parent Class: 5.6939 - Children class: 0.5305 -Autoencoder Loss (total): 489.4885 - Reconstruction/K-Means Loss: [0.3806 / 489.1079] - Consistency Loss: [0.0000] - VICReg Loss: [13.4981][wd: 5.02e-02] [lr: 1.88e-04] [autoencoder lr: 1.99e-04][mem: 6.49e+04] (1235.1 ms)
INFO:root:[1,  1950] grad_stats: [3.96e-02 8.45e-03] (0.00e+00, 3.00e+00)
INFO:root:[1,  2000/ 2562] - train_losses - Parent Class: 5.6922 - Children class: 0.5309 -Autoencoder Loss (total): 489.1288 - Reconstruction/K-Means Loss: [0.3796 / 488.7492] - Consistency Loss: [0.0000] - VICReg Loss: [13.4966][wd: 5.02e-02] [lr: 1.89e-04] [autoencoder lr: 2.02e-04][mem: 6.49e+04] (1235.3 ms)
INFO:root:[1,  2000] grad_stats: [4.51e-02 1.17e-02] (0.00e+00, 3.30e+00)
INFO:root:[1,  2050/ 2562] - train_losses - Parent Class: 5.6903 - Children class: 0.5309 -Autoencoder Loss (total): 488.7974 - Reconstruction/K-Means Loss: [0.3786 / 488.4189] - Consistency Loss: [0.0000] - VICReg Loss: [13.4952][wd: 5.02e-02] [lr: 1.90e-04] [autoencoder lr: 2.04e-04][mem: 6.49e+04] (1235.3 ms)
INFO:root:[1,  2050] grad_stats: [3.48e-02 1.26e-02] (0.00e+00, 3.27e+00)
INFO:root:[1,  2100/ 2562] - train_losses - Parent Class: 5.6879 - Children class: 0.5305 -Autoencoder Loss (total): 488.5195 - Reconstruction/K-Means Loss: [0.3776 / 488.1420] - Consistency Loss: [0.0000] - VICReg Loss: [13.4939][wd: 5.02e-02] [lr: 1.91e-04] [autoencoder lr: 2.07e-04][mem: 6.49e+04] (1235.4 ms)
INFO:root:[1,  2100] grad_stats: [4.16e-02 1.61e-02] (0.00e+00, 3.49e+00)
INFO:root:[1,  2150/ 2562] - train_losses - Parent Class: 5.6864 - Children class: 0.5309 -Autoencoder Loss (total): 488.2490 - Reconstruction/K-Means Loss: [0.3766 / 487.8724] - Consistency Loss: [0.0000] - VICReg Loss: [13.4927][wd: 5.02e-02] [lr: 1.92e-04] [autoencoder lr: 2.09e-04][mem: 6.49e+04] (1235.6 ms)
INFO:root:[1,  2150] grad_stats: [7.83e-02 8.12e-03] (0.00e+00, 2.81e+00)
INFO:root:[1,  2200/ 2562] - train_losses - Parent Class: 5.6845 - Children class: 0.5307 -Autoencoder Loss (total): 488.0298 - Reconstruction/K-Means Loss: [0.3757 / 487.6541] - Consistency Loss: [0.0000] - VICReg Loss: [13.4915][wd: 5.03e-02] [lr: 1.93e-04] [autoencoder lr: 2.12e-04][mem: 6.49e+04] (1235.8 ms)
INFO:root:[1,  2200] grad_stats: [4.12e-02 1.11e-02] (0.00e+00, 2.94e+00)
INFO:root:[1,  2250/ 2562] - train_losses - Parent Class: 5.6826 - Children class: 0.5302 -Autoencoder Loss (total): 487.7987 - Reconstruction/K-Means Loss: [0.3747 / 487.4240] - Consistency Loss: [0.0000] - VICReg Loss: [13.4904][wd: 5.03e-02] [lr: 1.94e-04] [autoencoder lr: 2.14e-04][mem: 6.49e+04] (1235.9 ms)
INFO:root:[1,  2250] grad_stats: [5.95e-02 1.12e-02] (0.00e+00, 3.06e+00)
INFO:root:[1,  2300/ 2562] - train_losses - Parent Class: 5.6805 - Children class: 0.5300 -Autoencoder Loss (total): 487.6227 - Reconstruction/K-Means Loss: [0.3739 / 487.2488] - Consistency Loss: [0.0000] - VICReg Loss: [13.4894][wd: 5.03e-02] [lr: 1.95e-04] [autoencoder lr: 2.17e-04][mem: 6.49e+04] (1236.1 ms)
INFO:root:[1,  2300] grad_stats: [1.37e-01 1.45e-02] (0.00e+00, 3.58e+00)
INFO:root:[1,  2350/ 2562] - train_losses - Parent Class: 5.6785 - Children class: 0.5297 -Autoencoder Loss (total): 487.4411 - Reconstruction/K-Means Loss: [0.3730 / 487.0681] - Consistency Loss: [0.0000] - VICReg Loss: [13.4884][wd: 5.03e-02] [lr: 1.96e-04] [autoencoder lr: 2.19e-04][mem: 6.49e+04] (1236.1 ms)
INFO:root:[1,  2350] grad_stats: [4.93e-02 1.59e-02] (0.00e+00, 3.12e+00)
INFO:root:[1,  2400/ 2562] - train_losses - Parent Class: 5.6773 - Children class: 0.5291 -Autoencoder Loss (total): 487.2711 - Reconstruction/K-Means Loss: [0.3721 / 486.8989] - Consistency Loss: [0.0000] - VICReg Loss: [13.4876][wd: 5.03e-02] [lr: 1.97e-04] [autoencoder lr: 2.22e-04][mem: 6.49e+04] (1236.1 ms)
INFO:root:[1,  2400] grad_stats: [1.40e-01 1.81e-02] (0.00e+00, 3.00e+00)
INFO:root:[1,  2450/ 2562] - train_losses - Parent Class: 5.6749 - Children class: 0.5287 -Autoencoder Loss (total): 487.1187 - Reconstruction/K-Means Loss: [0.3713 / 486.7474] - Consistency Loss: [0.0000] - VICReg Loss: [13.4867][wd: 5.03e-02] [lr: 1.98e-04] [autoencoder lr: 2.24e-04][mem: 6.49e+04] (1236.3 ms)
INFO:root:[1,  2450] grad_stats: [5.16e-02 1.04e-02] (0.00e+00, 3.12e+00)
INFO:root:[1,  2500/ 2562] - train_losses - Parent Class: 5.6721 - Children class: 0.5280 -Autoencoder Loss (total): 486.9862 - Reconstruction/K-Means Loss: [0.3705 / 486.6157] - Consistency Loss: [0.0000] - VICReg Loss: [13.4859][wd: 5.03e-02] [lr: 1.99e-04] [autoencoder lr: 2.27e-04][mem: 6.49e+04] (1236.4 ms)
INFO:root:[1,  2500] grad_stats: [1.04e-01 1.41e-02] (0.00e+00, 3.18e+00)
INFO:root:[1,  2550/ 2562] - train_losses - Parent Class: 5.6698 - Children class: 0.5271 -Autoencoder Loss (total): 486.8575 - Reconstruction/K-Means Loss: [0.3697 / 486.4877] - Consistency Loss: [0.0000] - VICReg Loss: [13.4852][wd: 5.03e-02] [lr: 2.00e-04] [autoencoder lr: 2.29e-04][mem: 6.49e+04] (1236.6 ms)
INFO:root:[1,  2550] grad_stats: [7.05e-02 1.22e-02] (0.00e+00, 3.08e+00)
INFO:root:Asserting cache length
Process Process-1:
Traceback (most recent call last):
  File "/home/rtcalumby/miniconda3/envs/py382/lib/python3.12/multiprocessing/process.py", line 314, in _bootstrap
    self.run()
  File "/home/rtcalumby/miniconda3/envs/py382/lib/python3.12/multiprocessing/process.py", line 108, in run
    self._target(*self._args, **self._kwargs)
  File "/home/rtcalumby/adam/luciano/LifeCLEFPlant2022/DeepCluster/main_FGDCC.py", line 52, in process_main
    app_main(args=params)
  File "/home/rtcalumby/adam/luciano/LifeCLEFPlant2022/DeepCluster/engine_FGDCC.py", line 707, in main
    print('Avg no of empty clusters:', empty_clusters_per_epoch.avg)
                                                                     
UnboundLocalError: cannot access local variable 'empty_clusters_per_k_per_epoch' where it is not associated with a value
