INFO:faiss.loader:Loading faiss with AVX2 support.
INFO:faiss.loader:Successfully loaded faiss with AVX2 support.
INFO:faiss.loader:Loading faiss with AVX2 support.
INFO:faiss.loader:Successfully loaded faiss with AVX2 support.
INFO:root:called-params configs/in1k_vith14_ep300_FGDCC.yaml
INFO:root:loaded params...
{   'data': {   'batch_size': 96,
                'color_jitter_strength': 0.0,
                'crop_scale': [0.3, 1.0],
                'crop_size': 224,
                'cutmix': 0.0,
                'drop_path': 0.25,
                'image_folder': '/home/rtcalumby/adam/luciano/plantnet_300K/',
                'mixup': 0.0,
                'nb_classes': 1081,
                'num_workers': 8,
                'pin_mem': True,
                'reprob': 0.25,
                'resume_epoch': 0,
                'root_path': '/home/rtcalumby/adam/luciano/',
                'use_color_distortion': False,
                'use_gaussian_blur': False,
                'use_horizontal_flip': False},
    'logging': {   'folder': '/home/rtcalumby/adam/luciano/LifeCLEFPlant2022/logs/PlantNet300k_exp21',
                   'write_tag': 'jepa'},
    'mask': {   'allow_overlap': False,
                'aspect_ratio': [0.75, 1.5],
                'enc_mask_scale': [0.85, 1.0],
                'min_keep': 10,
                'num_enc_masks': 1,
                'num_pred_masks': 4,
                'patch_size': 14,
                'pred_mask_scale': [0.15, 0.2]},
    'meta': {   'copy_data': False,
                'load_checkpoint': True,
                'model_name': 'vit_huge',
                'pred_depth': 12,
                'pred_emb_dim': 384,
                'read_checkpoint': None,
                'use_bfloat16': True},
    'optimization': {   'ema': [0.9, 0.999],
                        'epochs': 50,
                        'final_lr': 3e-06,
                        'final_weight_decay': 0.4,
                        'ipe_scale': 1.0,
                        'label_smoothing': 0.1,
                        'lr': 0.0006,
                        'start_lr': 0.00015,
                        'warmup': 5,
                        'weight_decay': 0.05}}
INFO:root:Running... (rank: 0/1)
INFO:root:Initialized (rank/world-size) 0/1
INFO:root:MaskedAutoEncoder(
  (encoder): Sequential(
    (0): Linear(in_features=1024, out_features=768, bias=True)
    (1): GELU(approximate='none')
    (2): Linear(in_features=768, out_features=512, bias=True)
    (3): GELU(approximate='none')
    (4): Linear(in_features=512, out_features=384, bias=True)
    (5): GELU(approximate='none')
  )
  (decoder): Sequential(
    (0): Linear(in_features=384, out_features=512, bias=True)
    (1): GELU(approximate='none')
    (2): Linear(in_features=512, out_features=768, bias=True)
    (3): GELU(approximate='none')
    (4): Linear(in_features=768, out_features=1024, bias=True)
  )
)
INFO:root:making imagenet data transforms
INFO:root:making imagenet data transforms
INFO:root:Finetuning dataset created
Training dataset, length: 245952
INFO:root:Finetuning dataset created
Val dataset, length: 31200
INFO:root:Using AdamW
['encoder', 'predictor', 'opt', 'scaler', 'target_encoder', 'epoch', 'loss', 'batch_size', 'world_size', 'lr']
INFO:root:loaded pretrained encoder from epoch 66 with msg: <All keys matched successfully>
INFO:root:Using AdamW
INFO:root:VisionTransformer(
  (patch_embed): PatchEmbed(
    (proj): Conv2d(3, 1280, kernel_size=(14, 14), stride=(14, 14))
  )
  (blocks): ModuleList(
    (0-31): 32 x Block(
      (norm1): LayerNorm((1280,), eps=1e-06, elementwise_affine=True)
      (attn): Attention(
        (qkv): Linear(in_features=1280, out_features=3840, bias=True)
        (attn_drop): Dropout(p=0.0, inplace=False)
        (proj): Linear(in_features=1280, out_features=1280, bias=True)
        (proj_drop): Dropout(p=0.0, inplace=False)
      )
      (drop_path): Identity()
      (norm2): LayerNorm((1280,), eps=1e-06, elementwise_affine=True)
      (mlp): MLP(
        (fc1): Linear(in_features=1280, out_features=5120, bias=True)
        (act): GELU(approximate='none')
        (fc2): Linear(in_features=5120, out_features=1280, bias=True)
        (drop): Dropout(p=0.0, inplace=False)
      )
    )
  )
  (norm): LayerNorm((1280,), eps=1e-06, elementwise_affine=True)
)
INFO:root:Building cache...
INFO:root:Done.
INFO:root:Initializing centroids...
INFO:root:Done.
INFO:root:M - Step...
/home/rtcalumby/miniconda3/envs/py382/lib/python3.12/site-packages/faiss/contrib/torch_utils.py:51: UserWarning: TypedStorage is deprecated. It will be removed in the future and UntypedStorage will be the only storage class. This should only matter to you if you are using storages directly.  To access UntypedStorage directly, use tensor.untyped_storage() instead of tensor.storage()
  x.storage().data_ptr() + x.storage_offset() * 4)
INFO:root:Epoch 1
INFO:faiss.loader:Loading faiss with AVX2 support.
INFO:faiss.loader:Successfully loaded faiss with AVX2 support.
INFO:faiss.loader:Loading faiss with AVX2 support.
INFO:faiss.loader:Successfully loaded faiss with AVX2 support.
INFO:faiss.loader:Loading faiss with AVX2 support.
INFO:faiss.loader:Successfully loaded faiss with AVX2 support.
INFO:faiss.loader:Loading faiss with AVX2 support.
INFO:faiss.loader:Successfully loaded faiss with AVX2 support.
INFO:faiss.loader:Loading faiss with AVX2 support.
INFO:faiss.loader:Successfully loaded faiss with AVX2 support.
INFO:faiss.loader:Loading faiss with AVX2 support.
INFO:faiss.loader:Successfully loaded faiss with AVX2 support.
INFO:faiss.loader:Loading faiss with AVX2 support.
INFO:faiss.loader:Successfully loaded faiss with AVX2 support.
INFO:faiss.loader:Loading faiss with AVX2 support.
INFO:faiss.loader:Successfully loaded faiss with AVX2 support.
batch_assignment size: torch.Size([835, 4, 1])
test size: torch.Size([4, 1])
batch_assignment size: torch.Size([10, 4, 1])
test size: torch.Size([4, 1])
batch_assignment size: torch.Size([1762, 4, 1])
test size: torch.Size([4, 1])
batch_assignment size: torch.Size([2330, 4, 1])
test size: torch.Size([4, 1])
batch_assignment size: torch.Size([2739, 4, 1])
test size: torch.Size([4, 1])
batch_assignment size: torch.Size([732, 4, 1])
test size: torch.Size([4, 1])
batch_assignment size: torch.Size([622, 4, 1])
test size: torch.Size([4, 1])
batch_assignment size: torch.Size([10, 4, 1])
test size: torch.Size([4, 1])
batch_assignment size: torch.Size([3419, 4, 1])
test size: torch.Size([4, 1])
batch_assignment size: torch.Size([10, 4, 1])
test size: torch.Size([4, 1])
batch_assignment size: torch.Size([498, 4, 1])
test size: torch.Size([4, 1])
batch_assignment size: torch.Size([292, 4, 1])
test size: torch.Size([4, 1])
batch_assignment size: torch.Size([5334, 4, 1])
test size: torch.Size([4, 1])
batch_assignment size: torch.Size([1570, 4, 1])
test size: torch.Size([4, 1])
batch_assignment size: torch.Size([6140, 4, 1])
test size: torch.Size([4, 1])
batch_assignment size: torch.Size([40, 4, 1])
test size: torch.Size([4, 1])
batch_assignment size: torch.Size([198, 4, 1])
test size: torch.Size([4, 1])
batch_assignment size: torch.Size([968, 4, 1])
test size: torch.Size([4, 1])
batch_assignment size: torch.Size([1070, 4, 1])
test size: torch.Size([4, 1])
batch_assignment size: torch.Size([3183, 4, 1])
test size: torch.Size([4, 1])
batch_assignment size: torch.Size([2200, 4, 1])
test size: torch.Size([4, 1])
batch_assignment size: torch.Size([10, 4, 1])
test size: torch.Size([4, 1])
batch_assignment size: torch.Size([3183, 4, 1])
test size: torch.Size([4, 1])
batch_assignment size: torch.Size([740, 4, 1])
test size: torch.Size([4, 1])
batch_assignment size: torch.Size([1348, 4, 1])
test size: torch.Size([4, 1])
batch_assignment size: torch.Size([4285, 4, 1])
test size: torch.Size([4, 1])
batch_assignment size: torch.Size([6337, 4, 1])
test size: torch.Size([4, 1])
batch_assignment size: torch.Size([240, 4, 1])
test size: torch.Size([4, 1])
batch_assignment size: torch.Size([86, 4, 1])
test size: torch.Size([4, 1])
batch_assignment size: torch.Size([2700, 4, 1])
test size: torch.Size([4, 1])
batch_assignment size: torch.Size([5178, 4, 1])
test size: torch.Size([4, 1])
batch_assignment size: torch.Size([873, 4, 1])
test size: torch.Size([4, 1])
batch_assignment size: torch.Size([661, 4, 1])
test size: torch.Size([4, 1])
batch_assignment size: torch.Size([3388, 4, 1])
test size: torch.Size([4, 1])
batch_assignment size: torch.Size([10, 4, 1])
test size: torch.Size([4, 1])
batch_assignment size: torch.Size([1952, 4, 1])
test size: torch.Size([4, 1])
batch_assignment size: torch.Size([968, 4, 1])
test size: torch.Size([4, 1])
batch_assignment size: torch.Size([145, 4, 1])
test size: torch.Size([4, 1])
batch_assignment size: torch.Size([1181, 4, 1])
test size: torch.Size([4, 1])
batch_assignment size: torch.Size([2200, 4, 1])
test size: torch.Size([4, 1])
batch_assignment size: torch.Size([145, 4, 1])
test size: torch.Size([4, 1])
batch_assignment size: torch.Size([6337, 4, 1])
test size: torch.Size([4, 1])
batch_assignment size: torch.Size([1578, 4, 1])
test size: torch.Size([4, 1])
batch_assignment size: torch.Size([2330, 4, 1])
test size: torch.Size([4, 1])
batch_assignment size: torch.Size([65, 4, 1])
test size: torch.Size([4, 1])
batch_assignment size: torch.Size([175, 4, 1])
test size: torch.Size([4, 1])
batch_assignment size: torch.Size([10, 4, 1])
test size: torch.Size([4, 1])
batch_assignment size: torch.Size([134, 4, 1])
test size: torch.Size([4, 1])
batch_assignment size: torch.Size([5063, 4, 1])
test size: torch.Size([4, 1])
batch_assignment size: torch.Size([3353, 4, 1])
test size: torch.Size([4, 1])
batch_assignment size: torch.Size([1028, 4, 1])
test size: torch.Size([4, 1])
batch_assignment size: torch.Size([1762, 4, 1])
test size: torch.Size([4, 1])
batch_assignment size: torch.Size([7208, 4, 1])
test size: torch.Size([4, 1])
batch_assignment size: torch.Size([6140, 4, 1])
test size: torch.Size([4, 1])
batch_assignment size: torch.Size([2101, 4, 1])
test size: torch.Size([4, 1])
batch_assignment size: torch.Size([2738, 4, 1])
test size: torch.Size([4, 1])
batch_assignment size: torch.Size([40, 4, 1])
test size: torch.Size([4, 1])
batch_assignment size: torch.Size([2811, 4, 1])
test size: torch.Size([4, 1])
batch_assignment size: torch.Size([7208, 4, 1])
test size: torch.Size([4, 1])
batch_assignment size: torch.Size([1291, 4, 1])
test size: torch.Size([4, 1])
batch_assignment size: torch.Size([97, 4, 1])
test size: torch.Size([4, 1])
batch_assignment size: torch.Size([4005, 4, 1])
test size: torch.Size([4, 1])
batch_assignment size: torch.Size([1440, 4, 1])
test size: torch.Size([4, 1])
batch_assignment size: torch.Size([1685, 4, 1])
test size: torch.Size([4, 1])
batch_assignment size: torch.Size([1181, 4, 1])
test size: torch.Size([4, 1])
batch_assignment size: torch.Size([4005, 4, 1])
test size: torch.Size([4, 1])
batch_assignment size: torch.Size([187, 4, 1])
test size: torch.Size([4, 1])
batch_assignment size: torch.Size([7208, 4, 1])
test size: torch.Size([4, 1])
batch_assignment size: torch.Size([4285, 4, 1])
test size: torch.Size([4, 1])
batch_assignment size: torch.Size([4502, 4, 1])
test size: torch.Size([4, 1])
batch_assignment size: torch.Size([3419, 4, 1])
test size: torch.Size([4, 1])
batch_assignment size: torch.Size([6140, 4, 1])
test size: torch.Size([4, 1])
batch_assignment size: torch.Size([740, 4, 1])
test size: torch.Size([4, 1])
batch_assignment size: torch.Size([2738, 4, 1])
test size: torch.Size([4, 1])
batch_assignment size: torch.Size([198, 4, 1])
test size: torch.Size([4, 1])
batch_assignment size: torch.Size([1941, 4, 1])
test size: torch.Size([4, 1])
batch_assignment size: torch.Size([301, 4, 1])
test size: torch.Size([4, 1])
batch_assignment size: torch.Size([4502, 4, 1])
test size: torch.Size([4, 1])
batch_assignment size: torch.Size([2200, 4, 1])
test size: torch.Size([4, 1])
batch_assignment size: torch.Size([199, 4, 1])
test size: torch.Size([4, 1])
batch_assignment size: torch.Size([2448, 4, 1])
test size: torch.Size([4, 1])
batch_assignment size: torch.Size([68, 4, 1])
test size: torch.Size([4, 1])
batch_assignment size: torch.Size([1762, 4, 1])
test size: torch.Size([4, 1])
batch_assignment size: torch.Size([327, 4, 1])
test size: torch.Size([4, 1])
batch_assignment size: torch.Size([242, 4, 1])
test size: torch.Size([4, 1])
batch_assignment size: torch.Size([1941, 4, 1])
test size: torch.Size([4, 1])
batch_assignment size: torch.Size([677, 4, 1])
test size: torch.Size([4, 1])
batch_assignment size: torch.Size([4502, 4, 1])
test size: torch.Size([4, 1])
batch_assignment size: torch.Size([4285, 4, 1])
test size: torch.Size([4, 1])
batch_assignment size: torch.Size([327, 4, 1])
test size: torch.Size([4, 1])
batch_assignment size: torch.Size([1716, 4, 1])
test size: torch.Size([4, 1])
batch_assignment size: torch.Size([730, 4, 1])
test size: torch.Size([4, 1])
batch_assignment size: torch.Size([5178, 4, 1])
test size: torch.Size([4, 1])
batch_assignment size: torch.Size([5178, 4, 1])
test size: torch.Size([4, 1])
batch_assignment size: torch.Size([1022, 4, 1])
test size: torch.Size([4, 1])
batch_assignment size: torch.Size([1056, 4, 1])
test size: torch.Size([4, 1])
INFO:root:[1,     0/ 2562] - train_losses - Parent Class: 6.9856 - Children class: 1.6094 -Autoencoder Loss (total): 469.1575 - Reconstruction/K-Means Loss: [0.9974 / 468.1601] - Consistency Loss: [0.0000] - VICReg Loss: [24.7500][wd: 5.00e-02] [lr: 1.50e-04] [autoencoder lr: 1.00e-04][mem: 6.00e+04] (102514.3 ms)
INFO:root:[1,     0] grad_stats: [4.94e-05 3.51e-04] (0.00e+00, 1.62e-01)
slurmstepd: error: *** JOB 2834 ON hgx CANCELLED AT 2024-07-31T16:45:23 ***
