INFO:faiss.loader:Loading faiss with AVX2 support.
INFO:faiss.loader:Successfully loaded faiss with AVX2 support.
INFO:faiss.loader:Loading faiss with AVX2 support.
INFO:faiss.loader:Successfully loaded faiss with AVX2 support.
INFO:root:called-params configs/df20.yaml
INFO:root:loaded params...
{   'data': {   'batch_size': 96,
                'cache_path': '/home/rtcalumby/adam/luciano/DeepCluster/cache/df20',
                'color_jitter_strength': 0.0,
                'crop_scale': [0.3, 1.0],
                'crop_size': 224,
                'cutmix': 0.0,
                'drop_path': 0.25,
                'image_folder': '/home/rtcalumby/adam/luciano/fungi_2020/',
                'mixup': 0.0,
                'nb_classes': 1604,
                'num_workers': 16,
                'pin_mem': True,
                'reprob': 0.25,
                'resume_epoch': 0,
                'root_path': '/home/rtcalumby/adam/luciano/',
                'use_color_distortion': False,
                'use_gaussian_blur': False,
                'use_horizontal_flip': False},
    'k_means': {   'K_range': [2, 3, 4],
                   'prototype_features': True,
                   'reinitialize_centroids': 5},
    'logging': {   'folder': '/home/rtcalumby/adam/luciano/fungi_2020/logs/df20_exp1',
                   'write_tag': 'jepa'},
    'mask': {   'allow_overlap': False,
                'aspect_ratio': [0.75, 1.5],
                'enc_mask_scale': [0.85, 1.0],
                'min_keep': 10,
                'num_enc_masks': 1,
                'num_pred_masks': 4,
                'patch_size': 14,
                'pred_mask_scale': [0.15, 0.2]},
    'meta': {   'copy_data': False,
                'load_checkpoint': True,
                'model_name': 'vit_huge',
                'pred_depth': 12,
                'pred_emb_dim': 384,
                'read_checkpoint': None,
                'use_bfloat16': True},
    'optimization': {   'ema': [0.9, 0.999],
                        'epochs': 50,
                        'final_lr': 0.001,
                        'final_weight_decay': 0.4,
                        'ipe_scale': 1.0,
                        'label_smoothing': 0.1,
                        'lr': 0.01,
                        'start_lr': 0.01,
                        'warmup': 25,
                        'weight_decay': 0.05},
    'vicreg': {'alpha': 5.0, 'beta': 25.0, 'gamma': 1.0}}
INFO:root:Running... (rank: 0/1)
INFO:root:Initialized (rank/world-size) 0/1
INFO:root:making imagenet data transforms
INFO:root:making imagenet data transforms
INFO:root:Finetuning dataset created
INFO:root:PairedDataset created
Training dataset, length: 266400
INFO:root:Finetuning dataset created
Val dataset, length: 29664
INFO:root:Using AdamW
['encoder', 'predictor', 'opt', 'scaler', 'target_encoder', 'epoch', 'loss', 'batch_size', 'world_size', 'lr']
INFO:root:loaded pretrained encoder from epoch 66 with msg: <All keys matched successfully>
INFO:root:ClassificationHead(
  (dropout): Dropout(p=0.15, inplace=False)
  (classifier): Linear(in_features=1280, out_features=14436, bias=True)
)
INFO:root:Using AdamW
INFO:root:VisionTransformer(
  (patch_embed): PatchEmbed(
    (proj): Conv2d(3, 1280, kernel_size=(14, 14), stride=(14, 14))
  )
  (blocks): ModuleList(
    (0-31): 32 x Block(
      (norm1): LayerNorm((1280,), eps=1e-06, elementwise_affine=True)
      (attn): Attention(
        (qkv): Linear(in_features=1280, out_features=3840, bias=True)
        (attn_drop): Dropout(p=0.0, inplace=False)
        (proj): Linear(in_features=1280, out_features=1280, bias=True)
        (proj_drop): Dropout(p=0.0, inplace=False)
      )
      (drop_path): Identity()
      (norm2): LayerNorm((1280,), eps=1e-06, elementwise_affine=True)
      (mlp): MLP(
        (fc1): Linear(in_features=1280, out_features=5120, bias=True)
        (act): GELU(approximate='none')
        (fc2): Linear(in_features=5120, out_features=1280, bias=True)
        (drop): Dropout(p=0.0, inplace=False)
      )
    )
  )
  (norm): LayerNorm((1280,), eps=1e-06, elementwise_affine=True)
)
INFO:root:Setting up cache...
INFO:root:Loading cached features at /home/rtcalumby/adam/luciano/DeepCluster/cache/df20
INFO:root:Done...
INFO:root:Initializing centroids...
INFO:root:Update Step...
/home/rtcalumby/miniconda3/envs/py382/lib/python3.12/site-packages/faiss/contrib/torch_utils.py:51: UserWarning: TypedStorage is deprecated. It will be removed in the future and UntypedStorage will be the only storage class. This should only matter to you if you are using storages directly.  To access UntypedStorage directly, use tensor.untyped_storage() instead of tensor.storage()
  x.storage().data_ptr() + x.storage_offset() * 4)
INFO:root:Epoch 1
INFO:faiss.loader:Loading faiss with AVX2 support.
INFO:faiss.loader:Successfully loaded faiss with AVX2 support.
INFO:faiss.loader:Loading faiss with AVX2 support.
INFO:faiss.loader:Successfully loaded faiss with AVX2 support.
INFO:faiss.loader:Loading faiss with AVX2 support.
INFO:faiss.loader:Successfully loaded faiss with AVX2 support.
INFO:faiss.loader:Loading faiss with AVX2 support.
INFO:faiss.loader:Successfully loaded faiss with AVX2 support.
INFO:faiss.loader:Loading faiss with AVX2 support.
INFO:faiss.loader:Successfully loaded faiss with AVX2 support.
INFO:faiss.loader:Loading faiss with AVX2 support.
INFO:faiss.loader:Successfully loaded faiss with AVX2 support.
INFO:faiss.loader:Loading faiss with AVX2 support.
INFO:faiss.loader:Successfully loaded faiss with AVX2 support.
INFO:faiss.loader:Loading faiss with AVX2 support.
INFO:faiss.loader:Successfully loaded faiss with AVX2 support.
INFO:faiss.loader:Loading faiss with AVX2 support.
INFO:faiss.loader:Successfully loaded faiss with AVX2 support.
INFO:faiss.loader:Loading faiss with AVX2 support.
INFO:faiss.loader:Successfully loaded faiss with AVX2 support.
INFO:faiss.loader:Loading faiss with AVX2 support.
INFO:faiss.loader:Successfully loaded faiss with AVX2 support.
INFO:faiss.loader:Loading faiss with AVX2 support.
INFO:faiss.loader:Successfully loaded faiss with AVX2 support.
INFO:faiss.loader:Loading faiss with AVX2 support.
INFO:faiss.loader:Successfully loaded faiss with AVX2 support.
INFO:faiss.loader:Loading faiss with AVX2 support.
INFO:faiss.loader:Successfully loaded faiss with AVX2 support.
INFO:faiss.loader:Loading faiss with AVX2 support.
INFO:faiss.loader:Successfully loaded faiss with AVX2 support.
INFO:faiss.loader:Loading faiss with AVX2 support.
INFO:faiss.loader:Successfully loaded faiss with AVX2 support.
INFO:root:[1,     0/ 2775] - train_losses - Parent Class: 0.0000 - Children class: 9.5775 -Autoencoder Loss (total): 219.6043 - Reconstruction/K-Means Loss: [0.0000 / 219.6043] - Consistency Loss: [0.0000] - VICReg Loss: [24.9700][wd: 5.00e-02] [lr: 1.00e-02] [autoencoder lr: 0.00e+00][mem: 6.12e+04] (3978.2 ms)
INFO:root:[1,     0] grad_stats: [1.43e+00 8.22e+00] (8.64e-01, 3.70e+01)
INFO:root:[1,    50/ 2775] - train_losses - Parent Class: 0.0000 - Children class: 10.8369 -Autoencoder Loss (total): 1059.5359 - Reconstruction/K-Means Loss: [0.0000 / 1059.5359] - Consistency Loss: [0.0000] - VICReg Loss: [24.0936][wd: 5.00e-02] [lr: 1.00e-02] [autoencoder lr: 0.00e+00][mem: 6.62e+04] (1457.2 ms)
INFO:root:[1,    50] grad_stats: [8.69e-03 8.36e-04] (6.94e-05, 4.23e+00)
INFO:root:[1,   100/ 2775] - train_losses - Parent Class: 0.0000 - Children class: 10.0146 -Autoencoder Loss (total): 1217.6423 - Reconstruction/K-Means Loss: [0.0000 / 1217.6423] - Consistency Loss: [0.0000] - VICReg Loss: [23.8890][wd: 5.00e-02] [lr: 1.00e-02] [autoencoder lr: 0.00e+00][mem: 6.62e+04] (1419.4 ms)
INFO:root:[1,   100] grad_stats: [3.64e-02 5.94e-04] (7.07e-05, 4.03e+00)
INFO:root:[1,   150/ 2775] - train_losses - Parent Class: 0.0000 - Children class: 9.6061 -Autoencoder Loss (total): 1289.3728 - Reconstruction/K-Means Loss: [0.0000 / 1289.3728] - Consistency Loss: [0.0000] - VICReg Loss: [23.8486][wd: 5.00e-02] [lr: 1.00e-02] [autoencoder lr: 0.00e+00][mem: 6.62e+04] (1407.1 ms)
INFO:root:[1,   150] grad_stats: [4.35e-03 4.17e-04] (4.33e-05, 3.78e+00)
INFO:root:[1,   200/ 2775] - train_losses - Parent Class: 0.0000 - Children class: 9.3584 -Autoencoder Loss (total): 1329.1325 - Reconstruction/K-Means Loss: [0.0000 / 1329.1325] - Consistency Loss: [0.0000] - VICReg Loss: [23.8391][wd: 5.00e-02] [lr: 1.00e-02] [autoencoder lr: 0.00e+00][mem: 6.62e+04] (1401.7 ms)
INFO:root:[1,   200] grad_stats: [2.89e-02 7.28e-04] (4.15e-05, 3.99e+00)
INFO:root:[1,   250/ 2775] - train_losses - Parent Class: 0.0000 - Children class: 9.1836 -Autoencoder Loss (total): 1352.2265 - Reconstruction/K-Means Loss: [0.0000 / 1352.2265] - Consistency Loss: [0.0000] - VICReg Loss: [23.8501][wd: 5.00e-02] [lr: 1.00e-02] [autoencoder lr: 0.00e+00][mem: 6.62e+04] (1398.9 ms)
INFO:root:[1,   250] grad_stats: [2.60e-02 3.08e-04] (4.10e-05, 3.61e+00)
INFO:root:[1,   300/ 2775] - train_losses - Parent Class: 0.0000 - Children class: 9.0564 -Autoencoder Loss (total): 1372.3609 - Reconstruction/K-Means Loss: [0.0000 / 1372.3609] - Consistency Loss: [0.0000] - VICReg Loss: [23.8664][wd: 5.00e-02] [lr: 1.00e-02] [autoencoder lr: 0.00e+00][mem: 6.62e+04] (1397.4 ms)
INFO:root:[1,   300] grad_stats: [4.44e-02 3.51e-04] (9.97e-05, 4.02e+00)
INFO:root:[1,   350/ 2775] - train_losses - Parent Class: 0.0000 - Children class: 8.9577 -Autoencoder Loss (total): 1384.2508 - Reconstruction/K-Means Loss: [0.0000 / 1384.2508] - Consistency Loss: [0.0000] - VICReg Loss: [23.9015][wd: 5.00e-02] [lr: 1.00e-02] [autoencoder lr: 0.00e+00][mem: 6.62e+04] (1396.5 ms)
INFO:root:[1,   350] grad_stats: [1.58e-02 2.04e-04] (3.28e-05, 3.85e+00)
INFO:root:[1,   400/ 2775] - train_losses - Parent Class: 0.0000 - Children class: 8.8792 -Autoencoder Loss (total): 1393.9291 - Reconstruction/K-Means Loss: [0.0000 / 1393.9291] - Consistency Loss: [0.0000] - VICReg Loss: [23.9332][wd: 5.00e-02] [lr: 1.00e-02] [autoencoder lr: 0.00e+00][mem: 6.62e+04] (1396.1 ms)
INFO:root:[1,   400] grad_stats: [1.21e+01 1.76e-04] (2.58e-05, 1.16e+02)
INFO:root:[1,   450/ 2775] - train_losses - Parent Class: 0.0000 - Children class: 8.8125 -Autoencoder Loss (total): 1400.6676 - Reconstruction/K-Means Loss: [0.0000 / 1400.6676] - Consistency Loss: [0.0000] - VICReg Loss: [23.9549][wd: 5.00e-02] [lr: 1.00e-02] [autoencoder lr: 0.00e+00][mem: 6.62e+04] (1396.0 ms)
INFO:root:[1,   450] grad_stats: [1.73e-02 3.29e-04] (1.38e-05, 4.04e+00)
INFO:root:[1,   500/ 2775] - train_losses - Parent Class: 0.0000 - Children class: 8.7574 -Autoencoder Loss (total): 1406.6540 - Reconstruction/K-Means Loss: [0.0000 / 1406.6540] - Consistency Loss: [0.0000] - VICReg Loss: [23.9753][wd: 5.00e-02] [lr: 1.00e-02] [autoencoder lr: 0.00e+00][mem: 6.62e+04] (1396.2 ms)
INFO:root:[1,   500] grad_stats: [2.16e-02 1.69e-04] (1.57e-05, 3.93e+00)
INFO:root:[1,   550/ 2775] - train_losses - Parent Class: 0.0000 - Children class: 8.7071 -Autoencoder Loss (total): 1410.8153 - Reconstruction/K-Means Loss: [0.0000 / 1410.8153] - Consistency Loss: [0.0000] - VICReg Loss: [23.9922][wd: 5.00e-02] [lr: 1.00e-02] [autoencoder lr: 0.00e+00][mem: 6.62e+04] (1396.6 ms)
INFO:root:[1,   550] grad_stats: [2.58e-02 2.10e-04] (8.86e-06, 3.97e+00)
INFO:root:[1,   600/ 2775] - train_losses - Parent Class: 0.0000 - Children class: 8.6678 -Autoencoder Loss (total): 1415.7931 - Reconstruction/K-Means Loss: [0.0000 / 1415.7931] - Consistency Loss: [0.0000] - VICReg Loss: [24.0039][wd: 5.00e-02] [lr: 1.00e-02] [autoencoder lr: 0.00e+00][mem: 6.62e+04] (1396.9 ms)
INFO:root:[1,   600] grad_stats: [3.60e-02 7.65e-05] (8.05e-06, 3.72e+00)
INFO:root:[1,   650/ 2775] - train_losses - Parent Class: 0.0000 - Children class: 8.6337 -Autoencoder Loss (total): 1419.9387 - Reconstruction/K-Means Loss: [0.0000 / 1419.9387] - Consistency Loss: [0.0000] - VICReg Loss: [24.0158][wd: 5.00e-02] [lr: 1.00e-02] [autoencoder lr: 0.00e+00][mem: 6.62e+04] (1397.2 ms)
INFO:root:[1,   650] grad_stats: [8.70e-02 1.67e-04] (1.40e-05, 3.60e+00)
INFO:root:[1,   700/ 2775] - train_losses - Parent Class: 0.0000 - Children class: 8.6035 -Autoencoder Loss (total): 1421.8738 - Reconstruction/K-Means Loss: [0.0000 / 1421.8738] - Consistency Loss: [0.0000] - VICReg Loss: [24.0283][wd: 5.00e-02] [lr: 1.00e-02] [autoencoder lr: 0.00e+00][mem: 6.62e+04] (1397.7 ms)
INFO:root:[1,   700] grad_stats: [9.73e-03 1.27e-04] (1.06e-05, 3.76e+00)
INFO:root:[1,   750/ 2775] - train_losses - Parent Class: 0.0000 - Children class: 8.5734 -Autoencoder Loss (total): 1424.5600 - Reconstruction/K-Means Loss: [0.0000 / 1424.5600] - Consistency Loss: [0.0000] - VICReg Loss: [24.0408][wd: 5.00e-02] [lr: 1.00e-02] [autoencoder lr: 0.00e+00][mem: 6.62e+04] (1398.2 ms)
INFO:root:[1,   750] grad_stats: [2.72e-02 7.44e-05] (9.62e-06, 3.76e+00)
INFO:root:[1,   800/ 2775] - train_losses - Parent Class: 0.0000 - Children class: 8.5495 -Autoencoder Loss (total): 1427.4487 - Reconstruction/K-Means Loss: [0.0000 / 1427.4487] - Consistency Loss: [0.0000] - VICReg Loss: [24.0511][wd: 5.00e-02] [lr: 1.00e-02] [autoencoder lr: 0.00e+00][mem: 6.62e+04] (1398.7 ms)
INFO:root:[1,   800] grad_stats: [8.28e-03 7.00e-05] (1.34e-05, 3.90e+00)
INFO:root:[1,   850/ 2775] - train_losses - Parent Class: 0.0000 - Children class: 8.5272 -Autoencoder Loss (total): 1430.0094 - Reconstruction/K-Means Loss: [0.0000 / 1430.0094] - Consistency Loss: [0.0000] - VICReg Loss: [24.0609][wd: 5.00e-02] [lr: 1.00e-02] [autoencoder lr: 0.00e+00][mem: 6.62e+04] (1399.3 ms)
INFO:root:[1,   850] grad_stats: [1.51e-02 1.40e-04] (1.70e-05, 3.73e+00)
INFO:root:[1,   900/ 2775] - train_losses - Parent Class: 0.0000 - Children class: 8.5025 -Autoencoder Loss (total): 1431.4767 - Reconstruction/K-Means Loss: [0.0000 / 1431.4767] - Consistency Loss: [0.0000] - VICReg Loss: [24.0692][wd: 5.00e-02] [lr: 1.00e-02] [autoencoder lr: 0.00e+00][mem: 6.62e+04] (1400.1 ms)
INFO:root:[1,   900] grad_stats: [8.82e-03 1.01e-04] (1.21e-05, 4.06e+00)
INFO:root:[1,   950/ 2775] - train_losses - Parent Class: 0.0000 - Children class: 8.4819 -Autoencoder Loss (total): 1433.1583 - Reconstruction/K-Means Loss: [0.0000 / 1433.1583] - Consistency Loss: [0.0000] - VICReg Loss: [24.0772][wd: 5.00e-02] [lr: 1.00e-02] [autoencoder lr: 0.00e+00][mem: 6.62e+04] (1400.9 ms)
INFO:root:[1,   950] grad_stats: [4.47e-02 1.40e-04] (8.61e-06, 3.83e+00)
INFO:root:[1,  1000/ 2775] - train_losses - Parent Class: 0.0000 - Children class: 8.4634 -Autoencoder Loss (total): 1434.0735 - Reconstruction/K-Means Loss: [0.0000 / 1434.0735] - Consistency Loss: [0.0000] - VICReg Loss: [24.0847][wd: 5.00e-02] [lr: 1.00e-02] [autoencoder lr: 0.00e+00][mem: 6.62e+04] (1401.6 ms)
INFO:root:[1,  1000] grad_stats: [5.53e-03 7.19e-05] (6.60e-06, 3.72e+00)
INFO:root:[1,  1050/ 2775] - train_losses - Parent Class: 0.0000 - Children class: 8.4475 -Autoencoder Loss (total): 1435.2513 - Reconstruction/K-Means Loss: [0.0000 / 1435.2513] - Consistency Loss: [0.0000] - VICReg Loss: [24.0929][wd: 5.00e-02] [lr: 1.00e-02] [autoencoder lr: 0.00e+00][mem: 6.62e+04] (1402.4 ms)
INFO:root:[1,  1050] grad_stats: [2.31e-03 7.38e-05] (5.29e-06, 3.83e+00)
/home/rtcalumby/miniconda3/envs/py382/lib/python3.12/site-packages/PIL/Image.py:3218: DecompressionBombWarning: Image size (108000000 pixels) exceeds limit of 89478485 pixels, could be decompression bomb DOS attack.
  warnings.warn(
INFO:root:[1,  1100/ 2775] - train_losses - Parent Class: 0.0000 - Children class: 8.4318 -Autoencoder Loss (total): 1436.2064 - Reconstruction/K-Means Loss: [0.0000 / 1436.2064] - Consistency Loss: [0.0000] - VICReg Loss: [24.1003][wd: 5.01e-02] [lr: 1.00e-02] [autoencoder lr: 0.00e+00][mem: 6.62e+04] (1403.0 ms)
INFO:root:[1,  1100] grad_stats: [2.24e-03 4.53e-05] (9.69e-06, 3.62e+00)
INFO:root:[1,  1150/ 2775] - train_losses - Parent Class: 0.0000 - Children class: 8.4165 -Autoencoder Loss (total): 1437.1506 - Reconstruction/K-Means Loss: [0.0000 / 1437.1506] - Consistency Loss: [0.0000] - VICReg Loss: [24.1075][wd: 5.01e-02] [lr: 1.00e-02] [autoencoder lr: 0.00e+00][mem: 6.62e+04] (1403.9 ms)
INFO:root:[1,  1150] grad_stats: [2.92e-03 9.27e-05] (4.12e-06, 3.76e+00)
INFO:root:[1,  1200/ 2775] - train_losses - Parent Class: 0.0000 - Children class: 8.4022 -Autoencoder Loss (total): 1437.8006 - Reconstruction/K-Means Loss: [0.0000 / 1437.8006] - Consistency Loss: [0.0000] - VICReg Loss: [24.1142][wd: 5.01e-02] [lr: 1.00e-02] [autoencoder lr: 0.00e+00][mem: 6.62e+04] (1404.6 ms)
INFO:root:[1,  1200] grad_stats: [7.35e-03 1.05e-04] (8.47e-06, 3.81e+00)
INFO:root:[1,  1250/ 2775] - train_losses - Parent Class: 0.0000 - Children class: 8.3899 -Autoencoder Loss (total): 1438.4617 - Reconstruction/K-Means Loss: [0.0000 / 1438.4617] - Consistency Loss: [0.0000] - VICReg Loss: [24.1221][wd: 5.01e-02] [lr: 1.00e-02] [autoencoder lr: 0.00e+00][mem: 6.62e+04] (1405.5 ms)
INFO:root:[1,  1250] grad_stats: [8.92e-03 6.81e-05] (1.54e-05, 3.74e+00)
INFO:root:[1,  1300/ 2775] - train_losses - Parent Class: 0.0000 - Children class: 8.3775 -Autoencoder Loss (total): 1438.7712 - Reconstruction/K-Means Loss: [0.0000 / 1438.7712] - Consistency Loss: [0.0000] - VICReg Loss: [24.1295][wd: 5.01e-02] [lr: 1.00e-02] [autoencoder lr: 0.00e+00][mem: 6.62e+04] (1406.3 ms)
INFO:root:[1,  1300] grad_stats: [3.64e-01 6.23e-05] (7.95e-06, 3.74e+00)
INFO:root:[1,  1350/ 2775] - train_losses - Parent Class: 0.0000 - Children class: 8.3676 -Autoencoder Loss (total): 1439.4779 - Reconstruction/K-Means Loss: [0.0000 / 1439.4779] - Consistency Loss: [0.0000] - VICReg Loss: [24.1390][wd: 5.01e-02] [lr: 1.00e-02] [autoencoder lr: 0.00e+00][mem: 6.62e+04] (1407.1 ms)
INFO:root:[1,  1350] grad_stats: [8.46e-03 6.95e-05] (1.05e-05, 3.81e+00)
INFO:root:[1,  1400/ 2775] - train_losses - Parent Class: 0.0000 - Children class: 8.3558 -Autoencoder Loss (total): 1440.5070 - Reconstruction/K-Means Loss: [0.0000 / 1440.5070] - Consistency Loss: [0.0000] - VICReg Loss: [24.1498][wd: 5.01e-02] [lr: 1.00e-02] [autoencoder lr: 0.00e+00][mem: 6.62e+04] (1407.8 ms)
INFO:root:[1,  1400] grad_stats: [9.99e-03 4.65e-05] (8.69e-06, 3.74e+00)
INFO:root:[1,  1450/ 2775] - train_losses - Parent Class: 0.0000 - Children class: 8.3453 -Autoencoder Loss (total): 1441.4798 - Reconstruction/K-Means Loss: [0.0000 / 1441.4798] - Consistency Loss: [0.0000] - VICReg Loss: [24.1592][wd: 5.01e-02] [lr: 1.00e-02] [autoencoder lr: 0.00e+00][mem: 6.62e+04] (1408.6 ms)
INFO:root:[1,  1450] grad_stats: [3.35e-01 7.52e-05] (8.02e-06, 3.80e+00)
INFO:root:[1,  1500/ 2775] - train_losses - Parent Class: 0.0000 - Children class: 8.3351 -Autoencoder Loss (total): 1442.1022 - Reconstruction/K-Means Loss: [0.0000 / 1442.1022] - Consistency Loss: [0.0000] - VICReg Loss: [24.1686][wd: 5.01e-02] [lr: 1.00e-02] [autoencoder lr: 0.00e+00][mem: 6.62e+04] (1409.3 ms)
INFO:root:[1,  1500] grad_stats: [3.29e-03 2.35e-05] (2.32e-06, 3.71e+00)
INFO:root:[1,  1550/ 2775] - train_losses - Parent Class: 0.0000 - Children class: 8.3260 -Autoencoder Loss (total): 1442.3256 - Reconstruction/K-Means Loss: [0.0000 / 1442.3256] - Consistency Loss: [0.0000] - VICReg Loss: [24.1747][wd: 5.01e-02] [lr: 1.00e-02] [autoencoder lr: 0.00e+00][mem: 6.62e+04] (1410.0 ms)
INFO:root:[1,  1550] grad_stats: [1.83e-02 1.96e-05] (4.10e-06, 3.83e+00)
INFO:root:[1,  1600/ 2775] - train_losses - Parent Class: 0.0000 - Children class: 8.3179 -Autoencoder Loss (total): 1442.8098 - Reconstruction/K-Means Loss: [0.0000 / 1442.8098] - Consistency Loss: [0.0000] - VICReg Loss: [24.1811][wd: 5.01e-02] [lr: 1.00e-02] [autoencoder lr: 0.00e+00][mem: 6.62e+04] (1410.7 ms)
INFO:root:[1,  1600] grad_stats: [4.82e-03 4.81e-05] (5.00e-06, 3.68e+00)
INFO:root:[1,  1650/ 2775] - train_losses - Parent Class: 0.0000 - Children class: 8.3087 -Autoencoder Loss (total): 1443.3861 - Reconstruction/K-Means Loss: [0.0000 / 1443.3861] - Consistency Loss: [0.0000] - VICReg Loss: [24.1864][wd: 5.01e-02] [lr: 1.00e-02] [autoencoder lr: 0.00e+00][mem: 6.62e+04] (1411.5 ms)
INFO:root:[1,  1650] grad_stats: [2.10e-03 2.98e-05] (4.25e-06, 3.57e+00)
INFO:root:[1,  1700/ 2775] - train_losses - Parent Class: 0.0000 - Children class: 8.3009 -Autoencoder Loss (total): 1444.1873 - Reconstruction/K-Means Loss: [0.0000 / 1444.1873] - Consistency Loss: [0.0000] - VICReg Loss: [24.1913][wd: 5.01e-02] [lr: 1.00e-02] [autoencoder lr: 0.00e+00][mem: 6.62e+04] (1412.2 ms)
INFO:root:[1,  1700] grad_stats: [8.13e-03 3.55e-05] (4.34e-06, 3.72e+00)
INFO:root:[1,  1750/ 2775] - train_losses - Parent Class: 0.0000 - Children class: 8.2944 -Autoencoder Loss (total): 1445.0039 - Reconstruction/K-Means Loss: [0.0000 / 1445.0039] - Consistency Loss: [0.0000] - VICReg Loss: [24.1969][wd: 5.01e-02] [lr: 1.00e-02] [autoencoder lr: 0.00e+00][mem: 6.62e+04] (1412.9 ms)
INFO:root:[1,  1750] grad_stats: [6.16e-03 1.89e-05] (3.90e-06, 3.78e+00)
INFO:root:[1,  1800/ 2775] - train_losses - Parent Class: 0.0000 - Children class: 8.2876 -Autoencoder Loss (total): 1445.4215 - Reconstruction/K-Means Loss: [0.0000 / 1445.4215] - Consistency Loss: [0.0000] - VICReg Loss: [24.2010][wd: 5.01e-02] [lr: 1.00e-02] [autoencoder lr: 0.00e+00][mem: 6.62e+04] (1413.7 ms)
INFO:root:[1,  1800] grad_stats: [7.40e-03 2.42e-05] (1.23e-05, 3.68e+00)
INFO:root:[1,  1850/ 2775] - train_losses - Parent Class: 0.0000 - Children class: 8.2815 -Autoencoder Loss (total): 1446.1695 - Reconstruction/K-Means Loss: [0.0000 / 1446.1695] - Consistency Loss: [0.0000] - VICReg Loss: [24.2057][wd: 5.02e-02] [lr: 1.00e-02] [autoencoder lr: 0.00e+00][mem: 6.62e+04] (1414.6 ms)
INFO:root:[1,  1850] grad_stats: [6.44e-03 3.58e-05] (2.61e-06, 3.92e+00)
INFO:root:[1,  1900/ 2775] - train_losses - Parent Class: 0.0000 - Children class: 8.2750 -Autoencoder Loss (total): 1446.7772 - Reconstruction/K-Means Loss: [0.0000 / 1446.7772] - Consistency Loss: [0.0000] - VICReg Loss: [24.2101][wd: 5.02e-02] [lr: 1.00e-02] [autoencoder lr: 0.00e+00][mem: 6.62e+04] (1415.4 ms)
INFO:root:[1,  1900] grad_stats: [1.22e-02 3.30e-05] (3.94e-06, 3.68e+00)
INFO:root:[1,  1950/ 2775] - train_losses - Parent Class: 0.0000 - Children class: 8.2688 -Autoencoder Loss (total): 1447.2793 - Reconstruction/K-Means Loss: [0.0000 / 1447.2793] - Consistency Loss: [0.0000] - VICReg Loss: [24.2148][wd: 5.02e-02] [lr: 1.00e-02] [autoencoder lr: 0.00e+00][mem: 6.62e+04] (1416.3 ms)
INFO:root:[1,  1950] grad_stats: [3.04e-03 1.51e-05] (4.07e-06, 3.78e+00)
INFO:root:[1,  2000/ 2775] - train_losses - Parent Class: 0.0000 - Children class: 8.2635 -Autoencoder Loss (total): 1447.7972 - Reconstruction/K-Means Loss: [0.0000 / 1447.7972] - Consistency Loss: [0.0000] - VICReg Loss: [24.2194][wd: 5.02e-02] [lr: 1.00e-02] [autoencoder lr: 0.00e+00][mem: 6.62e+04] (1417.1 ms)
INFO:root:[1,  2000] grad_stats: [1.46e-02 2.67e-05] (2.98e-06, 3.75e+00)
INFO:root:[1,  2050/ 2775] - train_losses - Parent Class: 0.0000 - Children class: 8.2584 -Autoencoder Loss (total): 1447.9846 - Reconstruction/K-Means Loss: [0.0000 / 1447.9846] - Consistency Loss: [0.0000] - VICReg Loss: [24.2239][wd: 5.02e-02] [lr: 1.00e-02] [autoencoder lr: 0.00e+00][mem: 6.62e+04] (1417.9 ms)
INFO:root:[1,  2050] grad_stats: [4.78e-03 3.23e-05] (3.01e-06, 4.02e+00)
/home/rtcalumby/miniconda3/envs/py382/lib/python3.12/site-packages/PIL/Image.py:3218: DecompressionBombWarning: Image size (108000000 pixels) exceeds limit of 89478485 pixels, could be decompression bomb DOS attack.
  warnings.warn(
INFO:root:[1,  2100/ 2775] - train_losses - Parent Class: 0.0000 - Children class: 8.2535 -Autoencoder Loss (total): 1448.4461 - Reconstruction/K-Means Loss: [0.0000 / 1448.4461] - Consistency Loss: [0.0000] - VICReg Loss: [24.2287][wd: 5.02e-02] [lr: 1.00e-02] [autoencoder lr: 0.00e+00][mem: 6.62e+04] (1418.7 ms)
INFO:root:[1,  2100] grad_stats: [4.78e-03 2.16e-05] (5.69e-06, 3.66e+00)
INFO:root:[1,  2150/ 2775] - train_losses - Parent Class: 0.0000 - Children class: 8.2488 -Autoencoder Loss (total): 1448.8711 - Reconstruction/K-Means Loss: [0.0000 / 1448.8711] - Consistency Loss: [0.0000] - VICReg Loss: [24.2327][wd: 5.02e-02] [lr: 1.00e-02] [autoencoder lr: 0.00e+00][mem: 6.62e+04] (1419.5 ms)
INFO:root:[1,  2150] grad_stats: [4.60e-03 1.79e-05] (2.52e-06, 3.95e+00)
INFO:root:[1,  2200/ 2775] - train_losses - Parent Class: 0.0000 - Children class: 8.2434 -Autoencoder Loss (total): 1449.3899 - Reconstruction/K-Means Loss: [0.0000 / 1449.3899] - Consistency Loss: [0.0000] - VICReg Loss: [24.2372][wd: 5.02e-02] [lr: 1.00e-02] [autoencoder lr: 0.00e+00][mem: 6.62e+04] (1420.3 ms)
INFO:root:[1,  2200] grad_stats: [1.06e-03 1.22e-05] (5.88e-06, 3.66e+00)
INFO:root:[1,  2250/ 2775] - train_losses - Parent Class: 0.0000 - Children class: 8.2387 -Autoencoder Loss (total): 1449.6671 - Reconstruction/K-Means Loss: [0.0000 / 1449.6671] - Consistency Loss: [0.0000] - VICReg Loss: [24.2412][wd: 5.02e-02] [lr: 1.00e-02] [autoencoder lr: 0.00e+00][mem: 6.62e+04] (1421.1 ms)
INFO:root:[1,  2250] grad_stats: [9.10e-03 2.46e-05] (4.36e-06, 3.89e+00)
INFO:root:[1,  2300/ 2775] - train_losses - Parent Class: 0.0000 - Children class: 8.2342 -Autoencoder Loss (total): 1450.2678 - Reconstruction/K-Means Loss: [0.0000 / 1450.2678] - Consistency Loss: [0.0000] - VICReg Loss: [24.2454][wd: 5.02e-02] [lr: 1.00e-02] [autoencoder lr: 0.00e+00][mem: 6.62e+04] (1422.0 ms)
INFO:root:[1,  2300] grad_stats: [2.98e-03 2.02e-05] (4.10e-06, 3.68e+00)
INFO:root:[1,  2350/ 2775] - train_losses - Parent Class: 0.0000 - Children class: 8.2298 -Autoencoder Loss (total): 1450.9064 - Reconstruction/K-Means Loss: [0.0000 / 1450.9064] - Consistency Loss: [0.0000] - VICReg Loss: [24.2495][wd: 5.02e-02] [lr: 1.00e-02] [autoencoder lr: 0.00e+00][mem: 6.62e+04] (1422.8 ms)
INFO:root:[1,  2350] grad_stats: [1.64e-03 1.86e-05] (1.97e-06, 3.60e+00)
INFO:root:[1,  2400/ 2775] - train_losses - Parent Class: 0.0000 - Children class: 8.2260 -Autoencoder Loss (total): 1451.1493 - Reconstruction/K-Means Loss: [0.0000 / 1451.1493] - Consistency Loss: [0.0000] - VICReg Loss: [24.2540][wd: 5.03e-02] [lr: 1.00e-02] [autoencoder lr: 0.00e+00][mem: 6.62e+04] (1423.7 ms)
INFO:root:[1,  2400] grad_stats: [2.77e-03 1.80e-05] (3.11e-06, 3.71e+00)
INFO:root:[1,  2450/ 2775] - train_losses - Parent Class: 0.0000 - Children class: 8.2218 -Autoencoder Loss (total): 1451.1387 - Reconstruction/K-Means Loss: [0.0000 / 1451.1387] - Consistency Loss: [0.0000] - VICReg Loss: [24.2574][wd: 5.03e-02] [lr: 1.00e-02] [autoencoder lr: 0.00e+00][mem: 6.62e+04] (1424.5 ms)
INFO:root:[1,  2450] grad_stats: [3.56e-03 1.60e-05] (4.18e-06, 3.58e+00)
INFO:root:[1,  2500/ 2775] - train_losses - Parent Class: 0.0000 - Children class: 8.2173 -Autoencoder Loss (total): 1451.4723 - Reconstruction/K-Means Loss: [0.0000 / 1451.4723] - Consistency Loss: [0.0000] - VICReg Loss: [24.2615][wd: 5.03e-02] [lr: 1.00e-02] [autoencoder lr: 0.00e+00][mem: 6.62e+04] (1425.5 ms)
INFO:root:[1,  2500] grad_stats: [3.75e-03 1.02e-05] (4.41e-06, 3.73e+00)
INFO:root:[1,  2550/ 2775] - train_losses - Parent Class: 0.0000 - Children class: 8.2137 -Autoencoder Loss (total): 1451.6890 - Reconstruction/K-Means Loss: [0.0000 / 1451.6890] - Consistency Loss: [0.0000] - VICReg Loss: [24.2655][wd: 5.03e-02] [lr: 1.00e-02] [autoencoder lr: 0.00e+00][mem: 6.62e+04] (1426.3 ms)
INFO:root:[1,  2550] grad_stats: [8.63e-04 1.55e-05] (4.58e-06, 3.85e+00)
INFO:root:[1,  2600/ 2775] - train_losses - Parent Class: 0.0000 - Children class: 8.2104 -Autoencoder Loss (total): 1452.0988 - Reconstruction/K-Means Loss: [0.0000 / 1452.0988] - Consistency Loss: [0.0000] - VICReg Loss: [24.2693][wd: 5.03e-02] [lr: 1.00e-02] [autoencoder lr: 0.00e+00][mem: 6.62e+04] (1427.2 ms)
INFO:root:[1,  2600] grad_stats: [2.96e-03 1.16e-05] (4.83e-06, 3.65e+00)
INFO:root:[1,  2650/ 2775] - train_losses - Parent Class: 0.0000 - Children class: 8.2073 -Autoencoder Loss (total): 1452.4480 - Reconstruction/K-Means Loss: [0.0000 / 1452.4480] - Consistency Loss: [0.0000] - VICReg Loss: [24.2729][wd: 5.03e-02] [lr: 1.00e-02] [autoencoder lr: 0.00e+00][mem: 6.62e+04] (1428.0 ms)
INFO:root:[1,  2650] grad_stats: [2.03e-03 1.71e-05] (5.20e-06, 3.73e+00)
INFO:root:[1,  2700/ 2775] - train_losses - Parent Class: 0.0000 - Children class: 8.2040 -Autoencoder Loss (total): 1452.7222 - Reconstruction/K-Means Loss: [0.0000 / 1452.7222] - Consistency Loss: [0.0000] - VICReg Loss: [24.2768][wd: 5.03e-02] [lr: 1.00e-02] [autoencoder lr: 0.00e+00][mem: 6.62e+04] (1428.9 ms)
INFO:root:[1,  2700] grad_stats: [5.83e-04 9.97e-06] (3.95e-06, 3.98e+00)
INFO:root:[1,  2750/ 2775] - train_losses - Parent Class: 0.0000 - Children class: 8.2000 -Autoencoder Loss (total): 1452.9898 - Reconstruction/K-Means Loss: [0.0000 / 1452.9898] - Consistency Loss: [0.0000] - VICReg Loss: [24.2803][wd: 5.03e-02] [lr: 1.00e-02] [autoencoder lr: 0.00e+00][mem: 6.62e+04] (1429.8 ms)
INFO:root:[1,  2750] grad_stats: [1.88e-03 7.09e-06] (4.74e-06, 3.78e+00)
INFO:root:Asserting cache length
Avg no of empty clusters: 20.607142857142858
INFO:faiss.loader:Loading faiss with AVX2 support.
INFO:faiss.loader:Successfully loaded faiss with AVX2 support.
INFO:faiss.loader:Loading faiss with AVX2 support.
INFO:faiss.loader:Successfully loaded faiss with AVX2 support.
INFO:faiss.loader:Loading faiss with AVX2 support.
INFO:faiss.loader:Successfully loaded faiss with AVX2 support.
INFO:faiss.loader:Loading faiss with AVX2 support.
INFO:faiss.loader:Successfully loaded faiss with AVX2 support.
INFO:faiss.loader:Loading faiss with AVX2 support.
INFO:faiss.loader:Successfully loaded faiss with AVX2 support.
INFO:faiss.loader:Loading faiss with AVX2 support.
INFO:faiss.loader:Successfully loaded faiss with AVX2 support.
INFO:faiss.loader:Loading faiss with AVX2 support.
INFO:faiss.loader:Successfully loaded faiss with AVX2 support.
INFO:faiss.loader:Loading faiss with AVX2 support.
INFO:faiss.loader:Successfully loaded faiss with AVX2 support.
INFO:faiss.loader:Loading faiss with AVX2 support.
INFO:faiss.loader:Successfully loaded faiss with AVX2 support.
INFO:faiss.loader:Loading faiss with AVX2 support.
INFO:faiss.loader:Successfully loaded faiss with AVX2 support.
INFO:faiss.loader:Loading faiss with AVX2 support.
INFO:faiss.loader:Successfully loaded faiss with AVX2 support.
INFO:faiss.loader:Loading faiss with AVX2 support.
INFO:faiss.loader:Successfully loaded faiss with AVX2 support.
INFO:faiss.loader:Loading faiss with AVX2 support.
INFO:faiss.loader:Successfully loaded faiss with AVX2 support.
INFO:faiss.loader:Loading faiss with AVX2 support.
INFO:faiss.loader:Successfully loaded faiss with AVX2 support.
INFO:faiss.loader:Loading faiss with AVX2 support.
INFO:faiss.loader:Successfully loaded faiss with AVX2 support.
INFO:faiss.loader:Loading faiss with AVX2 support.
INFO:faiss.loader:Successfully loaded faiss with AVX2 support.
INFO:root:avg. train_loss 32.481
INFO:root:avg. test_loss 0.000 avg. Accuracy@1 0.108 - avg. Accuracy@5 0.000
INFO:root:Loss 32.6419
INFO:root:Epoch 2
INFO:faiss.loader:Loading faiss with AVX2 support.
INFO:faiss.loader:Successfully loaded faiss with AVX2 support.
INFO:faiss.loader:Loading faiss with AVX2 support.
INFO:faiss.loader:Successfully loaded faiss with AVX2 support.
INFO:faiss.loader:Loading faiss with AVX2 support.
INFO:faiss.loader:Successfully loaded faiss with AVX2 support.
INFO:faiss.loader:Loading faiss with AVX2 support.
INFO:faiss.loader:Successfully loaded faiss with AVX2 support.
INFO:faiss.loader:Loading faiss with AVX2 support.
INFO:faiss.loader:Successfully loaded faiss with AVX2 support.
INFO:faiss.loader:Loading faiss with AVX2 support.
INFO:faiss.loader:Successfully loaded faiss with AVX2 support.
INFO:faiss.loader:Loading faiss with AVX2 support.
INFO:faiss.loader:Successfully loaded faiss with AVX2 support.
INFO:faiss.loader:Loading faiss with AVX2 support.
INFO:faiss.loader:Successfully loaded faiss with AVX2 support.
INFO:faiss.loader:Loading faiss with AVX2 support.
INFO:faiss.loader:Successfully loaded faiss with AVX2 support.
INFO:faiss.loader:Loading faiss with AVX2 support.
INFO:faiss.loader:Successfully loaded faiss with AVX2 support.
INFO:faiss.loader:Loading faiss with AVX2 support.
INFO:faiss.loader:Successfully loaded faiss with AVX2 support.
INFO:faiss.loader:Loading faiss with AVX2 support.
INFO:faiss.loader:Successfully loaded faiss with AVX2 support.
INFO:faiss.loader:Loading faiss with AVX2 support.
INFO:faiss.loader:Successfully loaded faiss with AVX2 support.
INFO:faiss.loader:Loading faiss with AVX2 support.
INFO:faiss.loader:Successfully loaded faiss with AVX2 support.
INFO:faiss.loader:Loading faiss with AVX2 support.
INFO:faiss.loader:Successfully loaded faiss with AVX2 support.
INFO:faiss.loader:Loading faiss with AVX2 support.
INFO:faiss.loader:Successfully loaded faiss with AVX2 support.
INFO:root:[2,     0/ 2775] - train_losses - Parent Class: 0.0000 - Children class: 11.2669 -Autoencoder Loss (total): 1265.4253 - Reconstruction/K-Means Loss: [0.0000 / 1265.4253] - Consistency Loss: [0.0000] - VICReg Loss: [24.5683][wd: 5.03e-02] [lr: 1.00e-02] [autoencoder lr: 0.00e+00][mem: 6.62e+04] (1609.8 ms)
INFO:root:[2,     0] grad_stats: [4.28e-03 4.28e-05] (1.73e-05, 3.99e+00)
INFO:root:[2,    50/ 2775] - train_losses - Parent Class: 0.0000 - Children class: 9.8391 -Autoencoder Loss (total): 267.8902 - Reconstruction/K-Means Loss: [0.0000 / 267.8902] - Consistency Loss: [0.0000] - VICReg Loss: [24.6988][wd: 5.04e-02] [lr: 1.00e-02] [autoencoder lr: 0.00e+00][mem: 6.62e+04] (1398.9 ms)
INFO:root:[2,    50] grad_stats: [2.18e-03 1.01e-05] (5.74e-06, 4.37e+00)
/home/rtcalumby/miniconda3/envs/py382/lib/python3.12/site-packages/PIL/Image.py:3218: DecompressionBombWarning: Image size (108000000 pixels) exceeds limit of 89478485 pixels, could be decompression bomb DOS attack.
  warnings.warn(
/home/rtcalumby/miniconda3/envs/py382/lib/python3.12/site-packages/PIL/Image.py:3218: DecompressionBombWarning: Image size (108000000 pixels) exceeds limit of 89478485 pixels, could be decompression bomb DOS attack.
  warnings.warn(
/home/rtcalumby/miniconda3/envs/py382/lib/python3.12/site-packages/PIL/Image.py:3218: DecompressionBombWarning: Image size (90902240 pixels) exceeds limit of 89478485 pixels, could be decompression bomb DOS attack.
  warnings.warn(
INFO:root:[2,   100/ 2775] - train_losses - Parent Class: 0.0000 - Children class: 9.4902 -Autoencoder Loss (total): 153.5029 - Reconstruction/K-Means Loss: [0.0000 / 153.5029] - Consistency Loss: [0.0000] - VICReg Loss: [24.7142][wd: 5.04e-02] [lr: 1.00e-02] [autoencoder lr: 0.00e+00][mem: 6.62e+04] (1390.3 ms)
INFO:root:[2,   100] grad_stats: [4.40e-04 4.20e-06] (3.07e-06, 4.07e+00)
INFO:root:[2,   150/ 2775] - train_losses - Parent Class: 0.0000 - Children class: 9.2914 -Autoencoder Loss (total): 109.9547 - Reconstruction/K-Means Loss: [0.0000 / 109.9547] - Consistency Loss: [0.0000] - VICReg Loss: [24.7176][wd: 5.04e-02] [lr: 1.00e-02] [autoencoder lr: 0.00e+00][mem: 6.62e+04] (1388.8 ms)
INFO:root:[2,   150] grad_stats: [2.32e-03 3.56e-06] (8.95e-07, 4.12e+00)
INFO:root:[2,   200/ 2775] - train_losses - Parent Class: 0.0000 - Children class: 9.1441 -Autoencoder Loss (total): 86.4692 - Reconstruction/K-Means Loss: [0.0000 / 86.4692] - Consistency Loss: [0.0000] - VICReg Loss: [24.7215][wd: 5.04e-02] [lr: 1.00e-02] [autoencoder lr: 0.00e+00][mem: 6.62e+04] (1387.4 ms)
INFO:root:[2,   200] grad_stats: [1.08e-03 6.28e-06] (3.82e-06, 4.12e+00)
INFO:root:[2,   250/ 2775] - train_losses - Parent Class: 0.0000 - Children class: 9.0421 -Autoencoder Loss (total): 71.9261 - Reconstruction/K-Means Loss: [0.0000 / 71.9261] - Consistency Loss: [0.0000] - VICReg Loss: [24.7234][wd: 5.04e-02] [lr: 1.00e-02] [autoencoder lr: 0.00e+00][mem: 6.62e+04] (1387.3 ms)
INFO:root:[2,   250] grad_stats: [1.71e-03 6.30e-06] (3.36e-06, 3.86e+00)
INFO:root:[2,   300/ 2775] - train_losses - Parent Class: 0.0000 - Children class: 8.9593 -Autoencoder Loss (total): 61.8264 - Reconstruction/K-Means Loss: [0.0000 / 61.8264] - Consistency Loss: [0.0000] - VICReg Loss: [24.7239][wd: 5.04e-02] [lr: 1.00e-02] [autoencoder lr: 0.00e+00][mem: 6.62e+04] (1387.2 ms)
INFO:root:[2,   300] grad_stats: [5.83e-04 3.45e-06] (2.17e-06, 4.04e+00)
INFO:root:[2,   350/ 2775] - train_losses - Parent Class: 0.0000 - Children class: 8.8796 -Autoencoder Loss (total): 54.5409 - Reconstruction/K-Means Loss: [0.0000 / 54.5409] - Consistency Loss: [0.0000] - VICReg Loss: [24.7239][wd: 5.04e-02] [lr: 1.00e-02] [autoencoder lr: 0.00e+00][mem: 6.62e+04] (1387.2 ms)
INFO:root:[2,   350] grad_stats: [3.51e-04 4.87e-06] (2.79e-06, 3.80e+00)
INFO:root:[2,   400/ 2775] - train_losses - Parent Class: 0.0000 - Children class: 8.8224 -Autoencoder Loss (total): 49.0334 - Reconstruction/K-Means Loss: [0.0000 / 49.0334] - Consistency Loss: [0.0000] - VICReg Loss: [24.7229][wd: 5.05e-02] [lr: 1.00e-02] [autoencoder lr: 0.00e+00][mem: 6.62e+04] (1387.2 ms)
INFO:root:[2,   400] grad_stats: [7.96e-04 5.30e-06] (3.34e-06, 3.97e+00)
INFO:root:[2,   450/ 2775] - train_losses - Parent Class: 0.0000 - Children class: 8.7665 -Autoencoder Loss (total): 44.7372 - Reconstruction/K-Means Loss: [0.0000 / 44.7372] - Consistency Loss: [0.0000] - VICReg Loss: [24.7222][wd: 5.05e-02] [lr: 1.00e-02] [autoencoder lr: 0.00e+00][mem: 6.62e+04] (1387.3 ms)
INFO:root:[2,   450] grad_stats: [1.19e-03 2.43e-06] (1.78e-06, 3.94e+00)
INFO:root:[2,   500/ 2775] - train_losses - Parent Class: 0.0000 - Children class: 8.7250 -Autoencoder Loss (total): 41.3032 - Reconstruction/K-Means Loss: [0.0000 / 41.3032] - Consistency Loss: [0.0000] - VICReg Loss: [24.7222][wd: 5.05e-02] [lr: 1.00e-02] [autoencoder lr: 0.00e+00][mem: 6.62e+04] (1387.9 ms)
INFO:root:[2,   500] grad_stats: [2.92e-04 1.91e-06] (1.27e-06, 3.85e+00)
INFO:root:[2,   550/ 2775] - train_losses - Parent Class: 0.0000 - Children class: 8.6821 -Autoencoder Loss (total): 38.4763 - Reconstruction/K-Means Loss: [0.0000 / 38.4763] - Consistency Loss: [0.0000] - VICReg Loss: [24.7217][wd: 5.05e-02] [lr: 1.00e-02] [autoencoder lr: 0.00e+00][mem: 6.62e+04] (1388.2 ms)
INFO:root:[2,   550] grad_stats: [4.70e-04 3.46e-06] (2.01e-06, 3.64e+00)
INFO:root:[2,   600/ 2775] - train_losses - Parent Class: 0.0000 - Children class: 8.6477 -Autoencoder Loss (total): 36.1299 - Reconstruction/K-Means Loss: [0.0000 / 36.1299] - Consistency Loss: [0.0000] - VICReg Loss: [24.7211][wd: 5.05e-02] [lr: 1.00e-02] [autoencoder lr: 0.00e+00][mem: 6.62e+04] (1388.7 ms)
INFO:root:[2,   600] grad_stats: [6.58e-04 1.49e-06] (1.24e-06, 3.93e+00)
INFO:root:[2,   650/ 2775] - train_losses - Parent Class: 0.0000 - Children class: 8.6198 -Autoencoder Loss (total): 34.1367 - Reconstruction/K-Means Loss: [0.0000 / 34.1367] - Consistency Loss: [0.0000] - VICReg Loss: [24.7211][wd: 5.05e-02] [lr: 1.00e-02] [autoencoder lr: 0.00e+00][mem: 6.62e+04] (1389.5 ms)
INFO:root:[2,   650] grad_stats: [2.88e-03 1.98e-06] (1.05e-06, 3.88e+00)
INFO:root:[2,   700/ 2775] - train_losses - Parent Class: 0.0000 - Children class: 8.5901 -Autoencoder Loss (total): 32.4176 - Reconstruction/K-Means Loss: [0.0000 / 32.4176] - Consistency Loss: [0.0000] - VICReg Loss: [24.7211][wd: 5.05e-02] [lr: 1.00e-02] [autoencoder lr: 0.00e+00][mem: 6.62e+04] (1390.2 ms)
INFO:root:[2,   700] grad_stats: [6.94e-02 2.87e-06] (1.83e-06, 3.79e+00)
INFO:root:[2,   750/ 2775] - train_losses - Parent Class: 0.0000 - Children class: 8.5641 -Autoencoder Loss (total): 30.9334 - Reconstruction/K-Means Loss: [0.0000 / 30.9334] - Consistency Loss: [0.0000] - VICReg Loss: [24.7221][wd: 5.06e-02] [lr: 1.00e-02] [autoencoder lr: 0.00e+00][mem: 6.62e+04] (1391.1 ms)
INFO:root:[2,   750] grad_stats: [5.28e-03 3.66e-06] (2.17e-06, 3.70e+00)
INFO:root:[2,   800/ 2775] - train_losses - Parent Class: 0.0000 - Children class: 8.5378 -Autoencoder Loss (total): 29.6382 - Reconstruction/K-Means Loss: [0.0000 / 29.6382] - Consistency Loss: [0.0000] - VICReg Loss: [24.7234][wd: 5.06e-02] [lr: 1.00e-02] [autoencoder lr: 0.00e+00][mem: 6.62e+04] (1391.8 ms)
INFO:root:[2,   800] grad_stats: [1.63e-02 8.27e-07] (7.19e-07, 3.62e+00)
INFO:root:[2,   850/ 2775] - train_losses - Parent Class: 0.0000 - Children class: 8.5190 -Autoencoder Loss (total): 28.4876 - Reconstruction/K-Means Loss: [0.0000 / 28.4876] - Consistency Loss: [0.0000] - VICReg Loss: [24.7237][wd: 5.06e-02] [lr: 1.00e-02] [autoencoder lr: 0.00e+00][mem: 6.62e+04] (1392.5 ms)
INFO:root:[2,   850] grad_stats: [1.08e-03 1.53e-06] (1.10e-06, 3.61e+00)
INFO:root:[2,   900/ 2775] - train_losses - Parent Class: 0.0000 - Children class: 8.5000 -Autoencoder Loss (total): 27.4676 - Reconstruction/K-Means Loss: [0.0000 / 27.4676] - Consistency Loss: [0.0000] - VICReg Loss: [24.7246][wd: 5.06e-02] [lr: 1.00e-02] [autoencoder lr: 0.00e+00][mem: 6.62e+04] (1393.3 ms)
INFO:root:[2,   900] grad_stats: [5.90e-03 3.53e-06] (1.85e-06, 3.64e+00)
/home/rtcalumby/miniconda3/envs/py382/lib/python3.12/site-packages/PIL/Image.py:3218: DecompressionBombWarning: Image size (108000000 pixels) exceeds limit of 89478485 pixels, could be decompression bomb DOS attack.
  warnings.warn(
INFO:root:[2,   950/ 2775] - train_losses - Parent Class: 0.0000 - Children class: 8.4811 -Autoencoder Loss (total): 26.5577 - Reconstruction/K-Means Loss: [0.0000 / 26.5577] - Consistency Loss: [0.0000] - VICReg Loss: [24.7249][wd: 5.06e-02] [lr: 1.00e-02] [autoencoder lr: 0.00e+00][mem: 6.62e+04] (1394.1 ms)
INFO:root:[2,   950] grad_stats: [3.46e-03 3.65e-06] (2.05e-06, 3.84e+00)
INFO:root:[2,  1000/ 2775] - train_losses - Parent Class: 0.0000 - Children class: 8.4638 -Autoencoder Loss (total): 25.7392 - Reconstruction/K-Means Loss: [0.0000 / 25.7392] - Consistency Loss: [0.0000] - VICReg Loss: [24.7249][wd: 5.06e-02] [lr: 1.00e-02] [autoencoder lr: 0.00e+00][mem: 6.62e+04] (1394.9 ms)
INFO:root:[2,  1000] grad_stats: [1.89e-02 2.28e-06] (1.20e-06, 3.76e+00)
INFO:root:[2,  1050/ 2775] - train_losses - Parent Class: 0.0000 - Children class: 8.4474 -Autoencoder Loss (total): 24.9917 - Reconstruction/K-Means Loss: [0.0000 / 24.9917] - Consistency Loss: [0.0000] - VICReg Loss: [24.7252][wd: 5.07e-02] [lr: 1.00e-02] [autoencoder lr: 0.00e+00][mem: 6.62e+04] (1395.7 ms)
INFO:root:[2,  1050] grad_stats: [1.83e-02 1.93e-06] (1.26e-06, 3.95e+00)
INFO:root:[2,  1100/ 2775] - train_losses - Parent Class: 0.0000 - Children class: 8.4314 -Autoencoder Loss (total): 24.3135 - Reconstruction/K-Means Loss: [0.0000 / 24.3135] - Consistency Loss: [0.0000] - VICReg Loss: [24.7255][wd: 5.07e-02] [lr: 1.00e-02] [autoencoder lr: 0.00e+00][mem: 6.62e+04] (1396.4 ms)
INFO:root:[2,  1100] grad_stats: [8.34e-03 9.49e-07] (9.26e-07, 3.78e+00)
INFO:root:[2,  1150/ 2775] - train_losses - Parent Class: 0.0000 - Children class: 8.4178 -Autoencoder Loss (total): 23.6917 - Reconstruction/K-Means Loss: [0.0000 / 23.6917] - Consistency Loss: [0.0000] - VICReg Loss: [24.7256][wd: 5.07e-02] [lr: 1.00e-02] [autoencoder lr: 0.00e+00][mem: 6.62e+04] (1397.1 ms)
INFO:root:[2,  1150] grad_stats: [1.00e-01 2.12e-06] (1.06e-06, 3.73e+00)
INFO:root:[2,  1200/ 2775] - train_losses - Parent Class: 0.0000 - Children class: 8.4056 -Autoencoder Loss (total): 23.1254 - Reconstruction/K-Means Loss: [0.0000 / 23.1254] - Consistency Loss: [0.0000] - VICReg Loss: [24.7258][wd: 5.07e-02] [lr: 1.00e-02] [autoencoder lr: 0.00e+00][mem: 6.62e+04] (1398.0 ms)
INFO:root:[2,  1200] grad_stats: [7.51e-03 2.75e-06] (1.32e-06, 3.77e+00)
INFO:root:[2,  1250/ 2775] - train_losses - Parent Class: 0.0000 - Children class: 8.3931 -Autoencoder Loss (total): 22.6106 - Reconstruction/K-Means Loss: [0.0000 / 22.6106] - Consistency Loss: [0.0000] - VICReg Loss: [24.7257][wd: 5.07e-02] [lr: 1.00e-02] [autoencoder lr: 0.00e+00][mem: 6.62e+04] (1398.9 ms)
INFO:root:[2,  1250] grad_stats: [2.83e-02 2.76e-06] (1.79e-06, 3.85e+00)
/home/rtcalumby/miniconda3/envs/py382/lib/python3.12/site-packages/PIL/Image.py:3218: DecompressionBombWarning: Image size (108000000 pixels) exceeds limit of 89478485 pixels, could be decompression bomb DOS attack.
  warnings.warn(
INFO:root:[2,  1300/ 2775] - train_losses - Parent Class: 0.0000 - Children class: 8.3803 -Autoencoder Loss (total): 22.1336 - Reconstruction/K-Means Loss: [0.0000 / 22.1336] - Consistency Loss: [0.0000] - VICReg Loss: [24.7256][wd: 5.07e-02] [lr: 1.00e-02] [autoencoder lr: 0.00e+00][mem: 6.62e+04] (1399.7 ms)
INFO:root:[2,  1300] grad_stats: [2.36e-02 1.84e-06] (9.57e-07, 3.72e+00)
INFO:root:[2,  1350/ 2775] - train_losses - Parent Class: 0.0000 - Children class: 8.3699 -Autoencoder Loss (total): 21.6842 - Reconstruction/K-Means Loss: [0.0000 / 21.6842] - Consistency Loss: [0.0000] - VICReg Loss: [24.7253][wd: 5.08e-02] [lr: 1.00e-02] [autoencoder lr: 0.00e+00][mem: 6.62e+04] (1400.5 ms)
INFO:root:[2,  1350] grad_stats: [4.36e-02 8.18e-07] (5.89e-07, 3.80e+00)
INFO:root:[2,  1400/ 2775] - train_losses - Parent Class: 0.0000 - Children class: 8.3590 -Autoencoder Loss (total): 21.2713 - Reconstruction/K-Means Loss: [0.0000 / 21.2713] - Consistency Loss: [0.0000] - VICReg Loss: [24.7249][wd: 5.08e-02] [lr: 1.00e-02] [autoencoder lr: 0.00e+00][mem: 6.62e+04] (1401.2 ms)
INFO:root:[2,  1400] grad_stats: [3.86e-03 1.49e-06] (9.36e-07, 3.73e+00)
INFO:root:[2,  1450/ 2775] - train_losses - Parent Class: 0.0000 - Children class: 8.3489 -Autoencoder Loss (total): 20.8884 - Reconstruction/K-Means Loss: [0.0000 / 20.8884] - Consistency Loss: [0.0000] - VICReg Loss: [24.7244][wd: 5.08e-02] [lr: 1.00e-02] [autoencoder lr: 0.00e+00][mem: 6.62e+04] (1401.9 ms)
INFO:root:[2,  1450] grad_stats: [3.36e-03 1.44e-06] (9.67e-07, 3.84e+00)
INFO:root:[2,  1500/ 2775] - train_losses - Parent Class: 0.0000 - Children class: 8.3380 -Autoencoder Loss (total): 20.5258 - Reconstruction/K-Means Loss: [0.0000 / 20.5258] - Consistency Loss: [0.0000] - VICReg Loss: [24.7238][wd: 5.08e-02] [lr: 1.00e-02] [autoencoder lr: 0.00e+00][mem: 6.62e+04] (1402.8 ms)
INFO:root:[2,  1500] grad_stats: [4.80e-03 2.44e-06] (1.48e-06, 3.87e+00)
INFO:root:[2,  1550/ 2775] - train_losses - Parent Class: 0.0000 - Children class: 8.3284 -Autoencoder Loss (total): 20.1930 - Reconstruction/K-Means Loss: [0.0000 / 20.1930] - Consistency Loss: [0.0000] - VICReg Loss: [24.7233][wd: 5.08e-02] [lr: 1.00e-02] [autoencoder lr: 0.00e+00][mem: 6.62e+04] (1403.5 ms)
INFO:root:[2,  1550] grad_stats: [1.25e-02 1.13e-06] (1.05e-06, 3.63e+00)
INFO:root:[2,  1600/ 2775] - train_losses - Parent Class: 0.0000 - Children class: 8.3198 -Autoencoder Loss (total): 19.8799 - Reconstruction/K-Means Loss: [0.0000 / 19.8799] - Consistency Loss: [0.0000] - VICReg Loss: [24.7230][wd: 5.09e-02] [lr: 1.00e-02] [autoencoder lr: 0.00e+00][mem: 6.62e+04] (1404.3 ms)
INFO:root:[2,  1600] grad_stats: [1.35e-03 4.07e-06] (1.66e-06, 3.97e+00)
INFO:root:[2,  1650/ 2775] - train_losses - Parent Class: 0.0000 - Children class: 8.3116 -Autoencoder Loss (total): 19.5863 - Reconstruction/K-Means Loss: [0.0000 / 19.5863] - Consistency Loss: [0.0000] - VICReg Loss: [24.7227][wd: 5.09e-02] [lr: 1.00e-02] [autoencoder lr: 0.00e+00][mem: 6.62e+04] (1405.1 ms)
INFO:root:[2,  1650] grad_stats: [3.38e-03 8.21e-07] (8.21e-07, 3.82e+00)
INFO:root:[2,  1700/ 2775] - train_losses - Parent Class: 0.0000 - Children class: 8.3031 -Autoencoder Loss (total): 19.3082 - Reconstruction/K-Means Loss: [0.0000 / 19.3082] - Consistency Loss: [0.0000] - VICReg Loss: [24.7222][wd: 5.09e-02] [lr: 1.00e-02] [autoencoder lr: 0.00e+00][mem: 6.62e+04] (1405.8 ms)
INFO:root:[2,  1700] grad_stats: [1.78e-03 7.72e-07] (6.57e-07, 3.81e+00)
INFO:root:[2,  1750/ 2775] - train_losses - Parent Class: 0.0000 - Children class: 8.2947 -Autoencoder Loss (total): 19.0475 - Reconstruction/K-Means Loss: [0.0000 / 19.0475] - Consistency Loss: [0.0000] - VICReg Loss: [24.7217][wd: 5.09e-02] [lr: 1.00e-02] [autoencoder lr: 0.00e+00][mem: 6.62e+04] (1406.6 ms)
INFO:root:[2,  1750] grad_stats: [1.83e-03 1.47e-06] (9.52e-07, 3.80e+00)
INFO:root:[2,  1800/ 2775] - train_losses - Parent Class: 0.0000 - Children class: 8.2877 -Autoencoder Loss (total): 18.8000 - Reconstruction/K-Means Loss: [0.0000 / 18.8000] - Consistency Loss: [0.0000] - VICReg Loss: [24.7211][wd: 5.09e-02] [lr: 1.00e-02] [autoencoder lr: 0.00e+00][mem: 6.62e+04] (1407.3 ms)
INFO:root:[2,  1800] grad_stats: [2.04e-03 7.45e-07] (6.80e-07, 3.74e+00)
INFO:root:[2,  1850/ 2775] - train_losses - Parent Class: 0.0000 - Children class: 8.2796 -Autoencoder Loss (total): 18.5688 - Reconstruction/K-Means Loss: [0.0000 / 18.5688] - Consistency Loss: [0.0000] - VICReg Loss: [24.7207][wd: 5.10e-02] [lr: 1.00e-02] [autoencoder lr: 0.00e+00][mem: 6.62e+04] (1408.1 ms)
INFO:root:[2,  1850] grad_stats: [4.53e-03 8.91e-07] (5.49e-07, 3.59e+00)
INFO:root:[2,  1900/ 2775] - train_losses - Parent Class: 0.0000 - Children class: 8.2734 -Autoencoder Loss (total): 18.3510 - Reconstruction/K-Means Loss: [0.0000 / 18.3510] - Consistency Loss: [0.0000] - VICReg Loss: [24.7205][wd: 5.10e-02] [lr: 1.00e-02] [autoencoder lr: 0.00e+00][mem: 6.62e+04] (1408.8 ms)
INFO:root:[2,  1900] grad_stats: [3.16e-03 7.46e-07] (4.63e-07, 3.70e+00)
INFO:root:[2,  1950/ 2775] - train_losses - Parent Class: 0.0000 - Children class: 8.2671 -Autoencoder Loss (total): 18.1399 - Reconstruction/K-Means Loss: [0.0000 / 18.1399] - Consistency Loss: [0.0000] - VICReg Loss: [24.7205][wd: 5.10e-02] [lr: 1.00e-02] [autoencoder lr: 0.00e+00][mem: 6.62e+04] (1409.6 ms)
INFO:root:[2,  1950] grad_stats: [5.08e-03 1.49e-06] (6.61e-07, 3.74e+00)
INFO:root:[2,  2000/ 2775] - train_losses - Parent Class: 0.0000 - Children class: 8.2608 -Autoencoder Loss (total): 17.9393 - Reconstruction/K-Means Loss: [0.0000 / 17.9393] - Consistency Loss: [0.0000] - VICReg Loss: [24.7200][wd: 5.10e-02] [lr: 1.00e-02] [autoencoder lr: 0.00e+00][mem: 6.62e+04] (1410.3 ms)
INFO:root:[2,  2000] grad_stats: [1.60e-03 1.52e-06] (7.81e-07, 3.85e+00)
INFO:root:[2,  2050/ 2775] - train_losses - Parent Class: 0.0000 - Children class: 8.2555 -Autoencoder Loss (total): 17.7505 - Reconstruction/K-Means Loss: [0.0000 / 17.7505] - Consistency Loss: [0.0000] - VICReg Loss: [24.7198][wd: 5.10e-02] [lr: 1.00e-02] [autoencoder lr: 0.00e+00][mem: 6.62e+04] (1411.1 ms)
INFO:root:[2,  2050] grad_stats: [1.15e-02 7.74e-07] (4.17e-07, 3.94e+00)
INFO:root:[2,  2100/ 2775] - train_losses - Parent Class: 0.0000 - Children class: 8.2492 -Autoencoder Loss (total): 17.5679 - Reconstruction/K-Means Loss: [0.0000 / 17.5679] - Consistency Loss: [0.0000] - VICReg Loss: [24.7199][wd: 5.11e-02] [lr: 1.00e-02] [autoencoder lr: 0.00e+00][mem: 6.62e+04] (1412.0 ms)
INFO:root:[2,  2100] grad_stats: [5.07e-03 1.15e-06] (5.27e-07, 3.73e+00)
INFO:root:[2,  2150/ 2775] - train_losses - Parent Class: 0.0000 - Children class: 8.2441 -Autoencoder Loss (total): 17.3994 - Reconstruction/K-Means Loss: [0.0000 / 17.3994] - Consistency Loss: [0.0000] - VICReg Loss: [24.7201][wd: 5.11e-02] [lr: 1.00e-02] [autoencoder lr: 0.00e+00][mem: 6.62e+04] (1412.7 ms)
INFO:root:[2,  2150] grad_stats: [9.76e-03 2.66e-07] (1.93e-07, 3.74e+00)
INFO:root:[2,  2200/ 2775] - train_losses - Parent Class: 0.0000 - Children class: 8.2387 -Autoencoder Loss (total): 17.2311 - Reconstruction/K-Means Loss: [0.0000 / 17.2311] - Consistency Loss: [0.0000] - VICReg Loss: [24.7204][wd: 5.11e-02] [lr: 1.00e-02] [autoencoder lr: 0.00e+00][mem: 6.62e+04] (1413.4 ms)
INFO:root:[2,  2200] grad_stats: [1.54e-02 3.29e-07] (1.61e-07, 3.65e+00)
INFO:root:[2,  2250/ 2775] - train_losses - Parent Class: 0.0000 - Children class: 8.2329 -Autoencoder Loss (total): 17.0738 - Reconstruction/K-Means Loss: [0.0000 / 17.0738] - Consistency Loss: [0.0000] - VICReg Loss: [24.7205][wd: 5.11e-02] [lr: 1.00e-02] [autoencoder lr: 0.00e+00][mem: 6.62e+04] (1414.1 ms)
INFO:root:[2,  2250] grad_stats: [2.16e-02 1.21e-06] (5.12e-07, 3.78e+00)
INFO:root:[2,  2300/ 2775] - train_losses - Parent Class: 0.0000 - Children class: 8.2292 -Autoencoder Loss (total): 16.9246 - Reconstruction/K-Means Loss: [0.0000 / 16.9246] - Consistency Loss: [0.0000] - VICReg Loss: [24.7207][wd: 5.12e-02] [lr: 1.00e-02] [autoencoder lr: 0.00e+00][mem: 6.62e+04] (1414.9 ms)
INFO:root:[2,  2300] grad_stats: [5.52e-03 1.36e-06] (4.40e-07, 3.89e+00)
INFO:root:[2,  2350/ 2775] - train_losses - Parent Class: 0.0000 - Children class: 8.2244 -Autoencoder Loss (total): 16.7788 - Reconstruction/K-Means Loss: [0.0000 / 16.7788] - Consistency Loss: [0.0000] - VICReg Loss: [24.7209][wd: 5.12e-02] [lr: 1.00e-02] [autoencoder lr: 0.00e+00][mem: 6.62e+04] (1415.6 ms)
INFO:root:[2,  2350] grad_stats: [8.19e-03 3.10e-07] (1.56e-07, 3.82e+00)
INFO:root:[2,  2400/ 2775] - train_losses - Parent Class: 0.0000 - Children class: 8.2194 -Autoencoder Loss (total): 16.6402 - Reconstruction/K-Means Loss: [0.0000 / 16.6402] - Consistency Loss: [0.0000] - VICReg Loss: [24.7209][wd: 5.12e-02] [lr: 1.00e-02] [autoencoder lr: 0.00e+00][mem: 6.62e+04] (1416.6 ms)
INFO:root:[2,  2400] grad_stats: [2.51e-03 6.75e-07] (2.51e-07, 3.74e+00)
INFO:root:[2,  2450/ 2775] - train_losses - Parent Class: 0.0000 - Children class: 8.2157 -Autoencoder Loss (total): 16.5091 - Reconstruction/K-Means Loss: [0.0000 / 16.5091] - Consistency Loss: [0.0000] - VICReg Loss: [24.7210][wd: 5.12e-02] [lr: 1.00e-02] [autoencoder lr: 0.00e+00][mem: 6.62e+04] (1417.3 ms)
INFO:root:[2,  2450] grad_stats: [3.62e-03 3.49e-07] (2.37e-07, 4.01e+00)
INFO:root:[2,  2500/ 2775] - train_losses - Parent Class: 0.0000 - Children class: 8.2105 -Autoencoder Loss (total): 16.3817 - Reconstruction/K-Means Loss: [0.0000 / 16.3817] - Consistency Loss: [0.0000] - VICReg Loss: [24.7210][wd: 5.12e-02] [lr: 1.00e-02] [autoencoder lr: 0.00e+00][mem: 6.62e+04] (1418.2 ms)
INFO:root:[2,  2500] grad_stats: [7.05e-04 3.85e-07] (1.70e-07, 3.77e+00)
INFO:root:[2,  2550/ 2775] - train_losses - Parent Class: 0.0000 - Children class: 8.2065 -Autoencoder Loss (total): 16.2579 - Reconstruction/K-Means Loss: [0.0000 / 16.2579] - Consistency Loss: [0.0000] - VICReg Loss: [24.7209][wd: 5.13e-02] [lr: 1.00e-02] [autoencoder lr: 0.00e+00][mem: 6.62e+04] (1419.1 ms)
INFO:root:[2,  2550] grad_stats: [9.12e-03 2.09e-07] (1.72e-07, 4.00e+00)
INFO:root:[2,  2600/ 2775] - train_losses - Parent Class: 0.0000 - Children class: 8.2022 -Autoencoder Loss (total): 16.1392 - Reconstruction/K-Means Loss: [0.0000 / 16.1392] - Consistency Loss: [0.0000] - VICReg Loss: [24.7208][wd: 5.13e-02] [lr: 1.00e-02] [autoencoder lr: 0.00e+00][mem: 6.62e+04] (1419.9 ms)
INFO:root:[2,  2600] grad_stats: [1.65e-03 3.19e-07] (1.91e-07, 3.46e+00)
INFO:root:[2,  2650/ 2775] - train_losses - Parent Class: 0.0000 - Children class: 8.1980 -Autoencoder Loss (total): 16.0286 - Reconstruction/K-Means Loss: [0.0000 / 16.0286] - Consistency Loss: [0.0000] - VICReg Loss: [24.7207][wd: 5.13e-02] [lr: 1.00e-02] [autoencoder lr: 0.00e+00][mem: 6.62e+04] (1420.6 ms)
INFO:root:[2,  2650] grad_stats: [2.85e-03 1.22e-06] (4.54e-07, 3.69e+00)
INFO:root:[2,  2700/ 2775] - train_losses - Parent Class: 0.0000 - Children class: 8.1941 -Autoencoder Loss (total): 15.9206 - Reconstruction/K-Means Loss: [0.0000 / 15.9206] - Consistency Loss: [0.0000] - VICReg Loss: [24.7205][wd: 5.13e-02] [lr: 1.00e-02] [autoencoder lr: 0.00e+00][mem: 6.62e+04] (1421.6 ms)
INFO:root:[2,  2700] grad_stats: [9.08e-03 2.20e-07] (1.25e-07, 3.58e+00)
INFO:root:[2,  2750/ 2775] - train_losses - Parent Class: 0.0000 - Children class: 8.1899 -Autoencoder Loss (total): 15.8137 - Reconstruction/K-Means Loss: [0.0000 / 15.8137] - Consistency Loss: [0.0000] - VICReg Loss: [24.7203][wd: 5.14e-02] [lr: 1.00e-02] [autoencoder lr: 0.00e+00][mem: 6.62e+04] (1422.4 ms)
INFO:root:[2,  2750] grad_stats: [2.56e-03 9.34e-07] (3.41e-07, 3.66e+00)
INFO:root:Asserting cache length
Avg no of empty clusters: 69.15087281795512
INFO:faiss.loader:Loading faiss with AVX2 support.
INFO:faiss.loader:Successfully loaded faiss with AVX2 support.
INFO:faiss.loader:Loading faiss with AVX2 support.
INFO:faiss.loader:Successfully loaded faiss with AVX2 support.
INFO:faiss.loader:Loading faiss with AVX2 support.
INFO:faiss.loader:Successfully loaded faiss with AVX2 support.
INFO:faiss.loader:Loading faiss with AVX2 support.
INFO:faiss.loader:Successfully loaded faiss with AVX2 support.
INFO:faiss.loader:Loading faiss with AVX2 support.
INFO:faiss.loader:Successfully loaded faiss with AVX2 support.
INFO:faiss.loader:Loading faiss with AVX2 support.
INFO:faiss.loader:Successfully loaded faiss with AVX2 support.
INFO:faiss.loader:Loading faiss with AVX2 support.
INFO:faiss.loader:Successfully loaded faiss with AVX2 support.
INFO:faiss.loader:Loading faiss with AVX2 support.
INFO:faiss.loader:Successfully loaded faiss with AVX2 support.
INFO:faiss.loader:Loading faiss with AVX2 support.
INFO:faiss.loader:Successfully loaded faiss with AVX2 support.
INFO:faiss.loader:Loading faiss with AVX2 support.
INFO:faiss.loader:Successfully loaded faiss with AVX2 support.
INFO:faiss.loader:Loading faiss with AVX2 support.
INFO:faiss.loader:Successfully loaded faiss with AVX2 support.
INFO:faiss.loader:Loading faiss with AVX2 support.
INFO:faiss.loader:Successfully loaded faiss with AVX2 support.
INFO:faiss.loader:Loading faiss with AVX2 support.
INFO:faiss.loader:Successfully loaded faiss with AVX2 support.
INFO:faiss.loader:Loading faiss with AVX2 support.
INFO:faiss.loader:Successfully loaded faiss with AVX2 support.
INFO:faiss.loader:Loading faiss with AVX2 support.
INFO:faiss.loader:Successfully loaded faiss with AVX2 support.
INFO:faiss.loader:Loading faiss with AVX2 support.
INFO:faiss.loader:Successfully loaded faiss with AVX2 support.
INFO:root:avg. train_loss 32.909
INFO:root:avg. test_loss 0.000 avg. Accuracy@1 0.108 - avg. Accuracy@5 0.000
INFO:root:Loss 32.5458
INFO:root:Epoch 3
INFO:faiss.loader:Loading faiss with AVX2 support.
INFO:faiss.loader:Successfully loaded faiss with AVX2 support.
INFO:faiss.loader:Loading faiss with AVX2 support.
INFO:faiss.loader:Successfully loaded faiss with AVX2 support.
INFO:faiss.loader:Loading faiss with AVX2 support.
INFO:faiss.loader:Successfully loaded faiss with AVX2 support.
INFO:faiss.loader:Loading faiss with AVX2 support.
INFO:faiss.loader:Successfully loaded faiss with AVX2 support.
INFO:faiss.loader:Loading faiss with AVX2 support.
INFO:faiss.loader:Successfully loaded faiss with AVX2 support.
INFO:faiss.loader:Loading faiss with AVX2 support.
INFO:faiss.loader:Successfully loaded faiss with AVX2 support.
INFO:faiss.loader:Loading faiss with AVX2 support.
INFO:faiss.loader:Successfully loaded faiss with AVX2 support.
INFO:faiss.loader:Loading faiss with AVX2 support.
INFO:faiss.loader:Successfully loaded faiss with AVX2 support.
INFO:faiss.loader:Loading faiss with AVX2 support.
INFO:faiss.loader:Successfully loaded faiss with AVX2 support.
INFO:faiss.loader:Loading faiss with AVX2 support.
INFO:faiss.loader:Successfully loaded faiss with AVX2 support.
INFO:faiss.loader:Loading faiss with AVX2 support.
INFO:faiss.loader:Successfully loaded faiss with AVX2 support.
INFO:faiss.loader:Loading faiss with AVX2 support.
INFO:faiss.loader:Successfully loaded faiss with AVX2 support.
INFO:faiss.loader:Loading faiss with AVX2 support.
INFO:faiss.loader:Successfully loaded faiss with AVX2 support.
INFO:faiss.loader:Loading faiss with AVX2 support.
INFO:faiss.loader:Successfully loaded faiss with AVX2 support.
INFO:faiss.loader:Loading faiss with AVX2 support.
INFO:faiss.loader:Successfully loaded faiss with AVX2 support.
INFO:faiss.loader:Loading faiss with AVX2 support.
INFO:faiss.loader:Successfully loaded faiss with AVX2 support.
INFO:root:[3,     0/ 2775] - train_losses - Parent Class: 0.0000 - Children class: 10.8783 -Autoencoder Loss (total): 3.1822 - Reconstruction/K-Means Loss: [0.0000 / 3.1822] - Consistency Loss: [0.0000] - VICReg Loss: [24.7060][wd: 5.14e-02] [lr: 1.00e-02] [autoencoder lr: 0.00e+00][mem: 6.62e+04] (1763.9 ms)
INFO:root:[3,     0] grad_stats: [3.46e-03 3.47e-06] (1.02e-06, 4.07e+00)
INFO:root:[3,    50/ 2775] - train_losses - Parent Class: 0.0000 - Children class: 10.1997 -Autoencoder Loss (total): 4.4413 - Reconstruction/K-Means Loss: [0.0000 / 4.4413] - Consistency Loss: [0.0000] - VICReg Loss: [24.7198][wd: 5.14e-02] [lr: 1.00e-02] [autoencoder lr: 0.00e+00][mem: 6.62e+04] (1427.6 ms)
INFO:root:[3,    50] grad_stats: [1.17e-03 4.64e-07] (2.35e-07, 4.40e+00)
INFO:root:[3,   100/ 2775] - train_losses - Parent Class: 0.0000 - Children class: 9.7690 -Autoencoder Loss (total): 4.6923 - Reconstruction/K-Means Loss: [0.0000 / 4.6923] - Consistency Loss: [0.0000] - VICReg Loss: [24.7213][wd: 5.14e-02] [lr: 1.00e-02] [autoencoder lr: 0.00e+00][mem: 6.62e+04] (1409.6 ms)
INFO:root:[3,   100] grad_stats: [5.24e-03 3.58e-07] (1.33e-07, 3.93e+00)
INFO:root:[3,   150/ 2775] - train_losses - Parent Class: 0.0000 - Children class: 9.5788 -Autoencoder Loss (total): 4.7738 - Reconstruction/K-Means Loss: [0.0000 / 4.7738] - Consistency Loss: [0.0000] - VICReg Loss: [24.7192][wd: 5.15e-02] [lr: 1.00e-02] [autoencoder lr: 0.00e+00][mem: 6.62e+04] (1405.1 ms)
INFO:root:[3,   150] grad_stats: [1.35e-01 2.01e-07] (1.30e-07, 3.94e+00)
INFO:root:[3,   200/ 2775] - train_losses - Parent Class: 0.0000 - Children class: 9.4330 -Autoencoder Loss (total): 4.8317 - Reconstruction/K-Means Loss: [0.0000 / 4.8317] - Consistency Loss: [0.0000] - VICReg Loss: [24.7207][wd: 5.15e-02] [lr: 1.00e-02] [autoencoder lr: 0.00e+00][mem: 6.62e+04] (1404.0 ms)
INFO:root:[3,   200] grad_stats: [9.84e-02 3.77e-07] (1.10e-07, 4.02e+00)
INFO:root:[3,   250/ 2775] - train_losses - Parent Class: 0.0000 - Children class: 9.3283 -Autoencoder Loss (total): 4.8207 - Reconstruction/K-Means Loss: [0.0000 / 4.8207] - Consistency Loss: [0.0000] - VICReg Loss: [24.7243][wd: 5.15e-02] [lr: 1.00e-02] [autoencoder lr: 0.00e+00][mem: 6.62e+04] (1403.4 ms)
INFO:root:[3,   250] grad_stats: [7.25e-01 3.24e-07] (1.09e-07, 4.14e+00)
INFO:root:[3,   300/ 2775] - train_losses - Parent Class: 0.0000 - Children class: 9.2381 -Autoencoder Loss (total): 4.8667 - Reconstruction/K-Means Loss: [0.0000 / 4.8667] - Consistency Loss: [0.0000] - VICReg Loss: [24.7276][wd: 5.15e-02] [lr: 1.00e-02] [autoencoder lr: 0.00e+00][mem: 6.62e+04] (1403.4 ms)
INFO:root:[3,   300] grad_stats: [2.18e+00 5.49e-07] (1.37e-07, 1.26e+01)
INFO:root:[3,   350/ 2775] - train_losses - Parent Class: 0.0000 - Children class: 9.1416 -Autoencoder Loss (total): 4.8756 - Reconstruction/K-Means Loss: [0.0000 / 4.8756] - Consistency Loss: [0.0000] - VICReg Loss: [24.7297][wd: 5.16e-02] [lr: 1.00e-02] [autoencoder lr: 0.00e+00][mem: 6.62e+04] (1403.4 ms)
INFO:root:[3,   350] grad_stats: [1.30e+01 7.82e-08] (3.74e-08, 3.54e+01)
INFO:root:[3,   400/ 2775] - train_losses - Parent Class: 0.0000 - Children class: 9.0663 -Autoencoder Loss (total): 4.8890 - Reconstruction/K-Means Loss: [0.0000 / 4.8890] - Consistency Loss: [0.0000] - VICReg Loss: [24.7311][wd: 5.16e-02] [lr: 1.00e-02] [autoencoder lr: 0.00e+00][mem: 6.62e+04] (1404.1 ms)
INFO:root:[3,   400] grad_stats: [1.18e+01 7.98e-08] (4.12e-08, 1.97e+01)
INFO:root:[3,   450/ 2775] - train_losses - Parent Class: 0.0000 - Children class: 9.0269 -Autoencoder Loss (total): 4.8685 - Reconstruction/K-Means Loss: [0.0000 / 4.8685] - Consistency Loss: [0.0000] - VICReg Loss: [24.7322][wd: 5.16e-02] [lr: 1.00e-02] [autoencoder lr: 0.00e+00][mem: 6.62e+04] (1404.7 ms)
INFO:root:[3,   450] grad_stats: [8.10e+00 7.54e-08] (5.96e-08, 4.53e+01)
INFO:root:[3,   500/ 2775] - train_losses - Parent Class: 0.0000 - Children class: 8.9820 -Autoencoder Loss (total): 4.8816 - Reconstruction/K-Means Loss: [0.0000 / 4.8816] - Consistency Loss: [0.0000] - VICReg Loss: [24.7338][wd: 5.16e-02] [lr: 1.00e-02] [autoencoder lr: 0.00e+00][mem: 6.62e+04] (1404.8 ms)
INFO:root:[3,   500] grad_stats: [4.19e+00 1.89e-07] (5.32e-08, 1.35e+01)
INFO:root:[3,   550/ 2775] - train_losses - Parent Class: 0.0000 - Children class: 8.9362 -Autoencoder Loss (total): 4.8770 - Reconstruction/K-Means Loss: [0.0000 / 4.8770] - Consistency Loss: [0.0000] - VICReg Loss: [24.7352][wd: 5.17e-02] [lr: 1.00e-02] [autoencoder lr: 0.00e+00][mem: 6.62e+04] (1405.2 ms)
INFO:root:[3,   550] grad_stats: [2.64e+00 2.28e-08] (1.04e-08, 1.01e+01)
INFO:root:[3,   600/ 2775] - train_losses - Parent Class: 0.0000 - Children class: 8.8929 -Autoencoder Loss (total): 4.8879 - Reconstruction/K-Means Loss: [0.0000 / 4.8879] - Consistency Loss: [0.0000] - VICReg Loss: [24.7363][wd: 5.17e-02] [lr: 1.00e-02] [autoencoder lr: 0.00e+00][mem: 6.62e+04] (1405.7 ms)
INFO:root:[3,   600] grad_stats: [3.78e+00 1.39e-07] (4.12e-08, 3.11e+01)
slurmstepd: error: *** JOB 5002 ON hgx CANCELLED AT 2025-02-11T21:52:14 ***
